
elastix is started at Mon May 23 17:56:14 2022.

which elastix:   /Users/sakinkirti/Programming/Python/CCIPD/racial-disparity-pca/code_matlab/elastix-5.0.0-mac/bin/elastix
elastix runs at: Sakins-MBP.hsd1.ca.comcast.net
  macOS 12.3.1 (x64), 21E258
  with 8192 MB memory, and 2 cores @ 2300 MHz.
-------------------------------------------------------------------------

Running elastix with parameter file 0: "/Users/sakinkirti/Programming/Python/CCIPD/racial-disparity-pca/code_matlab/rigid.txt".

Current time: Mon May 23 17:56:14 2022.
Reading the elastix parameters from file ...

Installing all components.
InstallingComponents was successful.

ELASTIX version: 5.000
Command line options from ElastixBase:
-f        /Users/sakinkirti/Programming/Python/CCIPD/racial-disparity-pca/dataset/to_nifti_cleaned/prostate-001029/T2W.nii.gz
-m        /Users/sakinkirti/Programming/Python/CCIPD/racial-disparity-pca/dataset/to_nifti_cleaned/prostate-001029/ADC.nii.gz
-fMask    unspecified, so no fixed mask used
-mMask    unspecified, so no moving mask used
-out      /Users/sakinkirti/Programming/Python/CCIPD/racial-disparity-pca/dataset/to_nifti_cleaned/prostate-001029/
-p        /Users/sakinkirti/Programming/Python/CCIPD/racial-disparity-pca/code_matlab/rigid.txt
-threads  unspecified, so all available threads are used
Command line options from TransformBase:
-t0       unspecified, so no initial transform used

=============== start of ParameterFile: /Users/sakinkirti/Programming/Python/CCIPD/racial-disparity-pca/code_matlab/rigid.txt ===============
// Example parameter file for rotation registration
// C-style comments: //

// The internal pixel type, used for internal computations
// Leave to float in general. 
// NB: this is not the type of the input images! The pixel 
// type of the input images is automatically read from the 
// images themselves.
// This setting can be changed to "short" to save some memory
// in case of very large 3D images.
(FixedInternalImagePixelType "float")
(MovingInternalImagePixelType "float")

// The dimensions of the fixed and moving image
// Up to elastix 4.5 this had to be specified by the user.
// From elastix 4.6, this is not necessary anymore.
//(FixedImageDimension 3)
//(MovingImageDimension 3)

// Specify whether you want to take into account the so-called
// direction cosines of the images. Recommended: true.
// In some cases, the direction cosines of the image are corrupt,
// due to image format conversions for example. In that case, you 
// may want to set this option to "false".
(UseDirectionCosines "false")

// **************** Main Components **************************

// The following components should usually be left as they are:
(Registration "MultiResolutionRegistration")
(Interpolator "BSplineInterpolator")
(ResampleInterpolator "FinalBSplineInterpolator")
(Resampler "DefaultResampler")

// These may be changed to Fixed/MovingSmoothingImagePyramid.
// See the manual.
(FixedImagePyramid "FixedRecursiveImagePyramid")
(MovingImagePyramid "MovingRecursiveImagePyramid")

// The following components are most important:
// The optimizer AdaptiveStochasticGradientDescent (ASGD) works
// quite ok in general. The Transform and Metric are important
// and need to be chosen careful for each application. See manual.
(Optimizer "AdaptiveStochasticGradientDescent")
(Transform "EulerTransform")
(Metric "AdvancedMattesMutualInformation")

// ***************** Transformation **************************

// Scales the rotations compared to the translations, to make
// sure they are in the same range. In general, it's best to  
// use automatic scales estimation:
(AutomaticScalesEstimation "true")

// Automatically guess an initial translation by aligning the
// geometric centers of the fixed and moving.
(AutomaticTransformInitialization "true")

// Whether transforms are combined by composition or by addition.
// In generally, Compose is the best option in most cases.
// It does not influence the results very much.
(HowToCombineTransforms "Compose")

// ******************* Similarity measure *********************

// Number of grey level bins in each resolution level,
// for the mutual information. 16 or 32 usually works fine.
// You could also employ a hierarchical strategy:
//(NumberOfHistogramBins 16 32 64)
(NumberOfHistogramBins 32)

// If you use a mask, this option is important. 
// If the mask serves as region of interest, set it to false.
// If the mask indicates which pixels are valid, then set it to true.
// If you do not use a mask, the option doesn't matter.
(ErodeMask "false")

// ******************** Multiresolution **********************

// The number of resolutions. 1 Is only enough if the expected
// deformations are small. 3 or 4 mostly works fine. For large
// images and large deformations, 5 or 6 may even be useful.
(NumberOfResolutions 1)

// The downsampling/blurring factors for the image pyramids.
// By default, the images are downsampled by a factor of 2
// compared to the next resolution.
// So, in 2D, with 4 resolutions, the following schedule is used:
//(ImagePyramidSchedule 8 8  4 4  2 2  1 1 )
// And in 3D:
//(ImagePyramidSchedule 8 8 8  4 4 4  2 2 2  1 1 1 )
// You can specify any schedule, for example:
//(ImagePyramidSchedule 4 4  4 3  2 1  1 1 )
// Make sure that the number of elements equals the number
// of resolutions times the image dimension.

// ******************* Optimizer ****************************

// Maximum number of iterations in each resolution level:
// 200-500 works usually fine for rigid registration.
// For more robustness, you may increase this to 1000-2000.
(MaximumNumberOfIterations 500)

// The step size of the optimizer, in mm. By default the voxel size is used.
// which usually works well. In case of unusual high-resolution images
// (eg histology) it is necessary to increase this value a bit, to the size
// of the "smallest visible structure" in the image:
//(MaximumStepLength 1.0)

// **************** Image sampling **********************

// Number of spatial samples used to compute the mutual
// information (and its derivative) in each iteration.
// With an AdaptiveStochasticGradientDescent optimizer,
// in combination with the two options below, around 2000
// samples may already suffice.
(NumberOfSpatialSamples 2000)

// Refresh these spatial samples in every iteration, and select
// them randomly. See the manual for information on other sampling
// strategies.
(NewSamplesEveryIteration "true")
(ImageSampler "Random")

// ************* Interpolation and Resampling ****************

// Order of B-Spline interpolation used during registration/optimisation.
// It may improve accuracy if you set this to 3. Never use 0.
// An order of 1 gives linear interpolation. This is in most 
// applications a good choice.
(BSplineInterpolationOrder 1)

// Order of B-Spline interpolation used for applying the final
// deformation.
// 3 gives good accuracy; recommended in most cases.
// 1 gives worse accuracy (linear interpolation)
// 0 gives worst accuracy, but is appropriate for binary images
// (masks, segmentations); equivalent to nearest neighbor interpolation.
(FinalBSplineInterpolationOrder 3)

//Default pixel value for pixels that come from outside the picture:
(DefaultPixelValue 0)

// Choose whether to generate the deformed moving image.
// You can save some time by setting this to false, if you are
// only interested in the final (nonrigidly) deformed moving image
// for example.
(WriteResultImage "true")

// The pixel type and format of the resulting deformed moving image
(ResultImagePixelType "short")
(ResultImageFormat "nii.gz")




=============== end of ParameterFile: /Users/sakinkirti/Programming/Python/CCIPD/racial-disparity-pca/code_matlab/rigid.txt ===============


Reading images...
Reading images took 69 ms.

WARNING: the fixed pyramid schedule is not fully specified!
  A default pyramid schedule is used.
WARNING: the moving pyramid schedule is not fully specified!
  A default pyramid schedule is used.
WARNING: The parameter "AutomaticTransformInitializationMethod", requested at entry number 0, does not exist at all.
  The default value "GeometricalCenter" is used instead.
Transform parameters are initialized as: [0, 0, 0, -3.6751813292503357, 5.992238104343414, -13.400634765625]
Scales are estimated automatically.
Scales for transform parameters are: [3391.2427368164062, 3391.2427368164062, 5481.9854736328125, 1, 1, 1]
Initialization of all components (before registration) took: 12 ms.
Preparation of the image pyramids took: 6 ms.

Resolution: 0
WARNING: The parameter "ShowExactMetricValue", requested at entry number 0, does not exist at all.
  The default value "false" is used instead.
WARNING: The parameter "CheckNumberOfSamples", requested at entry number 0, does not exist at all.
  The default value "true" is used instead.
WARNING: The parameter "UseMultiThreadingForMetrics", requested at entry number 0, does not exist at all.
  The default value "true" is used instead.
Setting the fixed masks took: 0 ms.
Setting the moving masks took: 0 ms.
WARNING: The parameter "NumberOfFixedHistogramBins", requested at entry number 0, does not exist at all.
  The default value "32" is used instead.
WARNING: The parameter "NumberOfMovingHistogramBins", requested at entry number 0, does not exist at all.
  The default value "32" is used instead.
WARNING: The parameter "FixedLimitRangeRatio", requested at entry number 0, does not exist at all.
  The default value "0.01" is used instead.
WARNING: The parameter "MovingLimitRangeRatio", requested at entry number 0, does not exist at all.
  The default value "0.01" is used instead.
WARNING: The parameter "FixedKernelBSplineOrder", requested at entry number 0, does not exist at all.
  The default value "0" is used instead.
WARNING: The parameter "MovingKernelBSplineOrder", requested at entry number 0, does not exist at all.
  The default value "3" is used instead.
WARNING: The parameter "UseFastAndLowMemoryVersion", requested at entry number 0, does not exist at all.
  The default value "true" is used instead.
WARNING: The parameter "UseJacobianPreconditioning", requested at entry number 0, does not exist at all.
  The default value "false" is used instead.
WARNING: The parameter "FiniteDifferenceDerivative", requested at entry number 0, does not exist at all.
  The default value "false" is used instead.
WARNING: The parameter "SP_A", requested at entry number 0, does not exist at all.
  The default value "20" is used instead.
WARNING: The parameter "MaximumNumberOfSamplingAttempts", requested at entry number 0, does not exist at all.
  The default value "0" is used instead.
WARNING: The parameter "SigmoidInitialTime", requested at entry number 0, does not exist at all.
  The default value "0" is used instead.
WARNING: The parameter "MaxBandCovSize", requested at entry number 0, does not exist at all.
  The default value "192" is used instead.
WARNING: The parameter "NumberOfBandStructureSamples", requested at entry number 0, does not exist at all.
  The default value "10" is used instead.
WARNING: The parameter "UseAdaptiveStepSizes", requested at entry number 0, does not exist at all.
  The default value "true" is used instead.
WARNING: The parameter "AutomaticParameterEstimation", requested at entry number 0, does not exist at all.
  The default value "true" is used instead.
WARNING: The parameter "UseConstantStep", requested at entry number 0, does not exist at all.
  The default value "false" is used instead.
WARNING: The parameter "MaximumStepLengthRatio", requested at entry number 0, does not exist at all.
  The default value "1" is used instead.
WARNING: The parameter "MaximumStepLength", requested at entry number 0, does not exist at all.
  The default value "1.15156" is used instead.
WARNING: The parameter "NumberOfGradientMeasurements", requested at entry number 0, does not exist at all.
  The default value "0" is used instead.
WARNING: The parameter "NumberOfJacobianMeasurements", requested at entry number 0, does not exist at all.
  The default value "1000" is used instead.
WARNING: The parameter "NumberOfSamplesForExactGradient", requested at entry number 0, does not exist at all.
  The default value "100000" is used instead.
WARNING: The parameter "SigmoidScaleFactor", requested at entry number 0, does not exist at all.
  The default value "0.1" is used instead.
Elastix initialization of all components (for this resolution) took: 2 ms.
  Computing the fixed image extrema took 9 ms.
  Computing the moving image extrema took 2 ms.
Initialization of AdvancedMattesMutualInformation metric took: 23 ms.
Starting automatic parameter estimation for AdaptiveStochasticGradientDescent ...
WARNING: The parameter "ASGDParameterEstimationMethod", requested at entry number 0, does not exist at all.
  The default value "Original" is used instead.
  Computing JacobianTerms ...
  Computing the Jacobian terms took 0.002513s
  NumberOfGradientMeasurements to estimate sigma_i: 6
  Sampling gradients ...
  Sampling the gradients took 0.470823s
Automatic parameter estimation took 0.47s
1:ItNr	2:Metric	3a:Time	3b:StepSize	4:||Gradient||	Time[ms]
0	-0.142213	0.000000	18.879356	0.008622	502.4
1	-0.127985	0.000000	18.879356	0.015772	5.1
2	-0.159661	0.000000	18.879356	0.015774	5.1
3	-0.136209	0.000000	18.879356	0.016577	6.7
4	-0.145342	0.000000	18.879356	0.015009	5.6
5	-0.136765	0.000000	18.879356	0.013161	6.0
6	-0.132706	0.000000	18.879356	0.015315	7.0
7	-0.140011	0.000000	18.879356	0.007412	3.7
8	-0.137219	0.000000	18.879356	0.008843	5.7
9	-0.150252	0.000000	18.879356	0.008714	6.3
10	-0.139629	0.000000	18.879356	0.011395	5.3
11	-0.152331	0.858581	18.137796	0.017431	5.0
12	-0.150433	0.182094	18.717058	0.012274	8.8
13	-0.165353	0.000000	18.879356	0.014950	4.8
14	-0.166006	0.000000	18.879356	0.015196	7.6
15	-0.178477	0.000000	18.879356	0.015728	4.1
16	-0.184611	0.000000	18.879356	0.018562	5.0
17	-0.153962	0.000000	18.879356	0.017683	7.3
18	-0.167467	0.000000	18.879356	0.011807	5.0
19	-0.165803	0.000000	18.879356	0.012399	7.1
20	-0.158556	0.000000	18.879356	0.016197	5.5
21	-0.173112	0.000000	18.879356	0.014559	5.0
22	-0.164806	0.000000	18.879356	0.018525	11.9
23	-0.153576	0.883960	18.116761	0.007086	6.6
24	-0.171009	0.207469	18.694663	0.014438	9.0
25	-0.170675	0.000000	18.879356	0.020693	8.7
26	-0.167297	0.000000	18.879356	0.014596	8.0
27	-0.194718	0.000000	18.879356	0.025819	7.6
28	-0.194623	1.000000	18.021204	0.020668	5.7
29	-0.204038	0.323509	18.592929	0.018350	10.8
30	-0.213653	0.000000	18.879356	0.017519	10.0
31	-0.228942	0.000000	18.879356	0.017752	10.1
32	-0.206449	0.000000	18.879356	0.006140	5.8
33	-0.208012	0.000000	18.879356	0.020157	7.8
34	-0.207749	0.999999	18.021204	0.011724	5.7
35	-0.194124	0.323508	18.592930	0.017739	8.3
36	-0.200226	0.000000	18.879356	0.020601	6.3
37	-0.222631	0.000000	18.879356	0.009262	7.4
38	-0.197027	0.000000	18.879356	0.012298	7.5
39	-0.215827	0.000000	18.879356	0.015755	9.8
40	-0.220379	0.000000	18.879356	0.022403	6.3
41	-0.237529	0.000000	18.879356	0.012330	8.3
42	-0.198945	0.000000	18.879356	0.022536	5.4
43	-0.216385	1.000000	18.021204	0.009434	6.2
44	-0.222139	0.324153	18.592367	0.013967	6.4
45	-0.207057	0.000000	18.879356	0.014903	4.9
46	-0.242817	0.999823	18.021349	0.009051	9.8
47	-0.209408	0.323337	18.593078	0.019713	3.7
48	-0.187153	0.000000	18.879356	0.013126	6.8
49	-0.200683	0.883007	18.117550	0.010996	6.5
50	-0.236432	1.879221	17.328670	0.013183	12.1
51	-0.196468	1.634074	17.516355	0.010330	4.8
52	-0.189634	0.957596	18.056006	0.012404	5.3
53	-0.203768	1.793938	17.393505	0.007612	7.3
54	-0.191669	1.273633	17.799812	0.005757	5.7
55	-0.206411	2.148284	17.127252	0.015692	6.7
56	-0.175000	1.472359	17.642406	0.012011	8.3
57	-0.171416	1.203761	17.855826	0.021912	8.2
58	-0.221282	0.527269	18.416943	0.012017	6.0
59	-0.208267	0.000000	18.879356	0.014707	6.1
60	-0.201225	0.973312	18.043091	0.013157	5.0
61	-0.197128	1.973303	17.257705	0.012961	4.6
62	-0.203308	2.973303	16.537833	0.012692	4.6
63	-0.233147	3.973281	15.875627	0.010024	6.2
64	-0.232351	4.964002	15.269853	0.013435	6.2
65	-0.203956	4.287515	15.678349	0.009625	5.0
66	-0.185698	3.612017	16.108655	0.021232	4.7
67	-0.216819	4.612017	15.479706	0.011548	5.3
68	-0.214901	5.289388	15.080856	0.009341	4.2
69	-0.206286	6.275860	14.535435	0.015088	6.1
70	-0.226917	7.275860	14.021377	0.018612	4.8
71	-0.224363	6.599369	14.365056	0.015796	5.5
72	-0.222109	5.922877	14.726007	0.015889	7.1
73	-0.252964	5.246386	15.105565	0.015002	4.8
74	-0.205672	6.246386	14.551159	0.005722	5.7
75	-0.248534	7.241163	14.038603	0.008301	6.3
76	-0.248838	8.211264	13.572384	0.008225	4.4
77	-0.199886	8.741096	13.330594	0.015359	4.7
78	-0.246982	9.739768	12.897510	0.012556	6.5
79	-0.212498	10.739768	12.491159	0.018805	4.9
80	-0.248428	11.739767	12.109631	0.019573	4.8
81	-0.234702	12.739767	11.750718	0.008503	5.7
82	-0.257520	12.064000	11.990881	0.016233	4.4
83	-0.221637	11.387653	12.241285	0.007962	3.4
84	-0.226244	10.711162	12.502427	0.012409	5.4
85	-0.241017	10.034686	12.774947	0.015659	3.6
86	-0.216416	11.034686	12.376163	0.013179	4.4
87	-0.200730	12.034112	12.001730	0.007579	3.9
88	-0.233813	11.359514	12.251930	0.011380	4.4
89	-0.251307	10.706668	12.504199	0.013247	3.4
90	-0.237194	10.031137	12.776409	0.013596	3.8
91	-0.234765	9.354648	13.061146	0.008136	4.0
92	-0.221072	10.331139	12.654072	0.012128	4.3
93	-0.216164	9.673217	12.925494	0.008422	3.6
94	-0.225874	8.996939	13.216898	0.016071	4.0
95	-0.208505	9.995687	12.791021	0.015665	4.3
96	-0.236895	9.898508	12.831250	0.013676	3.6
97	-0.243934	10.897702	12.429312	0.011755	4.1
98	-0.223050	11.897694	12.051498	0.016450	3.9
99	-0.218957	11.229154	12.301486	0.006847	5.2
100	-0.206389	12.216012	11.936005	0.013688	2.8
101	-0.227289	13.134282	11.614906	0.014465	4.0
102	-0.203092	12.457790	11.849751	0.014693	4.9
103	-0.221726	13.457790	11.505859	0.010489	4.6
104	-0.243030	14.433876	11.188911	0.014217	4.1
105	-0.260068	13.757990	11.406485	0.015292	3.1
106	-0.239732	13.081498	11.632895	0.005120	5.4
107	-0.210583	12.444144	11.854586	0.014043	3.9
108	-0.209768	13.443986	11.510470	0.008512	3.5
109	-0.231149	14.443686	11.185814	0.004869	3.2
110	-0.205773	13.812629	11.388582	0.025425	6.7
111	-0.223060	14.805020	11.072930	0.012097	4.5
112	-0.202465	15.805020	10.772076	0.010241	7.1
113	-0.230266	16.804877	10.487178	0.008076	5.6
114	-0.223493	16.166743	10.667238	0.016616	4.7
115	-0.233926	17.148848	10.392620	0.013211	5.4
116	-0.236978	16.472357	10.580239	0.011217	6.9
117	-0.232981	15.894913	10.745831	0.023695	4.8
118	-0.226815	15.218422	10.946542	0.008078	4.4
119	-0.243055	14.541991	11.154876	0.007447	6.4
120	-0.233723	13.872204	11.369126	0.013992	4.5
121	-0.197923	14.872188	11.052197	0.012213	6.0
122	-0.237035	15.694084	10.804643	0.014630	5.1
123	-0.211104	15.024215	11.005555	0.013025	4.8
124	-0.213814	14.347923	11.216118	0.013227	6.9
125	-0.228237	13.684599	11.430620	0.006652	5.6
126	-0.232026	14.655963	11.119219	0.010677	6.1
127	-0.225905	15.655429	10.816037	0.009712	5.2
128	-0.215433	16.520590	10.566638	0.010187	5.9
129	-0.210619	15.912312	10.740765	0.009886	5.4
130	-0.236412	16.909691	10.458183	0.010906	5.9
131	-0.248470	17.909608	10.189424	0.009391	5.0
132	-0.233116	17.935552	10.182634	0.005740	6.0
133	-0.236015	17.335555	10.342005	0.011187	5.7
134	-0.223157	16.682824	10.521146	0.007609	4.8
135	-0.230352	16.006334	10.713476	0.017906	5.4
136	-0.229216	15.329843	10.912970	0.005428	4.9
137	-0.247926	14.653706	11.119923	0.012641	4.5
138	-0.226104	14.060575	11.308043	0.017861	5.2
139	-0.236138	15.049951	10.997698	0.013925	5.1
140	-0.224400	14.373459	11.208021	0.015325	5.9
141	-0.239140	15.373456	10.899885	0.014357	5.6
142	-0.236749	14.696965	11.106448	0.012605	4.6
143	-0.260609	14.056064	11.309498	0.015891	5.3
144	-0.230870	14.521019	11.161461	0.019852	5.6
145	-0.236258	15.521019	10.855844	0.018636	5.0
146	-0.222487	16.518724	10.567163	0.016460	4.8
147	-0.230560	17.518724	10.292825	0.008827	5.4
148	-0.224762	18.518723	10.032371	0.007913	6.3
149	-0.240503	19.429800	9.806294	0.012268	4.9
150	-0.225101	20.423193	9.571123	0.016190	5.5
151	-0.219556	19.797674	9.717870	0.017042	4.9
152	-0.203931	19.121183	9.881725	0.021221	4.8
153	-0.217633	18.444691	10.051200	0.010962	4.9
154	-0.215828	19.444637	9.802696	0.009519	4.2
155	-0.208324	20.392558	9.578207	0.009757	5.2
156	-0.185901	19.717766	9.736941	0.015385	5.9
157	-0.209478	20.713141	9.504594	0.013584	5.7
158	-0.216526	20.036682	9.661271	0.016834	5.7
159	-0.253926	19.360190	9.823207	0.014698	6.0
160	-0.199174	18.683699	9.990664	0.011747	4.5
161	-0.234003	18.015550	10.161755	0.009578	5.3
162	-0.224887	17.341563	10.340384	0.010717	5.6
163	-0.207018	18.331437	10.080142	0.016466	5.0
164	-0.226937	17.961919	10.175743	0.019380	5.4
165	-0.258673	18.961919	9.921107	0.008194	5.5
166	-0.257390	19.943639	9.683225	0.021399	5.2
167	-0.222726	19.267151	9.845904	0.016222	5.2
168	-0.214394	20.267151	9.607314	0.011711	4.9
169	-0.224248	19.591288	9.767280	0.007912	5.4
170	-0.225562	20.584397	9.534020	0.019496	4.5
171	-0.198730	19.907906	9.691684	0.013873	5.9
172	-0.210682	20.902070	9.461740	0.021189	5.3
173	-0.216020	21.902070	9.241197	0.021055	5.6
174	-0.201864	22.902070	9.030701	0.016182	6.1
175	-0.226002	23.902070	8.829581	0.010615	4.1
176	-0.210659	23.225578	8.964642	0.019718	3.8
177	-0.221684	24.012711	8.807878	0.012098	3.7
178	-0.223089	25.012711	8.616456	0.004718	4.2
179	-0.215911	25.994261	8.436487	0.017131	4.3
180	-0.208228	26.994229	8.260712	0.015113	4.7
181	-0.211609	26.317738	8.378813	0.013350	4.4
182	-0.208160	27.317738	8.205402	0.008732	3.6
183	-0.242221	26.648192	8.320704	0.019365	4.4
184	-0.194222	25.971717	8.440536	0.022670	4.1
185	-0.251754	26.971717	8.264588	0.012434	4.3
186	-0.219312	27.971717	8.095826	0.006121	3.2
187	-0.205816	28.964657	7.934939	0.019948	4.9
188	-0.237487	29.964282	7.779301	0.015135	4.4
189	-0.214920	29.725540	7.815914	0.016868	4.3
190	-0.241047	30.725540	7.664811	0.013738	4.0
191	-0.224049	30.049052	7.766383	0.006251	4.4
192	-0.233746	30.829331	7.649462	0.016681	3.9
193	-0.234148	31.826158	7.505117	0.013733	5.6
194	-0.187686	31.149671	7.602473	0.011475	4.7
195	-0.227193	31.435042	7.561098	0.013666	4.8
196	-0.227443	32.333516	7.433721	0.019900	4.1
197	-0.226711	31.657213	7.529196	0.004221	4.3
198	-0.200542	30.980786	7.627174	0.020653	4.1
199	-0.246636	30.304321	7.727741	0.016980	3.9
200	-0.240834	31.304321	7.579995	0.009970	3.6
201	-0.205816	30.990806	7.625704	0.017738	4.3
202	-0.237910	31.990806	7.481798	0.013253	4.7
203	-0.236313	32.990806	7.343222	0.017385	4.2
204	-0.234761	32.314315	7.436398	0.011773	4.6
205	-0.199662	33.077298	7.331477	0.007400	4.3
206	-0.241275	34.073089	7.198915	0.008491	4.4
207	-0.235541	34.971871	7.083317	0.009591	5.5
208	-0.204962	35.007173	7.078852	0.018029	4.2
209	-0.192735	36.007172	6.954677	0.014288	4.2
210	-0.205672	36.998652	6.835788	0.015559	4.1
211	-0.205688	37.998652	6.719924	0.015826	4.2
212	-0.250459	38.997955	6.608000	0.013622	4.3
213	-0.229402	39.997949	6.499669	0.010064	4.1
214	-0.221780	39.422607	6.561559	0.008971	3.7
215	-0.226357	39.280866	6.576987	0.018963	4.2
216	-0.216688	40.280866	6.469662	0.021498	4.3
217	-0.218891	41.280866	6.365783	0.008344	4.3
218	-0.209096	40.604460	6.435678	0.016352	4.4
219	-0.231299	39.927996	6.507132	0.015879	5.1
220	-0.220071	39.251583	6.580184	0.013393	4.7
221	-0.235469	38.575094	6.654903	0.020663	4.0
222	-0.189985	39.575094	6.545041	0.015236	4.4
223	-0.226383	38.898603	6.618960	0.011307	4.6
224	-0.233763	39.898469	6.510287	0.008408	4.4
225	-0.217356	40.548668	6.441512	0.008248	3.1
226	-0.256038	39.956463	6.504093	0.011412	4.1
227	-0.225624	40.848132	6.410323	0.009175	4.6
228	-0.209800	41.847897	6.308349	0.011134	3.3
229	-0.222268	42.830864	6.211203	0.017113	3.4
230	-0.241899	42.283858	6.264891	0.013091	5.1
231	-0.197876	41.612222	6.332094	0.020417	3.8
232	-0.250678	40.935734	6.401256	0.008805	4.8
233	-0.227712	40.259243	6.471946	0.011917	3.8
234	-0.215074	40.979130	6.396774	0.012292	4.3
235	-0.226528	41.166332	6.377511	0.019506	4.3
236	-0.196669	40.489840	6.447675	0.010016	3.6
237	-0.203670	39.813791	6.519352	0.012802	5.0
238	-0.233022	39.137300	6.592688	0.021972	3.8
239	-0.210694	38.460809	6.667694	0.009841	4.4
240	-0.204890	37.791750	6.743573	0.011404	4.5
241	-0.214194	38.633203	6.648418	0.013276	4.1
242	-0.256364	39.630614	6.539048	0.019597	4.2
243	-0.205579	40.630614	6.432947	0.011985	3.8
244	-0.254862	41.630614	6.330235	0.016820	4.1
245	-0.232898	40.954123	6.399356	0.008839	4.1
246	-0.209433	41.954054	6.297712	0.004167	4.4
247	-0.232028	41.832188	6.309926	0.019336	5.1
248	-0.266195	42.191420	6.274056	0.010030	4.1
249	-0.182723	41.514937	6.341948	0.012673	4.3
250	-0.207407	41.862793	6.306854	0.021442	4.0
251	-0.223083	41.213283	6.372698	0.012435	3.9
252	-0.239683	40.543328	6.442071	0.005892	3.8
253	-0.246335	40.054561	6.493642	0.021172	3.9
254	-0.232620	39.378342	6.566369	0.023329	4.5
255	-0.195036	38.701851	6.640774	0.018432	4.6
256	-0.221712	39.701851	6.531374	0.018176	4.4
257	-0.222465	39.025360	6.604983	0.016794	4.8
258	-0.227690	40.025360	6.496750	0.020064	4.4
259	-0.223393	41.025360	6.392006	0.011530	5.2
260	-0.230834	40.354763	6.461870	0.019613	4.5
261	-0.222376	39.678424	6.533896	0.012157	3.8
262	-0.220300	40.672927	6.428534	0.018043	4.7
263	-0.203554	41.642632	6.329020	0.017030	3.8
264	-0.211685	40.966140	6.398115	0.009678	4.0
265	-0.240821	41.966134	6.296503	0.013499	4.9
266	-0.189501	41.289644	6.364886	0.018693	3.9
267	-0.192027	40.613153	6.434770	0.017859	4.2
268	-0.248033	39.936662	6.506206	0.011334	3.9
269	-0.233016	40.936662	6.401160	0.009483	4.9
270	-0.231730	40.267446	6.471079	0.010704	3.7
271	-0.214613	39.609042	6.541375	0.010986	4.7
272	-0.226517	38.939538	6.614440	0.020608	5.3
273	-0.226667	38.572759	6.655164	0.011680	3.6
274	-0.231644	39.572759	6.545293	0.016592	4.1
275	-0.199786	38.994672	6.608362	0.014153	3.4
276	-0.217381	38.318180	6.683726	0.012331	4.4
277	-0.202585	37.652362	6.759600	0.013017	4.8
278	-0.230769	36.975871	6.838474	0.010379	3.9
279	-0.209811	37.975871	6.722520	0.016850	4.3
280	-0.230960	37.299412	6.800523	0.016569	4.5
281	-0.216908	36.630388	6.879469	0.015607	4.2
282	-0.227229	37.496207	6.777644	0.008889	4.7
283	-0.211919	36.831607	6.855533	0.015972	4.5
284	-0.224747	37.831600	6.739006	0.007893	5.0
285	-0.244527	38.074282	6.711321	0.016301	5.3
286	-0.233734	37.397820	6.789063	0.014425	6.8
287	-0.227857	38.397811	6.674766	0.007962	4.4
288	-0.221962	37.721331	6.751660	0.018266	4.7
289	-0.204605	38.721331	6.638608	0.007003	4.7
290	-0.220399	38.045995	6.714536	0.016840	3.9
291	-0.243754	39.045994	6.602713	0.013903	3.7
292	-0.207445	40.045994	6.494554	0.018708	3.4
293	-0.214851	39.369503	6.567331	0.011375	3.7
294	-0.208606	40.369503	6.460318	0.022730	3.3
295	-0.223314	41.369503	6.356736	0.017537	3.2
296	-0.210029	42.369503	6.256424	0.017158	3.3
297	-0.189242	41.693012	6.323934	0.005288	3.2
298	-0.247740	41.021377	6.392417	0.011667	3.3
299	-0.209054	40.553134	6.441045	0.010294	3.4
300	-0.227191	41.536385	6.339773	0.010872	3.2
301	-0.192445	40.860202	6.409072	0.008028	3.3
302	-0.204530	40.231014	6.474929	0.012625	4.3
303	-0.213904	41.228745	6.371115	0.010107	5.1
304	-0.238128	40.552253	6.441137	0.005968	4.4
305	-0.216091	40.314062	6.466159	0.020978	3.3
306	-0.214743	41.314062	6.362392	0.015744	5.2
307	-0.228668	40.637570	6.432221	0.008321	5.1
308	-0.236018	41.637569	6.329532	0.011130	5.1
309	-0.216889	42.271517	6.266113	0.011621	8.2
310	-0.214516	43.271210	6.168648	0.008298	12.2
311	-0.211125	44.271156	6.074145	0.015052	4.4
312	-0.206873	43.645199	6.132961	0.016354	4.9
313	-0.221368	44.645199	6.039535	0.011272	3.9
314	-0.199398	45.645199	5.948913	0.010879	3.8
315	-0.225985	45.698784	5.944134	0.029108	3.1
316	-0.222538	46.698784	5.856331	0.009738	6.2
317	-0.229768	47.698784	5.771084	0.012834	6.6
318	-0.242631	47.022292	5.828479	0.010462	5.1
319	-0.236364	47.295961	5.805123	0.013346	7.2
320	-0.225356	46.646402	5.860866	0.014006	7.4
321	-0.194519	45.969911	5.920069	0.012604	5.9
322	-0.204073	46.969910	5.832971	0.007350	6.1
323	-0.261006	46.667220	5.859063	0.008133	4.8
324	-0.221190	45.992446	5.918077	0.012937	6.6
325	-0.228133	45.316134	5.978432	0.011856	5.7
326	-0.264868	44.639642	6.040046	0.014711	5.6
327	-0.229156	43.963151	6.102944	0.013658	7.3
328	-0.244268	44.469616	6.055733	0.007270	6.0
329	-0.238507	44.356350	6.066227	0.010704	5.6
330	-0.249957	44.041616	6.095582	0.019327	5.3
331	-0.228776	43.365270	6.159634	0.017450	4.5
332	-0.182464	42.688779	6.225060	0.014708	4.6
333	-0.233798	43.471553	6.149479	0.015958	5.0
334	-0.236501	44.471552	6.055553	0.013563	4.4
335	-0.224239	45.471550	5.964454	0.013775	4.5
336	-0.214250	46.471550	5.876054	0.015717	4.8
337	-0.232865	45.795059	5.935566	0.015236	4.9
338	-0.224302	45.118567	5.996296	0.014461	5.9
339	-0.244094	46.113151	5.907434	0.012880	3.8
340	-0.235252	45.436660	5.967586	0.011456	4.6
341	-0.251460	44.760172	6.028976	0.013161	4.8
342	-0.223747	44.083681	6.091642	0.007471	4.6
343	-0.210551	43.453895	6.151164	0.009575	5.4
344	-0.241583	43.011859	6.193641	0.012907	4.4
345	-0.206272	44.008967	6.098643	0.016375	5.8
346	-0.221489	43.332708	6.162751	0.008539	4.8
347	-0.219916	44.291723	6.072232	0.014790	4.4
348	-0.209769	43.714726	6.126372	0.008299	5.2
349	-0.200738	43.038235	6.191090	0.014388	4.2
350	-0.235361	42.364028	6.256965	0.008575	4.6
351	-0.223350	41.689457	6.324293	0.011144	4.3
352	-0.210705	41.228285	6.371162	0.023608	5.0
353	-0.199224	40.551793	6.441185	0.022158	5.6
354	-0.228152	39.875302	6.512764	0.008837	4.8
355	-0.235558	39.231187	6.582412	0.016362	6.5
356	-0.214659	38.608588	6.651164	0.013790	6.2
357	-0.206358	39.608588	6.541424	0.010261	7.1
358	-0.240416	40.607414	6.435370	0.009227	6.2
359	-0.199218	39.931382	6.506770	0.014038	5.9
360	-0.215779	39.757310	6.525412	0.010223	6.9
361	-0.240277	39.706064	6.530921	0.014145	5.1
362	-0.224767	40.705997	6.425088	0.011702	7.4
363	-0.215440	41.705997	6.322625	0.014653	5.9
364	-0.246195	42.705997	6.223378	0.014430	6.6
365	-0.208867	43.705979	6.127200	0.008582	6.6
366	-0.224824	44.600210	6.043677	0.009933	5.0
367	-0.210708	45.600200	5.952932	0.011382	6.7
368	-0.247978	45.782922	5.936645	0.014498	6.1
369	-0.237799	45.116486	5.996484	0.013100	5.3
370	-0.235865	44.574838	6.046015	0.011849	8.3
371	-0.195781	45.530156	5.959200	0.009501	6.1
372	-0.204861	46.279379	5.892838	0.014670	5.1
373	-0.226548	47.279375	5.806534	0.020116	6.1
374	-0.190194	46.602884	5.864639	0.016741	5.2
375	-0.210914	47.602884	5.779152	0.014179	4.8
376	-0.217279	46.926392	5.836707	0.007089	5.1
377	-0.215976	47.922138	5.752382	0.010480	4.8
378	-0.227828	48.669190	5.690700	0.018968	6.3
379	-0.188425	47.992730	5.746497	0.014175	5.8
380	-0.223754	48.992730	5.664395	0.007941	5.5
381	-0.241166	49.992701	5.584609	0.012571	5.3
382	-0.227441	50.783547	5.523083	0.013582	4.5
383	-0.241489	50.107102	5.575624	0.012399	4.6
384	-0.226815	51.029107	5.504254	0.011885	5.8
385	-0.239950	52.006955	5.430530	0.021426	6.4
386	-0.209451	53.006955	5.357152	0.011139	5.6
387	-0.249494	54.006955	5.285730	0.013514	6.7
388	-0.223224	55.006955	5.216187	0.029297	5.2
389	-0.216569	56.006935	5.148452	0.018645	6.1
390	-0.210968	57.006935	5.082452	0.004649	5.7
391	-0.223416	57.744822	5.034826	0.014599	6.1
392	-0.233558	57.068378	5.078452	0.013491	4.6
393	-0.206869	58.068378	5.014223	0.017258	5.9
394	-0.251831	57.391886	5.057494	0.011188	10.0
395	-0.209546	58.391885	4.993791	0.015798	5.9
396	-0.245086	59.391871	4.931674	0.013218	6.5
397	-0.235599	58.715380	4.973526	0.018433	5.6
398	-0.225508	59.715380	4.911908	0.013337	6.2
399	-0.256469	60.713476	4.851911	0.011556	5.8
400	-0.256215	60.037137	4.892405	0.017476	5.7
401	-0.239972	61.037137	4.832768	0.013058	6.5
402	-0.225087	60.360645	4.872952	0.012006	6.6
403	-0.236149	59.684158	4.913808	0.011662	6.8
404	-0.227109	60.365904	4.872637	0.012948	6.8
405	-0.217240	59.689413	4.913488	0.015152	6.1
406	-0.238639	59.012930	4.955030	0.012919	7.2
407	-0.205671	59.908104	4.900207	0.011850	5.5
408	-0.232620	59.231643	4.941523	0.006337	4.9
409	-0.241406	58.574846	4.982309	0.021110	5.0
410	-0.245341	57.898355	5.025028	0.015267	5.5
411	-0.228397	58.898265	4.962141	0.013386	5.2
412	-0.211666	58.221774	5.004514	0.015374	5.5
413	-0.243783	59.221774	4.942131	0.010521	4.8
414	-0.222702	60.219202	4.881438	0.016630	5.0
415	-0.224306	59.580612	4.920122	0.008185	6.1
416	-0.191631	60.525820	4.863079	0.012156	6.8
417	-0.207136	61.440854	4.809102	0.014846	4.9
418	-0.201951	60.764362	4.848891	0.022535	5.8
419	-0.208518	60.089452	4.889249	0.012574	5.5
420	-0.213376	61.089452	4.829688	0.012779	5.9
421	-0.232976	60.412961	4.869820	0.012312	8.4
422	-0.223961	59.743055	4.910224	0.012040	4.4
423	-0.250274	59.075030	4.951187	0.010541	5.5
424	-0.203255	60.074013	4.890180	0.006523	6.3
425	-0.186186	61.072841	4.830666	0.004959	5.4
426	-0.225835	60.705161	4.852404	0.012121	6.6
427	-0.250891	61.703046	4.793856	0.009377	6.8
428	-0.203648	62.624897	4.741010	0.013378	5.8
429	-0.241373	63.624815	4.684991	0.008106	4.9
430	-0.229002	64.624679	4.630283	0.010315	3.4
431	-0.218377	65.618826	4.577140	0.011529	5.0
432	-0.255271	64.942336	4.613169	0.010623	6.7
433	-0.221526	65.935800	4.560451	0.014148	5.8
434	-0.233019	66.820958	4.514486	0.018152	5.7
435	-0.208531	67.820948	4.463660	0.004368	6.4
436	-0.178098	67.165683	4.496834	0.011128	4.9
437	-0.227563	67.501820	4.479755	0.017802	5.9
438	-0.229818	68.501340	4.429727	0.011798	6.1
439	-0.214298	69.501340	4.380780	0.009345	5.0
440	-0.261681	70.403344	4.337549	0.012184	6.2
441	-0.200005	71.403339	4.290608	0.011648	4.1
442	-0.198827	70.726872	4.322250	0.006991	4.9
443	-0.235463	70.173898	4.348465	0.009050	6.6
444	-0.266714	71.034128	4.307820	0.011520	6.7
445	-0.228512	72.033970	4.261524	0.015932	5.7
446	-0.202884	73.033087	4.216244	0.016405	4.4
447	-0.230219	74.033086	4.171878	0.016663	5.5
448	-0.229312	73.356595	4.201789	0.011137	5.2
449	-0.201648	72.680196	4.232127	0.011514	6.1
450	-0.212812	73.588109	4.191504	0.012818	5.3
451	-0.220436	74.347819	4.158108	0.017843	6.2
452	-0.236479	75.347819	4.114950	0.013117	6.3
453	-0.238396	76.347474	4.072694	0.008087	5.9
454	-0.227702	75.848767	4.093666	0.006615	7.3
455	-0.248300	76.842232	4.052100	0.018534	5.5
456	-0.197366	76.165847	4.080307	0.019569	4.8
457	-0.218841	77.165847	4.038742	0.006280	4.9
458	-0.220961	76.598489	4.062219	0.011187	4.9
459	-0.224696	77.598300	4.021028	0.021006	6.5
460	-0.226107	78.598287	3.980656	0.027676	6.8
461	-0.228112	77.921795	4.007878	0.017376	6.3
462	-0.236919	78.921795	3.967768	0.015190	8.3
463	-0.209272	78.248653	3.994679	0.014568	6.3
464	-0.214384	77.572179	4.022093	0.013228	6.5
465	-0.235492	76.895688	4.049887	0.014223	5.4
466	-0.231062	76.219197	4.078068	0.010235	6.7
467	-0.232648	77.206326	4.037077	0.010294	6.6
468	-0.220355	78.205042	3.996435	0.002781	5.5
469	-0.225058	79.091837	3.961027	0.016846	6.7
470	-0.225395	80.076720	3.922431	0.015512	5.8
471	-0.234966	79.400229	3.948860	0.012818	6.0
472	-0.227617	78.723739	3.975648	0.013025	5.4
473	-0.221735	78.047248	4.002802	0.010068	4.9
474	-0.224436	77.370757	4.030329	0.009258	7.2
475	-0.236483	76.965833	4.046987	0.010945	4.7
476	-0.197064	77.748716	4.014903	0.013612	6.0
477	-0.217980	78.746973	3.974722	0.018366	10.1
478	-0.238332	79.746973	3.935269	0.015161	4.7
479	-0.222513	80.746973	3.896592	0.005329	7.3
480	-0.196402	81.736141	3.859075	0.005775	4.8
481	-0.241031	82.686166	3.823716	0.010751	4.2
482	-0.226443	83.681314	3.787366	0.005935	4.5
483	-0.214341	84.460785	3.759374	0.016428	4.4
484	-0.232447	83.784326	3.783643	0.011610	3.9
485	-0.214234	83.107835	3.808229	0.010172	4.5
486	-0.205712	82.433314	3.833064	0.017256	4.1
487	-0.259105	83.304546	3.801047	0.025457	5.7
488	-0.220808	82.628055	3.825861	0.016491	5.8
489	-0.227440	83.628055	3.789294	0.010733	4.8
490	-0.176235	84.628023	3.753421	0.011596	5.9
491	-0.201454	85.627835	3.718227	0.014175	5.5
492	-0.210570	86.624167	3.683805	0.011346	6.0
493	-0.216111	87.623983	3.649898	0.017659	6.6
494	-0.224420	88.623983	3.616604	0.022569	6.1
495	-0.224071	89.550753	3.586285	0.016682	4.6
496	-0.252149	88.877752	3.608251	0.008490	6.4
497	-0.205861	88.205509	3.630462	0.018644	5.3
498	-0.236929	89.196733	3.597806	0.011111	5.5
499	-0.234136	90.196723	3.565451	0.016112	5.1
Time spent in resolution 0 (ITK initialization and iterating): 3.346 s.
Stopping condition: Maximum number of iterations has been reached.
Settings of AdaptiveStochasticGradientDescent in resolution 0:
( SP_a 396.466483 )
( SP_A 20.000000 )
( SP_alpha 1.000000 )
( SigmoidMax 1.000000 )
( SigmoidMin -0.676491 )
( SigmoidScale 0.000005 )



=============== start of TransformParameterFile ===============
(Transform "EulerTransform")
(NumberOfParameters 6)
(TransformParameters -0.007751 0.000608 -0.008266 0.935255 -1.066961 -11.375346)
(InitialTransformParametersFileName "NoInitialTransform")
(UseBinaryFormatForTransformationParameters "false")
(HowToCombineTransforms "Compose")

// Image specific
(FixedImageDimension 3)
(MovingImageDimension 3)
(FixedInternalImagePixelType "float")
(MovingInternalImagePixelType "float")
(Size 256 256 30)
(Index 0 0 0)
(Spacing 0.7031250000 0.7031250000 3.0000000000)
(Origin -68.9654083252 -75.2634811401 60.7289390564)
(Direction 1.0000000000 0.0000000000 0.0000000000 0.0000000000 1.0000000000 0.0000000000 0.0000000000 0.0000000000 1.0000000000)
(UseDirectionCosines "false")

// EulerTransform specific
(CenterOfRotationPoint 20.6830291748 14.3849563599 104.2289390564)
(ComputeZYX "false")

// ResampleInterpolator specific
(ResampleInterpolator "FinalBSplineInterpolator")
(FinalBSplineInterpolationOrder 3)

// Resampler specific
(Resampler "DefaultResampler")
(DefaultPixelValue 0.000000)
(ResultImageFormat "nii.gz")
(ResultImagePixelType "short")
(CompressResultImage "false")

=============== end of TransformParameterFile ===============

Creating the TransformParameterFile took 0.00s

Registration result checksum: 905052225

Applying final transform ...
  Applying final transform took 0.88s

Final metric value  = -0.234136
Settings of AdaptiveStochasticGradientDescent for all resolutions:
( SP_a 396.466483 )
( SP_A 20.000000 )
( SP_alpha 1.000000 )
( SigmoidMax 1.000000 )
( SigmoidMin -0.676491 )
( SigmoidScale 0.000005 )

Time spent on saving the results, applying the final transform etc.: 885 ms.
Running elastix with parameter file 0: "/Users/sakinkirti/Programming/Python/CCIPD/racial-disparity-pca/code_matlab/rigid.txt", has finished.


Current time: Mon May 23 17:56:19 2022.
Time used for running elastix with this parameter file:
  4.3s.

-------------------------------------------------------------------------

Total time elapsed: 4.4s.

