
transformix is started at Mon May 23 08:29:34 2022.

which transformix:   /Users/sakinkirti/Programming/Python/CCIPD/racial-disparity-pca/code_matlab/elastix-5.0.0-mac/bin/transformix
transformix runs at: Sakins-MBP.hsd1.ca.comcast.net
  macOS 12.3.1 (x64), 21E258
  with 8192 MB memory, and 2 cores @ 2300 MHz.
Running transformix with parameter file "/Users/sakinkirti/Programming/Python/CCIPD/racial-disparity-pca/dataset/to_nifti_cleaned/prostate-001142/TransformParameters.0.txt".

Reading the elastix parameters from file ...

Installing all components.
InstallingComponents was successful.

ELASTIX version: 5.000
Command line options from ElastixBase:
-in       /Users/sakinkirti/Programming/Python/CCIPD/racial-disparity-pca/dataset/to_nifti_cleaned/prostate-001142/LS1_ST.nii.gz
-out      /Users/sakinkirti/Programming/Python/CCIPD/racial-disparity-pca/dataset/to_nifti_cleaned/prostate-001142/
-threads  unspecified, so all available threads are used
-tp       /Users/sakinkirti/Programming/Python/CCIPD/racial-disparity-pca/dataset/to_nifti_cleaned/prostate-001142/TransformParameters.0.txt
-def      unspecified, so no input points transformed
-jac      unspecified, so no det(dT/dx) computed
-jacmat   unspecified, so no dT/dx computed

=============== start of ParameterFile: /Users/sakinkirti/Programming/Python/CCIPD/racial-disparity-pca/dataset/to_nifti_cleaned/prostate-001142/TransformParameters.0.txt ===============
(Transform "EulerTransform")
(NumberOfParameters 6)
(TransformParameters 0.008758 0.004381 -0.017072 -1.792455 2.926354 0.399961)
(InitialTransformParametersFileName "NoInitialTransform")
(UseBinaryFormatForTransformationParameters "false")
(HowToCombineTransforms "Compose")

// Image specific
(FixedImageDimension 3)
(MovingImageDimension 3)
(FixedInternalImagePixelType "float")
(MovingInternalImagePixelType "float")
(Size 160 160 45)
(Index 0 0 0)
(Spacing 1.5000000000 1.5000000000 3.0000000000)
(Origin -115.2328414917 -87.5010528564 129.0492095947)
(Direction 0.9996800931 0.0252817812 -0.0007369086 -0.0252915221 0.9994751524 -0.0202424984 0.0002247554 0.0202546609 0.9997948280)
(UseDirectionCosines "false")

// EulerTransform specific
(CenterOfRotationPoint 4.0171585083 31.7489471436 195.0492095947)
(ComputeZYX "false")

// ResampleInterpolator specific
(ResampleInterpolator "FinalBSplineInterpolator")
(FinalBSplineInterpolationOrder 3)

// Resampler specific
(Resampler "DefaultResampler")
(DefaultPixelValue 0.000000)
(ResultImageFormat "nii.gz")
(ResultImagePixelType "short")
(CompressResultImage "false")


=============== end of ParameterFile: /Users/sakinkirti/Programming/Python/CCIPD/racial-disparity-pca/dataset/to_nifti_cleaned/prostate-001142/TransformParameters.0.txt ===============


Reading input image ...
  Reading input image took 0.122233 s
Calling all ReadFromFile()'s ...
  Calling all ReadFromFile()'s took 0.000133 s
Transforming points ...
  The command-line option "-def" is not used, so no points are transformed
  Transforming points done, it took 0.00s
Compute determinant of spatial Jacobian ...
  The command-line option "-jac" is not used, so no det(dT/dx) computed.
  Computing determinant of spatial Jacobian done, it took 0.00s
Compute spatial Jacobian (full matrix) ...
  The command-line option "-jacmat" is not used, so no dT/dx computed.
  Computing spatial Jacobian done, it took 0.00s
Resampling image and writing to disk ...
  Resampling took 0.24s

transformix has finished at Mon May 23 08:29:35 2022.
Total time elapsed: 0.5s.

