
elastix is started at Mon May 23 09:28:13 2022.

which elastix:   /Users/sakinkirti/Programming/Python/CCIPD/racial-disparity-pca/code_matlab/elastix-5.0.0-mac/bin/elastix
elastix runs at: Sakins-MBP.hsd1.ca.comcast.net
  macOS 12.3.1 (x64), 21E258
  with 8192 MB memory, and 2 cores @ 2300 MHz.
-------------------------------------------------------------------------

Running elastix with parameter file 0: "/Users/sakinkirti/Programming/Python/CCIPD/racial-disparity-pca/code_matlab/rigid.txt".

Current time: Mon May 23 09:28:13 2022.
Reading the elastix parameters from file ...

Installing all components.
InstallingComponents was successful.

ELASTIX version: 5.000
Command line options from ElastixBase:
-f        /Users/sakinkirti/Programming/Python/CCIPD/racial-disparity-pca/dataset/to_nifti_cleaned/prostate-000339/ADC.nii.gz
-m        /Users/sakinkirti/Programming/Python/CCIPD/racial-disparity-pca/dataset/to_nifti_cleaned/prostate-000339/T2W.nii.gz
-fMask    unspecified, so no fixed mask used
-mMask    unspecified, so no moving mask used
-out      /Users/sakinkirti/Programming/Python/CCIPD/racial-disparity-pca/dataset/to_nifti_cleaned/prostate-000339/
-p        /Users/sakinkirti/Programming/Python/CCIPD/racial-disparity-pca/code_matlab/rigid.txt
-threads  unspecified, so all available threads are used
Command line options from TransformBase:
-t0       unspecified, so no initial transform used

=============== start of ParameterFile: /Users/sakinkirti/Programming/Python/CCIPD/racial-disparity-pca/code_matlab/rigid.txt ===============
// Example parameter file for rotation registration
// C-style comments: //

// The internal pixel type, used for internal computations
// Leave to float in general. 
// NB: this is not the type of the input images! The pixel 
// type of the input images is automatically read from the 
// images themselves.
// This setting can be changed to "short" to save some memory
// in case of very large 3D images.
(FixedInternalImagePixelType "float")
(MovingInternalImagePixelType "float")

// The dimensions of the fixed and moving image
// Up to elastix 4.5 this had to be specified by the user.
// From elastix 4.6, this is not necessary anymore.
//(FixedImageDimension 3)
//(MovingImageDimension 3)

// Specify whether you want to take into account the so-called
// direction cosines of the images. Recommended: true.
// In some cases, the direction cosines of the image are corrupt,
// due to image format conversions for example. In that case, you 
// may want to set this option to "false".
(UseDirectionCosines "false")

// **************** Main Components **************************

// The following components should usually be left as they are:
(Registration "MultiResolutionRegistration")
(Interpolator "BSplineInterpolator")
(ResampleInterpolator "FinalBSplineInterpolator")
(Resampler "DefaultResampler")

// These may be changed to Fixed/MovingSmoothingImagePyramid.
// See the manual.
(FixedImagePyramid "FixedRecursiveImagePyramid")
(MovingImagePyramid "MovingRecursiveImagePyramid")

// The following components are most important:
// The optimizer AdaptiveStochasticGradientDescent (ASGD) works
// quite ok in general. The Transform and Metric are important
// and need to be chosen careful for each application. See manual.
(Optimizer "AdaptiveStochasticGradientDescent")
(Transform "EulerTransform")
(Metric "AdvancedMattesMutualInformation")

// ***************** Transformation **************************

// Scales the rotations compared to the translations, to make
// sure they are in the same range. In general, it's best to  
// use automatic scales estimation:
(AutomaticScalesEstimation "true")

// Automatically guess an initial translation by aligning the
// geometric centers of the fixed and moving.
(AutomaticTransformInitialization "true")

// Whether transforms are combined by composition or by addition.
// In generally, Compose is the best option in most cases.
// It does not influence the results very much.
(HowToCombineTransforms "Compose")

// ******************* Similarity measure *********************

// Number of grey level bins in each resolution level,
// for the mutual information. 16 or 32 usually works fine.
// You could also employ a hierarchical strategy:
//(NumberOfHistogramBins 16 32 64)
(NumberOfHistogramBins 32)

// If you use a mask, this option is important. 
// If the mask serves as region of interest, set it to false.
// If the mask indicates which pixels are valid, then set it to true.
// If you do not use a mask, the option doesn't matter.
(ErodeMask "false")

// ******************** Multiresolution **********************

// The number of resolutions. 1 Is only enough if the expected
// deformations are small. 3 or 4 mostly works fine. For large
// images and large deformations, 5 or 6 may even be useful.
(NumberOfResolutions 1)

// The downsampling/blurring factors for the image pyramids.
// By default, the images are downsampled by a factor of 2
// compared to the next resolution.
// So, in 2D, with 4 resolutions, the following schedule is used:
//(ImagePyramidSchedule 8 8  4 4  2 2  1 1 )
// And in 3D:
//(ImagePyramidSchedule 8 8 8  4 4 4  2 2 2  1 1 1 )
// You can specify any schedule, for example:
//(ImagePyramidSchedule 4 4  4 3  2 1  1 1 )
// Make sure that the number of elements equals the number
// of resolutions times the image dimension.

// ******************* Optimizer ****************************

// Maximum number of iterations in each resolution level:
// 200-500 works usually fine for rigid registration.
// For more robustness, you may increase this to 1000-2000.
(MaximumNumberOfIterations 500)

// The step size of the optimizer, in mm. By default the voxel size is used.
// which usually works well. In case of unusual high-resolution images
// (eg histology) it is necessary to increase this value a bit, to the size
// of the "smallest visible structure" in the image:
//(MaximumStepLength 1.0)

// **************** Image sampling **********************

// Number of spatial samples used to compute the mutual
// information (and its derivative) in each iteration.
// With an AdaptiveStochasticGradientDescent optimizer,
// in combination with the two options below, around 2000
// samples may already suffice.
(NumberOfSpatialSamples 2000)

// Refresh these spatial samples in every iteration, and select
// them randomly. See the manual for information on other sampling
// strategies.
(NewSamplesEveryIteration "true")
(ImageSampler "Random")

// ************* Interpolation and Resampling ****************

// Order of B-Spline interpolation used during registration/optimisation.
// It may improve accuracy if you set this to 3. Never use 0.
// An order of 1 gives linear interpolation. This is in most 
// applications a good choice.
(BSplineInterpolationOrder 1)

// Order of B-Spline interpolation used for applying the final
// deformation.
// 3 gives good accuracy; recommended in most cases.
// 1 gives worse accuracy (linear interpolation)
// 0 gives worst accuracy, but is appropriate for binary images
// (masks, segmentations); equivalent to nearest neighbor interpolation.
(FinalBSplineInterpolationOrder 3)

//Default pixel value for pixels that come from outside the picture:
(DefaultPixelValue 0)

// Choose whether to generate the deformed moving image.
// You can save some time by setting this to false, if you are
// only interested in the final (nonrigidly) deformed moving image
// for example.
(WriteResultImage "false")

// The pixel type and format of the resulting deformed moving image
(ResultImagePixelType "short")
(ResultImageFormat "mha")




=============== end of ParameterFile: /Users/sakinkirti/Programming/Python/CCIPD/racial-disparity-pca/code_matlab/rigid.txt ===============


Reading images...
Reading images took 100 ms.

WARNING: the fixed pyramid schedule is not fully specified!
  A default pyramid schedule is used.
WARNING: the moving pyramid schedule is not fully specified!
  A default pyramid schedule is used.
WARNING: The parameter "AutomaticTransformInitializationMethod", requested at entry number 0, does not exist at all.
  The default value "GeometricalCenter" is used instead.
Transform parameters are initialized as: [0, 0, 0, -4.374373555183411, -7.433592915534973, 16.04326629638672]
Scales are estimated automatically.
Scales for transform parameters are: [5346.648822491219, 5346.648822491228, 9788.797644982396, 1, 1, 1]
Initialization of all components (before registration) took: 10 ms.
Preparation of the image pyramids took: 4 ms.

Resolution: 0
WARNING: The parameter "ShowExactMetricValue", requested at entry number 0, does not exist at all.
  The default value "false" is used instead.
WARNING: The parameter "CheckNumberOfSamples", requested at entry number 0, does not exist at all.
  The default value "true" is used instead.
WARNING: The parameter "UseMultiThreadingForMetrics", requested at entry number 0, does not exist at all.
  The default value "true" is used instead.
Setting the fixed masks took: 0 ms.
Setting the moving masks took: 0 ms.
WARNING: The parameter "NumberOfFixedHistogramBins", requested at entry number 0, does not exist at all.
  The default value "32" is used instead.
WARNING: The parameter "NumberOfMovingHistogramBins", requested at entry number 0, does not exist at all.
  The default value "32" is used instead.
WARNING: The parameter "FixedLimitRangeRatio", requested at entry number 0, does not exist at all.
  The default value "0.01" is used instead.
WARNING: The parameter "MovingLimitRangeRatio", requested at entry number 0, does not exist at all.
  The default value "0.01" is used instead.
WARNING: The parameter "FixedKernelBSplineOrder", requested at entry number 0, does not exist at all.
  The default value "0" is used instead.
WARNING: The parameter "MovingKernelBSplineOrder", requested at entry number 0, does not exist at all.
  The default value "3" is used instead.
WARNING: The parameter "UseFastAndLowMemoryVersion", requested at entry number 0, does not exist at all.
  The default value "true" is used instead.
WARNING: The parameter "UseJacobianPreconditioning", requested at entry number 0, does not exist at all.
  The default value "false" is used instead.
WARNING: The parameter "FiniteDifferenceDerivative", requested at entry number 0, does not exist at all.
  The default value "false" is used instead.
WARNING: The parameter "SP_A", requested at entry number 0, does not exist at all.
  The default value "20" is used instead.
WARNING: The parameter "MaximumNumberOfSamplingAttempts", requested at entry number 0, does not exist at all.
  The default value "0" is used instead.
WARNING: The parameter "SigmoidInitialTime", requested at entry number 0, does not exist at all.
  The default value "0" is used instead.
WARNING: The parameter "MaxBandCovSize", requested at entry number 0, does not exist at all.
  The default value "192" is used instead.
WARNING: The parameter "NumberOfBandStructureSamples", requested at entry number 0, does not exist at all.
  The default value "10" is used instead.
WARNING: The parameter "UseAdaptiveStepSizes", requested at entry number 0, does not exist at all.
  The default value "true" is used instead.
WARNING: The parameter "AutomaticParameterEstimation", requested at entry number 0, does not exist at all.
  The default value "true" is used instead.
WARNING: The parameter "UseConstantStep", requested at entry number 0, does not exist at all.
  The default value "false" is used instead.
WARNING: The parameter "MaximumStepLengthRatio", requested at entry number 0, does not exist at all.
  The default value "1" is used instead.
WARNING: The parameter "MaximumStepLength", requested at entry number 0, does not exist at all.
  The default value "0.957623" is used instead.
WARNING: The parameter "NumberOfGradientMeasurements", requested at entry number 0, does not exist at all.
  The default value "0" is used instead.
WARNING: The parameter "NumberOfJacobianMeasurements", requested at entry number 0, does not exist at all.
  The default value "1000" is used instead.
WARNING: The parameter "NumberOfSamplesForExactGradient", requested at entry number 0, does not exist at all.
  The default value "100000" is used instead.
WARNING: The parameter "SigmoidScaleFactor", requested at entry number 0, does not exist at all.
  The default value "0.1" is used instead.
Elastix initialization of all components (for this resolution) took: 0 ms.
  Computing the fixed image extrema took 3 ms.
  Computing the moving image extrema took 8 ms.
Initialization of AdvancedMattesMutualInformation metric took: 99 ms.
Starting automatic parameter estimation for AdaptiveStochasticGradientDescent ...
WARNING: The parameter "ASGDParameterEstimationMethod", requested at entry number 0, does not exist at all.
  The default value "Original" is used instead.
  Computing JacobianTerms ...
  Computing the Jacobian terms took 0.003917s
  NumberOfGradientMeasurements to estimate sigma_i: 6
  Sampling gradients ...
  Sampling the gradients took 0.599037s
Automatic parameter estimation took 0.60s
1:ItNr	2:Metric	3a:Time	3b:StepSize	4:||Gradient||	Time[ms]
0	-0.069486	0.000000	4.695254	0.015089	714.0
1	-0.073622	0.000000	4.695254	0.016162	13.3
2	-0.084482	0.000000	4.695254	0.029971	9.6
3	-0.072262	0.000000	4.695254	0.008143	6.1
4	-0.066436	0.999359	4.481964	0.021532	3.1
5	-0.059643	0.036836	4.687033	0.016279	2.7
6	-0.068860	0.000000	4.695254	0.016208	11.8
7	-0.075465	0.000000	4.695254	0.014993	6.7
8	-0.069789	0.000000	4.695254	0.020995	3.4
9	-0.093249	0.000000	4.695254	0.016680	7.5
10	-0.075119	1.000000	4.481833	0.014310	10.0
11	-0.059950	0.037382	4.686911	0.009834	7.2
12	-0.082164	0.000000	4.695254	0.015464	2.7
13	-0.084535	0.000000	4.695254	0.028721	5.8
14	-0.070911	0.000000	4.695254	0.015707	8.5
15	-0.063682	1.000000	4.481833	0.013105	5.4
16	-0.077115	1.998845	4.287186	0.006840	7.4
17	-0.071208	1.039427	4.473816	0.013037	8.8
18	-0.072900	2.037989	4.279902	0.016716	3.4
19	-0.097585	3.037989	4.101854	0.024886	3.3
20	-0.064783	2.077364	4.272599	0.019051	5.2
21	-0.082901	3.077364	4.095147	0.011567	3.1
22	-0.060497	2.114746	4.265690	0.011947	3.3
23	-0.096926	1.152132	4.451054	0.023666	3.9
24	-0.070881	0.189840	4.653189	0.005189	3.6
25	-0.072680	0.000000	4.695254	0.010336	3.0
26	-0.083018	0.988019	4.484275	0.014409	4.4
27	-0.085185	1.470419	4.388006	0.020600	2.9
28	-0.061478	2.470419	4.201047	0.017116	3.1
29	-0.065636	1.507801	4.380718	0.008485	5.9
30	-0.068271	0.545236	4.576433	0.009657	3.4
31	-0.092997	0.000000	4.695254	0.016819	3.5
32	-0.097278	0.999999	4.481834	0.012457	9.9
33	-0.069676	0.037381	4.686911	0.021560	3.0
34	-0.056593	0.000000	4.695254	0.008984	8.1
35	-0.079293	0.000000	4.695254	0.022732	3.6
36	-0.073936	0.999903	4.481853	0.005870	2.6
37	-0.062512	0.040712	4.686169	0.017778	5.8
38	-0.081917	0.753323	4.532656	0.016742	4.6
39	-0.059408	1.753323	4.333448	0.014178	5.0
40	-0.065715	2.753323	4.151012	0.019300	7.5
41	-0.087825	1.926744	4.300669	0.013585	3.5
42	-0.082521	2.926737	4.120927	0.019203	2.5
43	-0.064243	1.964119	4.293669	0.020011	5.3
44	-0.068147	2.964119	4.114499	0.010955	4.8
45	-0.075706	3.963338	3.949806	0.010783	2.6
46	-0.055653	3.033895	4.102553	0.018243	3.7
47	-0.063431	2.071282	4.273726	0.008915	7.7
48	-0.075535	1.399360	4.401926	0.013444	2.6
49	-0.068367	2.399330	4.213810	0.016304	2.5
50	-0.070586	1.436745	4.394592	0.018129	6.2
51	-0.072646	2.436738	4.207084	0.010395	5.5
52	-0.066271	3.436734	4.034923	0.006685	2.9
53	-0.069178	4.431072	3.877160	0.010016	4.7
54	-0.056547	5.429541	3.730687	0.010115	6.8
55	-0.054839	5.330854	3.744669	0.008812	2.3
56	-0.076376	4.447705	3.874626	0.013033	3.7
57	-0.076364	3.539412	4.018040	0.016125	7.1
58	-0.066028	4.539321	3.860727	0.016612	4.3
59	-0.066397	3.576703	4.011943	0.012865	3.2
60	-0.058110	4.576681	3.855087	0.007372	4.4
61	-0.079839	4.037029	3.938180	0.024715	5.8
62	-0.076514	5.037011	3.786930	0.006753	2.5
63	-0.070511	5.918728	3.662890	0.016485	5.0
64	-0.075593	6.915854	3.532055	0.012522	8.2
65	-0.069093	5.954761	3.657993	0.012348	2.4
66	-0.060586	4.992274	3.793448	0.019367	6.3
67	-0.078852	4.029656	3.939340	0.011253	5.5
68	-0.070029	5.029637	3.788003	0.006392	2.7
69	-0.056739	4.435971	3.876413	0.024577	3.7
70	-0.074717	3.621300	4.004676	0.015350	5.5
71	-0.057188	4.268376	3.902124	0.015455	5.3
72	-0.064711	3.307591	4.056360	0.013190	2.8
73	-0.079745	2.345063	4.223605	0.017787	4.7
74	-0.077686	1.382565	4.405229	0.010487	6.1
75	-0.057608	2.319184	4.228293	0.013063	2.8
76	-0.063503	3.318979	4.054460	0.011322	2.7
77	-0.058965	2.356667	4.221507	0.020381	6.2
78	-0.068842	3.356667	4.048187	0.009935	3.8
79	-0.082916	2.394050	4.214761	0.013750	3.2
80	-0.056794	3.384033	4.043643	0.006392	4.9
81	-0.076651	4.370264	3.886453	0.008993	6.8
82	-0.069212	5.092401	3.778891	0.011875	3.0
83	-0.068585	6.092342	3.639417	0.012493	4.0
84	-0.067406	7.090292	3.510121	0.020155	6.3
85	-0.079512	6.127674	3.634677	0.014124	3.7
86	-0.073848	5.165056	3.768398	0.018531	4.4
87	-0.079539	6.165056	3.629675	0.014149	7.7
88	-0.067778	5.202447	3.763020	0.009972	3.9
89	-0.079517	4.240807	3.906386	0.006677	4.5
90	-0.056521	3.694354	3.992829	0.021512	8.1
91	-0.080747	2.731766	4.154783	0.012443	3.7
92	-0.064461	1.771877	4.329917	0.019612	5.4
93	-0.087914	2.771877	4.147772	0.009739	9.2
94	-0.080659	1.809771	4.322724	0.020770	45.3
95	-0.072500	2.809770	4.141171	0.013584	4.1
96	-0.073660	3.809770	3.974254	0.022855	16.5
97	-0.075831	2.847153	4.134680	0.008962	41.0
98	-0.078971	3.847146	3.968276	0.017363	17.0
99	-0.056261	3.919942	3.956684	0.015203	7.1
100	-0.081160	4.919942	3.804034	0.007419	8.2
101	-0.055160	3.967437	3.949157	0.010281	6.4
102	-0.078234	3.031400	4.102979	0.030175	9.2
103	-0.058072	3.938136	3.953797	0.008256	5.4
104	-0.057431	2.975518	4.112542	0.014292	8.8
105	-0.070422	3.558387	4.014935	0.008505	4.8
106	-0.077930	4.505081	3.865910	0.020745	17.0
107	-0.070086	3.545438	4.017053	0.013603	5.7
108	-0.071477	2.582821	4.181024	0.017764	6.3
109	-0.067359	1.620489	4.358895	0.015257	5.6
110	-0.049995	2.600990	4.177805	0.032471	7.1
111	-0.088626	1.638372	4.355452	0.004208	4.5
112	-0.083023	0.895173	4.503291	0.026781	5.2
113	-0.084890	0.000000	4.695254	0.028226	7.0
114	-0.066370	0.000000	4.695254	0.012124	4.5
115	-0.073030	1.000000	4.481833	0.006802	6.0
116	-0.080727	1.973396	4.291936	0.014912	5.2
117	-0.068018	2.973379	4.112909	0.021665	4.8
118	-0.072067	2.010760	4.284966	0.028179	6.3
119	-0.091234	1.048142	4.472047	0.029217	4.1
120	-0.063562	0.085524	4.676210	0.014378	3.1
121	-0.060706	0.000000	4.695254	0.019736	5.8
122	-0.067127	1.000000	4.481833	0.016415	5.2
123	-0.086431	0.038807	4.686593	0.014416	3.2
124	-0.050490	1.038807	4.473942	0.014418	5.3
125	-0.067248	0.076189	4.678281	0.017604	6.4
126	-0.061854	1.076189	4.466366	0.018410	3.2
127	-0.072624	2.076189	4.272817	0.013570	4.9
128	-0.077733	3.076166	4.095350	0.016762	6.9
129	-0.076348	2.592652	4.179282	0.017488	3.8
130	-0.062582	3.591360	4.009552	0.015093	4.7
131	-0.057878	2.737892	4.153711	0.014135	6.8
132	-0.078592	2.879545	4.129071	0.015044	5.5
133	-0.079966	2.011817	4.284770	0.024955	7.3
134	-0.073022	3.011817	4.106325	0.011630	7.4
135	-0.070137	2.049352	4.277792	0.011013	4.7
136	-0.070445	3.049350	4.099917	0.010014	8.2
137	-0.057645	4.004774	3.943260	0.027073	3.8
138	-0.080114	3.042156	4.101144	0.005173	5.9
139	-0.067210	2.082701	4.271612	0.014291	6.0
140	-0.080235	1.358374	4.409996	0.021565	3.8
141	-0.067340	2.357123	4.221425	0.014764	4.0
142	-0.067499	1.394505	4.402881	0.027714	7.2
143	-0.062203	2.394505	4.214679	0.007153	3.2
144	-0.068252	3.394504	4.041908	0.008817	4.3
145	-0.081345	3.184036	4.077083	0.012277	7.7
146	-0.076890	2.237251	4.243201	0.007624	3.1
147	-0.056069	1.336712	4.414273	0.013697	5.0
148	-0.063589	2.159332	4.257477	0.012894	5.9
149	-0.087397	3.158935	4.081320	0.005353	3.1
150	-0.067431	4.132970	3.923147	0.005720	5.1
151	-0.069251	3.621074	4.004713	0.011326	8.0
152	-0.068106	4.617221	3.848986	0.017349	2.9
153	-0.068955	3.892577	3.961034	0.022383	6.0
154	-0.065830	4.892577	3.808054	0.018580	6.3
155	-0.080705	3.929958	3.955094	0.016695	3.9
156	-0.086636	4.929955	3.802565	0.012739	5.6
157	-0.075712	3.967574	3.949136	0.019517	6.4
158	-0.060831	4.967426	3.797078	0.013990	4.2
159	-0.081232	5.967426	3.656275	0.012726	8.8
160	-0.065274	6.967419	3.525543	0.010168	3.6
161	-0.067996	6.299357	3.611819	0.011218	4.9
162	-0.069843	5.376264	3.738222	0.014695	6.3
163	-0.076364	4.415480	3.879539	0.017107	3.9
164	-0.067484	5.415480	3.732672	0.010754	8.7
165	-0.068018	6.415480	3.596520	0.009895	3.7
166	-0.074480	5.456040	3.726950	0.013785	4.7
167	-0.068970	4.494560	3.867505	0.016679	6.3
168	-0.068380	3.531942	4.019263	0.006098	3.8
169	-0.061073	2.590260	4.179705	0.011086	4.7
170	-0.067591	1.629568	4.357146	0.011029	6.9
171	-0.060291	2.625032	4.173554	0.019441	3.7
172	-0.082807	3.624850	4.004099	0.032912	3.6
173	-0.059623	3.956970	3.950813	0.007086	8.2
174	-0.074244	4.956970	3.798607	0.011075	3.9
175	-0.072136	4.264826	3.902672	0.031803	4.3
176	-0.078312	3.302208	4.057258	0.028283	6.9
177	-0.086372	4.302208	3.896906	0.019123	4.9
178	-0.072654	3.339590	4.051027	0.017947	4.4
179	-0.064771	2.377154	4.217807	0.017826	7.5
180	-0.082988	3.377154	4.044784	0.010808	3.9
181	-0.069883	4.377070	3.885411	0.012622	4.4
182	-0.083085	3.414456	4.038605	0.021507	8.4
183	-0.051165	4.414456	3.879695	0.008047	4.0
184	-0.066530	3.490396	4.026082	0.022173	6.0
185	-0.073846	4.490396	3.868137	0.012499	4.7
186	-0.055809	5.490396	3.722116	0.013287	4.2
187	-0.073425	4.857925	3.813157	0.023690	5.4
188	-0.059018	5.857925	3.671182	0.011724	5.3
189	-0.079271	6.857925	3.539400	0.023369	3.5
190	-0.075384	5.896572	3.665907	0.014336	7.4
191	-0.067556	4.933954	3.801978	0.018634	4.6
192	-0.073509	3.971376	3.948534	0.011577	2.6
193	-0.065423	3.008758	4.106849	0.016982	5.3
194	-0.045424	4.008756	3.942632	0.019609	5.7
195	-0.069870	5.008756	3.791044	0.008510	3.8
196	-0.068839	4.048073	3.936444	0.012515	4.4
197	-0.068871	4.680738	3.839467	0.011736	6.0
198	-0.072680	5.378461	3.737911	0.008518	2.4
199	-0.078997	4.425394	3.878026	0.018216	2.6
200	-0.054332	3.462776	4.030627	0.016922	5.0
201	-0.073711	2.500158	4.195731	0.021436	6.3
202	-0.073491	3.500158	4.024478	0.021383	3.1
203	-0.081700	2.537540	4.189067	0.012341	4.8
204	-0.073334	1.574924	4.367693	0.008657	5.4
205	-0.062372	0.628587	4.558797	0.020958	2.8
206	-0.065934	0.000000	4.695254	0.017979	4.5
207	-0.072085	0.000000	4.695254	0.006973	5.4
208	-0.050804	0.976897	4.486545	0.026187	4.2
209	-0.070911	0.014789	4.691950	0.010212	2.6
210	-0.053529	0.000000	4.695254	0.012349	4.0
211	-0.080311	0.999848	4.481864	0.014665	5.9
212	-0.063263	1.980948	4.290525	0.008049	3.8
213	-0.061359	2.979651	4.111834	0.007808	2.6
214	-0.081902	2.887323	4.127726	0.016465	3.4
215	-0.071094	2.246043	4.241596	0.016511	7.0
216	-0.074323	1.283425	4.424828	0.011638	3.1
217	-0.066914	2.282922	4.234878	0.015425	2.6
218	-0.075295	1.320363	4.417506	0.010860	5.7
219	-0.081767	0.404495	4.606525	0.022890	5.6
220	-0.067999	0.000000	4.695254	0.037142	2.6
221	-0.080313	0.000000	4.695254	0.010609	4.7
222	-0.065395	1.000000	4.481833	0.006881	5.1
223	-0.051912	0.207223	4.649375	0.010783	4.8
224	-0.064150	0.000000	4.695254	0.013291	3.7
225	-0.081036	0.000000	4.695254	0.028069	4.4
226	-0.060328	0.999862	4.481861	0.018422	4.3
227	-0.082005	0.037244	4.686942	0.025929	2.8
228	-0.067504	0.000000	4.695254	0.012758	7.3
229	-0.067311	0.000000	4.695254	0.015132	4.3
230	-0.078423	0.999993	4.481835	0.012708	5.1
231	-0.070711	1.966856	4.293158	0.047775	4.4
232	-0.078534	1.004238	4.480970	0.016048	7.4
233	-0.065118	0.041620	4.685967	0.016716	3.5
234	-0.069591	0.000000	4.695254	0.009101	4.6
235	-0.074253	0.999985	4.481836	0.013921	5.9
236	-0.073112	1.999925	4.286985	0.020971	3.0
237	-0.085561	2.939117	4.118796	0.013165	4.6
238	-0.071730	3.939116	3.953642	0.011275	5.7
239	-0.088776	2.977074	4.112275	0.009877	3.3
240	-0.062350	3.903668	3.959269	0.015089	4.5
241	-0.056570	2.944649	4.117844	0.017098	5.7
242	-0.080320	1.982059	4.290318	0.018286	3.6
243	-0.097677	2.982059	4.111421	0.017620	4.9
244	-0.082355	2.019990	4.283248	0.013962	7.4
245	-0.089200	1.057861	4.470077	0.008086	3.2
246	-0.056384	0.095648	4.673966	0.011636	3.9
247	-0.072557	1.089405	4.463694	0.014429	8.9
248	-0.074443	0.129207	4.666542	0.014390	2.8
249	-0.064525	1.129207	4.455665	0.017051	5.9
250	-0.066260	0.166594	4.658300	0.012247	5.7
251	-0.088020	1.165235	4.448423	0.010176	2.2
252	-0.066125	2.161516	4.257076	0.010366	4.9
253	-0.061439	3.161224	4.080933	0.010525	7.4
254	-0.062872	4.161214	3.918743	0.013027	4.4
255	-0.060445	5.160847	3.769004	0.024591	3.5
256	-0.072935	4.198341	3.912969	0.018705	6.5
257	-0.086030	5.198341	3.763610	0.025427	5.4
258	-0.078852	6.198341	3.625233	0.016264	2.6
259	-0.071005	5.235723	3.758247	0.018861	9.8
260	-0.075575	6.195130	3.625661	0.024745	3.8
261	-0.083353	5.465048	3.725681	0.019513	5.6
262	-0.063440	6.465048	3.590030	0.012427	5.4
263	-0.090106	5.502430	3.720426	0.024902	3.4
264	-0.079644	4.539812	3.860652	0.017001	5.4
265	-0.070113	5.539812	3.715186	0.016137	5.5
266	-0.067939	6.539812	3.580284	0.018271	5.3
267	-0.069304	5.577194	3.709960	0.017307	4.9
268	-0.075336	4.614579	3.849383	0.014764	6.0
269	-0.070747	3.652428	3.999620	0.022256	2.2
270	-0.085285	4.652428	3.843704	0.014680	5.0
271	-0.071226	3.689810	3.993564	0.028630	5.9
272	-0.075608	2.733825	4.154422	0.018686	3.9
273	-0.075540	1.771207	4.330044	0.009548	3.8
274	-0.071404	2.770864	4.147949	0.006977	7.7
275	-0.078644	3.555868	4.015347	0.018005	3.8
276	-0.072812	3.665067	3.997570	0.008610	4.5
277	-0.078816	2.718910	4.157035	0.006706	11.5
278	-0.082515	3.176891	4.078288	0.031149	5.6
279	-0.078890	2.214304	4.247396	0.016029	7.1
280	-0.082794	1.251686	4.431140	0.017500	2.9
281	-0.084912	0.289074	4.631499	0.018126	4.2
282	-0.091434	0.000000	4.695254	0.010267	6.2
283	-0.073016	0.915828	4.499047	0.010653	3.2
284	-0.088754	1.903469	4.305039	0.023248	2.6
285	-0.067213	2.894103	4.126555	0.020500	6.6
286	-0.079119	3.894103	3.960791	0.021927	8.4
287	-0.063702	2.931485	4.120109	0.015062	4.5
288	-0.075891	3.931485	3.954852	0.007918	6.2
289	-0.073960	2.970901	4.113334	0.014299	2.6
290	-0.079970	2.922324	4.121687	0.013082	3.2
291	-0.064194	3.771664	3.980368	0.015333	6.9
292	-0.065292	2.813716	4.140485	0.013298	3.9
293	-0.070974	1.858325	4.313541	0.028091	3.6
294	-0.081248	2.858325	4.132743	0.013047	5.2
295	-0.093246	3.858325	3.966491	0.018479	5.5
296	-0.074646	4.835579	3.816455	0.010266	2.3
297	-0.083965	5.664827	3.697768	0.011052	3.2
298	-0.063070	4.895164	3.807674	0.011585	5.4
299	-0.055764	5.895159	3.666100	0.012031	4.5
300	-0.065356	6.290186	3.613033	0.016398	3.1
301	-0.061538	5.327580	3.745135	0.008264	4.8
302	-0.083361	4.429548	3.877392	0.016469	6.6
303	-0.068263	3.467013	4.029929	0.014145	3.0
304	-0.085001	4.438645	3.876006	0.036631	5.5
305	-0.074161	5.438645	3.729402	0.008187	6.9
306	-0.090486	4.476027	3.870318	0.026582	4.1
307	-0.086120	3.523453	4.020655	0.015109	4.4
308	-0.060244	2.560835	4.184925	0.027593	5.1
309	-0.082560	1.603682	4.362136	0.027118	5.0
310	-0.058753	0.641064	4.556168	0.011494	2.4
311	-0.070089	0.000000	4.695254	0.015452	3.1
312	-0.077890	0.996253	4.482597	0.017256	11.2
313	-0.078278	0.091940	4.674787	0.018675	3.6
314	-0.073819	0.000000	4.695254	0.015816	6.3
315	-0.076813	0.000000	4.695254	0.026212	4.9
316	-0.076624	0.000000	4.695254	0.008073	2.9
317	-0.064713	0.999916	4.481850	0.012276	4.3
318	-0.083299	0.046155	4.684957	0.009108	5.1
319	-0.079821	0.000000	4.695254	0.013820	3.5
320	-0.062878	0.000000	4.695254	0.009704	4.4
321	-0.060397	0.000000	4.695254	0.015038	4.4
322	-0.078255	0.000000	4.695254	0.011103	4.0
323	-0.062744	0.000000	4.695254	0.013858	3.6
324	-0.070995	0.000000	4.695254	0.016031	5.2
325	-0.051231	0.000000	4.695254	0.004988	5.5
326	-0.082899	0.487370	4.588758	0.019558	4.0
327	-0.083910	1.247938	4.431886	0.022471	4.1
328	-0.071724	2.247938	4.241251	0.020921	5.3
329	-0.078295	3.247933	4.066340	0.014886	2.4
330	-0.069516	4.247930	3.905284	0.021125	4.0
331	-0.063268	3.329725	4.052670	0.006778	5.9
332	-0.083076	2.541489	4.188364	0.017231	4.1
333	-0.076759	1.661335	4.351038	0.012977	2.2
334	-0.101733	0.698717	4.544063	0.018024	4.4
335	-0.083078	1.688647	4.345801	0.021383	5.0
336	-0.068829	0.726029	4.538351	0.003272	5.0
337	-0.064003	0.447965	4.597188	0.022586	6.3
338	-0.079375	1.396396	4.402509	0.011313	5.5
339	-0.077172	0.433778	4.600231	0.022316	2.5
340	-0.072432	1.433778	4.395173	0.010018	5.5
341	-0.061569	0.471159	4.592222	0.026244	6.3
342	-0.080213	1.467176	4.388640	0.014320	2.6
343	-0.069041	2.467115	4.201638	0.015586	4.0
344	-0.067789	3.467115	4.029913	0.005941	5.0
345	-0.059287	3.888847	3.961627	0.024395	5.0
346	-0.064819	2.926230	4.121014	0.007019	2.9
347	-0.057013	1.963999	4.293692	0.023661	4.8
348	-0.063835	2.953435	4.116334	0.009743	6.4
349	-0.068484	3.946309	3.952502	0.021472	4.1
350	-0.055227	2.983699	4.111140	0.027217	4.0
351	-0.057581	2.021081	4.283045	0.010096	6.3
352	-0.068198	1.058463	4.469955	0.007588	4.3
353	-0.060362	2.056269	4.276509	0.019355	2.6
354	-0.065189	3.056267	4.098738	0.020167	4.4
355	-0.078944	4.056267	3.935157	0.008622	5.7
356	-0.062669	3.093651	4.092378	0.015261	3.4
357	-0.063750	3.816719	3.973141	0.010703	4.8
358	-0.082312	4.363247	3.887528	0.008742	7.4
359	-0.059283	5.170030	3.767681	0.027580	3.5
360	-0.086262	4.207417	3.911560	0.020236	3.5
361	-0.081745	5.207417	3.762306	0.014248	6.1
362	-0.079831	5.765432	3.683869	0.024069	4.7
363	-0.048645	6.765432	3.551190	0.015613	2.7
364	-0.079978	5.802814	3.678731	0.009043	5.5
365	-0.070948	4.840202	3.815773	0.010964	5.1
366	-0.078371	3.879621	3.963096	0.023742	3.3
367	-0.074049	2.917003	4.122604	0.017735	3.0
368	-0.073852	2.533721	4.189747	0.012701	6.7
369	-0.071796	3.533721	4.018972	0.013918	3.9
370	-0.074391	4.172958	3.916915	0.018315	3.6
371	-0.069503	5.172958	3.767260	0.015582	4.9
372	-0.062187	4.210340	3.911107	0.015239	6.3
373	-0.074370	5.210260	3.761898	0.014442	2.4
374	-0.063137	4.250331	3.904913	0.007167	5.1
375	-0.064333	5.171969	3.767402	0.014345	6.5
376	-0.087153	4.947762	3.799955	0.015898	3.4
377	-0.087791	5.944939	3.659327	0.021987	3.9
378	-0.063075	4.982321	3.794901	0.008909	5.8
379	-0.061685	5.982321	3.654257	0.012800	4.6
380	-0.068843	5.019904	3.789420	0.018251	3.1
381	-0.075311	4.057286	3.934997	0.018087	9.8
382	-0.068182	4.158988	3.919090	0.016504	4.2
383	-0.084888	5.158984	3.769272	0.026129	7.6
384	-0.065649	4.196366	3.913276	0.012537	5.5
385	-0.072104	5.196245	3.763911	0.030395	5.8
386	-0.074165	4.233644	3.907495	0.017460	9.4
387	-0.062265	3.271026	4.062471	0.008376	7.3
388	-0.078309	2.308409	4.230247	0.012185	9.3
389	-0.072028	1.347599	4.412122	0.011329	5.0
390	-0.085193	2.346003	4.223435	0.021414	4.1
391	-0.066637	3.346003	4.049960	0.009406	7.0
392	-0.065016	4.338926	3.891259	0.008737	4.1
393	-0.056471	3.990187	3.945562	0.011339	5.6
394	-0.085531	3.930681	3.954980	0.011261	5.3
395	-0.061493	4.679184	3.839699	0.014226	3.5
396	-0.063479	3.739383	3.985562	0.009750	4.0
397	-0.059463	4.738786	3.830807	0.007212	6.8
398	-0.076449	5.724165	3.689557	0.008174	2.9
399	-0.079152	6.588754	3.573932	0.016283	4.0
400	-0.081688	6.932367	3.529967	0.010446	7.2
401	-0.063434	7.931806	3.408026	0.016668	3.6
402	-0.054483	8.931761	3.294171	0.009123	3.6
403	-0.076280	9.931665	3.187683	0.006682	4.6
404	-0.080227	8.998428	3.286850	0.010864	6.7
405	-0.067408	9.995478	3.181120	0.013055	3.1
406	-0.075144	9.042358	3.282044	0.022072	4.3
407	-0.079885	10.042334	3.176318	0.007842	5.3
408	-0.056091	9.079716	3.277968	0.017120	4.0
409	-0.070317	8.826264	3.305822	0.025364	5.7
410	-0.066533	9.771629	3.204261	0.010511	7.2
411	-0.053896	10.745824	3.105931	0.009754	2.8
412	-0.057181	9.784057	3.202968	0.018421	4.4
413	-0.068482	8.821439	3.306357	0.012496	6.6
414	-0.092474	7.858821	3.416645	0.009455	3.4
415	-0.064898	8.667518	3.323511	0.021428	4.0
416	-0.072686	9.665414	3.215360	0.009950	5.7
417	-0.083944	8.823768	3.306099	0.016787	5.1
418	-0.085629	7.861621	3.416313	0.016347	2.5
419	-0.077951	8.861621	3.301908	0.009992	3.6
420	-0.084187	7.899008	3.411893	0.022995	6.6
421	-0.069245	8.899008	3.297779	0.016619	3.4
422	-0.101996	9.899008	3.191052	0.015469	4.2
423	-0.068113	8.936390	3.293661	0.025177	4.2
424	-0.074783	9.936390	3.187196	0.010585	4.5
425	-0.068526	10.936390	3.087398	0.006225	2.8
426	-0.075932	11.927547	2.994463	0.018169	4.2
427	-0.088696	10.973701	3.083795	0.012292	6.1
428	-0.069133	11.973701	2.990272	0.010016	3.9
429	-0.063296	12.973658	2.902258	0.009000	3.9
430	-0.063553	12.013086	2.986705	0.018793	7.2
431	-0.078261	13.012847	2.898914	0.012308	4.0
432	-0.062666	14.012846	2.816119	0.009719	2.3
433	-0.076347	13.052463	2.895542	0.013258	4.2
434	-0.085363	12.091603	2.979618	0.018863	5.9
435	-0.076773	13.091603	2.892218	0.036147	3.6
436	-0.095631	12.128985	2.976256	0.015808	3.2
437	-0.072617	11.166367	3.065324	0.007103	4.3
438	-0.058145	12.166357	2.972902	0.004515	5.3
439	-0.066380	12.185833	2.971157	0.017409	2.4
440	-0.067134	11.223916	3.059850	0.012629	3.7
441	-0.064941	12.186911	2.971061	0.018548	7.9
442	-0.079513	11.272104	3.055281	0.018424	2.9
443	-0.075236	12.272099	2.963454	0.011654	2.7
444	-0.073291	13.270159	2.877148	0.019101	5.7
445	-0.067858	14.270159	2.795574	0.008064	2.9
446	-0.084640	15.241310	2.720661	0.015607	2.9
447	-0.075518	15.349247	2.712583	0.019816	3.4
448	-0.072050	14.386635	2.786372	0.029530	4.6
449	-0.060558	13.424017	2.864289	0.021202	4.0
450	-0.072892	14.424017	2.783432	0.016765	4.5
451	-0.075043	13.461399	2.861182	0.011623	4.3
452	-0.070872	14.461399	2.780498	0.021989	5.4
453	-0.070492	15.255862	2.719569	0.021593	2.4
454	-0.073219	14.293276	2.793743	0.024011	4.5
455	-0.060227	15.293276	2.716766	0.024576	6.7
456	-0.073264	14.330658	2.790787	0.030637	2.9
457	-0.080211	13.368040	2.868954	0.021106	4.6
458	-0.067356	12.405422	2.951627	0.005881	6.4
459	-0.069180	11.452028	3.038341	0.010030	4.3
460	-0.055759	12.261990	2.964355	0.007489	4.7
461	-0.096437	11.739491	3.011664	0.024560	7.1
462	-0.084152	12.739434	2.922406	0.026643	4.0
463	-0.071547	11.776816	3.008234	0.009783	4.4
464	-0.068693	12.776815	2.919172	0.018154	6.7
465	-0.062301	13.776136	2.835287	0.010074	5.8
466	-0.060413	14.263245	2.796122	0.006162	7.6
467	-0.065708	15.253695	2.719732	0.024845	5.0
468	-0.069111	16.253536	2.646738	0.011619	2.7
469	-0.063567	15.290918	2.716942	0.005748	5.3
470	-0.092147	16.128781	2.655631	0.009301	5.7
471	-0.077955	16.428385	2.634373	0.028309	2.9
472	-0.074598	17.246894	2.577996	0.016045	4.9
473	-0.066968	16.355557	2.639509	0.009520	5.9
474	-0.086170	15.890363	2.672794	0.011712	2.9
475	-0.078414	14.952834	2.742491	0.017866	3.7
476	-0.078305	15.952833	2.668275	0.016533	6.6
477	-0.088546	15.711483	2.685817	0.018831	2.7
478	-0.077138	15.117223	2.730009	0.009498	6.2
479	-0.074842	14.664060	2.764697	0.025507	7.3
480	-0.080148	15.664060	2.689291	0.021346	2.1
481	-0.063853	16.658456	2.618279	0.009484	4.2
482	-0.089510	15.719324	2.685244	0.022422	5.1
483	-0.071922	14.757223	2.757494	0.012050	4.9
484	-0.068113	15.757215	2.682476	0.013962	2.7
485	-0.075309	14.797338	2.754404	0.027185	4.9
486	-0.070900	13.834720	2.830519	0.008090	5.1
487	-0.085197	14.834719	2.751531	0.011244	2.9
488	-0.068206	13.898375	2.825356	0.022575	3.3
489	-0.068718	14.898375	2.746652	0.011836	4.0
490	-0.065087	13.935757	2.822333	0.028496	5.2
491	-0.075368	14.935757	2.743795	0.006628	2.5
492	-0.055655	15.935756	2.669509	0.015418	4.6
493	-0.068551	14.973951	2.740881	0.010786	5.9
494	-0.058772	15.968097	2.667174	0.018275	3.7
495	-0.071360	16.968079	2.596927	0.010131	3.3
496	-0.074374	17.968062	2.530286	0.014594	6.3
497	-0.064121	17.006053	2.594332	0.012333	4.7
498	-0.072747	18.000354	2.528191	0.010474	3.0
499	-0.073136	19.000353	2.464987	0.020190	4.1
Time spent in resolution 0 (ITK initialization and iterating): 3.521 s.
Stopping condition: Maximum number of iterations has been reached.
Settings of AdaptiveStochasticGradientDescent in resolution 0:
( SP_a 98.600334 )
( SP_A 20.000000 )
( SP_alpha 1.000000 )
( SigmoidMax 1.000000 )
( SigmoidMin -0.962618 )
( SigmoidScale 0.000008 )



=============== start of TransformParameterFile ===============
(Transform "EulerTransform")
(NumberOfParameters 6)
(TransformParameters 0.003697 0.000394 0.006249 -2.697671 -5.286467 15.981415)
(InitialTransformParametersFileName "NoInitialTransform")
(UseBinaryFormatForTransformationParameters "false")
(HowToCombineTransforms "Compose")

// Image specific
(FixedImageDimension 3)
(MovingImageDimension 3)
(FixedInternalImagePixelType "float")
(MovingInternalImagePixelType "float")
(Size 198 198 24)
(Index 0 0 0)
(Spacing 1.2121212482 1.2121212482 3.0000000000)
(Origin -94.2634277344 -106.6641006470 127.9399490356)
(Direction 1.0000000000 0.0000000000 0.0000000000 0.0000000000 1.0000000000 0.0000000000 0.0000000000 0.0000000000 1.0000000000)
(UseDirectionCosines "false")

// EulerTransform specific
(CenterOfRotationPoint 25.1305152178 12.7298423052 162.4399490356)
(ComputeZYX "false")

// ResampleInterpolator specific
(ResampleInterpolator "FinalBSplineInterpolator")
(FinalBSplineInterpolationOrder 3)

// Resampler specific
(Resampler "DefaultResampler")
(DefaultPixelValue 0.000000)
(ResultImageFormat "mha")
(ResultImagePixelType "short")
(CompressResultImage "false")

=============== end of TransformParameterFile ===============

Creating the TransformParameterFile took 0.00s

Registration result checksum: 1625995690

Skipping applying final transform, no resulting output image generated.

Final metric value  = -0.073136
Settings of AdaptiveStochasticGradientDescent for all resolutions:
( SP_a 98.600334 )
( SP_A 20.000000 )
( SP_alpha 1.000000 )
( SigmoidMax 1.000000 )
( SigmoidMin -0.962618 )
( SigmoidScale 0.000008 )

Time spent on saving the results, applying the final transform etc.: 5 ms.
Running elastix with parameter file 0: "/Users/sakinkirti/Programming/Python/CCIPD/racial-disparity-pca/code_matlab/rigid.txt", has finished.


Current time: Mon May 23 09:28:16 2022.
Time used for running elastix with this parameter file:
  3.7s.

-------------------------------------------------------------------------

Total time elapsed: 3.7s.

