
elastix is started at Mon May 23 13:31:34 2022.

which elastix:   /Users/sakinkirti/Programming/Python/CCIPD/racial-disparity-pca/code_matlab/elastix-5.0.0-mac/bin/elastix
elastix runs at: Sakins-MBP.hsd1.ca.comcast.net
  macOS 12.3.1 (x64), 21E258
  with 8192 MB memory, and 2 cores @ 2300 MHz.
-------------------------------------------------------------------------

Running elastix with parameter file 0: "/Users/sakinkirti/Programming/Python/CCIPD/racial-disparity-pca/code_matlab/rigid.txt".

Current time: Mon May 23 13:31:34 2022.
Reading the elastix parameters from file ...

Installing all components.
InstallingComponents was successful.

ELASTIX version: 5.000
Command line options from ElastixBase:
-f        /Users/sakinkirti/Programming/Python/CCIPD/racial-disparity-pca/dataset/to_nifti_cleaned/prostate-000914/T2W.nii.gz
-m        /Users/sakinkirti/Programming/Python/CCIPD/racial-disparity-pca/dataset/to_nifti_cleaned/prostate-000914/ADC.nii.gz
-fMask    unspecified, so no fixed mask used
-mMask    unspecified, so no moving mask used
-out      /Users/sakinkirti/Programming/Python/CCIPD/racial-disparity-pca/dataset/to_nifti_cleaned/prostate-000914/
-p        /Users/sakinkirti/Programming/Python/CCIPD/racial-disparity-pca/code_matlab/rigid.txt
-threads  unspecified, so all available threads are used
Command line options from TransformBase:
-t0       unspecified, so no initial transform used

=============== start of ParameterFile: /Users/sakinkirti/Programming/Python/CCIPD/racial-disparity-pca/code_matlab/rigid.txt ===============
// Example parameter file for rotation registration
// C-style comments: //

// The internal pixel type, used for internal computations
// Leave to float in general. 
// NB: this is not the type of the input images! The pixel 
// type of the input images is automatically read from the 
// images themselves.
// This setting can be changed to "short" to save some memory
// in case of very large 3D images.
(FixedInternalImagePixelType "float")
(MovingInternalImagePixelType "float")

// The dimensions of the fixed and moving image
// Up to elastix 4.5 this had to be specified by the user.
// From elastix 4.6, this is not necessary anymore.
//(FixedImageDimension 3)
//(MovingImageDimension 3)

// Specify whether you want to take into account the so-called
// direction cosines of the images. Recommended: true.
// In some cases, the direction cosines of the image are corrupt,
// due to image format conversions for example. In that case, you 
// may want to set this option to "false".
(UseDirectionCosines "false")

// **************** Main Components **************************

// The following components should usually be left as they are:
(Registration "MultiResolutionRegistration")
(Interpolator "BSplineInterpolator")
(ResampleInterpolator "FinalBSplineInterpolator")
(Resampler "DefaultResampler")

// These may be changed to Fixed/MovingSmoothingImagePyramid.
// See the manual.
(FixedImagePyramid "FixedRecursiveImagePyramid")
(MovingImagePyramid "MovingRecursiveImagePyramid")

// The following components are most important:
// The optimizer AdaptiveStochasticGradientDescent (ASGD) works
// quite ok in general. The Transform and Metric are important
// and need to be chosen careful for each application. See manual.
(Optimizer "AdaptiveStochasticGradientDescent")
(Transform "EulerTransform")
(Metric "AdvancedMattesMutualInformation")

// ***************** Transformation **************************

// Scales the rotations compared to the translations, to make
// sure they are in the same range. In general, it's best to  
// use automatic scales estimation:
(AutomaticScalesEstimation "true")

// Automatically guess an initial translation by aligning the
// geometric centers of the fixed and moving.
(AutomaticTransformInitialization "true")

// Whether transforms are combined by composition or by addition.
// In generally, Compose is the best option in most cases.
// It does not influence the results very much.
(HowToCombineTransforms "Compose")

// ******************* Similarity measure *********************

// Number of grey level bins in each resolution level,
// for the mutual information. 16 or 32 usually works fine.
// You could also employ a hierarchical strategy:
//(NumberOfHistogramBins 16 32 64)
(NumberOfHistogramBins 32)

// If you use a mask, this option is important. 
// If the mask serves as region of interest, set it to false.
// If the mask indicates which pixels are valid, then set it to true.
// If you do not use a mask, the option doesn't matter.
(ErodeMask "false")

// ******************** Multiresolution **********************

// The number of resolutions. 1 Is only enough if the expected
// deformations are small. 3 or 4 mostly works fine. For large
// images and large deformations, 5 or 6 may even be useful.
(NumberOfResolutions 1)

// The downsampling/blurring factors for the image pyramids.
// By default, the images are downsampled by a factor of 2
// compared to the next resolution.
// So, in 2D, with 4 resolutions, the following schedule is used:
//(ImagePyramidSchedule 8 8  4 4  2 2  1 1 )
// And in 3D:
//(ImagePyramidSchedule 8 8 8  4 4 4  2 2 2  1 1 1 )
// You can specify any schedule, for example:
//(ImagePyramidSchedule 4 4  4 3  2 1  1 1 )
// Make sure that the number of elements equals the number
// of resolutions times the image dimension.

// ******************* Optimizer ****************************

// Maximum number of iterations in each resolution level:
// 200-500 works usually fine for rigid registration.
// For more robustness, you may increase this to 1000-2000.
(MaximumNumberOfIterations 500)

// The step size of the optimizer, in mm. By default the voxel size is used.
// which usually works well. In case of unusual high-resolution images
// (eg histology) it is necessary to increase this value a bit, to the size
// of the "smallest visible structure" in the image:
//(MaximumStepLength 1.0)

// **************** Image sampling **********************

// Number of spatial samples used to compute the mutual
// information (and its derivative) in each iteration.
// With an AdaptiveStochasticGradientDescent optimizer,
// in combination with the two options below, around 2000
// samples may already suffice.
(NumberOfSpatialSamples 2000)

// Refresh these spatial samples in every iteration, and select
// them randomly. See the manual for information on other sampling
// strategies.
(NewSamplesEveryIteration "true")
(ImageSampler "Random")

// ************* Interpolation and Resampling ****************

// Order of B-Spline interpolation used during registration/optimisation.
// It may improve accuracy if you set this to 3. Never use 0.
// An order of 1 gives linear interpolation. This is in most 
// applications a good choice.
(BSplineInterpolationOrder 1)

// Order of B-Spline interpolation used for applying the final
// deformation.
// 3 gives good accuracy; recommended in most cases.
// 1 gives worse accuracy (linear interpolation)
// 0 gives worst accuracy, but is appropriate for binary images
// (masks, segmentations); equivalent to nearest neighbor interpolation.
(FinalBSplineInterpolationOrder 3)

//Default pixel value for pixels that come from outside the picture:
(DefaultPixelValue 0)

// Choose whether to generate the deformed moving image.
// You can save some time by setting this to false, if you are
// only interested in the final (nonrigidly) deformed moving image
// for example.
(WriteResultImage "false")

// The pixel type and format of the resulting deformed moving image
(ResultImagePixelType "short")
(ResultImageFormat "nii.gz")




=============== end of ParameterFile: /Users/sakinkirti/Programming/Python/CCIPD/racial-disparity-pca/code_matlab/rigid.txt ===============


Reading images...
Reading images took 123 ms.

WARNING: the fixed pyramid schedule is not fully specified!
  A default pyramid schedule is used.
WARNING: the moving pyramid schedule is not fully specified!
  A default pyramid schedule is used.
WARNING: The parameter "AutomaticTransformInitializationMethod", requested at entry number 0, does not exist at all.
  The default value "GeometricalCenter" is used instead.
Transform parameters are initialized as: [0, 0, 0, 3.7503204345703125, -0.10103607177734375, 6.289642333984375]
Scales are estimated automatically.
Scales for transform parameters are: [3391.2427368164062, 3391.2427368164062, 5481.9854736328125, 1, 1, 1]
Initialization of all components (before registration) took: 18 ms.
Preparation of the image pyramids took: 13 ms.

Resolution: 0
WARNING: The parameter "ShowExactMetricValue", requested at entry number 0, does not exist at all.
  The default value "false" is used instead.
WARNING: The parameter "CheckNumberOfSamples", requested at entry number 0, does not exist at all.
  The default value "true" is used instead.
WARNING: The parameter "UseMultiThreadingForMetrics", requested at entry number 0, does not exist at all.
  The default value "true" is used instead.
Setting the fixed masks took: 0 ms.
Setting the moving masks took: 0 ms.
WARNING: The parameter "NumberOfFixedHistogramBins", requested at entry number 0, does not exist at all.
  The default value "32" is used instead.
WARNING: The parameter "NumberOfMovingHistogramBins", requested at entry number 0, does not exist at all.
  The default value "32" is used instead.
WARNING: The parameter "FixedLimitRangeRatio", requested at entry number 0, does not exist at all.
  The default value "0.01" is used instead.
WARNING: The parameter "MovingLimitRangeRatio", requested at entry number 0, does not exist at all.
  The default value "0.01" is used instead.
WARNING: The parameter "FixedKernelBSplineOrder", requested at entry number 0, does not exist at all.
  The default value "0" is used instead.
WARNING: The parameter "MovingKernelBSplineOrder", requested at entry number 0, does not exist at all.
  The default value "3" is used instead.
WARNING: The parameter "UseFastAndLowMemoryVersion", requested at entry number 0, does not exist at all.
  The default value "true" is used instead.
WARNING: The parameter "UseJacobianPreconditioning", requested at entry number 0, does not exist at all.
  The default value "false" is used instead.
WARNING: The parameter "FiniteDifferenceDerivative", requested at entry number 0, does not exist at all.
  The default value "false" is used instead.
WARNING: The parameter "SP_A", requested at entry number 0, does not exist at all.
  The default value "20" is used instead.
WARNING: The parameter "MaximumNumberOfSamplingAttempts", requested at entry number 0, does not exist at all.
  The default value "0" is used instead.
WARNING: The parameter "SigmoidInitialTime", requested at entry number 0, does not exist at all.
  The default value "0" is used instead.
WARNING: The parameter "MaxBandCovSize", requested at entry number 0, does not exist at all.
  The default value "192" is used instead.
WARNING: The parameter "NumberOfBandStructureSamples", requested at entry number 0, does not exist at all.
  The default value "10" is used instead.
WARNING: The parameter "UseAdaptiveStepSizes", requested at entry number 0, does not exist at all.
  The default value "true" is used instead.
WARNING: The parameter "AutomaticParameterEstimation", requested at entry number 0, does not exist at all.
  The default value "true" is used instead.
WARNING: The parameter "UseConstantStep", requested at entry number 0, does not exist at all.
  The default value "false" is used instead.
WARNING: The parameter "MaximumStepLengthRatio", requested at entry number 0, does not exist at all.
  The default value "1" is used instead.
WARNING: The parameter "MaximumStepLength", requested at entry number 0, does not exist at all.
  The default value "1.28906" is used instead.
WARNING: The parameter "NumberOfGradientMeasurements", requested at entry number 0, does not exist at all.
  The default value "0" is used instead.
WARNING: The parameter "NumberOfJacobianMeasurements", requested at entry number 0, does not exist at all.
  The default value "1000" is used instead.
WARNING: The parameter "NumberOfSamplesForExactGradient", requested at entry number 0, does not exist at all.
  The default value "100000" is used instead.
WARNING: The parameter "SigmoidScaleFactor", requested at entry number 0, does not exist at all.
  The default value "0.1" is used instead.
Elastix initialization of all components (for this resolution) took: 3 ms.
  Computing the fixed image extrema took 13 ms.
  Computing the moving image extrema took 15 ms.
Initialization of AdvancedMattesMutualInformation metric took: 68 ms.
Starting automatic parameter estimation for AdaptiveStochasticGradientDescent ...
WARNING: The parameter "ASGDParameterEstimationMethod", requested at entry number 0, does not exist at all.
  The default value "Original" is used instead.
  Computing JacobianTerms ...
  Computing the Jacobian terms took 0.014076s
  NumberOfGradientMeasurements to estimate sigma_i: 6
  Sampling gradients ...
  Sampling the gradients took 1.127431s
Automatic parameter estimation took 1.14s
1:ItNr	2:Metric	3a:Time	3b:StepSize	4:||Gradient||	Time[ms]
0	-0.061376	0.000000	8.185854	0.013107	1227.1
1	-0.051018	0.000000	8.185854	0.016284	13.2
2	-0.060266	0.000000	8.185854	0.005238	17.6
3	-0.054095	0.992937	7.816280	0.006445	22.3
4	-0.055139	0.430155	8.021545	0.019853	16.4
5	-0.052314	0.000000	8.185854	0.006479	21.2
6	-0.059768	0.000000	8.185854	0.013623	5.7
7	-0.078954	0.000000	8.185854	0.019009	8.4
8	-0.057851	0.000000	8.185854	0.012491	11.5
9	-0.061988	0.000000	8.185854	0.006872	11.0
10	-0.077064	0.000000	8.185854	0.011160	13.8
11	-0.051889	0.803212	7.884294	0.012388	13.3
12	-0.057109	0.000000	8.185854	0.012195	9.2
13	-0.056825	0.000000	8.185854	0.011035	17.8
14	-0.064268	0.956603	7.829214	0.017080	14.3
15	-0.069960	0.013440	8.180619	0.015525	12.8
16	-0.071205	1.013440	7.809000	0.007324	11.3
17	-0.058573	0.376803	8.041565	0.010486	8.7
18	-0.064460	0.648619	7.940596	0.014533	18.0
19	-0.052545	0.371623	8.043514	0.010791	14.1
20	-0.053210	1.322268	7.700962	0.013361	18.1
21	-0.046292	2.322244	7.370772	0.007158	9.7
22	-0.057065	1.379640	7.681220	0.010846	15.4
23	-0.070027	2.375883	7.353859	0.014491	26.6
24	-0.055227	3.375524	7.052277	0.008946	10.7
25	-0.077712	2.432694	7.336030	0.009092	12.6
26	-0.060486	1.507276	7.637661	0.019128	15.5
27	-0.072830	0.564133	7.971707	0.015717	11.9
28	-0.065234	1.564132	7.618416	0.010387	15.8
29	-0.067367	2.514457	7.310522	0.006513	17.0
30	-0.063190	1.582461	7.612233	0.007246	10.2
31	-0.078363	0.695927	7.923282	0.008124	16.0
32	-0.061190	1.588254	7.610280	0.016869	9.7
33	-0.059141	0.888803	7.853465	0.015423	15.9
34	-0.049221	1.839810	7.526461	0.012825	13.3
35	-0.063399	1.057089	7.793546	0.012717	32.3
36	-0.061712	2.055255	7.456129	0.012032	11.0
37	-0.057491	3.050334	7.147632	0.011386	29.8
38	-0.057631	4.049332	6.862576	0.005540	25.2
39	-0.073456	3.223819	7.096443	0.007786	10.9
40	-0.074102	2.454148	7.329319	0.016816	22.6
41	-0.068892	2.331631	7.367807	0.014570	10.9
42	-0.067176	1.388449	7.678198	0.011732	20.3
43	-0.066635	2.117653	7.436003	0.010873	23.8
44	-0.069275	1.953103	7.489312	0.005956	10.5
45	-0.066893	1.085096	7.783663	0.005614	13.9
46	-0.064630	0.691784	7.924795	0.010362	11.1
47	-0.065607	1.526048	7.631296	0.010274	10.8
48	-0.064932	0.607788	7.955601	0.010050	11.5
49	-0.066341	1.547477	7.624043	0.022143	12.8
50	-0.057326	0.609763	7.954874	0.011709	7.2
51	-0.057008	0.000000	8.185854	0.012887	13.5
52	-0.056545	0.000000	8.185854	0.016298	13.5
53	-0.066603	0.999983	7.813776	0.013657	10.2
54	-0.072585	0.056827	8.163763	0.012938	12.2
55	-0.067093	0.000000	8.185854	0.009870	10.4
56	-0.057131	0.000000	8.185854	0.011393	8.3
57	-0.073785	0.999156	7.814070	0.010486	14.0
58	-0.059219	1.925054	7.498475	0.016649	11.3
59	-0.055885	0.981874	7.820213	0.005455	12.8
60	-0.074884	0.043608	8.168891	0.015174	8.4
61	-0.067008	0.000000	8.185854	0.005817	10.6
62	-0.071680	0.000000	8.185854	0.018542	12.4
63	-0.055040	0.999067	7.814102	0.012337	15.8
64	-0.067934	0.056435	8.163915	0.010173	9.7
65	-0.070713	0.000000	8.185854	0.008994	13.9
66	-0.068433	0.000000	8.185854	0.007865	13.1
67	-0.060944	0.000000	8.185854	0.005155	14.5
68	-0.075310	0.500536	7.995287	0.017175	12.8
69	-0.060542	0.000000	8.185854	0.011831	14.9
70	-0.073277	0.000000	8.185854	0.005682	16.8
71	-0.067297	0.000000	8.185854	0.018307	10.3
72	-0.073303	0.999975	7.813779	0.011541	15.7
73	-0.075269	0.071837	8.157948	0.008910	10.9
74	-0.067180	1.055576	7.794081	0.009336	18.0
75	-0.076469	0.117536	8.140294	0.007156	13.3
76	-0.072413	1.115987	7.772791	0.020647	13.6
77	-0.065672	2.115926	7.436559	0.014112	10.2
78	-0.070821	3.115862	7.128211	0.005580	11.9
79	-0.064387	3.022297	7.155975	0.012432	15.5
80	-0.058404	2.123013	7.434280	0.012614	10.7
81	-0.056888	1.180186	7.750293	0.013594	13.8
82	-0.060428	2.160790	7.422154	0.011213	10.9
83	-0.082073	1.303776	7.707347	0.004981	13.8
84	-0.068953	0.697117	7.922847	0.007828	12.0
85	-0.077216	0.415479	8.027042	0.011167	13.8
86	-0.061369	0.000000	8.185854	0.014430	9.1
87	-0.061027	0.143708	8.130218	0.012754	18.1
88	-0.071012	1.143707	7.763061	0.009729	12.5
89	-0.073128	2.138804	7.429206	0.005950	18.0
90	-0.072959	2.963024	7.173675	0.005834	11.1
91	-0.080130	2.508812	7.312277	0.009169	15.5
92	-0.079672	1.629469	7.596420	0.011295	8.6
93	-0.054935	1.236567	7.730642	0.019407	6.3
94	-0.083235	1.878714	7.513663	0.009823	6.0
95	-0.077362	0.935531	7.836735	0.009037	8.2
96	-0.069053	1.916609	7.501238	0.008260	9.3
97	-0.071922	1.563785	7.618533	0.011635	6.7
98	-0.075466	2.493439	7.317062	0.011754	9.0
99	-0.065539	3.485157	7.020700	0.013131	8.3
100	-0.089044	2.632382	7.274042	0.011138	7.1
101	-0.064372	3.632382	6.978738	0.011200	7.1
102	-0.080537	2.731077	7.243790	0.008480	9.0
103	-0.060752	3.669078	6.968357	0.018243	6.1
104	-0.066741	2.726030	7.245331	0.007524	7.8
105	-0.073002	3.726026	6.952308	0.012794	7.2
106	-0.074769	2.782870	7.228015	0.011322	8.5
107	-0.072959	3.778785	6.937505	0.006186	10.4
108	-0.064975	3.575999	6.994749	0.013458	10.0
109	-0.078203	4.370797	6.775622	0.013422	13.5
110	-0.064540	5.291027	6.538464	0.009758	10.1
111	-0.057004	6.291022	6.298883	0.012913	13.8
112	-0.065478	5.359231	6.521546	0.018099	15.5
113	-0.062883	5.320040	6.531257	0.012006	11.7
114	-0.064721	4.377308	6.773884	0.010175	14.9
115	-0.072920	5.125337	6.579932	0.019747	12.8
116	-0.075782	6.125279	6.337371	0.007460	11.3
117	-0.077653	5.182096	6.565668	0.011004	12.3
118	-0.067733	6.180761	6.324434	0.011892	11.0
119	-0.082353	6.541069	6.241695	0.009863	7.4
120	-0.065549	7.529937	6.025353	0.006105	14.3
121	-0.059386	8.522395	5.822798	0.016040	10.8
122	-0.070913	7.600379	6.010513	0.021046	11.9
123	-0.069595	6.657196	6.215487	0.010472	9.6
124	-0.078721	5.722320	6.432935	0.009665	9.7
125	-0.078385	6.719679	6.201477	0.016141	12.1
126	-0.074196	6.125841	6.337239	0.007799	10.3
127	-0.064513	7.112550	6.114812	0.003903	10.2
128	-0.073974	7.384191	6.056292	0.010493	12.7
129	-0.059984	7.179264	6.100335	0.011976	16.0
130	-0.076035	7.800235	5.968803	0.010988	7.6
131	-0.071351	6.857396	6.170819	0.019617	20.4
132	-0.076197	5.919625	6.385785	0.006922	19.3
133	-0.065049	5.084991	6.590110	0.009082	22.3
134	-0.066775	5.644705	6.451674	0.009470	13.5
135	-0.066182	6.639072	6.219563	0.008706	13.6
136	-0.067451	5.713392	6.435085	0.009857	10.0
137	-0.070552	6.690422	6.208029	0.013758	16.4
138	-0.073210	5.747239	6.426942	0.013724	13.5
139	-0.067906	6.688647	6.208427	0.009692	14.8
140	-0.085163	5.745492	6.427362	0.007243	11.6
141	-0.082083	6.388981	6.276354	0.009824	12.4
142	-0.072615	6.548240	6.240070	0.010189	14.3
143	-0.063714	5.700162	6.438273	0.008941	8.5
144	-0.071237	4.757118	6.673998	0.021565	10.6
145	-0.074063	5.715569	6.434560	0.007333	7.6
146	-0.079390	6.245876	6.309320	0.007057	8.3
147	-0.080582	5.585500	6.466041	0.008633	7.9
148	-0.074776	6.143485	6.333120	0.020938	6.7
149	-0.059276	7.142877	6.108222	0.005600	9.4
150	-0.068689	8.105439	5.906214	0.012832	8.0
151	-0.081705	7.849231	5.958666	0.007685	7.6
152	-0.073590	8.134365	5.900350	0.016261	5.9
153	-0.065213	7.191203	6.097751	0.010027	10.8
154	-0.053975	6.248020	6.308823	0.015331	12.7
155	-0.065428	7.231693	6.089006	0.013276	6.5
156	-0.062091	8.231693	5.880704	0.008234	10.4
157	-0.071000	7.388490	6.055375	0.012024	5.0
158	-0.067686	6.449059	6.262617	0.011368	9.6
159	-0.086956	5.507185	6.485145	0.007633	13.6
160	-0.068302	6.410632	6.271397	0.005937	10.3
161	-0.074330	6.560590	6.237274	0.014218	12.0
162	-0.075541	5.727481	6.431693	0.008174	9.3
163	-0.078011	4.788104	6.665978	0.013790	10.4
164	-0.065294	5.152981	6.572977	0.011804	12.7
165	-0.062034	6.152980	6.330905	0.009270	11.4
166	-0.064262	7.152940	6.106039	0.006954	9.4
167	-0.080674	6.335680	6.288592	0.009584	11.6
168	-0.088213	6.956995	6.148835	0.007531	10.1
169	-0.061032	6.015819	6.363048	0.006402	11.2
170	-0.064592	5.501919	6.486434	0.009572	13.8
171	-0.063417	5.973256	6.373088	0.010709	16.3
172	-0.080107	5.035656	6.602597	0.012949	16.5
173	-0.076905	4.092481	6.850775	0.009721	13.6
174	-0.080709	5.092225	6.588282	0.007698	13.7
175	-0.074061	6.059707	6.352728	0.015806	13.6
176	-0.062789	6.056919	6.353382	0.014047	9.2
177	-0.077935	5.310194	6.533701	0.011602	14.2
178	-0.081238	4.454291	6.753398	0.010403	11.8
179	-0.078769	3.511195	7.013242	0.005295	9.2
180	-0.073756	2.570573	7.293117	0.006954	13.0
181	-0.076972	1.846808	7.524156	0.014832	11.5
182	-0.078699	0.913564	7.844591	0.015420	14.0
183	-0.071346	0.000000	8.185854	0.012803	10.3
184	-0.071404	0.997819	7.814545	0.020160	7.4
185	-0.066010	0.054649	8.164607	0.009621	12.3
186	-0.074260	0.000000	8.185854	0.015492	9.8
187	-0.075325	0.000000	8.185854	0.015699	8.5
188	-0.079112	0.000000	8.185854	0.007833	14.7
189	-0.082272	0.000000	8.185854	0.007952	11.6
190	-0.076657	0.000000	8.185854	0.010002	9.7
191	-0.078608	0.989639	7.817452	0.009831	11.8
192	-0.056975	1.974845	7.482224	0.010731	10.6
193	-0.074927	2.974662	7.170192	0.007334	9.4
194	-0.079531	3.963246	6.886242	0.009296	15.1
195	-0.064644	3.250212	7.088719	0.010242	9.9
196	-0.082050	4.248074	6.808557	0.005426	18.8
197	-0.068757	4.801364	6.662553	0.011661	14.1
198	-0.079491	3.917190	6.898970	0.007528	11.8
199	-0.056106	3.121358	7.126587	0.008493	13.3
200	-0.080944	2.183461	7.414896	0.012235	8.0
201	-0.073480	1.904395	7.505238	0.016726	14.9
202	-0.077680	1.698057	7.573465	0.016700	11.1
203	-0.067354	2.698057	7.253884	0.008806	13.1
204	-0.073815	1.782108	7.545524	0.004210	16.8
205	-0.067379	2.736383	7.242171	0.019072	7.1
206	-0.065503	1.943508	7.492444	0.012826	12.9
207	-0.073731	1.000324	7.813655	0.012527	12.0
208	-0.060100	0.057158	8.163635	0.009075	9.6
209	-0.067711	0.000000	8.185854	0.011817	11.6
210	-0.067872	0.000000	8.185854	0.006049	12.0
211	-0.064176	0.583144	7.964685	0.008298	8.3
212	-0.077282	0.000000	8.185854	0.007679	11.5
213	-0.082299	0.564704	7.971496	0.012352	11.9
214	-0.091928	0.000000	8.185854	0.008921	8.1
215	-0.070115	0.999832	7.813830	0.009439	14.1
216	-0.069162	1.818217	7.533583	0.013408	12.2
217	-0.082436	2.313590	7.373508	0.010603	12.8
218	-0.080767	1.453771	7.655861	0.007071	15.5
219	-0.069680	1.267027	7.720067	0.005810	9.1
220	-0.088992	1.863236	7.518750	0.007341	16.3
221	-0.056932	1.422859	7.666415	0.008440	9.3
222	-0.076085	2.352695	7.361161	0.014394	14.0
223	-0.102196	2.750985	7.237719	0.015613	15.6
224	-0.073313	3.750985	6.945297	0.014315	8.6
225	-0.070131	4.750985	6.675587	0.011138	14.9
226	-0.072486	5.750674	6.426116	0.008976	11.5
227	-0.073534	6.727943	6.199629	0.010682	13.5
228	-0.071754	5.858344	6.400355	0.013757	8.0
229	-0.065302	6.792525	6.185222	0.007539	9.4
230	-0.064541	6.732608	6.198586	0.013169	7.0
231	-0.067673	7.709649	5.987637	0.017134	6.9
232	-0.060624	6.766909	6.190928	0.009572	6.9
233	-0.060695	7.696790	5.990320	0.007961	7.7
234	-0.066555	6.754365	6.193726	0.008844	6.1
235	-0.066573	5.827780	6.407647	0.017397	8.4
236	-0.079617	6.827768	6.177389	0.010530	7.0
237	-0.078587	5.890605	6.392677	0.010417	9.5
238	-0.074152	6.679877	6.210394	0.008345	15.4
239	-0.061614	5.740193	6.428635	0.010934	11.0
240	-0.086280	4.826353	6.656106	0.008960	9.9
241	-0.073208	3.883872	6.908207	0.008368	31.6
242	-0.077001	3.031056	7.153366	0.011488	25.4
243	-0.067220	3.967031	6.885198	0.015955	32.4
244	-0.064967	3.023897	7.155498	0.009701	45.0
245	-0.073351	2.082691	7.447266	0.009253	10.3
246	-0.067963	2.056281	7.455797	0.009508	11.0
247	-0.073195	3.045028	7.149210	0.007316	9.8
248	-0.069767	4.036964	6.865966	0.013655	9.9
249	-0.073336	5.036208	6.602457	0.014583	9.7
250	-0.074053	6.033430	6.358903	0.009549	11.5
251	-0.063928	5.090896	6.588618	0.014449	20.5
252	-0.073799	4.148339	6.835559	0.015208	13.0
253	-0.076133	3.205249	7.101887	0.011164	12.3
254	-0.062645	4.205249	6.820125	0.012122	23.8
255	-0.081515	3.265807	7.084164	0.003927	17.2
256	-0.066131	3.452160	7.030174	0.016764	10.1
257	-0.080292	2.718516	7.247626	0.013204	13.8
258	-0.071122	3.718516	6.954420	0.015036	22.1
259	-0.071082	4.718516	6.684015	0.012410	13.5
260	-0.075764	5.718262	6.433912	0.010632	11.1
261	-0.071581	4.776003	6.669108	0.009164	24.7
262	-0.077578	5.756156	6.424800	0.013802	16.4
263	-0.076374	5.705227	6.437052	0.010135	9.7
264	-0.072481	6.705227	6.204712	0.015388	13.3
265	-0.079904	5.762844	6.423194	0.007869	10.7
266	-0.067195	6.587873	6.231105	0.012285	14.9
267	-0.062038	5.697327	6.438957	0.016271	18.6
268	-0.078880	6.697327	6.206481	0.011691	13.4
269	-0.071963	7.697325	5.990208	0.011047	9.0
270	-0.075002	6.756051	6.193350	0.008172	15.7
271	-0.079417	5.829216	6.407304	0.007907	11.5
272	-0.067394	6.795512	6.184558	0.009777	13.0
273	-0.070378	7.793842	5.970129	0.014095	10.3
274	-0.067457	6.856066	6.171113	0.010558	11.0
275	-0.072375	5.913181	6.387314	0.010730	11.1
276	-0.065062	5.086271	6.589786	0.009439	10.1
277	-0.065873	6.086011	6.346558	0.014589	9.5
278	-0.078941	5.180412	6.566090	0.016326	16.2
279	-0.087504	4.272735	6.801913	0.017471	14.9
280	-0.063084	5.272715	6.543022	0.011326	14.8
281	-0.081867	4.330017	6.786531	0.010692	11.5
282	-0.066465	5.311352	6.533414	0.009655	10.0
283	-0.079804	4.372909	6.775058	0.017457	20.4
284	-0.078605	3.435542	7.034955	0.008911	11.0
285	-0.063812	4.372646	6.775129	0.006873	14.0
286	-0.075209	3.437961	7.034259	0.014878	15.3
287	-0.066938	4.437312	6.757905	0.009587	20.6
288	-0.068048	4.688721	6.691767	0.012896	10.9
289	-0.075907	5.688308	6.441133	0.011920	16.4
290	-0.067676	4.745844	6.676920	0.011897	12.8
291	-0.069329	3.802680	6.930821	0.009417	15.8
292	-0.069473	3.604631	6.986609	0.007925	15.3
293	-0.076835	4.404098	6.766741	0.010273	12.6
294	-0.065411	5.401742	6.511045	0.004698	14.0
295	-0.076562	4.489195	6.744150	0.012855	8.5
296	-0.066225	4.863056	6.646660	0.007464	18.0
297	-0.073969	4.656271	6.700231	0.008702	14.5
298	-0.071291	4.656553	6.700157	0.014741	18.3
299	-0.065554	5.656552	6.448807	0.008905	12.4
300	-0.065422	6.656544	6.215634	0.014930	17.7
301	-0.071233	5.713363	6.435092	0.011666	22.4
302	-0.075388	4.770179	6.670615	0.010572	18.1
303	-0.080294	3.838912	6.920711	0.009647	17.9
304	-0.069668	2.909720	7.189668	0.008100	13.4
305	-0.065441	3.474350	7.023800	0.007751	8.5
306	-0.069368	4.419419	6.762662	0.012531	14.5
307	-0.055035	5.371647	6.518476	0.009665	11.5
308	-0.065684	6.273482	6.302934	0.005640	14.2
309	-0.059432	5.334025	6.527789	0.014455	14.3
310	-0.065551	6.060784	6.352475	0.012193	9.2
311	-0.075058	5.315923	6.532279	0.011177	16.4
312	-0.062842	6.315764	6.293177	0.012398	12.1
313	-0.077487	7.291474	6.076139	0.009753	16.7
314	-0.081184	8.130120	5.901210	0.011508	10.6
315	-0.074396	9.121019	5.707076	0.009473	9.9
316	-0.065626	8.177857	5.891555	0.012604	13.3
317	-0.068667	7.246184	6.085882	0.013497	10.8
318	-0.089393	8.245403	5.877948	0.014470	8.7
319	-0.080020	7.302247	6.073827	0.009700	13.1
320	-0.071277	8.302245	5.866545	0.020125	11.0
321	-0.074564	7.377494	6.057721	0.008352	13.6
322	-0.073725	6.435349	6.265747	0.005898	8.7
323	-0.074995	6.703122	6.205183	0.011278	14.0
324	-0.084317	7.633997	6.003456	0.007666	14.4
325	-0.075788	8.632135	5.801234	0.007982	11.2
326	-0.081383	8.634117	5.800846	0.011514	12.6
327	-0.075701	9.614587	5.615067	0.010959	12.2
328	-0.065637	10.589645	5.441750	0.007925	9.9
329	-0.078607	10.472164	5.462063	0.011290	13.2
330	-0.076788	9.648095	5.608928	0.013506	13.6
331	-0.077184	8.744913	5.779238	0.011542	14.7
332	-0.062803	7.814094	5.965933	0.012106	12.9
333	-0.073026	6.871506	6.167695	0.009488	8.6
334	-0.077500	7.798710	5.969120	0.008884	14.7
335	-0.070658	8.749285	5.778389	0.007901	11.8
336	-0.085216	9.472434	5.641261	0.012365	13.8
337	-0.080273	8.624727	5.802685	0.010556	15.4
338	-0.061573	9.624353	5.613276	0.007387	7.7
339	-0.066094	8.758794	5.776543	0.009394	17.4
340	-0.079269	7.952537	5.937405	0.006302	15.5
341	-0.084135	7.560534	6.018898	0.013698	15.1
342	-0.065500	8.526379	5.822012	0.015567	13.4
343	-0.078699	7.583226	6.014120	0.013196	15.3
344	-0.078028	6.640044	6.219344	0.012010	15.8
345	-0.071660	7.475592	6.036852	0.011455	15.4
346	-0.058625	6.532417	6.243656	0.008115	14.3
347	-0.079620	6.024781	6.360938	0.016111	8.5
348	-0.075375	7.024613	6.133999	0.011722	13.7
349	-0.071962	8.024277	5.922729	0.010606	10.9
350	-0.073420	7.081095	6.121661	0.014599	12.6
351	-0.067883	6.137916	6.334419	0.010451	10.5
352	-0.070127	7.068693	6.124366	0.008320	11.9
353	-0.074278	6.276154	6.302316	0.008857	10.9
354	-0.070890	5.680355	6.443053	0.009850	10.2
355	-0.068327	5.085456	6.589992	0.011622	12.1
356	-0.067262	6.075330	6.349062	0.010096	18.3
357	-0.067002	6.987639	6.142102	0.015010	14.4
358	-0.075692	7.987006	5.930345	0.008127	18.2
359	-0.071120	7.659866	5.998037	0.008183	9.8
360	-0.071717	7.443197	6.043728	0.014092	13.5
361	-0.066393	7.434737	6.045526	0.010828	11.1
362	-0.066387	8.433492	5.840386	0.011482	13.5
363	-0.079163	9.071977	5.716383	0.008689	16.3
364	-0.083397	8.368087	5.853393	0.005894	10.8
365	-0.075842	8.958173	5.738098	0.006877	13.7
366	-0.072665	8.195559	5.887983	0.008750	10.2
367	-0.060487	9.081871	5.714503	0.004583	13.2
368	-0.062912	8.218154	5.883429	0.010537	11.5
369	-0.067937	7.282840	6.077994	0.010686	9.8
370	-0.067721	6.340857	6.287401	0.011011	7.2
371	-0.068514	7.301671	6.073950	0.010175	8.5
372	-0.067160	8.243801	5.878270	0.009142	7.3
373	-0.072123	9.060573	5.718552	0.010925	9.6
374	-0.079754	8.143987	5.898402	0.013380	9.7
375	-0.076033	8.652852	5.797181	0.008686	7.1
376	-0.078498	7.833128	5.961994	0.018198	6.8
377	-0.079889	8.807458	5.767112	0.013464	10.0
378	-0.076141	9.807458	5.579913	0.017845	10.0
379	-0.078077	10.802735	5.405288	0.009714	11.6
380	-0.073213	11.802386	5.240562	0.012913	8.5
381	-0.075667	10.860950	5.395412	0.013203	14.1
382	-0.079972	9.917766	5.560005	0.006662	9.2
383	-0.078543	8.980555	5.733815	0.007059	14.0
384	-0.071038	8.042231	5.919068	0.006396	15.8
385	-0.084598	8.909062	5.747520	0.008874	11.5
386	-0.084053	9.904418	5.562407	0.009948	13.1
387	-0.066107	8.980325	5.733859	0.010756	12.4
388	-0.064765	8.037764	5.919979	0.007924	10.2
389	-0.073754	7.096876	6.118223	0.006245	15.2
390	-0.084349	7.807859	5.967224	0.010911	12.0
391	-0.073119	8.485314	5.830121	0.006808	8.7
392	-0.068796	9.469069	5.641884	0.010001	13.3
393	-0.068565	9.454016	5.644672	0.011543	10.0
394	-0.071904	8.517293	5.823804	0.011723	12.6
395	-0.071453	9.515321	5.633332	0.013847	13.1
396	-0.069112	10.515320	5.454583	0.007394	9.1
397	-0.079576	11.476834	5.293094	0.013614	15.2
398	-0.073615	10.535416	5.451107	0.010480	11.2
399	-0.071369	9.592362	5.619146	0.010704	13.3
400	-0.067595	10.551792	5.448278	0.010965	10.0
401	-0.082642	11.539317	5.282930	0.006774	14.6
402	-0.049626	12.163746	5.183460	0.010049	22.9
403	-0.076054	12.864452	5.076206	0.013129	9.2
404	-0.071700	12.348391	5.154760	0.011230	16.5
405	-0.075402	11.416510	5.302944	0.004119	11.7
406	-0.067618	12.327301	5.158022	0.015457	14.0
407	-0.066940	11.428754	5.300942	0.012102	10.8
408	-0.081063	11.101887	5.354917	0.007140	8.6
409	-0.071510	12.096599	5.193976	0.010702	16.0
410	-0.073680	11.189896	5.340277	0.012052	10.6
411	-0.060774	10.438267	5.467952	0.008568	15.3
412	-0.073840	11.394953	5.306473	0.007468	14.6
413	-0.070486	10.452868	5.465414	0.014317	10.6
414	-0.075558	11.449508	5.297552	0.008340	20.0
415	-0.076783	12.439386	5.140733	0.008986	18.6
416	-0.081645	12.540544	5.125228	0.010136	14.9
417	-0.081948	11.611750	5.271197	0.014136	12.8
418	-0.063572	10.669320	5.428059	0.011759	10.6
419	-0.078901	9.726465	5.594622	0.014530	10.6
420	-0.082932	8.990272	5.731957	0.014313	11.0
421	-0.066443	9.244793	5.683720	0.013356	9.3
422	-0.071646	10.244793	5.501811	0.005899	9.6
423	-0.080113	11.152377	5.346508	0.015867	7.9
424	-0.082223	10.217348	5.506648	0.010333	12.7
425	-0.079774	9.274165	5.678206	0.007238	10.7
426	-0.079213	10.178469	5.513515	0.005814	9.0
427	-0.080461	10.935119	5.382881	0.007215	12.9
428	-0.072910	11.088386	5.357170	0.010803	12.1
429	-0.072238	12.070046	5.198147	0.008007	14.9
430	-0.076575	12.957119	5.062354	0.006382	12.4
431	-0.077307	13.946150	4.919081	0.009879	13.5
432	-0.063902	13.008426	5.054716	0.009664	16.0
433	-0.073871	12.065263	5.198898	0.007496	15.8
434	-0.078677	11.317263	5.319230	0.011989	15.7
435	-0.085612	10.376404	5.478733	0.007683	17.4
436	-0.073973	9.977934	5.549206	0.019063	19.5
437	-0.075790	10.977614	5.375728	0.015911	43.6
438	-0.074755	10.034431	5.539104	0.010978	15.7
439	-0.072472	11.010822	5.370151	0.010841	15.9
440	-0.072159	10.298049	5.492449	0.008916	18.1
441	-0.067211	11.298029	5.322397	0.007111	12.4
442	-0.084854	11.026776	5.367476	0.010292	9.0
443	-0.069224	10.850880	5.397118	0.011083	8.7
444	-0.075990	11.849829	5.232994	0.009416	12.7
445	-0.073929	12.005920	5.208246	0.013700	13.2
446	-0.080972	12.017018	5.206495	0.012254	8.3
447	-0.069548	11.102010	5.354897	0.009050	19.4
448	-0.077055	11.795216	5.241708	0.008653	10.5
449	-0.066107	11.885987	5.227240	0.004813	16.5
450	-0.071051	11.192802	5.339794	0.013404	10.8
451	-0.063550	10.442055	5.467294	0.003764	23.1
452	-0.076508	10.186010	5.512181	0.008133	11.1
453	-0.057243	10.237799	5.503043	0.008196	22.2
454	-0.075966	9.307630	5.671936	0.010026	14.8
455	-0.080252	8.618104	5.803982	0.005418	11.9
456	-0.077679	9.423874	5.650265	0.010143	14.1
457	-0.068251	8.491094	5.828978	0.009348	17.5
458	-0.066429	7.829960	5.962649	0.013407	12.6
459	-0.078701	7.498028	6.032100	0.023096	26.4
460	-0.077722	6.554845	6.238574	0.005463	12.0
461	-0.075292	6.810225	6.181286	0.007496	17.4
462	-0.080013	6.277672	6.301965	0.012529	10.9
463	-0.057431	5.417178	6.507241	0.007278	16.8
464	-0.075969	6.369037	6.280928	0.017661	10.9
465	-0.071150	7.106273	6.116177	0.007904	16.9
466	-0.081885	6.163090	6.328549	0.013106	16.7
467	-0.075970	7.160858	6.104322	0.011918	15.7
468	-0.074637	6.467044	6.258516	0.009801	12.9
469	-0.069888	5.542908	6.476417	0.007777	14.9
470	-0.065344	5.740518	6.428557	0.012162	15.3
471	-0.073009	4.797497	6.663551	0.008072	11.9
472	-0.080188	3.854709	6.916313	0.014717	20.4
473	-0.070534	2.912086	7.188956	0.009969	9.3
474	-0.055913	1.969131	7.484086	0.008430	16.0
475	-0.076822	1.046586	7.797259	0.008397	15.3
476	-0.070176	0.477757	8.003766	0.014965	15.0
477	-0.072958	1.476958	7.647963	0.013515	12.1
478	-0.072358	2.473773	7.323192	0.008721	16.7
479	-0.074623	3.471838	7.024521	0.012895	12.5
480	-0.076955	2.528670	7.306105	0.011501	16.7
481	-0.069782	3.528670	7.008246	0.014251	15.3
482	-0.074408	4.526178	6.734379	0.005533	14.8
483	-0.073191	3.605686	6.986310	0.013653	13.4
484	-0.063232	2.662773	7.264700	0.015435	10.5
485	-0.077168	3.662716	6.970155	0.012324	13.4
486	-0.075605	4.580623	6.720045	0.008902	14.6
487	-0.077778	5.580602	6.467233	0.011424	13.7
488	-0.058175	6.390468	6.276013	0.006246	11.5
489	-0.064053	5.448501	6.499534	0.014911	12.9
490	-0.085736	6.404087	6.272895	0.009998	11.5
491	-0.068832	5.783702	6.418192	0.013240	13.5
492	-0.077335	4.840589	6.652439	0.014910	14.9
493	-0.067292	5.819875	6.409536	0.010247	12.5
494	-0.089252	6.819861	6.179145	0.012894	13.9
495	-0.078790	7.195301	6.096865	0.011342	13.8
496	-0.074603	8.195301	5.888035	0.014522	9.1
497	-0.075140	9.187153	5.694573	0.006247	16.9
498	-0.069106	8.275817	5.871841	0.013780	12.8
499	-0.083387	7.448344	6.042634	0.015965	18.6
Time spent in resolution 0 (ITK initialization and iterating): 8.051 s.
Stopping condition: Maximum number of iterations has been reached.
Settings of AdaptiveStochasticGradientDescent in resolution 0:
( SP_a 171.902944 )
( SP_A 20.000000 )
( SP_alpha 1.000000 )
( SigmoidMax 1.000000 )
( SigmoidMin -0.943184 )
( SigmoidScale 0.000008 )



=============== start of TransformParameterFile ===============
(Transform "EulerTransform")
(NumberOfParameters 6)
(TransformParameters -0.001544 0.017143 -0.007443 0.365320 2.072095 6.273580)
(InitialTransformParametersFileName "NoInitialTransform")
(UseBinaryFormatForTransformationParameters "false")
(HowToCombineTransforms "Compose")

// Image specific
(FixedImageDimension 3)
(MovingImageDimension 3)
(FixedInternalImagePixelType "float")
(MovingInternalImagePixelType "float")
(Size 256 256 30)
(Index 0 0 0)
(Spacing 0.7031250000 0.7031250000 3.0000000000)
(Origin -100.3257064819 -74.2298355103 132.0588226318)
(Direction 1.0000000000 0.0000000000 0.0000000000 0.0000000000 1.0000000000 0.0000000000 0.0000000000 0.0000000000 1.0000000000)
(UseDirectionCosines "false")

// EulerTransform specific
(CenterOfRotationPoint -10.6772689819 15.4186019897 175.5588226318)
(ComputeZYX "false")

// ResampleInterpolator specific
(ResampleInterpolator "FinalBSplineInterpolator")
(FinalBSplineInterpolationOrder 3)

// Resampler specific
(Resampler "DefaultResampler")
(DefaultPixelValue 0.000000)
(ResultImageFormat "nii.gz")
(ResultImagePixelType "short")
(CompressResultImage "false")

=============== end of TransformParameterFile ===============

Creating the TransformParameterFile took 0.01s

Registration result checksum: 3938689682

Skipping applying final transform, no resulting output image generated.

Final metric value  = -0.083387
Settings of AdaptiveStochasticGradientDescent for all resolutions:
( SP_a 171.902944 )
( SP_A 20.000000 )
( SP_alpha 1.000000 )
( SigmoidMax 1.000000 )
( SigmoidMin -0.943184 )
( SigmoidScale 0.000008 )

Time spent on saving the results, applying the final transform etc.: 9 ms.
Running elastix with parameter file 0: "/Users/sakinkirti/Programming/Python/CCIPD/racial-disparity-pca/code_matlab/rigid.txt", has finished.


Current time: Mon May 23 13:31:42 2022.
Time used for running elastix with this parameter file:
  8.2s.

-------------------------------------------------------------------------

Total time elapsed: 8.4s.

