
elastix is started at Mon May 23 08:27:22 2022.

which elastix:   /Users/sakinkirti/Programming/Python/CCIPD/racial-disparity-pca/code_matlab/elastix-5.0.0-mac/bin/elastix
elastix runs at: Sakins-MBP.hsd1.ca.comcast.net
  macOS 12.3.1 (x64), 21E258
  with 8192 MB memory, and 2 cores @ 2300 MHz.
-------------------------------------------------------------------------

Running elastix with parameter file 0: "/Users/sakinkirti/Programming/Python/CCIPD/racial-disparity-pca/code_matlab/rigid.txt".

Current time: Mon May 23 08:27:22 2022.
Reading the elastix parameters from file ...

Installing all components.
InstallingComponents was successful.

ELASTIX version: 5.000
Command line options from ElastixBase:
-f        /Users/sakinkirti/Programming/Python/CCIPD/racial-disparity-pca/dataset/to_nifti_cleaned/prostate-001241/ADC.nii.gz
-m        /Users/sakinkirti/Programming/Python/CCIPD/racial-disparity-pca/dataset/to_nifti_cleaned/prostate-001241/T2W.nii.gz
-fMask    unspecified, so no fixed mask used
-mMask    unspecified, so no moving mask used
-out      /Users/sakinkirti/Programming/Python/CCIPD/racial-disparity-pca/dataset/to_nifti_cleaned/prostate-001241/
-p        /Users/sakinkirti/Programming/Python/CCIPD/racial-disparity-pca/code_matlab/rigid.txt
-threads  unspecified, so all available threads are used
Command line options from TransformBase:
-t0       unspecified, so no initial transform used

=============== start of ParameterFile: /Users/sakinkirti/Programming/Python/CCIPD/racial-disparity-pca/code_matlab/rigid.txt ===============
// Example parameter file for rotation registration
// C-style comments: //

// The internal pixel type, used for internal computations
// Leave to float in general. 
// NB: this is not the type of the input images! The pixel 
// type of the input images is automatically read from the 
// images themselves.
// This setting can be changed to "short" to save some memory
// in case of very large 3D images.
(FixedInternalImagePixelType "float")
(MovingInternalImagePixelType "float")

// The dimensions of the fixed and moving image
// Up to elastix 4.5 this had to be specified by the user.
// From elastix 4.6, this is not necessary anymore.
//(FixedImageDimension 3)
//(MovingImageDimension 3)

// Specify whether you want to take into account the so-called
// direction cosines of the images. Recommended: true.
// In some cases, the direction cosines of the image are corrupt,
// due to image format conversions for example. In that case, you 
// may want to set this option to "false".
(UseDirectionCosines "false")

// **************** Main Components **************************

// The following components should usually be left as they are:
(Registration "MultiResolutionRegistration")
(Interpolator "BSplineInterpolator")
(ResampleInterpolator "FinalBSplineInterpolator")
(Resampler "DefaultResampler")

// These may be changed to Fixed/MovingSmoothingImagePyramid.
// See the manual.
(FixedImagePyramid "FixedRecursiveImagePyramid")
(MovingImagePyramid "MovingRecursiveImagePyramid")

// The following components are most important:
// The optimizer AdaptiveStochasticGradientDescent (ASGD) works
// quite ok in general. The Transform and Metric are important
// and need to be chosen careful for each application. See manual.
(Optimizer "AdaptiveStochasticGradientDescent")
(Transform "EulerTransform")
(Metric "AdvancedMattesMutualInformation")

// ***************** Transformation **************************

// Scales the rotations compared to the translations, to make
// sure they are in the same range. In general, it's best to  
// use automatic scales estimation:
(AutomaticScalesEstimation "true")

// Automatically guess an initial translation by aligning the
// geometric centers of the fixed and moving.
(AutomaticTransformInitialization "true")

// Whether transforms are combined by composition or by addition.
// In generally, Compose is the best option in most cases.
// It does not influence the results very much.
(HowToCombineTransforms "Compose")

// ******************* Similarity measure *********************

// Number of grey level bins in each resolution level,
// for the mutual information. 16 or 32 usually works fine.
// You could also employ a hierarchical strategy:
//(NumberOfHistogramBins 16 32 64)
(NumberOfHistogramBins 32)

// If you use a mask, this option is important. 
// If the mask serves as region of interest, set it to false.
// If the mask indicates which pixels are valid, then set it to true.
// If you do not use a mask, the option doesn't matter.
(ErodeMask "false")

// ******************** Multiresolution **********************

// The number of resolutions. 1 Is only enough if the expected
// deformations are small. 3 or 4 mostly works fine. For large
// images and large deformations, 5 or 6 may even be useful.
(NumberOfResolutions 1)

// The downsampling/blurring factors for the image pyramids.
// By default, the images are downsampled by a factor of 2
// compared to the next resolution.
// So, in 2D, with 4 resolutions, the following schedule is used:
//(ImagePyramidSchedule 8 8  4 4  2 2  1 1 )
// And in 3D:
//(ImagePyramidSchedule 8 8 8  4 4 4  2 2 2  1 1 1 )
// You can specify any schedule, for example:
//(ImagePyramidSchedule 4 4  4 3  2 1  1 1 )
// Make sure that the number of elements equals the number
// of resolutions times the image dimension.

// ******************* Optimizer ****************************

// Maximum number of iterations in each resolution level:
// 200-500 works usually fine for rigid registration.
// For more robustness, you may increase this to 1000-2000.
(MaximumNumberOfIterations 500)

// The step size of the optimizer, in mm. By default the voxel size is used.
// which usually works well. In case of unusual high-resolution images
// (eg histology) it is necessary to increase this value a bit, to the size
// of the "smallest visible structure" in the image:
//(MaximumStepLength 1.0)

// **************** Image sampling **********************

// Number of spatial samples used to compute the mutual
// information (and its derivative) in each iteration.
// With an AdaptiveStochasticGradientDescent optimizer,
// in combination with the two options below, around 2000
// samples may already suffice.
(NumberOfSpatialSamples 2000)

// Refresh these spatial samples in every iteration, and select
// them randomly. See the manual for information on other sampling
// strategies.
(NewSamplesEveryIteration "true")
(ImageSampler "Random")

// ************* Interpolation and Resampling ****************

// Order of B-Spline interpolation used during registration/optimisation.
// It may improve accuracy if you set this to 3. Never use 0.
// An order of 1 gives linear interpolation. This is in most 
// applications a good choice.
(BSplineInterpolationOrder 1)

// Order of B-Spline interpolation used for applying the final
// deformation.
// 3 gives good accuracy; recommended in most cases.
// 1 gives worse accuracy (linear interpolation)
// 0 gives worst accuracy, but is appropriate for binary images
// (masks, segmentations); equivalent to nearest neighbor interpolation.
(FinalBSplineInterpolationOrder 3)

//Default pixel value for pixels that come from outside the picture:
(DefaultPixelValue 0)

// Choose whether to generate the deformed moving image.
// You can save some time by setting this to false, if you are
// only interested in the final (nonrigidly) deformed moving image
// for example.
(WriteResultImage "false")

// The pixel type and format of the resulting deformed moving image
(ResultImagePixelType "short")
(ResultImageFormat "nii.gz")




=============== end of ParameterFile: /Users/sakinkirti/Programming/Python/CCIPD/racial-disparity-pca/code_matlab/rigid.txt ===============


Reading images...
Reading images took 95 ms.

WARNING: the fixed pyramid schedule is not fully specified!
  A default pyramid schedule is used.
WARNING: the moving pyramid schedule is not fully specified!
  A default pyramid schedule is used.
WARNING: The parameter "AutomaticTransformInitializationMethod", requested at entry number 0, does not exist at all.
  The default value "GeometricalCenter" is used instead.
Transform parameters are initialized as: [0, 0, 0, 3.1512917280197144, 6.415253520011902, 17.709678649902344]
Scales are estimated automatically.
Scales for transform parameters are: [5346.648822491219, 5346.648822491228, 9788.797644982396, 1, 1, 1]
Initialization of all components (before registration) took: 8 ms.
Preparation of the image pyramids took: 5 ms.

Resolution: 0
WARNING: The parameter "ShowExactMetricValue", requested at entry number 0, does not exist at all.
  The default value "false" is used instead.
WARNING: The parameter "CheckNumberOfSamples", requested at entry number 0, does not exist at all.
  The default value "true" is used instead.
WARNING: The parameter "UseMultiThreadingForMetrics", requested at entry number 0, does not exist at all.
  The default value "true" is used instead.
Setting the fixed masks took: 0 ms.
Setting the moving masks took: 0 ms.
WARNING: The parameter "NumberOfFixedHistogramBins", requested at entry number 0, does not exist at all.
  The default value "32" is used instead.
WARNING: The parameter "NumberOfMovingHistogramBins", requested at entry number 0, does not exist at all.
  The default value "32" is used instead.
WARNING: The parameter "FixedLimitRangeRatio", requested at entry number 0, does not exist at all.
  The default value "0.01" is used instead.
WARNING: The parameter "MovingLimitRangeRatio", requested at entry number 0, does not exist at all.
  The default value "0.01" is used instead.
WARNING: The parameter "FixedKernelBSplineOrder", requested at entry number 0, does not exist at all.
  The default value "0" is used instead.
WARNING: The parameter "MovingKernelBSplineOrder", requested at entry number 0, does not exist at all.
  The default value "3" is used instead.
WARNING: The parameter "UseFastAndLowMemoryVersion", requested at entry number 0, does not exist at all.
  The default value "true" is used instead.
WARNING: The parameter "UseJacobianPreconditioning", requested at entry number 0, does not exist at all.
  The default value "false" is used instead.
WARNING: The parameter "FiniteDifferenceDerivative", requested at entry number 0, does not exist at all.
  The default value "false" is used instead.
WARNING: The parameter "SP_A", requested at entry number 0, does not exist at all.
  The default value "20" is used instead.
WARNING: The parameter "MaximumNumberOfSamplingAttempts", requested at entry number 0, does not exist at all.
  The default value "0" is used instead.
WARNING: The parameter "SigmoidInitialTime", requested at entry number 0, does not exist at all.
  The default value "0" is used instead.
WARNING: The parameter "MaxBandCovSize", requested at entry number 0, does not exist at all.
  The default value "192" is used instead.
WARNING: The parameter "NumberOfBandStructureSamples", requested at entry number 0, does not exist at all.
  The default value "10" is used instead.
WARNING: The parameter "UseAdaptiveStepSizes", requested at entry number 0, does not exist at all.
  The default value "true" is used instead.
WARNING: The parameter "AutomaticParameterEstimation", requested at entry number 0, does not exist at all.
  The default value "true" is used instead.
WARNING: The parameter "UseConstantStep", requested at entry number 0, does not exist at all.
  The default value "false" is used instead.
WARNING: The parameter "MaximumStepLengthRatio", requested at entry number 0, does not exist at all.
  The default value "1" is used instead.
WARNING: The parameter "MaximumStepLength", requested at entry number 0, does not exist at all.
  The default value "0.957623" is used instead.
WARNING: The parameter "NumberOfGradientMeasurements", requested at entry number 0, does not exist at all.
  The default value "0" is used instead.
WARNING: The parameter "NumberOfJacobianMeasurements", requested at entry number 0, does not exist at all.
  The default value "1000" is used instead.
WARNING: The parameter "NumberOfSamplesForExactGradient", requested at entry number 0, does not exist at all.
  The default value "100000" is used instead.
WARNING: The parameter "SigmoidScaleFactor", requested at entry number 0, does not exist at all.
  The default value "0.1" is used instead.
Elastix initialization of all components (for this resolution) took: 2 ms.
  Computing the fixed image extrema took 3 ms.
  Computing the moving image extrema took 7 ms.
Initialization of AdvancedMattesMutualInformation metric took: 98 ms.
Starting automatic parameter estimation for AdaptiveStochasticGradientDescent ...
WARNING: The parameter "ASGDParameterEstimationMethod", requested at entry number 0, does not exist at all.
  The default value "Original" is used instead.
  Computing JacobianTerms ...
  Computing the Jacobian terms took 0.003790s
  NumberOfGradientMeasurements to estimate sigma_i: 6
  Sampling gradients ...
  Sampling the gradients took 0.553669s
Automatic parameter estimation took 0.56s
1:ItNr	2:Metric	3a:Time	3b:StepSize	4:||Gradient||	Time[ms]
0	-0.093562	0.000000	5.210299	0.010318	659.1
1	-0.104325	0.000000	5.210299	0.031143	2.6
2	-0.092127	0.000000	5.210299	0.015434	7.8
3	-0.087087	1.000000	4.973467	0.020999	4.9
4	-0.078891	0.064704	5.194294	0.016161	4.2
5	-0.077616	1.064704	4.958882	0.013266	3.7
6	-0.111549	2.031584	4.750706	0.026622	2.9
7	-0.110121	1.097147	4.951602	0.010106	2.9
8	-0.111012	0.161857	5.170448	0.028368	5.9
9	-0.125252	0.000000	5.210299	0.014428	3.8
10	-0.081564	0.000000	5.210299	0.016937	6.0
11	-0.110986	0.000000	5.210299	0.010115	6.1
12	-0.091166	0.000000	5.210299	0.022665	3.7
13	-0.074892	0.000000	5.210299	0.025258	1.9
14	-0.098472	0.000000	5.210299	0.011127	2.0
15	-0.099908	0.000000	5.210299	0.011280	8.4
16	-0.094350	0.000000	5.210299	0.011291	2.5
17	-0.078346	0.000000	5.210299	0.011472	3.7
18	-0.108684	0.000000	5.210299	0.014948	3.6
19	-0.093977	0.922660	4.991013	0.015046	2.3
20	-0.085034	0.000000	5.210299	0.014764	2.5
21	-0.130422	0.000000	5.210299	0.015973	5.2
22	-0.098842	0.000000	5.210299	0.016286	4.0
23	-0.134202	0.000000	5.210299	0.024574	2.3
24	-0.119202	1.000000	4.973467	0.023266	5.0
25	-0.065088	0.064665	5.194304	0.015141	2.8
26	-0.105788	0.000000	5.210299	0.018485	4.4
27	-0.089065	0.804030	5.018167	0.011121	2.9
28	-0.088449	0.000000	5.210299	0.020252	4.4
29	-0.111387	0.999998	4.973467	0.023469	3.8
30	-0.095347	0.064664	5.194304	0.026713	2.2
31	-0.126466	1.064664	4.958892	0.011745	3.0
32	-0.060737	2.064656	4.743894	0.017343	5.1
33	-0.068791	3.059529	4.547731	0.016000	3.7
34	-0.096692	2.124197	4.731679	0.009148	2.5
35	-0.104177	1.189160	4.931069	0.011538	3.6
36	-0.102277	2.182211	4.719838	0.026279	5.5
37	-0.083724	3.145732	4.531495	0.012976	4.1
38	-0.111775	4.145732	4.351286	0.014552	3.9
39	-0.082140	3.211009	4.519278	0.018300	2.7
40	-0.081874	4.211007	4.340020	0.012008	5.2
41	-0.091024	4.209760	4.340235	0.014810	3.4
42	-0.098633	5.114903	4.189802	0.020566	4.4
43	-0.100350	6.114734	4.035307	0.020144	4.2
44	-0.087140	5.181255	4.179184	0.012533	2.9
45	-0.100521	6.181254	4.025431	0.010647	5.0
46	-0.084237	7.160211	3.885492	0.015715	3.6
47	-0.084138	7.324740	3.862922	0.010899	4.7
48	-0.093243	8.322758	3.731445	0.018779	3.0
49	-0.107363	7.387537	3.854377	0.011982	3.3
50	-0.095487	8.382144	3.723904	0.021273	4.7
51	-0.105665	7.446845	3.846341	0.019418	2.5
52	-0.084275	6.513647	3.976800	0.015152	5.0
53	-0.072763	5.578316	4.116750	0.013907	3.3
54	-0.084130	4.642982	4.266909	0.016926	5.2
55	-0.110364	3.710366	4.427950	0.015085	2.9
56	-0.100676	4.685812	4.259794	0.007632	2.1
57	-0.100207	3.752770	4.420365	0.013419	4.9
58	-0.090971	4.017510	4.373588	0.017819	3.5
59	-0.115083	5.017503	4.205487	0.017277	2.5
60	-0.104262	4.730075	4.252466	0.024630	2.7
61	-0.096484	3.795287	4.412785	0.017942	4.4
62	-0.098985	2.859952	4.585771	0.019734	5.6
63	-0.110736	3.859951	4.401307	0.013878	4.4
64	-0.126713	2.924616	4.573376	0.017114	3.1
65	-0.081708	3.923722	4.390045	0.014033	5.3
66	-0.101210	2.990343	4.560847	0.005578	3.0
67	-0.112357	2.067025	4.743406	0.017168	2.9
68	-0.089565	1.221191	4.923961	0.013037	2.6
69	-0.090245	2.221190	4.711915	0.017937	5.6
70	-0.111169	1.285869	4.909671	0.010555	2.5
71	-0.103258	0.353840	5.123962	0.019108	3.5
72	-0.089161	1.353836	4.894743	0.009824	3.5
73	-0.081040	2.310871	4.693788	0.013210	5.3
74	-0.091733	1.890306	4.780027	0.020836	2.3
75	-0.114521	2.890306	4.579944	0.014252	4.0
76	-0.069532	3.890273	4.395945	0.019373	2.6
77	-0.109996	4.889602	4.226263	0.019591	4.4
78	-0.122474	5.889311	4.069136	0.012672	3.7
79	-0.104745	6.885577	3.923759	0.014915	4.3
80	-0.109408	7.483059	3.841451	0.015026	2.8
81	-0.104706	6.547762	3.971875	0.019997	4.9
82	-0.076454	7.547762	3.832744	0.022429	2.9
83	-0.093829	8.544122	3.703487	0.013503	3.8
84	-0.101121	7.608787	3.824569	0.011789	2.3
85	-0.083803	8.050596	3.766404	0.028751	6.7
86	-0.108817	7.115261	3.891704	0.011734	2.4
87	-0.108287	8.115261	3.758039	0.012382	6.0
88	-0.106208	9.114989	3.633283	0.007000	9.0
89	-0.080550	10.020696	3.527202	0.009279	2.1
90	-0.099045	9.303941	3.610628	0.015791	4.2
91	-0.086901	8.698400	3.684248	0.018027	4.1
92	-0.067620	9.698400	3.564234	0.016239	4.4
93	-0.085889	8.784091	3.673648	0.025078	2.4
94	-0.106513	9.784091	3.554312	0.011628	2.8
95	-0.115212	8.848756	3.665690	0.010930	4.1
96	-0.097287	9.837071	3.548206	0.015050	3.9
97	-0.089583	10.526990	3.470559	0.006501	3.8
98	-0.103446	10.807171	3.439988	0.021631	3.4
99	-0.105209	11.776778	3.338225	0.011437	4.6
100	-0.089589	11.078090	3.410935	0.010224	2.9
101	-0.075664	10.288203	3.497046	0.004920	3.7
102	-0.099315	10.859659	3.434320	0.018838	4.0
103	-0.098780	10.896256	3.430380	0.020417	5.5
104	-0.102653	9.960922	3.534012	0.017729	2.2
105	-0.110346	9.025587	3.644101	0.019997	2.2
106	-0.122343	8.090252	3.761269	0.019522	4.7
107	-0.103949	9.090252	3.636270	0.019279	6.0
108	-0.096948	10.090225	3.519314	0.013705	3.5
109	-0.099772	11.089588	3.409713	0.015667	3.5
110	-0.097026	12.089534	3.306673	0.026558	6.5
111	-0.107671	13.061198	3.212344	0.011856	3.1
112	-0.108340	14.061198	3.120723	0.015927	2.3
113	-0.094871	13.128213	3.206036	0.021566	2.7
114	-0.086722	12.192879	3.296378	0.018695	3.6
115	-0.120621	11.257544	3.391959	0.011970	5.1
116	-0.100726	12.257536	3.289969	0.018631	3.7
117	-0.077451	11.322207	3.385173	0.028505	2.6
118	-0.087732	10.386873	3.486052	0.013677	3.6
119	-0.112794	9.451538	3.593128	0.018163	4.0
120	-0.080158	10.451463	3.478893	0.009778	2.8
121	-0.076900	10.353359	3.489778	0.015040	2.7
122	-0.099562	9.425027	3.596259	0.020422	3.8
123	-0.076835	8.489698	3.710322	0.023536	5.8
124	-0.102560	7.554364	3.831858	0.009337	4.2
125	-0.094693	7.803489	3.798716	0.018161	2.0
126	-0.123284	6.932858	3.917117	0.028450	3.8
127	-0.092058	7.932036	3.781838	0.010788	5.2
128	-0.084764	6.996701	3.908185	0.018271	3.8
129	-0.094770	6.085052	4.039729	0.011288	3.0
130	-0.094338	6.223660	4.019161	0.026928	3.4
131	-0.102291	5.288341	4.162160	0.026950	4.5
132	-0.098035	6.288341	4.009634	0.014640	3.4
133	-0.082499	5.353103	4.151931	0.018268	4.4
134	-0.088237	4.417778	4.304714	0.024691	2.6
135	-0.082229	3.482443	4.469173	0.017340	4.8
136	-0.090552	2.554192	4.645299	0.013906	2.8
137	-0.083478	3.554192	4.456114	0.012897	4.0
138	-0.096786	3.429194	4.478915	0.011562	2.5
139	-0.091347	3.347233	4.493992	0.019209	4.9
140	-0.125306	2.463966	4.663162	0.018800	3.7
141	-0.099247	3.463966	4.472549	0.014983	4.5
142	-0.112746	2.528631	4.650346	0.020009	3.8
143	-0.101158	3.415558	4.481416	0.018450	7.3
144	-0.106651	4.415558	4.305090	0.015624	2.7
145	-0.060443	3.480244	4.469574	0.016252	4.1
146	-0.087636	4.480244	4.294161	0.019024	3.7
147	-0.098666	5.479592	4.132098	0.013325	5.5
148	-0.105229	6.479346	3.981764	0.013443	2.2
149	-0.118574	6.398466	3.993518	0.013341	3.5
150	-0.105765	7.390644	3.853955	0.019134	2.8
151	-0.092826	6.455326	3.985248	0.028590	6.1
152	-0.099712	5.519991	4.125804	0.014534	2.9
153	-0.115229	6.519991	3.975883	0.018889	4.1
154	-0.092214	5.584657	4.115768	0.027411	5.5
155	-0.120449	4.671109	4.262234	0.013635	3.0
156	-0.089983	3.735775	4.423402	0.023061	3.0
157	-0.096421	2.800446	4.597236	0.012727	3.0
158	-0.102108	3.800446	4.411867	0.016460	3.1
159	-0.092251	4.800406	4.240874	0.019847	4.6
160	-0.100165	3.865154	4.400386	0.012355	2.4
161	-0.090038	4.863638	4.230506	0.010544	3.1
162	-0.097712	3.930262	4.388894	0.013578	5.5
163	-0.107615	3.626882	4.442961	0.008565	4.4
164	-0.086248	3.728452	4.424712	0.013480	4.7
165	-0.081461	2.809231	4.595540	0.024624	6.5
166	-0.073166	3.809226	4.410306	0.016558	3.6
167	-0.085522	2.873891	4.583093	0.014656	3.3
168	-0.081367	3.873647	4.398883	0.017943	2.8
169	-0.087270	2.950650	4.568405	0.017407	5.1
170	-0.102718	2.015320	4.754063	0.011929	2.5
171	-0.103047	2.442257	4.667480	0.011822	2.3
172	-0.089941	1.508077	4.861200	0.010099	5.9
173	-0.103540	2.506714	4.654682	0.018044	3.7
174	-0.118736	1.574795	4.846834	0.022074	4.4
175	-0.089188	0.642414	5.055641	0.019663	3.8
176	-0.116971	1.642414	4.832359	0.012835	7.3
177	-0.091670	2.642366	4.627975	0.023172	2.5
178	-0.089312	1.707031	4.818608	0.009612	4.1
179	-0.079422	2.703155	4.616106	0.021041	4.0
180	-0.109224	2.166002	4.723140	0.011544	6.1
181	-0.088106	3.165727	4.527746	0.014332	3.7
182	-0.101119	4.165337	4.347896	0.015158	2.4
183	-0.088211	3.230121	4.515713	0.009694	7.5
184	-0.108391	4.228753	4.336967	0.013846	4.2
185	-0.104525	3.296799	4.503320	0.013908	6.8
186	-0.096895	4.294247	4.325737	0.030887	5.0
187	-0.110062	3.358913	4.491837	0.021617	2.1
188	-0.092274	2.423578	4.671202	0.013186	3.8
189	-0.107476	1.500226	4.862897	0.007183	3.3
190	-0.104601	1.685750	4.823128	0.019223	5.7
191	-0.085103	2.167311	4.722873	0.026222	2.5
192	-0.105257	1.231976	4.921572	0.020187	4.0
193	-0.113180	0.323036	5.131365	0.017817	3.7
194	-0.113167	1.323036	4.901496	0.026148	5.4
195	-0.087920	0.503391	5.088326	0.014076	3.0
196	-0.065794	0.000000	5.210299	0.007705	4.5
197	-0.096522	0.924361	4.990625	0.012484	6.4
198	-0.091289	0.389440	5.115434	0.016612	2.7
199	-0.118745	0.000000	5.210299	0.011693	3.0
200	-0.109676	0.256282	5.147479	0.016686	4.0
201	-0.087655	1.081757	4.955053	0.016017	3.8
202	-0.095949	0.564293	5.073956	0.015880	4.2
203	-0.090989	1.563463	4.849268	0.018074	3.0
204	-0.080265	0.628130	5.058980	0.011353	4.7
205	-0.101741	1.532776	4.855872	0.011853	4.1
206	-0.096149	2.488540	4.658283	0.011320	4.5
207	-0.093884	2.284605	4.699082	0.010691	3.9
208	-0.077446	1.368756	4.891478	0.006971	5.7
209	-0.087280	2.347847	4.686354	0.008927	6.7
210	-0.096058	2.306366	4.694695	0.010809	3.4
211	-0.095713	1.386351	4.887633	0.015183	4.4
212	-0.084276	0.460629	5.098465	0.016645	3.5
213	-0.078355	1.443524	4.875182	0.015207	4.2
214	-0.136445	0.509672	5.086841	0.012144	2.9
215	-0.090359	0.000000	5.210299	0.019269	3.4
216	-0.117836	0.978855	4.978252	0.014605	4.9
217	-0.109861	1.924092	4.772982	0.018929	4.6
218	-0.072551	2.924092	4.573477	0.015940	5.8
219	-0.089163	1.988757	4.759556	0.007630	4.6
220	-0.086873	2.403676	4.675175	0.021188	4.2
221	-0.105930	3.380561	4.487849	0.014903	2.9
222	-0.108287	4.258758	4.331815	0.039285	3.5
223	-0.096513	5.258758	4.166849	0.012548	4.8
224	-0.104977	6.258758	4.013986	0.009986	2.6
225	-0.119594	7.248100	3.873403	0.016490	4.4
226	-0.075517	8.236075	3.742509	0.012014	4.4
227	-0.100119	9.156639	3.628265	0.028676	3.8
228	-0.102711	8.221307	3.744400	0.008626	5.9
229	-0.113924	7.285977	3.868216	0.010862	3.3
230	-0.085920	8.268544	3.738357	0.014309	3.7
231	-0.112398	7.333453	3.861734	0.009015	5.3
232	-0.102856	6.501984	3.978487	0.020573	2.5
233	-0.098342	5.566764	4.118540	0.028191	4.2
234	-0.102649	5.291283	4.161694	0.010469	4.0
235	-0.086715	6.291283	4.009202	0.016649	4.1
236	-0.083983	5.450555	4.136634	0.015712	3.6
237	-0.094273	4.516910	4.287991	0.012002	3.5
238	-0.075560	3.581657	4.451135	0.013240	4.7
239	-0.106581	2.663585	4.623825	0.017231	4.0
240	-0.082748	1.728255	4.814108	0.012014	2.8
241	-0.089440	0.792921	5.020725	0.012267	6.2
242	-0.113202	1.501344	4.862655	0.015606	5.1
243	-0.067522	0.942243	4.986558	0.013188	2.2
244	-0.092445	0.366310	5.120972	0.016757	4.7
245	-0.088100	0.143314	5.174982	0.010363	6.2
246	-0.092581	0.000000	5.210299	0.020003	2.5
247	-0.090255	0.000000	5.210299	0.014679	2.1
248	-0.096438	0.000000	5.210299	0.015625	4.2
249	-0.106632	0.999999	4.973467	0.017147	6.9
250	-0.101212	1.999999	4.757229	0.012527	3.9
251	-0.100201	1.104781	4.949892	0.013689	5.1
252	-0.107995	1.931854	4.771366	0.013144	7.3
253	-0.077297	0.996531	4.974251	0.007431	2.7
254	-0.086329	1.991901	4.758905	0.021021	2.1
255	-0.105398	2.972560	4.564230	0.013756	5.7
256	-0.115614	2.182253	4.719829	0.016947	4.8
257	-0.097124	1.247414	4.918157	0.007515	2.7
258	-0.101974	2.039644	4.749043	0.013492	2.3
259	-0.094433	2.642985	4.627854	0.011615	5.5
260	-0.110183	2.563435	4.643477	0.019817	5.3
261	-0.119475	3.524333	4.461539	0.013641	3.3
262	-0.084167	2.592800	4.637698	0.018928	4.1
263	-0.103966	1.659316	4.828754	0.010723	8.5
264	-0.101425	2.349617	4.685999	0.011192	2.4
265	-0.089688	1.889024	4.780295	0.009742	3.3
266	-0.084426	2.874181	4.583038	0.005000	5.2
267	-0.091232	2.134255	4.729622	0.019203	4.3
268	-0.097495	1.225037	4.923109	0.017843	2.1
269	-0.094307	2.224979	4.711146	0.025343	3.5
270	-0.108478	3.224979	4.516671	0.017462	5.6
271	-0.098548	2.289666	4.698061	0.013222	4.7
272	-0.110132	3.130178	4.534416	0.010442	2.1
273	-0.097331	2.305589	4.694851	0.015672	4.3
274	-0.095620	1.385145	4.887897	0.009958	5.3
275	-0.122314	0.660276	5.051472	0.021855	3.3
276	-0.094106	1.380766	4.888853	0.007016	5.6
277	-0.098491	2.376652	4.680579	0.017981	4.9
278	-0.106389	3.052137	4.549129	0.008934	4.0
279	-0.101418	2.118159	4.732915	0.016174	2.4
280	-0.080514	1.211930	4.926014	0.013869	4.2
281	-0.081113	0.276795	5.142517	0.029563	4.3
282	-0.110398	0.000000	5.210299	0.011039	4.2
283	-0.100682	1.000000	4.973467	0.016918	2.3
284	-0.077656	0.305152	5.135672	0.014399	4.4
285	-0.111696	1.305134	4.905430	0.016855	5.6
286	-0.103435	2.064887	4.743846	0.032914	5.2
287	-0.110357	3.064887	4.546719	0.021506	5.0
288	-0.069509	2.129553	4.730583	0.007616	9.3
289	-0.088473	1.214123	4.925527	0.028145	4.2
290	-0.114094	0.278821	5.142027	0.007231	3.0
291	-0.102883	0.000000	5.210299	0.009438	2.7
292	-0.110173	0.248523	5.149359	0.019246	2.9
293	-0.112935	1.248462	4.917925	0.019090	2.8
294	-0.108126	0.998875	4.973721	0.015828	2.7
295	-0.117466	1.996435	4.757967	0.007067	2.9
296	-0.098958	1.184174	4.932177	0.012947	2.9
297	-0.085869	1.778158	4.803561	0.003756	2.8
298	-0.102128	2.233795	4.709359	0.012075	2.6
299	-0.090535	2.684835	4.619676	0.012491	2.6
300	-0.079555	2.399190	4.676071	0.012202	2.4
301	-0.107941	1.511207	4.860525	0.006048	2.1
302	-0.124565	0.631442	5.058205	0.025254	2.2
303	-0.094518	0.000000	5.210299	0.018873	2.2
304	-0.108624	0.000000	5.210299	0.020955	2.2
305	-0.090984	0.000000	5.210299	0.015254	2.2
306	-0.113547	1.000000	4.973467	0.010859	2.1
307	-0.144018	1.824356	4.793838	0.019170	2.2
308	-0.109848	2.824325	4.592629	0.010500	2.3
309	-0.114483	3.569909	4.453263	0.023552	2.1
310	-0.108707	4.569908	4.279103	0.008529	2.3
311	-0.098848	3.634599	4.441569	0.014052	2.3
312	-0.112240	4.308756	4.323258	0.014400	2.1
313	-0.130738	3.837961	4.405203	0.016453	2.2
314	-0.099525	4.837599	4.234769	0.011147	2.0
315	-0.083860	5.837593	4.076978	0.018957	2.1
316	-0.103158	6.046225	4.045528	0.006823	2.4
317	-0.088818	5.327135	4.156027	0.019086	2.4
318	-0.092844	4.392707	4.308965	0.004364	5.7
319	-0.108807	3.477758	4.470028	0.030081	12.8
320	-0.107793	2.628273	4.630735	0.018120	5.6
321	-0.090596	1.692938	4.821600	0.016959	3.7
322	-0.097977	2.669333	4.622702	0.014454	2.3
323	-0.095067	1.772432	4.804769	0.018695	2.4
324	-0.092061	1.141945	4.941584	0.008587	2.8
325	-0.091450	1.116828	4.947195	0.016490	3.4
326	-0.089923	0.807879	5.017282	0.014363	2.6
327	-0.079443	1.722543	4.815318	0.010358	2.5
328	-0.092749	2.662933	4.623952	0.008576	2.6
329	-0.114567	1.810311	4.796790	0.031023	2.6
330	-0.100076	1.917660	4.774321	0.009109	2.6
331	-0.104792	0.983082	4.977295	0.010152	2.4
332	-0.108341	1.872228	4.783805	0.016736	2.8
333	-0.099711	2.872203	4.583418	0.014630	2.6
334	-0.102148	1.950412	4.767508	0.007978	5.2
335	-0.113810	2.943555	4.569759	0.015557	10.5
336	-0.106049	2.206407	4.714917	0.015905	2.2
337	-0.108164	1.335137	4.898840	0.020163	4.9
338	-0.089710	2.335137	4.688906	0.014262	7.6
339	-0.108653	3.335137	4.496226	0.022348	2.3
340	-0.103060	4.329354	4.319742	0.016728	5.0
341	-0.105211	3.394020	4.485373	0.013935	6.8
342	-0.071395	2.458699	4.664209	0.012487	2.7
343	-0.075687	1.523645	4.857840	0.016904	3.6
344	-0.072057	0.588959	5.068159	0.008311	6.0
345	-0.090039	0.000000	5.210299	0.017325	4.0
346	-0.071630	0.990768	4.975555	0.020200	5.3
347	-0.103208	0.055434	5.196581	0.017944	3.5
348	-0.115286	1.051885	4.961765	0.018426	4.4
349	-0.111154	2.047757	4.747372	0.014917	3.3
350	-0.087053	1.112422	4.948181	0.007467	3.5
351	-0.078419	1.561653	4.849657	0.011331	5.1
352	-0.114315	0.778718	5.024000	0.023639	4.0
353	-0.100262	0.000000	5.210299	0.027393	2.3
354	-0.121956	0.000000	5.210299	0.010595	4.3
355	-0.095559	1.000000	4.973467	0.010943	4.3
356	-0.080070	1.999192	4.757396	0.018606	2.5
357	-0.119905	2.999087	4.559185	0.013848	2.0
358	-0.109772	2.081749	4.740381	0.012196	3.3
359	-0.100403	2.475094	4.660951	0.014394	5.8
360	-0.110564	1.799317	4.799103	0.014770	4.1
361	-0.108095	1.032127	4.966215	0.014733	2.5
362	-0.104887	2.005290	4.756135	0.008629	2.2
363	-0.069955	1.832055	4.792222	0.004556	6.2
364	-0.099464	1.684397	4.823415	0.024876	3.9
365	-0.077434	2.193713	4.717497	0.006751	2.7
366	-0.073836	1.959002	4.765724	0.022492	2.5
367	-0.110802	2.676462	4.621310	0.017006	5.3
368	-0.077257	3.676462	4.434034	0.007233	3.8
369	-0.107238	4.675975	4.261426	0.021344	2.5
370	-0.102148	4.508365	4.289427	0.013491	2.8
371	-0.119031	3.573327	4.452644	0.012817	4.7
372	-0.102495	4.569373	4.279193	0.013355	5.2
373	-0.112421	5.492849	4.130030	0.006140	2.5
374	-0.090911	4.614098	4.271721	0.016016	2.7
375	-0.111196	4.145532	4.351321	0.016434	4.5
376	-0.100264	3.210199	4.519429	0.017913	4.7
377	-0.121493	4.201389	4.341676	0.014422	2.3
378	-0.105376	4.862724	4.230655	0.009582	2.4
379	-0.088238	3.935204	4.388024	0.025373	5.0
380	-0.102994	4.934935	4.218876	0.020253	5.9
381	-0.076954	3.999600	4.376721	0.010458	2.2
382	-0.086719	3.078926	4.544068	0.024058	3.7
383	-0.115093	2.148236	4.726765	0.012703	4.9
384	-0.091677	3.145036	4.531626	0.008856	4.5
385	-0.097305	4.133631	4.353381	0.010327	2.5
386	-0.114105	4.268194	4.330198	0.023127	3.6
387	-0.101110	3.334043	4.496428	0.008999	5.9
388	-0.122167	2.406423	4.674626	0.015128	3.8
389	-0.072288	1.534697	4.855458	0.015499	2.2
390	-0.099157	2.533774	4.649330	0.020367	4.4
391	-0.074063	3.531722	4.460195	0.022801	5.2
392	-0.087554	4.531717	4.285504	0.010743	4.0
393	-0.093387	5.531711	4.123981	0.011112	2.5
394	-0.105732	6.410243	3.991802	0.013885	2.0
395	-0.082012	6.902207	3.921420	0.018578	5.1
396	-0.077290	6.165725	4.027733	0.010834	5.0
397	-0.124913	5.340628	4.153898	0.011486	2.3
398	-0.126481	6.120611	4.034432	0.009247	5.1
399	-0.109785	7.094998	3.894511	0.019872	6.4
400	-0.111146	7.624446	3.822477	0.007543	3.8
401	-0.089130	6.693644	3.950953	0.013189	2.1
402	-0.094472	5.784114	4.085118	0.014843	4.3
403	-0.113589	4.848859	4.232925	0.015243	5.3
404	-0.077901	5.829212	4.078251	0.017924	3.4
405	-0.099266	4.900208	4.224533	0.010598	2.3
406	-0.092621	3.965152	4.382760	0.012146	2.6
407	-0.106661	4.956661	4.215345	0.017705	5.2
408	-0.097595	5.954921	4.059232	0.009037	4.3
409	-0.103562	6.931164	3.917355	0.009679	2.1
410	-0.110231	6.981831	3.910261	0.025220	3.9
411	-0.079158	7.981716	3.775355	0.017385	3.0
412	-0.083274	8.979609	3.649690	0.012195	5.9
413	-0.118318	8.055131	3.765816	0.006602	2.7
414	-0.110449	9.046677	3.641543	0.011121	3.3
415	-0.111266	9.877021	3.543615	0.009325	2.6
416	-0.091009	10.803491	3.440386	0.014535	6.8
417	-0.103720	11.090491	3.409617	0.008734	3.2
418	-0.108625	11.380150	3.379116	0.016829	3.2
419	-0.083684	12.376915	3.278202	0.010297	4.5
420	-0.115123	12.489190	3.267212	0.015414	5.5
421	-0.082865	12.646716	3.251915	0.015312	2.5
422	-0.126446	13.635825	3.159049	0.013260	3.0
423	-0.097328	13.951161	3.130548	0.010358	4.2
424	-0.123560	14.950798	3.043501	0.019192	3.7
425	-0.112115	14.015599	3.124787	0.022106	4.2
426	-0.108880	13.080264	3.210547	0.016353	3.4
427	-0.098725	12.144953	3.301144	0.019073	3.4
428	-0.099704	13.144794	3.204479	0.016122	3.1
429	-0.108424	13.305370	3.189479	0.026778	4.7
430	-0.093374	12.370036	3.278878	0.006969	2.4
431	-0.124750	13.366150	3.183839	0.014183	3.0
432	-0.092038	14.340645	3.096046	0.022695	4.7
433	-0.100237	13.405678	3.180181	0.015455	4.7
434	-0.114432	12.542066	3.262061	0.012718	2.4
435	-0.099501	13.185685	3.200646	0.015286	4.7
436	-0.106204	13.951776	3.130493	0.023900	6.3
437	-0.078059	13.016441	3.216570	0.014124	2.3
438	-0.079972	14.016440	3.124712	0.008073	4.8
439	-0.092144	13.922168	3.133147	0.007382	6.1
440	-0.105811	14.104936	3.116834	0.008556	3.1
441	-0.101244	14.661462	3.068194	0.025743	3.4
442	-0.072116	13.805520	3.143647	0.009127	4.7
443	-0.108652	14.045544	3.122117	0.024334	7.5
444	-0.073656	13.151802	3.203821	0.013724	3.4
445	-0.091595	12.217092	3.293975	0.014079	3.3
446	-0.077726	13.217070	3.197710	0.009370	3.1
447	-0.111368	13.655452	3.157260	0.014605	6.5
448	-0.092089	12.720784	3.244773	0.023076	2.5
449	-0.102474	13.720784	3.151319	0.008102	3.3
450	-0.100100	14.641819	3.069885	0.035874	4.0
451	-0.090551	15.641541	2.986126	0.012097	4.4
452	-0.086667	14.706206	3.064349	0.019821	3.6
453	-0.104502	15.541876	2.994271	0.012700	3.6
454	-0.115850	14.606666	3.072915	0.008296	3.4
455	-0.087533	14.463611	3.085311	0.007130	4.8
456	-0.091366	14.650488	3.069138	0.013478	3.1
457	-0.078450	14.738271	3.061600	0.010037	3.4
458	-0.107966	14.071200	3.119833	0.015304	4.5
459	-0.108377	15.069928	3.033449	0.010348	3.7
460	-0.074436	15.314802	3.012994	0.010538	4.0
461	-0.138349	14.433552	3.087928	0.031618	2.4
462	-0.099759	13.498217	3.171650	0.010994	3.4
463	-0.127078	12.562893	3.260037	0.010828	7.5
464	-0.096207	13.472283	3.174036	0.019766	2.8
465	-0.105376	14.472255	3.084559	0.018392	3.2
466	-0.100747	13.537205	3.168070	0.017671	2.8
467	-0.113612	14.536631	3.078971	0.010737	6.5
468	-0.103686	15.536504	2.994711	0.013296	2.7
469	-0.112474	16.350507	2.929445	0.017434	2.9
470	-0.114322	15.419670	3.004318	0.008084	3.7
471	-0.096990	16.409508	2.924825	0.019137	7.1
472	-0.098707	16.627292	2.907897	0.023159	4.9
473	-0.116584	17.627292	2.832616	0.013102	3.5
474	-0.138667	18.627292	2.761134	0.037123	3.3
475	-0.099613	17.691957	2.827882	0.016853	4.6
476	-0.098348	16.756623	2.897936	0.020419	2.5
477	-0.117024	15.821288	2.971549	0.009656	3.5
478	-0.103308	16.820934	2.893008	0.010393	4.3
479	-0.112615	15.923732	2.963305	0.014710	4.6
480	-0.078463	16.921749	2.885317	0.014129	2.3
481	-0.093806	16.604762	2.909639	0.019565	3.7
482	-0.109862	15.669472	2.983852	0.011192	5.6
483	-0.111037	16.669455	2.904642	0.020023	4.1
484	-0.088956	15.867436	2.967830	0.016601	2.3
485	-0.072647	14.932102	3.045084	0.019352	4.2
486	-0.092814	13.996767	3.126468	0.016175	4.0
487	-0.095503	13.061433	3.212322	0.020565	2.8
488	-0.112091	12.126098	3.303023	0.026047	2.3
489	-0.113730	11.190763	3.398996	0.026885	3.3
490	-0.112499	12.190763	3.296588	0.017907	5.2
491	-0.105466	13.190762	3.200171	0.013709	4.9
492	-0.121783	12.263888	3.289341	0.018584	2.3
493	-0.094102	11.328556	3.384508	0.019403	2.9
494	-0.109531	12.328474	3.282967	0.024973	2.8
495	-0.114089	11.393139	3.377761	0.012235	4.4
496	-0.082629	12.393139	3.276609	0.011916	3.4
497	-0.098690	11.520857	3.364495	0.014735	3.8
498	-0.108532	10.585662	3.464112	0.018451	2.3
499	-0.108186	11.552447	3.361230	0.017194	5.1
Time spent in resolution 0 (ITK initialization and iterating): 2.803 s.
Stopping condition: Maximum number of iterations has been reached.
Settings of AdaptiveStochasticGradientDescent in resolution 0:
( SP_a 109.416273 )
( SP_A 20.000000 )
( SP_alpha 1.000000 )
( SigmoidMax 1.000000 )
( SigmoidMin -0.935335 )
( SigmoidScale 0.000012 )



=============== start of TransformParameterFile ===============
(Transform "EulerTransform")
(NumberOfParameters 6)
(TransformParameters -0.014341 0.001046 -0.000766 1.813174 5.508198 17.063284)
(InitialTransformParametersFileName "NoInitialTransform")
(UseBinaryFormatForTransformationParameters "false")
(HowToCombineTransforms "Compose")

// Image specific
(FixedImageDimension 3)
(MovingImageDimension 3)
(FixedInternalImagePixelType "float")
(MovingInternalImagePixelType "float")
(Size 198 198 24)
(Index 0 0 0)
(Spacing 1.2121212482 1.2121212482 3.0000000000)
(Origin -114.5539932251 -108.9949951172 34.2462387085)
(Direction 1.0000000000 0.0000000000 0.0000000000 0.0000000000 1.0000000000 0.0000000000 0.0000000000 0.0000000000 1.0000000000)
(UseDirectionCosines "false")

// EulerTransform specific
(CenterOfRotationPoint 4.8399497271 10.3989478350 68.7462387085)
(ComputeZYX "false")

// ResampleInterpolator specific
(ResampleInterpolator "FinalBSplineInterpolator")
(FinalBSplineInterpolationOrder 3)

// Resampler specific
(Resampler "DefaultResampler")
(DefaultPixelValue 0.000000)
(ResultImageFormat "nii.gz")
(ResultImagePixelType "short")
(CompressResultImage "false")

=============== end of TransformParameterFile ===============

Creating the TransformParameterFile took 0.00s

Registration result checksum: 2846887670

Skipping applying final transform, no resulting output image generated.

Final metric value  = -0.108186
Settings of AdaptiveStochasticGradientDescent for all resolutions:
( SP_a 109.416273 )
( SP_A 20.000000 )
( SP_alpha 1.000000 )
( SigmoidMax 1.000000 )
( SigmoidMin -0.935335 )
( SigmoidScale 0.000012 )

Time spent on saving the results, applying the final transform etc.: 2 ms.
Running elastix with parameter file 0: "/Users/sakinkirti/Programming/Python/CCIPD/racial-disparity-pca/code_matlab/rigid.txt", has finished.


Current time: Mon May 23 08:27:25 2022.
Time used for running elastix with this parameter file:
  2.9s.

-------------------------------------------------------------------------

Total time elapsed: 3.3s.

