
elastix is started at Mon May 23 13:36:12 2022.

which elastix:   /Users/sakinkirti/Programming/Python/CCIPD/racial-disparity-pca/code_matlab/elastix-5.0.0-mac/bin/elastix
elastix runs at: Sakins-MBP.hsd1.ca.comcast.net
  macOS 12.3.1 (x64), 21E258
  with 8192 MB memory, and 2 cores @ 2300 MHz.
-------------------------------------------------------------------------

Running elastix with parameter file 0: "/Users/sakinkirti/Programming/Python/CCIPD/racial-disparity-pca/code_matlab/rigid.txt".

Current time: Mon May 23 13:36:12 2022.
Reading the elastix parameters from file ...

Installing all components.
InstallingComponents was successful.

ELASTIX version: 5.000
Command line options from ElastixBase:
-f        /Users/sakinkirti/Programming/Python/CCIPD/racial-disparity-pca/dataset/to_nifti_cleaned/prostate-000458/T2W.nii.gz
-m        /Users/sakinkirti/Programming/Python/CCIPD/racial-disparity-pca/dataset/to_nifti_cleaned/prostate-000458/ADC.nii.gz
-fMask    unspecified, so no fixed mask used
-mMask    unspecified, so no moving mask used
-out      /Users/sakinkirti/Programming/Python/CCIPD/racial-disparity-pca/dataset/to_nifti_cleaned/prostate-000458/
-p        /Users/sakinkirti/Programming/Python/CCIPD/racial-disparity-pca/code_matlab/rigid.txt
-threads  unspecified, so all available threads are used
Command line options from TransformBase:
-t0       unspecified, so no initial transform used

=============== start of ParameterFile: /Users/sakinkirti/Programming/Python/CCIPD/racial-disparity-pca/code_matlab/rigid.txt ===============
// Example parameter file for rotation registration
// C-style comments: //

// The internal pixel type, used for internal computations
// Leave to float in general. 
// NB: this is not the type of the input images! The pixel 
// type of the input images is automatically read from the 
// images themselves.
// This setting can be changed to "short" to save some memory
// in case of very large 3D images.
(FixedInternalImagePixelType "float")
(MovingInternalImagePixelType "float")

// The dimensions of the fixed and moving image
// Up to elastix 4.5 this had to be specified by the user.
// From elastix 4.6, this is not necessary anymore.
//(FixedImageDimension 3)
//(MovingImageDimension 3)

// Specify whether you want to take into account the so-called
// direction cosines of the images. Recommended: true.
// In some cases, the direction cosines of the image are corrupt,
// due to image format conversions for example. In that case, you 
// may want to set this option to "false".
(UseDirectionCosines "false")

// **************** Main Components **************************

// The following components should usually be left as they are:
(Registration "MultiResolutionRegistration")
(Interpolator "BSplineInterpolator")
(ResampleInterpolator "FinalBSplineInterpolator")
(Resampler "DefaultResampler")

// These may be changed to Fixed/MovingSmoothingImagePyramid.
// See the manual.
(FixedImagePyramid "FixedRecursiveImagePyramid")
(MovingImagePyramid "MovingRecursiveImagePyramid")

// The following components are most important:
// The optimizer AdaptiveStochasticGradientDescent (ASGD) works
// quite ok in general. The Transform and Metric are important
// and need to be chosen careful for each application. See manual.
(Optimizer "AdaptiveStochasticGradientDescent")
(Transform "EulerTransform")
(Metric "AdvancedMattesMutualInformation")

// ***************** Transformation **************************

// Scales the rotations compared to the translations, to make
// sure they are in the same range. In general, it's best to  
// use automatic scales estimation:
(AutomaticScalesEstimation "true")

// Automatically guess an initial translation by aligning the
// geometric centers of the fixed and moving.
(AutomaticTransformInitialization "true")

// Whether transforms are combined by composition or by addition.
// In generally, Compose is the best option in most cases.
// It does not influence the results very much.
(HowToCombineTransforms "Compose")

// ******************* Similarity measure *********************

// Number of grey level bins in each resolution level,
// for the mutual information. 16 or 32 usually works fine.
// You could also employ a hierarchical strategy:
//(NumberOfHistogramBins 16 32 64)
(NumberOfHistogramBins 32)

// If you use a mask, this option is important. 
// If the mask serves as region of interest, set it to false.
// If the mask indicates which pixels are valid, then set it to true.
// If you do not use a mask, the option doesn't matter.
(ErodeMask "false")

// ******************** Multiresolution **********************

// The number of resolutions. 1 Is only enough if the expected
// deformations are small. 3 or 4 mostly works fine. For large
// images and large deformations, 5 or 6 may even be useful.
(NumberOfResolutions 1)

// The downsampling/blurring factors for the image pyramids.
// By default, the images are downsampled by a factor of 2
// compared to the next resolution.
// So, in 2D, with 4 resolutions, the following schedule is used:
//(ImagePyramidSchedule 8 8  4 4  2 2  1 1 )
// And in 3D:
//(ImagePyramidSchedule 8 8 8  4 4 4  2 2 2  1 1 1 )
// You can specify any schedule, for example:
//(ImagePyramidSchedule 4 4  4 3  2 1  1 1 )
// Make sure that the number of elements equals the number
// of resolutions times the image dimension.

// ******************* Optimizer ****************************

// Maximum number of iterations in each resolution level:
// 200-500 works usually fine for rigid registration.
// For more robustness, you may increase this to 1000-2000.
(MaximumNumberOfIterations 500)

// The step size of the optimizer, in mm. By default the voxel size is used.
// which usually works well. In case of unusual high-resolution images
// (eg histology) it is necessary to increase this value a bit, to the size
// of the "smallest visible structure" in the image:
//(MaximumStepLength 1.0)

// **************** Image sampling **********************

// Number of spatial samples used to compute the mutual
// information (and its derivative) in each iteration.
// With an AdaptiveStochasticGradientDescent optimizer,
// in combination with the two options below, around 2000
// samples may already suffice.
(NumberOfSpatialSamples 2000)

// Refresh these spatial samples in every iteration, and select
// them randomly. See the manual for information on other sampling
// strategies.
(NewSamplesEveryIteration "true")
(ImageSampler "Random")

// ************* Interpolation and Resampling ****************

// Order of B-Spline interpolation used during registration/optimisation.
// It may improve accuracy if you set this to 3. Never use 0.
// An order of 1 gives linear interpolation. This is in most 
// applications a good choice.
(BSplineInterpolationOrder 1)

// Order of B-Spline interpolation used for applying the final
// deformation.
// 3 gives good accuracy; recommended in most cases.
// 1 gives worse accuracy (linear interpolation)
// 0 gives worst accuracy, but is appropriate for binary images
// (masks, segmentations); equivalent to nearest neighbor interpolation.
(FinalBSplineInterpolationOrder 3)

//Default pixel value for pixels that come from outside the picture:
(DefaultPixelValue 0)

// Choose whether to generate the deformed moving image.
// You can save some time by setting this to false, if you are
// only interested in the final (nonrigidly) deformed moving image
// for example.
(WriteResultImage "false")

// The pixel type and format of the resulting deformed moving image
(ResultImagePixelType "short")
(ResultImageFormat "nii.gz")




=============== end of ParameterFile: /Users/sakinkirti/Programming/Python/CCIPD/racial-disparity-pca/code_matlab/rigid.txt ===============


Reading images...
Reading images took 188 ms.

WARNING: the fixed pyramid schedule is not fully specified!
  A default pyramid schedule is used.
WARNING: the moving pyramid schedule is not fully specified!
  A default pyramid schedule is used.
WARNING: The parameter "AutomaticTransformInitializationMethod", requested at entry number 0, does not exist at all.
  The default value "GeometricalCenter" is used instead.
Transform parameters are initialized as: [0, 0, 0, 0.24310302734375, -0.0625, -8.140384674072266]
Scales are estimated automatically.
Scales for transform parameters are: [2815.97265625, 2815.97265625, 4331.4453125, 1, 1, 1]
Initialization of all components (before registration) took: 19 ms.
Preparation of the image pyramids took: 23 ms.

Resolution: 0
WARNING: The parameter "ShowExactMetricValue", requested at entry number 0, does not exist at all.
  The default value "false" is used instead.
WARNING: The parameter "CheckNumberOfSamples", requested at entry number 0, does not exist at all.
  The default value "true" is used instead.
WARNING: The parameter "UseMultiThreadingForMetrics", requested at entry number 0, does not exist at all.
  The default value "true" is used instead.
Setting the fixed masks took: 0 ms.
Setting the moving masks took: 0 ms.
WARNING: The parameter "NumberOfFixedHistogramBins", requested at entry number 0, does not exist at all.
  The default value "32" is used instead.
WARNING: The parameter "NumberOfMovingHistogramBins", requested at entry number 0, does not exist at all.
  The default value "32" is used instead.
WARNING: The parameter "FixedLimitRangeRatio", requested at entry number 0, does not exist at all.
  The default value "0.01" is used instead.
WARNING: The parameter "MovingLimitRangeRatio", requested at entry number 0, does not exist at all.
  The default value "0.01" is used instead.
WARNING: The parameter "FixedKernelBSplineOrder", requested at entry number 0, does not exist at all.
  The default value "0" is used instead.
WARNING: The parameter "MovingKernelBSplineOrder", requested at entry number 0, does not exist at all.
  The default value "3" is used instead.
WARNING: The parameter "UseFastAndLowMemoryVersion", requested at entry number 0, does not exist at all.
  The default value "true" is used instead.
WARNING: The parameter "UseJacobianPreconditioning", requested at entry number 0, does not exist at all.
  The default value "false" is used instead.
WARNING: The parameter "FiniteDifferenceDerivative", requested at entry number 0, does not exist at all.
  The default value "false" is used instead.
WARNING: The parameter "SP_A", requested at entry number 0, does not exist at all.
  The default value "20" is used instead.
WARNING: The parameter "MaximumNumberOfSamplingAttempts", requested at entry number 0, does not exist at all.
  The default value "0" is used instead.
WARNING: The parameter "SigmoidInitialTime", requested at entry number 0, does not exist at all.
  The default value "0" is used instead.
WARNING: The parameter "MaxBandCovSize", requested at entry number 0, does not exist at all.
  The default value "192" is used instead.
WARNING: The parameter "NumberOfBandStructureSamples", requested at entry number 0, does not exist at all.
  The default value "10" is used instead.
WARNING: The parameter "UseAdaptiveStepSizes", requested at entry number 0, does not exist at all.
  The default value "true" is used instead.
WARNING: The parameter "AutomaticParameterEstimation", requested at entry number 0, does not exist at all.
  The default value "true" is used instead.
WARNING: The parameter "UseConstantStep", requested at entry number 0, does not exist at all.
  The default value "false" is used instead.
WARNING: The parameter "MaximumStepLengthRatio", requested at entry number 0, does not exist at all.
  The default value "1" is used instead.
WARNING: The parameter "MaximumStepLength", requested at entry number 0, does not exist at all.
  The default value "0.6875" is used instead.
WARNING: The parameter "NumberOfGradientMeasurements", requested at entry number 0, does not exist at all.
  The default value "0" is used instead.
WARNING: The parameter "NumberOfJacobianMeasurements", requested at entry number 0, does not exist at all.
  The default value "1000" is used instead.
WARNING: The parameter "NumberOfSamplesForExactGradient", requested at entry number 0, does not exist at all.
  The default value "100000" is used instead.
WARNING: The parameter "SigmoidScaleFactor", requested at entry number 0, does not exist at all.
  The default value "0.1" is used instead.
Elastix initialization of all components (for this resolution) took: 1 ms.
  Computing the fixed image extrema took 11 ms.
  Computing the moving image extrema took 12 ms.
Initialization of AdvancedMattesMutualInformation metric took: 136 ms.
Starting automatic parameter estimation for AdaptiveStochasticGradientDescent ...
WARNING: The parameter "ASGDParameterEstimationMethod", requested at entry number 0, does not exist at all.
  The default value "Original" is used instead.
  Computing JacobianTerms ...
  Computing the Jacobian terms took 0.004596s
  NumberOfGradientMeasurements to estimate sigma_i: 6
  Sampling gradients ...
  Sampling the gradients took 1.018271s
Automatic parameter estimation took 1.02s
1:ItNr	2:Metric	3a:Time	3b:StepSize	4:||Gradient||	Time[ms]
0	-0.108698	0.000000	4.458847	0.014371	1170.6
1	-0.090280	0.000000	4.458847	0.019144	14.4
2	-0.108038	0.000000	4.458847	0.013255	12.6
3	-0.104912	0.000000	4.458847	0.010095	8.3
4	-0.129252	0.000000	4.458847	0.008535	9.5
5	-0.111438	0.712253	4.312579	0.017068	6.8
6	-0.109009	0.000000	4.458847	0.009316	11.6
7	-0.098540	0.990607	4.257991	0.009969	13.3
8	-0.107613	0.081347	4.441642	0.015101	9.0
9	-0.109286	1.081271	4.240507	0.017295	11.6
10	-0.111758	0.149648	4.427298	0.010440	11.2
11	-0.109231	0.000000	4.458847	0.011303	19.4
12	-0.101927	0.000000	4.458847	0.018737	10.6
13	-0.117431	0.000000	4.458847	0.035231	9.4
14	-0.122829	0.000000	4.458847	0.009035	8.3
15	-0.116975	0.000000	4.458847	0.016857	11.6
16	-0.149658	0.997987	4.256562	0.006603	14.5
17	-0.126388	0.881773	4.279169	0.016533	12.2
18	-0.101281	1.146022	4.228109	0.012939	10.7
19	-0.123060	0.213880	4.413893	0.017028	22.4
20	-0.114361	0.000000	4.458847	0.017488	5.8
21	-0.109162	0.941624	4.267496	0.023179	14.6
22	-0.100704	0.049262	4.448412	0.016326	11.9
23	-0.123003	0.752943	4.304512	0.014676	14.2
24	-0.099104	0.000000	4.458847	0.014777	16.7
25	-0.113799	0.000000	4.458847	0.008612	36.5
26	-0.104303	0.000000	4.458847	0.008766	14.2
27	-0.089041	0.000000	4.458847	0.012666	15.1
28	-0.130191	0.000000	4.458847	0.020577	16.3
29	-0.114386	0.000000	4.458847	0.009292	15.4
30	-0.121119	0.000000	4.458847	0.019930	16.4
31	-0.122842	0.000000	4.458847	0.019664	10.1
32	-0.127780	1.000000	4.256173	0.020131	21.7
33	-0.105822	0.068149	4.444424	0.021736	6.0
34	-0.136613	0.000000	4.458847	0.022659	20.1
35	-0.107750	1.000000	4.256173	0.012690	11.0
36	-0.128909	2.000000	4.071122	0.018385	18.5
37	-0.105859	2.999997	3.901492	0.018062	13.2
38	-0.105869	2.067824	4.059152	0.026163	16.7
39	-0.127992	3.067824	3.890497	0.018939	14.1
40	-0.108122	3.993207	3.746450	0.013098	15.1
41	-0.105078	4.993008	3.602346	0.014710	17.4
42	-0.106835	4.853284	3.621814	0.012707	14.7
43	-0.112423	5.853022	3.486974	0.011089	9.8
44	-0.106192	4.934210	3.610513	0.009385	8.1
45	-0.113004	4.002858	3.745004	0.017640	17.3
46	-0.103352	5.002636	3.601012	0.008867	12.9
47	-0.121363	5.763691	3.498613	0.008990	13.3
48	-0.094388	6.717848	3.378177	0.015789	11.1
49	-0.104262	7.707445	3.261725	0.011358	7.8
50	-0.128431	7.959388	3.233349	0.024061	25.7
51	-0.111204	7.993441	3.229551	0.019918	6.0
52	-0.110840	7.061268	3.336834	0.011039	15.5
53	-0.127946	6.129770	3.451404	0.008634	14.1
54	-0.104402	7.049371	3.338249	0.019783	7.2
55	-0.102083	6.281272	3.432237	0.017320	16.9
56	-0.118398	5.349261	3.553640	0.012791	9.0
57	-0.102346	6.328514	3.426304	0.016395	12.4
58	-0.107465	7.328501	3.305357	0.009733	13.7
59	-0.108892	6.396477	3.417804	0.015529	7.6
60	-0.103765	6.986911	3.345700	0.013862	12.4
61	-0.105122	6.087405	3.456802	0.027739	14.5
62	-0.089592	5.458096	3.539022	0.006414	4.8
63	-0.100337	4.529246	3.667785	0.008067	12.0
64	-0.109095	3.840846	3.769429	0.014413	8.3
65	-0.115383	4.818712	3.626664	0.019787	12.1
66	-0.107596	3.886542	3.762507	0.022834	12.8
67	-0.119664	2.954444	3.908911	0.019515	9.7
68	-0.104969	2.022271	4.067183	0.008702	8.9
69	-0.105450	2.236462	4.029692	0.018928	12.3
70	-0.124913	1.368009	4.186148	0.021974	10.4
71	-0.113704	2.368008	4.007008	0.017234	8.8
72	-0.116698	3.367288	3.842684	0.008707	7.8
73	-0.136001	4.362463	3.691905	0.012395	13.4
74	-0.110064	3.435233	3.831999	0.010109	9.6
75	-0.116215	4.435192	3.681348	0.011649	13.4
76	-0.116912	5.187408	3.575604	0.008937	10.9
77	-0.111887	4.274970	3.704685	0.014510	8.7
78	-0.121591	5.255245	3.566365	0.013128	13.3
79	-0.093492	4.338051	3.695462	0.022280	13.9
80	-0.112596	5.335306	3.555523	0.009427	6.6
81	-0.122530	4.403133	3.685994	0.009258	15.2
82	-0.129200	3.707783	3.789729	0.017702	12.3
83	-0.105663	4.707708	3.642324	0.008813	14.5
84	-0.100264	5.452061	3.539830	0.023833	10.3
85	-0.118584	4.775036	3.632810	0.015281	11.2
86	-0.117092	3.842864	3.769122	0.012051	14.9
87	-0.112929	2.910709	3.916061	0.011882	12.4
88	-0.110458	3.910472	3.758893	0.017468	6.9
89	-0.138703	4.718381	3.640812	0.006582	18.7
90	-0.108191	5.669757	3.510936	0.019123	11.3
91	-0.109891	4.744564	3.637109	0.020391	14.1
92	-0.111436	3.950805	3.752817	0.008056	16.8
93	-0.122011	4.950638	3.608227	0.023931	13.5
94	-0.108340	4.373664	3.690275	0.025013	14.6
95	-0.110175	3.441492	3.831018	0.017934	8.5
96	-0.105559	4.441477	3.680439	0.013185	15.1
97	-0.094325	3.509405	3.820403	0.018544	12.0
98	-0.139833	2.694705	3.951760	0.012621	13.6
99	-0.111995	1.864106	4.095318	0.013597	14.6
100	-0.094425	0.932045	4.269360	0.019664	4.8
101	-0.121739	1.931933	4.083206	0.014057	14.2
102	-0.104288	1.545248	4.153239	0.007264	12.1
103	-0.109166	2.492421	3.985787	0.019248	6.2
104	-0.118613	3.384109	3.840034	0.008231	13.4
105	-0.106856	4.376905	3.689804	0.022000	12.3
106	-0.115598	3.446432	3.830244	0.011743	7.0
107	-0.104097	4.446417	3.679724	0.011473	19.7
108	-0.114879	3.532532	3.816801	0.016631	12.4
109	-0.094725	4.532526	3.667314	0.018177	15.9
110	-0.106333	3.600353	3.806279	0.013513	10.6
111	-0.117912	2.672147	3.955526	0.019465	8.2
112	-0.127876	1.739977	4.117673	0.013271	23.1
113	-0.137980	0.807804	4.293683	0.027777	21.2
114	-0.102513	1.807804	4.105428	0.007422	12.9
115	-0.115450	2.807715	3.933002	0.016005	18.6
116	-0.126768	3.803078	3.775168	0.013986	11.6
117	-0.129379	2.870955	3.922583	0.019733	6.3
118	-0.112116	1.939274	4.081899	0.016347	10.6
119	-0.111458	1.007102	4.254799	0.019555	7.1
120	-0.097295	2.002746	4.070636	0.016335	10.3
121	-0.097578	1.629832	4.137715	0.013325	11.6
122	-0.111861	0.701131	4.314789	0.015843	7.8
123	-0.135879	1.701131	4.124719	0.020398	8.6
124	-0.112145	2.701085	3.950697	0.012329	9.2
125	-0.111884	2.732545	3.945460	0.016214	11.6
126	-0.113937	3.732545	3.785935	0.011008	6.7
127	-0.137488	4.728715	3.639350	0.011546	9.2
128	-0.110198	3.802862	3.775201	0.016154	16.1
129	-0.109415	4.802547	3.628936	0.009182	13.7
130	-0.130608	5.754187	3.499856	0.016993	24.3
131	-0.108993	4.865530	3.620100	0.010943	13.4
132	-0.107301	4.380821	3.689234	0.013387	14.6
133	-0.128317	3.448668	3.829894	0.011954	16.2
134	-0.109988	4.448666	3.679399	0.020551	12.8
135	-0.107654	3.516511	3.819295	0.012820	8.4
136	-0.141093	2.584364	3.970249	0.018944	10.8
137	-0.101306	1.652210	4.133627	0.014514	14.6
138	-0.100297	1.695638	4.125718	0.022392	14.2
139	-0.123255	0.764889	4.302149	0.012314	6.6
140	-0.119900	0.000000	4.458847	0.017508	15.8
141	-0.101551	0.999864	4.256199	0.017698	11.0
142	-0.100986	0.067692	4.444521	0.018120	15.1
143	-0.106559	1.067692	4.243117	0.005663	15.4
144	-0.103487	0.615409	4.331900	0.013390	14.2
145	-0.120848	0.000000	4.458847	0.021346	16.8
146	-0.115760	0.999774	4.256216	0.017713	5.4
147	-0.119010	1.997638	4.071540	0.017406	12.5
148	-0.112794	1.065541	4.243530	0.010569	12.4
149	-0.108709	2.065501	4.059561	0.026440	5.3
150	-0.111228	1.133328	4.230534	0.022391	13.6
151	-0.118258	2.133328	4.047658	0.014569	12.7
152	-0.094406	1.201156	4.217609	0.016996	7.0
153	-0.135167	0.268983	4.402458	0.009464	13.4
154	-0.119578	0.000000	4.458847	0.021562	12.3
155	-0.124981	0.000000	4.458847	0.019643	6.7
156	-0.122307	0.000000	4.458847	0.006657	14.1
157	-0.113471	0.550140	4.345020	0.015202	13.5
158	-0.112447	0.000000	4.458847	0.031899	4.8
159	-0.118767	0.986167	4.258850	0.025871	13.2
160	-0.110819	0.053995	4.447412	0.013399	13.3
161	-0.101208	1.053995	4.245752	0.026080	7.3
162	-0.118762	2.053995	4.061587	0.006509	13.6
163	-0.097691	1.537023	4.154755	0.022090	12.6
164	-0.112486	2.224212	4.031818	0.012764	8.3
165	-0.127610	1.292039	4.200414	0.012274	13.2
166	-0.131099	2.292038	4.020077	0.018741	10.3
167	-0.109045	1.366182	4.186490	0.012425	14.5
168	-0.118846	0.434010	4.368562	0.011318	9.5
169	-0.095633	0.000000	4.458847	0.012746	10.5
170	-0.105062	0.554951	4.344051	0.017750	14.8
171	-0.116792	1.554951	4.151452	0.013737	15.1
172	-0.137254	0.623125	4.330354	0.012115	14.4
173	-0.095652	1.615809	4.140281	0.015152	14.3
174	-0.098557	1.630456	4.137601	0.015645	7.7
175	-0.117602	0.848039	4.285776	0.016473	16.0
176	-0.099319	1.848039	4.098198	0.005508	7.9
177	-0.110498	0.992820	4.257562	0.022273	6.4
178	-0.121980	1.267031	4.205132	0.014381	8.8
179	-0.111540	0.334858	4.388864	0.009551	7.1
180	-0.120809	0.262959	4.403705	0.018417	8.9
181	-0.111093	0.000000	4.458847	0.011527	8.6
182	-0.098747	0.000000	4.458847	0.021804	6.5
183	-0.101244	0.000000	4.458847	0.010310	7.1
184	-0.097575	0.000000	4.458847	0.009942	7.0
185	-0.104847	0.989541	4.258197	0.024122	6.7
186	-0.126190	1.989474	4.072986	0.019736	5.7
187	-0.105068	2.977874	3.905092	0.013720	7.6
188	-0.130301	2.045702	4.063048	0.015502	8.9
189	-0.119905	3.041570	3.894746	0.017098	9.0
190	-0.120747	4.027972	3.741246	0.008071	9.1
191	-0.125162	5.027854	3.597523	0.023219	14.2
192	-0.118471	4.095683	3.731152	0.018377	5.5
193	-0.103234	5.095678	3.588173	0.015548	14.4
194	-0.099696	4.179342	3.718755	0.015596	12.2
195	-0.110501	5.179341	3.576706	0.009657	6.1
196	-0.105049	6.178338	3.445236	0.010759	15.6
197	-0.112147	5.254173	3.566511	0.020218	11.4
198	-0.110411	6.254163	3.435651	0.018170	13.8
199	-0.118029	5.322058	3.557313	0.020398	15.5
200	-0.104619	5.504200	3.532866	0.021093	6.9
201	-0.104001	4.572028	3.661649	0.018241	9.0
202	-0.128830	5.572022	3.523849	0.011763	6.0
203	-0.106932	6.571938	3.396054	0.008988	9.3
204	-0.130815	6.347039	3.423983	0.018566	6.0
205	-0.118058	6.279410	3.432471	0.009728	8.9
206	-0.134316	5.347239	3.553913	0.009646	5.5
207	-0.125213	4.697500	3.643771	0.017054	9.7
208	-0.117725	5.618695	3.517670	0.011956	7.3
209	-0.105850	4.686522	3.645328	0.020984	8.2
210	-0.109752	5.686300	3.508759	0.011019	6.7
211	-0.132815	6.652482	3.386162	0.014392	7.3
212	-0.126292	7.647274	3.268576	0.017738	6.0
213	-0.139748	8.647273	3.158327	0.015713	7.9
214	-0.125711	7.715101	3.260856	0.016546	6.1
215	-0.132765	7.799184	3.251335	0.005659	8.2
216	-0.103009	8.797873	3.142365	0.014821	11.8
217	-0.110473	8.151509	3.212039	0.011151	10.6
218	-0.103678	7.219338	3.318143	0.007549	9.6
219	-0.110465	8.210091	3.205598	0.011049	13.4
220	-0.100952	8.822725	3.139746	0.019861	13.3
221	-0.106285	7.890553	3.241052	0.015430	15.6
222	-0.097011	6.958381	3.349114	0.014845	10.9
223	-0.119390	7.958275	3.233473	0.015819	14.2
224	-0.109165	7.027109	3.340901	0.021046	12.7
225	-0.114554	6.095051	3.455827	0.009967	7.5
226	-0.116219	5.219681	3.571203	0.016113	9.2
227	-0.115706	6.183910	3.444530	0.014494	8.6
228	-0.124153	5.251742	3.566841	0.012212	7.9
229	-0.123946	4.321535	3.697872	0.008028	8.8
230	-0.123956	3.445029	3.830464	0.013945	6.8
231	-0.121412	4.444850	3.679951	0.019789	7.1
232	-0.124162	3.512678	3.819893	0.020460	8.7
233	-0.136457	2.580524	3.970896	0.007653	7.7
234	-0.105241	1.649317	4.134155	0.009840	7.0
235	-0.139531	2.296047	4.019386	0.021923	9.0
236	-0.103431	3.294512	3.854195	0.017164	5.3
237	-0.123818	4.294512	3.701823	0.012005	8.8
238	-0.128274	3.362348	3.843464	0.013708	6.8
239	-0.133425	2.434246	3.995682	0.022749	7.3
240	-0.111831	1.502073	4.161207	0.012635	12.5
241	-0.086886	2.236385	4.029706	0.021620	7.7
242	-0.127968	3.236175	3.863472	0.007730	9.2
243	-0.139724	4.235653	3.710457	0.009113	9.6
244	-0.099133	4.964856	3.606251	0.019963	11.1
245	-0.146326	4.235140	3.710532	0.018853	12.4
246	-0.110851	3.302967	3.852854	0.010403	15.2
247	-0.128460	2.372766	4.006192	0.017113	6.9
248	-0.116227	1.440748	4.172579	0.010884	13.9
249	-0.097679	0.675616	4.319868	0.012590	10.8
250	-0.098042	1.670688	4.130258	0.015166	9.2
251	-0.129045	0.741648	4.306748	0.019165	13.8
252	-0.118001	1.741648	4.117371	0.028248	10.8
253	-0.112709	0.809475	4.293354	0.011411	7.8
254	-0.096036	0.000000	4.458847	0.016267	10.0
255	-0.123220	0.000000	4.458847	0.015125	10.6
256	-0.116727	0.000000	4.458847	0.018266	13.6
257	-0.130181	0.000000	4.458847	0.015372	14.0
258	-0.111813	0.000000	4.458847	0.011220	5.2
259	-0.119784	0.999997	4.256173	0.016236	16.3
260	-0.105727	1.971292	4.076209	0.010573	9.7
261	-0.114565	2.964447	3.907280	0.009732	10.0
262	-0.129268	3.853406	3.767524	0.023423	14.8
263	-0.104022	2.921234	3.914338	0.018595	11.7
264	-0.108749	3.921234	3.757270	0.020501	25.1
265	-0.111787	2.989062	3.903270	0.016491	16.8
266	-0.107885	2.056889	4.061077	0.014376	15.3
267	-0.122569	1.134967	4.230221	0.017228	7.1
268	-0.109440	2.134967	4.047371	0.019972	16.1
269	-0.116576	3.134960	3.879675	0.006200	10.5
270	-0.104793	4.131082	3.725896	0.006529	15.7
271	-0.114335	4.714779	3.641322	0.013166	15.5
272	-0.125335	4.668470	3.647892	0.010772	10.1
273	-0.098972	5.668465	3.511106	0.014051	13.6
274	-0.099818	5.066988	3.592122	0.008183	12.0
275	-0.130899	4.178213	3.718921	0.014136	17.1
276	-0.114544	3.317821	3.850501	0.011739	13.1
277	-0.123881	2.524780	3.980305	0.016195	14.6
278	-0.116934	3.486888	3.823916	0.027618	11.9
279	-0.104785	4.486888	3.673881	0.010760	8.5
280	-0.103620	3.866080	3.765603	0.008287	17.4
281	-0.108897	2.976486	3.905318	0.010681	11.8
282	-0.107883	3.541076	3.815472	0.008287	8.0
283	-0.104692	3.373781	3.841661	0.012002	13.4
284	-0.122598	3.462853	3.827673	0.018703	10.7
285	-0.122184	2.536147	3.978383	0.018997	7.8
286	-0.126653	3.536147	3.816239	0.006274	18.2
287	-0.116317	4.531689	3.667434	0.019307	9.6
288	-0.121208	5.531585	3.529220	0.019606	20.7
289	-0.114427	4.599412	3.657732	0.013695	23.2
290	-0.131257	5.599407	3.520221	0.016411	10.2
291	-0.138405	6.555760	3.398048	0.008111	17.0
292	-0.106731	5.641486	3.514661	0.016884	13.9
293	-0.111281	6.524597	3.401895	0.016270	16.1
294	-0.104367	7.524597	3.282633	0.014488	16.5
295	-0.129871	6.592777	3.393489	0.019007	7.2
296	-0.120610	5.660604	3.512141	0.023473	22.4
297	-0.101024	4.728435	3.639389	0.018545	18.9
298	-0.103876	3.796263	3.776206	0.012155	16.4
299	-0.132442	2.871254	3.922534	0.014638	15.0
300	-0.107732	3.871174	3.764832	0.016847	14.0
301	-0.115485	4.871174	3.619310	0.014619	9.3
302	-0.126049	5.870977	3.484644	0.003021	16.8
303	-0.112925	5.971316	3.471681	0.020936	8.8
304	-0.118690	6.635484	3.388245	0.015388	16.4
305	-0.115933	7.634944	3.269984	0.013320	12.1
306	-0.110148	6.704837	3.379763	0.014373	7.4
307	-0.115441	7.704830	3.262022	0.013782	15.6
308	-0.126837	6.772681	3.371507	0.012633	12.1
309	-0.119760	5.911802	3.479358	0.017314	14.3
310	-0.136184	6.523520	3.402028	0.014162	13.2
311	-0.141858	5.591586	3.521257	0.012012	6.5
312	-0.093610	4.659419	3.649178	0.010948	14.6
313	-0.104299	5.658211	3.512456	0.021980	7.7
314	-0.141272	6.658211	3.385461	0.013503	6.5
315	-0.104279	7.658191	3.267331	0.025940	9.4
316	-0.111727	8.658191	3.157165	0.017376	6.9
317	-0.104281	7.726018	3.259616	0.008723	10.0
318	-0.120928	8.401777	3.184699	0.015550	6.3
319	-0.121514	7.583101	3.275915	0.019644	8.0
320	-0.144476	8.583101	3.165178	0.020820	7.6
321	-0.125998	9.583100	3.061684	0.023592	7.4
322	-0.112272	8.650928	3.157938	0.009672	6.7
323	-0.128443	7.719191	3.260391	0.014503	9.8
324	-0.112307	7.090284	3.333387	0.014510	5.4
325	-0.124771	6.657224	3.385582	0.026149	8.6
326	-0.111718	7.657224	3.267441	0.019208	6.4
327	-0.126608	8.125823	3.214872	0.014196	14.7
328	-0.106458	7.193683	3.321162	0.014006	14.2
329	-0.135104	8.193658	3.207402	0.013437	15.0
330	-0.125036	7.261535	3.313189	0.020176	14.5
331	-0.135064	8.261535	3.199962	0.026754	6.6
332	-0.107116	9.261535	3.094218	0.013021	13.2
333	-0.114248	8.619847	3.161252	0.010924	12.7
334	-0.133841	7.687679	3.263973	0.022507	6.4
335	-0.128150	6.755506	3.373594	0.018711	14.7
336	-0.110509	7.755506	3.256274	0.016579	11.0
337	-0.135739	6.836213	3.363812	0.023459	9.2
338	-0.127046	5.908837	3.479742	0.011801	13.6
339	-0.130835	6.908837	3.355059	0.013516	12.5
340	-0.138576	5.979348	3.470647	0.018380	12.9
341	-0.113143	6.979293	3.346610	0.016066	9.0
342	-0.118279	7.813821	3.249683	0.015170	14.2
343	-0.127280	6.884169	3.358027	0.006834	13.8
344	-0.126757	7.884075	3.241779	0.028556	10.9
345	-0.107670	6.951903	3.349890	0.017893	5.5
346	-0.134831	7.951903	3.234185	0.008910	12.1
347	-0.116179	8.951882	3.126207	0.015368	11.7
348	-0.120785	9.951786	3.025215	0.022017	7.3
349	-0.104563	10.951757	2.930537	0.011645	16.0
350	-0.111963	11.949979	2.841756	0.011519	12.1
351	-0.129595	12.933074	2.759426	0.010128	15.8
352	-0.101573	12.434122	2.800606	0.011003	13.4
353	-0.121529	13.434070	2.719278	0.021987	7.8
354	-0.111048	14.433504	2.642578	0.013025	22.9
355	-0.133318	15.319670	2.578101	0.007092	7.5
356	-0.100923	14.389950	2.645830	0.015513	12.9
357	-0.120550	13.458373	2.717360	0.011518	15.8
358	-0.121326	14.448348	2.641471	0.010457	13.9
359	-0.117340	15.087532	2.594686	0.010222	14.3
360	-0.134487	15.680773	2.552721	0.024383	16.0
361	-0.133912	15.727553	2.549470	0.014078	16.0
362	-0.125787	14.795380	2.615863	0.010811	17.2
363	-0.110696	15.055937	2.596959	0.022298	14.6
364	-0.124859	16.055286	2.526921	0.017260	17.4
365	-0.111777	15.123114	2.592130	0.014497	11.4
366	-0.136118	16.123106	2.522305	0.014310	9.2
367	-0.109089	17.122996	2.456150	0.019087	11.5
368	-0.127240	16.192153	2.517622	0.007705	12.0
369	-0.113693	15.283590	2.580665	0.005475	8.3
370	-0.119705	14.462813	2.640394	0.013553	15.5
371	-0.117016	13.542973	2.710705	0.019035	13.4
372	-0.114780	13.259637	2.733123	0.007632	11.9
373	-0.115068	12.336999	2.808765	0.016599	12.2
374	-0.110799	11.427169	2.887572	0.018247	8.2
375	-0.138290	12.427160	2.801189	0.011766	25.0
376	-0.111195	13.425932	2.719920	0.009516	9.8
377	-0.110940	14.136664	2.664903	0.009019	20.1
378	-0.138928	13.276094	2.731811	0.019598	21.6
379	-0.091877	14.103707	2.667405	0.017926	10.3
380	-0.124697	15.103626	2.593529	0.012232	16.1
381	-0.134405	14.171453	2.662267	0.011132	14.8
382	-0.105702	15.170794	2.588713	0.008524	14.4
383	-0.115946	16.152076	2.520338	0.024236	14.9
384	-0.120967	15.219912	2.585202	0.010881	7.5
385	-0.116776	16.219911	2.515745	0.013340	17.3
386	-0.106918	15.537950	2.562700	0.011405	10.0
387	-0.123113	14.605784	2.629792	0.008081	11.9
388	-0.122788	13.735892	2.695650	0.010415	16.0
389	-0.140975	14.162404	2.662952	0.014402	8.8
390	-0.128568	13.230243	2.735470	0.010238	13.5
391	-0.115623	12.298966	2.811973	0.007424	11.1
392	-0.120752	11.881142	2.847705	0.010459	12.8
393	-0.120111	10.957921	2.929971	0.008723	14.2
394	-0.116213	11.720481	2.861688	0.014421	9.7
395	-0.106096	12.626707	2.784566	0.013575	11.5
396	-0.112790	11.999440	2.837497	0.007945	13.2
397	-0.111966	11.091631	2.917764	0.019246	9.4
398	-0.106140	11.734899	2.860427	0.016617	13.4
399	-0.116152	12.223439	2.818366	0.015002	12.2
400	-0.127228	13.219088	2.736362	0.019595	12.7
401	-0.112341	12.286915	2.812991	0.012528	14.5
402	-0.116675	12.543715	2.791456	0.027330	7.8
403	-0.130494	13.543715	2.710646	0.020050	14.0
404	-0.131804	14.543715	2.634384	0.020324	14.6
405	-0.116194	13.611543	2.705334	0.013793	14.0
406	-0.123873	14.531098	2.635320	0.009956	13.9
407	-0.120289	13.625328	2.704257	0.018019	10.1
408	-0.135286	12.695412	2.778889	0.017788	15.2
409	-0.125316	11.763240	2.857953	0.012439	10.7
410	-0.130793	10.862814	2.938717	0.020522	18.0
411	-0.132724	9.935364	3.026821	0.020339	14.3
412	-0.113612	10.935364	2.932041	0.007212	25.2
413	-0.127686	10.003404	3.020178	0.015693	19.0
414	-0.108185	9.187864	3.101769	0.010123	15.8
415	-0.125719	10.187401	3.002360	0.019744	10.1
416	-0.130809	9.264294	3.093936	0.012045	21.9
417	-0.095100	10.257897	2.995588	0.019075	6.5
418	-0.107159	9.325725	3.087669	0.018878	9.8
419	-0.125065	8.393552	3.185590	0.009502	6.2
420	-0.133493	7.461578	3.289902	0.008111	15.4
421	-0.143538	6.740960	3.375362	0.019388	10.5
422	-0.127479	7.469690	3.288964	0.010411	10.6
423	-0.117519	6.537530	3.400298	0.016504	10.3
424	-0.093532	7.537190	3.281185	0.019992	11.1
425	-0.115153	6.605731	3.391897	0.010699	6.8
426	-0.126189	5.673585	3.510432	0.013709	12.1
427	-0.107163	4.741443	3.637550	0.013094	11.0
428	-0.118541	5.741421	3.501527	0.020907	14.2
429	-0.136295	4.809363	3.627978	0.019719	17.1
430	-0.115282	3.881386	3.763287	0.010181	6.5
431	-0.102219	2.949213	3.909765	0.018971	18.5
432	-0.132064	3.845786	3.768679	0.013691	10.7
433	-0.107132	4.845774	3.622867	0.015148	19.1
434	-0.124214	3.937939	3.754753	0.016403	29.4
435	-0.112467	4.936929	3.610134	0.011030	19.0
436	-0.122945	4.140519	3.724497	0.025168	27.5
437	-0.116600	3.760847	3.781607	0.018564	17.5
438	-0.124612	2.828683	3.929541	0.016573	14.4
439	-0.113834	1.896512	4.089522	0.015327	8.6
440	-0.124777	0.964342	4.263082	0.014672	23.7
441	-0.115026	1.860024	4.096050	0.019841	15.1
442	-0.133251	0.927852	4.270176	0.022714	15.9
443	-0.134827	1.927647	4.083969	0.026260	7.8
444	-0.105532	2.927647	3.913289	0.012206	24.8
445	-0.115080	3.927647	3.756303	0.017256	15.0
446	-0.128440	2.995476	3.902227	0.010833	13.2
447	-0.124658	3.991343	3.746729	0.014891	11.5
448	-0.126610	3.112639	3.883266	0.016483	14.2
449	-0.112632	2.180706	4.039385	0.016085	9.2
450	-0.136723	2.301527	4.018440	0.017201	15.7
451	-0.125298	3.220492	3.865974	0.011696	11.3
452	-0.113539	2.778845	3.937777	0.021867	14.9
453	-0.112321	3.778649	3.778890	0.016696	12.3
454	-0.108216	4.778649	3.632300	0.018338	18.7
455	-0.111210	5.778649	3.496659	0.021933	12.5
456	-0.093777	4.846477	3.622768	0.007972	16.7
457	-0.122276	5.845030	3.488012	0.014810	18.4
458	-0.133026	6.844974	3.362754	0.016098	14.7
459	-0.130900	6.404336	3.416824	0.016096	17.0
460	-0.101226	7.402540	3.296740	0.009869	15.2
461	-0.112621	6.964307	3.348404	0.008157	18.5
462	-0.124630	6.203271	3.442079	0.012475	15.0
463	-0.102415	5.286998	3.562057	0.017890	18.0
464	-0.115156	6.286991	3.431518	0.015354	13.7
465	-0.124428	5.354840	3.552888	0.012854	13.8
466	-0.124265	4.423974	3.682972	0.018063	11.5
467	-0.139955	3.491802	3.823149	0.015792	10.4
468	-0.117356	2.560319	3.974301	0.013501	15.9
469	-0.111695	3.555464	3.813237	0.016034	13.0
470	-0.127403	3.064584	3.891021	0.012139	15.5
471	-0.104017	2.238001	4.029426	0.026279	14.9
472	-0.111640	3.036908	3.895501	0.021163	8.9
473	-0.125043	4.036908	3.739910	0.014265	16.0
474	-0.100639	5.036908	3.596272	0.021034	7.8
475	-0.119679	6.036908	3.463258	0.013469	18.0
476	-0.118869	7.036819	3.339744	0.007737	11.8
477	-0.121475	8.034195	3.225018	0.022220	16.6
478	-0.127434	8.839873	3.137942	0.011442	18.8
479	-0.116812	7.907703	3.239130	0.020565	15.8
480	-0.096473	7.719114	3.260400	0.013768	12.1
481	-0.124698	6.786946	3.369776	0.012559	15.9
482	-0.125797	5.856312	3.486547	0.010498	14.1
483	-0.105243	4.931060	3.610951	0.015240	15.4
484	-0.144080	4.229510	3.711360	0.015467	12.3
485	-0.126127	3.297378	3.853741	0.014749	9.4
486	-0.110634	2.371810	4.006356	0.013348	16.1
487	-0.125000	1.721244	4.121068	0.020201	9.4
488	-0.134066	0.789097	4.297369	0.012207	16.0
489	-0.097682	1.789097	4.108798	0.013214	14.1
490	-0.122641	0.860126	4.283406	0.019395	9.6
491	-0.121492	0.000000	4.458847	0.011626	22.8
492	-0.118971	0.000000	4.458847	0.015560	15.0
493	-0.125294	0.515801	4.351955	0.016969	15.6
494	-0.101419	1.515799	4.158671	0.006020	19.0
495	-0.117350	2.515402	3.981892	0.011098	15.7
496	-0.122836	2.821371	3.930748	0.019813	16.6
497	-0.119270	3.337742	3.847349	0.015596	15.0
498	-0.138020	4.316497	3.698608	0.012860	15.1
499	-0.113947	3.384508	3.839971	0.012283	17.1
Time spent in resolution 0 (ITK initialization and iterating): 7.732 s.
Stopping condition: Maximum number of iterations has been reached.
Settings of AdaptiveStochasticGradientDescent in resolution 0:
( SP_a 93.635796 )
( SP_A 20.000000 )
( SP_alpha 1.000000 )
( SigmoidMax 1.000000 )
( SigmoidMin -0.932172 )
( SigmoidScale 0.000009 )



=============== start of TransformParameterFile ===============
(Transform "EulerTransform")
(NumberOfParameters 6)
(TransformParameters -0.017561 0.011267 -0.012604 4.457426 0.968878 -8.300729)
(InitialTransformParametersFileName "NoInitialTransform")
(UseBinaryFormatForTransformationParameters "false")
(HowToCombineTransforms "Compose")

// Image specific
(FixedImageDimension 3)
(MovingImageDimension 3)
(FixedInternalImagePixelType "float")
(MovingInternalImagePixelType "float")
(Size 256 256 30)
(Index 0 0 0)
(Spacing 0.6250000000 0.6250000000 3.0000000000)
(Origin -74.7312088013 -61.5430908203 -9.9454765320)
(Direction 0.9971851331 -0.0000000000 0.0749787329 -0.0000000000 1.0000000000 0.0000000000 -0.0749787278 -0.0000000000 0.9971851335)
(UseDirectionCosines "false")

// EulerTransform specific
(CenterOfRotationPoint 4.9562911987 18.1444091797 33.5545234680)
(ComputeZYX "false")

// ResampleInterpolator specific
(ResampleInterpolator "FinalBSplineInterpolator")
(FinalBSplineInterpolationOrder 3)

// Resampler specific
(Resampler "DefaultResampler")
(DefaultPixelValue 0.000000)
(ResultImageFormat "nii.gz")
(ResultImagePixelType "short")
(CompressResultImage "false")

=============== end of TransformParameterFile ===============

Creating the TransformParameterFile took 0.00s

Registration result checksum: 1283029139

Skipping applying final transform, no resulting output image generated.

Final metric value  = -0.113947
Settings of AdaptiveStochasticGradientDescent for all resolutions:
( SP_a 93.635796 )
( SP_A 20.000000 )
( SP_alpha 1.000000 )
( SigmoidMax 1.000000 )
( SigmoidMin -0.932172 )
( SigmoidScale 0.000009 )

Time spent on saving the results, applying the final transform etc.: 3 ms.
Running elastix with parameter file 0: "/Users/sakinkirti/Programming/Python/CCIPD/racial-disparity-pca/code_matlab/rigid.txt", has finished.


Current time: Mon May 23 13:36:20 2022.
Time used for running elastix with this parameter file:
  8.0s.

-------------------------------------------------------------------------

Total time elapsed: 8.1s.

