
elastix is started at Mon May 23 17:58:29 2022.

which elastix:   /Users/sakinkirti/Programming/Python/CCIPD/racial-disparity-pca/code_matlab/elastix-5.0.0-mac/bin/elastix
elastix runs at: Sakins-MBP.hsd1.ca.comcast.net
  macOS 12.3.1 (x64), 21E258
  with 8192 MB memory, and 2 cores @ 2300 MHz.
-------------------------------------------------------------------------

Running elastix with parameter file 0: "/Users/sakinkirti/Programming/Python/CCIPD/racial-disparity-pca/code_matlab/rigid.txt".

Current time: Mon May 23 17:58:30 2022.
Reading the elastix parameters from file ...

Installing all components.
InstallingComponents was successful.

ELASTIX version: 5.000
Command line options from ElastixBase:
-f        /Users/sakinkirti/Programming/Python/CCIPD/racial-disparity-pca/dataset/to_nifti_cleaned/prostate-000612/T2W.nii.gz
-m        /Users/sakinkirti/Programming/Python/CCIPD/racial-disparity-pca/dataset/to_nifti_cleaned/prostate-000612/ADC.nii.gz
-fMask    unspecified, so no fixed mask used
-mMask    unspecified, so no moving mask used
-out      /Users/sakinkirti/Programming/Python/CCIPD/racial-disparity-pca/dataset/to_nifti_cleaned/prostate-000612/
-p        /Users/sakinkirti/Programming/Python/CCIPD/racial-disparity-pca/code_matlab/rigid.txt
-threads  unspecified, so all available threads are used
Command line options from TransformBase:
-t0       unspecified, so no initial transform used

=============== start of ParameterFile: /Users/sakinkirti/Programming/Python/CCIPD/racial-disparity-pca/code_matlab/rigid.txt ===============
// Example parameter file for rotation registration
// C-style comments: //

// The internal pixel type, used for internal computations
// Leave to float in general. 
// NB: this is not the type of the input images! The pixel 
// type of the input images is automatically read from the 
// images themselves.
// This setting can be changed to "short" to save some memory
// in case of very large 3D images.
(FixedInternalImagePixelType "float")
(MovingInternalImagePixelType "float")

// The dimensions of the fixed and moving image
// Up to elastix 4.5 this had to be specified by the user.
// From elastix 4.6, this is not necessary anymore.
//(FixedImageDimension 3)
//(MovingImageDimension 3)

// Specify whether you want to take into account the so-called
// direction cosines of the images. Recommended: true.
// In some cases, the direction cosines of the image are corrupt,
// due to image format conversions for example. In that case, you 
// may want to set this option to "false".
(UseDirectionCosines "false")

// **************** Main Components **************************

// The following components should usually be left as they are:
(Registration "MultiResolutionRegistration")
(Interpolator "BSplineInterpolator")
(ResampleInterpolator "FinalBSplineInterpolator")
(Resampler "DefaultResampler")

// These may be changed to Fixed/MovingSmoothingImagePyramid.
// See the manual.
(FixedImagePyramid "FixedRecursiveImagePyramid")
(MovingImagePyramid "MovingRecursiveImagePyramid")

// The following components are most important:
// The optimizer AdaptiveStochasticGradientDescent (ASGD) works
// quite ok in general. The Transform and Metric are important
// and need to be chosen careful for each application. See manual.
(Optimizer "AdaptiveStochasticGradientDescent")
(Transform "EulerTransform")
(Metric "AdvancedMattesMutualInformation")

// ***************** Transformation **************************

// Scales the rotations compared to the translations, to make
// sure they are in the same range. In general, it's best to  
// use automatic scales estimation:
(AutomaticScalesEstimation "true")

// Automatically guess an initial translation by aligning the
// geometric centers of the fixed and moving.
(AutomaticTransformInitialization "true")

// Whether transforms are combined by composition or by addition.
// In generally, Compose is the best option in most cases.
// It does not influence the results very much.
(HowToCombineTransforms "Compose")

// ******************* Similarity measure *********************

// Number of grey level bins in each resolution level,
// for the mutual information. 16 or 32 usually works fine.
// You could also employ a hierarchical strategy:
//(NumberOfHistogramBins 16 32 64)
(NumberOfHistogramBins 32)

// If you use a mask, this option is important. 
// If the mask serves as region of interest, set it to false.
// If the mask indicates which pixels are valid, then set it to true.
// If you do not use a mask, the option doesn't matter.
(ErodeMask "false")

// ******************** Multiresolution **********************

// The number of resolutions. 1 Is only enough if the expected
// deformations are small. 3 or 4 mostly works fine. For large
// images and large deformations, 5 or 6 may even be useful.
(NumberOfResolutions 1)

// The downsampling/blurring factors for the image pyramids.
// By default, the images are downsampled by a factor of 2
// compared to the next resolution.
// So, in 2D, with 4 resolutions, the following schedule is used:
//(ImagePyramidSchedule 8 8  4 4  2 2  1 1 )
// And in 3D:
//(ImagePyramidSchedule 8 8 8  4 4 4  2 2 2  1 1 1 )
// You can specify any schedule, for example:
//(ImagePyramidSchedule 4 4  4 3  2 1  1 1 )
// Make sure that the number of elements equals the number
// of resolutions times the image dimension.

// ******************* Optimizer ****************************

// Maximum number of iterations in each resolution level:
// 200-500 works usually fine for rigid registration.
// For more robustness, you may increase this to 1000-2000.
(MaximumNumberOfIterations 500)

// The step size of the optimizer, in mm. By default the voxel size is used.
// which usually works well. In case of unusual high-resolution images
// (eg histology) it is necessary to increase this value a bit, to the size
// of the "smallest visible structure" in the image:
//(MaximumStepLength 1.0)

// **************** Image sampling **********************

// Number of spatial samples used to compute the mutual
// information (and its derivative) in each iteration.
// With an AdaptiveStochasticGradientDescent optimizer,
// in combination with the two options below, around 2000
// samples may already suffice.
(NumberOfSpatialSamples 2000)

// Refresh these spatial samples in every iteration, and select
// them randomly. See the manual for information on other sampling
// strategies.
(NewSamplesEveryIteration "true")
(ImageSampler "Random")

// ************* Interpolation and Resampling ****************

// Order of B-Spline interpolation used during registration/optimisation.
// It may improve accuracy if you set this to 3. Never use 0.
// An order of 1 gives linear interpolation. This is in most 
// applications a good choice.
(BSplineInterpolationOrder 1)

// Order of B-Spline interpolation used for applying the final
// deformation.
// 3 gives good accuracy; recommended in most cases.
// 1 gives worse accuracy (linear interpolation)
// 0 gives worst accuracy, but is appropriate for binary images
// (masks, segmentations); equivalent to nearest neighbor interpolation.
(FinalBSplineInterpolationOrder 3)

//Default pixel value for pixels that come from outside the picture:
(DefaultPixelValue 0)

// Choose whether to generate the deformed moving image.
// You can save some time by setting this to false, if you are
// only interested in the final (nonrigidly) deformed moving image
// for example.
(WriteResultImage "true")

// The pixel type and format of the resulting deformed moving image
(ResultImagePixelType "short")
(ResultImageFormat "nii.gz")




=============== end of ParameterFile: /Users/sakinkirti/Programming/Python/CCIPD/racial-disparity-pca/code_matlab/rigid.txt ===============


Reading images...
Reading images took 80 ms.

WARNING: the fixed pyramid schedule is not fully specified!
  A default pyramid schedule is used.
WARNING: the moving pyramid schedule is not fully specified!
  A default pyramid schedule is used.
WARNING: The parameter "AutomaticTransformInitializationMethod", requested at entry number 0, does not exist at all.
  The default value "GeometricalCenter" is used instead.
Transform parameters are initialized as: [0, 0, 0, -1.9171128869056702, 1.9572805762290955, -0.7771377563476562]
Scales are estimated automatically.
Scales for transform parameters are: [3909.801125732052, 3909.8011257320395, 4417.602251464013, 1, 1, 1]
Initialization of all components (before registration) took: 13 ms.
Preparation of the image pyramids took: 9 ms.

Resolution: 0
WARNING: The parameter "ShowExactMetricValue", requested at entry number 0, does not exist at all.
  The default value "false" is used instead.
WARNING: The parameter "CheckNumberOfSamples", requested at entry number 0, does not exist at all.
  The default value "true" is used instead.
WARNING: The parameter "UseMultiThreadingForMetrics", requested at entry number 0, does not exist at all.
  The default value "true" is used instead.
Setting the fixed masks took: 0 ms.
Setting the moving masks took: 0 ms.
WARNING: The parameter "NumberOfFixedHistogramBins", requested at entry number 0, does not exist at all.
  The default value "32" is used instead.
WARNING: The parameter "NumberOfMovingHistogramBins", requested at entry number 0, does not exist at all.
  The default value "32" is used instead.
WARNING: The parameter "FixedLimitRangeRatio", requested at entry number 0, does not exist at all.
  The default value "0.01" is used instead.
WARNING: The parameter "MovingLimitRangeRatio", requested at entry number 0, does not exist at all.
  The default value "0.01" is used instead.
WARNING: The parameter "FixedKernelBSplineOrder", requested at entry number 0, does not exist at all.
  The default value "0" is used instead.
WARNING: The parameter "MovingKernelBSplineOrder", requested at entry number 0, does not exist at all.
  The default value "3" is used instead.
WARNING: The parameter "UseFastAndLowMemoryVersion", requested at entry number 0, does not exist at all.
  The default value "true" is used instead.
WARNING: The parameter "UseJacobianPreconditioning", requested at entry number 0, does not exist at all.
  The default value "false" is used instead.
WARNING: The parameter "FiniteDifferenceDerivative", requested at entry number 0, does not exist at all.
  The default value "false" is used instead.
WARNING: The parameter "SP_A", requested at entry number 0, does not exist at all.
  The default value "20" is used instead.
WARNING: The parameter "MaximumNumberOfSamplingAttempts", requested at entry number 0, does not exist at all.
  The default value "0" is used instead.
WARNING: The parameter "SigmoidInitialTime", requested at entry number 0, does not exist at all.
  The default value "0" is used instead.
WARNING: The parameter "MaxBandCovSize", requested at entry number 0, does not exist at all.
  The default value "192" is used instead.
WARNING: The parameter "NumberOfBandStructureSamples", requested at entry number 0, does not exist at all.
  The default value "10" is used instead.
WARNING: The parameter "UseAdaptiveStepSizes", requested at entry number 0, does not exist at all.
  The default value "true" is used instead.
WARNING: The parameter "AutomaticParameterEstimation", requested at entry number 0, does not exist at all.
  The default value "true" is used instead.
WARNING: The parameter "UseConstantStep", requested at entry number 0, does not exist at all.
  The default value "false" is used instead.
WARNING: The parameter "MaximumStepLengthRatio", requested at entry number 0, does not exist at all.
  The default value "1" is used instead.
WARNING: The parameter "MaximumStepLength", requested at entry number 0, does not exist at all.
  The default value "1.10714" is used instead.
WARNING: The parameter "NumberOfGradientMeasurements", requested at entry number 0, does not exist at all.
  The default value "0" is used instead.
WARNING: The parameter "NumberOfJacobianMeasurements", requested at entry number 0, does not exist at all.
  The default value "1000" is used instead.
WARNING: The parameter "NumberOfSamplesForExactGradient", requested at entry number 0, does not exist at all.
  The default value "100000" is used instead.
WARNING: The parameter "SigmoidScaleFactor", requested at entry number 0, does not exist at all.
  The default value "0.1" is used instead.
Elastix initialization of all components (for this resolution) took: 1 ms.
  Computing the fixed image extrema took 8 ms.
  Computing the moving image extrema took 4 ms.
Initialization of AdvancedMattesMutualInformation metric took: 54 ms.
Starting automatic parameter estimation for AdaptiveStochasticGradientDescent ...
WARNING: The parameter "ASGDParameterEstimationMethod", requested at entry number 0, does not exist at all.
  The default value "Original" is used instead.
  Computing JacobianTerms ...
  Computing the Jacobian terms took 0.003145s
  NumberOfGradientMeasurements to estimate sigma_i: 6
  Sampling gradients ...
  Sampling the gradients took 0.671142s
Automatic parameter estimation took 0.67s
1:ItNr	2:Metric	3a:Time	3b:StepSize	4:||Gradient||	Time[ms]
0	-0.155123	0.000000	19.757862	0.009857	735.1
1	-0.160884	0.000000	19.757862	0.014973	8.4
2	-0.150181	0.000000	19.757862	0.015129	6.4
3	-0.146283	0.000000	19.757862	0.016903	7.8
4	-0.148184	0.000000	19.757862	0.006985	7.2
5	-0.169853	0.000000	19.757862	0.012151	8.5
6	-0.161982	0.000000	19.757862	0.013724	6.0
7	-0.178862	0.000000	19.757862	0.018377	8.5
8	-0.183216	0.468689	19.326523	0.013776	8.6
9	-0.153577	0.000000	19.757862	0.015902	10.9
10	-0.167918	1.000000	18.859777	0.014659	8.1
11	-0.168830	2.000000	18.039787	0.008652	10.5
12	-0.163573	2.999391	17.288568	0.010343	14.1
13	-0.153879	2.379207	17.747184	0.007497	8.0
14	-0.171041	2.580038	17.596032	0.005285	7.1
15	-0.155327	2.125994	17.941503	0.010803	8.7
16	-0.156849	2.967581	17.311514	0.006793	9.2
17	-0.151880	2.347430	17.771339	0.012720	7.7
18	-0.146089	2.838924	17.404942	0.011218	10.8
19	-0.162640	3.829229	16.710752	0.009784	8.2
20	-0.149831	4.816336	16.071804	0.009719	7.6
21	-0.144456	5.808355	15.477081	0.009555	8.6
22	-0.153957	5.188147	15.843622	0.011061	6.4
23	-0.170611	6.161577	15.275810	0.013775	9.5
24	-0.153907	7.161577	14.733376	0.012539	7.2
25	-0.169014	8.161577	14.228143	0.012214	9.4
26	-0.155961	9.161577	13.756412	0.008518	5.9
27	-0.164074	9.895578	13.429595	0.011292	9.0
28	-0.181727	10.895577	13.008546	0.009050	6.3
29	-0.143383	10.389602	13.218234	0.010209	9.1
30	-0.173491	9.774796	13.482302	0.006070	8.0
31	-0.161603	9.155683	13.759101	0.013068	7.2
32	-0.145547	10.155191	13.317687	0.009624	7.1
33	-0.168595	10.414705	13.207671	0.011884	7.4
34	-0.172777	11.414705	12.800212	0.014263	6.7
35	-0.156292	12.394998	12.424468	0.019608	9.2
36	-0.162286	12.061297	12.549873	0.008151	7.1
37	-0.164469	13.058133	12.182556	0.012006	7.3
38	-0.165953	12.899493	12.239567	0.012044	7.7
39	-0.156229	12.279282	12.467670	0.012940	6.0
40	-0.140492	11.659567	12.704244	0.013777	7.3
41	-0.152640	12.659501	12.326834	0.008725	6.5
42	-0.175990	13.659493	11.971182	0.008269	9.1
43	-0.158443	13.289247	12.100444	0.009125	6.3
44	-0.160601	12.673743	12.321621	0.012541	8.6
45	-0.162087	12.081223	12.542314	0.009058	6.0
46	-0.180656	13.080756	12.174469	0.007445	7.4
47	-0.167425	13.784812	11.928054	0.006471	7.0
48	-0.172859	13.277378	12.104633	0.014406	8.2
49	-0.175056	13.981109	11.861119	0.008026	6.5
50	-0.155519	14.978584	11.532280	0.006755	7.7
51	-0.166535	15.879654	11.250515	0.013258	6.8
52	-0.172875	15.259462	11.442947	0.011126	5.9
53	-0.150591	16.259453	11.135834	0.011914	8.3
54	-0.159108	17.256218	10.845690	0.012657	6.3
55	-0.160475	18.256215	10.569412	0.006252	8.2
56	-0.158189	19.256209	10.306860	0.015131	8.0
57	-0.161326	20.157140	10.081242	0.010739	9.1
58	-0.160632	21.157016	9.842136	0.007601	6.1
59	-0.154695	20.536858	9.989082	0.007867	9.6
60	-0.150027	19.916738	10.140473	0.008544	6.1
61	-0.167113	20.879275	9.907409	0.014976	9.5
62	-0.150513	21.875022	9.677315	0.015458	6.4
63	-0.136171	22.875022	9.456750	0.006076	8.1
64	-0.157437	22.255793	9.592128	0.005277	7.0
65	-0.162936	22.949868	9.440645	0.007726	9.2
66	-0.180840	22.649315	9.505650	0.015336	6.9
67	-0.169885	23.152851	9.397244	0.008886	7.7
68	-0.152428	24.152606	9.189173	0.011813	8.6
69	-0.155105	23.919954	9.236766	0.008422	8.9
70	-0.160062	23.307977	9.364343	0.011108	6.6
71	-0.156412	22.859679	9.460058	0.011212	11.8
72	-0.161607	22.239471	9.595749	0.010919	6.7
73	-0.166054	21.619828	9.735260	0.006646	10.1
74	-0.166901	21.028098	9.872326	0.013216	10.8
75	-0.151866	20.461017	10.007354	0.013959	7.7
76	-0.154426	19.840807	10.159327	0.010114	9.7
77	-0.182214	20.840806	9.916518	0.013242	8.0
78	-0.159783	21.282473	9.812934	0.011310	8.7
79	-0.161557	22.282035	9.586312	0.010974	6.1
80	-0.158865	21.661824	9.725676	0.014356	10.2
81	-0.165735	22.661824	9.502926	0.012196	7.9
82	-0.166476	22.540117	9.529490	0.004466	9.6
83	-0.164653	23.018974	9.425824	0.013275	7.2
84	-0.170110	22.398813	9.560517	0.008036	8.7
85	-0.153419	23.398754	9.345197	0.010090	6.5
86	-0.139256	24.318418	9.155551	0.008847	9.2
87	-0.160995	25.318406	8.957888	0.006451	6.5
88	-0.156788	26.293739	8.773151	0.010849	7.8
89	-0.160689	27.291125	8.591953	0.014919	8.7
90	-0.174641	28.290772	8.417703	0.014764	8.9
91	-0.169693	28.014594	8.465134	0.010501	6.2
92	-0.162564	27.394406	8.573617	0.007129	7.7
93	-0.136459	26.820819	8.676453	0.009759	6.3
94	-0.173311	26.590536	8.718437	0.007361	8.2
95	-0.165462	25.975093	8.832661	0.008020	6.2
96	-0.164423	26.468248	8.740898	0.013629	8.4
97	-0.161978	26.591518	8.718257	0.010624	7.5
98	-0.156890	27.185930	8.610711	0.010424	6.7
99	-0.163150	27.831015	8.496958	0.013282	7.8
100	-0.170372	28.831015	8.326443	0.019088	6.6
101	-0.161430	28.725676	8.344082	0.011652	8.6
102	-0.164139	29.725676	8.179587	0.011684	6.0
103	-0.156424	30.723698	8.021760	0.006885	7.8
104	-0.161056	30.104196	8.119003	0.008849	6.5
105	-0.162061	29.491415	8.217537	0.012170	6.8
106	-0.159006	28.880731	8.318144	0.004820	8.0
107	-0.157756	29.139332	8.275242	0.011399	6.2
108	-0.156710	28.523874	8.378082	0.015509	7.5
109	-0.147140	27.903664	8.484336	0.010782	6.6
110	-0.162876	27.284434	8.593144	0.007561	8.1
111	-0.169985	28.282083	8.419187	0.020636	7.6
112	-0.163674	29.282070	8.251750	0.011777	6.9
113	-0.157790	28.665289	8.354227	0.012792	7.3
114	-0.159391	29.665006	8.189382	0.011894	9.1
115	-0.166567	30.664732	8.030915	0.007517	6.5
116	-0.158647	31.649286	7.880735	0.012834	8.3
117	-0.158149	32.222999	7.795786	0.008534	6.7
118	-0.156355	32.059992	7.819735	0.004117	7.6
119	-0.157586	32.845033	7.705726	0.008542	5.2
120	-0.148142	32.386671	7.771886	0.009694	4.6
121	-0.168437	32.114334	7.811735	0.013195	4.5
122	-0.171367	31.494390	7.903989	0.007768	4.7
123	-0.167993	30.875020	7.998360	0.009684	4.6
124	-0.158578	30.308012	8.086751	0.015535	4.0
125	-0.151219	29.687879	8.185687	0.005864	6.7
126	-0.171780	29.068722	8.286912	0.014281	4.2
127	-0.163822	30.054764	8.126863	0.006311	5.5
128	-0.169846	29.434555	8.226802	0.015549	5.2
129	-0.173512	30.432571	8.067166	0.008852	4.3
130	-0.162085	29.812362	8.165633	0.006705	4.6
131	-0.147686	30.042732	8.128779	0.006424	5.8
132	-0.166857	30.360454	8.078494	0.006843	4.4
133	-0.163627	31.350507	7.925713	0.009853	5.0
134	-0.157760	30.736667	8.019749	0.014688	5.8
135	-0.153013	31.736648	7.867680	0.008640	4.4
136	-0.169821	31.118603	7.960979	0.007165	4.4
137	-0.152379	30.498871	8.056780	0.006315	5.4
138	-0.158911	29.883876	8.154157	0.005547	4.8
139	-0.149168	29.638144	8.193726	0.008390	4.5
140	-0.157231	30.597327	8.041407	0.010093	5.1
141	-0.139695	29.977117	8.139242	0.010184	5.6
142	-0.160325	29.356907	8.239487	0.008678	7.0
143	-0.159950	30.351581	8.079889	0.011386	8.0
144	-0.168831	29.795120	8.168405	0.011574	4.2
145	-0.179074	30.727591	8.021156	0.011694	6.1
146	-0.156553	31.727591	7.869032	0.008466	5.7
147	-0.148557	31.190306	7.950041	0.013618	4.5
148	-0.171119	31.783508	7.860696	0.009980	6.0
149	-0.160255	31.165160	7.953874	0.014961	4.9
150	-0.145663	31.714198	7.871031	0.009804	4.9
151	-0.173596	32.704960	7.725825	0.017874	5.7
152	-0.140846	33.701202	7.585118	0.013127	4.6
153	-0.140770	33.080991	7.672106	0.012921	4.5
154	-0.146705	34.079403	7.533035	0.013409	5.0
155	-0.146432	35.078375	7.398843	0.012329	4.6
156	-0.152381	36.078373	7.269217	0.005867	4.0
157	-0.149969	37.078190	7.144078	0.007818	5.8
158	-0.181630	36.846629	7.172676	0.013539	5.1
159	-0.156033	37.846621	7.050789	0.013384	4.4
160	-0.152864	38.846620	6.932975	0.014650	5.6
161	-0.153130	39.846620	6.819033	0.010898	5.9
162	-0.175508	39.226493	6.889246	0.014143	4.6
163	-0.159583	40.226491	6.776725	0.011373	9.4
164	-0.155028	41.226491	6.667821	0.015240	12.3
165	-0.146355	40.606282	6.734948	0.009762	6.2
166	-0.138283	41.606282	6.627372	0.009946	7.2
167	-0.155159	42.606261	6.523180	0.005980	6.1
168	-0.169612	43.270537	6.455759	0.016695	5.3
169	-0.157012	42.650537	6.518643	0.013086	8.3
170	-0.160949	43.650537	6.417814	0.015254	5.6
171	-0.150467	44.650334	6.320076	0.006727	12.0
172	-0.142437	44.030124	6.380352	0.009692	8.4
173	-0.171724	43.410007	6.441780	0.011562	9.8
174	-0.155508	42.792716	6.504114	0.007186	8.0
175	-0.167348	42.173760	6.567839	0.010863	7.5
176	-0.134959	43.173564	6.465514	0.009949	5.9
177	-0.165642	44.144265	6.369173	0.013333	8.7
178	-0.154760	45.144265	6.272881	0.014478	6.3
179	-0.174704	46.144265	6.179457	0.009566	5.9
180	-0.172158	47.142470	6.088935	0.013913	6.7
181	-0.168789	46.522313	6.144859	0.009084	5.4
182	-0.143644	47.522313	6.055182	0.009145	8.1
183	-0.157547	47.751278	6.035016	0.010162	6.5
184	-0.146942	47.331984	6.072048	0.007185	7.1
185	-0.152774	48.308607	5.986487	0.007778	5.8
186	-0.175922	48.402893	5.978355	0.013400	5.7
187	-0.155810	48.993204	5.927934	0.011278	6.5
188	-0.162912	49.989658	5.844726	0.011995	4.5
189	-0.161042	49.425528	5.891544	0.020901	6.3
190	-0.161553	48.805317	5.943890	0.011557	5.2
191	-0.152456	49.805301	5.859944	0.011245	5.5
192	-0.147992	50.805301	5.778335	0.008475	4.0
193	-0.165175	51.786564	5.700435	0.014591	4.7
194	-0.175014	52.786553	5.623180	0.006727	3.7
195	-0.157137	53.720538	5.552892	0.016519	4.8
196	-0.158014	54.720486	5.479562	0.016789	4.2
197	-0.168279	55.715107	5.408519	0.007046	5.3
198	-0.167061	56.061459	5.384210	0.009165	6.4
199	-0.166893	56.205719	5.374150	0.012088	5.6
200	-0.160996	57.205643	5.305437	0.009921	4.5
201	-0.158802	56.585686	5.347831	0.012012	4.3
202	-0.172073	55.979533	5.389940	0.011894	5.3
203	-0.159280	55.359921	5.433676	0.006226	4.6
204	-0.156175	56.230580	5.372420	0.006591	4.1
205	-0.163798	56.336585	5.365056	0.011928	6.5
206	-0.142228	57.229268	5.303835	0.007839	3.9
207	-0.153984	58.229218	5.236895	0.011074	4.9
208	-0.160586	57.609008	5.278213	0.011650	5.7
209	-0.152597	57.072158	5.314508	0.006314	4.8
210	-0.161150	58.071601	5.247334	0.012574	5.4
211	-0.159729	57.525067	5.283855	0.011576	5.3
212	-0.174287	56.905172	5.325899	0.014406	4.6
213	-0.169098	57.586782	5.279706	0.011068	4.7
214	-0.159623	58.207150	5.238354	0.013836	6.2
215	-0.157816	57.928649	5.256838	0.011343	5.7
216	-0.152223	57.603436	5.278587	0.003490	4.6
217	-0.169223	57.458464	5.288341	0.007240	5.2
218	-0.160988	56.959177	5.322210	0.009632	4.9
219	-0.161559	57.695434	5.272416	0.013358	5.3
220	-0.153300	57.075274	5.314296	0.016380	6.1
221	-0.143151	56.455086	5.356848	0.013106	5.4
222	-0.152210	55.834876	5.400088	0.007149	9.0
223	-0.156760	56.832388	5.330880	0.013225	8.2
224	-0.155760	56.216424	5.373405	0.008142	7.6
225	-0.162976	56.749681	5.336550	0.011907	6.6
226	-0.171687	56.129558	5.379456	0.010446	5.8
227	-0.144792	57.129532	5.310605	0.008568	7.8
228	-0.157531	58.103917	5.245190	0.014794	7.3
229	-0.156094	58.384118	5.226676	0.004988	8.6
230	-0.160767	57.764836	5.267771	0.003907	6.8
231	-0.159243	57.984349	5.253131	0.005788	8.4
232	-0.162393	58.751875	5.202575	0.012138	6.8
233	-0.170309	58.163732	5.241227	0.011303	8.6
234	-0.150670	57.543521	5.282614	0.005192	6.6
235	-0.154736	57.010451	5.318712	0.009334	9.5
236	-0.160663	56.418135	5.359404	0.012904	6.8
237	-0.159404	57.364534	5.294680	0.008134	6.9
238	-0.159258	56.775620	5.334771	0.017963	6.0
239	-0.165345	57.775620	5.267050	0.016676	9.8
240	-0.153236	58.775620	5.201026	0.009984	5.8
241	-0.161311	58.167201	5.240997	0.011942	7.9
242	-0.175712	59.109978	5.179319	0.017485	6.9
243	-0.165619	60.109978	5.115463	0.008451	6.6
244	-0.155753	61.109974	5.053163	0.009386	8.4
245	-0.153632	60.490248	5.091592	0.015263	6.4
246	-0.171525	60.770199	5.074160	0.013036	7.6
247	-0.177768	61.673637	5.018711	0.010518	5.0
248	-0.160724	62.673124	4.958762	0.007570	7.3
249	-0.155268	63.673110	4.900199	0.005346	7.5
250	-0.164143	64.605984	4.846800	0.013112	8.0
251	-0.161688	63.985830	4.882168	0.010472	8.8
252	-0.156311	64.985830	4.825389	0.014773	5.3
253	-0.151657	65.175831	4.814750	0.016199	6.9
254	-0.151483	66.175831	4.759520	0.009628	7.1
255	-0.156970	65.875949	4.775949	0.011223	8.3
256	-0.182260	66.875772	4.721610	0.011609	6.2
257	-0.148031	67.875733	4.668486	0.017430	7.2
258	-0.157129	67.485112	4.689095	0.014523	6.3
259	-0.150939	68.412782	4.640445	0.013262	6.6
260	-0.156208	67.792571	4.672858	0.011039	6.7
261	-0.144712	67.172497	4.705720	0.011621	6.9
262	-0.151281	66.552286	4.739055	0.014396	7.7
263	-0.189701	67.462301	4.690304	0.009485	5.7
264	-0.170775	68.003224	4.661798	0.006334	7.8
265	-0.167840	69.002871	4.610021	0.007014	7.6
266	-0.142205	68.689911	4.626107	0.008202	7.8
267	-0.159744	68.070970	4.658253	0.011856	5.3
268	-0.146796	67.482377	4.689240	0.017924	7.5
269	-0.174483	67.510969	4.687725	0.006755	7.0
270	-0.166575	66.900300	4.720292	0.011416	5.9
271	-0.148004	67.900246	4.667198	0.002703	9.1
272	-0.149518	67.875058	4.668521	0.005549	5.2
273	-0.160848	67.344203	4.696574	0.006775	8.3
274	-0.158069	67.077888	4.710775	0.006127	7.2
275	-0.157944	67.897989	4.667317	0.013746	6.9
276	-0.175901	67.338541	4.696875	0.011345	7.5
277	-0.170948	67.287435	4.699594	0.010376	6.9
278	-0.153209	68.175181	4.652809	0.012369	7.4
279	-0.162259	67.554971	4.685396	0.008273	6.8
280	-0.166165	68.547519	4.633463	0.015471	8.4
281	-0.154523	69.547489	4.582293	0.008656	7.9
282	-0.145665	68.992411	4.610557	0.017396	6.7
283	-0.152652	69.992411	4.559887	0.009799	7.7
284	-0.145709	70.689261	4.525231	0.007078	8.4
285	-0.166073	70.147273	4.552139	0.010444	7.0
286	-0.145883	69.527091	4.583325	0.022502	7.0
287	-0.151156	70.527090	4.533249	0.005912	10.8
288	-0.156296	69.906906	4.564176	0.012546	7.3
289	-0.186820	70.816174	4.518976	0.015838	7.1
290	-0.153169	70.196029	4.549706	0.004857	6.7
291	-0.185567	70.869957	4.516331	0.006701	6.6
292	-0.143527	70.600337	4.529624	0.009433	9.7
293	-0.156985	70.477482	4.535707	0.007931	6.4
294	-0.142003	69.857403	4.566663	0.012102	8.6
295	-0.156844	69.237223	4.598048	0.013727	7.8
296	-0.168027	69.134281	4.603300	0.008095	7.2
297	-0.171641	70.125844	4.553210	0.007583	6.4
298	-0.164902	69.509834	4.584199	0.013042	7.6
299	-0.166423	68.898155	4.615391	0.015009	7.5
300	-0.150905	69.675070	4.575845	0.011455	6.1
301	-0.158899	69.059037	4.607146	0.013889	8.1
302	-0.175471	69.256351	4.597074	0.010290	5.7
303	-0.158157	68.636141	4.628882	0.009265	7.3
304	-0.168775	69.635949	4.577820	0.012802	6.9
305	-0.160655	70.635943	4.527864	0.006348	8.0
306	-0.169954	70.016697	4.558670	0.007930	9.2
307	-0.165248	70.351306	4.541972	0.008588	8.4
308	-0.161620	69.732111	4.572969	0.008842	7.0
309	-0.174612	69.112010	4.604437	0.009576	6.7
310	-0.161634	69.536113	4.582868	0.006590	7.4
311	-0.177317	69.161165	4.601927	0.009717	6.8
312	-0.161377	68.541835	4.633757	0.012567	7.4
313	-0.137701	69.540676	4.582638	0.011912	6.6
314	-0.158233	70.471663	4.535996	0.008403	6.9
315	-0.160609	69.885341	4.565259	0.009573	6.7
316	-0.172661	70.881013	4.515787	0.014530	7.4
317	-0.188734	71.880862	4.467175	0.016608	5.9
318	-0.152280	72.880862	4.419592	0.010322	6.7
319	-0.172154	72.260661	4.448983	0.002244	7.6
320	-0.161280	72.624425	4.431697	0.005208	6.7
321	-0.147024	72.953020	4.416198	0.014001	8.3
322	-0.140480	73.495271	4.390856	0.009440	8.1
323	-0.164952	74.490117	4.345110	0.009349	7.1
324	-0.150846	73.888730	4.372649	0.008068	7.9
325	-0.181264	73.270734	4.401314	0.011524	9.2
326	-0.162289	74.231633	4.356904	0.006711	5.9
327	-0.171977	73.612027	4.385437	0.014838	6.3
328	-0.170835	74.516510	4.343910	0.010046	7.6
329	-0.158347	74.082765	4.363726	0.009744	6.7
330	-0.173734	73.467123	4.392164	0.007249	6.8
331	-0.164067	74.161488	4.360116	0.011178	4.0
332	-0.166202	74.287150	4.354366	0.009080	5.5
333	-0.156163	74.149839	4.360650	0.014063	4.0
334	-0.151663	75.148857	4.315341	0.014608	3.9
335	-0.161831	76.148857	4.270921	0.010422	4.6
336	-0.175937	75.545126	4.297629	0.017577	5.6
337	-0.150807	74.927614	4.325294	0.015851	6.6
338	-0.159175	75.927353	4.280681	0.006101	7.6
339	-0.159724	76.010762	4.277001	0.016379	5.7
340	-0.147508	77.010762	4.233363	0.007829	7.3
341	-0.146249	78.005981	4.190808	0.009721	6.2
342	-0.166266	77.385813	4.217225	0.011018	5.9
343	-0.156876	76.767482	4.243897	0.005411	7.1
344	-0.151595	77.767134	4.200943	0.019232	7.1
345	-0.186061	78.753710	4.159395	0.008122	6.6
346	-0.167011	79.751856	4.118188	0.009943	7.6
347	-0.174807	80.749501	4.077810	0.015078	7.2
348	-0.161247	81.749501	4.038123	0.010319	8.6
349	-0.172585	82.732803	3.999845	0.011108	7.3
350	-0.160422	82.112882	4.023892	0.013609	8.6
351	-0.152282	83.073020	3.986769	0.007789	9.7
352	-0.155824	84.069461	3.948960	0.007850	7.1
353	-0.162914	83.460126	3.971995	0.011631	8.3
354	-0.164647	84.459795	3.934344	0.008917	9.0
355	-0.163594	83.839586	3.957619	0.010202	7.9
356	-0.174725	84.839357	3.920234	0.014744	7.5
357	-0.156835	85.513481	3.895423	0.010056	8.2
358	-0.141309	84.897880	3.918068	0.005671	6.3
359	-0.147701	84.277865	3.941143	0.011820	6.6
360	-0.164788	83.657807	3.964493	0.011817	9.5
361	-0.162222	84.657805	3.926971	0.008529	8.0
362	-0.146325	84.037644	3.950156	0.010391	8.1
363	-0.161160	83.417535	3.973615	0.006713	6.5
364	-0.160402	82.800573	3.997233	0.009998	8.2
365	-0.162197	82.890113	3.993788	0.011789	6.4
366	-0.157205	83.890113	3.955712	0.007588	9.1
367	-0.170034	84.890112	3.918355	0.008246	7.6
368	-0.170371	84.271748	3.941372	0.010342	8.5
369	-0.162277	83.652692	3.964686	0.009554	7.4
370	-0.173150	83.032485	3.988322	0.014099	6.7
371	-0.151258	82.412274	4.012242	0.017562	7.3
372	-0.167106	83.412274	3.973815	0.010370	6.9
373	-0.163022	82.890311	3.993780	0.008805	7.9
374	-0.160176	83.890217	3.955708	0.014558	8.2
375	-0.154353	83.274424	3.979069	0.011971	6.8
376	-0.160330	84.274424	3.941272	0.009774	6.9
377	-0.146415	83.654251	3.964627	0.007667	7.4
378	-0.142491	84.652307	3.927175	0.006409	6.8
379	-0.168107	84.546571	3.931109	0.011453	8.1
380	-0.161093	85.183701	3.907522	0.013929	7.7
381	-0.159543	86.183669	3.871066	0.015266	7.3
382	-0.156402	85.582422	3.892904	0.012176	7.2
383	-0.149862	84.962423	3.915681	0.007128	8.2
384	-0.170739	84.342224	3.938735	0.009206	7.9
385	-0.159042	83.823527	3.958225	0.010650	5.7
386	-0.142532	84.822234	3.920869	0.009454	7.6
387	-0.161823	85.629492	3.891185	0.009061	9.9
388	-0.136012	86.628134	3.855080	0.007204	7.1
389	-0.173908	86.018163	3.877053	0.009021	7.4
390	-0.172305	86.987000	3.842269	0.012798	6.7
391	-0.165315	87.986958	3.807016	0.011375	6.5
392	-0.169361	87.492254	3.824375	0.005577	6.9
393	-0.165801	86.872125	3.846361	0.004350	6.9
394	-0.172456	86.964063	3.843085	0.007539	8.3
395	-0.150556	86.877401	3.846173	0.006298	6.6
396	-0.159610	87.665438	3.818280	0.009992	8.0
397	-0.157531	87.045257	3.840197	0.007453	8.2
398	-0.147280	87.987106	3.807011	0.010339	8.4
399	-0.166808	87.367250	3.828787	0.007572	6.7
400	-0.170381	88.363802	3.793898	0.006993	8.5
401	-0.157163	88.750705	3.780523	0.016688	6.2
402	-0.167890	89.613595	3.751032	0.009260	6.8
403	-0.172968	90.447932	3.722950	0.011335	6.6
404	-0.174851	90.697457	3.714633	0.014008	7.1
405	-0.148559	91.697457	3.681672	0.004439	8.3
406	-0.164110	91.094017	3.701492	0.009691	6.7
407	-0.164460	90.506730	3.720987	0.012222	8.2
408	-0.144186	89.911362	3.740961	0.013386	6.3
409	-0.176905	90.624953	3.717046	0.005680	6.4
410	-0.174803	90.008818	3.737677	0.004509	6.4
411	-0.163175	90.699537	3.714564	0.012825	6.7
412	-0.169851	91.699073	3.681619	0.013817	5.8
413	-0.166570	92.698211	3.649267	0.010790	5.9
414	-0.160473	92.078584	3.669263	0.013957	7.6
415	-0.150458	92.390928	3.659156	0.013212	7.6
416	-0.155542	91.770717	3.679280	0.011410	6.3
417	-0.171841	91.345566	3.693204	0.015270	6.8
418	-0.158053	92.309302	3.661792	0.006305	6.9
419	-0.160621	91.699785	3.681596	0.012393	6.6
420	-0.177390	92.166076	3.666426	0.012448	8.2
421	-0.138585	91.545866	3.686631	0.012201	8.6
422	-0.163386	90.930480	3.706900	0.013382	5.7
423	-0.173340	91.890650	3.675372	0.012254	8.1
424	-0.159576	91.270586	3.695671	0.014122	6.4
425	-0.149665	92.142053	3.667205	0.009581	7.6
426	-0.161266	93.142053	3.635077	0.009470	6.9
427	-0.161949	94.132721	3.603798	0.008589	6.6
428	-0.157849	95.074618	3.574555	0.010591	5.3
429	-0.151079	95.992618	3.546507	0.012038	7.8
430	-0.166208	96.701714	3.525141	0.015176	6.0
431	-0.167918	96.081533	3.543813	0.014968	6.0
432	-0.169922	97.081532	3.513802	0.011079	8.4
433	-0.160738	98.081530	3.484294	0.014363	6.0
434	-0.172222	97.461319	3.502537	0.009870	7.6
435	-0.141423	98.461319	3.473217	0.010572	5.8
436	-0.154571	97.841111	3.491343	0.008399	7.2
437	-0.155090	98.742620	3.465058	0.006306	5.3
438	-0.168889	98.248541	3.479414	0.012197	4.9
439	-0.157484	97.628723	3.497594	0.009787	5.3
440	-0.158809	97.312098	3.506954	0.006145	5.6
441	-0.147590	96.692701	3.525411	0.008171	5.1
442	-0.166131	96.081128	3.543826	0.009763	5.8
443	-0.171591	96.757819	3.523461	0.009744	4.4
444	-0.167141	97.690599	3.495771	0.008162	4.8
445	-0.159712	97.149897	3.511769	0.009265	5.1
446	-0.153222	97.443388	3.503067	0.010272	4.7
447	-0.160679	96.824540	3.521466	0.012240	5.0
448	-0.158294	97.729381	3.494629	0.014907	5.5
449	-0.165741	98.729381	3.465441	0.008950	5.6
450	-0.166974	99.729358	3.436737	0.011771	5.3
451	-0.161967	100.394020	3.417920	0.011502	5.9
452	-0.179942	100.088488	3.426545	0.010817	4.1
453	-0.158204	100.025981	3.428314	0.010364	4.2
454	-0.160419	101.025655	3.400228	0.009516	6.6
455	-0.154715	102.015740	3.372862	0.013110	4.8
456	-0.150623	101.406665	3.389645	0.014182	5.1
457	-0.143385	100.793887	3.406699	0.014892	5.1
458	-0.156051	101.793754	3.378959	0.012797	4.9
459	-0.167154	102.793754	3.351664	0.010312	4.5
460	-0.172019	103.201959	3.340649	0.010566	5.5
461	-0.156583	102.973703	3.346799	0.013486	4.8
462	-0.155723	102.355594	3.363569	0.014753	5.0
463	-0.153684	101.761299	3.379853	0.008240	5.0
464	-0.142379	101.622531	3.383677	0.007045	4.5
465	-0.138900	102.468183	3.360502	0.011942	4.4
466	-0.177190	101.849909	3.377415	0.011227	4.8
467	-0.161378	102.849909	3.350145	0.011285	5.3
468	-0.164137	103.839335	3.323593	0.013234	4.7
469	-0.149410	103.219125	3.340187	0.006517	5.3
470	-0.158991	104.219005	3.313515	0.012109	5.5
471	-0.173176	103.599725	3.329984	0.010947	4.5
472	-0.163974	102.979572	3.346641	0.011036	4.4
473	-0.182342	103.979572	3.319863	0.009539	5.2
474	-0.156803	104.962621	3.293954	0.012657	4.1
475	-0.161446	104.386753	3.309082	0.011444	4.9
476	-0.158580	105.386753	3.282900	0.013087	5.7
477	-0.147851	104.769268	3.299018	0.011238	5.4
478	-0.174980	104.378502	3.309300	0.010615	5.0
479	-0.164985	103.758315	3.325751	0.009992	5.5
480	-0.166523	103.143254	3.342228	0.012544	4.9
481	-0.155032	103.639079	3.328933	0.008682	5.7
482	-0.158206	103.022077	3.345494	0.008382	7.2
483	-0.153285	104.020247	3.318783	0.011471	5.3
484	-0.171270	104.958153	3.294071	0.016093	5.5
485	-0.157033	105.958119	3.268126	0.010423	6.3
486	-0.152377	105.337909	3.284169	0.009051	6.3
487	-0.161567	104.719682	3.300319	0.010454	6.5
488	-0.155891	104.981482	3.293461	0.011500	5.9
489	-0.162563	104.373173	3.309441	0.017331	5.7
490	-0.146953	103.755884	3.325816	0.011736	6.9
491	-0.169170	104.755762	3.299372	0.010021	6.2
492	-0.164073	104.142397	3.315544	0.008756	5.8
493	-0.155305	105.009429	3.292731	0.010881	6.0
494	-0.174343	104.389219	3.309017	0.012194	5.8
495	-0.161344	103.901425	3.321940	0.012930	6.7
496	-0.169624	103.281346	3.338515	0.012584	5.2
497	-0.164320	104.280366	3.311892	0.007820	5.5
498	-0.161594	103.660225	3.328368	0.010142	6.2
499	-0.152874	103.040713	3.344991	0.007098	6.2
Time spent in resolution 0 (ITK initialization and iterating): 4.321 s.
Stopping condition: Maximum number of iterations has been reached.
Settings of AdaptiveStochasticGradientDescent in resolution 0:
( SP_a 414.915096 )
( SP_A 20.000000 )
( SP_alpha 1.000000 )
( SigmoidMax 1.000000 )
( SigmoidMin -0.620211 )
( SigmoidScale 0.000005 )



=============== start of TransformParameterFile ===============
(Transform "EulerTransform")
(NumberOfParameters 6)
(TransformParameters -0.015682 -0.002654 0.019134 -1.868540 1.608405 -0.381888)
(InitialTransformParametersFileName "NoInitialTransform")
(UseBinaryFormatForTransformationParameters "false")
(HowToCombineTransforms "Compose")

// Image specific
(FixedImageDimension 3)
(MovingImageDimension 3)
(FixedInternalImagePixelType "float")
(MovingInternalImagePixelType "float")
(Size 224 224 45)
(Index 0 0 0)
(Spacing 0.7142857313 0.7142857313 3.0000000000)
(Origin -60.5859832764 -61.0538444519 109.7161788940)
(Direction 0.9998018462 -0.0035509825 0.0195872113 0.0035738633 0.9999929716 -0.0011332804 -0.0195830488 0.0012030578 0.9998075099)
(UseDirectionCosines "false")

// EulerTransform specific
(CenterOfRotationPoint 19.0568757653 18.5890145898 175.7161788940)
(ComputeZYX "false")

// ResampleInterpolator specific
(ResampleInterpolator "FinalBSplineInterpolator")
(FinalBSplineInterpolationOrder 3)

// Resampler specific
(Resampler "DefaultResampler")
(DefaultPixelValue 0.000000)
(ResultImageFormat "nii.gz")
(ResultImagePixelType "short")
(CompressResultImage "false")

=============== end of TransformParameterFile ===============

Creating the TransformParameterFile took 0.00s

Registration result checksum: 1464616368

Applying final transform ...
  Applying final transform took 1.34s

Final metric value  = -0.152874
Settings of AdaptiveStochasticGradientDescent for all resolutions:
( SP_a 414.915096 )
( SP_A 20.000000 )
( SP_alpha 1.000000 )
( SigmoidMax 1.000000 )
( SigmoidMin -0.620211 )
( SigmoidScale 0.000005 )

Time spent on saving the results, applying the final transform etc.: 1343 ms.
Running elastix with parameter file 0: "/Users/sakinkirti/Programming/Python/CCIPD/racial-disparity-pca/code_matlab/rigid.txt", has finished.


Current time: Mon May 23 17:58:35 2022.
Time used for running elastix with this parameter file:
  5.8s.

-------------------------------------------------------------------------

Total time elapsed: 5.9s.

