
elastix is started at Mon May 23 13:29:18 2022.

which elastix:   /Users/sakinkirti/Programming/Python/CCIPD/racial-disparity-pca/code_matlab/elastix-5.0.0-mac/bin/elastix
elastix runs at: Sakins-MBP.hsd1.ca.comcast.net
  macOS 12.3.1 (x64), 21E258
  with 8192 MB memory, and 2 cores @ 2300 MHz.
-------------------------------------------------------------------------

Running elastix with parameter file 0: "/Users/sakinkirti/Programming/Python/CCIPD/racial-disparity-pca/code_matlab/rigid.txt".

Current time: Mon May 23 13:29:18 2022.
Reading the elastix parameters from file ...

Installing all components.
InstallingComponents was successful.

ELASTIX version: 5.000
Command line options from ElastixBase:
-f        /Users/sakinkirti/Programming/Python/CCIPD/racial-disparity-pca/dataset/to_nifti_cleaned/prostate-000797/T2W.nii.gz
-m        /Users/sakinkirti/Programming/Python/CCIPD/racial-disparity-pca/dataset/to_nifti_cleaned/prostate-000797/ADC.nii.gz
-fMask    unspecified, so no fixed mask used
-mMask    unspecified, so no moving mask used
-out      /Users/sakinkirti/Programming/Python/CCIPD/racial-disparity-pca/dataset/to_nifti_cleaned/prostate-000797/
-p        /Users/sakinkirti/Programming/Python/CCIPD/racial-disparity-pca/code_matlab/rigid.txt
-threads  unspecified, so all available threads are used
Command line options from TransformBase:
-t0       unspecified, so no initial transform used

=============== start of ParameterFile: /Users/sakinkirti/Programming/Python/CCIPD/racial-disparity-pca/code_matlab/rigid.txt ===============
// Example parameter file for rotation registration
// C-style comments: //

// The internal pixel type, used for internal computations
// Leave to float in general. 
// NB: this is not the type of the input images! The pixel 
// type of the input images is automatically read from the 
// images themselves.
// This setting can be changed to "short" to save some memory
// in case of very large 3D images.
(FixedInternalImagePixelType "float")
(MovingInternalImagePixelType "float")

// The dimensions of the fixed and moving image
// Up to elastix 4.5 this had to be specified by the user.
// From elastix 4.6, this is not necessary anymore.
//(FixedImageDimension 3)
//(MovingImageDimension 3)

// Specify whether you want to take into account the so-called
// direction cosines of the images. Recommended: true.
// In some cases, the direction cosines of the image are corrupt,
// due to image format conversions for example. In that case, you 
// may want to set this option to "false".
(UseDirectionCosines "false")

// **************** Main Components **************************

// The following components should usually be left as they are:
(Registration "MultiResolutionRegistration")
(Interpolator "BSplineInterpolator")
(ResampleInterpolator "FinalBSplineInterpolator")
(Resampler "DefaultResampler")

// These may be changed to Fixed/MovingSmoothingImagePyramid.
// See the manual.
(FixedImagePyramid "FixedRecursiveImagePyramid")
(MovingImagePyramid "MovingRecursiveImagePyramid")

// The following components are most important:
// The optimizer AdaptiveStochasticGradientDescent (ASGD) works
// quite ok in general. The Transform and Metric are important
// and need to be chosen careful for each application. See manual.
(Optimizer "AdaptiveStochasticGradientDescent")
(Transform "EulerTransform")
(Metric "AdvancedMattesMutualInformation")

// ***************** Transformation **************************

// Scales the rotations compared to the translations, to make
// sure they are in the same range. In general, it's best to  
// use automatic scales estimation:
(AutomaticScalesEstimation "true")

// Automatically guess an initial translation by aligning the
// geometric centers of the fixed and moving.
(AutomaticTransformInitialization "true")

// Whether transforms are combined by composition or by addition.
// In generally, Compose is the best option in most cases.
// It does not influence the results very much.
(HowToCombineTransforms "Compose")

// ******************* Similarity measure *********************

// Number of grey level bins in each resolution level,
// for the mutual information. 16 or 32 usually works fine.
// You could also employ a hierarchical strategy:
//(NumberOfHistogramBins 16 32 64)
(NumberOfHistogramBins 32)

// If you use a mask, this option is important. 
// If the mask serves as region of interest, set it to false.
// If the mask indicates which pixels are valid, then set it to true.
// If you do not use a mask, the option doesn't matter.
(ErodeMask "false")

// ******************** Multiresolution **********************

// The number of resolutions. 1 Is only enough if the expected
// deformations are small. 3 or 4 mostly works fine. For large
// images and large deformations, 5 or 6 may even be useful.
(NumberOfResolutions 1)

// The downsampling/blurring factors for the image pyramids.
// By default, the images are downsampled by a factor of 2
// compared to the next resolution.
// So, in 2D, with 4 resolutions, the following schedule is used:
//(ImagePyramidSchedule 8 8  4 4  2 2  1 1 )
// And in 3D:
//(ImagePyramidSchedule 8 8 8  4 4 4  2 2 2  1 1 1 )
// You can specify any schedule, for example:
//(ImagePyramidSchedule 4 4  4 3  2 1  1 1 )
// Make sure that the number of elements equals the number
// of resolutions times the image dimension.

// ******************* Optimizer ****************************

// Maximum number of iterations in each resolution level:
// 200-500 works usually fine for rigid registration.
// For more robustness, you may increase this to 1000-2000.
(MaximumNumberOfIterations 500)

// The step size of the optimizer, in mm. By default the voxel size is used.
// which usually works well. In case of unusual high-resolution images
// (eg histology) it is necessary to increase this value a bit, to the size
// of the "smallest visible structure" in the image:
//(MaximumStepLength 1.0)

// **************** Image sampling **********************

// Number of spatial samples used to compute the mutual
// information (and its derivative) in each iteration.
// With an AdaptiveStochasticGradientDescent optimizer,
// in combination with the two options below, around 2000
// samples may already suffice.
(NumberOfSpatialSamples 2000)

// Refresh these spatial samples in every iteration, and select
// them randomly. See the manual for information on other sampling
// strategies.
(NewSamplesEveryIteration "true")
(ImageSampler "Random")

// ************* Interpolation and Resampling ****************

// Order of B-Spline interpolation used during registration/optimisation.
// It may improve accuracy if you set this to 3. Never use 0.
// An order of 1 gives linear interpolation. This is in most 
// applications a good choice.
(BSplineInterpolationOrder 1)

// Order of B-Spline interpolation used for applying the final
// deformation.
// 3 gives good accuracy; recommended in most cases.
// 1 gives worse accuracy (linear interpolation)
// 0 gives worst accuracy, but is appropriate for binary images
// (masks, segmentations); equivalent to nearest neighbor interpolation.
(FinalBSplineInterpolationOrder 3)

//Default pixel value for pixels that come from outside the picture:
(DefaultPixelValue 0)

// Choose whether to generate the deformed moving image.
// You can save some time by setting this to false, if you are
// only interested in the final (nonrigidly) deformed moving image
// for example.
(WriteResultImage "false")

// The pixel type and format of the resulting deformed moving image
(ResultImagePixelType "short")
(ResultImageFormat "nii.gz")




=============== end of ParameterFile: /Users/sakinkirti/Programming/Python/CCIPD/racial-disparity-pca/code_matlab/rigid.txt ===============


Reading images...
Reading images took 80 ms.

WARNING: the fixed pyramid schedule is not fully specified!
  A default pyramid schedule is used.
WARNING: the moving pyramid schedule is not fully specified!
  A default pyramid schedule is used.
WARNING: The parameter "AutomaticTransformInitializationMethod", requested at entry number 0, does not exist at all.
  The default value "GeometricalCenter" is used instead.
Transform parameters are initialized as: [0, 0, 0, -1.5226974487304688, -1.193115234375, -16.912109375]
Scales are estimated automatically.
Scales for transform parameters are: [3391.2427368164062, 3391.2427368164062, 5481.9854736328125, 1, 1, 1]
Initialization of all components (before registration) took: 10 ms.
Preparation of the image pyramids took: 9 ms.

Resolution: 0
WARNING: The parameter "ShowExactMetricValue", requested at entry number 0, does not exist at all.
  The default value "false" is used instead.
WARNING: The parameter "CheckNumberOfSamples", requested at entry number 0, does not exist at all.
  The default value "true" is used instead.
WARNING: The parameter "UseMultiThreadingForMetrics", requested at entry number 0, does not exist at all.
  The default value "true" is used instead.
Setting the fixed masks took: 0 ms.
Setting the moving masks took: 0 ms.
WARNING: The parameter "NumberOfFixedHistogramBins", requested at entry number 0, does not exist at all.
  The default value "32" is used instead.
WARNING: The parameter "NumberOfMovingHistogramBins", requested at entry number 0, does not exist at all.
  The default value "32" is used instead.
WARNING: The parameter "FixedLimitRangeRatio", requested at entry number 0, does not exist at all.
  The default value "0.01" is used instead.
WARNING: The parameter "MovingLimitRangeRatio", requested at entry number 0, does not exist at all.
  The default value "0.01" is used instead.
WARNING: The parameter "FixedKernelBSplineOrder", requested at entry number 0, does not exist at all.
  The default value "0" is used instead.
WARNING: The parameter "MovingKernelBSplineOrder", requested at entry number 0, does not exist at all.
  The default value "3" is used instead.
WARNING: The parameter "UseFastAndLowMemoryVersion", requested at entry number 0, does not exist at all.
  The default value "true" is used instead.
WARNING: The parameter "UseJacobianPreconditioning", requested at entry number 0, does not exist at all.
  The default value "false" is used instead.
WARNING: The parameter "FiniteDifferenceDerivative", requested at entry number 0, does not exist at all.
  The default value "false" is used instead.
WARNING: The parameter "SP_A", requested at entry number 0, does not exist at all.
  The default value "20" is used instead.
WARNING: The parameter "MaximumNumberOfSamplingAttempts", requested at entry number 0, does not exist at all.
  The default value "0" is used instead.
WARNING: The parameter "SigmoidInitialTime", requested at entry number 0, does not exist at all.
  The default value "0" is used instead.
WARNING: The parameter "MaxBandCovSize", requested at entry number 0, does not exist at all.
  The default value "192" is used instead.
WARNING: The parameter "NumberOfBandStructureSamples", requested at entry number 0, does not exist at all.
  The default value "10" is used instead.
WARNING: The parameter "UseAdaptiveStepSizes", requested at entry number 0, does not exist at all.
  The default value "true" is used instead.
WARNING: The parameter "AutomaticParameterEstimation", requested at entry number 0, does not exist at all.
  The default value "true" is used instead.
WARNING: The parameter "UseConstantStep", requested at entry number 0, does not exist at all.
  The default value "false" is used instead.
WARNING: The parameter "MaximumStepLengthRatio", requested at entry number 0, does not exist at all.
  The default value "1" is used instead.
WARNING: The parameter "MaximumStepLength", requested at entry number 0, does not exist at all.
  The default value "1.28906" is used instead.
WARNING: The parameter "NumberOfGradientMeasurements", requested at entry number 0, does not exist at all.
  The default value "0" is used instead.
WARNING: The parameter "NumberOfJacobianMeasurements", requested at entry number 0, does not exist at all.
  The default value "1000" is used instead.
WARNING: The parameter "NumberOfSamplesForExactGradient", requested at entry number 0, does not exist at all.
  The default value "100000" is used instead.
WARNING: The parameter "SigmoidScaleFactor", requested at entry number 0, does not exist at all.
  The default value "0.1" is used instead.
Elastix initialization of all components (for this resolution) took: 1 ms.
  Computing the fixed image extrema took 10 ms.
  Computing the moving image extrema took 2 ms.
Initialization of AdvancedMattesMutualInformation metric took: 29 ms.
Starting automatic parameter estimation for AdaptiveStochasticGradientDescent ...
WARNING: The parameter "ASGDParameterEstimationMethod", requested at entry number 0, does not exist at all.
  The default value "Original" is used instead.
  Computing JacobianTerms ...
  Computing the Jacobian terms took 0.002979s
  NumberOfGradientMeasurements to estimate sigma_i: 6
  Sampling gradients ...
  Sampling the gradients took 0.582358s
Automatic parameter estimation took 0.59s
1:ItNr	2:Metric	3a:Time	3b:StepSize	4:||Gradient||	Time[ms]
0	-0.176506	0.000000	19.298119	0.008968	626.5
1	-0.162228	0.000000	19.298119	0.014660	6.4
2	-0.161795	0.000000	19.298119	0.029236	20.2
3	-0.205773	0.000000	19.298119	0.022462	2.6
4	-0.190652	0.000000	19.298119	0.013871	5.9
5	-0.171257	0.000000	19.298119	0.010258	12.8
6	-0.170314	0.000000	19.298119	0.008305	5.9
7	-0.205657	0.000000	19.298119	0.016670	7.8
8	-0.205782	0.000000	19.298119	0.011983	5.5
9	-0.182442	0.000000	19.298119	0.012856	4.6
10	-0.193334	0.000000	19.298119	0.020118	4.4
11	-0.188014	0.000000	19.298119	0.015261	7.7
12	-0.220584	0.000000	19.298119	0.012906	3.5
13	-0.189835	0.000000	19.298119	0.012604	4.2
14	-0.180837	0.000000	19.298119	0.020119	8.8
15	-0.213627	1.000000	18.420932	0.005545	7.0
16	-0.212600	1.985890	17.630838	0.013499	7.4
17	-0.206802	1.446239	18.054717	0.014555	3.9
18	-0.168039	2.223165	17.450701	0.015696	5.4
19	-0.202434	3.054865	16.847340	0.011117	7.6
20	-0.217445	2.498810	17.246001	0.008620	2.9
21	-0.171477	1.949189	17.659034	0.015724	10.9
22	-0.200260	2.586551	17.181847	0.011332	4.4
23	-0.185545	2.129714	17.521207	0.012497	7.2
24	-0.205105	3.067406	16.838562	0.010606	5.7
25	-0.195611	3.988731	16.217731	0.006150	9.0
26	-0.198352	3.434417	16.585643	0.009640	6.8
27	-0.163051	4.288572	16.025440	0.013040	2.5
28	-0.206841	3.732723	16.385600	0.015393	8.8
29	-0.208406	3.954178	16.240187	0.016619	6.8
30	-0.190905	3.398085	16.610341	0.010362	10.4
31	-0.219955	4.398084	15.956342	0.015012	3.9
32	-0.208990	3.841989	16.313529	0.010130	9.7
33	-0.171535	4.807095	15.703453	0.005553	6.5
34	-0.227619	4.262564	16.041939	0.013312	9.9
35	-0.193253	5.223870	15.453879	0.009468	8.5
36	-0.204843	6.223091	14.886645	0.021477	8.5
37	-0.195671	5.668879	15.196008	0.013199	11.7
38	-0.184960	6.668879	14.646799	0.008215	7.5
39	-0.221949	6.160199	14.921117	0.014022	10.4
40	-0.203150	5.913176	15.058070	0.012128	6.5
41	-0.196829	6.908001	14.521302	0.013952	13.4
42	-0.187455	6.358215	14.813119	0.016193	3.0
43	-0.206134	5.802121	15.120464	0.016238	8.9
44	-0.187678	6.802121	14.576604	0.008450	5.3
45	-0.176587	6.246517	14.873847	0.010476	9.0
46	-0.207173	7.220452	14.360525	0.012195	11.0
47	-0.208124	8.220185	13.869197	0.018350	7.6
48	-0.183226	7.664091	14.138265	0.009819	10.7
49	-0.177445	8.664007	13.661691	0.009645	5.8
50	-0.220155	8.108206	13.922552	0.019084	7.7
51	-0.187183	8.388613	13.789712	0.012423	9.1
52	-0.191966	9.388613	13.335933	0.007447	14.3
53	-0.216447	9.666392	13.215135	0.014222	7.4
54	-0.180955	10.658693	12.800923	0.011195	10.1
55	-0.188856	10.188045	12.994098	0.010709	10.7
56	-0.181070	9.632116	13.229922	0.008555	10.1
57	-0.207423	9.078901	13.473249	0.010736	7.6
58	-0.190539	8.652890	13.666813	0.011992	2.6
59	-0.236821	9.528846	13.274675	0.017140	10.4
60	-0.211484	10.486465	12.870943	0.014729	5.1
61	-0.179168	9.930374	13.102347	0.014683	7.9
62	-0.182160	9.374280	13.342226	0.006997	13.3
63	-0.170310	10.145734	13.011750	0.013145	13.0
64	-0.177222	11.143969	12.607668	0.009663	6.6
65	-0.182125	12.121134	12.235708	0.018474	6.8
66	-0.186105	11.565041	12.444649	0.009696	10.6
67	-0.188287	12.565023	12.073893	0.008873	7.1
68	-0.189935	13.055107	11.900139	0.009740	8.5
69	-0.182318	13.050247	11.901837	0.018219	14.9
70	-0.189751	14.027097	11.569914	0.012382	6.2
71	-0.201692	13.471023	11.756556	0.014661	9.8
72	-0.194186	12.914944	11.949319	0.015151	6.6
73	-0.210665	12.359083	12.148430	0.019803	7.2
74	-0.181980	13.359082	11.794858	0.015596	3.6
75	-0.196508	12.802987	11.988896	0.020939	5.8
76	-0.194987	13.802987	11.644417	0.007714	5.6
77	-0.194753	14.802987	11.319181	0.010375	6.5
78	-0.203442	14.582635	11.389278	0.010879	6.6
79	-0.184803	14.890837	11.291475	0.012173	7.2
80	-0.194655	15.890832	10.985399	0.013292	5.2
81	-0.182517	16.875988	10.699668	0.006506	4.9
82	-0.199865	17.079670	10.642438	0.016933	7.5
83	-0.193597	16.545503	10.793849	0.013303	6.5
84	-0.159883	16.005523	10.951352	0.008783	6.8
85	-0.191762	16.981660	10.669900	0.013258	5.3
86	-0.171261	17.980994	10.396362	0.020763	5.6
87	-0.201614	18.845988	10.170673	0.009185	8.5
88	-0.192453	19.845988	9.921672	0.020237	6.5
89	-0.190367	19.289893	10.058615	0.017399	5.8
90	-0.215942	18.733803	10.199389	0.012286	4.9
91	-0.197750	18.179347	10.343728	0.008734	6.1
92	-0.184157	17.639172	10.488333	0.008149	7.5
93	-0.154392	18.022318	10.385352	0.010206	7.3
94	-0.201647	19.020143	10.126413	0.009586	6.7
95	-0.205288	19.843164	9.922358	0.009404	6.0
96	-0.216643	19.287653	10.059174	0.008425	4.6
97	-0.177242	19.919786	9.903779	0.011168	13.0
98	-0.194877	20.916794	9.668213	0.008524	6.6
99	-0.202797	20.369698	9.796071	0.014742	7.4
100	-0.198772	21.369694	9.564867	0.014957	11.4
101	-0.175279	21.745605	9.480753	0.009084	10.1
102	-0.174699	21.199692	9.603400	0.017091	8.5
103	-0.194117	22.199688	9.381098	0.010170	7.9
104	-0.187929	23.172045	9.174592	0.007631	10.2
105	-0.221779	23.821864	9.041581	0.011848	6.7
106	-0.198968	23.381794	9.131233	0.014712	7.2
107	-0.170396	24.381793	8.930024	0.015359	11.1
108	-0.225618	25.283472	8.756052	0.018241	6.7
109	-0.182018	26.283472	8.570870	0.012093	6.2
110	-0.176691	25.727377	8.672871	0.013232	9.0
111	-0.196313	26.727343	8.491160	0.005730	8.4
112	-0.184502	26.340283	8.560585	0.008964	6.4
113	-0.189098	25.855378	8.649178	0.016052	7.5
114	-0.176204	26.775584	8.482586	0.016437	6.1
115	-0.191053	26.219494	8.582483	0.011435	4.5
116	-0.183110	25.663400	8.684762	0.011651	10.1
117	-0.187752	26.612102	8.511712	0.007268	5.1
118	-0.201346	27.611870	8.336657	0.019877	5.8
119	-0.190813	28.611859	8.168622	0.020511	5.8
120	-0.186598	29.611825	8.007230	0.007423	5.7
121	-0.204563	30.611699	7.852106	0.017220	7.6
122	-0.193108	30.056265	7.937527	0.013260	5.3
123	-0.202413	31.056265	7.785048	0.014240	6.2
124	-0.181298	32.056255	7.638317	0.015403	8.7
125	-0.186657	32.993317	7.505753	0.002913	12.4
126	-0.204642	33.000780	7.504716	0.015673	4.7
127	-0.198395	33.390317	7.450968	0.017325	5.4
128	-0.192635	34.390317	7.316450	0.013149	6.5
129	-0.182203	35.389359	7.186826	0.012618	11.7
130	-0.191480	36.311873	7.071144	0.010793	6.6
131	-0.208157	37.311872	6.949880	0.008521	7.5
132	-0.188674	37.425220	6.936397	0.009880	6.6
133	-0.196434	37.767652	6.895979	0.013079	8.1
134	-0.182077	38.767629	6.780602	0.002574	8.0
135	-0.186799	39.328122	6.717605	0.015517	7.0
136	-0.201621	40.034896	6.639816	0.006876	6.9
137	-0.194937	40.697307	6.568528	0.011079	9.4
138	-0.173796	41.553337	6.478639	0.015149	6.4
139	-0.189806	42.553333	6.376700	0.013658	7.4
140	-0.201431	43.507173	6.282410	0.011975	6.7
141	-0.182310	43.098243	6.322490	0.013364	7.7
142	-0.187217	44.034297	6.231489	0.011507	9.1
143	-0.165205	43.479707	6.285086	0.010210	7.8
144	-0.158414	43.076921	6.324594	0.013220	8.2
145	-0.224177	42.520829	6.379962	0.008809	9.4
146	-0.220492	43.439634	6.288994	0.017026	7.0
147	-0.189189	44.436026	6.193232	0.016534	6.8
148	-0.203258	45.436026	6.100011	0.018248	8.9
149	-0.165975	46.381110	6.014453	0.016230	11.1
150	-0.191517	47.381073	5.926501	0.009314	4.9
151	-0.188414	48.381001	5.841088	0.007864	10.9
152	-0.175203	47.825137	5.888263	0.008894	5.3
153	-0.191598	47.270602	5.936091	0.008817	6.5
154	-0.189086	46.742569	5.982361	0.006731	8.0
155	-0.174153	47.648332	5.903428	0.008981	6.4
156	-0.188733	48.104262	5.864479	0.011084	6.8
157	-0.179294	48.075666	5.866907	0.013710	5.9
158	-0.190847	47.519965	5.914488	0.010341	10.3
159	-0.188514	46.975145	5.961892	0.014265	10.3
160	-0.190820	46.420015	6.010982	0.013994	11.0
161	-0.165047	45.863969	6.060970	0.008601	10.1
162	-0.203454	46.607146	5.994344	0.015160	4.5
163	-0.187199	47.569865	5.910184	0.008643	6.2
164	-0.172718	47.422507	5.922912	0.021399	6.7
165	-0.214891	46.868401	5.971269	0.014222	7.6
166	-0.223682	47.868400	5.884564	0.009176	8.1
167	-0.175042	48.868396	5.800341	0.018424	7.0
168	-0.197515	49.868389	5.718495	0.010801	7.0
169	-0.177146	49.507036	5.747802	0.018330	5.9
170	-0.216403	50.460379	5.671122	0.013908	5.7
171	-0.187366	51.460379	5.592857	0.018501	5.5
172	-0.195870	52.460379	5.516722	0.014799	7.0
173	-0.204590	53.458663	5.442758	0.014644	6.9
174	-0.187876	52.903134	5.483671	0.008937	12.0
175	-0.183874	53.898844	5.410771	0.015082	10.5
176	-0.184076	54.559475	5.363464	0.008020	6.0
177	-0.195572	55.309120	5.310774	0.009267	5.7
178	-0.199307	54.755813	5.349563	0.017308	11.0
179	-0.189295	54.199732	5.389122	0.007845	7.7
180	-0.213488	55.199154	5.318438	0.007741	6.2
181	-0.174487	54.721203	5.352008	0.021161	4.8
182	-0.197258	55.623692	5.288971	0.015859	7.1
183	-0.172495	56.623692	5.220835	0.012651	5.6
184	-0.176134	56.067682	5.258501	0.008043	7.2
185	-0.198716	55.759677	5.279601	0.009920	8.1
186	-0.176761	56.156330	5.252460	0.007458	13.0
187	-0.191785	55.607703	5.290075	0.005156	7.6
188	-0.180665	55.880852	5.271280	0.009945	4.9
189	-0.184830	56.862019	5.204855	0.012810	5.5
190	-0.206152	56.308140	5.242145	0.011232	6.6
191	-0.177129	55.752590	5.280089	0.010689	7.1
192	-0.185160	56.748964	5.212423	0.012188	6.6
193	-0.204687	56.288748	5.243461	0.010277	6.8
194	-0.186581	55.738669	5.281047	0.014415	10.1
195	-0.181286	56.710271	5.215019	0.005834	7.7
196	-0.183336	57.700489	5.149403	0.009635	6.3
197	-0.194791	58.410829	5.103341	0.011090	6.8
198	-0.173189	57.860890	5.138929	0.015464	7.9
199	-0.197592	57.307893	5.175219	0.007640	9.2
200	-0.161100	56.827634	5.207154	0.014500	6.4
201	-0.185236	56.271588	5.244625	0.009175	6.4
202	-0.197821	57.271435	5.177630	0.009307	5.3
203	-0.192148	56.840783	5.206275	0.011053	13.3
204	-0.211819	56.288225	5.243496	0.009985	7.3
205	-0.173944	55.732244	5.281489	0.020930	8.8
206	-0.216433	56.689034	5.216444	0.011179	9.9
207	-0.177027	56.132940	5.254052	0.021970	7.7
208	-0.174451	57.132938	5.186807	0.006751	8.0
209	-0.184086	56.576896	5.223985	0.023800	6.3
210	-0.181277	57.386221	5.170048	0.013960	7.7
211	-0.176571	56.830127	5.206988	0.007075	6.8
212	-0.198759	56.307170	5.242211	0.011218	8.1
213	-0.193213	56.180088	5.250843	0.014451	7.6
214	-0.194347	55.624015	5.288949	0.009295	4.5
215	-0.206781	56.493623	5.229598	0.015138	5.7
216	-0.194901	55.968243	5.265295	0.016123	6.0
217	-0.180927	56.968243	5.197764	0.009731	6.5
218	-0.175061	56.430269	5.233877	0.018655	9.5
219	-0.201136	55.874175	5.271738	0.004442	6.3
220	-0.194999	55.320155	5.310006	0.013292	9.1
221	-0.183635	56.299427	5.242736	0.010349	5.5
222	-0.186325	56.302768	5.242510	0.016552	6.9
223	-0.214477	56.807885	5.208476	0.005986	6.8
224	-0.211664	56.255460	5.245720	0.013750	4.4
225	-0.167476	55.832546	5.274594	0.007800	5.1
226	-0.175104	55.738188	5.281080	0.006312	3.8
227	-0.183555	55.231406	5.316188	0.008979	4.4
228	-0.208194	54.676419	5.355176	0.027713	5.8
229	-0.192484	55.389332	5.305198	0.008335	4.2
230	-0.206757	56.388950	5.236671	0.011675	5.1
231	-0.218826	55.833439	5.274533	0.012920	6.0
232	-0.205536	55.277354	5.312986	0.009981	4.8
233	-0.218765	55.806816	5.276361	0.018202	7.5
234	-0.186888	55.731971	5.281508	0.009710	4.6
235	-0.200060	55.175884	5.320063	0.012502	8.5
236	-0.179983	55.386029	5.305427	0.017741	6.7
237	-0.175327	54.837296	5.343815	0.023198	10.6
238	-0.190785	55.277305	5.312989	0.009754	5.9
239	-0.209367	54.721260	5.352004	0.014907	7.2
240	-0.176208	54.166947	5.391472	0.017276	8.1
241	-0.171440	55.166900	5.320691	0.010305	8.9
242	-0.212859	54.610806	5.359823	0.015062	6.5
243	-0.203746	55.610804	5.289861	0.017165	6.4
244	-0.203521	56.497610	5.229329	0.016945	5.2
245	-0.198308	55.941516	5.267124	0.013783	8.2
246	-0.222664	56.931130	5.200239	0.015009	9.7
247	-0.184542	57.931066	5.134360	0.015042	4.3
248	-0.182441	58.931066	5.070125	0.014481	7.0
249	-0.201162	58.374971	5.105646	0.014367	7.8
250	-0.183360	59.374505	5.042152	0.012547	7.2
251	-0.173489	58.818411	5.077281	0.010006	8.0
252	-0.195259	58.278741	5.111843	0.010296	14.7
253	-0.209038	57.879198	5.137736	0.016469	8.5
254	-0.207606	58.869762	5.074017	0.006975	7.1
255	-0.186300	58.313926	5.109576	0.008779	7.5
256	-0.189479	58.874806	5.073696	0.007401	8.1
257	-0.198814	58.811828	5.077700	0.014140	7.4
258	-0.170855	58.256115	5.113303	0.011866	7.7
259	-0.186849	59.255964	5.049600	0.005118	6.1
260	-0.177805	58.723310	5.083338	0.010161	7.0
261	-0.189588	59.686644	5.022647	0.011220	6.1
262	-0.174699	59.131647	5.057434	0.013116	11.1
263	-0.187208	58.575600	5.092773	0.012123	8.7
264	-0.187330	59.575597	5.029569	0.005414	6.4
265	-0.201343	60.541979	4.969962	0.003679	5.7
266	-0.183272	60.155531	4.993628	0.013135	10.8
267	-0.168331	59.939066	5.006983	0.012023	7.7
268	-0.191740	60.938806	4.945892	0.015573	9.6
269	-0.195073	61.938806	4.886259	0.008501	10.3
270	-0.206074	62.938794	4.828048	0.010079	5.7
271	-0.199897	63.668454	4.786440	0.011409	8.4
272	-0.196750	64.668032	4.730592	0.011792	6.8
273	-0.182800	64.584196	4.735226	0.014282	9.8
274	-0.196275	65.584145	4.680539	0.011034	9.4
275	-0.186268	65.028052	4.710795	0.009074	6.6
276	-0.188947	64.520635	4.738745	0.015526	8.4
277	-0.178768	63.964540	4.769760	0.008013	7.6
278	-0.196797	63.466844	4.797865	0.016106	9.8
279	-0.170456	64.358155	4.747766	0.017841	5.3
280	-0.165326	65.358140	4.692789	0.008675	6.3
281	-0.192193	65.886265	4.664264	0.006475	9.1
282	-0.178460	65.423335	4.689249	0.009548	7.3
283	-0.182414	64.879147	4.718963	0.010025	7.2
284	-0.201562	65.772141	4.670399	0.021379	6.7
285	-0.220643	66.771584	4.617218	0.009692	11.7
286	-0.202392	66.215490	4.646657	0.014120	6.3
287	-0.190862	65.673455	4.675717	0.007769	9.8
288	-0.193246	66.665991	4.622779	0.014148	11.9
289	-0.210689	66.161153	4.649554	0.016818	6.6
290	-0.183117	67.161119	4.596817	0.011597	6.7
291	-0.190599	66.605025	4.625996	0.014605	6.6
292	-0.193435	66.171661	4.648994	0.010917	7.1
293	-0.195780	65.615567	4.678841	0.016442	10.2
294	-0.185164	65.188389	4.702031	0.014924	12.0
295	-0.187285	64.632294	4.732566	0.014072	7.0
296	-0.205345	64.076217	4.763499	0.009209	8.9
297	-0.178275	63.520378	4.794826	0.009384	6.1
298	-0.198465	62.965335	4.826522	0.012503	7.6
299	-0.198051	63.965263	4.769720	0.012084	7.3
300	-0.189771	63.814730	4.778185	0.013506	11.1
301	-0.179810	63.892680	4.773798	0.018090	6.1
302	-0.198760	64.892680	4.718219	0.009553	7.1
303	-0.170169	65.806545	4.668548	0.008520	8.2
304	-0.195161	66.585017	4.627053	0.014525	8.0
305	-0.210876	66.121533	4.651669	0.016261	6.4
306	-0.187910	67.121532	4.598882	0.011490	7.5
307	-0.170792	66.565563	4.628081	0.016517	5.6
308	-0.220983	67.565393	4.575834	0.011411	8.0
309	-0.181186	67.578857	4.575138	0.007594	8.1
310	-0.210334	67.150280	4.597382	0.010924	9.2
311	-0.169250	68.036859	4.551604	0.007355	12.9
312	-0.183721	67.480831	4.580207	0.011205	7.7
313	-0.179246	66.928146	4.608996	0.007066	7.4
314	-0.186032	67.856068	4.560865	0.013101	9.0
315	-0.164245	67.376899	4.585593	0.015102	9.0
316	-0.178374	66.820812	4.614629	0.009298	9.1
317	-0.168477	66.265793	4.643979	0.014364	7.5
318	-0.207201	65.710661	4.673710	0.011167	8.0
319	-0.181436	65.154569	4.703877	0.016674	8.8
320	-0.209124	65.766763	4.670688	0.010832	8.2
321	-0.183134	66.765011	4.617563	0.013683	7.6
322	-0.189977	67.759167	4.565844	0.013433	7.6
323	-0.191492	67.203072	4.594630	0.005988	10.1
324	-0.197941	66.831647	4.614060	0.009754	11.1
325	-0.175809	66.507419	4.631156	0.013733	8.3
326	-0.185847	66.007120	4.657786	0.014481	11.4
327	-0.221592	65.451026	4.687747	0.009511	8.8
328	-0.180452	64.895757	4.718050	0.014724	6.5
329	-0.186633	65.895565	4.663765	0.015235	11.9
330	-0.213977	65.604054	4.679463	0.008235	8.9
331	-0.184331	66.600516	4.626234	0.010003	9.8
332	-0.174118	66.255376	4.644533	0.004555	6.4
333	-0.189622	67.230446	4.593205	0.012754	12.5
334	-0.213216	67.193247	4.595142	0.015969	9.5
335	-0.194183	66.639234	4.624190	0.020798	7.7
336	-0.183567	66.083140	4.653719	0.011996	9.2
337	-0.187192	66.360398	4.638950	0.008388	7.7
338	-0.196626	65.836117	4.666958	0.010013	7.2
339	-0.200993	65.997614	4.658294	0.010231	7.4
340	-0.188111	65.443744	4.688141	0.013680	15.2
341	-0.185581	64.889777	4.718379	0.015327	8.3
342	-0.177856	64.337965	4.748889	0.002677	6.0
343	-0.199868	64.682170	4.729811	0.006820	9.3
344	-0.196385	64.945992	4.715293	0.006897	7.5
345	-0.170089	65.690114	4.674818	0.013900	13.5
346	-0.195320	65.650338	4.676964	0.021806	8.7
347	-0.180899	66.650164	4.623614	0.007162	10.4
348	-0.181414	66.545322	4.629151	0.012317	9.5
349	-0.158971	66.122675	4.651608	0.010396	6.3
350	-0.165233	67.117024	4.599117	0.018441	8.0
351	-0.197907	68.097693	4.548496	0.007377	10.9
352	-0.167204	67.589833	4.574571	0.009715	8.2
353	-0.198114	67.554437	4.576400	0.009818	7.5
354	-0.196767	67.119009	4.599013	0.005725	7.7
355	-0.182882	66.568177	4.627943	0.011999	12.7
356	-0.181530	67.463806	4.581088	0.013714	9.8
357	-0.169597	66.921939	4.609322	0.020905	8.2
358	-0.196749	66.365845	4.638661	0.013366	9.3
359	-0.198423	65.809750	4.668375	0.008119	8.0
360	-0.219128	65.254435	4.698431	0.008188	17.0
361	-0.198154	64.703531	4.728633	0.011539	9.0
362	-0.185117	64.743607	4.726422	0.008932	7.2
363	-0.183129	64.188554	4.757218	0.014027	6.9
364	-0.196096	63.671813	4.786250	0.012615	7.7
365	-0.176683	64.657059	4.731198	0.016462	10.7
366	-0.212843	65.657036	4.676602	0.015468	5.8
367	-0.190308	66.657020	4.623252	0.008589	9.7
368	-0.228033	67.229436	4.593257	0.013886	5.5
369	-0.200282	67.879253	4.559675	0.016732	7.1
370	-0.176470	67.323159	4.588383	0.011961	7.8
371	-0.170114	68.298447	4.538270	0.009935	8.3
372	-0.171850	67.743275	4.566662	0.006535	7.3
373	-0.169570	68.700193	4.517945	0.015451	9.8
374	-0.137724	69.683156	4.468972	0.010026	7.8
375	-0.186630	69.127159	4.496541	0.008423	8.1
376	-0.163276	68.768059	4.514529	0.013205	7.5
377	-0.177160	68.925311	4.506634	0.010600	9.6
378	-0.189680	69.876202	4.459479	0.011103	6.3
379	-0.188777	69.323914	4.486747	0.013888	9.9
380	-0.196324	68.767908	4.514537	0.010635	5.8
381	-0.191624	68.240443	4.541220	0.012499	7.3
382	-0.185876	69.237130	4.491062	0.013712	8.8
383	-0.186261	70.055616	4.450692	0.013658	9.1
384	-0.197401	71.055616	4.402344	0.008776	6.9
385	-0.195490	71.745461	4.369599	0.014112	8.0
386	-0.193253	72.728302	4.323779	0.014292	6.6
387	-0.178540	73.727907	4.278153	0.007003	10.9
388	-0.181338	73.172568	4.303382	0.020631	10.8
389	-0.167693	72.671322	4.326410	0.013723	8.5
390	-0.205965	73.671321	4.280710	0.014873	8.5
391	-0.207969	73.116145	4.305962	0.011586	7.1
392	-0.179542	73.638586	4.282191	0.023323	9.3
393	-0.184921	74.614671	4.238476	0.011715	8.8
394	-0.196872	75.614458	4.194616	0.018598	9.9
395	-0.165776	75.059114	4.218866	0.013059	4.8
396	-0.206557	75.689107	4.191377	0.018821	9.9
397	-0.192671	75.187642	4.213228	0.014774	6.3
398	-0.182849	76.187635	4.169877	0.016808	8.2
399	-0.203839	75.631949	4.193856	0.026239	8.1
400	-0.206269	75.075854	4.218131	0.017401	10.3
401	-0.195514	74.523218	4.242534	0.012016	9.7
402	-0.190666	73.967123	4.267377	0.010756	15.5
403	-0.187813	74.967039	4.222914	0.009921	14.0
404	-0.178581	74.411415	4.247505	0.015567	8.7
405	-0.179218	73.855845	4.272383	0.020233	11.3
406	-0.192320	73.299750	4.297578	0.012572	5.8
407	-0.201588	72.783316	4.321243	0.009695	9.6
408	-0.174930	72.227234	4.347018	0.011676	14.8
409	-0.200279	73.227167	4.300888	0.011373	8.0
410	-0.203244	72.673783	4.326296	0.020345	7.7
411	-0.184628	73.655895	4.281408	0.017642	7.7
412	-0.164506	73.616977	4.283169	0.014181	11.7
413	-0.202285	74.616935	4.238376	0.017666	7.3
414	-0.155466	74.060981	4.263164	0.019246	15.1
415	-0.156251	73.504887	4.288249	0.009156	9.6
416	-0.210221	73.207440	4.301789	0.016779	5.5
417	-0.175235	74.207431	4.256606	0.010505	9.2
418	-0.190361	75.207356	4.212365	0.011328	15.0
419	-0.165437	75.072791	4.218265	0.007913	13.6
420	-0.174601	76.060908	4.175322	0.009601	10.8
421	-0.216650	76.968187	4.136654	0.006999	9.5
422	-0.191168	77.750591	4.103879	0.010500	8.4
423	-0.182944	78.394283	4.077302	0.021638	13.9
424	-0.169510	79.394283	4.036689	0.011207	10.7
425	-0.180447	78.838189	4.059173	0.010730	10.7
426	-0.181316	79.833841	4.019092	0.013555	13.4
427	-0.193381	79.278507	4.041350	0.007291	6.2
428	-0.189465	80.263413	4.002043	0.007843	13.1
429	-0.207802	80.743743	3.983149	0.015898	12.3
430	-0.196870	81.691932	3.946371	0.015823	11.6
431	-0.160733	81.135838	3.967858	0.012468	9.3
432	-0.183769	80.586932	3.989298	0.016428	12.9
433	-0.189142	80.030838	4.011256	0.015549	11.2
434	-0.191470	81.030837	3.971941	0.014097	7.9
435	-0.186810	80.483622	3.993359	0.013615	14.1
436	-0.193596	79.927527	4.015361	0.017866	8.8
437	-0.228266	79.371433	4.037608	0.013669	8.3
438	-0.182623	80.371433	3.997778	0.009860	14.3
439	-0.176304	79.815357	4.019829	0.011662	7.7
440	-0.168278	80.030877	4.011254	0.012273	8.7
441	-0.191216	81.030876	3.971940	0.009721	14.2
442	-0.204920	82.029996	3.933423	0.013181	8.3
443	-0.202436	81.582389	3.950586	0.014079	10.3
444	-0.211328	81.039156	3.971618	0.017520	13.2
445	-0.205364	80.483061	3.993381	0.011498	10.6
446	-0.191279	79.927239	4.015373	0.011997	7.5
447	-0.200920	79.376283	4.037413	0.010084	10.5
448	-0.184736	80.376005	3.997598	0.017086	10.7
449	-0.168659	81.368979	3.958821	0.010594	9.8
450	-0.194381	82.295182	3.923324	0.010296	9.5
451	-0.209883	81.760673	3.943732	0.012802	7.9
452	-0.224200	81.205052	3.965171	0.012247	8.7
453	-0.201685	82.204593	3.926768	0.015353	9.4
454	-0.188529	83.204555	3.889086	0.010665	11.9
455	-0.176022	82.648463	3.909952	0.010509	6.4
456	-0.178443	83.635721	3.873061	0.010046	9.2
457	-0.182276	84.634822	3.836429	0.013834	12.8
458	-0.174445	85.634807	3.800452	0.017388	14.2
459	-0.203150	85.078738	3.820374	0.010860	11.1
460	-0.190868	84.681167	3.834747	0.007909	12.7
461	-0.206725	84.134402	3.854690	0.017674	14.7
462	-0.188469	84.976778	3.824050	0.011021	8.5
463	-0.170959	85.792102	3.794855	0.010734	8.2
464	-0.184393	86.759819	3.760776	0.012601	7.6
465	-0.201326	86.207669	3.780145	0.018170	11.5
466	-0.196168	87.184462	3.746014	0.010805	11.6
467	-0.199985	88.184331	3.711709	0.011925	9.6
468	-0.196489	87.865091	3.722594	0.011770	12.4
469	-0.177527	87.312642	3.741581	0.010955	7.7
470	-0.175790	86.759706	3.760780	0.012131	11.3
471	-0.176225	86.937150	3.754597	0.010711	9.3
472	-0.179456	86.381277	3.774033	0.014772	12.7
473	-0.166574	87.181949	3.746101	0.009483	7.5
474	-0.187086	88.181901	3.711792	0.004049	6.8
475	-0.177872	88.249741	3.709487	0.008556	12.3
476	-0.191277	87.991885	3.718263	0.013115	11.2
477	-0.209393	88.981001	3.684823	0.016746	14.2
478	-0.186810	88.425012	3.703545	0.022415	10.4
479	-0.163026	89.425012	3.670006	0.016588	7.7
480	-0.178420	88.868917	3.688582	0.005491	10.0
481	-0.193633	88.367033	3.705509	0.014500	10.3
482	-0.193820	89.142924	3.679406	0.011877	10.5
483	-0.180702	90.142884	3.646302	0.016600	10.7
484	-0.211733	89.586789	3.664638	0.020700	10.4
485	-0.206721	90.583614	3.631900	0.007533	9.7
486	-0.178465	90.027519	3.650091	0.011585	9.0
487	-0.193747	91.027009	3.617525	0.010892	9.4
488	-0.178361	92.026274	3.585542	0.010181	9.4
489	-0.195429	93.024776	3.554144	0.015272	7.9
490	-0.181256	92.468686	3.571563	0.007283	11.7
491	-0.177662	93.335371	3.544489	0.010653	6.8
492	-0.192636	93.460948	3.540601	0.017037	9.4
493	-0.186270	93.003346	3.554812	0.014742	12.1
494	-0.192017	94.003295	3.523903	0.016336	9.2
495	-0.186275	93.447200	3.541026	0.012600	8.1
496	-0.205384	94.446374	3.510379	0.011587	6.1
497	-0.190016	93.890280	3.527370	0.007826	12.4
498	-0.202774	93.734716	3.532152	0.019754	10.6
499	-0.194968	94.613962	3.505290	0.010421	9.8
Time spent in resolution 0 (ITK initialization and iterating): 5.084 s.
Stopping condition: Maximum number of iterations has been reached.
Settings of AdaptiveStochasticGradientDescent in resolution 0:
( SP_a 405.260505 )
( SP_A 20.000000 )
( SP_alpha 1.000000 )
( SigmoidMax 1.000000 )
( SigmoidMin -0.556095 )
( SigmoidScale 0.000007 )



=============== start of TransformParameterFile ===============
(Transform "EulerTransform")
(NumberOfParameters 6)
(TransformParameters -0.000445 -0.001922 0.002564 0.291538 0.045287 -18.724870)
(InitialTransformParametersFileName "NoInitialTransform")
(UseBinaryFormatForTransformationParameters "false")
(HowToCombineTransforms "Compose")

// Image specific
(FixedImageDimension 3)
(MovingImageDimension 3)
(FixedInternalImagePixelType "float")
(MovingInternalImagePixelType "float")
(Size 256 256 30)
(Index 0 0 0)
(Spacing 0.7031250000 0.7031250000 3.0000000000)
(Origin -91.5708236694 -84.1404724121 119.8644866943)
(Direction 1.0000000000 0.0000000000 0.0000000000 0.0000000000 1.0000000000 0.0000000000 0.0000000000 0.0000000000 1.0000000000)
(UseDirectionCosines "false")

// EulerTransform specific
(CenterOfRotationPoint -1.9223861694 5.5079650879 163.3644866943)
(ComputeZYX "false")

// ResampleInterpolator specific
(ResampleInterpolator "FinalBSplineInterpolator")
(FinalBSplineInterpolationOrder 3)

// Resampler specific
(Resampler "DefaultResampler")
(DefaultPixelValue 0.000000)
(ResultImageFormat "nii.gz")
(ResultImagePixelType "short")
(CompressResultImage "false")

=============== end of TransformParameterFile ===============

Creating the TransformParameterFile took 0.00s

Registration result checksum: 2081999424

Skipping applying final transform, no resulting output image generated.

Final metric value  = -0.194968
Settings of AdaptiveStochasticGradientDescent for all resolutions:
( SP_a 405.260505 )
( SP_A 20.000000 )
( SP_alpha 1.000000 )
( SigmoidMax 1.000000 )
( SigmoidMin -0.556095 )
( SigmoidScale 0.000007 )

Time spent on saving the results, applying the final transform etc.: 7 ms.
Running elastix with parameter file 0: "/Users/sakinkirti/Programming/Python/CCIPD/racial-disparity-pca/code_matlab/rigid.txt", has finished.


Current time: Mon May 23 13:29:23 2022.
Time used for running elastix with this parameter file:
  5.2s.

-------------------------------------------------------------------------

Total time elapsed: 5.3s.

