
elastix is started at Mon May 23 13:39:21 2022.

which elastix:   /Users/sakinkirti/Programming/Python/CCIPD/racial-disparity-pca/code_matlab/elastix-5.0.0-mac/bin/elastix
elastix runs at: Sakins-MBP.hsd1.ca.comcast.net
  macOS 12.3.1 (x64), 21E258
  with 8192 MB memory, and 2 cores @ 2300 MHz.
-------------------------------------------------------------------------

Running elastix with parameter file 0: "/Users/sakinkirti/Programming/Python/CCIPD/racial-disparity-pca/code_matlab/rigid.txt".

Current time: Mon May 23 13:39:21 2022.
Reading the elastix parameters from file ...

Installing all components.
InstallingComponents was successful.

ELASTIX version: 5.000
Command line options from ElastixBase:
-f        /Users/sakinkirti/Programming/Python/CCIPD/racial-disparity-pca/dataset/to_nifti_cleaned/prostate-001526/T2W.nii.gz
-m        /Users/sakinkirti/Programming/Python/CCIPD/racial-disparity-pca/dataset/to_nifti_cleaned/prostate-001526/ADC.nii.gz
-fMask    unspecified, so no fixed mask used
-mMask    unspecified, so no moving mask used
-out      /Users/sakinkirti/Programming/Python/CCIPD/racial-disparity-pca/dataset/to_nifti_cleaned/prostate-001526/
-p        /Users/sakinkirti/Programming/Python/CCIPD/racial-disparity-pca/code_matlab/rigid.txt
-threads  unspecified, so all available threads are used
Command line options from TransformBase:
-t0       unspecified, so no initial transform used

=============== start of ParameterFile: /Users/sakinkirti/Programming/Python/CCIPD/racial-disparity-pca/code_matlab/rigid.txt ===============
// Example parameter file for rotation registration
// C-style comments: //

// The internal pixel type, used for internal computations
// Leave to float in general. 
// NB: this is not the type of the input images! The pixel 
// type of the input images is automatically read from the 
// images themselves.
// This setting can be changed to "short" to save some memory
// in case of very large 3D images.
(FixedInternalImagePixelType "float")
(MovingInternalImagePixelType "float")

// The dimensions of the fixed and moving image
// Up to elastix 4.5 this had to be specified by the user.
// From elastix 4.6, this is not necessary anymore.
//(FixedImageDimension 3)
//(MovingImageDimension 3)

// Specify whether you want to take into account the so-called
// direction cosines of the images. Recommended: true.
// In some cases, the direction cosines of the image are corrupt,
// due to image format conversions for example. In that case, you 
// may want to set this option to "false".
(UseDirectionCosines "false")

// **************** Main Components **************************

// The following components should usually be left as they are:
(Registration "MultiResolutionRegistration")
(Interpolator "BSplineInterpolator")
(ResampleInterpolator "FinalBSplineInterpolator")
(Resampler "DefaultResampler")

// These may be changed to Fixed/MovingSmoothingImagePyramid.
// See the manual.
(FixedImagePyramid "FixedRecursiveImagePyramid")
(MovingImagePyramid "MovingRecursiveImagePyramid")

// The following components are most important:
// The optimizer AdaptiveStochasticGradientDescent (ASGD) works
// quite ok in general. The Transform and Metric are important
// and need to be chosen careful for each application. See manual.
(Optimizer "AdaptiveStochasticGradientDescent")
(Transform "EulerTransform")
(Metric "AdvancedMattesMutualInformation")

// ***************** Transformation **************************

// Scales the rotations compared to the translations, to make
// sure they are in the same range. In general, it's best to  
// use automatic scales estimation:
(AutomaticScalesEstimation "true")

// Automatically guess an initial translation by aligning the
// geometric centers of the fixed and moving.
(AutomaticTransformInitialization "true")

// Whether transforms are combined by composition or by addition.
// In generally, Compose is the best option in most cases.
// It does not influence the results very much.
(HowToCombineTransforms "Compose")

// ******************* Similarity measure *********************

// Number of grey level bins in each resolution level,
// for the mutual information. 16 or 32 usually works fine.
// You could also employ a hierarchical strategy:
//(NumberOfHistogramBins 16 32 64)
(NumberOfHistogramBins 32)

// If you use a mask, this option is important. 
// If the mask serves as region of interest, set it to false.
// If the mask indicates which pixels are valid, then set it to true.
// If you do not use a mask, the option doesn't matter.
(ErodeMask "false")

// ******************** Multiresolution **********************

// The number of resolutions. 1 Is only enough if the expected
// deformations are small. 3 or 4 mostly works fine. For large
// images and large deformations, 5 or 6 may even be useful.
(NumberOfResolutions 1)

// The downsampling/blurring factors for the image pyramids.
// By default, the images are downsampled by a factor of 2
// compared to the next resolution.
// So, in 2D, with 4 resolutions, the following schedule is used:
//(ImagePyramidSchedule 8 8  4 4  2 2  1 1 )
// And in 3D:
//(ImagePyramidSchedule 8 8 8  4 4 4  2 2 2  1 1 1 )
// You can specify any schedule, for example:
//(ImagePyramidSchedule 4 4  4 3  2 1  1 1 )
// Make sure that the number of elements equals the number
// of resolutions times the image dimension.

// ******************* Optimizer ****************************

// Maximum number of iterations in each resolution level:
// 200-500 works usually fine for rigid registration.
// For more robustness, you may increase this to 1000-2000.
(MaximumNumberOfIterations 500)

// The step size of the optimizer, in mm. By default the voxel size is used.
// which usually works well. In case of unusual high-resolution images
// (eg histology) it is necessary to increase this value a bit, to the size
// of the "smallest visible structure" in the image:
//(MaximumStepLength 1.0)

// **************** Image sampling **********************

// Number of spatial samples used to compute the mutual
// information (and its derivative) in each iteration.
// With an AdaptiveStochasticGradientDescent optimizer,
// in combination with the two options below, around 2000
// samples may already suffice.
(NumberOfSpatialSamples 2000)

// Refresh these spatial samples in every iteration, and select
// them randomly. See the manual for information on other sampling
// strategies.
(NewSamplesEveryIteration "true")
(ImageSampler "Random")

// ************* Interpolation and Resampling ****************

// Order of B-Spline interpolation used during registration/optimisation.
// It may improve accuracy if you set this to 3. Never use 0.
// An order of 1 gives linear interpolation. This is in most 
// applications a good choice.
(BSplineInterpolationOrder 1)

// Order of B-Spline interpolation used for applying the final
// deformation.
// 3 gives good accuracy; recommended in most cases.
// 1 gives worse accuracy (linear interpolation)
// 0 gives worst accuracy, but is appropriate for binary images
// (masks, segmentations); equivalent to nearest neighbor interpolation.
(FinalBSplineInterpolationOrder 3)

//Default pixel value for pixels that come from outside the picture:
(DefaultPixelValue 0)

// Choose whether to generate the deformed moving image.
// You can save some time by setting this to false, if you are
// only interested in the final (nonrigidly) deformed moving image
// for example.
(WriteResultImage "false")

// The pixel type and format of the resulting deformed moving image
(ResultImagePixelType "short")
(ResultImageFormat "nii.gz")




=============== end of ParameterFile: /Users/sakinkirti/Programming/Python/CCIPD/racial-disparity-pca/code_matlab/rigid.txt ===============


Reading images...
Reading images took 626 ms.

WARNING: the fixed pyramid schedule is not fully specified!
  A default pyramid schedule is used.
WARNING: the moving pyramid schedule is not fully specified!
  A default pyramid schedule is used.
WARNING: The parameter "AutomaticTransformInitializationMethod", requested at entry number 0, does not exist at all.
  The default value "GeometricalCenter" is used instead.
Transform parameters are initialized as: [0, 0, 0, -0.5409575253725052, 0.5409516543149948, 5.699994206428528]
Scales are estimated automatically.
Scales for transform parameters are: [3753.9389222539157, 3753.9389222539285, 5479.877522165825, 1, 1, 1]
Initialization of all components (before registration) took: 14 ms.
Preparation of the image pyramids took: 44 ms.

Resolution: 0
WARNING: The parameter "ShowExactMetricValue", requested at entry number 0, does not exist at all.
  The default value "false" is used instead.
WARNING: The parameter "CheckNumberOfSamples", requested at entry number 0, does not exist at all.
  The default value "true" is used instead.
WARNING: The parameter "UseMultiThreadingForMetrics", requested at entry number 0, does not exist at all.
  The default value "true" is used instead.
Setting the fixed masks took: 0 ms.
Setting the moving masks took: 0 ms.
WARNING: The parameter "NumberOfFixedHistogramBins", requested at entry number 0, does not exist at all.
  The default value "32" is used instead.
WARNING: The parameter "NumberOfMovingHistogramBins", requested at entry number 0, does not exist at all.
  The default value "32" is used instead.
WARNING: The parameter "FixedLimitRangeRatio", requested at entry number 0, does not exist at all.
  The default value "0.01" is used instead.
WARNING: The parameter "MovingLimitRangeRatio", requested at entry number 0, does not exist at all.
  The default value "0.01" is used instead.
WARNING: The parameter "FixedKernelBSplineOrder", requested at entry number 0, does not exist at all.
  The default value "0" is used instead.
WARNING: The parameter "MovingKernelBSplineOrder", requested at entry number 0, does not exist at all.
  The default value "3" is used instead.
WARNING: The parameter "UseFastAndLowMemoryVersion", requested at entry number 0, does not exist at all.
  The default value "true" is used instead.
WARNING: The parameter "UseJacobianPreconditioning", requested at entry number 0, does not exist at all.
  The default value "false" is used instead.
WARNING: The parameter "FiniteDifferenceDerivative", requested at entry number 0, does not exist at all.
  The default value "false" is used instead.
WARNING: The parameter "SP_A", requested at entry number 0, does not exist at all.
  The default value "20" is used instead.
WARNING: The parameter "MaximumNumberOfSamplingAttempts", requested at entry number 0, does not exist at all.
  The default value "0" is used instead.
WARNING: The parameter "SigmoidInitialTime", requested at entry number 0, does not exist at all.
  The default value "0" is used instead.
WARNING: The parameter "MaxBandCovSize", requested at entry number 0, does not exist at all.
  The default value "192" is used instead.
WARNING: The parameter "NumberOfBandStructureSamples", requested at entry number 0, does not exist at all.
  The default value "10" is used instead.
WARNING: The parameter "UseAdaptiveStepSizes", requested at entry number 0, does not exist at all.
  The default value "true" is used instead.
WARNING: The parameter "AutomaticParameterEstimation", requested at entry number 0, does not exist at all.
  The default value "true" is used instead.
WARNING: The parameter "UseConstantStep", requested at entry number 0, does not exist at all.
  The default value "false" is used instead.
WARNING: The parameter "MaximumStepLengthRatio", requested at entry number 0, does not exist at all.
  The default value "1" is used instead.
WARNING: The parameter "MaximumStepLength", requested at entry number 0, does not exist at all.
  The default value "0.851136" is used instead.
WARNING: The parameter "NumberOfGradientMeasurements", requested at entry number 0, does not exist at all.
  The default value "0" is used instead.
WARNING: The parameter "NumberOfJacobianMeasurements", requested at entry number 0, does not exist at all.
  The default value "1000" is used instead.
WARNING: The parameter "NumberOfSamplesForExactGradient", requested at entry number 0, does not exist at all.
  The default value "100000" is used instead.
WARNING: The parameter "SigmoidScaleFactor", requested at entry number 0, does not exist at all.
  The default value "0.1" is used instead.
Elastix initialization of all components (for this resolution) took: 2 ms.
  Computing the fixed image extrema took 101 ms.
  Computing the moving image extrema took 11 ms.
Initialization of AdvancedMattesMutualInformation metric took: 135 ms.
Starting automatic parameter estimation for AdaptiveStochasticGradientDescent ...
WARNING: The parameter "ASGDParameterEstimationMethod", requested at entry number 0, does not exist at all.
  The default value "Original" is used instead.
  Computing JacobianTerms ...
  Computing the Jacobian terms took 0.004224s
  NumberOfGradientMeasurements to estimate sigma_i: 6
  Sampling gradients ...
  Sampling the gradients took 1.001408s
Automatic parameter estimation took 1.01s
1:ItNr	2:Metric	3a:Time	3b:StepSize	4:||Gradient||	Time[ms]
0	-0.263346	0.000000	12.874248	0.019102	1148.3
1	-0.236886	0.000000	12.874248	0.013501	4.7
2	-0.262565	0.000000	12.874248	0.013642	3.5
3	-0.246574	0.999584	12.289288	0.009378	4.0
4	-0.250717	0.552124	12.544435	0.009299	5.4
5	-0.262207	0.105790	12.809718	0.015523	4.1
6	-0.257743	0.000000	12.874248	0.010186	3.8
7	-0.257238	0.997684	12.290349	0.015613	6.4
8	-0.278429	0.711547	12.452324	0.021896	5.3
9	-0.273756	0.263531	12.714690	0.010584	10.4
10	-0.264912	1.263531	12.143591	0.018649	7.4
11	-0.253261	2.263531	11.621590	0.019887	5.3
12	-0.237278	1.815414	11.849849	0.014288	4.9
13	-0.244902	1.367298	12.087254	0.009483	6.2
14	-0.256174	0.919191	12.334361	0.014385	8.8
15	-0.251640	0.471077	12.591787	0.028381	5.2
16	-0.247138	1.471077	12.031431	0.009153	8.8
17	-0.264960	1.022961	12.276243	0.005612	4.0
18	-0.276654	0.648952	12.488328	0.013545	5.7
19	-0.260787	0.208724	12.747547	0.019396	9.9
20	-0.241175	1.177012	12.190967	0.013499	5.3
21	-0.254418	2.176918	11.665020	0.015418	7.9
22	-0.265081	3.176910	11.182538	0.013174	4.4
23	-0.250069	3.368275	11.094721	0.009089	5.8
24	-0.273272	3.100285	11.218092	0.011000	8.4
25	-0.244910	2.652182	11.430625	0.021340	5.1
26	-0.249039	2.204454	11.651178	0.010350	8.4
27	-0.287062	2.318736	11.594077	0.011354	4.7
28	-0.264053	3.318514	11.117423	0.013541	4.5
29	-0.285148	2.876586	11.323194	0.026377	8.2
30	-0.282390	2.429107	11.539459	0.013394	6.1
31	-0.266572	3.429107	11.067094	0.015025	8.0
32	-0.280645	4.428605	10.632090	0.010753	3.6
33	-0.264335	4.370782	10.656322	0.007426	5.3
34	-0.247529	4.129567	10.758610	0.014726	9.4
35	-0.275617	4.987985	10.403239	0.018833	5.1
36	-0.282080	5.987985	10.017762	0.014691	4.7
37	-0.262351	5.545555	10.184726	0.019227	9.4
38	-0.250267	5.097650	10.359524	0.022121	4.8
39	-0.281739	6.097620	9.977231	0.015498	9.7
40	-0.263040	7.055809	9.636479	0.017077	6.0
41	-0.238883	6.607693	9.792894	0.009951	9.9
42	-0.243083	6.159583	9.954469	0.017510	5.3
43	-0.255137	7.159577	9.600969	0.015081	7.9
44	-0.253526	8.159577	9.271713	0.018206	5.4
45	-0.272704	7.729855	9.410393	0.016206	5.0
46	-0.252887	8.729855	9.093863	0.011912	8.1
47	-0.279944	8.281750	9.233028	0.012234	5.2
48	-0.264726	8.694467	9.104700	0.016746	7.2
49	-0.246436	8.246351	9.244204	0.020218	7.0
50	-0.295565	9.246351	8.938573	0.027405	5.0
51	-0.272009	10.246351	8.652505	0.005944	7.3
52	-0.242018	11.245908	8.384295	0.022053	4.4
53	-0.255301	12.239832	8.133592	0.013257	5.1
54	-0.298009	11.791715	8.244742	0.016473	9.3
55	-0.262129	12.199154	8.143557	0.018956	4.8
56	-0.266769	11.751038	8.254982	0.017614	8.5
57	-0.269323	11.302922	8.369497	0.018554	5.2
58	-0.283108	12.293493	8.120482	0.017060	5.1
59	-0.264634	11.847508	8.230738	0.015778	8.6
60	-0.281794	12.847508	7.987566	0.013393	4.3
61	-0.269825	12.614097	8.043031	0.016624	8.2
62	-0.257569	13.614097	7.810668	0.011009	4.3
63	-0.256486	14.409105	7.635302	0.013155	4.5
64	-0.263303	13.969652	7.731253	0.007438	7.3
65	-0.267170	13.596692	7.814597	0.012874	4.9
66	-0.257629	14.559268	7.603059	0.014204	3.9
67	-0.276716	15.559251	7.395097	0.011867	6.8
68	-0.238686	15.141874	7.480498	0.015083	4.0
69	-0.278403	14.693758	7.574412	0.012774	3.6
70	-0.256437	14.684373	7.576404	0.018259	5.2
71	-0.259729	15.680945	7.370563	0.010762	5.2
72	-0.279439	16.680944	7.174959	0.012564	3.6
73	-0.276523	16.232836	7.261311	0.012171	3.9
74	-0.241616	17.226506	7.072559	0.016729	7.2
75	-0.273223	18.209458	6.895255	0.012842	3.7
76	-0.244944	17.761342	6.974971	0.023993	3.5
77	-0.268732	18.761342	6.799550	0.011611	8.2
78	-0.264994	18.403791	6.861249	0.021617	16.8
79	-0.257978	19.403784	6.691433	0.012918	3.7
80	-0.254641	19.583072	6.661872	0.021666	5.1
81	-0.265234	20.583072	6.501665	0.013604	8.7
82	-0.266316	20.134956	6.572493	0.018334	4.1
83	-0.240929	21.134955	6.416507	0.015779	4.3
84	-0.255751	22.134955	6.267752	0.009018	5.4
85	-0.256708	22.073863	6.276642	0.022443	4.5
86	-0.252903	22.719405	6.183964	0.018415	5.2
87	-0.277836	22.271290	6.248005	0.018884	9.1
88	-0.267766	21.823173	6.313386	0.013518	5.7
89	-0.230826	21.375057	6.380150	0.012586	7.1
90	-0.273390	20.926941	6.448341	0.015888	5.6
91	-0.286185	21.846679	6.309922	0.011700	5.7
92	-0.268740	21.398562	6.376613	0.019932	9.8
93	-0.300521	20.959202	6.443383	0.012751	5.0
94	-0.247766	21.959027	6.293420	0.022012	6.3
95	-0.268617	22.864000	6.163579	0.018095	5.0
96	-0.286359	23.864000	6.026195	0.015670	6.8
97	-0.249096	24.842218	5.897603	0.023168	7.8
98	-0.260234	25.842146	5.771709	0.014841	4.7
99	-0.267697	26.841940	5.651092	0.009948	7.8
100	-0.274362	27.841701	5.535418	0.013057	4.5
101	-0.269675	27.393591	5.586674	0.014185	5.6
102	-0.284208	26.945683	5.638865	0.021111	8.7
103	-0.245475	26.678550	5.670458	0.013698	4.7
104	-0.275362	26.231324	5.724151	0.011830	7.8
105	-0.274183	27.231324	5.605470	0.013974	5.0
106	-0.268976	28.231300	5.491612	0.019703	5.4
107	-0.253851	27.783184	5.542058	0.011198	8.4
108	-0.258040	27.335069	5.593438	0.010978	4.8
109	-0.270044	26.893762	5.644978	0.018837	8.3
110	-0.260707	27.082646	5.622802	0.022225	3.7
111	-0.277526	26.634530	5.675698	0.015646	4.8
112	-0.261219	27.634530	5.558997	0.009292	8.5
113	-0.288725	27.187358	5.610584	0.017658	7.5
114	-0.274921	27.885306	5.530480	0.016382	8.1
115	-0.265494	27.437190	5.581645	0.020458	4.3
116	-0.268274	28.233770	5.491337	0.014061	4.5
117	-0.271334	27.793503	5.540886	0.023527	8.5
118	-0.263087	28.793501	5.429609	0.009176	5.2
119	-0.252215	29.793501	5.322713	0.022663	8.9
120	-0.268533	30.793501	5.219945	0.015973	7.2
121	-0.246119	31.788981	5.121509	0.010440	9.0
122	-0.231764	32.788936	5.026298	0.020821	6.8
123	-0.251999	33.788765	4.934574	0.020093	5.6
124	-0.255949	33.340657	4.975266	0.010354	7.1
125	-0.242182	32.913334	5.014700	0.018228	6.4
126	-0.273907	33.913332	4.923380	0.006667	9.8
127	-0.253311	34.913330	4.835327	0.017551	5.2
128	-0.243582	35.913278	4.750372	0.007469	6.7
129	-0.262588	35.467989	4.787832	0.016059	4.3
130	-0.278637	35.441871	4.790047	0.024023	4.4
131	-0.251605	34.993784	4.828379	0.016029	8.4
132	-0.255323	34.545668	4.867332	0.012406	4.5
133	-0.255602	34.097616	4.906913	0.010517	6.5
134	-0.248536	35.097583	4.819445	0.008020	4.0
135	-0.257078	36.031128	4.740555	0.016108	4.2
136	-0.275987	36.588704	4.694657	0.010503	4.8
137	-0.274877	36.140589	4.731474	0.017890	7.8
138	-0.259205	35.692479	4.768873	0.017770	4.7
139	-0.263549	36.692479	4.686213	0.015152	5.2
140	-0.270816	36.244363	4.722897	0.012764	4.0
141	-0.261149	35.797197	4.760080	0.011706	4.2
142	-0.261819	36.699412	4.685649	0.012535	6.1
143	-0.269470	36.251296	4.722325	0.019053	7.6
144	-0.246088	37.251296	4.641257	0.015145	4.6
145	-0.237900	36.803179	4.677238	0.011223	7.5
146	-0.258779	36.355073	4.713780	0.010424	3.8
147	-0.263810	37.354256	4.633068	0.012967	4.3
148	-0.234001	36.906180	4.668918	0.014557	7.5
149	-0.264419	37.906180	4.589658	0.014874	4.8
150	-0.266302	38.906179	4.513044	0.014849	4.6
151	-0.260954	38.458156	4.547050	0.007004	10.7
152	-0.278630	39.457080	4.471920	0.008995	6.1
153	-0.245585	40.441557	4.400266	0.008896	8.9
154	-0.253992	40.608917	4.388313	0.018824	4.6
155	-0.272024	41.487840	4.326589	0.015029	8.9
156	-0.244184	41.039724	4.357840	0.012373	3.8
157	-0.262188	40.592524	4.389481	0.019286	4.3
158	-0.261943	40.241452	4.414644	0.021011	10.7
159	-0.269362	41.241452	4.343716	0.013647	5.1
160	-0.238055	42.241452	4.275032	0.007660	7.1
161	-0.245324	41.793977	4.305496	0.021734	3.7
162	-0.253890	42.640914	4.248198	0.015660	4.3
163	-0.258324	42.192798	4.278323	0.013624	7.9
164	-0.252258	41.744682	4.308879	0.015964	6.3
165	-0.246097	42.506582	4.257184	0.019052	4.6
166	-0.232145	43.474636	4.193265	0.010744	6.9
167	-0.267220	44.460193	4.130132	0.015454	5.3
168	-0.270135	44.012115	4.158598	0.019522	5.6
169	-0.303788	44.989574	4.096999	0.006176	7.1
170	-0.271386	45.745843	4.050578	0.011519	4.6
171	-0.267460	46.413451	4.010464	0.013851	7.4
172	-0.278482	45.965341	4.037301	0.010748	3.5
173	-0.229552	45.524434	4.064059	0.020755	4.2
174	-0.262094	45.877575	4.042599	0.016012	6.1
175	-0.272525	46.877575	3.983042	0.012847	6.1
176	-0.240282	46.429458	4.009512	0.016444	4.4
177	-0.257259	45.981411	4.036332	0.015655	6.5
178	-0.258827	46.981408	3.976958	0.015912	3.4
179	-0.244293	46.926144	3.980194	0.016800	4.7
180	-0.265491	46.480523	4.006478	0.018364	8.4
181	-0.270702	46.032407	4.033261	0.009450	6.2
182	-0.239044	47.032407	3.973977	0.014345	4.8
183	-0.250503	48.026190	3.916763	0.012772	7.3
184	-0.254370	48.739572	3.876697	0.018254	4.7
185	-0.264600	48.291456	3.901768	0.016478	4.4
186	-0.279337	48.977731	3.863504	0.011347	8.2
187	-0.259101	49.168824	3.852982	0.014394	4.6
188	-0.246060	50.168307	3.798871	0.013688	5.9
189	-0.272169	51.126333	3.748412	0.015327	4.0
190	-0.252197	50.678217	3.771846	0.017284	4.4
191	-0.302310	51.677816	3.719969	0.024398	5.5
192	-0.272583	51.229699	3.743048	0.012044	6.1
193	-0.248048	52.229699	3.691934	0.014176	5.0
194	-0.247020	53.229698	3.642197	0.012727	6.7
195	-0.258767	54.229694	3.593783	0.011586	4.3
196	-0.268272	53.781582	3.615318	0.016854	4.2
197	-0.268529	54.753539	3.568932	0.017791	7.1
198	-0.250903	54.332336	3.588887	0.018401	6.0
199	-0.261894	55.332336	3.541870	0.010858	4.8
200	-0.282221	55.607261	3.529159	0.013887	6.7
201	-0.265165	55.970487	3.512505	0.016291	4.5
202	-0.276023	55.522370	3.533074	0.005946	4.4
203	-0.259741	55.074272	3.553885	0.012978	8.4
204	-0.295700	54.628335	3.574840	0.008827	4.3
205	-0.260827	55.628262	3.528192	0.020241	5.6
206	-0.287259	55.180188	3.548944	0.016044	6.5
207	-0.253355	56.179338	3.503000	0.023034	4.5
208	-0.252011	55.794553	3.520552	0.011193	4.3
209	-0.246167	56.794549	3.475298	0.021475	8.7
210	-0.252047	57.794145	3.431209	0.018029	5.5
211	-0.257102	57.346029	3.450835	0.008190	9.2
212	-0.269325	58.077341	3.418921	0.021572	4.4
213	-0.245642	57.629328	3.438402	0.009284	5.1
214	-0.252554	58.616447	3.395771	0.025124	8.1
215	-0.262371	59.546031	3.356580	0.013455	4.7
216	-0.280481	59.098635	3.375329	0.020437	8.1
217	-0.246742	60.098635	3.333709	0.017039	5.6
218	-0.259848	59.992771	3.338066	0.010583	5.1
219	-0.258958	60.992759	3.297355	0.012463	7.2
220	-0.253457	60.544657	3.315474	0.011394	5.2
221	-0.263897	60.135650	3.332188	0.008378	7.8
222	-0.258641	59.731466	3.348870	0.018617	3.6
223	-0.267832	59.286388	3.367435	0.021713	4.2
224	-0.269993	60.286340	3.326010	0.013077	4.4
225	-0.244697	61.286324	3.285591	0.010868	7.5
226	-0.247226	60.838209	3.303582	0.014404	4.6
227	-0.282296	60.439485	3.319756	0.013176	7.2
228	-0.261511	59.991369	3.338124	0.012359	3.6
229	-0.268526	60.985370	3.297652	0.018147	4.7
230	-0.260600	60.598281	3.313296	0.008177	4.9
231	-0.272619	61.598280	3.273182	0.014998	5.5
232	-0.276444	62.364418	3.243101	0.013341	4.7
233	-0.261076	63.360902	3.204793	0.020888	7.3
234	-0.266823	64.360814	3.167252	0.011904	4.6
235	-0.275287	64.190877	3.173570	0.006672	4.4
236	-0.248865	63.748543	3.190134	0.011430	8.7
237	-0.273180	63.313826	3.206582	0.015141	4.9
238	-0.244556	62.865710	3.223716	0.013227	4.6
239	-0.270391	63.865702	3.185730	0.018514	6.6
240	-0.265328	64.865701	3.148629	0.019963	4.1
241	-0.271010	65.865701	3.112382	0.012671	5.7
242	-0.269777	65.417584	3.128521	0.011251	7.9
243	-0.267392	64.985643	3.144237	0.016171	4.8
244	-0.249924	65.977182	3.108392	0.008671	9.6
245	-0.287341	66.973318	3.073196	0.013091	4.5
246	-0.266449	66.544187	3.088260	0.024657	4.1
247	-0.286403	67.542685	3.053434	0.014395	7.8
248	-0.250560	68.542685	3.019333	0.013697	5.6
249	-0.260955	68.095223	3.034497	0.012065	8.1
250	-0.256743	67.647130	3.049836	0.016738	4.6
251	-0.274819	68.606690	3.017177	0.011983	4.5
252	-0.237411	69.606689	2.983877	0.014041	8.1
253	-0.260989	70.553817	2.953009	0.012195	8.3
254	-0.247472	70.105711	2.967533	0.021447	8.0
255	-0.257399	71.105711	2.935314	0.011943	4.8
256	-0.242300	70.657595	2.949665	0.016778	5.2
257	-0.258431	70.209481	2.964157	0.010243	7.2
258	-0.289322	69.761366	2.978792	0.016583	5.0
259	-0.262705	70.717285	2.947746	0.015793	6.0
260	-0.277215	71.717285	2.915953	0.017149	4.6
261	-0.274320	72.717285	2.884838	0.010817	4.5
262	-0.277130	72.306651	2.897534	0.013752	4.8
263	-0.242157	71.863153	2.911372	0.014925	7.5
264	-0.262537	71.415171	2.925485	0.015122	5.0
265	-0.266946	72.415165	2.894168	0.010458	5.6
266	-0.285637	73.413408	2.863568	0.016861	4.6
267	-0.284832	72.965294	2.877224	0.018620	4.7
268	-0.268082	73.965294	2.846927	0.012442	4.5
269	-0.275506	74.965294	2.817260	0.014108	5.6
270	-0.293761	75.965293	2.788206	0.015192	4.3
271	-0.244119	75.526568	2.800879	0.012908	6.3
272	-0.250647	75.343036	2.806214	0.008053	3.9
273	-0.262753	76.334068	2.777642	0.012920	3.9
274	-0.240109	75.906768	2.789890	0.010772	5.1
275	-0.241671	76.906749	2.761395	0.015050	7.2
276	-0.264746	76.458633	2.774092	0.011721	5.0
277	-0.259756	77.458366	2.745924	0.013843	4.1
278	-0.262367	77.010250	2.758479	0.020985	6.8
279	-0.259348	76.564588	2.771079	0.010890	4.4
280	-0.269270	77.564586	2.742965	0.017513	4.7
281	-0.265314	78.564580	2.715416	0.013772	7.4
282	-0.261281	78.118440	2.727638	0.022362	4.3
283	-0.243194	77.670365	2.740024	0.012486	5.0
284	-0.263581	78.670365	2.712534	0.009824	6.0
285	-0.285361	78.364361	2.720887	0.014704	4.5
286	-0.255124	78.812222	2.708678	0.009759	4.4
287	-0.279501	79.693737	2.684966	0.019466	7.6
288	-0.264591	80.693711	2.658564	0.012565	4.8
289	-0.262477	81.693711	2.632676	0.014936	6.9
290	-0.278678	82.661429	2.608099	0.017053	4.4
291	-0.261719	83.028720	2.598890	0.012679	4.6
292	-0.254536	83.992412	2.575036	0.006176	8.4
293	-0.249013	84.941258	2.551973	0.009494	5.4
294	-0.295706	84.496575	2.562730	0.012420	5.1
295	-0.267496	84.459294	2.563636	0.012315	6.6
296	-0.265933	85.324495	2.542775	0.016376	5.0
297	-0.263743	84.920172	2.552481	0.013920	4.8
298	-0.266002	84.472056	2.563326	0.013033	8.0
299	-0.264060	84.023939	2.574263	0.017748	4.7
300	-0.258013	85.023939	2.549983	0.014364	8.5
301	-0.263954	84.575839	2.560806	0.010068	4.3
302	-0.255660	84.954043	2.551665	0.019072	5.1
303	-0.251913	85.954043	2.527807	0.017884	8.7
304	-0.255287	85.505927	2.538443	0.015215	5.0
305	-0.244336	85.105831	2.548015	0.019688	7.6
306	-0.270507	86.105831	2.524225	0.017976	4.8
307	-0.244257	86.626557	2.512012	0.018184	4.8
308	-0.268691	87.626557	2.488887	0.009462	6.9
309	-0.278264	88.626251	2.466190	0.012826	5.3
310	-0.278051	89.444638	2.447916	0.021173	4.4
311	-0.243086	90.444638	2.425951	0.018576	6.3
312	-0.259842	89.996522	2.435745	0.013817	3.9
313	-0.258848	90.996522	2.413997	0.013501	4.2
314	-0.298378	90.556628	2.423516	0.010592	4.8
315	-0.264417	91.556064	2.401996	0.017006	7.5
316	-0.279840	92.554840	2.380869	0.017487	4.6
317	-0.263553	93.554840	2.360086	0.021513	8.3
318	-0.263843	94.554840	2.339662	0.011787	4.9
319	-0.270193	94.109714	2.348709	0.012434	5.3
320	-0.260291	95.108715	2.328501	0.013996	9.5
321	-0.239586	96.093591	2.308916	0.012248	4.2
322	-0.248396	96.373214	2.303415	0.016472	7.1
323	-0.273295	95.985793	2.311043	0.011577	4.2
324	-0.272376	95.589450	2.318899	0.021038	4.4
325	-0.272672	95.141408	2.327845	0.014276	8.8
326	-0.272907	94.693294	2.336862	0.019512	5.1
327	-0.233904	94.245178	2.345948	0.021607	4.3
328	-0.265901	93.797061	2.355106	0.012857	6.0
329	-0.258052	93.851575	2.353988	0.008338	4.4
330	-0.282660	93.498114	2.361255	0.017355	6.0
331	-0.266524	93.819174	2.354652	0.006037	10.3
332	-0.268452	94.366250	2.343486	0.012588	5.7
333	-0.222917	93.923856	2.352507	0.019551	6.5
334	-0.289858	94.923856	2.332214	0.013011	4.9
335	-0.265801	94.475740	2.341264	0.014898	7.0
336	-0.265377	94.790908	2.334892	0.010974	6.0
337	-0.267648	95.790868	2.314900	0.009760	5.1
338	-0.263664	96.782281	2.295415	0.016877	10.6
339	-0.244921	97.782091	2.276094	0.006708	4.7
340	-0.272155	97.337339	2.284648	0.021618	8.4
341	-0.271403	98.318374	2.265864	0.017112	5.3
342	-0.251617	99.318374	2.247032	0.013935	5.1
343	-0.260433	98.872166	2.255396	0.016474	6.4
344	-0.266199	98.424050	2.263859	0.022868	4.6
345	-0.232330	98.068690	2.270616	0.011008	5.2
346	-0.256269	97.678982	2.278072	0.010665	8.0
347	-0.231273	97.279784	2.285760	0.019694	4.6
348	-0.278471	98.279782	2.266597	0.018214	8.1
349	-0.285417	97.831665	2.275145	0.010232	5.4
350	-0.282257	98.831184	2.256167	0.011157	4.5
351	-0.264777	99.815360	2.237788	0.013818	9.5
352	-0.261405	99.367243	2.246120	0.016951	4.8
353	-0.260902	100.367242	2.227613	0.007660	6.9
354	-0.281609	99.919384	2.235863	0.022552	4.2
355	-0.257310	99.522326	2.243229	0.028266	4.6
356	-0.286851	99.074210	2.251601	0.015187	5.8
357	-0.261503	98.626093	2.260036	0.010984	7.9
358	-0.249598	98.305541	2.266108	0.010724	4.9
359	-0.280926	97.879585	2.274227	0.014581	7.4
360	-0.267460	97.431509	2.282832	0.019855	4.7
361	-0.264938	98.430247	2.263742	0.011014	5.0
362	-0.237707	99.430245	2.244945	0.013426	7.4
363	-0.277542	98.982246	2.253327	0.008919	5.8
364	-0.251171	98.534317	2.261771	0.017822	7.9
365	-0.281413	99.534317	2.243006	0.022145	4.6
366	-0.260842	100.534310	2.224551	0.018313	4.5
367	-0.259631	101.534310	2.206396	0.017546	10.1
368	-0.279635	101.086194	2.214495	0.015598	4.7
369	-0.281488	102.084208	2.196539	0.024565	5.8
370	-0.258215	103.084208	2.178837	0.010752	5.9
371	-0.262652	104.084129	2.161419	0.012049	4.6
372	-0.262914	105.074907	2.144433	0.011060	5.5
373	-0.274205	106.074748	2.127561	0.009154	6.5
374	-0.261426	107.068125	2.111058	0.016671	5.2
375	-0.272366	108.064160	2.094766	0.013607	7.4
376	-0.263406	107.616043	2.102064	0.024215	3.3
377	-0.274758	107.167927	2.109414	0.013633	4.6
378	-0.259968	108.167733	2.093086	0.015517	7.7
379	-0.261997	107.719616	2.100373	0.007914	5.9
380	-0.261562	108.086406	2.094405	0.012501	4.9
381	-0.280408	107.638350	2.101700	0.003799	7.0
382	-0.286322	107.198435	2.108912	0.015694	5.3
383	-0.267846	106.756663	2.116204	0.016074	4.0
384	-0.262351	107.756358	2.099774	0.012411	7.7
385	-0.269175	107.308270	2.107107	0.012542	4.7
386	-0.255085	108.301363	2.090923	0.017146	7.4
387	-0.248965	107.866459	2.097980	0.024900	4.3
388	-0.266872	108.866459	2.081825	0.014365	4.1
389	-0.261849	108.420833	2.088993	0.014079	5.5
390	-0.254811	107.973094	2.096245	0.018699	8.0
391	-0.268100	107.525106	2.103552	0.011718	4.4
392	-0.263699	107.076990	2.110912	0.017469	7.6
393	-0.291857	106.648908	2.117991	0.016779	4.5
394	-0.256825	107.648908	2.101528	0.020917	4.8
395	-0.247234	107.203746	2.108825	0.010429	8.2
396	-0.260436	107.782217	2.099352	0.020521	4.6
397	-0.259172	107.390246	2.105761	0.015940	4.8
398	-0.249347	108.390245	2.089487	0.014123	7.4
399	-0.255627	109.390224	2.073462	0.012475	4.8
400	-0.265251	110.390214	2.057682	0.021756	7.9
401	-0.254218	109.950500	2.064591	0.013752	6.2
402	-0.259110	110.947715	2.048987	0.024278	4.2
403	-0.255167	111.947714	2.033576	0.018573	8.2
404	-0.263017	111.499597	2.040453	0.008161	4.5
405	-0.278607	111.093861	2.046721	0.019212	5.5
406	-0.265745	111.640550	2.038285	0.015143	7.1
407	-0.248735	111.473407	2.040857	0.016015	5.2
408	-0.278753	112.473407	2.025566	0.015537	7.5
409	-0.268021	112.025292	2.032390	0.016850	4.0
410	-0.263906	113.025292	2.017225	0.020474	4.3
411	-0.291132	114.020505	2.002357	0.023099	7.3
412	-0.254252	115.020505	1.987636	0.015901	5.8
413	-0.289422	114.599776	1.993803	0.018652	5.3
414	-0.254716	114.151660	2.000414	0.016093	7.1
415	-0.275136	113.767808	2.006111	0.015190	4.7
416	-0.249899	114.488771	1.995436	0.012353	5.3
417	-0.247988	115.171231	1.985436	0.010801	9.3
418	-0.270006	114.781049	1.991141	0.013369	5.1
419	-0.281243	114.332935	1.997734	0.012811	6.9
420	-0.291487	113.884852	2.004371	0.005746	4.6
421	-0.231498	114.796797	1.990910	0.014085	4.7
422	-0.253032	115.791978	1.976426	0.012025	7.3
423	-0.257454	115.343883	1.982922	0.013201	5.4
424	-0.251314	116.343527	1.968489	0.009811	5.0
425	-0.251605	117.281535	1.955136	0.015385	6.4
426	-0.243608	116.834610	1.961476	0.007820	3.9
427	-0.265084	116.509986	1.966106	0.011170	4.8
428	-0.271853	116.945692	1.959896	0.018402	8.0
429	-0.285383	116.497576	1.966284	0.016655	5.2
430	-0.246939	117.497576	1.952086	0.013898	5.2
431	-0.257390	118.497568	1.938093	0.014168	6.4
432	-0.264184	119.355543	1.926245	0.014202	4.7
433	-0.276268	120.355059	1.912625	0.008074	4.9
434	-0.266228	120.291099	1.913491	0.012639	7.4
435	-0.272167	120.146828	1.915447	0.009266	4.7
436	-0.284660	121.146822	1.901972	0.012308	8.0
437	-0.267372	120.862706	1.905781	0.025363	4.1
438	-0.258834	121.862706	1.892441	0.027992	4.2
439	-0.234344	121.414589	1.898396	0.012423	7.2
440	-0.260725	120.966473	1.904388	0.004046	5.8
441	-0.273533	121.953436	1.891240	0.014916	4.7
442	-0.296849	121.545337	1.896654	0.009251	7.1
443	-0.265792	122.357472	1.885909	0.015519	4.0
444	-0.249876	122.079999	1.889567	0.014382	4.9
445	-0.263770	121.631903	1.895503	0.019023	7.6
446	-0.260718	121.183787	1.901477	0.018567	4.4
447	-0.269421	120.735670	1.907489	0.016202	8.6
448	-0.262431	121.735601	1.894126	0.015310	5.6
449	-0.260777	121.292218	1.900028	0.011236	5.1
450	-0.286914	120.844101	1.906031	0.013410	10.1
451	-0.271163	120.396936	1.912059	0.012539	5.5
452	-0.294488	120.013917	1.917252	0.018493	8.5
453	-0.240744	121.013917	1.903752	0.012458	6.1
454	-0.236582	120.565801	1.909778	0.012251	10.0
455	-0.241907	120.164141	1.915212	0.015166	6.2
456	-0.235226	119.739858	1.920985	0.006029	6.9
457	-0.269833	119.531169	1.923838	0.018543	5.3
458	-0.273990	119.085834	1.929954	0.012329	4.5
459	-0.252266	118.637718	1.936148	0.010205	7.1
460	-0.247592	119.279033	1.927296	0.007613	5.5
461	-0.251735	120.277114	1.913680	0.014582	5.1
462	-0.249169	119.851928	1.919457	0.017927	7.2
463	-0.253866	119.544498	1.923656	0.012642	4.4
464	-0.236341	120.544482	1.910065	0.007244	4.5
465	-0.255581	120.544217	1.910069	0.003512	7.5
466	-0.250346	120.148409	1.915425	0.019805	5.1
467	-0.276508	119.711405	1.921374	0.010733	5.4
468	-0.260412	120.711347	1.907816	0.013808	5.6
469	-0.260825	121.710197	1.894463	0.022800	5.0
470	-0.266751	122.592716	1.882820	0.009373	4.5
471	-0.243479	123.427765	1.871934	0.008477	7.4
472	-0.256348	124.177287	1.862269	0.016957	5.0
473	-0.258169	125.169676	1.849626	0.016053	7.2
474	-0.266918	126.169676	1.837058	0.020621	4.0
475	-0.239310	127.031461	1.826363	0.016493	4.8
476	-0.273878	127.316102	1.822858	0.013978	8.5
477	-0.273273	126.878417	1.828253	0.016567	4.8
478	-0.258135	126.431257	1.833798	0.015788	4.9
479	-0.245178	127.424451	1.821527	0.017907	8.7
480	-0.286594	128.042052	1.813979	0.013994	5.2
481	-0.275934	129.042052	1.801890	0.016556	8.8
482	-0.269208	128.593936	1.807287	0.015379	4.0
483	-0.260483	128.145929	1.812716	0.015943	4.6
484	-0.237266	127.697817	1.818179	0.012712	7.8
485	-0.265095	128.696192	1.806053	0.008361	4.0
486	-0.241399	128.250178	1.811450	0.013721	4.5
487	-0.244306	128.256677	1.811371	0.011093	11.4
488	-0.247982	129.091035	1.801302	0.026769	4.9
489	-0.252564	130.091035	1.789380	0.010749	6.6
490	-0.270039	131.086935	1.777662	0.008536	4.9
491	-0.237588	130.646840	1.782821	0.014323	7.8
492	-0.257273	131.067040	1.777895	0.022852	6.9
493	-0.271776	132.067030	1.766280	0.007746	5.6
494	-0.259212	133.065170	1.754837	0.004644	7.7
495	-0.262950	132.683673	1.759193	0.015107	5.0
496	-0.244077	133.244175	1.752800	0.010370	4.1
497	-0.288411	132.813735	1.757705	0.012285	7.6
498	-0.260275	132.370636	1.762783	0.007114	5.6
499	-0.294127	132.909584	1.756611	0.011032	7.5
Time spent in resolution 0 (ITK initialization and iterating): 4.250 s.
Stopping condition: Maximum number of iterations has been reached.
Settings of AdaptiveStochasticGradientDescent in resolution 0:
( SP_a 270.359218 )
( SP_A 20.000000 )
( SP_alpha 1.000000 )
( SigmoidMax 1.000000 )
( SigmoidMin -0.448116 )
( SigmoidScale 0.000007 )



=============== start of TransformParameterFile ===============
(Transform "EulerTransform")
(NumberOfParameters 6)
(TransformParameters -0.002115 0.000737 -0.007869 0.759534 -1.102100 4.356009)
(InitialTransformParametersFileName "NoInitialTransform")
(UseBinaryFormatForTransformationParameters "false")
(HowToCombineTransforms "Compose")

// Image specific
(FixedImageDimension 3)
(MovingImageDimension 3)
(FixedInternalImagePixelType "float")
(MovingInternalImagePixelType "float")
(Size 800 800 31)
(Index 0 0 0)
(Spacing 0.2249999940 0.2249999940 3.0000002384)
(Origin -75.7876205444 -115.1042327881 77.4540405273)
(Direction 1.0000000000 0.0000000000 0.0000000000 0.0000000000 1.0000000000 0.0000000000 0.0000000000 0.0000000000 1.0000000000)
(UseDirectionCosines "false")

// EulerTransform specific
(CenterOfRotationPoint 14.0998770744 -25.2167351693 122.4540441036)
(ComputeZYX "false")

// ResampleInterpolator specific
(ResampleInterpolator "FinalBSplineInterpolator")
(FinalBSplineInterpolationOrder 3)

// Resampler specific
(Resampler "DefaultResampler")
(DefaultPixelValue 0.000000)
(ResultImageFormat "nii.gz")
(ResultImagePixelType "short")
(CompressResultImage "false")

=============== end of TransformParameterFile ===============

Creating the TransformParameterFile took 0.00s

Registration result checksum: 1160404771

Skipping applying final transform, no resulting output image generated.

Final metric value  = -0.294127
Settings of AdaptiveStochasticGradientDescent for all resolutions:
( SP_a 270.359218 )
( SP_A 20.000000 )
( SP_alpha 1.000000 )
( SigmoidMax 1.000000 )
( SigmoidMin -0.448116 )
( SigmoidScale 0.000007 )

Time spent on saving the results, applying the final transform etc.: 14 ms.
Running elastix with parameter file 0: "/Users/sakinkirti/Programming/Python/CCIPD/racial-disparity-pca/code_matlab/rigid.txt", has finished.


Current time: Mon May 23 13:39:26 2022.
Time used for running elastix with this parameter file:
  5.0s.

-------------------------------------------------------------------------

Total time elapsed: 5.1s.

