
elastix is started at Mon May 23 17:50:13 2022.

which elastix:   /Users/sakinkirti/Programming/Python/CCIPD/racial-disparity-pca/code_matlab/elastix-5.0.0-mac/bin/elastix
elastix runs at: Sakins-MBP.hsd1.ca.comcast.net
  macOS 12.3.1 (x64), 21E258
  with 8192 MB memory, and 2 cores @ 2300 MHz.
-------------------------------------------------------------------------

Running elastix with parameter file 0: "/Users/sakinkirti/Programming/Python/CCIPD/racial-disparity-pca/code_matlab/rigid.txt".

Current time: Mon May 23 17:50:13 2022.
Reading the elastix parameters from file ...

Installing all components.
InstallingComponents was successful.

ELASTIX version: 5.000
Command line options from ElastixBase:
-f        /Users/sakinkirti/Programming/Python/CCIPD/racial-disparity-pca/dataset/to_nifti_cleaned/prostate-001077/T2W.nii.gz
-m        /Users/sakinkirti/Programming/Python/CCIPD/racial-disparity-pca/dataset/to_nifti_cleaned/prostate-001077/ADC.nii.gz
-fMask    unspecified, so no fixed mask used
-mMask    unspecified, so no moving mask used
-out      /Users/sakinkirti/Programming/Python/CCIPD/racial-disparity-pca/dataset/to_nifti_cleaned/prostate-001077/
-p        /Users/sakinkirti/Programming/Python/CCIPD/racial-disparity-pca/code_matlab/rigid.txt
-threads  unspecified, so all available threads are used
Command line options from TransformBase:
-t0       unspecified, so no initial transform used

=============== start of ParameterFile: /Users/sakinkirti/Programming/Python/CCIPD/racial-disparity-pca/code_matlab/rigid.txt ===============
// Example parameter file for rotation registration
// C-style comments: //

// The internal pixel type, used for internal computations
// Leave to float in general. 
// NB: this is not the type of the input images! The pixel 
// type of the input images is automatically read from the 
// images themselves.
// This setting can be changed to "short" to save some memory
// in case of very large 3D images.
(FixedInternalImagePixelType "float")
(MovingInternalImagePixelType "float")

// The dimensions of the fixed and moving image
// Up to elastix 4.5 this had to be specified by the user.
// From elastix 4.6, this is not necessary anymore.
//(FixedImageDimension 3)
//(MovingImageDimension 3)

// Specify whether you want to take into account the so-called
// direction cosines of the images. Recommended: true.
// In some cases, the direction cosines of the image are corrupt,
// due to image format conversions for example. In that case, you 
// may want to set this option to "false".
(UseDirectionCosines "false")

// **************** Main Components **************************

// The following components should usually be left as they are:
(Registration "MultiResolutionRegistration")
(Interpolator "BSplineInterpolator")
(ResampleInterpolator "FinalBSplineInterpolator")
(Resampler "DefaultResampler")

// These may be changed to Fixed/MovingSmoothingImagePyramid.
// See the manual.
(FixedImagePyramid "FixedRecursiveImagePyramid")
(MovingImagePyramid "MovingRecursiveImagePyramid")

// The following components are most important:
// The optimizer AdaptiveStochasticGradientDescent (ASGD) works
// quite ok in general. The Transform and Metric are important
// and need to be chosen careful for each application. See manual.
(Optimizer "AdaptiveStochasticGradientDescent")
(Transform "EulerTransform")
(Metric "AdvancedMattesMutualInformation")

// ***************** Transformation **************************

// Scales the rotations compared to the translations, to make
// sure they are in the same range. In general, it's best to  
// use automatic scales estimation:
(AutomaticScalesEstimation "true")

// Automatically guess an initial translation by aligning the
// geometric centers of the fixed and moving.
(AutomaticTransformInitialization "true")

// Whether transforms are combined by composition or by addition.
// In generally, Compose is the best option in most cases.
// It does not influence the results very much.
(HowToCombineTransforms "Compose")

// ******************* Similarity measure *********************

// Number of grey level bins in each resolution level,
// for the mutual information. 16 or 32 usually works fine.
// You could also employ a hierarchical strategy:
//(NumberOfHistogramBins 16 32 64)
(NumberOfHistogramBins 32)

// If you use a mask, this option is important. 
// If the mask serves as region of interest, set it to false.
// If the mask indicates which pixels are valid, then set it to true.
// If you do not use a mask, the option doesn't matter.
(ErodeMask "false")

// ******************** Multiresolution **********************

// The number of resolutions. 1 Is only enough if the expected
// deformations are small. 3 or 4 mostly works fine. For large
// images and large deformations, 5 or 6 may even be useful.
(NumberOfResolutions 1)

// The downsampling/blurring factors for the image pyramids.
// By default, the images are downsampled by a factor of 2
// compared to the next resolution.
// So, in 2D, with 4 resolutions, the following schedule is used:
//(ImagePyramidSchedule 8 8  4 4  2 2  1 1 )
// And in 3D:
//(ImagePyramidSchedule 8 8 8  4 4 4  2 2 2  1 1 1 )
// You can specify any schedule, for example:
//(ImagePyramidSchedule 4 4  4 3  2 1  1 1 )
// Make sure that the number of elements equals the number
// of resolutions times the image dimension.

// ******************* Optimizer ****************************

// Maximum number of iterations in each resolution level:
// 200-500 works usually fine for rigid registration.
// For more robustness, you may increase this to 1000-2000.
(MaximumNumberOfIterations 500)

// The step size of the optimizer, in mm. By default the voxel size is used.
// which usually works well. In case of unusual high-resolution images
// (eg histology) it is necessary to increase this value a bit, to the size
// of the "smallest visible structure" in the image:
//(MaximumStepLength 1.0)

// **************** Image sampling **********************

// Number of spatial samples used to compute the mutual
// information (and its derivative) in each iteration.
// With an AdaptiveStochasticGradientDescent optimizer,
// in combination with the two options below, around 2000
// samples may already suffice.
(NumberOfSpatialSamples 2000)

// Refresh these spatial samples in every iteration, and select
// them randomly. See the manual for information on other sampling
// strategies.
(NewSamplesEveryIteration "true")
(ImageSampler "Random")

// ************* Interpolation and Resampling ****************

// Order of B-Spline interpolation used during registration/optimisation.
// It may improve accuracy if you set this to 3. Never use 0.
// An order of 1 gives linear interpolation. This is in most 
// applications a good choice.
(BSplineInterpolationOrder 1)

// Order of B-Spline interpolation used for applying the final
// deformation.
// 3 gives good accuracy; recommended in most cases.
// 1 gives worse accuracy (linear interpolation)
// 0 gives worst accuracy, but is appropriate for binary images
// (masks, segmentations); equivalent to nearest neighbor interpolation.
(FinalBSplineInterpolationOrder 3)

//Default pixel value for pixels that come from outside the picture:
(DefaultPixelValue 0)

// Choose whether to generate the deformed moving image.
// You can save some time by setting this to false, if you are
// only interested in the final (nonrigidly) deformed moving image
// for example.
(WriteResultImage "true")

// The pixel type and format of the resulting deformed moving image
(ResultImagePixelType "short")
(ResultImageFormat "nii.gz")




=============== end of ParameterFile: /Users/sakinkirti/Programming/Python/CCIPD/racial-disparity-pca/code_matlab/rigid.txt ===============


Reading images...
Reading images took 77 ms.

WARNING: the fixed pyramid schedule is not fully specified!
  A default pyramid schedule is used.
WARNING: the moving pyramid schedule is not fully specified!
  A default pyramid schedule is used.
WARNING: The parameter "AutomaticTransformInitializationMethod", requested at entry number 0, does not exist at all.
  The default value "GeometricalCenter" is used instead.
Transform parameters are initialized as: [0, 0, 0, -0.5859375, -0.5859375, 6]
Scales are estimated automatically.
Scales for transform parameters are: [3391.2427368164062, 3391.2427368164062, 5481.9854736328125, 1, 1, 1]
Initialization of all components (before registration) took: 11 ms.
Preparation of the image pyramids took: 9 ms.

Resolution: 0
WARNING: The parameter "ShowExactMetricValue", requested at entry number 0, does not exist at all.
  The default value "false" is used instead.
WARNING: The parameter "CheckNumberOfSamples", requested at entry number 0, does not exist at all.
  The default value "true" is used instead.
WARNING: The parameter "UseMultiThreadingForMetrics", requested at entry number 0, does not exist at all.
  The default value "true" is used instead.
Setting the fixed masks took: 0 ms.
Setting the moving masks took: 0 ms.
WARNING: The parameter "NumberOfFixedHistogramBins", requested at entry number 0, does not exist at all.
  The default value "32" is used instead.
WARNING: The parameter "NumberOfMovingHistogramBins", requested at entry number 0, does not exist at all.
  The default value "32" is used instead.
WARNING: The parameter "FixedLimitRangeRatio", requested at entry number 0, does not exist at all.
  The default value "0.01" is used instead.
WARNING: The parameter "MovingLimitRangeRatio", requested at entry number 0, does not exist at all.
  The default value "0.01" is used instead.
WARNING: The parameter "FixedKernelBSplineOrder", requested at entry number 0, does not exist at all.
  The default value "0" is used instead.
WARNING: The parameter "MovingKernelBSplineOrder", requested at entry number 0, does not exist at all.
  The default value "3" is used instead.
WARNING: The parameter "UseFastAndLowMemoryVersion", requested at entry number 0, does not exist at all.
  The default value "true" is used instead.
WARNING: The parameter "UseJacobianPreconditioning", requested at entry number 0, does not exist at all.
  The default value "false" is used instead.
WARNING: The parameter "FiniteDifferenceDerivative", requested at entry number 0, does not exist at all.
  The default value "false" is used instead.
WARNING: The parameter "SP_A", requested at entry number 0, does not exist at all.
  The default value "20" is used instead.
WARNING: The parameter "MaximumNumberOfSamplingAttempts", requested at entry number 0, does not exist at all.
  The default value "0" is used instead.
WARNING: The parameter "SigmoidInitialTime", requested at entry number 0, does not exist at all.
  The default value "0" is used instead.
WARNING: The parameter "MaxBandCovSize", requested at entry number 0, does not exist at all.
  The default value "192" is used instead.
WARNING: The parameter "NumberOfBandStructureSamples", requested at entry number 0, does not exist at all.
  The default value "10" is used instead.
WARNING: The parameter "UseAdaptiveStepSizes", requested at entry number 0, does not exist at all.
  The default value "true" is used instead.
WARNING: The parameter "AutomaticParameterEstimation", requested at entry number 0, does not exist at all.
  The default value "true" is used instead.
WARNING: The parameter "UseConstantStep", requested at entry number 0, does not exist at all.
  The default value "false" is used instead.
WARNING: The parameter "MaximumStepLengthRatio", requested at entry number 0, does not exist at all.
  The default value "1" is used instead.
WARNING: The parameter "MaximumStepLength", requested at entry number 0, does not exist at all.
  The default value "1.28906" is used instead.
WARNING: The parameter "NumberOfGradientMeasurements", requested at entry number 0, does not exist at all.
  The default value "0" is used instead.
WARNING: The parameter "NumberOfJacobianMeasurements", requested at entry number 0, does not exist at all.
  The default value "1000" is used instead.
WARNING: The parameter "NumberOfSamplesForExactGradient", requested at entry number 0, does not exist at all.
  The default value "100000" is used instead.
WARNING: The parameter "SigmoidScaleFactor", requested at entry number 0, does not exist at all.
  The default value "0.1" is used instead.
Elastix initialization of all components (for this resolution) took: 1 ms.
  Computing the fixed image extrema took 16 ms.
  Computing the moving image extrema took 3 ms.
Initialization of AdvancedMattesMutualInformation metric took: 43 ms.
Starting automatic parameter estimation for AdaptiveStochasticGradientDescent ...
WARNING: The parameter "ASGDParameterEstimationMethod", requested at entry number 0, does not exist at all.
  The default value "Original" is used instead.
  Computing JacobianTerms ...
  Computing the Jacobian terms took 0.002645s
  NumberOfGradientMeasurements to estimate sigma_i: 6
  Sampling gradients ...
  Sampling the gradients took 0.653493s
Automatic parameter estimation took 0.66s
1:ItNr	2:Metric	3a:Time	3b:StepSize	4:||Gradient||	Time[ms]
0	-0.210243	0.000000	13.793698	0.016485	705.4
1	-0.251431	0.000000	13.793698	0.015806	6.5
2	-0.240131	0.986030	13.175078	0.006349	6.6
3	-0.229608	1.930731	12.632291	0.015761	11.3
4	-0.215215	1.139760	13.083595	0.011949	7.8
5	-0.253861	0.343329	13.571813	0.016584	11.0
6	-0.226980	0.000000	13.793698	0.015437	6.4
7	-0.234216	0.000000	13.793698	0.011895	10.7
8	-0.225253	0.000000	13.793698	0.009272	12.6
9	-0.233258	0.980818	13.178202	0.013851	11.1
10	-0.226295	0.403395	13.533725	0.014212	12.3
11	-0.233082	1.402501	12.930148	0.013187	11.6
12	-0.227464	0.623692	13.395846	0.013159	6.8
13	-0.269463	0.000000	13.793698	0.018434	8.7
14	-0.243580	1.000000	13.166712	0.019036	7.6
15	-0.233492	2.000000	12.594246	0.017981	10.6
16	-0.270486	3.000000	12.069486	0.015719	7.7
17	-0.239236	3.999999	11.586707	0.021933	7.9
18	-0.216703	4.999998	11.141064	0.016482	9.1
19	-0.221729	5.999998	10.728432	0.015364	7.9
20	-0.257714	6.927474	10.372140	0.008967	10.1
21	-0.236118	6.131077	10.676600	0.017282	9.1
22	-0.217136	7.011246	10.341120	0.021154	9.4
23	-0.228888	8.011246	9.984668	0.019807	8.1
24	-0.230624	7.214814	10.266510	0.011237	6.7
25	-0.242100	8.214809	9.915097	0.018722	7.7
26	-0.242009	7.425956	10.190252	0.009526	8.7
27	-0.234672	6.633338	10.482543	0.017451	7.2
28	-0.245952	5.836924	10.793624	0.012824	7.9
29	-0.213700	5.040493	11.123740	0.009413	9.1
30	-0.231083	5.430875	10.959443	0.008384	9.3
31	-0.240730	6.308342	10.607295	0.013224	11.4
32	-0.232147	5.721808	10.840122	0.015158	6.5
33	-0.222431	4.925776	11.172960	0.021337	8.3
34	-0.269370	4.129345	11.527068	0.019778	7.2
35	-0.251297	3.332914	11.904356	0.013163	11.3
36	-0.254523	4.332253	11.434737	0.006870	6.7
37	-0.212903	3.666444	11.743389	0.010375	9.1
38	-0.216218	4.592632	11.318400	0.010662	9.1
39	-0.270510	5.592078	10.893006	0.020229	8.6
40	-0.248246	6.263315	10.624814	0.014586	8.2
41	-0.256232	7.263315	10.248892	0.011724	10.3
42	-0.230542	6.466884	10.546069	0.015413	7.4
43	-0.226838	6.309418	10.606878	0.014438	8.0
44	-0.218374	7.309416	10.232202	0.017254	8.8
45	-0.211425	6.632085	10.483018	0.014185	8.8
46	-0.231767	5.835656	10.794134	0.007260	8.5
47	-0.230518	5.214617	11.049853	0.008934	5.8
48	-0.235297	5.555433	10.908038	0.012385	8.9
49	-0.233703	5.916837	10.761579	0.020483	10.4
50	-0.246415	5.120572	11.089637	0.014725	10.2
51	-0.240299	4.324140	11.438400	0.013739	7.1
52	-0.206502	5.323159	11.004290	0.007954	8.5
53	-0.240525	6.320225	10.602682	0.019843	9.4
54	-0.239707	5.526246	10.920040	0.019756	8.4
55	-0.222288	4.731510	11.257313	0.015010	10.6
56	-0.231954	5.731510	10.836188	0.009458	6.8
57	-0.225856	5.038011	11.124800	0.012403	8.9
58	-0.238321	4.476302	11.370083	0.018918	6.9
59	-0.222120	5.449616	10.951677	0.011579	6.6
60	-0.228210	4.653185	11.291684	0.012213	7.0
61	-0.227954	5.652521	10.868302	0.013261	5.2
62	-0.230574	6.652352	10.475335	0.012199	7.4
63	-0.261194	7.643205	10.112962	0.011546	8.2
64	-0.241426	6.852252	10.400152	0.015204	9.3
65	-0.224473	6.055838	10.706290	0.006670	7.3
66	-0.220677	7.005327	10.343306	0.016865	7.8
67	-0.247579	7.071295	10.318999	0.022168	6.1
68	-0.254819	8.071295	9.964044	0.013871	9.7
69	-0.220012	7.274863	10.244706	0.014509	8.3
70	-0.256636	6.488995	10.537586	0.024812	7.8
71	-0.245878	6.607694	10.492280	0.018545	6.4
72	-0.223551	7.607686	10.125519	0.012718	7.5
73	-0.257914	6.844585	10.403016	0.003229	6.1
74	-0.218678	6.926804	10.372388	0.009914	8.4
75	-0.241294	6.313552	10.605273	0.009794	7.8
76	-0.258249	7.152916	10.289082	0.013719	7.0
77	-0.223129	6.356639	10.588569	0.012742	6.9
78	-0.242265	7.354281	10.216011	0.009766	8.1
79	-0.225359	6.569524	10.506807	0.009587	8.8
80	-0.235319	7.517846	10.157417	0.022757	9.6
81	-0.230501	8.049355	9.971569	0.011962	6.1
82	-0.237718	7.253483	10.252459	0.016612	9.0
83	-0.224088	8.243799	9.905268	0.017091	8.2
84	-0.234667	9.181967	9.597375	0.018057	9.6
85	-0.254417	8.687379	9.757266	0.024315	7.5
86	-0.227755	9.687379	9.439309	0.018433	8.0
87	-0.233137	10.687378	9.141421	0.016152	7.3
88	-0.230320	9.919503	9.368445	0.009986	7.5
89	-0.252781	9.123551	9.615986	0.019968	8.3
90	-0.269146	10.123418	9.307064	0.005286	7.7
91	-0.234537	9.341716	9.546845	0.013354	9.6
92	-0.218288	10.022199	9.337432	0.019246	7.8
93	-0.233735	11.021731	9.045971	0.009147	7.4
94	-0.243490	12.011006	8.774881	0.010532	5.9
95	-0.249845	11.415408	8.936110	0.010323	8.4
96	-0.253801	11.069461	9.032508	0.012227	6.0
97	-0.239861	12.069429	8.759379	0.012226	7.7
98	-0.238451	13.068628	8.502475	0.015491	7.3
99	-0.245473	13.879798	8.304740	0.012528	7.0
100	-0.239154	14.849332	8.080141	0.015043	8.5
101	-0.245501	14.052900	8.263729	0.012906	6.7
102	-0.260315	15.052793	8.034541	0.018034	7.1
103	-0.227547	15.920139	7.845790	0.024027	5.4
104	-0.239342	16.920120	7.638891	0.021060	7.6
105	-0.245128	17.920120	7.442620	0.012473	6.5
106	-0.241217	18.920120	7.256182	0.020582	8.1
107	-0.233999	19.920076	7.078864	0.011276	6.1
108	-0.245830	19.191968	7.207103	0.019850	7.3
109	-0.219791	20.191956	7.032141	0.014284	7.1
110	-0.202896	21.191956	6.865471	0.011485	7.0
111	-0.237084	22.188274	6.707090	0.008419	7.5
112	-0.242309	23.187033	6.555490	0.010803	7.8
113	-0.240410	23.499016	6.509529	0.016951	6.9
114	-0.226664	24.180210	6.411384	0.010324	5.7
115	-0.239605	24.039091	6.431472	0.021360	6.5
116	-0.259491	24.992830	6.298105	0.009372	7.1
117	-0.239194	25.986719	6.164884	0.012544	6.2
118	-0.255171	25.190739	6.271120	0.012898	8.2
119	-0.252825	26.188966	6.138462	0.015303	7.9
120	-0.237262	27.035659	6.030263	0.002975	7.9
121	-0.230310	26.927794	6.043835	0.014320	6.2
122	-0.229735	27.650251	5.954084	0.007946	9.1
123	-0.234054	26.853834	6.053176	0.014500	7.4
124	-0.222498	27.830903	5.932056	0.013946	8.7
125	-0.246560	27.034880	6.030361	0.016790	4.8
126	-0.253309	28.034730	5.907398	0.011762	7.7
127	-0.232518	27.238299	6.004931	0.007745	6.9
128	-0.224232	28.236852	5.883147	0.007854	11.7
129	-0.220787	29.171283	5.773575	0.012141	6.2
130	-0.241993	30.150615	5.663034	0.017535	7.1
131	-0.239012	30.919822	5.579134	0.019067	7.2
132	-0.241445	30.126124	5.665747	0.015130	6.5
133	-0.244204	31.126124	5.557053	0.016784	7.3
134	-0.218749	30.329692	5.643277	0.017775	7.1
135	-0.225173	29.533261	5.732218	0.019734	6.4
136	-0.253512	28.740866	5.823535	0.021540	5.9
137	-0.256806	27.944435	5.918296	0.011291	6.1
138	-0.222613	27.207499	6.008768	0.015793	6.8
139	-0.242098	27.983068	5.913628	0.007155	5.2
140	-0.250462	27.235484	6.005281	0.007512	7.1
141	-0.231882	26.543393	6.092701	0.015965	8.3
142	-0.254295	25.755764	6.195336	0.013364	6.8
143	-0.235197	25.153500	6.276180	0.008462	6.8
144	-0.208486	24.378204	6.383410	0.015981	7.6
145	-0.253560	25.103892	6.282933	0.017397	7.4
146	-0.252743	26.103889	6.149549	0.011263	7.3
147	-0.245044	26.597608	6.085761	0.033970	6.6
148	-0.236541	27.597608	5.960533	0.008285	7.0
149	-0.241750	26.801177	6.059844	0.011114	7.2
150	-0.244737	27.736880	5.943500	0.011914	6.6
151	-0.269288	27.434310	5.980629	0.021293	4.6
152	-0.224763	28.434309	5.859648	0.012455	6.6
153	-0.237844	29.434191	5.743478	0.010603	6.0
154	-0.250972	30.434177	5.631813	0.018403	7.2
155	-0.231906	29.637950	5.720367	0.013669	6.2
156	-0.228816	30.637945	5.609589	0.019072	5.5
157	-0.237990	29.841516	5.697463	0.013011	6.3
158	-0.230124	30.840802	5.587638	0.015685	5.9
159	-0.246038	30.044481	5.674809	0.013608	6.8
160	-0.194141	29.267177	5.762561	0.011457	5.9
161	-0.223894	29.377352	5.749958	0.017084	9.6
162	-0.259237	30.357260	5.640247	0.007504	6.9
163	-0.205911	29.684881	5.715070	0.007752	9.6
164	-0.233443	28.897000	5.805312	0.016267	8.6
165	-0.248698	28.100799	5.899449	0.023153	8.4
166	-0.249920	27.304368	5.996718	0.018171	7.5
167	-0.241216	26.513663	6.096513	0.013368	8.9
168	-0.242526	25.886687	6.178036	0.011699	5.5
169	-0.238294	25.461823	6.234531	0.017949	7.6
170	-0.256658	26.461822	6.103172	0.010069	7.2
171	-0.211176	27.459629	5.977505	0.007028	6.6
172	-0.245252	28.455597	5.857126	0.012063	7.3
173	-0.197930	29.072019	5.785021	0.012588	6.1
174	-0.207744	28.275747	5.878504	0.013240	8.8
175	-0.224225	29.238239	5.765880	0.017986	5.8
176	-0.228100	30.237622	5.653417	0.014470	10.4
177	-0.230928	29.441191	5.742681	0.016269	6.4
178	-0.244504	29.445457	5.742195	0.016649	7.8
179	-0.198641	28.653812	5.833745	0.006524	6.0
180	-0.218554	29.653257	5.718638	0.019795	6.9
181	-0.230275	28.857179	5.809949	0.026792	6.5
182	-0.214001	29.857179	5.695708	0.010707	7.9
183	-0.236515	29.060761	5.786322	0.009448	12.7
184	-0.228200	29.766366	5.705897	0.010010	14.6
185	-0.252257	28.974521	5.796307	0.020833	11.1
186	-0.214445	28.178144	5.890171	0.024845	8.8
187	-0.247708	27.381712	5.987131	0.013956	9.4
188	-0.239209	26.585281	6.087337	0.013141	10.2
189	-0.241145	25.788851	6.190955	0.013908	6.7
190	-0.240620	26.768741	6.063958	0.013570	10.8
191	-0.226762	25.981051	6.165627	0.009112	7.2
192	-0.231137	25.250078	6.263074	0.019154	19.9
193	-0.243706	25.741762	6.197192	0.008059	10.9
194	-0.217191	26.716399	6.070610	0.011181	14.9
195	-0.235681	26.400329	6.111090	0.022626	22.8
196	-0.243099	25.603899	6.215524	0.014259	10.3
197	-0.242297	26.603899	6.084957	0.016471	10.9
198	-0.217621	25.808311	6.188381	0.019151	8.6
199	-0.216899	25.011879	6.295497	0.016653	20.2
200	-0.218211	24.215448	6.406387	0.015809	10.3
201	-0.219052	25.215288	6.267789	0.014879	12.4
202	-0.239225	24.426560	6.376614	0.010105	13.7
203	-0.225979	23.630129	6.490406	0.019806	10.9
204	-0.264006	24.630124	6.348167	0.005184	7.2
205	-0.213411	24.817155	6.322253	0.011271	11.1
206	-0.241851	24.034923	6.432067	0.015473	5.9
207	-0.245504	23.238496	6.547864	0.014997	4.5
208	-0.236124	24.237695	6.403236	0.018059	6.4
209	-0.218473	25.237695	6.264751	0.007153	6.5
210	-0.241615	24.442370	6.374396	0.013962	5.5
211	-0.232384	25.433894	6.238280	0.009801	5.8
212	-0.227913	25.829793	6.185542	0.017209	6.3
213	-0.250273	25.033604	6.292526	0.015420	5.2
214	-0.248506	26.018986	6.160653	0.012365	7.0
215	-0.242932	25.227276	6.266163	0.008650	4.4
216	-0.226748	24.944239	6.304766	0.012168	18.4
217	-0.228144	25.274386	6.259784	0.013998	10.1
218	-0.228307	24.479302	6.369220	0.016489	12.7
219	-0.195924	23.689133	6.481837	0.005620	12.8
220	-0.230559	24.483082	6.368690	0.012662	9.6
221	-0.228478	23.691060	6.481557	0.023661	10.9
222	-0.233124	24.620838	6.349459	0.013771	10.8
223	-0.222697	25.608676	6.214887	0.014102	10.1
224	-0.236429	24.812246	6.322931	0.007209	8.1
225	-0.223556	24.478090	6.369389	0.009726	5.9
226	-0.238649	25.397118	6.243225	0.016466	5.0
227	-0.222493	26.396362	6.111601	0.007344	4.7
228	-0.241837	25.769362	6.193535	0.027140	4.6
229	-0.264051	26.759862	6.065086	0.014830	4.8
230	-0.227275	25.966119	6.167588	0.008802	6.9
231	-0.228497	25.311012	6.254833	0.009770	9.4
232	-0.246482	26.225062	6.133770	0.016027	11.7
233	-0.230066	27.224946	6.006594	0.014001	6.6
234	-0.228831	26.770678	6.063712	0.010811	7.0
235	-0.241176	27.770653	5.939384	0.017383	7.0
236	-0.233068	28.769291	5.820209	0.015952	7.0
237	-0.218008	27.972860	5.914861	0.016370	5.5
238	-0.224432	27.176431	6.012643	0.008088	7.6
239	-0.232588	26.420866	6.108443	0.017162	6.5
240	-0.231438	25.633993	6.211513	0.009775	7.2
241	-0.222261	24.838404	6.319323	0.013407	6.8
242	-0.239393	25.326575	6.252732	0.010714	6.4
243	-0.234850	24.812228	6.322933	0.015342	6.8
244	-0.220618	25.810997	6.188026	0.013381	6.0
245	-0.238431	26.718145	6.070388	0.016010	7.6
246	-0.252392	27.718145	5.945786	0.017080	8.0
247	-0.233191	28.599061	5.840184	0.009896	6.3
248	-0.234244	27.802630	5.935493	0.012989	5.1
249	-0.232072	28.794133	5.817305	0.008146	5.9
250	-0.211288	28.869179	5.808551	0.018678	5.1
251	-0.241995	28.824202	5.813794	0.023707	5.3
252	-0.252400	29.824202	5.699404	0.019061	4.3
253	-0.242689	30.824202	5.589428	0.020065	6.1
254	-0.245707	31.823063	5.483735	0.013581	5.2
255	-0.238418	31.026632	5.567680	0.018504	5.2
256	-0.225146	32.023394	5.463016	0.018120	4.5
257	-0.238824	31.226963	5.546324	0.020381	5.5
258	-0.228642	31.310860	5.537429	0.016244	6.0
259	-0.228987	31.030437	5.567273	0.014146	4.5
260	-0.219979	30.234005	5.653816	0.014541	4.8
261	-0.246955	31.208152	5.548322	0.012479	5.1
262	-0.255267	30.499214	5.624701	0.017712	5.3
263	-0.231451	29.703167	5.713009	0.020709	5.1
264	-0.209174	30.703167	5.602513	0.015267	4.3
265	-0.229954	31.703162	5.496210	0.009198	4.3
266	-0.209833	31.569763	5.510157	0.006373	6.3
267	-0.251421	30.840496	5.587671	0.020289	4.6
268	-0.202626	30.055194	5.673618	0.012767	4.5
269	-0.220046	31.055194	5.564625	0.006267	6.5
270	-0.256005	30.266885	5.650190	0.021654	5.5
271	-0.240246	31.264258	5.542366	0.013946	5.4
272	-0.228042	30.467826	5.628131	0.013475	6.3
273	-0.232513	29.675304	5.716150	0.018661	6.3
274	-0.229245	30.675248	5.605540	0.019593	7.0
275	-0.253997	29.883383	5.692775	0.012901	5.0
276	-0.245680	30.883372	5.583054	0.015714	7.4
277	-0.268168	31.883364	5.477482	0.010013	5.9
278	-0.228349	32.459714	5.418429	0.016816	7.0
279	-0.264687	33.459711	5.318935	0.020627	7.3
280	-0.221129	34.374367	5.231078	0.012870	4.9
281	-0.206521	35.322332	5.143034	0.010344	5.8
282	-0.218073	36.320960	5.053433	0.014720	7.2
283	-0.236344	37.320957	4.966785	0.013090	4.9
284	-0.206967	38.320000	4.883137	0.008214	6.0
285	-0.227083	37.524442	4.949516	0.014973	6.8
286	-0.242615	36.856806	5.006631	0.017537	5.7
287	-0.254020	36.060375	5.076512	0.013655	7.3
288	-0.231994	37.060016	4.989107	0.005918	5.7
289	-0.230384	38.055180	4.905034	0.011852	6.2
290	-0.226624	38.674798	4.854104	0.013839	6.7
291	-0.266631	39.662433	4.775075	0.017817	5.3
292	-0.220149	40.662430	4.697636	0.011643	7.7
293	-0.227277	40.158121	4.736373	0.011121	8.6
294	-0.224084	40.094457	4.741308	0.014743	10.1
295	-0.248406	40.764195	4.689896	0.009132	12.9
296	-0.220980	40.044653	4.745177	0.006919	8.4
297	-0.226607	39.444270	4.792310	0.017218	10.5
298	-0.258900	40.224002	4.731276	0.014963	8.6
299	-0.214970	39.455042	4.791456	0.009604	7.6
300	-0.238323	38.659772	4.855326	0.014043	11.5
301	-0.227900	39.659574	4.775300	0.004246	8.5
302	-0.213050	40.436211	4.714934	0.015517	14.3
303	-0.224646	40.312995	4.724409	0.015345	13.7
304	-0.246443	39.516564	4.786585	0.012642	8.4
305	-0.242232	40.415682	4.716510	0.009095	8.0
306	-0.218406	40.879116	4.681186	0.014185	10.1
307	-0.213574	40.082690	4.742222	0.010228	9.3
308	-0.251255	40.623811	4.700580	0.007454	10.9
309	-0.247006	41.495002	4.635053	0.011751	7.0
310	-0.241129	40.715286	4.693613	0.013320	11.2
311	-0.236065	41.713346	4.618916	0.010510	8.2
312	-0.235329	42.713340	4.546421	0.012070	10.5
313	-0.234266	41.917670	4.603916	0.012421	8.9
314	-0.234431	41.124025	4.662732	0.009406	8.3
315	-0.246490	41.623756	4.625524	0.020261	8.1
316	-0.233525	40.827371	4.685104	0.026820	6.2
317	-0.240443	41.822798	4.610868	0.011282	6.1
318	-0.241661	41.026374	4.670072	0.012731	6.2
319	-0.247386	42.024951	4.596079	0.013117	4.6
320	-0.245892	41.300330	4.649536	0.010335	6.4
321	-0.229839	40.504018	4.709735	0.013910	5.2
322	-0.216619	41.371111	4.644260	0.009575	6.5
323	-0.272613	42.327891	4.574093	0.011312	8.6
324	-0.222690	41.580824	4.628697	0.009798	7.7
325	-0.264595	40.784918	4.688323	0.014037	7.6
326	-0.262254	40.007169	4.748092	0.013120	4.0
327	-0.272409	40.985841	4.673126	0.019510	5.8
328	-0.229529	41.985841	4.598933	0.010517	6.1
329	-0.227489	42.985827	4.527060	0.020660	4.7
330	-0.218424	43.985824	4.457398	0.010985	5.7
331	-0.239517	43.189971	4.512662	0.013563	6.1
332	-0.210865	44.189826	4.443449	0.016728	6.2
333	-0.221139	44.228967	4.440783	0.010062	7.4
334	-0.235041	45.220006	4.374322	0.015744	5.5
335	-0.233171	44.423576	4.427573	0.009904	6.2
336	-0.226450	45.423550	4.360918	0.011205	5.9
337	-0.225645	46.400120	4.297732	0.017571	6.2
338	-0.234059	47.394755	4.235232	0.005777	7.1
339	-0.269205	47.263355	4.243384	0.015013	5.3
340	-0.235825	46.478899	4.292715	0.016057	5.7
341	-0.232311	45.682468	4.343985	0.009417	6.9
342	-0.209782	44.887929	4.396369	0.010162	7.4
343	-0.244780	44.300766	4.435900	0.012691	5.7
344	-0.222682	45.300709	4.368998	0.020374	5.4
345	-0.226484	44.510316	4.421711	0.015054	5.7
346	-0.266631	43.713884	4.476128	0.018108	6.7
347	-0.248869	44.713801	4.408019	0.017530	5.6
348	-0.249176	43.917528	4.462087	0.016557	6.1
349	-0.221829	44.909794	4.394911	0.011272	6.3
350	-0.221208	44.113363	4.448667	0.013364	6.2
351	-0.233384	45.109997	4.381601	0.011944	6.1
352	-0.213979	46.109284	4.316357	0.017156	4.6
353	-0.248656	45.312853	4.368198	0.016646	6.4
354	-0.249838	44.518828	4.421136	0.014822	5.9
355	-0.243894	43.722424	4.475538	0.014449	5.2
356	-0.247263	44.722115	4.407461	0.011123	6.7
357	-0.229703	45.715149	4.341857	0.023993	4.3
358	-0.235394	46.715148	4.277738	0.019440	4.7
359	-0.225996	47.511850	4.227994	0.024532	4.9
360	-0.229258	46.753040	4.275346	0.014789	4.6
361	-0.252148	47.753040	4.213161	0.019618	5.1
362	-0.225338	46.956610	4.262538	0.006123	4.4
363	-0.240845	47.914233	4.203307	0.017389	5.8
364	-0.239201	48.454379	4.170618	0.015991	4.3
365	-0.232142	49.439383	4.112297	0.013122	5.6
366	-0.263876	50.439383	4.054734	0.023234	4.7
367	-0.226598	49.642951	4.100447	0.018987	4.1
368	-0.256839	48.846519	4.147202	0.021506	4.8
369	-0.231176	49.502251	4.108630	0.009504	4.8
370	-0.236639	48.705855	4.155571	0.015136	4.7
371	-0.229509	48.934165	4.142005	0.010433	4.8
372	-0.251022	49.934156	4.083613	0.021761	6.5
373	-0.238685	49.137725	4.129984	0.011775	12.2
374	-0.231582	48.341478	4.177408	0.011700	7.6
375	-0.256601	47.549175	4.225691	0.009186	11.2
376	-0.217589	48.461655	4.170181	0.010597	6.7
377	-0.221628	47.691681	4.216925	0.016229	13.3
378	-0.244468	47.460254	4.231180	0.011486	6.2
379	-0.213951	48.311130	4.179237	0.015344	8.4
380	-0.242407	49.311122	4.119799	0.013356	11.4
381	-0.252727	50.311113	4.062027	0.026034	5.9
382	-0.199265	49.514681	4.107906	0.015112	28.9
383	-0.244166	50.514681	4.050464	0.007213	6.3
384	-0.217109	50.179646	4.069529	0.009314	7.2
385	-0.231993	50.469047	4.053050	0.023112	8.9
386	-0.216584	50.032824	4.077941	0.014331	8.8
387	-0.251899	51.032737	4.021333	0.016365	8.0
388	-0.260795	52.032737	3.966271	0.008035	7.7
389	-0.244308	52.827669	3.923565	0.013672	7.3
390	-0.228498	53.599008	3.882996	0.010463	8.6
391	-0.231723	54.442089	3.839603	0.010567	7.8
392	-0.247005	55.441360	3.789410	0.008357	8.4
393	-0.228078	56.152041	3.754504	0.007002	8.1
394	-0.230200	57.048945	3.711359	0.012086	6.6
395	-0.224355	58.034282	3.665089	0.013344	8.2
396	-0.237785	58.804157	3.629731	0.007029	6.7
397	-0.236836	59.757334	3.586890	0.009165	9.1
398	-0.218337	60.668747	3.546861	0.024540	6.9
399	-0.249725	59.872315	3.581790	0.013855	13.0
400	-0.226704	60.872253	3.538044	0.017345	14.0
401	-0.254720	60.075822	3.572800	0.022765	20.1
402	-0.227134	59.279390	3.608244	0.016941	7.2
403	-0.218987	60.160523	3.569071	0.012353	7.7
404	-0.259053	59.806099	3.584725	0.010836	8.3
405	-0.226107	60.804617	3.540970	0.012569	5.7
406	-0.215635	60.972072	3.533736	0.015348	7.7
407	-0.225857	60.179236	3.568248	0.010012	6.7
408	-0.241134	59.383399	3.603576	0.015714	6.3
409	-0.225851	60.382971	3.559315	0.015228	7.5
410	-0.232255	60.699803	3.545512	0.011996	8.5
411	-0.243940	59.903403	3.580414	0.007741	5.9
412	-0.236379	59.567069	3.595361	0.008958	6.3
413	-0.242840	60.356129	3.560490	0.016495	8.2
414	-0.215710	61.355921	3.517266	0.010304	10.7
415	-0.228306	62.355708	3.475079	0.010455	10.4
416	-0.243505	62.957144	3.450185	0.009175	6.9
417	-0.226314	62.176088	3.482583	0.019088	10.9
418	-0.209010	61.611291	3.506393	0.014554	11.4
419	-0.225392	60.814862	3.540526	0.013190	9.8
420	-0.230231	60.018584	3.575324	0.012051	9.4
421	-0.221857	59.243116	3.609875	0.016590	14.2
422	-0.231709	59.926961	3.579371	0.010818	9.3
423	-0.250876	60.905360	3.536614	0.018745	11.7
424	-0.222799	61.904831	3.493978	0.010479	10.2
425	-0.238074	61.108629	3.527859	0.019269	6.9
426	-0.225643	60.312762	3.562389	0.015273	14.9
427	-0.243522	59.516330	3.597626	0.014764	8.9
428	-0.226606	60.516330	3.553492	0.012864	8.3
429	-0.244635	59.741991	3.587571	0.011331	7.1
430	-0.219096	60.712899	3.544944	0.014010	12.1
431	-0.223663	60.004836	3.575930	0.012648	10.5
432	-0.233383	59.209743	3.611377	0.012840	14.5
433	-0.224841	58.413343	3.647594	0.017863	20.4
434	-0.225275	57.617051	3.684540	0.010115	13.4
435	-0.238170	58.617020	3.638263	0.011887	16.2
436	-0.229471	58.502438	3.643507	0.007485	10.0
437	-0.248853	58.365863	3.649776	0.004749	11.8
438	-0.228559	58.411657	3.647672	0.009519	8.5
439	-0.221716	57.708454	3.680261	0.018020	9.7
440	-0.240192	56.912126	3.717876	0.011619	12.5
441	-0.220489	56.152249	3.754494	0.011126	14.1
442	-0.226253	56.115163	3.756300	0.006393	10.6
443	-0.245742	55.336441	3.794618	0.009984	9.3
444	-0.236173	56.122814	3.755927	0.011122	8.0
445	-0.241601	55.418932	3.790522	0.007993	21.0
446	-0.247044	54.641836	3.829464	0.010568	23.0
447	-0.231358	54.024229	3.860988	0.014477	11.1
448	-0.232592	54.534611	3.834900	0.014517	21.3
449	-0.213407	53.738214	3.875764	0.010939	6.9
450	-0.240670	54.655575	3.828768	0.015077	9.4
451	-0.231422	55.655548	3.778822	0.016824	7.3
452	-0.238389	54.859153	3.818493	0.007830	6.9
453	-0.200333	54.065578	3.858861	0.013244	6.9
454	-0.232926	53.289202	3.899189	0.010678	8.1
455	-0.235311	52.678746	3.931496	0.006470	7.9
456	-0.240695	52.758431	3.927248	0.009274	14.7
457	-0.227753	52.348766	3.949182	0.014015	15.7
458	-0.247435	53.291673	3.899060	0.014249	9.5
459	-0.211987	54.152634	3.854391	0.008681	11.7
460	-0.229903	55.152085	3.803805	0.018544	12.2
461	-0.231877	54.490255	3.837153	0.010736	15.2
462	-0.239930	53.694032	3.878056	0.023455	12.4
463	-0.217959	54.694032	3.826823	0.015643	9.1
464	-0.220031	53.897687	3.867511	0.028755	13.9
465	-0.245684	54.897687	3.816554	0.015180	11.9
466	-0.256003	55.897687	3.766923	0.009722	6.5
467	-0.242016	56.862040	3.720268	0.014286	7.6
468	-0.235411	57.689602	3.681143	0.009797	5.9
469	-0.241456	58.689182	3.634968	0.018444	7.2
470	-0.246222	57.896174	3.671505	0.015625	6.4
471	-0.225949	57.108113	3.708548	0.008782	9.2
472	-0.250649	57.090689	3.709375	0.007874	6.7
473	-0.200173	57.589009	3.685855	0.010612	8.1
474	-0.217228	56.848067	3.720936	0.015003	7.8
475	-0.222662	56.051638	3.759396	0.017380	7.6
476	-0.232116	57.051637	3.711231	0.011917	7.0
477	-0.255311	58.051634	3.664284	0.016041	8.6
478	-0.241000	59.051193	3.618530	0.018436	7.3
479	-0.222730	58.254762	3.654893	0.013536	10.5
480	-0.183801	57.458331	3.691994	0.015964	9.5
481	-0.224523	58.458330	3.645529	0.014971	9.7
482	-0.272758	59.374131	3.603991	0.019401	6.6
483	-0.224958	60.374131	3.559702	0.014861	7.7
484	-0.251247	59.577700	3.594886	0.008847	8.2
485	-0.250270	60.559440	3.551614	0.016121	8.8
486	-0.209369	59.764130	3.586588	0.020148	3.7
487	-0.251245	60.741477	3.543705	0.013689	6.3
488	-0.243565	61.476969	3.512104	0.012275	6.4
489	-0.212947	60.680553	3.546348	0.018598	5.8
490	-0.237634	61.680553	3.503456	0.013264	5.1
491	-0.232696	60.884155	3.537530	0.017376	4.1
492	-0.203409	61.821165	3.497508	0.025020	6.3
493	-0.224390	62.821165	3.455782	0.014984	6.9
494	-0.220205	62.024733	3.488932	0.019191	8.8
495	-0.240712	61.251122	3.521747	0.014886	7.0
496	-0.230957	60.454690	3.556181	0.018957	4.9
497	-0.242316	59.658259	3.591296	0.011367	8.0
498	-0.254482	58.898414	3.625449	0.015380	10.4
499	-0.249932	59.344827	3.605306	0.018984	13.8
Time spent in resolution 0 (ITK initialization and iterating): 4.949 s.
Stopping condition: Maximum number of iterations has been reached.
Settings of AdaptiveStochasticGradientDescent in resolution 0:
( SP_a 289.667658 )
( SP_A 20.000000 )
( SP_alpha 1.000000 )
( SigmoidMax 1.000000 )
( SigmoidMin -0.796432 )
( SigmoidScale 0.000009 )



=============== start of TransformParameterFile ===============
(Transform "EulerTransform")
(NumberOfParameters 6)
(TransformParameters 0.015068 0.004198 -0.012775 0.143729 -1.979922 5.909037)
(InitialTransformParametersFileName "NoInitialTransform")
(UseBinaryFormatForTransformationParameters "false")
(HowToCombineTransforms "Compose")

// Image specific
(FixedImageDimension 3)
(MovingImageDimension 3)
(FixedInternalImagePixelType "float")
(MovingInternalImagePixelType "float")
(Size 256 256 30)
(Index 0 0 0)
(Spacing 0.7031250000 0.7031250000 3.0000000000)
(Origin -87.4708786011 -75.3119125366 27.2663993835)
(Direction 1.0000000000 0.0000000000 0.0000000000 0.0000000000 1.0000000000 0.0000000000 0.0000000000 0.0000000000 1.0000000000)
(UseDirectionCosines "false")

// EulerTransform specific
(CenterOfRotationPoint 2.1775588989 14.3365249634 70.7663993835)
(ComputeZYX "false")

// ResampleInterpolator specific
(ResampleInterpolator "FinalBSplineInterpolator")
(FinalBSplineInterpolationOrder 3)

// Resampler specific
(Resampler "DefaultResampler")
(DefaultPixelValue 0.000000)
(ResultImageFormat "nii.gz")
(ResultImagePixelType "short")
(CompressResultImage "false")

=============== end of TransformParameterFile ===============

Creating the TransformParameterFile took 0.00s

Registration result checksum: 1965744831

Applying final transform ...
  Applying final transform took 1.72s

Final metric value  = -0.249932
Settings of AdaptiveStochasticGradientDescent for all resolutions:
( SP_a 289.667658 )
( SP_A 20.000000 )
( SP_alpha 1.000000 )
( SigmoidMax 1.000000 )
( SigmoidMin -0.796432 )
( SigmoidScale 0.000009 )

Time spent on saving the results, applying the final transform etc.: 1719 ms.
Running elastix with parameter file 0: "/Users/sakinkirti/Programming/Python/CCIPD/racial-disparity-pca/code_matlab/rigid.txt", has finished.


Current time: Mon May 23 17:50:19 2022.
Time used for running elastix with this parameter file:
  6.8s.

-------------------------------------------------------------------------

Total time elapsed: 6.9s.

