
elastix is started at Mon May 23 17:57:39 2022.

which elastix:   /Users/sakinkirti/Programming/Python/CCIPD/racial-disparity-pca/code_matlab/elastix-5.0.0-mac/bin/elastix
elastix runs at: Sakins-MBP.hsd1.ca.comcast.net
  macOS 12.3.1 (x64), 21E258
  with 8192 MB memory, and 2 cores @ 2300 MHz.
-------------------------------------------------------------------------

Running elastix with parameter file 0: "/Users/sakinkirti/Programming/Python/CCIPD/racial-disparity-pca/code_matlab/rigid.txt".

Current time: Mon May 23 17:57:39 2022.
Reading the elastix parameters from file ...

Installing all components.
InstallingComponents was successful.

ELASTIX version: 5.000
Command line options from ElastixBase:
-f        /Users/sakinkirti/Programming/Python/CCIPD/racial-disparity-pca/dataset/to_nifti_cleaned/prostate-000748/T2W.nii.gz
-m        /Users/sakinkirti/Programming/Python/CCIPD/racial-disparity-pca/dataset/to_nifti_cleaned/prostate-000748/ADC.nii.gz
-fMask    unspecified, so no fixed mask used
-mMask    unspecified, so no moving mask used
-out      /Users/sakinkirti/Programming/Python/CCIPD/racial-disparity-pca/dataset/to_nifti_cleaned/prostate-000748/
-p        /Users/sakinkirti/Programming/Python/CCIPD/racial-disparity-pca/code_matlab/rigid.txt
-threads  unspecified, so all available threads are used
Command line options from TransformBase:
-t0       unspecified, so no initial transform used

=============== start of ParameterFile: /Users/sakinkirti/Programming/Python/CCIPD/racial-disparity-pca/code_matlab/rigid.txt ===============
// Example parameter file for rotation registration
// C-style comments: //

// The internal pixel type, used for internal computations
// Leave to float in general. 
// NB: this is not the type of the input images! The pixel 
// type of the input images is automatically read from the 
// images themselves.
// This setting can be changed to "short" to save some memory
// in case of very large 3D images.
(FixedInternalImagePixelType "float")
(MovingInternalImagePixelType "float")

// The dimensions of the fixed and moving image
// Up to elastix 4.5 this had to be specified by the user.
// From elastix 4.6, this is not necessary anymore.
//(FixedImageDimension 3)
//(MovingImageDimension 3)

// Specify whether you want to take into account the so-called
// direction cosines of the images. Recommended: true.
// In some cases, the direction cosines of the image are corrupt,
// due to image format conversions for example. In that case, you 
// may want to set this option to "false".
(UseDirectionCosines "false")

// **************** Main Components **************************

// The following components should usually be left as they are:
(Registration "MultiResolutionRegistration")
(Interpolator "BSplineInterpolator")
(ResampleInterpolator "FinalBSplineInterpolator")
(Resampler "DefaultResampler")

// These may be changed to Fixed/MovingSmoothingImagePyramid.
// See the manual.
(FixedImagePyramid "FixedRecursiveImagePyramid")
(MovingImagePyramid "MovingRecursiveImagePyramid")

// The following components are most important:
// The optimizer AdaptiveStochasticGradientDescent (ASGD) works
// quite ok in general. The Transform and Metric are important
// and need to be chosen careful for each application. See manual.
(Optimizer "AdaptiveStochasticGradientDescent")
(Transform "EulerTransform")
(Metric "AdvancedMattesMutualInformation")

// ***************** Transformation **************************

// Scales the rotations compared to the translations, to make
// sure they are in the same range. In general, it's best to  
// use automatic scales estimation:
(AutomaticScalesEstimation "true")

// Automatically guess an initial translation by aligning the
// geometric centers of the fixed and moving.
(AutomaticTransformInitialization "true")

// Whether transforms are combined by composition or by addition.
// In generally, Compose is the best option in most cases.
// It does not influence the results very much.
(HowToCombineTransforms "Compose")

// ******************* Similarity measure *********************

// Number of grey level bins in each resolution level,
// for the mutual information. 16 or 32 usually works fine.
// You could also employ a hierarchical strategy:
//(NumberOfHistogramBins 16 32 64)
(NumberOfHistogramBins 32)

// If you use a mask, this option is important. 
// If the mask serves as region of interest, set it to false.
// If the mask indicates which pixels are valid, then set it to true.
// If you do not use a mask, the option doesn't matter.
(ErodeMask "false")

// ******************** Multiresolution **********************

// The number of resolutions. 1 Is only enough if the expected
// deformations are small. 3 or 4 mostly works fine. For large
// images and large deformations, 5 or 6 may even be useful.
(NumberOfResolutions 1)

// The downsampling/blurring factors for the image pyramids.
// By default, the images are downsampled by a factor of 2
// compared to the next resolution.
// So, in 2D, with 4 resolutions, the following schedule is used:
//(ImagePyramidSchedule 8 8  4 4  2 2  1 1 )
// And in 3D:
//(ImagePyramidSchedule 8 8 8  4 4 4  2 2 2  1 1 1 )
// You can specify any schedule, for example:
//(ImagePyramidSchedule 4 4  4 3  2 1  1 1 )
// Make sure that the number of elements equals the number
// of resolutions times the image dimension.

// ******************* Optimizer ****************************

// Maximum number of iterations in each resolution level:
// 200-500 works usually fine for rigid registration.
// For more robustness, you may increase this to 1000-2000.
(MaximumNumberOfIterations 500)

// The step size of the optimizer, in mm. By default the voxel size is used.
// which usually works well. In case of unusual high-resolution images
// (eg histology) it is necessary to increase this value a bit, to the size
// of the "smallest visible structure" in the image:
//(MaximumStepLength 1.0)

// **************** Image sampling **********************

// Number of spatial samples used to compute the mutual
// information (and its derivative) in each iteration.
// With an AdaptiveStochasticGradientDescent optimizer,
// in combination with the two options below, around 2000
// samples may already suffice.
(NumberOfSpatialSamples 2000)

// Refresh these spatial samples in every iteration, and select
// them randomly. See the manual for information on other sampling
// strategies.
(NewSamplesEveryIteration "true")
(ImageSampler "Random")

// ************* Interpolation and Resampling ****************

// Order of B-Spline interpolation used during registration/optimisation.
// It may improve accuracy if you set this to 3. Never use 0.
// An order of 1 gives linear interpolation. This is in most 
// applications a good choice.
(BSplineInterpolationOrder 1)

// Order of B-Spline interpolation used for applying the final
// deformation.
// 3 gives good accuracy; recommended in most cases.
// 1 gives worse accuracy (linear interpolation)
// 0 gives worst accuracy, but is appropriate for binary images
// (masks, segmentations); equivalent to nearest neighbor interpolation.
(FinalBSplineInterpolationOrder 3)

//Default pixel value for pixels that come from outside the picture:
(DefaultPixelValue 0)

// Choose whether to generate the deformed moving image.
// You can save some time by setting this to false, if you are
// only interested in the final (nonrigidly) deformed moving image
// for example.
(WriteResultImage "true")

// The pixel type and format of the resulting deformed moving image
(ResultImagePixelType "short")
(ResultImageFormat "nii.gz")




=============== end of ParameterFile: /Users/sakinkirti/Programming/Python/CCIPD/racial-disparity-pca/code_matlab/rigid.txt ===============


Reading images...
Reading images took 88 ms.

WARNING: the fixed pyramid schedule is not fully specified!
  A default pyramid schedule is used.
WARNING: the moving pyramid schedule is not fully specified!
  A default pyramid schedule is used.
WARNING: The parameter "AutomaticTransformInitializationMethod", requested at entry number 0, does not exist at all.
  The default value "GeometricalCenter" is used instead.
Transform parameters are initialized as: [0, 0, 0, 0.0000013709068298339844, 0.0000013709068298339844, 0]
Scales are estimated automatically.
Scales for transform parameters are: [3909.801125732052, 3909.8011257320395, 4417.602251464013, 1, 1, 1]
Initialization of all components (before registration) took: 15 ms.
Preparation of the image pyramids took: 9 ms.

Resolution: 0
WARNING: The parameter "ShowExactMetricValue", requested at entry number 0, does not exist at all.
  The default value "false" is used instead.
WARNING: The parameter "CheckNumberOfSamples", requested at entry number 0, does not exist at all.
  The default value "true" is used instead.
WARNING: The parameter "UseMultiThreadingForMetrics", requested at entry number 0, does not exist at all.
  The default value "true" is used instead.
Setting the fixed masks took: 0 ms.
Setting the moving masks took: 0 ms.
WARNING: The parameter "NumberOfFixedHistogramBins", requested at entry number 0, does not exist at all.
  The default value "32" is used instead.
WARNING: The parameter "NumberOfMovingHistogramBins", requested at entry number 0, does not exist at all.
  The default value "32" is used instead.
WARNING: The parameter "FixedLimitRangeRatio", requested at entry number 0, does not exist at all.
  The default value "0.01" is used instead.
WARNING: The parameter "MovingLimitRangeRatio", requested at entry number 0, does not exist at all.
  The default value "0.01" is used instead.
WARNING: The parameter "FixedKernelBSplineOrder", requested at entry number 0, does not exist at all.
  The default value "0" is used instead.
WARNING: The parameter "MovingKernelBSplineOrder", requested at entry number 0, does not exist at all.
  The default value "3" is used instead.
WARNING: The parameter "UseFastAndLowMemoryVersion", requested at entry number 0, does not exist at all.
  The default value "true" is used instead.
WARNING: The parameter "UseJacobianPreconditioning", requested at entry number 0, does not exist at all.
  The default value "false" is used instead.
WARNING: The parameter "FiniteDifferenceDerivative", requested at entry number 0, does not exist at all.
  The default value "false" is used instead.
WARNING: The parameter "SP_A", requested at entry number 0, does not exist at all.
  The default value "20" is used instead.
WARNING: The parameter "MaximumNumberOfSamplingAttempts", requested at entry number 0, does not exist at all.
  The default value "0" is used instead.
WARNING: The parameter "SigmoidInitialTime", requested at entry number 0, does not exist at all.
  The default value "0" is used instead.
WARNING: The parameter "MaxBandCovSize", requested at entry number 0, does not exist at all.
  The default value "192" is used instead.
WARNING: The parameter "NumberOfBandStructureSamples", requested at entry number 0, does not exist at all.
  The default value "10" is used instead.
WARNING: The parameter "UseAdaptiveStepSizes", requested at entry number 0, does not exist at all.
  The default value "true" is used instead.
WARNING: The parameter "AutomaticParameterEstimation", requested at entry number 0, does not exist at all.
  The default value "true" is used instead.
WARNING: The parameter "UseConstantStep", requested at entry number 0, does not exist at all.
  The default value "false" is used instead.
WARNING: The parameter "MaximumStepLengthRatio", requested at entry number 0, does not exist at all.
  The default value "1" is used instead.
WARNING: The parameter "MaximumStepLength", requested at entry number 0, does not exist at all.
  The default value "1.10714" is used instead.
WARNING: The parameter "NumberOfGradientMeasurements", requested at entry number 0, does not exist at all.
  The default value "0" is used instead.
WARNING: The parameter "NumberOfJacobianMeasurements", requested at entry number 0, does not exist at all.
  The default value "1000" is used instead.
WARNING: The parameter "NumberOfSamplesForExactGradient", requested at entry number 0, does not exist at all.
  The default value "100000" is used instead.
WARNING: The parameter "SigmoidScaleFactor", requested at entry number 0, does not exist at all.
  The default value "0.1" is used instead.
Elastix initialization of all components (for this resolution) took: 2 ms.
  Computing the fixed image extrema took 9 ms.
  Computing the moving image extrema took 4 ms.
Initialization of AdvancedMattesMutualInformation metric took: 54 ms.
Starting automatic parameter estimation for AdaptiveStochasticGradientDescent ...
WARNING: The parameter "ASGDParameterEstimationMethod", requested at entry number 0, does not exist at all.
  The default value "Original" is used instead.
  Computing JacobianTerms ...
  Computing the Jacobian terms took 0.004529s
  NumberOfGradientMeasurements to estimate sigma_i: 6
  Sampling gradients ...
  Sampling the gradients took 0.638657s
Automatic parameter estimation took 0.64s
1:ItNr	2:Metric	3a:Time	3b:StepSize	4:||Gradient||	Time[ms]
0	-0.161068	0.000000	21.909441	0.014478	704.7
1	-0.159164	0.000000	21.909441	0.017953	7.5
2	-0.142253	0.000000	21.909441	0.014134	5.8
3	-0.163742	0.000000	21.909441	0.022634	8.5
4	-0.161701	0.000000	21.909441	0.013353	5.9
5	-0.164079	0.000000	21.909441	0.013831	8.0
6	-0.163505	0.000000	21.909441	0.009493	6.3
7	-0.159350	0.000000	21.909441	0.006797	7.7
8	-0.172273	0.000000	21.909441	0.015439	6.4
9	-0.164975	0.000000	21.909441	0.018249	8.0
10	-0.156945	0.000000	21.909441	0.010928	6.8
11	-0.181130	0.330480	21.569991	0.017406	7.7
12	-0.162875	0.000000	21.909441	0.009733	8.0
13	-0.173140	0.805250	21.100344	0.006640	6.1
14	-0.184172	0.313791	21.586881	0.011586	8.6
15	-0.160834	0.000000	21.909441	0.019856	7.0
16	-0.177214	0.000000	21.909441	0.015063	9.0
17	-0.171100	1.000000	20.913558	0.009549	7.1
18	-0.156102	1.994420	20.009127	0.014513	6.2
19	-0.151490	2.994420	19.175219	0.009770	6.7
20	-0.159546	3.994420	18.408039	0.013173	8.1
21	-0.176193	3.492315	18.785413	0.016371	6.6
22	-0.162497	2.990525	19.178333	0.024361	8.0
23	-0.150362	3.990525	18.410909	0.019666	6.8
24	-0.150223	4.990525	17.702539	0.009439	8.7
25	-0.177819	4.488420	18.051267	0.021997	6.6
26	-0.159152	3.986362	18.413976	0.014216	6.6
27	-0.163280	3.484257	18.791596	0.012700	7.6
28	-0.174819	4.484257	18.054216	0.014054	7.5
29	-0.172110	5.484256	17.372520	0.008631	11.5
30	-0.169872	5.648934	17.265166	0.023632	7.4
31	-0.168099	5.146829	17.596714	0.018354	7.3
32	-0.159823	6.146829	16.948509	0.016818	7.2
33	-0.164688	5.644725	17.267894	0.018038	6.1
34	-0.178744	5.142620	17.599547	0.016877	8.2
35	-0.158748	6.142620	16.951137	0.010071	6.6
36	-0.172481	7.139498	16.350621	0.007449	7.0
37	-0.163908	8.138751	15.789911	0.023747	8.1
38	-0.181178	7.636646	16.066765	0.009995	7.4
39	-0.161911	7.134541	16.353502	0.006755	8.8
40	-0.186700	6.668965	16.628677	0.017030	5.8
41	-0.166351	7.668453	16.048939	0.014184	9.5
42	-0.156281	7.309161	16.252628	0.016356	5.6
43	-0.162250	8.308963	15.698211	0.009840	7.1
44	-0.166797	7.806858	15.971831	0.013605	7.6
45	-0.150431	7.304754	16.255159	0.011161	8.4
46	-0.161237	8.304754	15.700465	0.015191	6.4
47	-0.169181	9.304424	15.182545	0.014626	9.2
48	-0.173597	10.304424	14.697548	0.015370	6.4
49	-0.179875	9.802320	14.937131	0.010520	7.8
50	-0.163538	9.300216	15.184653	0.007867	7.3
51	-0.154379	8.798798	15.440162	0.013771	5.9
52	-0.194836	9.268727	15.200450	0.024839	6.4
53	-0.163579	8.766623	15.456852	0.014272	4.5
54	-0.174393	8.264518	15.722052	0.018175	3.5
55	-0.177841	9.264518	15.202564	0.015047	6.6
56	-0.171052	8.778800	15.450531	0.016802	4.4
57	-0.162392	8.276695	15.715513	0.014346	5.0
58	-0.168696	7.775539	15.989215	0.017587	4.7
59	-0.159674	8.774928	15.452540	0.014325	4.4
60	-0.159744	8.395151	15.652183	0.013540	4.7
61	-0.169972	9.348682	15.160404	0.014521	4.4
62	-0.162758	8.846577	15.415445	0.012882	4.0
63	-0.153630	9.845658	14.916144	0.013702	4.4
64	-0.177650	9.372681	15.148425	0.015693	4.4
65	-0.173383	10.372681	14.665571	0.021953	5.1
66	-0.158942	9.870576	14.904104	0.014681	4.6
67	-0.175625	10.870576	14.436459	0.017078	4.7
68	-0.167763	10.368472	14.667539	0.018667	4.0
69	-0.162527	9.866367	14.906136	0.007049	3.9
70	-0.162140	9.377142	15.146200	0.016291	4.9
71	-0.156722	8.882001	15.397171	0.014497	5.3
72	-0.161872	9.302274	15.183622	0.013061	4.6
73	-0.163608	9.929351	14.875782	0.010099	3.8
74	-0.168327	9.445251	15.112317	0.010292	5.8
75	-0.177465	10.445251	14.631725	0.016249	4.9
76	-0.167815	10.079874	14.803737	0.010796	4.0
77	-0.174186	9.577770	15.046822	0.010207	8.1
78	-0.169102	10.537573	14.588893	0.015989	7.1
79	-0.159316	11.489231	14.161562	0.011885	8.7
80	-0.147263	11.068404	14.347402	0.010293	6.8
81	-0.172400	12.032908	13.928482	0.015552	8.5
82	-0.167361	13.032908	13.519217	0.019517	6.1
83	-0.157418	12.530803	13.721660	0.011398	6.8
84	-0.179413	13.530803	13.324285	0.018804	6.6
85	-0.160428	13.028701	13.520888	0.013797	6.6
86	-0.165603	14.026065	13.135882	0.010943	7.7
87	-0.168825	15.026064	12.771261	0.016737	8.6
88	-0.155143	16.025921	12.426383	0.013842	7.5
89	-0.182280	15.523822	12.597210	0.027784	6.4
90	-0.156723	15.021718	12.772802	0.009511	7.9
91	-0.165612	15.986456	12.439642	0.011851	5.7
92	-0.171862	15.484393	12.610824	0.014982	7.5
93	-0.168062	15.091854	12.747981	0.009837	7.1
94	-0.163410	16.091811	12.404308	0.008683	7.1
95	-0.165401	17.091441	12.078784	0.006290	6.7
96	-0.180324	18.055875	11.780514	0.015547	5.9
97	-0.175631	19.055696	11.486463	0.008568	6.4
98	-0.168801	20.053942	11.207164	0.011853	6.0
99	-0.157273	19.552020	11.345878	0.008786	7.7
100	-0.173754	19.050444	11.487969	0.007656	6.3
101	-0.171773	20.017846	11.217027	0.011895	5.9
102	-0.146553	19.518439	11.355281	0.005251	7.0
103	-0.173770	20.272865	11.147718	0.013508	5.8
104	-0.170193	21.272739	10.884042	0.022572	8.2
105	-0.156270	22.272739	10.632520	0.008289	6.2
106	-0.160725	21.770634	10.757340	0.021182	6.3
107	-0.177415	21.410673	10.848643	0.013714	6.5
108	-0.165976	20.936102	10.971412	0.024825	5.0
109	-0.160051	21.936102	10.715884	0.010527	7.1
110	-0.165288	21.433997	10.842680	0.010656	6.5
111	-0.173180	22.432052	10.593519	0.005976	6.1
112	-0.174243	21.931336	10.717073	0.014023	7.0
113	-0.162516	22.222690	10.644832	0.009807	6.5
114	-0.178104	21.724440	10.768971	0.010211	5.7
115	-0.161702	22.723297	10.522955	0.015596	6.7
116	-0.164013	22.388952	10.604042	0.016905	6.9
117	-0.162868	21.886847	10.728191	0.013527	7.8
118	-0.156864	22.886847	10.483739	0.009235	8.9
119	-0.185694	23.886847	10.250180	0.007161	7.0
120	-0.176308	24.879661	10.028371	0.013559	17.0
121	-0.169525	25.235061	9.951285	0.020468	7.9
122	-0.149306	26.235061	9.740609	0.011194	6.7
123	-0.177346	25.732957	9.845263	0.020424	6.4
124	-0.162522	26.732957	9.639006	0.015376	6.5
125	-0.166978	26.389147	9.708938	0.007283	5.5
126	-0.161525	26.795255	9.626442	0.012950	5.3
127	-0.168436	26.293152	9.728645	0.015062	7.1
128	-0.175366	27.291333	9.527554	0.016671	6.9
129	-0.175889	26.789229	9.627656	0.011989	8.3
130	-0.162735	27.789229	9.430325	0.013389	7.5
131	-0.178658	27.287125	9.528384	0.015855	7.6
132	-0.167911	28.287060	9.335072	0.020227	7.0
133	-0.183914	27.784955	9.431151	0.009782	4.7
134	-0.172789	28.784954	9.241713	0.011449	3.9
135	-0.148758	28.283452	9.335756	0.012181	4.0
136	-0.162542	27.781347	9.431848	0.012941	4.5
137	-0.180231	27.508277	9.484944	0.005454	3.8
138	-0.164117	27.910338	9.406974	0.017113	4.2
139	-0.160561	28.910276	9.218508	0.022164	7.6
140	-0.165346	29.910276	9.037434	0.018847	6.8
141	-0.182766	29.408171	9.127454	0.013662	5.2
142	-0.164014	28.906066	9.219285	0.010107	7.6
143	-0.162389	28.403962	9.312983	0.009697	5.8
144	-0.176721	29.281583	9.150433	0.010525	8.5
145	-0.180007	28.779809	9.242668	0.010995	6.1
146	-0.162820	29.779797	9.060656	0.016129	5.7
147	-0.173237	30.779797	8.885671	0.015120	6.8
148	-0.181642	30.277693	8.972679	0.020277	7.7
149	-0.167925	31.277693	8.801044	0.015774	7.4
150	-0.157248	30.775592	8.886393	0.009634	8.0
151	-0.149555	31.146928	8.823114	0.013521	6.3
152	-0.174317	30.644824	8.908894	0.015841	5.4
153	-0.156617	31.644824	8.739668	0.015338	6.3
154	-0.173966	31.142719	8.823826	0.014348	6.1
155	-0.182014	30.640614	8.909620	0.005044	6.1
156	-0.174461	31.640607	8.740368	0.014807	8.0
157	-0.177693	32.025735	8.676886	0.018143	6.5
158	-0.166603	31.523630	8.759834	0.017485	8.5
159	-0.166247	32.523630	8.596171	0.011461	6.1
160	-0.169781	33.523556	8.438523	0.013766	6.7
161	-0.175296	34.456940	8.296496	0.007510	5.9
162	-0.177957	33.989509	8.367019	0.008349	8.4
163	-0.176690	33.493447	8.443185	0.010063	6.4
164	-0.178686	32.994730	8.521170	0.014423	6.9
165	-0.179722	33.994730	8.366225	0.014963	6.7
166	-0.150474	34.954886	8.222665	0.012833	5.6
167	-0.166402	35.954886	8.078293	0.008984	11.8
168	-0.169674	36.929196	7.942425	0.019614	6.4
169	-0.157799	37.278377	7.894837	0.012965	7.4
170	-0.207954	37.406029	7.877582	0.017248	6.2
171	-0.165015	38.406029	7.744976	0.013022	5.8
172	-0.153728	37.903924	7.810995	0.016528	6.3
173	-0.168631	37.401820	7.878150	0.010437	7.2
174	-0.158345	38.401820	7.745525	0.007094	6.9
175	-0.156362	38.730281	7.702932	0.017087	7.6
176	-0.171272	39.729679	7.576168	0.010886	6.8
177	-0.162305	39.475428	7.608020	0.014393	7.4
178	-0.158549	38.973323	7.671715	0.018539	7.2
179	-0.174170	38.823536	7.690924	0.014528	6.8
180	-0.169302	39.823536	7.564478	0.021090	7.6
181	-0.166143	40.823530	7.442122	0.017150	10.5
182	-0.153972	40.321425	7.503059	0.016589	8.6
183	-0.171096	41.321416	7.382667	0.010409	8.3
184	-0.174799	42.318791	7.266378	0.016972	8.4
185	-0.192721	43.318791	7.153404	0.018561	9.7
186	-0.156815	44.312829	7.044531	0.012513	10.2
187	-0.150825	45.268288	6.942963	0.012953	10.5
188	-0.162154	46.265941	6.839989	0.019416	7.9
189	-0.157650	47.265941	6.739792	0.008886	7.6
190	-0.162189	48.265889	6.642494	0.013790	7.6
191	-0.177034	47.763785	6.690997	0.011849	10.2
192	-0.169948	47.285489	6.737863	0.006371	7.3
193	-0.156323	47.083106	6.757892	0.009270	8.2
194	-0.160870	47.463946	6.720300	0.025160	8.0
195	-0.164125	48.461810	6.623759	0.010211	7.6
196	-0.159214	48.907782	6.581503	0.011298	7.8
197	-0.146160	48.407318	6.628959	0.015510	6.9
198	-0.182747	47.905215	6.677263	0.014045	6.1
199	-0.165949	47.403110	6.726277	0.014990	6.0
200	-0.161919	46.901005	6.776016	0.008044	7.2
201	-0.170950	47.645436	6.702533	0.010231	6.7
202	-0.172099	48.594612	6.611119	0.009226	7.0
203	-0.186164	49.579613	6.518855	0.012303	6.8
204	-0.178293	49.168155	6.557081	0.009398	7.2
205	-0.174632	48.762656	6.595194	0.012684	7.3
206	-0.184759	48.260551	6.643006	0.014115	7.9
207	-0.182680	49.260548	6.548458	0.017212	5.8
208	-0.168885	48.758443	6.595593	0.015216	8.1
209	-0.173247	49.757504	6.502466	0.015813	5.7
210	-0.155895	50.756995	6.411894	0.012292	8.3
211	-0.162900	50.254891	6.457076	0.016002	7.4
212	-0.162898	49.752786	6.502900	0.008484	7.5
213	-0.166628	49.250681	6.549378	0.011243	6.1
214	-0.176492	50.250547	6.457470	0.012279	7.2
215	-0.187327	51.249842	6.368156	0.011665	6.6
216	-0.176387	52.248435	6.281339	0.014604	6.3
217	-0.165344	53.238735	6.197550	0.014041	5.8
218	-0.161340	52.736651	6.239750	0.012345	7.9
219	-0.172611	53.736651	6.156260	0.021871	6.5
220	-0.174991	53.234546	6.197900	0.012548	5.8
221	-0.170790	54.165335	6.121150	0.015447	8.7
222	-0.176151	53.663231	6.162314	0.011919	7.5
223	-0.174942	54.663130	6.080878	0.018752	6.9
224	-0.162670	54.161025	6.121501	0.012740	6.5
225	-0.170140	53.658921	6.162670	0.017023	6.7
226	-0.164631	53.157563	6.204334	0.016622	6.2
227	-0.161507	54.143677	6.122914	0.012015	6.2
228	-0.179393	55.103489	6.045692	0.022863	6.3
229	-0.171462	54.601389	6.085844	0.015870	6.8
230	-0.154156	54.099284	6.126533	0.018782	6.9
231	-0.152635	53.597180	6.167770	0.007674	8.3
232	-0.167665	53.262106	6.195600	0.010832	6.7
233	-0.169680	52.773338	6.236647	0.013653	5.2
234	-0.148444	53.773338	6.153240	0.011402	7.3
235	-0.166135	53.271233	6.194838	0.017289	7.3
236	-0.153195	52.778859	6.236180	0.006949	6.9
237	-0.173905	53.778858	6.152785	0.005330	6.6
238	-0.171474	54.518699	6.092508	0.012488	8.3
239	-0.160060	55.500408	6.014324	0.012034	6.5
240	-0.157995	56.499487	5.936791	0.009632	5.9
241	-0.169843	55.997434	5.975501	0.011226	6.5
242	-0.178638	56.996812	5.898937	0.017896	5.6
243	-0.170419	56.500789	5.936691	0.009864	7.8
244	-0.176405	57.481136	5.862533	0.011055	7.5
245	-0.172374	58.481126	5.788774	0.011310	6.7
246	-0.171247	57.979021	5.825576	0.009034	6.4
247	-0.190338	58.540481	5.784454	0.012934	6.9
248	-0.185044	59.540453	5.712636	0.008994	5.9
249	-0.174642	59.038349	5.748473	0.015845	6.2
250	-0.158778	58.536288	5.784759	0.017664	6.8
251	-0.168896	59.536288	5.712931	0.009672	6.2
252	-0.184241	59.034371	5.748758	0.019277	7.8
253	-0.163341	58.736551	5.770230	0.014870	6.8
254	-0.184855	59.736501	5.698764	0.014384	7.2
255	-0.167177	60.736501	5.629043	0.010378	7.5
256	-0.172778	60.234475	5.663830	0.017550	6.8
257	-0.179398	61.231786	5.595139	0.011179	6.5
258	-0.164139	62.231784	5.527915	0.013461	5.0
259	-0.165359	61.795967	5.557013	0.014419	7.6
260	-0.184807	61.871369	5.551957	0.011486	6.5
261	-0.198116	61.460982	5.579588	0.019056	6.6
262	-0.160229	62.460982	5.512735	0.017729	6.7
263	-0.150083	61.958878	5.546100	0.014367	5.9
264	-0.176100	61.458671	5.579744	0.020285	7.7
265	-0.177025	60.956567	5.613928	0.019015	6.1
266	-0.167369	61.956567	5.546255	0.021420	6.6
267	-0.162254	62.956567	5.480194	0.015606	8.1
268	-0.179568	63.956567	5.415688	0.010450	6.2
269	-0.172471	64.956567	5.352683	0.014144	5.4
270	-0.160601	65.956365	5.291140	0.017348	3.9
271	-0.152429	66.956365	5.230983	0.009406	3.5
272	-0.171709	67.932507	5.173567	0.023216	4.9
273	-0.184635	67.430402	5.202942	0.013896	3.7
274	-0.163711	66.928298	5.232653	0.011497	4.5
275	-0.178815	66.426193	5.262705	0.013270	7.6
276	-0.176104	65.924089	5.293104	0.015244	8.5
277	-0.179594	65.421984	5.323857	0.004883	10.5
278	-0.161525	66.129512	5.280625	0.009661	6.0
279	-0.173948	67.019330	5.227241	0.011740	5.9
280	-0.179376	68.019330	5.168521	0.014061	7.1
281	-0.192749	68.500777	5.140718	0.018961	6.0
282	-0.154836	67.998672	5.169721	0.011798	7.0
283	-0.170955	68.998671	5.112278	0.016980	6.1
284	-0.166770	69.998632	5.056101	0.011469	7.2
285	-0.162128	70.489944	5.028949	0.015386	5.5
286	-0.178125	69.987947	5.056695	0.015517	7.4
287	-0.187743	69.485843	5.084754	0.012705	7.8
288	-0.173825	70.390645	5.034413	0.013777	5.8
289	-0.166780	69.888542	5.062225	0.012611	7.9
290	-0.170592	70.888531	5.007135	0.006912	8.2
291	-0.184936	70.760174	5.014139	0.012089	7.5
292	-0.177097	71.754220	4.960403	0.016180	6.4
293	-0.174304	72.749113	4.907761	0.012094	7.3
294	-0.169690	73.749009	4.855969	0.013311	6.2
295	-0.186444	73.246913	4.881839	0.012828	6.8
296	-0.174489	72.926122	4.898512	0.014004	6.7
297	-0.155507	72.424017	4.924839	0.015551	5.8
298	-0.180633	71.921914	4.951451	0.010975	7.5
299	-0.172281	72.883536	4.900734	0.013533	6.3
300	-0.172892	73.883536	4.849084	0.012219	7.6
301	-0.168134	74.876808	4.798848	0.019011	4.9
302	-0.160967	75.876808	4.749313	0.013002	5.7
303	-0.159083	75.374703	4.774056	0.020173	7.6
304	-0.185510	75.803306	4.752919	0.011111	6.5
305	-0.175830	75.301386	4.777691	0.012909	7.2
306	-0.194084	75.128780	4.786270	0.010466	6.0
307	-0.163408	74.626874	4.811391	0.009190	5.9
308	-0.170072	75.626854	4.761598	0.017044	6.4
309	-0.167642	75.124750	4.786470	0.016037	5.7
310	-0.180848	74.622645	4.811604	0.013223	7.5
311	-0.186022	74.120541	4.837002	0.016313	5.8
312	-0.150904	73.618513	4.862666	0.018685	6.0
313	-0.173115	74.618513	4.811812	0.011881	6.6
314	-0.169797	75.522226	4.766760	0.012936	5.1
315	-0.167488	76.522224	4.717881	0.009145	7.4
316	-0.167218	77.519538	4.670122	0.013435	5.3
317	-0.190603	77.018673	4.693986	0.010842	5.8
318	-0.171162	76.516977	4.718135	0.005530	5.6
319	-0.168747	77.516830	4.670250	0.014069	4.8
320	-0.176921	78.516655	4.623329	0.018185	5.0
321	-0.161317	79.516655	4.577334	0.009488	5.5
322	-0.169238	80.516655	4.532244	0.021949	4.3
323	-0.168269	80.014550	4.554772	0.012944	4.4
324	-0.173264	79.512446	4.577525	0.015682	5.0
325	-0.175761	80.512446	4.532432	0.013502	4.9
326	-0.155712	80.010341	4.554962	0.013702	4.8
327	-0.189417	79.508236	4.577717	0.018212	4.9
328	-0.189842	79.006132	4.600701	0.009648	4.9
329	-0.174696	78.504027	4.623916	0.014944	4.4
330	-0.191622	79.504027	4.577909	0.009157	4.8
331	-0.179047	80.504027	4.532808	0.008082	5.9
332	-0.183257	80.001928	4.555341	0.015231	4.3
333	-0.187763	79.499824	4.578100	0.007687	4.8
334	-0.192898	80.495909	4.533171	0.022393	5.4
335	-0.173156	79.994519	4.555676	0.010919	4.2
336	-0.171819	79.492414	4.578438	0.016185	5.2
337	-0.154143	80.492414	4.533327	0.005634	4.7
338	-0.183610	80.359284	4.539281	0.009262	4.8
339	-0.189295	80.625921	4.527371	0.012950	5.1
340	-0.165412	80.148338	4.548748	0.014935	4.8
341	-0.161545	79.671500	4.570293	0.014596	4.3
342	-0.173709	80.617640	4.527740	0.008951	5.8
343	-0.161063	80.115535	4.550223	0.023782	6.9
344	-0.177954	79.684195	4.569717	0.015286	5.4
345	-0.189575	79.182090	4.592620	0.014851	6.5
346	-0.162061	78.764961	4.611822	0.028245	7.0
347	-0.187506	78.262857	4.635150	0.017023	5.5
348	-0.187052	79.262857	4.588920	0.009550	6.8
349	-0.182439	80.262857	4.543603	0.017663	6.1
350	-0.172023	79.946976	4.557821	0.017379	5.6
351	-0.193695	80.946976	4.513113	0.013444	6.1
352	-0.178691	80.444873	4.535451	0.017442	6.6
353	-0.183483	79.942777	4.558011	0.011233	7.3
354	-0.172994	80.942777	4.513299	0.016875	5.9
355	-0.179680	81.942777	4.469457	0.015352	6.6
356	-0.168271	82.942773	4.426458	0.020182	7.1
357	-0.162634	83.808620	4.389890	0.014717	5.9
358	-0.181755	84.773453	4.349846	0.011392	6.7
359	-0.173738	84.271845	4.370573	0.013965	5.8
360	-0.170838	83.769740	4.391519	0.012049	8.9
361	-0.160737	83.267636	4.412666	0.013343	6.0
362	-0.178143	82.773616	4.433673	0.013563	6.4
363	-0.168986	82.272147	4.455202	0.013225	7.3
364	-0.182397	83.272147	4.412475	0.008560	4.9
365	-0.168646	84.263836	4.370905	0.008297	6.9
366	-0.203887	84.834363	4.347343	0.004368	5.0
367	-0.171575	85.798939	4.308079	0.014372	6.3
368	-0.185237	86.781004	4.268825	0.018997	7.2
369	-0.187265	86.379222	4.284798	0.013177	5.5
370	-0.159570	87.379101	4.245267	0.010279	7.0
371	-0.159529	86.877163	4.265020	0.014567	6.6
372	-0.177358	87.877163	4.225847	0.016952	8.9
373	-0.167819	87.375063	4.245426	0.014976	5.2
374	-0.167604	88.374310	4.206639	0.009773	5.7
375	-0.158509	87.882870	4.225626	0.013284	6.5
376	-0.168572	87.380766	4.245202	0.015941	5.7
377	-0.153240	86.878661	4.264961	0.010798	6.2
378	-0.180316	87.872549	4.226026	0.015386	6.1
379	-0.176096	87.390156	4.244834	0.007360	4.2
380	-0.176613	86.888054	4.264590	0.012378	5.2
381	-0.169494	87.888054	4.225425	0.014289	5.0
382	-0.174373	87.403181	4.244324	0.008151	5.0
383	-0.185212	87.479659	4.241332	0.006740	5.4
384	-0.164345	88.473829	4.202815	0.020243	4.9
385	-0.195641	89.473753	4.164775	0.023705	4.2
386	-0.178334	90.473595	4.127419	0.015046	5.6
387	-0.172085	91.471440	4.090801	0.014472	5.4
388	-0.169115	92.471124	4.054761	0.011962	5.2
389	-0.184946	92.053544	4.069738	0.015575	3.9
390	-0.170697	91.555626	4.087741	0.010208	5.1
391	-0.164130	91.056479	4.105950	0.015875	4.3
392	-0.189228	90.912366	4.111237	0.011826	4.7
393	-0.164431	91.909750	4.074921	0.013567	5.7
394	-0.173870	92.801000	4.043007	0.011140	4.0
395	-0.162031	92.298920	4.060924	0.009112	4.1
396	-0.184192	91.796815	4.079001	0.010353	4.0
397	-0.165433	92.747828	4.044897	0.015088	5.8
398	-0.161666	93.727732	4.010349	0.015809	4.5
399	-0.180416	94.727659	3.975698	0.012568	4.8
400	-0.163036	94.256935	3.991936	0.016532	5.5
401	-0.181589	95.256935	3.957598	0.011947	4.7
402	-0.169853	96.256934	3.923847	0.015181	4.6
403	-0.175395	97.256933	3.890666	0.014677	4.8
404	-0.165339	98.256933	3.858042	0.012857	5.2
405	-0.145647	97.755218	3.874341	0.011346	3.9
406	-0.181329	97.253113	3.890792	0.020023	5.7
407	-0.172229	98.249844	3.858271	0.014449	4.3
408	-0.165500	99.249844	3.826186	0.006480	4.2
409	-0.162508	100.140105	3.798067	0.014162	4.2
410	-0.168347	99.638017	3.813875	0.018121	4.9
411	-0.170121	100.638017	3.782520	0.011131	4.9
412	-0.160651	101.638017	3.751677	0.011964	7.0
413	-0.185112	102.638017	3.721333	0.015170	6.7
414	-0.196615	102.717040	3.718956	0.015647	4.2
415	-0.165182	103.717040	3.689137	0.016311	5.1
416	-0.173056	103.214935	3.704050	0.018388	6.3
417	-0.190499	102.712830	3.719083	0.013388	4.8
418	-0.176193	102.211034	3.734229	0.008516	4.8
419	-0.184774	103.211033	3.704166	0.014541	5.0
420	-0.172349	102.711555	3.719121	0.012281	3.9
421	-0.182728	102.209451	3.734277	0.010555	5.9
422	-0.176489	101.995712	3.740767	0.015767	5.3
423	-0.172774	102.995712	3.710598	0.018697	3.7
424	-0.188239	102.493607	3.725685	0.010381	4.1
425	-0.161184	101.991502	3.740895	0.013130	5.1
426	-0.165722	101.524973	3.755139	0.016870	5.2
427	-0.163288	101.022869	3.770590	0.012885	5.3
428	-0.184810	102.020661	3.740008	0.013621	6.6
429	-0.174199	101.519019	3.755321	0.013891	6.2
430	-0.170414	101.016943	3.770774	0.009756	7.6
431	-0.179682	100.514838	3.786355	0.012925	6.9
432	-0.177287	100.017679	3.801910	0.011049	6.1
433	-0.178547	100.048965	3.800927	0.022800	5.2
434	-0.166192	99.546860	3.816759	0.010757	5.7
435	-0.175611	99.044755	3.832723	0.009252	7.7
436	-0.183835	98.542657	3.848821	0.016162	6.8
437	-0.167583	99.268903	3.825580	0.014321	8.1
438	-0.181625	98.766798	3.841618	0.020869	8.0
439	-0.174430	98.264694	3.857791	0.010983	9.2
440	-0.190553	99.264687	3.825714	0.013242	6.9
441	-0.176875	98.762582	3.841753	0.018302	7.1
442	-0.177369	98.260477	3.857927	0.011394	6.1
443	-0.167173	99.260477	3.825848	0.014024	7.4
444	-0.181135	100.260477	3.794297	0.020470	7.3
445	-0.166609	101.260477	3.763262	0.011886	6.9
446	-0.156347	100.758373	3.778781	0.010737	4.8
447	-0.171964	101.758266	3.748002	0.014318	6.2
448	-0.159708	102.758266	3.717717	0.015314	6.5
449	-0.169645	102.256162	3.732862	0.016019	5.7
450	-0.174294	101.754057	3.748131	0.016139	6.0
451	-0.183923	101.251964	3.763525	0.014228	6.9
452	-0.169266	100.749859	3.779046	0.019357	6.6
453	-0.184853	101.749843	3.748260	0.018702	6.0
454	-0.164719	101.247738	3.763655	0.012749	5.4
455	-0.170353	100.745634	3.779177	0.016918	5.6
456	-0.165695	101.744915	3.748410	0.015092	6.7
457	-0.180654	101.242811	3.763806	0.010253	6.7
458	-0.169408	101.008989	3.771019	0.011518	7.3
459	-0.157346	100.610035	3.783391	0.015073	7.8
460	-0.165982	100.107958	3.799075	0.007359	6.4
461	-0.172863	101.105989	3.768024	0.019318	6.2
462	-0.179679	100.603935	3.783580	0.012788	6.1
463	-0.184536	100.101831	3.799268	0.015830	6.8
464	-0.180499	101.101827	3.768152	0.008846	6.6
465	-0.167821	102.098194	3.737652	0.016775	6.9
466	-0.167281	103.098194	3.707534	0.017140	6.1
467	-0.166313	104.098194	3.677897	0.010931	6.2
468	-0.152526	103.596090	3.692718	0.015866	6.6
469	-0.148337	104.596090	3.663317	0.015710	6.0
470	-0.156376	104.093986	3.678021	0.015019	4.5
471	-0.175420	103.592383	3.692828	0.011811	6.7
472	-0.160770	103.090278	3.707770	0.013921	6.6
473	-0.170759	102.772516	3.717289	0.015169	7.3
474	-0.187534	103.772475	3.687498	0.013357	6.1
475	-0.159998	104.772475	3.658179	0.012557	5.3
476	-0.156641	104.408481	3.668797	0.011721	6.6
477	-0.170194	104.894738	3.654627	0.009755	5.3
478	-0.167259	105.894738	3.625826	0.017664	6.0
479	-0.168070	105.392633	3.640230	0.023099	7.5
480	-0.180198	104.890529	3.654749	0.011872	7.9
481	-0.170460	105.890529	3.625947	0.012967	7.6
482	-0.168989	105.388428	3.640351	0.009311	7.9
483	-0.173733	106.388323	3.611777	0.016704	8.5
484	-0.178028	105.886219	3.626070	0.009273	7.2
485	-0.183276	106.127246	3.619195	0.010644	8.1
486	-0.180869	105.740792	3.630230	0.008430	7.7
487	-0.171201	105.249406	3.644360	0.010029	8.9
488	-0.186102	106.184451	3.617567	0.015206	7.2
489	-0.171936	107.129113	3.590896	0.012513	8.8
490	-0.179208	108.128886	3.563093	0.011104	6.8
491	-0.174270	107.626782	3.577002	0.017589	7.4
492	-0.162528	107.124677	3.591020	0.013553	7.4
493	-0.176317	108.124677	3.563209	0.018491	7.2
494	-0.182979	107.622572	3.577119	0.009881	6.6
495	-0.147831	108.622572	3.549523	0.006507	8.0
496	-0.182516	108.844460	3.543457	0.010867	6.5
497	-0.160779	109.842627	3.516425	0.017794	8.5
498	-0.175025	109.340522	3.529971	0.017555	8.2
499	-0.164323	110.305015	3.504042	0.011437	7.4
Time spent in resolution 0 (ITK initialization and iterating): 4.141 s.
Stopping condition: Maximum number of iterations has been reached.
Settings of AdaptiveStochasticGradientDescent in resolution 0:
( SP_a 460.098269 )
( SP_A 20.000000 )
( SP_alpha 1.000000 )
( SigmoidMax 1.000000 )
( SigmoidMin -0.502105 )
( SigmoidScale 0.000004 )



=============== start of TransformParameterFile ===============
(Transform "EulerTransform")
(NumberOfParameters 6)
(TransformParameters -0.003863 -0.020939 0.017126 -1.474326 -1.625847 -2.159309)
(InitialTransformParametersFileName "NoInitialTransform")
(UseBinaryFormatForTransformationParameters "false")
(HowToCombineTransforms "Compose")

// Image specific
(FixedImageDimension 3)
(MovingImageDimension 3)
(FixedInternalImagePixelType "float")
(MovingInternalImagePixelType "float")
(Size 224 224 45)
(Index 0 0 0)
(Spacing 0.7142857313 0.7142857313 3.0000000000)
(Origin -64.4124755859 -36.6665725708 26.5395431519)
(Direction 1.0000000000 0.0000000000 0.0000000000 0.0000000000 1.0000000000 0.0000000000 0.0000000000 0.0000000000 1.0000000000)
(UseDirectionCosines "false")

// EulerTransform specific
(CenterOfRotationPoint 15.2303834558 42.9762864709 92.5395431519)
(ComputeZYX "false")

// ResampleInterpolator specific
(ResampleInterpolator "FinalBSplineInterpolator")
(FinalBSplineInterpolationOrder 3)

// Resampler specific
(Resampler "DefaultResampler")
(DefaultPixelValue 0.000000)
(ResultImageFormat "nii.gz")
(ResultImagePixelType "short")
(CompressResultImage "false")

=============== end of TransformParameterFile ===============

Creating the TransformParameterFile took 0.00s

Registration result checksum: 3347925370

Applying final transform ...
  Applying final transform took 1.21s

Final metric value  = -0.164323
Settings of AdaptiveStochasticGradientDescent for all resolutions:
( SP_a 460.098269 )
( SP_A 20.000000 )
( SP_alpha 1.000000 )
( SigmoidMax 1.000000 )
( SigmoidMin -0.502105 )
( SigmoidScale 0.000004 )

Time spent on saving the results, applying the final transform etc.: 1216 ms.
Running elastix with parameter file 0: "/Users/sakinkirti/Programming/Python/CCIPD/racial-disparity-pca/code_matlab/rigid.txt", has finished.


Current time: Mon May 23 17:57:44 2022.
Time used for running elastix with this parameter file:
  5.5s.

-------------------------------------------------------------------------

Total time elapsed: 5.6s.

