
elastix is started at Mon May 23 17:53:04 2022.

which elastix:   /Users/sakinkirti/Programming/Python/CCIPD/racial-disparity-pca/code_matlab/elastix-5.0.0-mac/bin/elastix
elastix runs at: Sakins-MBP.hsd1.ca.comcast.net
  macOS 12.3.1 (x64), 21E258
  with 8192 MB memory, and 2 cores @ 2300 MHz.
-------------------------------------------------------------------------

Running elastix with parameter file 0: "/Users/sakinkirti/Programming/Python/CCIPD/racial-disparity-pca/code_matlab/rigid.txt".

Current time: Mon May 23 17:53:04 2022.
Reading the elastix parameters from file ...

Installing all components.
InstallingComponents was successful.

ELASTIX version: 5.000
Command line options from ElastixBase:
-f        /Users/sakinkirti/Programming/Python/CCIPD/racial-disparity-pca/dataset/to_nifti_cleaned/prostate-001116/T2W.nii.gz
-m        /Users/sakinkirti/Programming/Python/CCIPD/racial-disparity-pca/dataset/to_nifti_cleaned/prostate-001116/ADC.nii.gz
-fMask    unspecified, so no fixed mask used
-mMask    unspecified, so no moving mask used
-out      /Users/sakinkirti/Programming/Python/CCIPD/racial-disparity-pca/dataset/to_nifti_cleaned/prostate-001116/
-p        /Users/sakinkirti/Programming/Python/CCIPD/racial-disparity-pca/code_matlab/rigid.txt
-threads  unspecified, so all available threads are used
Command line options from TransformBase:
-t0       unspecified, so no initial transform used

=============== start of ParameterFile: /Users/sakinkirti/Programming/Python/CCIPD/racial-disparity-pca/code_matlab/rigid.txt ===============
// Example parameter file for rotation registration
// C-style comments: //

// The internal pixel type, used for internal computations
// Leave to float in general. 
// NB: this is not the type of the input images! The pixel 
// type of the input images is automatically read from the 
// images themselves.
// This setting can be changed to "short" to save some memory
// in case of very large 3D images.
(FixedInternalImagePixelType "float")
(MovingInternalImagePixelType "float")

// The dimensions of the fixed and moving image
// Up to elastix 4.5 this had to be specified by the user.
// From elastix 4.6, this is not necessary anymore.
//(FixedImageDimension 3)
//(MovingImageDimension 3)

// Specify whether you want to take into account the so-called
// direction cosines of the images. Recommended: true.
// In some cases, the direction cosines of the image are corrupt,
// due to image format conversions for example. In that case, you 
// may want to set this option to "false".
(UseDirectionCosines "false")

// **************** Main Components **************************

// The following components should usually be left as they are:
(Registration "MultiResolutionRegistration")
(Interpolator "BSplineInterpolator")
(ResampleInterpolator "FinalBSplineInterpolator")
(Resampler "DefaultResampler")

// These may be changed to Fixed/MovingSmoothingImagePyramid.
// See the manual.
(FixedImagePyramid "FixedRecursiveImagePyramid")
(MovingImagePyramid "MovingRecursiveImagePyramid")

// The following components are most important:
// The optimizer AdaptiveStochasticGradientDescent (ASGD) works
// quite ok in general. The Transform and Metric are important
// and need to be chosen careful for each application. See manual.
(Optimizer "AdaptiveStochasticGradientDescent")
(Transform "EulerTransform")
(Metric "AdvancedMattesMutualInformation")

// ***************** Transformation **************************

// Scales the rotations compared to the translations, to make
// sure they are in the same range. In general, it's best to  
// use automatic scales estimation:
(AutomaticScalesEstimation "true")

// Automatically guess an initial translation by aligning the
// geometric centers of the fixed and moving.
(AutomaticTransformInitialization "true")

// Whether transforms are combined by composition or by addition.
// In generally, Compose is the best option in most cases.
// It does not influence the results very much.
(HowToCombineTransforms "Compose")

// ******************* Similarity measure *********************

// Number of grey level bins in each resolution level,
// for the mutual information. 16 or 32 usually works fine.
// You could also employ a hierarchical strategy:
//(NumberOfHistogramBins 16 32 64)
(NumberOfHistogramBins 32)

// If you use a mask, this option is important. 
// If the mask serves as region of interest, set it to false.
// If the mask indicates which pixels are valid, then set it to true.
// If you do not use a mask, the option doesn't matter.
(ErodeMask "false")

// ******************** Multiresolution **********************

// The number of resolutions. 1 Is only enough if the expected
// deformations are small. 3 or 4 mostly works fine. For large
// images and large deformations, 5 or 6 may even be useful.
(NumberOfResolutions 1)

// The downsampling/blurring factors for the image pyramids.
// By default, the images are downsampled by a factor of 2
// compared to the next resolution.
// So, in 2D, with 4 resolutions, the following schedule is used:
//(ImagePyramidSchedule 8 8  4 4  2 2  1 1 )
// And in 3D:
//(ImagePyramidSchedule 8 8 8  4 4 4  2 2 2  1 1 1 )
// You can specify any schedule, for example:
//(ImagePyramidSchedule 4 4  4 3  2 1  1 1 )
// Make sure that the number of elements equals the number
// of resolutions times the image dimension.

// ******************* Optimizer ****************************

// Maximum number of iterations in each resolution level:
// 200-500 works usually fine for rigid registration.
// For more robustness, you may increase this to 1000-2000.
(MaximumNumberOfIterations 500)

// The step size of the optimizer, in mm. By default the voxel size is used.
// which usually works well. In case of unusual high-resolution images
// (eg histology) it is necessary to increase this value a bit, to the size
// of the "smallest visible structure" in the image:
//(MaximumStepLength 1.0)

// **************** Image sampling **********************

// Number of spatial samples used to compute the mutual
// information (and its derivative) in each iteration.
// With an AdaptiveStochasticGradientDescent optimizer,
// in combination with the two options below, around 2000
// samples may already suffice.
(NumberOfSpatialSamples 2000)

// Refresh these spatial samples in every iteration, and select
// them randomly. See the manual for information on other sampling
// strategies.
(NewSamplesEveryIteration "true")
(ImageSampler "Random")

// ************* Interpolation and Resampling ****************

// Order of B-Spline interpolation used during registration/optimisation.
// It may improve accuracy if you set this to 3. Never use 0.
// An order of 1 gives linear interpolation. This is in most 
// applications a good choice.
(BSplineInterpolationOrder 1)

// Order of B-Spline interpolation used for applying the final
// deformation.
// 3 gives good accuracy; recommended in most cases.
// 1 gives worse accuracy (linear interpolation)
// 0 gives worst accuracy, but is appropriate for binary images
// (masks, segmentations); equivalent to nearest neighbor interpolation.
(FinalBSplineInterpolationOrder 3)

//Default pixel value for pixels that come from outside the picture:
(DefaultPixelValue 0)

// Choose whether to generate the deformed moving image.
// You can save some time by setting this to false, if you are
// only interested in the final (nonrigidly) deformed moving image
// for example.
(WriteResultImage "true")

// The pixel type and format of the resulting deformed moving image
(ResultImagePixelType "short")
(ResultImageFormat "nii.gz")




=============== end of ParameterFile: /Users/sakinkirti/Programming/Python/CCIPD/racial-disparity-pca/code_matlab/rigid.txt ===============


Reading images...
Reading images took 103 ms.

WARNING: the fixed pyramid schedule is not fully specified!
  A default pyramid schedule is used.
WARNING: the moving pyramid schedule is not fully specified!
  A default pyramid schedule is used.
WARNING: The parameter "AutomaticTransformInitializationMethod", requested at entry number 0, does not exist at all.
  The default value "GeometricalCenter" is used instead.
Transform parameters are initialized as: [0, 0, 0, 1.3235931396484375, -1.2660140991210938, -0.2324129343032837]
Scales are estimated automatically.
Scales for transform parameters are: [4525.756896972656, 4525.756896972656, 5523.5137939453125, 1, 1, 1]
Initialization of all components (before registration) took: 11 ms.
Preparation of the image pyramids took: 9 ms.

Resolution: 0
WARNING: The parameter "ShowExactMetricValue", requested at entry number 0, does not exist at all.
  The default value "false" is used instead.
WARNING: The parameter "CheckNumberOfSamples", requested at entry number 0, does not exist at all.
  The default value "true" is used instead.
WARNING: The parameter "UseMultiThreadingForMetrics", requested at entry number 0, does not exist at all.
  The default value "true" is used instead.
Setting the fixed masks took: 0 ms.
Setting the moving masks took: 0 ms.
WARNING: The parameter "NumberOfFixedHistogramBins", requested at entry number 0, does not exist at all.
  The default value "32" is used instead.
WARNING: The parameter "NumberOfMovingHistogramBins", requested at entry number 0, does not exist at all.
  The default value "32" is used instead.
WARNING: The parameter "FixedLimitRangeRatio", requested at entry number 0, does not exist at all.
  The default value "0.01" is used instead.
WARNING: The parameter "MovingLimitRangeRatio", requested at entry number 0, does not exist at all.
  The default value "0.01" is used instead.
WARNING: The parameter "FixedKernelBSplineOrder", requested at entry number 0, does not exist at all.
  The default value "0" is used instead.
WARNING: The parameter "MovingKernelBSplineOrder", requested at entry number 0, does not exist at all.
  The default value "3" is used instead.
WARNING: The parameter "UseFastAndLowMemoryVersion", requested at entry number 0, does not exist at all.
  The default value "true" is used instead.
WARNING: The parameter "UseJacobianPreconditioning", requested at entry number 0, does not exist at all.
  The default value "false" is used instead.
WARNING: The parameter "FiniteDifferenceDerivative", requested at entry number 0, does not exist at all.
  The default value "false" is used instead.
WARNING: The parameter "SP_A", requested at entry number 0, does not exist at all.
  The default value "20" is used instead.
WARNING: The parameter "MaximumNumberOfSamplingAttempts", requested at entry number 0, does not exist at all.
  The default value "0" is used instead.
WARNING: The parameter "SigmoidInitialTime", requested at entry number 0, does not exist at all.
  The default value "0" is used instead.
WARNING: The parameter "MaxBandCovSize", requested at entry number 0, does not exist at all.
  The default value "192" is used instead.
WARNING: The parameter "NumberOfBandStructureSamples", requested at entry number 0, does not exist at all.
  The default value "10" is used instead.
WARNING: The parameter "UseAdaptiveStepSizes", requested at entry number 0, does not exist at all.
  The default value "true" is used instead.
WARNING: The parameter "AutomaticParameterEstimation", requested at entry number 0, does not exist at all.
  The default value "true" is used instead.
WARNING: The parameter "UseConstantStep", requested at entry number 0, does not exist at all.
  The default value "false" is used instead.
WARNING: The parameter "MaximumStepLengthRatio", requested at entry number 0, does not exist at all.
  The default value "1" is used instead.
WARNING: The parameter "MaximumStepLength", requested at entry number 0, does not exist at all.
  The default value "1.10156" is used instead.
WARNING: The parameter "NumberOfGradientMeasurements", requested at entry number 0, does not exist at all.
  The default value "0" is used instead.
WARNING: The parameter "NumberOfJacobianMeasurements", requested at entry number 0, does not exist at all.
  The default value "1000" is used instead.
WARNING: The parameter "NumberOfSamplesForExactGradient", requested at entry number 0, does not exist at all.
  The default value "100000" is used instead.
WARNING: The parameter "SigmoidScaleFactor", requested at entry number 0, does not exist at all.
  The default value "0.1" is used instead.
Elastix initialization of all components (for this resolution) took: 1 ms.
  Computing the fixed image extrema took 12 ms.
  Computing the moving image extrema took 7 ms.
Initialization of AdvancedMattesMutualInformation metric took: 61 ms.
Starting automatic parameter estimation for AdaptiveStochasticGradientDescent ...
WARNING: The parameter "ASGDParameterEstimationMethod", requested at entry number 0, does not exist at all.
  The default value "Original" is used instead.
  Computing JacobianTerms ...
  Computing the Jacobian terms took 0.002481s
  NumberOfGradientMeasurements to estimate sigma_i: 6
  Sampling gradients ...
  Sampling the gradients took 0.871888s
Automatic parameter estimation took 0.87s
1:ItNr	2:Metric	3a:Time	3b:StepSize	4:||Gradient||	Time[ms]
0	-0.154981	0.000000	11.105759	0.016474	946.0
1	-0.161273	0.000000	11.105759	0.016828	13.0
2	-0.141963	0.000000	11.105759	0.015721	5.3
3	-0.184503	0.102311	11.051915	0.014938	9.5
4	-0.160004	1.102311	10.551881	0.010012	5.8
5	-0.156210	2.102311	10.095135	0.010771	8.4
6	-0.171486	3.102262	9.676309	0.010726	6.1
7	-0.151891	2.221012	10.043531	0.014429	10.9
8	-0.164994	3.221012	9.628869	0.010615	8.6
9	-0.150781	4.220953	9.247111	0.011455	8.9
10	-0.158391	5.220904	8.894466	0.014434	6.7
11	-0.148554	4.340039	9.203654	0.011482	5.7
12	-0.154308	3.458789	9.535261	0.007990	3.6
13	-0.159697	2.588411	9.887099	0.006447	4.3
14	-0.178977	2.440999	9.949275	0.008481	4.8
15	-0.164353	3.371587	9.569379	0.010820	4.7
16	-0.177288	2.498161	9.925072	0.018350	4.1
17	-0.174131	1.743082	10.254589	0.009345	5.5
18	-0.156128	2.741308	9.823424	0.013744	4.9
19	-0.161866	3.740143	9.426823	0.010486	5.0
20	-0.171544	4.740111	9.060604	0.013938	4.0
21	-0.145357	5.072393	8.945130	0.006314	5.2
22	-0.195216	6.021656	8.630890	0.013123	4.4
23	-0.155092	7.019962	8.323386	0.008965	5.2
24	-0.176716	8.019647	8.036657	0.009749	5.6
25	-0.159085	7.138590	8.288296	0.014112	4.8
26	-0.167341	6.257340	8.556262	0.008171	3.9
27	-0.136048	5.470820	8.810492	0.009911	6.0
28	-0.147638	6.466036	8.491249	0.024049	3.6
29	-0.164386	7.466033	8.192956	0.010012	3.6
30	-0.157992	8.438371	7.922346	0.012118	5.0
31	-0.172119	7.557609	8.166683	0.010200	4.7
32	-0.164701	8.557251	7.890482	0.010100	3.7
33	-0.173514	9.556467	7.632458	0.014392	5.1
34	-0.158434	8.675222	7.859114	0.006928	5.4
35	-0.162778	7.798523	8.098365	0.017477	7.1
36	-0.170235	8.711567	7.849500	0.008779	6.3
37	-0.167786	7.833941	8.088417	0.015198	4.7
38	-0.166485	8.781704	7.831014	0.010629	4.1
39	-0.160445	7.900454	8.069802	0.009503	5.1
40	-0.169246	8.198455	7.987441	0.020384	4.5
41	-0.160024	9.188839	7.725403	0.017765	7.3
42	-0.184461	8.308529	7.957443	0.006611	10.0
43	-0.168272	7.427396	8.204091	0.012462	7.6
44	-0.170907	8.425207	7.925890	0.009041	7.9
45	-0.142247	7.543986	8.170581	0.007098	6.0
46	-0.154471	6.668358	8.429158	0.013808	9.8
47	-0.161579	6.682850	8.424745	0.009309	5.3
48	-0.198374	7.564396	8.164743	0.014557	10.0
49	-0.184053	8.558290	7.890204	0.013865	6.8
50	-0.163484	7.677039	8.132672	0.008980	8.6
51	-0.173248	8.471320	7.913488	0.012865	6.4
52	-0.169015	7.590073	8.157410	0.011411	8.3
53	-0.195751	8.589697	7.881830	0.010823	5.4
54	-0.169082	7.709007	8.123616	0.011343	10.2
55	-0.167315	6.929829	8.350246	0.012101	9.4
56	-0.174309	6.093486	8.608008	0.013459	10.0
57	-0.152799	7.026469	8.321453	0.011778	5.1
58	-0.140264	8.026469	8.034768	0.007352	8.4
59	-0.169275	9.026358	7.767207	0.007949	6.1
60	-0.154822	8.152785	7.999954	0.011263	9.7
61	-0.156542	9.120993	7.742804	0.016514	7.6
62	-0.156249	8.268692	7.968274	0.013288	7.3
63	-0.149194	7.398918	8.212318	0.015547	6.6
64	-0.150308	6.598532	8.450484	0.005598	7.9
65	-0.160337	7.492325	8.185396	0.014719	5.3
66	-0.173620	8.372391	7.940142	0.012880	4.8
67	-0.166093	7.491143	8.185735	0.012557	8.5
68	-0.159640	7.452907	8.196735	0.004420	7.0
69	-0.180104	6.703700	8.418404	0.008946	9.2
70	-0.151319	6.912470	8.355439	0.009751	7.1
71	-0.171724	6.034352	8.626837	0.007228	8.1
72	-0.163923	5.618720	8.761539	0.008930	6.2
73	-0.171526	6.586592	8.454141	0.012212	8.5
74	-0.191937	7.585956	8.158585	0.015749	6.7
75	-0.142912	8.585773	7.882875	0.009011	7.2
76	-0.186803	7.704540	8.124880	0.008760	5.5
77	-0.154537	7.934110	8.060415	0.012666	7.2
78	-0.144272	7.053192	8.313526	0.009616	7.2
79	-0.179681	6.542367	8.467716	0.010655	6.7
80	-0.161776	7.525470	8.175884	0.015614	8.8
81	-0.171161	6.693950	8.421368	0.010427	8.3
82	-0.151203	7.620555	8.148722	0.007757	6.9
83	-0.165137	7.295487	8.242337	0.012276	6.7
84	-0.176015	8.058140	8.026011	0.013038	6.4
85	-0.183823	7.176890	8.277030	0.005443	4.3
86	-0.158270	7.993668	8.043858	0.013913	7.0
87	-0.183276	8.981933	7.778716	0.022799	6.7
88	-0.162739	8.100683	8.014277	0.010065	6.4
89	-0.168740	7.219442	8.264549	0.004790	7.4
90	-0.169262	8.197632	7.987667	0.011613	6.6
91	-0.165425	8.959928	7.784430	0.008113	7.8
92	-0.162139	9.614358	7.618025	0.005094	5.7
93	-0.156131	8.745162	7.840635	0.003929	6.8
94	-0.165970	8.072521	8.022041	0.019785	8.0
95	-0.169828	9.071046	7.755665	0.008242	7.0
96	-0.160851	8.190466	7.989627	0.012873	6.0
97	-0.181166	9.185686	7.726210	0.014162	5.8
98	-0.172662	10.185686	7.478461	0.021792	7.3
99	-0.158564	9.304436	7.695934	0.010312	5.7
100	-0.180638	10.256779	7.461452	0.012401	7.1
101	-0.179906	11.256354	7.230233	0.007520	7.4
102	-0.165293	12.246945	7.014808	0.009791	5.8
103	-0.141948	12.896828	6.880318	0.009659	7.2
104	-0.173656	13.878962	6.686579	0.008556	6.0
105	-0.163153	13.794677	6.702777	0.006585	6.8
106	-0.185280	13.983511	6.666596	0.011534	6.5
107	-0.166482	13.156215	6.828068	0.005895	7.1
108	-0.158848	14.153599	6.634341	0.007827	8.3
109	-0.157493	14.916357	6.493447	0.011191	7.5
110	-0.163341	15.916321	6.317557	0.004998	6.4
111	-0.183495	16.815767	6.167294	0.010364	5.9
112	-0.163255	17.201481	6.105024	0.012384	8.4
113	-0.161924	18.201409	5.949300	0.003229	5.6
114	-0.152526	19.061643	5.821552	0.012916	7.6
115	-0.143535	19.123440	5.812586	0.008767	7.7
116	-0.164768	18.244096	5.942829	0.016328	6.1
117	-0.183586	17.362847	6.079344	0.010883	6.5
118	-0.153738	17.900288	5.995353	0.012370	5.8
119	-0.190792	18.876146	5.848633	0.013095	5.6
120	-0.166794	19.876044	5.705566	0.014011	4.0
121	-0.187659	19.079674	5.818933	0.019280	5.2
122	-0.176795	18.206204	5.948572	0.008976	6.5
123	-0.174296	19.206161	5.800627	0.010780	4.7
124	-0.187440	18.937939	5.839584	0.020765	4.4
125	-0.167764	18.056887	5.971314	0.013545	6.5
126	-0.153569	19.056887	5.822243	0.012172	4.7
127	-0.160831	19.978562	5.691292	0.012336	4.3
128	-0.167616	20.872391	5.569802	0.009386	4.8
129	-0.157316	21.362032	5.505424	0.015032	6.1
130	-0.176358	22.361956	5.378469	0.015619	4.5
131	-0.144072	23.361956	5.257229	0.013326	5.2
132	-0.167845	22.480746	5.363775	0.006872	4.7
133	-0.169201	22.429572	5.370095	0.010016	3.8
134	-0.150259	23.134893	5.284276	0.011485	5.2
135	-0.161705	24.134874	5.167201	0.011149	4.8
136	-0.182252	23.294513	5.265233	0.014118	4.4
137	-0.179725	22.413268	5.372112	0.007944	4.3
138	-0.184620	21.532121	5.483407	0.006649	5.2
139	-0.153554	21.987957	5.425262	0.006522	4.3
140	-0.169715	21.845652	5.443282	0.008144	4.5
141	-0.165913	21.695202	5.462463	0.013623	4.3
142	-0.181657	20.848167	5.573027	0.012129	8.4
143	-0.154159	20.006421	5.687425	0.016038	8.0
144	-0.192122	19.125802	5.812244	0.012302	5.5
145	-0.195077	19.984927	5.690408	0.013451	7.0
146	-0.163206	20.984927	5.554873	0.009052	7.0
147	-0.167960	21.310106	5.512181	0.014243	6.7
148	-0.165591	20.943086	5.560415	0.016344	6.6
149	-0.159737	20.061836	5.679750	0.012037	6.3
150	-0.159691	19.186382	5.803482	0.009215	8.4
151	-0.168067	19.266117	5.791990	0.011675	6.9
152	-0.167398	18.384872	5.921587	0.011334	7.0
153	-0.179926	18.212264	5.947653	0.017513	6.3
154	-0.169507	19.212264	5.799747	0.009968	7.9
155	-0.153415	20.210862	5.659211	0.010925	7.7
156	-0.157174	19.393041	5.773790	0.009746	6.3
157	-0.183243	20.326245	5.643410	0.018023	7.8
158	-0.166955	20.568783	5.610483	0.008837	7.1
159	-0.164260	21.568742	5.478690	0.008386	5.8
160	-0.162314	22.529116	5.357815	0.013030	4.3
161	-0.173097	23.424347	5.249845	0.013371	5.4
162	-0.184983	22.543097	5.356095	0.008620	6.0
163	-0.162308	21.702484	5.461531	0.007389	5.1
164	-0.161950	20.934082	5.561609	0.015768	4.0
165	-0.154061	20.053796	5.680862	0.009088	5.5
166	-0.166736	19.172659	5.805465	0.011693	4.3
167	-0.155817	18.407679	5.918160	0.018810	4.9
168	-0.153430	19.388495	5.774440	0.004469	5.1
169	-0.164749	18.549096	5.896998	0.011701	4.8
170	-0.172016	19.493970	5.759399	0.016586	4.8
171	-0.175884	18.612720	5.887527	0.007124	5.8
172	-0.155379	19.612666	5.742567	0.013778	4.7
173	-0.154426	20.612469	5.604593	0.015283	4.7
174	-0.158573	21.612469	5.473068	0.012738	4.7
175	-0.157792	20.731220	5.588644	0.012597	5.8
176	-0.153984	21.731207	5.457860	0.012081	5.1
177	-0.149953	20.902390	5.565815	0.011490	5.1
178	-0.191530	20.021318	5.685360	0.010329	6.5
179	-0.140464	19.141324	5.809996	0.011063	4.2
180	-0.170402	18.263017	5.939965	0.008285	5.1
181	-0.165966	19.180526	5.804328	0.020388	5.3
182	-0.150548	20.180164	5.663429	0.013428	6.3
183	-0.185702	19.298946	5.787272	0.010595	7.9
184	-0.167429	18.438977	5.913463	0.011272	6.0
185	-0.162927	19.438926	5.767239	0.008282	5.9
186	-0.189619	18.557709	5.895714	0.013360	7.0
187	-0.152568	17.849518	6.003188	0.012107	6.2
188	-0.159189	16.968269	6.142523	0.009114	6.4
189	-0.167289	16.189345	6.271177	0.013224	7.4
190	-0.162303	17.189216	6.106985	0.011133	6.2
191	-0.170082	17.091696	6.122619	0.010079	5.8
192	-0.152305	18.091444	5.966036	0.008191	5.7
193	-0.161221	19.090843	5.817312	0.008246	7.9
194	-0.161678	20.065088	5.679300	0.008466	5.4
195	-0.191078	19.191075	5.802804	0.013506	7.2
196	-0.185101	18.491625	5.905580	0.013897	7.1
197	-0.170538	19.491625	5.759733	0.009076	7.8
198	-0.155432	18.613978	5.887340	0.016762	6.5
199	-0.174099	19.590852	5.745653	0.010448	6.0
200	-0.179768	20.487951	5.621414	0.010493	6.7
201	-0.165902	19.606702	5.743410	0.008775	5.8
202	-0.165598	19.573315	5.748136	0.011820	8.7
203	-0.168541	20.569398	5.610400	0.015596	8.1
204	-0.184398	21.569396	5.478606	0.011874	7.2
205	-0.165170	22.447921	5.367828	0.011084	6.2
206	-0.143159	23.447914	5.247062	0.007171	5.2
207	-0.144408	24.397448	5.137314	0.014046	6.1
208	-0.182159	24.613827	5.112944	0.022762	7.0
209	-0.167418	23.732577	5.213671	0.016942	6.7
210	-0.170851	23.793369	5.206595	0.013539	6.6
211	-0.152369	22.912119	5.311084	0.012787	5.9
212	-0.170267	23.912118	5.192829	0.010826	7.4
213	-0.170019	23.365114	5.256854	0.007369	5.5
214	-0.170666	22.484097	5.363362	0.018728	6.1
215	-0.166661	22.206914	5.397769	0.012014	6.7
216	-0.158588	23.206902	5.275668	0.010365	6.8
217	-0.162588	22.326870	5.382825	0.006320	6.7
218	-0.168380	23.326367	5.261450	0.009054	4.8
219	-0.180708	23.526457	5.237806	0.012864	5.0
220	-0.182245	22.918540	5.310307	0.012724	4.6
221	-0.169989	23.130406	5.284813	0.008777	4.0
222	-0.199488	24.129555	5.167810	0.014129	4.3
223	-0.181918	24.570509	5.117804	0.012895	5.7
224	-0.156533	24.809484	5.091106	0.009749	4.7
225	-0.183813	23.928235	5.190966	0.022981	4.9
226	-0.170575	24.884678	5.082763	0.003956	4.3
227	-0.179763	25.283339	5.038983	0.013049	4.4
228	-0.162802	26.088512	4.952821	0.009534	4.2
229	-0.161773	25.211266	5.046842	0.010592	5.3
230	-0.184591	25.100088	5.059013	0.011167	5.9
231	-0.154858	24.222063	5.157238	0.013021	4.2
232	-0.166891	25.221967	5.045673	0.007092	4.8
233	-0.163063	26.168349	4.944437	0.010676	5.1
234	-0.139227	26.123776	4.949114	0.008443	4.6
235	-0.151219	26.831340	4.875902	0.008018	5.0
236	-0.180699	25.952186	4.967201	0.012635	6.1
237	-0.180469	25.207622	5.047240	0.006148	4.3
238	-0.181997	26.206778	4.940412	0.012565	3.5
239	-0.148743	27.177597	4.840859	0.011108	5.9
240	-0.182356	28.177095	4.742471	0.012730	4.4
241	-0.154164	29.176790	4.647985	0.015471	4.8
242	-0.171614	30.175950	4.557237	0.011280	6.8
243	-0.176825	29.566376	4.612174	0.012258	5.3
244	-0.158612	29.138632	4.651522	0.007484	5.5
245	-0.177280	28.264849	4.734023	0.011328	6.9
246	-0.163953	29.109890	4.654190	0.006568	5.6
247	-0.196447	29.141032	4.651299	0.005869	6.6
248	-0.159415	28.311026	4.729590	0.005289	6.6
249	-0.174192	28.858387	4.677667	0.016996	7.5
250	-0.187852	27.983594	4.761205	0.009421	6.2
251	-0.156716	27.102344	4.848432	0.008994	5.3
252	-0.167838	26.410980	4.919134	0.013247	7.4
253	-0.170415	26.827123	4.876332	0.008873	7.3
254	-0.165709	27.815717	4.777579	0.007241	6.4
255	-0.161209	28.664853	4.695895	0.016081	7.3
256	-0.168606	29.664777	4.603217	0.018746	5.5
257	-0.172093	28.783526	4.684701	0.007771	6.5
258	-0.159946	29.783525	4.592453	0.006661	5.8
259	-0.157172	30.705993	4.510521	0.010163	7.2
260	-0.172294	31.694111	4.425939	0.009639	6.9
261	-0.145529	31.342146	4.455701	0.012519	5.9
262	-0.160330	30.463926	4.531736	0.013895	6.5
263	-0.187794	29.582680	4.610688	0.017424	6.0
264	-0.156563	30.582635	4.521307	0.015785	6.7
265	-0.160387	29.701385	4.599893	0.016036	6.4
266	-0.150381	28.820216	4.681251	0.010729	7.7
267	-0.175286	27.990416	4.760542	0.013486	6.2
268	-0.171709	27.953695	4.764113	0.012620	6.2
269	-0.171097	28.947375	4.669333	0.011588	7.0
270	-0.167375	29.946609	4.577752	0.012143	5.2
271	-0.130366	29.073651	4.657558	0.015592	5.6
272	-0.174791	28.192401	4.740995	0.016874	8.8
273	-0.152427	28.986965	4.665635	0.007674	5.5
274	-0.151256	28.115099	4.748457	0.008904	8.2
275	-0.162717	27.239241	4.834673	0.017636	6.4
276	-0.162952	26.671723	4.892228	0.012632	7.0
277	-0.175729	27.671719	4.791714	0.007342	6.2
278	-0.149160	28.592612	4.702736	0.008419	6.8
279	-0.176315	29.591875	4.609850	0.016199	7.7
280	-0.179892	30.591787	4.520505	0.010036	7.2
281	-0.195376	29.710537	4.599063	0.014363	8.8
282	-0.154378	30.591978	4.520489	0.010993	7.6
283	-0.166802	31.591978	4.434535	0.012113	7.9
284	-0.183055	30.710739	4.510107	0.012405	6.5
285	-0.186978	31.710738	4.424543	0.011466	8.2
286	-0.164583	30.833201	4.499451	0.006963	7.3
287	-0.164021	30.571507	4.522283	0.009011	5.4
288	-0.144681	29.705055	4.599560	0.006220	8.1
289	-0.156285	29.491377	4.619025	0.008071	7.1
290	-0.149075	29.898385	4.582089	0.007489	6.8
291	-0.164060	30.596644	4.520080	0.010890	7.3
292	-0.160752	29.798312	4.591116	0.009728	7.8
293	-0.150502	30.783821	4.503742	0.008051	9.0
294	-0.161798	30.411700	4.536340	0.007959	6.7
295	-0.167299	30.916620	4.492221	0.012460	6.8
296	-0.160711	31.625640	4.431698	0.013431	7.7
297	-0.170191	32.625382	4.349078	0.010013	5.1
298	-0.183185	33.625380	4.269461	0.005947	7.5
299	-0.183449	33.227256	4.300807	0.010852	5.9
300	-0.146215	34.226003	4.223028	0.007262	7.0
301	-0.157820	33.465792	4.281971	0.008424	6.8
302	-0.162118	34.172365	4.227133	0.010849	6.1
303	-0.142302	35.148571	4.153640	0.012504	7.1
304	-0.183793	34.926294	4.170148	0.005838	5.6
305	-0.172957	35.909349	4.098113	0.016614	7.7
306	-0.171661	36.754050	4.038175	0.019136	5.9
307	-0.166803	37.526756	3.984860	0.012057	10.2
308	-0.186521	38.526756	3.917918	0.011197	6.7
309	-0.147640	37.646528	3.976722	0.011278	4.6
310	-0.156422	38.646526	3.910051	0.013110	8.2
311	-0.157730	39.646526	3.845578	0.012652	7.5
312	-0.156315	40.646486	3.783199	0.013693	8.8
313	-0.155554	39.849307	3.832763	0.013240	6.1
314	-0.151853	38.968057	3.889086	0.004484	8.0
315	-0.175269	39.945372	3.826721	0.009895	6.2
316	-0.164458	39.380570	3.862517	0.008611	9.1
317	-0.173250	38.646168	3.910074	0.011719	6.0
318	-0.166453	37.775087	3.968024	0.006660	6.2
319	-0.165708	38.638907	3.910550	0.008943	5.8
320	-0.171437	37.825769	3.964605	0.011365	6.7
321	-0.170532	36.969150	4.023191	0.013773	8.4
322	-0.179158	37.968812	3.954988	0.008772	6.0
323	-0.169909	38.545351	3.916694	0.010101	8.7
324	-0.168720	39.544496	3.852059	0.015983	5.4
325	-0.155869	39.251628	3.870783	0.017088	8.7
326	-0.152910	38.458099	3.922442	0.014966	6.7
327	-0.177948	37.576854	3.981452	0.018024	7.0
328	-0.150695	38.571797	3.914956	0.008780	7.2
329	-0.171572	37.690555	3.973739	0.014052	6.6
330	-0.175702	38.687673	3.907355	0.011988	6.8
331	-0.191009	37.809286	3.965716	0.017189	5.4
332	-0.154743	38.809286	3.899410	0.009435	9.1
333	-0.186990	39.809286	3.835285	0.008607	5.4
334	-0.160123	39.666084	3.844338	0.013012	5.4
335	-0.169176	40.665477	3.782034	0.013365	7.4
336	-0.161993	39.784301	3.836862	0.010540	9.7
337	-0.164397	40.783599	3.774804	0.013669	8.6
338	-0.157941	39.902349	3.829425	0.014368	7.0
339	-0.153345	39.021356	3.885633	0.016025	6.7
340	-0.168885	40.020400	3.822016	0.011536	7.1
341	-0.164452	39.139164	3.878021	0.013062	7.5
342	-0.157477	38.258203	3.935674	0.015363	6.7
343	-0.153474	39.198318	3.874210	0.007811	7.6
344	-0.159123	40.190835	3.811371	0.011305	6.8
345	-0.184190	39.313701	3.866799	0.014539	4.8
346	-0.165794	40.313477	3.803747	0.016991	6.1
347	-0.190634	39.433032	3.859163	0.016567	9.2
348	-0.178864	38.803045	3.899817	0.006105	8.5
349	-0.164524	38.150791	3.942820	0.009222	7.9
350	-0.176546	38.063198	3.948668	0.012207	7.3
351	-0.150498	37.181981	4.008474	0.008453	7.8
352	-0.175552	37.054357	4.017286	0.010925	7.4
353	-0.182529	36.348382	4.066740	0.011727	5.7
354	-0.187429	36.059406	4.087336	0.012249	9.0
355	-0.168080	37.053021	4.017378	0.010301	6.8
356	-0.174798	37.401578	3.993401	0.006389	7.5
357	-0.158555	38.400389	3.926253	0.013961	5.9
358	-0.167973	39.398828	3.861349	0.011800	6.7
359	-0.180783	40.237822	3.808446	0.006827	6.8
360	-0.171125	39.690696	3.842779	0.013896	6.3
361	-0.176442	40.673284	3.781556	0.016856	8.7
362	-0.166354	40.038663	3.820872	0.011941	4.7
363	-0.152919	41.037756	3.759339	0.013820	4.8
364	-0.183298	41.937060	3.705622	0.012731	4.6
365	-0.181379	41.291888	3.744002	0.013803	5.0
366	-0.149344	42.291888	3.684847	0.014201	6.4
367	-0.163280	43.291888	3.627533	0.008429	5.0
368	-0.157914	42.410638	3.677947	0.009561	4.4
369	-0.173271	43.388198	3.622107	0.012490	5.9
370	-0.172197	42.507295	3.672349	0.010798	4.6
371	-0.169386	43.499261	3.615870	0.013168	4.8
372	-0.175182	43.698969	3.604709	0.011685	5.6
373	-0.163673	44.698898	3.549846	0.013914	5.0
374	-0.175724	43.817649	3.598109	0.009506	5.3
375	-0.179284	44.648229	3.552586	0.012558	6.1
376	-0.164147	45.648215	3.499283	0.009008	4.4
377	-0.175771	46.642780	3.447832	0.011466	4.8
378	-0.170963	45.793877	3.491652	0.012467	6.0
379	-0.170648	46.376395	3.461464	0.008286	4.2
380	-0.166648	47.375570	3.410881	0.015310	3.9
381	-0.190298	48.375479	3.361720	0.010311	5.7
382	-0.151294	49.375479	3.313952	0.010259	4.4
383	-0.163868	48.500162	3.355689	0.015066	4.9
384	-0.159161	48.573297	3.352162	0.007384	6.0
385	-0.160388	49.213269	3.321608	0.012839	5.8
386	-0.180464	50.193681	3.275866	0.009275	5.9
387	-0.181101	51.171099	3.231501	0.008163	7.3
388	-0.142976	50.572305	3.258536	0.012505	5.8
389	-0.137252	49.843655	3.292051	0.011889	8.4
390	-0.165571	48.962467	3.333515	0.008290	6.5
391	-0.183902	48.081731	3.376015	0.013822	5.5
392	-0.169109	47.207229	3.419300	0.011787	7.5
393	-0.154544	46.332468	3.463722	0.011035	6.7
394	-0.166236	45.451223	3.509656	0.018340	7.4
395	-0.162019	45.402377	3.512238	0.010427	7.4
396	-0.169530	45.651003	3.499136	0.008573	6.4
397	-0.168528	46.581449	3.450961	0.006934	6.1
398	-0.173784	47.513421	3.404018	0.011132	7.6
399	-0.150696	48.503416	3.355532	0.008673	6.2
400	-0.158421	48.677387	3.347154	0.011915	7.1
401	-0.163618	49.377671	3.313849	0.010076	8.1
402	-0.147508	48.498180	3.355785	0.016869	5.1
403	-0.166200	47.617103	3.398875	0.011837	8.0
404	-0.154901	46.735853	3.443095	0.007711	6.3
405	-0.162793	47.735835	3.393004	0.009986	6.1
406	-0.153591	47.335834	3.412865	0.006614	7.3
407	-0.192652	46.510261	3.454600	0.011420	6.5
408	-0.175782	46.326767	3.464015	0.014500	6.7
409	-0.186654	45.445517	3.509958	0.007796	6.1
410	-0.174665	44.908873	3.538536	0.017374	5.8
411	-0.195478	45.908873	3.485651	0.016164	6.9
412	-0.156878	46.903003	3.434619	0.010550	4.4
413	-0.166396	47.900710	3.384885	0.010876	5.0
414	-0.164750	47.020236	3.428699	0.006123	5.9
415	-0.175530	46.683995	3.445733	0.009127	6.4
416	-0.177372	46.156772	3.472784	0.019235	7.9
417	-0.173545	45.545215	3.504699	0.006860	6.3
418	-0.180147	44.665045	3.551676	0.009114	6.7
419	-0.168736	44.784468	3.545228	0.013988	5.4
420	-0.161651	43.904280	3.593306	0.009238	6.8
421	-0.152499	44.392589	3.566474	0.007495	9.1
422	-0.167126	43.523357	3.614520	0.008235	6.3
423	-0.173319	44.152121	3.579637	0.015470	7.7
424	-0.162175	45.152084	3.525527	0.015566	6.3
425	-0.168666	44.270835	3.573126	0.007565	7.4
426	-0.203583	45.270799	3.519211	0.012133	6.3
427	-0.183075	44.390915	3.566565	0.014172	6.5
428	-0.164029	43.526345	3.614352	0.011978	6.7
429	-0.158818	44.526274	3.559197	0.011603	7.5
430	-0.164175	43.646460	3.607637	0.011639	6.9
431	-0.168157	44.646329	3.552688	0.013949	6.5
432	-0.159373	44.956890	3.535960	0.007596	7.7
433	-0.191123	44.109614	3.581974	0.012832	6.0
434	-0.153327	44.872963	3.540465	0.006985	7.4
435	-0.160609	45.872645	3.487539	0.011228	6.1
436	-0.174816	45.843246	3.489073	0.011493	7.0
437	-0.165182	45.217642	3.522036	0.007963	8.9
438	-0.169872	46.206989	3.470189	0.012432	6.4
439	-0.164431	45.376898	3.513586	0.005671	7.2
440	-0.176131	44.769318	3.546045	0.008896	5.2
441	-0.163704	44.591647	3.555650	0.016623	6.7
442	-0.170025	44.207435	3.576601	0.018794	6.3
443	-0.164593	45.207134	3.522595	0.012599	6.8
444	-0.147926	44.342397	3.569213	0.012678	6.6
445	-0.182847	45.342036	3.515432	0.008939	5.7
446	-0.169335	44.461834	3.562701	0.018760	7.4
447	-0.173285	45.461831	3.509096	0.010181	5.4
448	-0.153183	44.580585	3.556250	0.010669	6.5
449	-0.150055	45.559690	3.503937	0.008487	7.2
450	-0.153690	46.559657	3.452074	0.014302	6.9
451	-0.179408	46.491399	3.455565	0.009237	8.2
452	-0.156522	45.614933	3.501031	0.015188	9.1
453	-0.174606	44.733753	3.547963	0.011134	7.0
454	-0.151245	44.143909	3.580088	0.013850	6.4
455	-0.170900	45.138043	3.526275	0.013096	7.5
456	-0.166820	46.096111	3.475924	0.018388	5.6
457	-0.165856	45.299468	3.517690	0.009439	7.2
458	-0.146536	46.299267	3.465431	0.011199	6.1
459	-0.161715	45.546627	3.504625	0.008413	9.2
460	-0.186133	46.543737	3.452888	0.012216	7.6
461	-0.162152	45.786405	3.492042	0.010137	6.1
462	-0.167561	44.917121	3.538094	0.007669	5.7
463	-0.155095	45.914571	3.485354	0.010550	6.2
464	-0.201321	46.897526	3.434896	0.014729	7.8
465	-0.168582	46.016276	3.480064	0.010941	5.8
466	-0.180213	45.137984	3.526278	0.011168	6.0
467	-0.187742	46.137701	3.473770	0.009117	7.7
468	-0.179548	45.259528	3.519810	0.012150	6.4
469	-0.160533	44.429210	3.564478	0.008977	7.5
470	-0.154632	45.414467	3.511599	0.015294	5.6
471	-0.183699	44.533567	3.558801	0.007370	7.0
472	-0.178815	43.652318	3.607310	0.022090	6.6
473	-0.182149	44.618169	3.554213	0.010102	8.0
474	-0.162517	43.736921	3.602596	0.010213	7.1
475	-0.169849	44.694914	3.550061	0.009600	6.5
476	-0.167265	43.819731	3.597993	0.013953	7.2
477	-0.172367	44.819718	3.543330	0.009125	4.5
478	-0.160627	45.752292	3.493827	0.016981	8.9
479	-0.172866	46.751673	3.442291	0.008254	6.3
480	-0.164489	45.870542	3.487649	0.011774	6.8
481	-0.181034	44.990301	3.534170	0.010486	8.3
482	-0.155383	44.124005	3.581183	0.010815	5.6
483	-0.172604	44.113410	3.581765	0.010792	7.5
484	-0.159557	44.196166	3.577219	0.008732	5.9
485	-0.156268	45.085321	3.529089	0.013895	7.5
486	-0.168448	44.204113	3.576783	0.012623	5.5
487	-0.171313	43.325940	3.625613	0.014706	7.2
488	-0.177072	44.325940	3.570112	0.009042	8.5
489	-0.159366	45.325939	3.516286	0.011812	7.8
490	-0.155082	44.444943	3.563621	0.012161	6.9
491	-0.191603	45.443924	3.510042	0.011053	8.0
492	-0.165028	44.573959	3.556609	0.012306	9.6
493	-0.183446	43.954504	3.590528	0.012331	10.9
494	-0.182418	44.954503	3.536088	0.007933	4.1
495	-0.169934	45.947348	3.483647	0.008272	6.8
496	-0.177091	46.379348	3.461312	0.015087	7.1
497	-0.180044	47.373165	3.411001	0.021043	5.4
498	-0.141326	46.491915	3.455539	0.005029	8.7
499	-0.166651	46.593707	3.450335	0.011950	6.2
Time spent in resolution 0 (ITK initialization and iterating): 4.367 s.
Stopping condition: Maximum number of iterations has been reached.
Settings of AdaptiveStochasticGradientDescent in resolution 0:
( SP_a 233.220948 )
( SP_A 20.000000 )
( SP_alpha 1.000000 )
( SigmoidMax 1.000000 )
( SigmoidMin -0.881250 )
( SigmoidScale 0.000007 )



=============== start of TransformParameterFile ===============
(Transform "EulerTransform")
(NumberOfParameters 6)
(TransformParameters -0.003880 -0.003214 -0.010082 1.202734 -1.603145 0.502754)
(InitialTransformParametersFileName "NoInitialTransform")
(UseBinaryFormatForTransformationParameters "false")
(HowToCombineTransforms "Compose")

// Image specific
(FixedImageDimension 3)
(MovingImageDimension 3)
(FixedInternalImagePixelType "float")
(MovingInternalImagePixelType "float")
(Size 256 256 45)
(Index 0 0 0)
(Spacing 0.7031250000 0.7031250000 3.0000000000)
(Origin -94.5837783813 -80.1307449341 0.7583911419)
(Direction 0.9990421662 0.0437578517 -0.0000255435 -0.0437562958 0.9990111815 0.0078769203 0.0003701953 -0.0078682568 0.9999689763)
(UseDirectionCosines "false")

// EulerTransform specific
(CenterOfRotationPoint -4.9353408813 9.5176925659 66.7583911419)
(ComputeZYX "false")

// ResampleInterpolator specific
(ResampleInterpolator "FinalBSplineInterpolator")
(FinalBSplineInterpolationOrder 3)

// Resampler specific
(Resampler "DefaultResampler")
(DefaultPixelValue 0.000000)
(ResultImageFormat "nii.gz")
(ResultImagePixelType "short")
(CompressResultImage "false")

=============== end of TransformParameterFile ===============

Creating the TransformParameterFile took 0.00s

Registration result checksum: 1069911791

Applying final transform ...
  Applying final transform took 1.52s

Final metric value  = -0.166651
Settings of AdaptiveStochasticGradientDescent for all resolutions:
( SP_a 233.220948 )
( SP_A 20.000000 )
( SP_alpha 1.000000 )
( SigmoidMax 1.000000 )
( SigmoidMin -0.881250 )
( SigmoidScale 0.000007 )

Time spent on saving the results, applying the final transform etc.: 1527 ms.
Running elastix with parameter file 0: "/Users/sakinkirti/Programming/Python/CCIPD/racial-disparity-pca/code_matlab/rigid.txt", has finished.


Current time: Mon May 23 17:53:10 2022.
Time used for running elastix with this parameter file:
  6.0s.

-------------------------------------------------------------------------

Total time elapsed: 6.1s.

