
elastix is started at Mon May 23 17:52:38 2022.

which elastix:   /Users/sakinkirti/Programming/Python/CCIPD/racial-disparity-pca/code_matlab/elastix-5.0.0-mac/bin/elastix
elastix runs at: Sakins-MBP.hsd1.ca.comcast.net
  macOS 12.3.1 (x64), 21E258
  with 8192 MB memory, and 2 cores @ 2300 MHz.
-------------------------------------------------------------------------

Running elastix with parameter file 0: "/Users/sakinkirti/Programming/Python/CCIPD/racial-disparity-pca/code_matlab/rigid.txt".

Current time: Mon May 23 17:52:38 2022.
Reading the elastix parameters from file ...

Installing all components.
InstallingComponents was successful.

ELASTIX version: 5.000
Command line options from ElastixBase:
-f        /Users/sakinkirti/Programming/Python/CCIPD/racial-disparity-pca/dataset/to_nifti_cleaned/prostate-000096/T2W.nii.gz
-m        /Users/sakinkirti/Programming/Python/CCIPD/racial-disparity-pca/dataset/to_nifti_cleaned/prostate-000096/ADC.nii.gz
-fMask    unspecified, so no fixed mask used
-mMask    unspecified, so no moving mask used
-out      /Users/sakinkirti/Programming/Python/CCIPD/racial-disparity-pca/dataset/to_nifti_cleaned/prostate-000096/
-p        /Users/sakinkirti/Programming/Python/CCIPD/racial-disparity-pca/code_matlab/rigid.txt
-threads  unspecified, so all available threads are used
Command line options from TransformBase:
-t0       unspecified, so no initial transform used

=============== start of ParameterFile: /Users/sakinkirti/Programming/Python/CCIPD/racial-disparity-pca/code_matlab/rigid.txt ===============
// Example parameter file for rotation registration
// C-style comments: //

// The internal pixel type, used for internal computations
// Leave to float in general. 
// NB: this is not the type of the input images! The pixel 
// type of the input images is automatically read from the 
// images themselves.
// This setting can be changed to "short" to save some memory
// in case of very large 3D images.
(FixedInternalImagePixelType "float")
(MovingInternalImagePixelType "float")

// The dimensions of the fixed and moving image
// Up to elastix 4.5 this had to be specified by the user.
// From elastix 4.6, this is not necessary anymore.
//(FixedImageDimension 3)
//(MovingImageDimension 3)

// Specify whether you want to take into account the so-called
// direction cosines of the images. Recommended: true.
// In some cases, the direction cosines of the image are corrupt,
// due to image format conversions for example. In that case, you 
// may want to set this option to "false".
(UseDirectionCosines "false")

// **************** Main Components **************************

// The following components should usually be left as they are:
(Registration "MultiResolutionRegistration")
(Interpolator "BSplineInterpolator")
(ResampleInterpolator "FinalBSplineInterpolator")
(Resampler "DefaultResampler")

// These may be changed to Fixed/MovingSmoothingImagePyramid.
// See the manual.
(FixedImagePyramid "FixedRecursiveImagePyramid")
(MovingImagePyramid "MovingRecursiveImagePyramid")

// The following components are most important:
// The optimizer AdaptiveStochasticGradientDescent (ASGD) works
// quite ok in general. The Transform and Metric are important
// and need to be chosen careful for each application. See manual.
(Optimizer "AdaptiveStochasticGradientDescent")
(Transform "EulerTransform")
(Metric "AdvancedMattesMutualInformation")

// ***************** Transformation **************************

// Scales the rotations compared to the translations, to make
// sure they are in the same range. In general, it's best to  
// use automatic scales estimation:
(AutomaticScalesEstimation "true")

// Automatically guess an initial translation by aligning the
// geometric centers of the fixed and moving.
(AutomaticTransformInitialization "true")

// Whether transforms are combined by composition or by addition.
// In generally, Compose is the best option in most cases.
// It does not influence the results very much.
(HowToCombineTransforms "Compose")

// ******************* Similarity measure *********************

// Number of grey level bins in each resolution level,
// for the mutual information. 16 or 32 usually works fine.
// You could also employ a hierarchical strategy:
//(NumberOfHistogramBins 16 32 64)
(NumberOfHistogramBins 32)

// If you use a mask, this option is important. 
// If the mask serves as region of interest, set it to false.
// If the mask indicates which pixels are valid, then set it to true.
// If you do not use a mask, the option doesn't matter.
(ErodeMask "false")

// ******************** Multiresolution **********************

// The number of resolutions. 1 Is only enough if the expected
// deformations are small. 3 or 4 mostly works fine. For large
// images and large deformations, 5 or 6 may even be useful.
(NumberOfResolutions 1)

// The downsampling/blurring factors for the image pyramids.
// By default, the images are downsampled by a factor of 2
// compared to the next resolution.
// So, in 2D, with 4 resolutions, the following schedule is used:
//(ImagePyramidSchedule 8 8  4 4  2 2  1 1 )
// And in 3D:
//(ImagePyramidSchedule 8 8 8  4 4 4  2 2 2  1 1 1 )
// You can specify any schedule, for example:
//(ImagePyramidSchedule 4 4  4 3  2 1  1 1 )
// Make sure that the number of elements equals the number
// of resolutions times the image dimension.

// ******************* Optimizer ****************************

// Maximum number of iterations in each resolution level:
// 200-500 works usually fine for rigid registration.
// For more robustness, you may increase this to 1000-2000.
(MaximumNumberOfIterations 500)

// The step size of the optimizer, in mm. By default the voxel size is used.
// which usually works well. In case of unusual high-resolution images
// (eg histology) it is necessary to increase this value a bit, to the size
// of the "smallest visible structure" in the image:
//(MaximumStepLength 1.0)

// **************** Image sampling **********************

// Number of spatial samples used to compute the mutual
// information (and its derivative) in each iteration.
// With an AdaptiveStochasticGradientDescent optimizer,
// in combination with the two options below, around 2000
// samples may already suffice.
(NumberOfSpatialSamples 2000)

// Refresh these spatial samples in every iteration, and select
// them randomly. See the manual for information on other sampling
// strategies.
(NewSamplesEveryIteration "true")
(ImageSampler "Random")

// ************* Interpolation and Resampling ****************

// Order of B-Spline interpolation used during registration/optimisation.
// It may improve accuracy if you set this to 3. Never use 0.
// An order of 1 gives linear interpolation. This is in most 
// applications a good choice.
(BSplineInterpolationOrder 1)

// Order of B-Spline interpolation used for applying the final
// deformation.
// 3 gives good accuracy; recommended in most cases.
// 1 gives worse accuracy (linear interpolation)
// 0 gives worst accuracy, but is appropriate for binary images
// (masks, segmentations); equivalent to nearest neighbor interpolation.
(FinalBSplineInterpolationOrder 3)

//Default pixel value for pixels that come from outside the picture:
(DefaultPixelValue 0)

// Choose whether to generate the deformed moving image.
// You can save some time by setting this to false, if you are
// only interested in the final (nonrigidly) deformed moving image
// for example.
(WriteResultImage "true")

// The pixel type and format of the resulting deformed moving image
(ResultImagePixelType "short")
(ResultImageFormat "nii.gz")




=============== end of ParameterFile: /Users/sakinkirti/Programming/Python/CCIPD/racial-disparity-pca/code_matlab/rigid.txt ===============


Reading images...
Reading images took 89 ms.

WARNING: the fixed pyramid schedule is not fully specified!
  A default pyramid schedule is used.
WARNING: the moving pyramid schedule is not fully specified!
  A default pyramid schedule is used.
WARNING: The parameter "AutomaticTransformInitializationMethod", requested at entry number 0, does not exist at all.
  The default value "GeometricalCenter" is used instead.
Transform parameters are initialized as: [0, 0, 0, -1.5050111413002014, -0.6020036339759827, -42.04347229003906]
Scales are estimated automatically.
Scales for transform parameters are: [3909.801125732052, 3909.8011257320395, 4417.602251464013, 1, 1, 1]
Initialization of all components (before registration) took: 11 ms.
Preparation of the image pyramids took: 9 ms.

Resolution: 0
WARNING: The parameter "ShowExactMetricValue", requested at entry number 0, does not exist at all.
  The default value "false" is used instead.
WARNING: The parameter "CheckNumberOfSamples", requested at entry number 0, does not exist at all.
  The default value "true" is used instead.
WARNING: The parameter "UseMultiThreadingForMetrics", requested at entry number 0, does not exist at all.
  The default value "true" is used instead.
Setting the fixed masks took: 0 ms.
Setting the moving masks took: 0 ms.
WARNING: The parameter "NumberOfFixedHistogramBins", requested at entry number 0, does not exist at all.
  The default value "32" is used instead.
WARNING: The parameter "NumberOfMovingHistogramBins", requested at entry number 0, does not exist at all.
  The default value "32" is used instead.
WARNING: The parameter "FixedLimitRangeRatio", requested at entry number 0, does not exist at all.
  The default value "0.01" is used instead.
WARNING: The parameter "MovingLimitRangeRatio", requested at entry number 0, does not exist at all.
  The default value "0.01" is used instead.
WARNING: The parameter "FixedKernelBSplineOrder", requested at entry number 0, does not exist at all.
  The default value "0" is used instead.
WARNING: The parameter "MovingKernelBSplineOrder", requested at entry number 0, does not exist at all.
  The default value "3" is used instead.
WARNING: The parameter "UseFastAndLowMemoryVersion", requested at entry number 0, does not exist at all.
  The default value "true" is used instead.
WARNING: The parameter "UseJacobianPreconditioning", requested at entry number 0, does not exist at all.
  The default value "false" is used instead.
WARNING: The parameter "FiniteDifferenceDerivative", requested at entry number 0, does not exist at all.
  The default value "false" is used instead.
WARNING: The parameter "SP_A", requested at entry number 0, does not exist at all.
  The default value "20" is used instead.
WARNING: The parameter "MaximumNumberOfSamplingAttempts", requested at entry number 0, does not exist at all.
  The default value "0" is used instead.
WARNING: The parameter "SigmoidInitialTime", requested at entry number 0, does not exist at all.
  The default value "0" is used instead.
WARNING: The parameter "MaxBandCovSize", requested at entry number 0, does not exist at all.
  The default value "192" is used instead.
WARNING: The parameter "NumberOfBandStructureSamples", requested at entry number 0, does not exist at all.
  The default value "10" is used instead.
WARNING: The parameter "UseAdaptiveStepSizes", requested at entry number 0, does not exist at all.
  The default value "true" is used instead.
WARNING: The parameter "AutomaticParameterEstimation", requested at entry number 0, does not exist at all.
  The default value "true" is used instead.
WARNING: The parameter "UseConstantStep", requested at entry number 0, does not exist at all.
  The default value "false" is used instead.
WARNING: The parameter "MaximumStepLengthRatio", requested at entry number 0, does not exist at all.
  The default value "1" is used instead.
WARNING: The parameter "MaximumStepLength", requested at entry number 0, does not exist at all.
  The default value "1.10714" is used instead.
WARNING: The parameter "NumberOfGradientMeasurements", requested at entry number 0, does not exist at all.
  The default value "0" is used instead.
WARNING: The parameter "NumberOfJacobianMeasurements", requested at entry number 0, does not exist at all.
  The default value "1000" is used instead.
WARNING: The parameter "NumberOfSamplesForExactGradient", requested at entry number 0, does not exist at all.
  The default value "100000" is used instead.
WARNING: The parameter "SigmoidScaleFactor", requested at entry number 0, does not exist at all.
  The default value "0.1" is used instead.
Elastix initialization of all components (for this resolution) took: 2 ms.
  Computing the fixed image extrema took 8 ms.
  Computing the moving image extrema took 4 ms.
Initialization of AdvancedMattesMutualInformation metric took: 52 ms.
Starting automatic parameter estimation for AdaptiveStochasticGradientDescent ...
WARNING: The parameter "ASGDParameterEstimationMethod", requested at entry number 0, does not exist at all.
  The default value "Original" is used instead.
  Computing JacobianTerms ...
  Computing the Jacobian terms took 0.002900s
  NumberOfGradientMeasurements to estimate sigma_i: 6
  Sampling gradients ...
  Sampling the gradients took 0.451424s
Automatic parameter estimation took 0.45s
1:ItNr	2:Metric	3a:Time	3b:StepSize	4:||Gradient||	Time[ms]
0	-0.087125	0.000000	11.755748	0.012711	512.5
1	-0.092969	0.000000	11.755748	0.017514	4.7
2	-0.083004	0.000000	11.755748	0.017267	4.9
3	-0.089187	0.899968	11.272652	0.015224	6.6
4	-0.098852	0.041604	11.732505	0.004970	4.7
5	-0.113147	0.116108	11.691109	0.007516	4.7
6	-0.081075	0.000000	11.755748	0.013806	6.0
7	-0.107733	0.997102	11.222875	0.016851	4.2
8	-0.106298	1.996184	10.735291	0.017298	4.3
9	-0.104383	1.137820	11.151537	0.015441	5.3
10	-0.108840	0.281119	11.600457	0.013136	6.0
11	-0.083756	0.000000	11.755748	0.008788	4.8
12	-0.087323	0.999849	11.221473	0.007164	6.5
13	-0.087418	1.637476	10.905399	0.012909	8.6
14	-0.095043	1.592300	10.927206	0.011640	10.8
15	-0.097356	2.588729	10.465622	0.014253	8.8
16	-0.103956	3.575774	10.045288	0.017073	8.7
17	-0.130066	4.575774	9.652522	0.012177	8.7
18	-0.110902	5.575774	9.289314	0.022620	10.6
19	-0.086932	6.575569	8.952516	0.023521	8.7
20	-0.090767	5.717205	9.240140	0.008754	7.5
21	-0.097888	4.873546	9.541433	0.020175	6.3
22	-0.101240	4.015182	9.868835	0.018909	6.2
23	-0.129720	3.156818	10.219505	0.016653	6.0
24	-0.107182	2.350266	10.572501	0.020136	7.6
25	-0.093337	1.491902	10.975982	0.011813	6.4
26	-0.100221	2.491064	10.509133	0.012431	10.6
27	-0.122078	1.632885	10.907612	0.024603	4.1
28	-0.099423	0.774521	11.337596	0.023206	10.0
29	-0.104326	1.774520	10.839777	0.013347	6.5
30	-0.082862	2.774517	10.383837	0.017585	8.3
31	-0.109592	3.774517	9.964704	0.016801	7.6
32	-0.095460	4.774517	9.578093	0.019129	5.8
33	-0.115373	5.774517	9.220361	0.014895	5.9
34	-0.107575	6.774506	8.888393	0.006435	4.8
35	-0.092169	6.816052	8.875117	0.007819	6.4
36	-0.098983	6.656486	8.926323	0.023464	4.5
37	-0.115604	7.654629	8.615387	0.014717	5.5
38	-0.099861	6.796265	8.881435	0.018439	14.3
39	-0.106023	7.796242	8.573019	0.011369	5.0
40	-0.093594	6.937878	8.836416	0.012016	4.2
41	-0.096723	7.937868	8.531061	0.025301	5.6
42	-0.110842	8.937868	8.246102	0.015669	5.1
43	-0.110293	9.049598	8.215442	0.012039	9.6
44	-0.096810	8.274506	8.432959	0.015536	6.4
45	-0.110686	7.491746	8.664640	0.018936	6.6
46	-0.105944	6.633382	8.933786	0.019725	6.1
47	-0.107187	7.633382	8.621780	0.023826	5.5
48	-0.104517	6.777415	8.887462	0.018695	5.0
49	-0.090522	5.919051	9.170855	0.017366	5.1
50	-0.094029	5.060687	9.472917	0.014992	5.8
51	-0.106199	4.202333	9.795550	0.022953	5.4
52	-0.132099	3.343969	10.140940	0.010821	4.8
53	-0.105676	2.493544	10.508024	0.012746	5.3
54	-0.105671	3.493543	10.079012	0.029066	6.4
55	-0.101647	2.635179	10.445054	0.019833	7.9
56	-0.092191	3.635179	10.021064	0.012458	3.7
57	-0.107427	4.635157	9.630162	0.025326	4.7
58	-0.116966	3.776810	9.963781	0.010852	6.2
59	-0.100411	4.776810	9.577241	0.010766	4.1
60	-0.095683	4.169185	9.808451	0.021062	3.7
61	-0.094070	5.126149	9.449181	0.015801	5.2
62	-0.093369	6.039215	9.130099	0.016406	4.5
63	-0.093673	7.039210	8.804482	0.008679	4.1
64	-0.091749	8.039210	8.501289	0.016356	5.5
65	-0.112486	7.189408	8.757570	0.023083	5.0
66	-0.103202	6.331043	9.032612	0.017484	4.4
67	-0.119275	5.472680	9.325490	0.016764	4.8
68	-0.122057	5.048317	9.477415	0.012146	5.4
69	-0.101977	6.048278	9.127040	0.008596	4.6
70	-0.089687	7.043906	8.803008	0.014745	3.3
71	-0.113509	7.997113	8.513631	0.008886	6.6
72	-0.099566	8.237437	8.443651	0.015674	4.0
73	-0.115752	9.237357	8.164428	0.009242	4.1
74	-0.105386	8.379002	8.402965	0.020412	6.0
75	-0.101169	9.352521	8.133450	0.022452	4.8
76	-0.113320	10.352521	7.874031	0.011434	4.0
77	-0.115507	11.352515	7.630650	0.024666	5.3
78	-0.090114	12.100218	7.458281	0.009303	5.7
79	-0.114382	11.241854	7.656840	0.012937	4.4
80	-0.112999	10.383785	7.866187	0.012369	5.8
81	-0.100527	11.366799	7.627282	0.010092	4.6
82	-0.102284	10.509259	7.834863	0.022948	4.8
83	-0.102559	11.509259	7.593859	0.015468	4.6
84	-0.095151	10.650898	7.799801	0.010050	5.5
85	-0.101500	9.792535	8.017226	0.014374	4.2
86	-0.095678	10.709575	7.785368	0.013106	4.5
87	-0.103000	11.709571	7.547354	0.015326	5.1
88	-0.108432	12.707103	7.323997	0.017521	4.3
89	-0.107417	11.848739	7.515379	0.010140	4.2
90	-0.097908	12.366103	7.398848	0.010550	5.2
91	-0.095700	12.780334	7.308119	0.017261	4.3
92	-0.107071	11.921971	7.498661	0.012966	4.8
93	-0.102863	11.063624	7.699402	0.005650	5.4
94	-0.109586	12.058941	7.467593	0.012971	5.7
95	-0.114250	12.814250	7.300789	0.013456	4.2
96	-0.102402	13.813336	7.091269	0.019504	4.9
97	-0.104823	14.813336	6.893262	0.015444	4.7
98	-0.102298	15.812201	6.706220	0.011949	3.9
99	-0.102753	16.812199	6.528864	0.019270	5.9
100	-0.128166	17.812119	6.360661	0.015451	5.2
101	-0.109547	16.953762	6.504513	0.010150	3.9
102	-0.107535	17.350932	6.437150	0.016431	7.3
103	-0.110120	16.493282	6.584399	0.011380	6.2
104	-0.121026	17.493264	6.413348	0.013511	4.1
105	-0.112025	18.493051	6.250991	0.016495	4.3
106	-0.110492	17.634755	6.389861	0.023817	3.9
107	-0.099721	16.776390	6.535053	0.014339	3.9
108	-0.113444	17.775175	6.366721	0.013131	4.8
109	-0.089769	18.774661	6.206733	0.019126	3.8
110	-0.097224	19.774661	6.054513	0.008650	4.2
111	-0.116367	18.916304	6.184709	0.018134	3.7
112	-0.124698	18.073132	6.318171	0.015844	3.2
113	-0.110864	18.033839	6.324531	0.014685	4.0
114	-0.099698	17.175487	6.466734	0.014672	5.4
115	-0.110068	16.317615	6.615394	0.012737	3.7
116	-0.111478	15.569755	6.750680	0.014420	4.5
117	-0.106465	14.739312	6.907540	0.015323	4.3
118	-0.103633	15.739250	6.719536	0.012090	3.4
119	-0.091250	15.562475	6.752024	0.013595	3.5
120	-0.102754	15.257987	6.808727	0.020328	3.7
121	-0.091170	16.256893	6.626176	0.022665	4.9
122	-0.123296	15.398529	6.782437	0.014776	2.5
123	-0.096296	16.398529	6.601081	0.019924	3.5
124	-0.123644	15.540166	6.756147	0.027102	3.9
125	-0.092786	14.681802	6.918673	0.024917	4.8
126	-0.096687	13.823438	7.089212	0.010563	3.2
127	-0.099867	14.823438	6.891318	0.022838	3.5
128	-0.105789	15.823438	6.704174	0.015533	3.7
129	-0.100609	16.823426	6.526926	0.015672	4.9
130	-0.094505	17.823424	6.358808	0.018987	3.5
131	-0.098431	18.823424	6.199133	0.022206	3.5
132	-0.109251	17.965060	6.335694	0.013634	4.1
133	-0.098658	17.106696	6.478408	0.012538	5.2
134	-0.098092	16.277570	6.622500	0.013703	3.6
135	-0.092729	17.275021	6.449917	0.020121	4.1
136	-0.104806	18.166272	6.303146	0.022451	5.5
137	-0.108084	19.166272	6.146219	0.009546	5.2
138	-0.096928	20.166167	5.996932	0.006881	4.0
139	-0.117090	19.373954	6.114603	0.021136	5.0
140	-0.100947	20.373753	5.966844	0.015178	5.4
141	-0.096596	19.515389	6.093258	0.017167	4.8
142	-0.108150	20.515190	5.946515	0.016754	5.3
143	-0.118658	21.515190	5.806647	0.014112	6.0
144	-0.103165	20.656826	5.926297	0.019377	4.7
145	-0.121075	21.656434	5.787420	0.017002	5.7
146	-0.107759	20.798093	5.906268	0.019195	5.4
147	-0.110368	19.939737	6.030100	0.010952	4.6
148	-0.114921	19.081373	6.159238	0.015991	5.0
149	-0.094360	18.223015	6.294027	0.011642	5.6
150	-0.117259	19.198146	6.141346	0.012816	4.6
151	-0.095453	20.198144	5.992278	0.020901	5.2
152	-0.104620	19.343663	6.119194	0.024072	4.8
153	-0.121951	18.486126	6.252088	0.011767	4.5
154	-0.116112	19.486125	6.097662	0.020504	5.5
155	-0.101156	18.758334	6.209282	0.014394	5.6
156	-0.094595	19.723656	6.062096	0.014624	5.2
157	-0.098572	20.080644	6.009417	0.014441	4.7
158	-0.103911	19.222298	6.137658	0.027336	5.0
159	-0.104984	20.222298	5.988766	0.008149	4.4
160	-0.072609	20.544557	5.942312	0.012636	5.2
161	-0.112593	20.831584	5.901539	0.016223	4.5
162	-0.116883	19.973221	6.025172	0.018533	3.5
163	-0.101959	19.114929	6.154086	0.019239	4.6
164	-0.114895	18.256565	6.288648	0.015537	5.3
165	-0.098419	19.256565	6.132434	0.013116	5.1
166	-0.086006	20.049240	6.014014	0.016411	4.2
167	-0.105277	19.356627	6.117229	0.020860	4.7
168	-0.112377	20.356627	5.969315	0.022989	5.0
169	-0.098770	21.354640	5.828658	0.013992	4.4
170	-0.098606	20.505084	5.947963	0.013807	4.8
171	-0.098651	21.505084	5.808028	0.013579	5.3
172	-0.098599	20.646719	5.927735	0.015676	3.8
173	-0.115090	19.877467	6.039286	0.014351	4.7
174	-0.102026	20.866626	5.896599	0.021018	5.1
175	-0.098617	21.866585	5.759048	0.018917	4.3
176	-0.104319	22.866585	5.627762	0.016801	5.1
177	-0.126345	23.656197	5.528252	0.013066	4.9
178	-0.115840	24.656197	5.407168	0.011411	4.2
179	-0.106891	23.797839	5.510773	0.025024	9.4
180	-0.089652	22.939621	5.618408	0.006764	3.2
181	-0.104116	23.931995	5.494319	0.012473	4.2
182	-0.126039	23.160558	5.590299	0.013754	3.1
183	-0.097981	22.317975	5.699036	0.014159	4.3
184	-0.097387	23.306702	5.571860	0.021553	4.0
185	-0.113904	22.448338	5.681937	0.032602	4.0
186	-0.096745	23.348260	5.566638	0.012339	3.4
187	-0.092990	22.489895	5.676508	0.018565	4.8
188	-0.095692	23.489568	5.548957	0.012160	4.2
189	-0.108952	22.631206	5.658123	0.011620	3.6
190	-0.100069	21.904194	5.754000	0.008837	3.7
191	-0.119330	22.283767	5.703541	0.016534	3.1
192	-0.098354	23.283436	5.574787	0.011369	4.8
193	-0.104924	22.425072	5.684981	0.013891	3.7
194	-0.093085	21.566850	5.799600	0.013286	3.7
195	-0.116712	22.566838	5.666482	0.015668	4.0
196	-0.092888	23.566838	5.539337	0.014126	5.1
197	-0.095284	22.708554	5.648110	0.013219	3.7
198	-0.101452	23.552694	5.541095	0.010432	4.4
199	-0.106841	24.036773	5.481537	0.013798	4.3
200	-0.113488	23.178410	5.588040	0.013960	3.2
201	-0.110662	22.320046	5.698764	0.020282	3.8
202	-0.111029	21.461703	5.813962	0.029716	3.6
203	-0.106377	22.461703	5.680190	0.017130	4.7
204	-0.109433	23.461703	5.552435	0.018596	3.9
205	-0.101018	24.461703	5.430301	0.012254	3.0
206	-0.101206	25.094915	5.355704	0.012691	4.4
207	-0.107010	24.248912	5.455838	0.016440	4.2
208	-0.114744	23.390599	5.561329	0.014145	4.0
209	-0.100287	24.390599	5.438807	0.012073	4.6
210	-0.104087	23.544806	5.542076	0.012434	4.1
211	-0.114392	22.691587	5.650303	0.013744	4.7
212	-0.109341	21.833223	5.763534	0.010361	3.8
213	-0.101822	21.526769	5.805066	0.013558	4.3
214	-0.099240	22.194102	5.715380	0.021030	4.8
215	-0.099817	21.335738	5.831261	0.012383	5.0
216	-0.120383	22.335738	5.696700	0.020382	4.8
217	-0.105495	21.477374	5.811817	0.014055	3.9
218	-0.103735	20.619010	5.931682	0.017492	5.0
219	-0.089246	20.134274	6.001582	0.012713	4.9
220	-0.121009	19.278233	6.129135	0.013584	5.3
221	-0.094412	18.419868	6.262596	0.011515	5.4
222	-0.096681	17.576850	6.399452	0.018347	4.4
223	-0.102682	18.574604	6.238110	0.008507	4.2
224	-0.099467	17.718794	6.375992	0.010714	5.0
225	-0.114661	18.698308	6.218671	0.010074	3.8
226	-0.114119	19.646142	6.073657	0.011788	4.5
227	-0.101558	20.336285	5.972252	0.008112	4.5
228	-0.100921	21.334889	5.831377	0.015954	4.4
229	-0.115805	20.768526	5.910448	0.017111	4.8
230	-0.122389	21.768526	5.772252	0.016559	5.4
231	-0.113855	20.961151	5.883316	0.009065	4.1
232	-0.115834	21.960475	5.746462	0.012015	3.2
233	-0.097391	21.181423	5.852593	0.016318	4.0
234	-0.120713	22.121073	5.725060	0.017584	4.8
235	-0.118680	21.262964	5.841302	0.023469	3.8
236	-0.092149	20.404600	5.962398	0.022147	4.0
237	-0.109890	21.181942	5.852521	0.006910	5.2
238	-0.095675	22.181804	5.717008	0.014341	4.2
239	-0.114903	21.329698	5.832093	0.007111	4.0
240	-0.108797	20.627673	5.930447	0.017919	3.5
241	-0.084687	21.524486	5.805378	0.014147	4.6
242	-0.101677	21.454195	5.814990	0.014906	3.1
243	-0.109212	20.642088	5.928394	0.015071	3.7
244	-0.095615	19.784320	6.053079	0.009986	3.5
245	-0.092499	18.925966	6.183212	0.011229	4.0
246	-0.105902	19.923954	6.032426	0.031757	4.6
247	-0.122018	20.923954	5.888536	0.014004	4.0
248	-0.122904	21.923954	5.751351	0.021179	7.4
249	-0.101559	21.065590	5.868709	0.013429	4.7
250	-0.111788	22.065590	5.732436	0.007217	3.8
251	-0.109425	21.614142	5.793164	0.013350	3.5
252	-0.090863	22.601893	5.661927	0.012372	3.7
253	-0.082623	23.353382	5.565995	0.012012	3.0
254	-0.097709	22.695849	5.649752	0.016816	3.1
255	-0.108527	23.695849	5.523348	0.009008	2.9
256	-0.115729	23.271536	5.576285	0.014035	3.1
257	-0.080110	24.251043	5.455581	0.012389	2.9
258	-0.111625	24.483683	5.427677	0.011243	3.2
259	-0.101608	23.625322	5.532077	0.022856	3.2
260	-0.102935	22.766959	5.640573	0.010072	3.0
261	-0.097705	21.908595	5.753409	0.015836	3.1
262	-0.117295	22.908190	5.622430	0.017235	3.0
263	-0.112142	22.049826	5.734535	0.011444	2.9
264	-0.112294	21.210528	5.848558	0.010676	3.0
265	-0.109903	22.210363	5.713229	0.012634	7.7
266	-0.103126	21.352039	5.829016	0.014395	6.0
267	-0.108484	22.350470	5.694765	0.019611	3.6
268	-0.105807	22.638472	5.657181	0.011095	4.2
269	-0.099391	23.638382	5.530459	0.016856	5.6
270	-0.113865	22.790635	5.637523	0.019310	4.1
271	-0.116529	23.790416	5.511686	0.015099	2.7
272	-0.099660	24.790332	5.391328	0.008489	3.4
273	-0.102165	23.936153	5.493811	0.009747	3.3
274	-0.100600	24.072627	5.477176	0.021333	5.1
275	-0.099237	23.338302	5.567888	0.017931	5.0
276	-0.097041	22.479938	5.677808	0.011275	4.5
277	-0.126185	23.470184	5.551376	0.017089	3.5
278	-0.104729	24.469669	5.429349	0.011309	2.8
279	-0.116943	23.611321	5.533813	0.010013	3.1
280	-0.112580	24.582710	5.415885	0.014734	2.9
281	-0.106204	25.563371	5.301822	0.021124	2.8
282	-0.106117	26.562075	5.190495	0.012062	4.0
283	-0.113680	27.562075	5.083611	0.017208	4.4
284	-0.112315	26.703753	5.175080	0.009221	5.7
285	-0.097829	27.619014	5.077658	0.013901	6.8
286	-0.101906	26.774929	5.167370	0.011550	5.3
287	-0.112574	26.421400	5.205893	0.012309	6.1
288	-0.097967	25.563035	5.301860	0.023032	5.2
289	-0.102214	25.174085	5.346521	0.022328	5.0
290	-0.108228	24.315721	5.447794	0.012549	5.2
291	-0.112982	23.457360	5.552977	0.024295	5.4
292	-0.105367	24.453299	5.431305	0.016346	3.4
293	-0.093685	23.594935	5.535847	0.014174	3.7
294	-0.102745	22.736826	5.644459	0.017147	4.1
295	-0.109572	23.736826	5.518289	0.021455	4.2
296	-0.111676	24.736826	5.397636	0.008955	4.1
297	-0.112626	25.389342	5.321712	0.014319	4.4
298	-0.113293	25.046541	5.361330	0.021783	3.8
299	-0.087687	24.188177	5.463171	0.006369	3.9
300	-0.085989	24.844107	5.385004	0.011538	4.0
301	-0.102956	24.115286	5.471997	0.012753	3.1
302	-0.106543	24.601920	5.413604	0.015593	4.6
303	-0.109512	25.561058	5.302086	0.015487	3.8
304	-0.125199	24.703113	5.401617	0.023341	3.8
305	-0.109856	25.703113	5.285959	0.016549	5.0
306	-0.129077	26.315134	5.217585	0.030021	3.7
307	-0.116036	26.912458	5.152537	0.008137	3.2
308	-0.114277	27.912458	5.047195	0.009169	5.0
309	-0.102714	28.181638	5.019571	0.020945	3.4
310	-0.115568	27.323273	5.108733	0.011835	4.6
311	-0.090536	26.464915	5.201120	0.014779	3.9
312	-0.109767	27.464913	5.093803	0.019261	3.7
313	-0.103541	26.606557	5.185645	0.016199	3.9
314	-0.112679	25.748216	5.280859	0.015568	3.5
315	-0.112511	26.721437	5.173162	0.020416	3.8
316	-0.105435	25.863073	5.267916	0.013795	6.1
317	-0.091145	26.863071	5.157854	0.016394	4.6
318	-0.111160	27.863014	5.052302	0.010926	3.8
319	-0.113357	28.863014	4.950979	0.019250	4.4
320	-0.098708	28.701203	4.967097	0.014758	5.3
321	-0.093265	29.701202	4.869129	0.014559	4.4
322	-0.084547	28.842838	4.952983	0.019312	5.4
323	-0.099189	27.985343	5.039685	0.009681	5.7
324	-0.109111	28.985154	4.938881	0.011623	4.8
325	-0.098765	28.139550	5.023870	0.010382	5.8
326	-0.104953	27.461112	5.094203	0.016510	6.8
327	-0.117350	26.628557	5.183250	0.014312	4.3
328	-0.119609	27.624771	5.077057	0.021840	5.8
329	-0.108480	28.624771	4.974748	0.010832	5.8
330	-0.117630	29.624771	4.876481	0.019136	4.7
331	-0.106065	30.617631	4.782682	0.012204	7.0
332	-0.094670	30.535184	4.790334	0.009096	5.3
333	-0.103453	30.208296	4.820913	0.011790	5.4
334	-0.116096	31.207858	4.728612	0.016212	6.9
335	-0.097223	32.207858	4.639742	0.011060	5.0
336	-0.109545	32.009372	4.657115	0.015972	7.8
337	-0.107926	31.151217	4.733748	0.015504	5.0
338	-0.105161	31.469931	4.704994	0.012769	4.5
339	-0.108380	32.459838	4.617873	0.010917	6.2
340	-0.121445	33.107732	4.562577	0.015414	2.9
341	-0.093834	34.102380	4.480219	0.015429	3.5
342	-0.109102	33.244016	4.551114	0.017310	5.6
343	-0.097026	34.244016	4.468732	0.010730	4.3
344	-0.104990	33.385929	4.539239	0.014151	4.0
345	-0.114010	32.527578	4.612029	0.020516	3.6
346	-0.101351	33.527376	4.527464	0.021334	5.6
347	-0.103031	32.669012	4.599874	0.015932	3.8
348	-0.109844	33.667701	4.515842	0.006018	3.9
349	-0.113377	32.843995	4.584926	0.018029	3.8
350	-0.115893	32.181598	4.642033	0.013113	5.0
351	-0.107272	31.323267	4.718182	0.015033	3.4
352	-0.093455	30.464903	4.796875	0.012596	3.9
353	-0.107530	31.464882	4.705447	0.022521	4.4
354	-0.096305	32.463173	4.617584	0.009211	3.4
355	-0.123305	31.604810	4.692931	0.007471	3.6
356	-0.098037	32.585433	4.607049	0.011117	3.2
357	-0.111594	32.482539	4.615912	0.010065	3.9
358	-0.116782	33.482510	4.531192	0.021061	4.2
359	-0.100542	32.624183	4.603720	0.009316	3.4
360	-0.106430	33.624177	4.519441	0.020854	3.5
361	-0.111267	32.765813	4.591593	0.010046	3.7
362	-0.097299	31.908360	4.666006	0.013912	4.7
363	-0.104634	31.076905	4.740503	0.013703	3.2
364	-0.100134	30.218548	4.819948	0.012294	3.8
365	-0.118572	31.218369	4.727660	0.013245	6.1
366	-0.105551	30.637424	4.780849	0.024681	3.7
367	-0.106723	29.779084	4.861662	0.018345	3.0
368	-0.118603	30.779084	4.767769	0.029519	4.7
369	-0.096159	29.920723	4.848139	0.018627	5.2
370	-0.116090	29.062421	4.931258	0.010817	4.2
371	-0.102245	28.204056	5.017284	0.016360	4.5
372	-0.096715	29.204031	4.917349	0.013618	5.6
373	-0.095747	30.197630	4.821917	0.010893	4.5
374	-0.090290	29.339322	4.904133	0.012667	3.8
375	-0.116620	28.487071	4.988590	0.016432	5.2
376	-0.118467	29.474717	4.890978	0.017700	4.5
377	-0.104825	29.707275	4.868546	0.022248	4.4
378	-0.092492	30.707275	4.774390	0.013824	4.3
379	-0.110411	31.706609	4.683866	0.018109	5.5
380	-0.120664	32.706609	4.596654	0.034118	4.0
381	-0.102053	31.848245	4.671313	0.006705	3.9
382	-0.130410	32.848245	4.584564	0.017491	4.7
383	-0.095458	32.093697	4.649718	0.015617	5.2
384	-0.104048	31.235347	4.726124	0.013543	3.8
385	-0.122116	30.388763	4.803983	0.007807	4.9
386	-0.096994	31.275607	4.722484	0.019431	5.6
387	-0.096803	31.778525	4.677484	0.008677	4.3
388	-0.099419	30.920182	4.754812	0.016894	5.0
389	-0.104023	31.918938	4.665073	0.021362	5.0
390	-0.111981	31.060574	4.741990	0.018987	5.2
391	-0.107627	32.060574	4.652621	0.014740	4.0
392	-0.116667	33.060520	4.566562	0.013182	5.5
393	-0.099671	34.017291	4.487148	0.014522	4.6
394	-0.103873	33.159008	4.558258	0.018413	3.8
395	-0.114760	34.142620	4.476949	0.012190	6.1
396	-0.117623	33.284256	4.547741	0.018666	5.3
397	-0.097111	32.425892	4.620807	0.018572	4.9
398	-0.108953	33.425892	4.535906	0.008590	4.7
399	-0.101373	33.778129	4.506739	0.009767	5.8
400	-0.096576	32.920071	4.578457	0.007853	3.9
401	-0.097937	32.064368	4.652288	0.011190	5.0
402	-0.102624	31.317786	4.718677	0.009771	7.3
403	-0.112488	30.709378	4.774196	0.023228	5.1
404	-0.107664	29.851018	4.854784	0.014662	5.6
405	-0.108413	28.992653	4.938140	0.020057	4.9
406	-0.107650	29.992653	4.841300	0.015968	4.9
407	-0.105151	29.134289	4.924189	0.027570	7.7
408	-0.110289	30.133467	4.827968	0.019845	4.5
409	-0.111325	29.275102	4.910397	0.016517	5.2
410	-0.123169	29.926990	4.847542	0.009718	6.3
411	-0.101070	30.820942	4.763918	0.011374	4.2
412	-0.107514	30.391568	4.803720	0.018748	8.2
413	-0.117198	31.391568	4.712031	0.010359	6.3
414	-0.112144	32.388699	4.624026	0.014045	6.9
415	-0.101591	33.382966	4.539486	0.018655	4.4
416	-0.103238	32.524767	4.612271	0.016065	4.0
417	-0.112172	33.524767	4.527680	0.019166	5.2
418	-0.125778	34.510101	4.447312	0.011027	6.4
419	-0.107084	33.651737	4.517161	0.021700	4.6
420	-0.117844	34.647950	4.436295	0.011249	5.9
421	-0.104468	35.647949	4.357982	0.018005	5.5
422	-0.109814	36.647949	4.282385	0.022111	5.2
423	-0.099278	37.644592	4.209608	0.019487	6.7
424	-0.098029	36.786227	4.272138	0.008355	4.1
425	-0.113275	37.785477	4.199519	0.025490	4.5
426	-0.116343	38.765371	4.130665	0.006958	5.8
427	-0.111660	39.764217	4.062765	0.020636	5.6
428	-0.100584	40.758090	3.997383	0.015606	4.7
429	-0.105138	41.758090	3.933688	0.031930	4.1
430	-0.119862	42.758090	3.871990	0.017116	4.5
431	-0.092081	43.758090	3.812199	0.014123	4.1
432	-0.110056	44.758090	3.754226	0.012777	5.3
433	-0.091564	45.476737	3.713641	0.011182	4.1
434	-0.119861	44.686271	3.758331	0.019842	5.0
435	-0.109280	43.828392	3.808065	0.013682	4.1
436	-0.102972	42.993940	3.857720	0.016643	5.4
437	-0.109522	42.262852	3.902301	0.016970	3.6
438	-0.090611	41.420135	3.954985	0.011386	3.9
439	-0.102394	42.420132	3.892624	0.012399	4.0
440	-0.113622	42.682019	3.876616	0.014450	5.3
441	-0.110758	41.831841	3.929070	0.016341	3.8
442	-0.096006	40.984699	3.982769	0.015097	4.9
443	-0.107802	41.984699	3.919535	0.015393	4.0
444	-0.103702	41.126335	3.973689	0.014586	3.9
445	-0.103821	42.001883	3.918466	0.010215	3.6
446	-0.104482	42.929360	3.861617	0.016022	4.3
447	-0.091628	43.312203	3.838629	0.017912	3.9
448	-0.086744	42.460974	3.890119	0.022128	4.1
449	-0.109431	41.602758	3.943448	0.012165	3.6
450	-0.104187	42.602757	3.881447	0.014661	4.8
451	-0.127898	41.748375	3.934297	0.012361	3.1
452	-0.113337	40.980020	3.983069	0.018991	3.1
453	-0.109913	41.979965	3.919829	0.012017	5.7
454	-0.101321	41.542139	3.947270	0.011045	4.7
455	-0.103739	41.387936	3.957027	0.016998	3.4
456	-0.101210	42.387936	3.894601	0.019464	3.3
457	-0.103681	43.387936	3.834114	0.018875	4.0
458	-0.100590	44.387936	3.775478	0.015785	5.1
459	-0.114609	45.387936	3.718608	0.014234	3.6
460	-0.103024	44.529572	3.767318	0.016649	3.9
461	-0.103714	43.671248	3.817318	0.017461	4.5
462	-0.107202	44.671248	3.759190	0.014921	4.8
463	-0.104215	43.812883	3.808976	0.015942	3.3
464	-0.097145	42.954520	3.860098	0.013515	4.6
465	-0.089645	42.110647	3.911713	0.009964	4.6
466	-0.119842	41.252399	3.965642	0.023555	4.1
467	-0.096721	42.252399	3.902946	0.013805	3.3
468	-0.092431	41.394035	3.956640	0.012638	4.3
469	-0.108518	40.535672	4.011831	0.017573	5.0
470	-0.108641	41.493783	3.950324	0.009635	3.8
471	-0.097421	42.490540	3.888307	0.010142	4.2
472	-0.106502	43.476148	3.828869	0.016677	3.7
473	-0.109622	44.475829	3.770410	0.021680	4.2
474	-0.110672	45.475829	3.713691	0.011972	4.1
475	-0.100906	44.617467	3.762271	0.003365	4.0
476	-0.097167	45.149644	3.732004	0.014427	4.7
477	-0.098775	44.359128	3.777142	0.018161	2.9
478	-0.124270	45.359126	3.720223	0.013766	2.6
479	-0.088738	44.500762	3.768975	0.010941	2.6
480	-0.109009	45.500156	3.712333	0.010376	2.6
481	-0.124138	44.642600	3.760831	0.011636	3.7
482	-0.092093	43.827086	3.808141	0.016738	2.7
483	-0.109097	44.827086	3.750291	0.017675	2.5
484	-0.099235	45.817657	3.694693	0.012793	2.5
485	-0.108945	44.960554	3.742702	0.011164	3.1
486	-0.107535	45.951191	3.687324	0.013207	2.6
487	-0.117198	45.092840	3.735211	0.014702	2.8
488	-0.122157	46.071660	3.680701	0.016254	2.7
489	-0.108790	47.071660	3.626630	0.012385	2.8
490	-0.103927	46.243684	3.671285	0.010300	3.2
491	-0.094269	45.512338	3.711653	0.016452	4.0
492	-0.110788	46.511410	3.656726	0.018920	5.5
493	-0.092372	45.697203	3.701365	0.006267	3.4
494	-0.113395	44.838869	3.749620	0.014266	2.9
495	-0.105674	45.837811	3.693579	0.009482	4.0
496	-0.091444	44.979875	3.741606	0.006109	5.1
497	-0.084594	44.135729	3.790097	0.014426	4.5
498	-0.112951	45.109500	3.734270	0.015116	4.7
499	-0.119089	44.251138	3.783393	0.014022	7.1
Time spent in resolution 0 (ITK initialization and iterating): 3.051 s.
Stopping condition: Maximum number of iterations has been reached.
Settings of AdaptiveStochasticGradientDescent in resolution 0:
( SP_a 246.870718 )
( SP_A 20.000000 )
( SP_alpha 1.000000 )
( SigmoidMax 1.000000 )
( SigmoidMin -0.858364 )
( SigmoidScale 0.000007 )



=============== start of TransformParameterFile ===============
(Transform "EulerTransform")
(NumberOfParameters 6)
(TransformParameters 0.007722 0.000914 0.001018 0.348641 0.801595 -39.960879)
(InitialTransformParametersFileName "NoInitialTransform")
(UseBinaryFormatForTransformationParameters "false")
(HowToCombineTransforms "Compose")

// Image specific
(FixedImageDimension 3)
(MovingImageDimension 3)
(FixedInternalImagePixelType "float")
(MovingInternalImagePixelType "float")
(Size 224 224 45)
(Index 0 0 0)
(Spacing 0.7142857313 0.7142857313 3.0000000000)
(Origin -80.3953704834 -70.8803176880 115.9725036621)
(Direction 1.0000000000 0.0000000000 0.0000000000 0.0000000000 1.0000000000 0.0000000000 0.0000000000 0.0000000000 1.0000000000)
(UseDirectionCosines "false")

// EulerTransform specific
(CenterOfRotationPoint -0.7525114417 8.7625413537 181.9725036621)
(ComputeZYX "false")

// ResampleInterpolator specific
(ResampleInterpolator "FinalBSplineInterpolator")
(FinalBSplineInterpolationOrder 3)

// Resampler specific
(Resampler "DefaultResampler")
(DefaultPixelValue 0.000000)
(ResultImageFormat "nii.gz")
(ResultImagePixelType "short")
(CompressResultImage "false")

=============== end of TransformParameterFile ===============

Creating the TransformParameterFile took 0.00s

Registration result checksum: 3934542328

Applying final transform ...
  Applying final transform took 0.90s

Final metric value  = -0.119089
Settings of AdaptiveStochasticGradientDescent for all resolutions:
( SP_a 246.870718 )
( SP_A 20.000000 )
( SP_alpha 1.000000 )
( SigmoidMax 1.000000 )
( SigmoidMin -0.858364 )
( SigmoidScale 0.000007 )

Time spent on saving the results, applying the final transform etc.: 898 ms.
Running elastix with parameter file 0: "/Users/sakinkirti/Programming/Python/CCIPD/racial-disparity-pca/code_matlab/rigid.txt", has finished.


Current time: Mon May 23 17:52:42 2022.
Time used for running elastix with this parameter file:
  4.1s.

-------------------------------------------------------------------------

Total time elapsed: 4.1s.

