
elastix is started at Mon May 23 17:56:03 2022.

which elastix:   /Users/sakinkirti/Programming/Python/CCIPD/racial-disparity-pca/code_matlab/elastix-5.0.0-mac/bin/elastix
elastix runs at: Sakins-MBP.hsd1.ca.comcast.net
  macOS 12.3.1 (x64), 21E258
  with 8192 MB memory, and 2 cores @ 2300 MHz.
-------------------------------------------------------------------------

Running elastix with parameter file 0: "/Users/sakinkirti/Programming/Python/CCIPD/racial-disparity-pca/code_matlab/rigid.txt".

Current time: Mon May 23 17:56:03 2022.
Reading the elastix parameters from file ...

Installing all components.
InstallingComponents was successful.

ELASTIX version: 5.000
Command line options from ElastixBase:
-f        /Users/sakinkirti/Programming/Python/CCIPD/racial-disparity-pca/dataset/to_nifti_cleaned/prostate-000722a/T2W.nii.gz
-m        /Users/sakinkirti/Programming/Python/CCIPD/racial-disparity-pca/dataset/to_nifti_cleaned/prostate-000722a/ADC.nii.gz
-fMask    unspecified, so no fixed mask used
-mMask    unspecified, so no moving mask used
-out      /Users/sakinkirti/Programming/Python/CCIPD/racial-disparity-pca/dataset/to_nifti_cleaned/prostate-000722a/
-p        /Users/sakinkirti/Programming/Python/CCIPD/racial-disparity-pca/code_matlab/rigid.txt
-threads  unspecified, so all available threads are used
Command line options from TransformBase:
-t0       unspecified, so no initial transform used

=============== start of ParameterFile: /Users/sakinkirti/Programming/Python/CCIPD/racial-disparity-pca/code_matlab/rigid.txt ===============
// Example parameter file for rotation registration
// C-style comments: //

// The internal pixel type, used for internal computations
// Leave to float in general. 
// NB: this is not the type of the input images! The pixel 
// type of the input images is automatically read from the 
// images themselves.
// This setting can be changed to "short" to save some memory
// in case of very large 3D images.
(FixedInternalImagePixelType "float")
(MovingInternalImagePixelType "float")

// The dimensions of the fixed and moving image
// Up to elastix 4.5 this had to be specified by the user.
// From elastix 4.6, this is not necessary anymore.
//(FixedImageDimension 3)
//(MovingImageDimension 3)

// Specify whether you want to take into account the so-called
// direction cosines of the images. Recommended: true.
// In some cases, the direction cosines of the image are corrupt,
// due to image format conversions for example. In that case, you 
// may want to set this option to "false".
(UseDirectionCosines "false")

// **************** Main Components **************************

// The following components should usually be left as they are:
(Registration "MultiResolutionRegistration")
(Interpolator "BSplineInterpolator")
(ResampleInterpolator "FinalBSplineInterpolator")
(Resampler "DefaultResampler")

// These may be changed to Fixed/MovingSmoothingImagePyramid.
// See the manual.
(FixedImagePyramid "FixedRecursiveImagePyramid")
(MovingImagePyramid "MovingRecursiveImagePyramid")

// The following components are most important:
// The optimizer AdaptiveStochasticGradientDescent (ASGD) works
// quite ok in general. The Transform and Metric are important
// and need to be chosen careful for each application. See manual.
(Optimizer "AdaptiveStochasticGradientDescent")
(Transform "EulerTransform")
(Metric "AdvancedMattesMutualInformation")

// ***************** Transformation **************************

// Scales the rotations compared to the translations, to make
// sure they are in the same range. In general, it's best to  
// use automatic scales estimation:
(AutomaticScalesEstimation "true")

// Automatically guess an initial translation by aligning the
// geometric centers of the fixed and moving.
(AutomaticTransformInitialization "true")

// Whether transforms are combined by composition or by addition.
// In generally, Compose is the best option in most cases.
// It does not influence the results very much.
(HowToCombineTransforms "Compose")

// ******************* Similarity measure *********************

// Number of grey level bins in each resolution level,
// for the mutual information. 16 or 32 usually works fine.
// You could also employ a hierarchical strategy:
//(NumberOfHistogramBins 16 32 64)
(NumberOfHistogramBins 32)

// If you use a mask, this option is important. 
// If the mask serves as region of interest, set it to false.
// If the mask indicates which pixels are valid, then set it to true.
// If you do not use a mask, the option doesn't matter.
(ErodeMask "false")

// ******************** Multiresolution **********************

// The number of resolutions. 1 Is only enough if the expected
// deformations are small. 3 or 4 mostly works fine. For large
// images and large deformations, 5 or 6 may even be useful.
(NumberOfResolutions 1)

// The downsampling/blurring factors for the image pyramids.
// By default, the images are downsampled by a factor of 2
// compared to the next resolution.
// So, in 2D, with 4 resolutions, the following schedule is used:
//(ImagePyramidSchedule 8 8  4 4  2 2  1 1 )
// And in 3D:
//(ImagePyramidSchedule 8 8 8  4 4 4  2 2 2  1 1 1 )
// You can specify any schedule, for example:
//(ImagePyramidSchedule 4 4  4 3  2 1  1 1 )
// Make sure that the number of elements equals the number
// of resolutions times the image dimension.

// ******************* Optimizer ****************************

// Maximum number of iterations in each resolution level:
// 200-500 works usually fine for rigid registration.
// For more robustness, you may increase this to 1000-2000.
(MaximumNumberOfIterations 500)

// The step size of the optimizer, in mm. By default the voxel size is used.
// which usually works well. In case of unusual high-resolution images
// (eg histology) it is necessary to increase this value a bit, to the size
// of the "smallest visible structure" in the image:
//(MaximumStepLength 1.0)

// **************** Image sampling **********************

// Number of spatial samples used to compute the mutual
// information (and its derivative) in each iteration.
// With an AdaptiveStochasticGradientDescent optimizer,
// in combination with the two options below, around 2000
// samples may already suffice.
(NumberOfSpatialSamples 2000)

// Refresh these spatial samples in every iteration, and select
// them randomly. See the manual for information on other sampling
// strategies.
(NewSamplesEveryIteration "true")
(ImageSampler "Random")

// ************* Interpolation and Resampling ****************

// Order of B-Spline interpolation used during registration/optimisation.
// It may improve accuracy if you set this to 3. Never use 0.
// An order of 1 gives linear interpolation. This is in most 
// applications a good choice.
(BSplineInterpolationOrder 1)

// Order of B-Spline interpolation used for applying the final
// deformation.
// 3 gives good accuracy; recommended in most cases.
// 1 gives worse accuracy (linear interpolation)
// 0 gives worst accuracy, but is appropriate for binary images
// (masks, segmentations); equivalent to nearest neighbor interpolation.
(FinalBSplineInterpolationOrder 3)

//Default pixel value for pixels that come from outside the picture:
(DefaultPixelValue 0)

// Choose whether to generate the deformed moving image.
// You can save some time by setting this to false, if you are
// only interested in the final (nonrigidly) deformed moving image
// for example.
(WriteResultImage "true")

// The pixel type and format of the resulting deformed moving image
(ResultImagePixelType "short")
(ResultImageFormat "nii.gz")




=============== end of ParameterFile: /Users/sakinkirti/Programming/Python/CCIPD/racial-disparity-pca/code_matlab/rigid.txt ===============


Reading images...
Reading images took 74 ms.

WARNING: the fixed pyramid schedule is not fully specified!
  A default pyramid schedule is used.
WARNING: the moving pyramid schedule is not fully specified!
  A default pyramid schedule is used.
WARNING: The parameter "AutomaticTransformInitializationMethod", requested at entry number 0, does not exist at all.
  The default value "GeometricalCenter" is used instead.
Transform parameters are initialized as: [0, 0, 0, -0.5446416735649109, -0.5446416735649109, 0]
Scales are estimated automatically.
Scales for transform parameters are: [2815.97265625, 2815.97265625, 4331.4453125, 1, 1, 1]
Initialization of all components (before registration) took: 14 ms.
Preparation of the image pyramids took: 9 ms.

Resolution: 0
WARNING: The parameter "ShowExactMetricValue", requested at entry number 0, does not exist at all.
  The default value "false" is used instead.
WARNING: The parameter "CheckNumberOfSamples", requested at entry number 0, does not exist at all.
  The default value "true" is used instead.
WARNING: The parameter "UseMultiThreadingForMetrics", requested at entry number 0, does not exist at all.
  The default value "true" is used instead.
Setting the fixed masks took: 0 ms.
Setting the moving masks took: 0 ms.
WARNING: The parameter "NumberOfFixedHistogramBins", requested at entry number 0, does not exist at all.
  The default value "32" is used instead.
WARNING: The parameter "NumberOfMovingHistogramBins", requested at entry number 0, does not exist at all.
  The default value "32" is used instead.
WARNING: The parameter "FixedLimitRangeRatio", requested at entry number 0, does not exist at all.
  The default value "0.01" is used instead.
WARNING: The parameter "MovingLimitRangeRatio", requested at entry number 0, does not exist at all.
  The default value "0.01" is used instead.
WARNING: The parameter "FixedKernelBSplineOrder", requested at entry number 0, does not exist at all.
  The default value "0" is used instead.
WARNING: The parameter "MovingKernelBSplineOrder", requested at entry number 0, does not exist at all.
  The default value "3" is used instead.
WARNING: The parameter "UseFastAndLowMemoryVersion", requested at entry number 0, does not exist at all.
  The default value "true" is used instead.
WARNING: The parameter "UseJacobianPreconditioning", requested at entry number 0, does not exist at all.
  The default value "false" is used instead.
WARNING: The parameter "FiniteDifferenceDerivative", requested at entry number 0, does not exist at all.
  The default value "false" is used instead.
WARNING: The parameter "SP_A", requested at entry number 0, does not exist at all.
  The default value "20" is used instead.
WARNING: The parameter "MaximumNumberOfSamplingAttempts", requested at entry number 0, does not exist at all.
  The default value "0" is used instead.
WARNING: The parameter "SigmoidInitialTime", requested at entry number 0, does not exist at all.
  The default value "0" is used instead.
WARNING: The parameter "MaxBandCovSize", requested at entry number 0, does not exist at all.
  The default value "192" is used instead.
WARNING: The parameter "NumberOfBandStructureSamples", requested at entry number 0, does not exist at all.
  The default value "10" is used instead.
WARNING: The parameter "UseAdaptiveStepSizes", requested at entry number 0, does not exist at all.
  The default value "true" is used instead.
WARNING: The parameter "AutomaticParameterEstimation", requested at entry number 0, does not exist at all.
  The default value "true" is used instead.
WARNING: The parameter "UseConstantStep", requested at entry number 0, does not exist at all.
  The default value "false" is used instead.
WARNING: The parameter "MaximumStepLengthRatio", requested at entry number 0, does not exist at all.
  The default value "1" is used instead.
WARNING: The parameter "MaximumStepLength", requested at entry number 0, does not exist at all.
  The default value "1.16964" is used instead.
WARNING: The parameter "NumberOfGradientMeasurements", requested at entry number 0, does not exist at all.
  The default value "0" is used instead.
WARNING: The parameter "NumberOfJacobianMeasurements", requested at entry number 0, does not exist at all.
  The default value "1000" is used instead.
WARNING: The parameter "NumberOfSamplesForExactGradient", requested at entry number 0, does not exist at all.
  The default value "100000" is used instead.
WARNING: The parameter "SigmoidScaleFactor", requested at entry number 0, does not exist at all.
  The default value "0.1" is used instead.
Elastix initialization of all components (for this resolution) took: 4 ms.
  Computing the fixed image extrema took 9 ms.
  Computing the moving image extrema took 5 ms.
Initialization of AdvancedMattesMutualInformation metric took: 30 ms.
Starting automatic parameter estimation for AdaptiveStochasticGradientDescent ...
WARNING: The parameter "ASGDParameterEstimationMethod", requested at entry number 0, does not exist at all.
  The default value "Original" is used instead.
  Computing JacobianTerms ...
  Computing the Jacobian terms took 0.005083s
  NumberOfGradientMeasurements to estimate sigma_i: 6
  Sampling gradients ...
  Sampling the gradients took 0.574440s
Automatic parameter estimation took 0.58s
1:ItNr	2:Metric	3a:Time	3b:StepSize	4:||Gradient||	Time[ms]
0	-0.131910	0.000000	23.125296	0.015403	619.0
1	-0.118838	0.000000	23.125296	0.017758	5.1
2	-0.118516	0.000000	23.125296	0.008827	9.5
3	-0.116622	0.000000	23.125296	0.003556	5.4
4	-0.126841	0.661664	22.418925	0.015010	7.9
5	-0.125090	0.713992	22.364899	0.018038	6.0
6	-0.104239	1.713992	21.380268	0.006782	7.1
7	-0.127601	2.412707	20.742207	0.010145	7.6
8	-0.114026	1.785555	21.313118	0.010700	5.8
9	-0.111220	1.140765	21.933805	0.011922	8.3
10	-0.118681	1.126713	21.947734	0.007428	5.5
11	-0.116463	0.542973	22.542442	0.012064	7.0
12	-0.128938	1.542971	21.542468	0.010955	7.3
13	-0.137780	0.898181	22.176784	0.011701	7.2
14	-0.120187	1.898181	21.208288	0.013041	6.1
15	-0.143204	1.253391	21.822796	0.009168	6.2
16	-0.136402	2.156757	20.971469	0.009192	8.3
17	-0.122100	1.511969	21.572135	0.005835	6.5
18	-0.128226	0.888670	22.186420	0.010140	9.9
19	-0.125506	0.244649	22.858990	0.015196	6.5
20	-0.146566	0.000000	23.125296	0.009614	8.7
21	-0.123883	0.999817	22.074330	0.008761	6.1
22	-0.113883	0.362196	22.733206	0.010327	8.0
23	-0.137420	0.264389	22.837770	0.016886	6.5
24	-0.127173	0.000000	23.125296	0.008081	7.9
25	-0.118459	0.999971	22.074175	0.015039	6.4
26	-0.125411	1.966103	21.145565	0.012237	8.7
27	-0.107097	1.321313	21.756391	0.010865	6.9
28	-0.140525	2.286137	20.854950	0.007234	8.0
29	-0.129592	1.641348	21.448865	0.006257	7.5
30	-0.123076	2.552776	20.618853	0.008498	11.1
31	-0.140136	1.933263	21.175845	0.012718	7.2
32	-0.139623	2.933253	20.291066	0.006647	8.5
33	-0.122436	2.630804	20.550770	0.008073	7.1
34	-0.152216	3.574619	19.761495	0.012232	9.7
35	-0.118607	4.574602	18.988808	0.011980	6.3
36	-0.130722	3.929813	19.479938	0.025449	7.3
37	-0.123025	4.929813	18.728682	0.011992	5.9
38	-0.135821	4.285023	19.206279	0.011418	8.2
39	-0.135223	3.699774	19.661363	0.009741	7.6
40	-0.152224	4.699772	18.896324	0.005665	7.7
41	-0.143779	4.356784	19.151925	0.007629	7.2
42	-0.140549	3.753541	19.618656	0.008534	6.0
43	-0.137362	4.753539	18.856873	0.008952	7.3
44	-0.125340	5.694755	18.192009	0.012316	7.4
45	-0.117006	5.088697	18.614621	0.007530	7.9
46	-0.145226	5.678141	18.203338	0.013174	7.3
47	-0.133067	6.677676	17.545954	0.003077	7.5
48	-0.109759	7.658815	16.945265	0.011355	7.5
49	-0.142980	8.619222	16.395813	0.008561	8.2
50	-0.134887	7.974433	16.760681	0.013371	5.8
51	-0.124016	8.974433	16.201515	0.006734	6.1
52	-0.127069	9.969131	15.681138	0.013548	6.5
53	-0.134005	10.679979	15.329278	0.020349	6.2
54	-0.105735	10.035230	15.647740	0.008287	8.9
55	-0.123066	10.965189	15.192503	0.009472	5.9
56	-0.125771	10.322577	15.504191	0.010626	8.9
57	-0.107467	11.322576	15.024521	0.005335	5.9
58	-0.116163	12.317991	14.575645	0.011676	8.8
59	-0.132330	13.273806	14.169165	0.009867	6.4
60	-0.132378	12.896715	14.326793	0.013260	8.2
61	-0.136943	13.612242	14.030620	0.010193	6.6
62	-0.123704	14.611920	13.636760	0.013840	6.1
63	-0.127430	15.611920	13.264292	0.014265	7.4
64	-0.138126	16.611920	12.911631	0.011234	6.5
65	-0.111370	17.611920	12.577236	0.007212	8.7
66	-0.132235	16.968018	12.790534	0.007725	6.1
67	-0.145095	17.963294	12.463813	0.017451	7.9
68	-0.137666	18.963294	12.151932	0.004459	5.7
69	-0.120240	19.963289	11.855279	0.011707	7.0
70	-0.140018	20.963228	11.572780	0.007148	7.2
71	-0.150258	20.493058	11.703915	0.007824	7.9
72	-0.131804	21.477412	11.432693	0.011886	7.4
73	-0.166737	22.477401	11.169739	0.014025	9.2
74	-0.114226	21.832642	11.337877	0.006669	7.2
75	-0.126821	21.188061	11.511106	0.012990	5.6
76	-0.149204	22.188061	11.244571	0.013215	7.4
77	-0.122476	23.112776	11.008856	0.013449	6.0
78	-0.146120	24.112776	10.764827	0.012376	8.8
79	-0.134730	23.467987	10.920917	0.004523	5.4
80	-0.121996	22.828706	11.080209	0.006777	15.3
81	-0.121854	22.207877	11.239414	0.005650	6.7
82	-0.138730	21.653500	11.385495	0.013673	8.3
83	-0.129252	21.030604	11.554229	0.013757	6.3
84	-0.136304	20.385814	11.734243	0.007425	7.3
85	-0.140635	19.742449	11.919539	0.009834	6.0
86	-0.143123	19.100474	12.110361	0.011878	7.1
87	-0.128426	18.674612	12.240352	0.007099	6.7
88	-0.132161	19.674066	11.939579	0.012873	7.0
89	-0.148585	20.674052	11.653084	0.008813	8.7
90	-0.132694	21.044297	11.550466	0.007894	6.8
91	-0.147471	20.598628	11.674212	0.008576	7.1
92	-0.136765	20.848634	11.604470	0.013160	6.7
93	-0.128577	21.848625	11.333648	0.009670	9.6
94	-0.135518	22.848618	11.075177	0.009104	7.9
95	-0.135173	23.776793	10.845601	0.015638	6.9
96	-0.129104	23.132004	11.004060	0.012985	5.4
97	-0.122905	24.130042	10.760708	0.006906	6.3
98	-0.160571	23.589425	10.891175	0.020794	4.7
99	-0.115772	24.589425	10.652278	0.004759	4.6
100	-0.120591	23.944636	10.805099	0.005026	4.6
101	-0.148408	24.905234	10.578994	0.008155	4.8
102	-0.119134	24.262041	10.729327	0.011093	4.6
103	-0.130114	25.261604	10.497501	0.004388	7.4
104	-0.118485	24.833049	10.595656	0.011339	7.9
105	-0.144525	25.807903	10.374983	0.006307	7.7
106	-0.136411	26.767821	10.166493	0.006535	9.8
107	-0.140078	27.620485	9.988202	0.014461	3.5
108	-0.140304	26.975714	10.122439	0.010621	4.1
109	-0.124538	26.330924	10.260337	0.013207	3.6
110	-0.103808	26.531968	10.216939	0.006275	3.5
111	-0.122869	25.894280	10.355873	0.005665	5.5
112	-0.134215	25.282246	10.492819	0.012722	5.6
113	-0.136746	24.637461	10.641066	0.006140	4.0
114	-0.109104	23.992741	10.793546	0.009375	3.6
115	-0.135808	24.733923	10.618622	0.008671	4.0
116	-0.118283	24.239012	10.734788	0.010813	3.6
117	-0.126626	23.594224	10.890003	0.008196	3.4
118	-0.129160	22.949434	11.049772	0.019589	4.5
119	-0.130590	22.309338	11.213083	0.010680	6.0
120	-0.129297	23.309338	10.960020	0.005754	3.8
121	-0.113554	23.729201	10.857140	0.012221	4.1
122	-0.123284	23.084412	11.015939	0.013066	3.3
123	-0.124371	24.084412	10.771599	0.012413	3.6
124	-0.115952	25.084412	10.537863	0.008346	4.1
125	-0.128671	25.235635	10.503397	0.007849	3.2
126	-0.145899	24.591328	10.651833	0.011915	3.2
127	-0.138287	25.591325	10.423211	0.011624	3.6
128	-0.132383	24.946536	10.569485	0.009602	4.9
129	-0.122354	24.303064	10.719611	0.017398	4.5
130	-0.152031	25.303064	10.488101	0.007029	4.7
131	-0.121724	26.303064	10.266380	0.009697	5.2
132	-0.127049	25.658346	10.408239	0.008610	5.3
133	-0.148264	25.017144	10.553267	0.012734	4.0
134	-0.119326	24.429072	10.689878	0.015235	6.0
135	-0.129047	25.374702	10.471900	0.009692	4.3
136	-0.140943	26.374645	10.250868	0.019358	4.5
137	-0.128888	25.729855	10.392312	0.011278	4.9
138	-0.118923	26.045367	10.322615	0.012280	4.7
139	-0.139993	27.045367	10.107764	0.011527	5.1
140	-0.140202	28.045332	9.901681	0.013319	4.3
141	-0.124251	27.400544	10.033590	0.007110	5.0
142	-0.125177	27.384593	10.036898	0.002077	4.3
143	-0.121318	26.839089	10.151347	0.012050	4.5
144	-0.116350	26.348098	10.256615	0.011988	5.9
145	-0.153311	27.348098	10.044474	0.008763	4.0
146	-0.138826	26.703308	10.180242	0.011337	5.3
147	-0.147414	27.209648	10.073320	0.019171	4.6
148	-0.133068	28.209648	9.868618	0.017619	5.0
149	-0.129921	29.209648	9.672070	0.008012	4.4
150	-0.143692	28.935936	9.725085	0.010351	4.9
151	-0.130332	29.935936	9.534157	0.009879	4.5
152	-0.133535	29.291146	9.656396	0.004537	4.9
153	-0.126431	28.695947	9.772049	0.011352	5.3
154	-0.144006	28.316369	9.847262	0.012026	5.3
155	-0.147840	27.698595	9.972181	0.009328	3.9
156	-0.131063	28.698595	9.771528	0.007675	4.2
157	-0.136625	29.509758	9.614602	0.010961	6.2
158	-0.133764	28.864992	9.738921	0.007205	5.3
159	-0.145796	28.242228	9.862089	0.012940	6.8
160	-0.125322	29.226100	9.668902	0.010033	6.9
161	-0.126264	28.582819	9.794345	0.007891	6.7
162	-0.140100	29.522852	9.612110	0.012355	5.7
163	-0.116183	28.878235	9.736335	0.007388	6.4
164	-0.115912	29.766829	9.565916	0.010863	6.3
165	-0.150248	30.617839	9.408205	0.010604	6.3
166	-0.143104	31.615813	9.229758	0.008356	6.1
167	-0.121603	32.615806	9.057613	0.007372	6.8
168	-0.142850	33.613633	8.892124	0.012180	8.2
169	-0.124832	34.611749	8.732529	0.008886	6.4
170	-0.134993	35.576614	8.583603	0.013424	5.4
171	-0.136293	36.576585	8.434526	0.020502	7.5
172	-0.135362	37.576585	8.290535	0.008956	6.0
173	-0.105265	36.931849	8.382802	0.008065	6.7
174	-0.121554	37.931836	8.240558	0.008513	7.1
175	-0.124893	37.287658	8.331630	0.005577	5.4
176	-0.130771	36.643206	8.424778	0.004205	5.3
177	-0.119189	36.233623	8.485069	0.010308	4.9
178	-0.133969	35.694705	8.565724	0.008300	4.9
179	-0.120692	36.673003	8.420425	0.012657	5.3
180	-0.128824	37.292081	8.330998	0.010323	4.7
181	-0.128460	38.291957	8.190508	0.011856	3.5
182	-0.145871	37.647167	8.280557	0.013402	5.6
183	-0.118524	37.061674	8.364058	0.005540	4.3
184	-0.127342	38.057457	8.223030	0.009199	4.7
185	-0.133809	37.412692	8.313796	0.011364	3.8
186	-0.119471	36.767902	8.406593	0.009748	5.9
187	-0.137886	36.123113	8.501484	0.013231	4.8
188	-0.153770	35.478324	8.598542	0.013416	4.6
189	-0.143528	36.470994	8.450023	0.014317	5.4
190	-0.142721	37.470994	8.305506	0.009063	4.1
191	-0.118104	38.470994	8.165850	0.013712	4.7
192	-0.133773	39.470994	8.030813	0.010179	5.8
193	-0.145377	40.469192	7.900400	0.008146	4.6
194	-0.127315	40.925061	7.842240	0.005525	4.7
195	-0.107720	41.915051	7.718840	0.009138	4.5
196	-0.136436	42.716055	7.621803	0.011343	5.1
197	-0.140654	42.239963	7.679183	0.011487	4.4
198	-0.132899	41.595173	7.758285	0.012503	3.9
199	-0.128967	42.595173	7.636291	0.003092	5.4
200	-0.124271	41.951765	7.714338	0.008585	6.4
201	-0.151420	42.297102	7.672250	0.006474	6.3
202	-0.146770	41.652451	7.751193	0.009481	7.3
203	-0.147846	41.257239	7.800398	0.008163	7.7
204	-0.152981	40.612841	7.881981	0.006671	5.8
205	-0.117605	40.194944	7.935806	0.008709	7.1
206	-0.119840	40.964445	7.837256	0.012890	7.6
207	-0.125414	41.964441	7.712785	0.008121	6.7
208	-0.125976	41.319651	7.792586	0.009065	6.0
209	-0.126196	42.318996	7.669598	0.013553	8.1
210	-0.139091	42.375792	7.662724	0.012182	5.7
211	-0.144647	43.375792	7.543693	0.007683	8.2
212	-0.139122	44.375791	7.428303	0.016908	7.0
213	-0.152367	45.375791	7.316391	0.011642	6.6
214	-0.129982	46.375791	7.207800	0.006571	6.4
215	-0.143760	47.375788	7.102386	0.010821	7.1
216	-0.129647	46.733361	7.169749	0.010907	8.1
217	-0.120625	46.089005	7.238611	0.013237	6.9
218	-0.125742	47.088997	7.132301	0.009803	6.5
219	-0.115537	46.444208	7.200488	0.010375	7.1
220	-0.119125	45.809884	7.268853	0.009504	7.6
221	-0.132967	45.165096	7.339689	0.003457	5.8
222	-0.125071	44.603957	7.402468	0.007689	6.7
223	-0.145523	43.970052	7.474693	0.007788	6.0
224	-0.129862	44.969712	7.361427	0.010703	6.4
225	-0.126796	44.796367	7.380821	0.011521	6.0
226	-0.121161	45.796367	7.270324	0.014343	5.5
227	-0.132696	46.690825	7.174255	0.021814	7.3
228	-0.147887	47.690825	7.069812	0.014320	7.0
229	-0.123313	48.690825	6.968367	0.011182	6.5
230	-0.120553	48.046036	7.033441	0.010373	6.2
231	-0.125423	47.402131	7.099650	0.009039	7.2
232	-0.157795	48.229495	7.014802	0.003303	10.2
233	-0.118641	47.591640	7.080035	0.008136	6.3
234	-0.126471	48.582713	6.979194	0.010288	6.7
235	-0.138013	47.939993	7.044260	0.013734	5.3
236	-0.137140	48.355967	7.002011	0.011147	6.0
237	-0.120500	49.355967	6.902488	0.014086	8.6
238	-0.143889	48.712316	6.966218	0.007167	7.0
239	-0.140960	48.073284	7.030666	0.020587	6.2
240	-0.115086	47.429393	7.096822	0.009411	7.1
241	-0.127092	47.927659	7.045520	0.008938	3.9
242	-0.133277	48.309750	7.006680	0.008844	6.1
243	-0.123931	47.664961	7.072475	0.011761	7.8
244	-0.142326	48.664960	6.970954	0.009744	5.8
245	-0.135950	48.020541	7.036039	0.009698	6.4
246	-0.143980	47.377285	7.102230	0.012782	6.1
247	-0.117317	46.732496	7.169841	0.013195	5.5
248	-0.125726	46.087708	7.238751	0.010181	6.6
249	-0.123048	47.087708	7.132436	0.007232	5.6
250	-0.129479	47.855192	7.052935	0.006537	5.4
251	-0.114820	48.854971	6.951992	0.012737	6.4
252	-0.130904	48.254922	7.012227	0.006946	6.3
253	-0.149150	48.762895	6.961168	0.012410	7.1
254	-0.124690	49.760537	6.863023	0.013780	8.3
255	-0.127704	49.115747	6.926136	0.005783	6.6
256	-0.135540	48.486882	6.988819	0.006469	7.5
257	-0.118320	49.260910	6.911826	0.019078	6.9
258	-0.130611	50.233570	6.817449	0.010018	7.8
259	-0.153678	51.233570	6.723068	0.008575	7.1
260	-0.148762	50.589565	6.783548	0.009551	7.8
261	-0.144720	49.944826	6.845196	0.011755	6.1
262	-0.125757	49.300675	6.907917	0.010365	7.1
263	-0.132908	50.260674	6.814856	0.011059	6.8
264	-0.126805	51.260533	6.720560	0.008312	8.1
265	-0.127422	50.615756	6.781067	0.015447	9.3
266	-0.132821	49.970974	6.842674	0.010096	10.9
267	-0.120230	49.332258	6.904815	0.015076	5.6
268	-0.127287	48.687468	6.968702	0.008621	8.2
269	-0.136888	49.687468	6.870118	0.006633	6.3
270	-0.131545	50.636088	6.779142	0.011800	6.8
271	-0.140887	51.636086	6.685812	0.008362	6.9
272	-0.134966	50.992385	6.745591	0.015812	6.7
273	-0.146959	51.992385	6.653176	0.005918	6.9
274	-0.118971	52.968086	6.565415	0.009125	5.0
275	-0.125058	53.862080	6.487012	0.013323	6.6
276	-0.141522	53.218857	6.543232	0.012468	4.4
277	-0.143721	52.574081	6.600575	0.005445	4.4
278	-0.130591	53.574077	6.512065	0.008051	6.2
279	-0.137096	53.399859	6.527314	0.009793	5.3
280	-0.137863	54.383222	6.442166	0.009998	4.2
281	-0.125420	53.738433	6.497744	0.006851	5.2
282	-0.112501	54.098980	6.466549	0.007257	4.5
283	-0.137732	55.098780	6.381590	0.006287	3.1
284	-0.142111	56.094360	6.299180	0.014241	6.1
285	-0.144934	55.449571	6.352308	0.013257	6.4
286	-0.146298	54.804781	6.406340	0.007770	7.3
287	-0.123472	55.241559	6.369639	0.008873	7.5
288	-0.140454	54.596788	6.423966	0.009793	6.0
289	-0.148345	55.581876	6.341334	0.012177	7.4
290	-0.111635	54.937089	6.395178	0.007216	7.6
291	-0.151797	54.292300	6.449945	0.007251	6.5
292	-0.125461	53.803678	6.492077	0.015017	7.3
293	-0.138697	53.170531	6.547496	0.006498	6.5
294	-0.120888	54.170531	6.460394	0.007744	7.4
295	-0.124151	53.697604	6.501296	0.004274	6.7
296	-0.135647	54.653626	6.419140	0.006439	6.6
297	-0.112984	55.538268	6.344946	0.008024	6.1
298	-0.151493	55.715439	6.330293	0.010618	6.2
299	-0.141946	56.715431	6.248839	0.013386	6.0
300	-0.142396	57.715428	6.169454	0.011906	7.4
301	-0.127697	58.715428	6.092061	0.005736	7.4
302	-0.133483	58.070651	6.141738	0.009024	7.3
303	-0.119955	57.449271	6.190385	0.008076	7.2
304	-0.120088	56.833117	6.239391	0.007968	6.3
305	-0.129040	56.189122	6.291446	0.010874	6.3
306	-0.135630	57.189022	6.210990	0.010024	7.0
307	-0.106599	56.545049	6.262569	0.005383	5.6
308	-0.150880	55.904869	6.314701	0.010633	7.4
309	-0.140873	55.291226	6.365492	0.016200	6.1
310	-0.141136	55.053439	6.385395	0.012620	5.8
311	-0.121639	56.029579	6.304477	0.009519	7.8
312	-0.120591	57.029571	6.223682	0.013236	6.1
313	-0.155179	56.384888	6.275530	0.014890	7.1
314	-0.122835	55.740098	6.328259	0.013140	6.4
315	-0.126877	55.095308	6.381881	0.005264	8.3
316	-0.115261	56.095296	6.299103	0.011225	6.3
317	-0.145738	56.772492	6.244254	0.009514	7.6
318	-0.142471	57.694988	6.171056	0.007803	6.3
319	-0.127248	58.686872	6.094244	0.011793	6.3
320	-0.127974	58.368557	6.118685	0.007277	7.0
321	-0.140658	57.728125	6.168459	0.008689	5.0
322	-0.110582	57.083351	6.219395	0.005742	6.8
323	-0.130156	57.280271	6.203750	0.008544	8.4
324	-0.121617	57.777794	6.164570	0.010875	7.1
325	-0.117422	58.039857	6.144131	0.012622	6.4
326	-0.126024	57.467489	6.188948	0.010676	6.2
327	-0.147275	58.465534	6.111218	0.007182	6.2
328	-0.128652	59.465534	6.035270	0.010318	5.9
329	-0.125164	59.268979	6.050049	0.007109	6.5
330	-0.134709	60.268639	5.975629	0.015971	7.8
331	-0.127542	59.649542	6.021500	0.011593	6.7
332	-0.114918	60.649542	5.947752	0.008921	5.9
333	-0.129213	60.005188	5.995063	0.009808	5.4
334	-0.138934	61.005185	5.921957	0.010593	7.6
335	-0.134110	62.004884	5.850634	0.011112	5.4
336	-0.121524	61.360110	5.896437	0.010293	8.0
337	-0.136880	60.715328	5.942964	0.003855	6.3
338	-0.142756	61.488146	5.887285	0.010297	7.2
339	-0.135756	60.860053	5.932457	0.007336	7.5
340	-0.133176	61.858423	5.860976	0.009412	7.2
341	-0.140427	62.445633	5.819732	0.010628	6.8
342	-0.114926	63.419589	5.752589	0.007519	6.4
343	-0.146853	64.371451	5.688450	0.018327	6.7
344	-0.128412	63.726662	5.731740	0.015483	6.4
345	-0.132431	64.726662	5.664880	0.010818	7.1
346	-0.131848	64.081872	5.707811	0.009564	7.2
347	-0.127131	63.437897	5.751342	0.007613	6.6
348	-0.113038	64.437889	5.684026	0.011478	6.2
349	-0.122867	63.799365	5.726826	0.011071	5.5
350	-0.143263	63.175249	5.769288	0.006362	7.4
351	-0.139752	64.175092	5.701564	0.010961	6.2
352	-0.131657	63.533330	5.744849	0.009424	8.3
353	-0.140547	62.888669	5.788997	0.013489	6.7
354	-0.137294	63.888410	5.720819	0.008108	5.3
355	-0.113181	63.371575	5.755863	0.012423	6.8
356	-0.124303	63.208873	5.766984	0.013697	6.4
357	-0.130427	62.564117	5.811480	0.007550	6.7
358	-0.119975	61.919329	5.856671	0.007000	8.0
359	-0.123438	62.917649	5.786997	0.009770	6.9
360	-0.124408	63.917635	5.718850	0.007439	7.4
361	-0.134635	64.788940	5.660767	0.020219	6.1
362	-0.144130	65.788928	5.595543	0.010185	6.0
363	-0.116279	65.144138	5.637426	0.011878	5.9
364	-0.161058	64.499349	5.679941	0.007232	6.3
365	-0.146814	65.499334	5.614277	0.009658	6.7
366	-0.127976	64.854779	5.656426	0.013237	6.2
367	-0.127388	64.209990	5.699229	0.011358	7.1
368	-0.147177	63.565261	5.742680	0.003387	6.0
369	-0.133532	64.564116	5.675641	0.014894	7.1
370	-0.133653	63.919424	5.718730	0.005940	6.6
371	-0.121459	64.589056	5.673987	0.009416	6.0
372	-0.125614	65.412753	5.619902	0.013903	7.4
373	-0.122926	66.401918	5.556299	0.005880	5.6
374	-0.111382	66.335479	5.560526	0.011202	6.7
375	-0.119602	67.316861	5.498737	0.014732	6.9
376	-0.121230	66.672071	5.539178	0.008746	6.1
377	-0.120044	67.671936	5.476718	0.008235	6.1
378	-0.119613	67.027886	5.516788	0.008811	6.3
379	-0.128558	66.383100	5.557496	0.011842	9.7
380	-0.120183	65.814028	5.593926	0.005670	9.6
381	-0.126881	65.172042	5.635601	0.010000	7.7
382	-0.144534	64.532879	5.677714	0.018550	5.6
383	-0.117039	65.532879	5.612101	0.012727	7.9
384	-0.137833	64.888089	5.654232	0.007063	5.2
385	-0.129486	65.033507	5.644675	0.010159	5.4
386	-0.115687	64.388736	5.687298	0.005387	6.5
387	-0.128069	64.245815	5.696834	0.009601	8.2
388	-0.112633	64.503901	5.679638	0.014320	7.0
389	-0.132723	63.859111	5.722794	0.016569	5.6
390	-0.135087	63.214321	5.766611	0.013893	6.9
391	-0.126490	62.569534	5.811104	0.013657	5.4
392	-0.145384	63.569238	5.742410	0.011036	7.0
393	-0.130053	62.924449	5.786529	0.014309	6.6
394	-0.131407	62.358110	5.825842	0.011716	6.0
395	-0.132810	63.358110	5.756782	0.010647	4.8
396	-0.131396	62.713320	5.801122	0.008818	5.8
397	-0.133823	62.068530	5.846152	0.019133	5.2
398	-0.118516	61.424064	5.891862	0.012182	4.9
399	-0.131315	60.779282	5.938316	0.010589	6.0
400	-0.131175	61.779281	5.866579	0.008680	5.2
401	-0.140762	61.134492	5.912634	0.010013	5.3
402	-0.137801	62.133515	5.841582	0.007258	5.1
403	-0.143527	61.613325	5.878364	0.008871	5.9
404	-0.121125	62.611488	5.808188	0.008784	4.6
405	-0.127886	63.611457	5.739544	0.006649	5.5
406	-0.136093	63.109291	5.773812	0.009998	5.2
407	-0.135587	62.908445	5.787632	0.009905	4.8
408	-0.139246	62.263690	5.832449	0.012933	5.2
409	-0.142701	63.263689	5.763232	0.005379	5.5
410	-0.128432	64.255071	5.696215	0.014589	5.6
411	-0.121908	63.825485	5.725063	0.010650	5.9
412	-0.133512	64.824025	5.658453	0.008192	6.2
413	-0.121802	64.184628	5.700926	0.007783	5.3
414	-0.126588	63.584751	5.741357	0.008674	5.2
415	-0.136264	64.582049	5.674452	0.008950	5.6
416	-0.128952	65.580107	5.609039	0.005729	5.0
417	-0.107276	66.564598	5.545977	0.011174	5.9
418	-0.114013	67.537714	5.485021	0.008016	9.0
419	-0.117355	66.892925	5.525260	0.007227	7.1
420	-0.134784	67.892872	5.463106	0.011962	6.8
421	-0.139660	67.248102	5.503022	0.015277	5.7
422	-0.153199	68.248102	5.441362	0.008964	7.1
423	-0.145865	69.248102	5.381069	0.009392	7.9
424	-0.127771	70.018644	5.335514	0.007828	10.9
425	-0.130742	71.012060	5.277908	0.008181	8.7
426	-0.142222	71.978055	5.223074	0.014260	8.4
427	-0.124268	72.978054	5.167496	0.020577	5.8
428	-0.127631	72.333297	5.203194	0.009187	7.7
429	-0.136586	73.333297	5.148036	0.010069	7.1
430	-0.123218	74.333289	5.094036	0.016478	6.7
431	-0.134962	75.333289	5.041157	0.009063	9.5
432	-0.139777	74.688499	5.075126	0.014609	6.1
433	-0.124612	74.554781	5.082228	0.008286	9.1
434	-0.123293	73.910146	5.116747	0.007566	5.5
435	-0.125411	74.727382	5.073065	0.011808	8.2
436	-0.140566	74.082595	5.107467	0.006330	5.6
437	-0.137055	75.076622	5.054624	0.011367	7.7
438	-0.125316	74.431930	5.088771	0.011906	7.7
439	-0.110489	73.787140	5.123387	0.007369	7.8
440	-0.138831	74.434163	5.088652	0.010998	6.5
441	-0.124455	73.791148	5.123171	0.010139	6.4
442	-0.134220	73.276706	5.151126	0.010313	8.3
443	-0.136309	73.869880	5.118919	0.007697	5.7
444	-0.136504	73.226624	5.153864	0.010956	8.9
445	-0.147857	73.322484	5.148626	0.012754	6.6
446	-0.132837	72.677695	5.184065	0.006058	6.5
447	-0.135265	73.074927	5.162175	0.011858	5.9
448	-0.144264	72.459854	5.196148	0.012838	6.1
449	-0.141864	73.459127	5.141178	0.008306	7.4
450	-0.139659	73.020935	5.165139	0.012408	4.4
451	-0.127135	74.020835	5.110787	0.012371	5.6
452	-0.130497	74.810922	5.068642	0.011222	4.7
453	-0.119812	75.810922	5.016285	0.009423	4.5
454	-0.128424	75.168305	5.049805	0.013902	4.8
455	-0.130069	76.168305	4.997836	0.004087	4.9
456	-0.127435	75.723980	5.020794	0.013175	5.0
457	-0.138541	76.715336	4.969857	0.012061	4.3
458	-0.140488	77.715336	4.919511	0.015800	5.5
459	-0.136338	77.930691	4.908802	0.011062	4.2
460	-0.112427	78.930691	4.859680	0.007628	4.2
461	-0.136855	79.930690	4.811532	0.017762	5.3
462	-0.144924	79.285902	4.842467	0.008766	5.1
463	-0.107061	78.641112	4.873804	0.009425	4.9
464	-0.118922	78.267071	4.892168	0.012257	4.6
465	-0.119792	79.113004	4.850831	0.008184	4.5
466	-0.141947	78.468218	4.882275	0.011405	4.4
467	-0.137853	77.823431	4.914130	0.008286	4.3
468	-0.145803	77.178654	4.946403	0.008994	4.5
469	-0.114263	76.548722	4.978345	0.007031	4.7
470	-0.142412	75.939743	5.009619	0.007017	4.3
471	-0.110849	75.303367	5.042723	0.013445	5.0
472	-0.132595	75.688019	5.022662	0.011242	5.0
473	-0.133687	76.685152	4.971392	0.012484	4.9
474	-0.116495	76.040389	5.004424	0.011095	4.7
475	-0.110122	76.607235	4.975361	0.018613	7.3
476	-0.127968	77.607235	4.924905	0.014820	6.1
477	-0.139698	78.607235	4.875461	0.008951	7.8
478	-0.140455	79.607222	4.827002	0.012070	6.0
479	-0.134129	80.607221	4.779495	0.011072	7.0
480	-0.104266	81.607221	4.732915	0.007729	6.6
481	-0.142913	82.605814	4.687297	0.008826	6.8
482	-0.146360	83.551540	4.644898	0.014371	7.7
483	-0.134292	84.551540	4.600892	0.005763	6.7
484	-0.146539	83.906752	4.629170	0.009328	8.6
485	-0.135860	84.904476	4.585559	0.013399	4.5
486	-0.118272	85.904306	4.542672	0.011835	8.0
487	-0.140491	86.904306	4.500573	0.012113	5.8
488	-0.147224	87.904306	4.459247	0.006725	7.1
489	-0.132360	87.363692	4.481494	0.009464	6.8
490	-0.128205	88.323069	4.442166	0.005966	7.3
491	-0.111961	88.416093	4.438389	0.016237	7.4
492	-0.141591	88.059623	4.452897	0.008064	4.5
493	-0.120109	87.414834	4.479380	0.007075	5.4
494	-0.131505	88.134112	4.449857	0.007256	5.5
495	-0.145759	87.502808	4.475748	0.012108	4.5
496	-0.158435	88.502699	4.434879	0.008222	5.8
497	-0.128587	89.502699	4.394745	0.012423	5.4
498	-0.133009	88.858313	4.420523	0.005589	4.6
499	-0.147202	89.854872	4.380784	0.011578	5.9
Time spent in resolution 0 (ITK initialization and iterating): 3.965 s.
Stopping condition: Maximum number of iterations has been reached.
Settings of AdaptiveStochasticGradientDescent in resolution 0:
( SP_a 485.631218 )
( SP_A 20.000000 )
( SP_alpha 1.000000 )
( SigmoidMax 1.000000 )
( SigmoidMin -0.644790 )
( SigmoidScale 0.000004 )



=============== start of TransformParameterFile ===============
(Transform "EulerTransform")
(NumberOfParameters 6)
(TransformParameters 0.024858 -0.000617 -0.009677 0.014704 5.085302 -0.463801)
(InitialTransformParametersFileName "NoInitialTransform")
(UseBinaryFormatForTransformationParameters "false")
(HowToCombineTransforms "Compose")

// Image specific
(FixedImageDimension 3)
(MovingImageDimension 3)
(FixedInternalImagePixelType "float")
(MovingInternalImagePixelType "float")
(Size 256 256 30)
(Index 0 0 0)
(Spacing 0.6250000000 0.6250000000 3.0000000000)
(Origin -51.8384170532 -64.5600891113 70.7140655518)
(Direction 1.0000000000 0.0000000000 0.0000000000 0.0000000000 1.0000000000 0.0000000000 0.0000000000 0.0000000000 1.0000000000)
(UseDirectionCosines "false")

// EulerTransform specific
(CenterOfRotationPoint 27.8490829468 15.1274108887 114.2140655518)
(ComputeZYX "false")

// ResampleInterpolator specific
(ResampleInterpolator "FinalBSplineInterpolator")
(FinalBSplineInterpolationOrder 3)

// Resampler specific
(Resampler "DefaultResampler")
(DefaultPixelValue 0.000000)
(ResultImageFormat "nii.gz")
(ResultImagePixelType "short")
(CompressResultImage "false")

=============== end of TransformParameterFile ===============

Creating the TransformParameterFile took 0.00s

Registration result checksum: 1799394981

Applying final transform ...
  Applying final transform took 1.06s

Final metric value  = -0.147202
Settings of AdaptiveStochasticGradientDescent for all resolutions:
( SP_a 485.631218 )
( SP_A 20.000000 )
( SP_alpha 1.000000 )
( SigmoidMax 1.000000 )
( SigmoidMin -0.644790 )
( SigmoidScale 0.000004 )

Time spent on saving the results, applying the final transform etc.: 1064 ms.
Running elastix with parameter file 0: "/Users/sakinkirti/Programming/Python/CCIPD/racial-disparity-pca/code_matlab/rigid.txt", has finished.


Current time: Mon May 23 17:56:08 2022.
Time used for running elastix with this parameter file:
  5.2s.

-------------------------------------------------------------------------

Total time elapsed: 5.2s.

