
elastix is started at Mon May 23 08:30:36 2022.

which elastix:   /Users/sakinkirti/Programming/Python/CCIPD/racial-disparity-pca/code_matlab/elastix-5.0.0-mac/bin/elastix
elastix runs at: Sakins-MBP.hsd1.ca.comcast.net
  macOS 12.3.1 (x64), 21E258
  with 8192 MB memory, and 2 cores @ 2300 MHz.
-------------------------------------------------------------------------

Running elastix with parameter file 0: "/Users/sakinkirti/Programming/Python/CCIPD/racial-disparity-pca/code_matlab/rigid.txt".

Current time: Mon May 23 08:30:36 2022.
Reading the elastix parameters from file ...

Installing all components.
InstallingComponents was successful.

ELASTIX version: 5.000
Command line options from ElastixBase:
-f        /Users/sakinkirti/Programming/Python/CCIPD/racial-disparity-pca/dataset/to_nifti_cleaned/prostate-001026/ADC.nii.gz
-m        /Users/sakinkirti/Programming/Python/CCIPD/racial-disparity-pca/dataset/to_nifti_cleaned/prostate-001026/T2W.nii.gz
-fMask    unspecified, so no fixed mask used
-mMask    unspecified, so no moving mask used
-out      /Users/sakinkirti/Programming/Python/CCIPD/racial-disparity-pca/dataset/to_nifti_cleaned/prostate-001026/
-p        /Users/sakinkirti/Programming/Python/CCIPD/racial-disparity-pca/code_matlab/rigid.txt
-threads  unspecified, so all available threads are used
Command line options from TransformBase:
-t0       unspecified, so no initial transform used

=============== start of ParameterFile: /Users/sakinkirti/Programming/Python/CCIPD/racial-disparity-pca/code_matlab/rigid.txt ===============
// Example parameter file for rotation registration
// C-style comments: //

// The internal pixel type, used for internal computations
// Leave to float in general. 
// NB: this is not the type of the input images! The pixel 
// type of the input images is automatically read from the 
// images themselves.
// This setting can be changed to "short" to save some memory
// in case of very large 3D images.
(FixedInternalImagePixelType "float")
(MovingInternalImagePixelType "float")

// The dimensions of the fixed and moving image
// Up to elastix 4.5 this had to be specified by the user.
// From elastix 4.6, this is not necessary anymore.
//(FixedImageDimension 3)
//(MovingImageDimension 3)

// Specify whether you want to take into account the so-called
// direction cosines of the images. Recommended: true.
// In some cases, the direction cosines of the image are corrupt,
// due to image format conversions for example. In that case, you 
// may want to set this option to "false".
(UseDirectionCosines "false")

// **************** Main Components **************************

// The following components should usually be left as they are:
(Registration "MultiResolutionRegistration")
(Interpolator "BSplineInterpolator")
(ResampleInterpolator "FinalBSplineInterpolator")
(Resampler "DefaultResampler")

// These may be changed to Fixed/MovingSmoothingImagePyramid.
// See the manual.
(FixedImagePyramid "FixedRecursiveImagePyramid")
(MovingImagePyramid "MovingRecursiveImagePyramid")

// The following components are most important:
// The optimizer AdaptiveStochasticGradientDescent (ASGD) works
// quite ok in general. The Transform and Metric are important
// and need to be chosen careful for each application. See manual.
(Optimizer "AdaptiveStochasticGradientDescent")
(Transform "EulerTransform")
(Metric "AdvancedMattesMutualInformation")

// ***************** Transformation **************************

// Scales the rotations compared to the translations, to make
// sure they are in the same range. In general, it's best to  
// use automatic scales estimation:
(AutomaticScalesEstimation "true")

// Automatically guess an initial translation by aligning the
// geometric centers of the fixed and moving.
(AutomaticTransformInitialization "true")

// Whether transforms are combined by composition or by addition.
// In generally, Compose is the best option in most cases.
// It does not influence the results very much.
(HowToCombineTransforms "Compose")

// ******************* Similarity measure *********************

// Number of grey level bins in each resolution level,
// for the mutual information. 16 or 32 usually works fine.
// You could also employ a hierarchical strategy:
//(NumberOfHistogramBins 16 32 64)
(NumberOfHistogramBins 32)

// If you use a mask, this option is important. 
// If the mask serves as region of interest, set it to false.
// If the mask indicates which pixels are valid, then set it to true.
// If you do not use a mask, the option doesn't matter.
(ErodeMask "false")

// ******************** Multiresolution **********************

// The number of resolutions. 1 Is only enough if the expected
// deformations are small. 3 or 4 mostly works fine. For large
// images and large deformations, 5 or 6 may even be useful.
(NumberOfResolutions 1)

// The downsampling/blurring factors for the image pyramids.
// By default, the images are downsampled by a factor of 2
// compared to the next resolution.
// So, in 2D, with 4 resolutions, the following schedule is used:
//(ImagePyramidSchedule 8 8  4 4  2 2  1 1 )
// And in 3D:
//(ImagePyramidSchedule 8 8 8  4 4 4  2 2 2  1 1 1 )
// You can specify any schedule, for example:
//(ImagePyramidSchedule 4 4  4 3  2 1  1 1 )
// Make sure that the number of elements equals the number
// of resolutions times the image dimension.

// ******************* Optimizer ****************************

// Maximum number of iterations in each resolution level:
// 200-500 works usually fine for rigid registration.
// For more robustness, you may increase this to 1000-2000.
(MaximumNumberOfIterations 500)

// The step size of the optimizer, in mm. By default the voxel size is used.
// which usually works well. In case of unusual high-resolution images
// (eg histology) it is necessary to increase this value a bit, to the size
// of the "smallest visible structure" in the image:
//(MaximumStepLength 1.0)

// **************** Image sampling **********************

// Number of spatial samples used to compute the mutual
// information (and its derivative) in each iteration.
// With an AdaptiveStochasticGradientDescent optimizer,
// in combination with the two options below, around 2000
// samples may already suffice.
(NumberOfSpatialSamples 2000)

// Refresh these spatial samples in every iteration, and select
// them randomly. See the manual for information on other sampling
// strategies.
(NewSamplesEveryIteration "true")
(ImageSampler "Random")

// ************* Interpolation and Resampling ****************

// Order of B-Spline interpolation used during registration/optimisation.
// It may improve accuracy if you set this to 3. Never use 0.
// An order of 1 gives linear interpolation. This is in most 
// applications a good choice.
(BSplineInterpolationOrder 1)

// Order of B-Spline interpolation used for applying the final
// deformation.
// 3 gives good accuracy; recommended in most cases.
// 1 gives worse accuracy (linear interpolation)
// 0 gives worst accuracy, but is appropriate for binary images
// (masks, segmentations); equivalent to nearest neighbor interpolation.
(FinalBSplineInterpolationOrder 3)

//Default pixel value for pixels that come from outside the picture:
(DefaultPixelValue 0)

// Choose whether to generate the deformed moving image.
// You can save some time by setting this to false, if you are
// only interested in the final (nonrigidly) deformed moving image
// for example.
(WriteResultImage "false")

// The pixel type and format of the resulting deformed moving image
(ResultImagePixelType "short")
(ResultImageFormat "nii.gz")




=============== end of ParameterFile: /Users/sakinkirti/Programming/Python/CCIPD/racial-disparity-pca/code_matlab/rigid.txt ===============


Reading images...
Reading images took 794 ms.

WARNING: the fixed pyramid schedule is not fully specified!
  A default pyramid schedule is used.
WARNING: the moving pyramid schedule is not fully specified!
  A default pyramid schedule is used.
WARNING: The parameter "AutomaticTransformInitializationMethod", requested at entry number 0, does not exist at all.
  The default value "GeometricalCenter" is used instead.
Transform parameters are initialized as: [0, 0, 0, -0.6363267153501511, -2.3767518252134323, -18.29653251171112]
Scales are estimated automatically.
Scales for transform parameters are: [6681.819838182415, 6681.819838182426, 11775.514722260674, 1, 1, 1]
Initialization of all components (before registration) took: 13 ms.
Preparation of the image pyramids took: 122 ms.

Resolution: 0
WARNING: The parameter "ShowExactMetricValue", requested at entry number 0, does not exist at all.
  The default value "false" is used instead.
WARNING: The parameter "CheckNumberOfSamples", requested at entry number 0, does not exist at all.
  The default value "true" is used instead.
WARNING: The parameter "UseMultiThreadingForMetrics", requested at entry number 0, does not exist at all.
  The default value "true" is used instead.
Setting the fixed masks took: 0 ms.
Setting the moving masks took: 0 ms.
WARNING: The parameter "NumberOfFixedHistogramBins", requested at entry number 0, does not exist at all.
  The default value "32" is used instead.
WARNING: The parameter "NumberOfMovingHistogramBins", requested at entry number 0, does not exist at all.
  The default value "32" is used instead.
WARNING: The parameter "FixedLimitRangeRatio", requested at entry number 0, does not exist at all.
  The default value "0.01" is used instead.
WARNING: The parameter "MovingLimitRangeRatio", requested at entry number 0, does not exist at all.
  The default value "0.01" is used instead.
WARNING: The parameter "FixedKernelBSplineOrder", requested at entry number 0, does not exist at all.
  The default value "0" is used instead.
WARNING: The parameter "MovingKernelBSplineOrder", requested at entry number 0, does not exist at all.
  The default value "3" is used instead.
WARNING: The parameter "UseFastAndLowMemoryVersion", requested at entry number 0, does not exist at all.
  The default value "true" is used instead.
WARNING: The parameter "UseJacobianPreconditioning", requested at entry number 0, does not exist at all.
  The default value "false" is used instead.
WARNING: The parameter "FiniteDifferenceDerivative", requested at entry number 0, does not exist at all.
  The default value "false" is used instead.
WARNING: The parameter "SP_A", requested at entry number 0, does not exist at all.
  The default value "20" is used instead.
WARNING: The parameter "MaximumNumberOfSamplingAttempts", requested at entry number 0, does not exist at all.
  The default value "0" is used instead.
WARNING: The parameter "SigmoidInitialTime", requested at entry number 0, does not exist at all.
  The default value "0" is used instead.
WARNING: The parameter "MaxBandCovSize", requested at entry number 0, does not exist at all.
  The default value "192" is used instead.
WARNING: The parameter "NumberOfBandStructureSamples", requested at entry number 0, does not exist at all.
  The default value "10" is used instead.
WARNING: The parameter "UseAdaptiveStepSizes", requested at entry number 0, does not exist at all.
  The default value "true" is used instead.
WARNING: The parameter "AutomaticParameterEstimation", requested at entry number 0, does not exist at all.
  The default value "true" is used instead.
WARNING: The parameter "UseConstantStep", requested at entry number 0, does not exist at all.
  The default value "false" is used instead.
WARNING: The parameter "MaximumStepLengthRatio", requested at entry number 0, does not exist at all.
  The default value "1" is used instead.
WARNING: The parameter "MaximumStepLength", requested at entry number 0, does not exist at all.
  The default value "0.851136" is used instead.
WARNING: The parameter "NumberOfGradientMeasurements", requested at entry number 0, does not exist at all.
  The default value "0" is used instead.
WARNING: The parameter "NumberOfJacobianMeasurements", requested at entry number 0, does not exist at all.
  The default value "1000" is used instead.
WARNING: The parameter "NumberOfSamplesForExactGradient", requested at entry number 0, does not exist at all.
  The default value "100000" is used instead.
WARNING: The parameter "SigmoidScaleFactor", requested at entry number 0, does not exist at all.
  The default value "0.1" is used instead.
Elastix initialization of all components (for this resolution) took: 3 ms.
  Computing the fixed image extrema took 4 ms.
  Computing the moving image extrema took 119 ms.
Initialization of AdvancedMattesMutualInformation metric took: 857 ms.
Starting automatic parameter estimation for AdaptiveStochasticGradientDescent ...
WARNING: The parameter "ASGDParameterEstimationMethod", requested at entry number 0, does not exist at all.
  The default value "Original" is used instead.
  Computing JacobianTerms ...
  Computing the Jacobian terms took 0.003431s
  NumberOfGradientMeasurements to estimate sigma_i: 6
  Sampling gradients ...
  Sampling the gradients took 0.644768s
Automatic parameter estimation took 0.65s
1:ItNr	2:Metric	3a:Time	3b:StepSize	4:||Gradient||	Time[ms]
0	-0.156964	0.000000	1.850061	0.025252	1510.0
1	-0.180373	0.000000	1.850061	0.058341	6.0
2	-0.185051	0.000000	1.850061	0.044904	3.2
3	-0.173799	0.999983	1.765968	0.056084	7.6
4	-0.163880	0.079099	1.843118	0.054409	4.7
5	-0.190622	0.000000	1.850061	0.060571	5.4
6	-0.159501	0.000000	1.850061	0.046780	13.8
7	-0.193011	1.000000	1.765967	0.034974	5.8
8	-0.163559	1.994774	1.689570	0.074565	2.8
9	-0.178949	1.106911	1.757427	0.031405	10.8
10	-0.181444	0.199571	1.832644	0.034615	2.1
11	-0.183473	0.000000	1.850061	0.025524	5.4
12	-0.187322	0.000000	1.850061	0.039856	7.2
13	-0.217145	0.000000	1.850061	0.053796	3.1
14	-0.176825	0.000000	1.850061	0.032916	3.7
15	-0.171877	0.999996	1.765967	0.068640	5.7
16	-0.192399	1.999941	1.689190	0.032181	5.3
17	-0.157656	2.999941	1.618807	0.037304	2.3
18	-0.182008	3.999913	1.554056	0.044680	7.2
19	-0.163797	3.406418	1.591847	0.029970	7.5
20	-0.187012	4.404463	1.529309	0.056523	2.8
21	-0.183150	3.491366	1.586325	0.020184	15.3
22	-0.163906	3.741340	1.570298	0.031015	11.9
23	-0.166149	2.825366	1.630668	0.018340	7.1
24	-0.142363	2.009245	1.688507	0.030505	34.3
25	-0.202333	2.087436	1.682789	0.049056	14.6
26	-0.173292	1.166567	1.752697	0.025462	9.4
27	-0.200506	0.260479	1.827394	0.024524	13.3
28	-0.176672	0.000000	1.850061	0.039603	9.6
29	-0.193288	0.000000	1.850061	0.029851	4.8
30	-0.177808	0.000000	1.850061	0.020674	3.6
31	-0.173202	0.000000	1.850061	0.037536	9.5
32	-0.188341	0.000000	1.850061	0.037921	4.5
33	-0.169165	0.000000	1.850061	0.056863	11.7
34	-0.166512	0.992519	1.766568	0.070148	12.9
35	-0.199659	0.076211	1.843371	0.038199	2.7
36	-0.197986	1.076208	1.759871	0.021359	5.1
37	-0.163536	2.062088	1.684638	0.028233	6.8
38	-0.193136	1.197424	1.750260	0.028575	3.1
39	-0.169115	2.169299	1.676843	0.057287	3.8
40	-0.218702	1.252479	1.745930	0.016937	5.4
41	-0.199995	1.028248	1.763702	0.028941	3.8
42	-0.159434	0.402126	1.815300	0.014694	7.1
43	-0.145880	0.000000	1.850061	0.026275	5.3
44	-0.171462	0.227342	1.830247	0.026019	6.3
45	-0.188083	0.655964	1.794022	0.036080	5.4
46	-0.178367	0.000000	1.850061	0.032577	4.6
47	-0.176686	0.000000	1.850061	0.035226	5.8
48	-0.179658	0.999094	1.766040	0.023335	7.3
49	-0.182070	1.920011	1.695081	0.040885	6.5
50	-0.187208	2.874463	1.627315	0.024609	7.9
51	-0.194176	3.741460	1.570290	0.020712	5.6
52	-0.150488	4.406832	1.529166	0.032714	12.9
53	-0.195488	3.492017	1.586283	0.023583	10.7
54	-0.182084	3.084344	1.613134	0.033198	7.2
55	-0.171469	2.635430	1.643773	0.042128	8.2
56	-0.166620	1.718228	1.710137	0.054172	6.2
57	-0.204046	2.718228	1.638034	0.046099	8.9
58	-0.159486	3.718221	1.571767	0.022873	14.0
59	-0.196280	4.415699	1.528633	0.040474	4.6
60	-0.160783	3.530717	1.583781	0.050110	14.1
61	-0.206702	3.045712	1.615726	0.024819	12.2
62	-0.204800	2.133061	1.679470	0.062855	4.3
63	-0.186084	1.215330	1.748850	0.017014	6.2
64	-0.166538	1.800815	1.703942	0.062079	7.1
65	-0.199047	1.002050	1.765802	0.048557	4.8
66	-0.178061	0.081708	1.842890	0.037763	6.5
67	-0.185100	1.080712	1.759512	0.034911	10.9
68	-0.196291	2.080238	1.683313	0.050966	12.3
69	-0.203200	3.078504	1.613525	0.053811	10.3
70	-0.158934	4.078504	1.549186	0.040059	4.8
71	-0.174399	5.078495	1.489782	0.021868	6.5
72	-0.156761	6.077209	1.434833	0.037302	4.1
73	-0.203736	7.074224	1.383877	0.074631	4.0
74	-0.195314	7.378913	1.369019	0.060915	3.8
75	-0.180995	8.378913	1.322420	0.018984	4.6
76	-0.208287	7.461305	1.365056	0.028552	4.0
77	-0.184914	7.771266	1.350350	0.028424	4.9
78	-0.183566	8.467633	1.318439	0.030673	3.7
79	-0.180420	9.365890	1.279438	0.060471	5.1
80	-0.162944	8.445013	1.319452	0.053188	3.0
81	-0.161947	7.525223	1.361997	0.127679	4.7
82	-0.192708	8.525223	1.315867	0.033129	3.5
83	-0.188613	7.604339	1.358230	0.025772	4.4
84	-0.187098	7.916548	1.343565	0.051623	5.2
85	-0.180461	7.002544	1.387419	0.039797	8.4
86	-0.182985	6.084135	1.434466	0.053020	4.5
87	-0.175120	7.003642	1.387365	0.048348	5.7
88	-0.177312	6.170885	1.429886	0.073438	3.3
89	-0.170750	7.170885	1.379129	0.058664	4.2
90	-0.165629	7.516085	1.362434	0.020646	4.2
91	-0.161992	7.450900	1.365555	0.048788	7.0
92	-0.197039	6.537606	1.410844	0.031107	4.2
93	-0.171910	5.633802	1.458721	0.038347	4.0
94	-0.177440	6.629646	1.406144	0.028084	58.8
95	-0.194548	5.739378	1.452961	0.015235	3.7
96	-0.179212	5.328003	1.475663	0.044249	3.1
97	-0.185732	4.427072	1.527949	0.027891	3.7
98	-0.152163	5.426438	1.470167	0.037629	2.7
99	-0.165761	6.101040	1.433571	0.020027	4.8
100	-0.205942	5.331433	1.475471	0.030421	3.7
101	-0.177673	4.416325	1.528595	0.023718	3.1
102	-0.193477	5.400569	1.471607	0.031516	4.4
103	-0.178698	4.507248	1.523146	0.037947	3.2
104	-0.196892	3.651629	1.576012	0.013670	5.4
105	-0.174449	3.484386	1.586778	0.063653	5.1
106	-0.192942	3.222018	1.603965	0.042456	4.7
107	-0.162970	2.464831	1.655724	0.027355	3.0
108	-0.184744	3.420394	1.590936	0.014609	3.0
109	-0.169703	4.124064	1.546377	0.030904	4.2
110	-0.183904	4.147469	1.544938	0.033798	6.5
111	-0.185929	3.556240	1.582134	0.044739	3.2
112	-0.185598	2.709161	1.638661	0.024136	4.2
113	-0.171382	1.790363	1.704724	0.072632	4.1
114	-0.180192	0.871209	1.776366	0.031561	2.6
115	-0.226855	0.000000	1.850061	0.023530	2.8
116	-0.170392	0.000000	1.850061	0.019146	3.2
117	-0.195005	0.893709	1.774541	0.028734	2.7
118	-0.210554	0.488440	1.808008	0.014046	2.2
119	-0.193062	0.000000	1.850061	0.031373	2.7
120	-0.179312	0.716672	1.789007	0.030808	2.2
121	-0.205143	0.498085	1.807197	0.061531	2.2
122	-0.152082	1.496422	1.726998	0.014432	2.3
123	-0.192973	2.486545	1.654193	0.021836	2.4
124	-0.199530	3.288950	1.599545	0.013768	2.6
125	-0.167516	3.215371	1.604405	0.017884	2.4
126	-0.172721	2.932411	1.623375	0.031814	2.5
127	-0.208263	3.641276	1.576675	0.035539	2.6
128	-0.186627	2.720773	1.637859	0.028468	2.6
129	-0.189963	2.564769	1.648702	0.024321	2.4
130	-0.180339	1.993409	1.689670	0.036129	2.0
131	-0.180629	2.981163	1.620075	0.030311	2.2
132	-0.192361	3.526054	1.584082	0.026121	2.2
133	-0.219918	2.636188	1.643720	0.046246	2.3
134	-0.193808	1.987426	1.690110	0.035943	2.4
135	-0.187201	1.732287	1.709079	0.065382	2.6
136	-0.201469	0.811625	1.781219	0.036992	2.6
137	-0.180869	0.000000	1.850061	0.044109	2.6
138	-0.175192	0.938119	1.770948	0.064204	2.0
139	-0.177517	1.869692	1.698811	0.018855	2.2
140	-0.191172	0.951138	1.769898	0.027366	2.2
141	-0.189397	0.703414	1.790100	0.048987	2.4
142	-0.192446	1.703051	1.711280	0.035720	2.4
143	-0.183825	2.702811	1.639100	0.044419	2.3
144	-0.186786	3.577399	1.580772	0.055525	2.7
145	-0.204587	4.577399	1.518969	0.042532	2.9
146	-0.174605	4.598713	1.517704	0.019745	2.9
147	-0.181762	3.684487	1.573915	0.022845	2.9
148	-0.183074	2.809154	1.631779	0.049677	1.9
149	-0.210257	1.888487	1.697416	0.062069	2.2
150	-0.181021	2.879015	1.627005	0.014887	2.3
151	-0.183316	2.007618	1.688626	0.015681	2.3
152	-0.191205	1.852452	1.700092	0.027669	2.3
153	-0.178538	1.873031	1.698563	0.027787	2.5
154	-0.203726	0.998171	1.766114	0.046795	2.4
155	-0.200861	1.376282	1.736270	0.027104	7.3
156	-0.218238	0.457447	1.810620	0.066508	5.2
157	-0.182635	0.000000	1.850061	0.022901	12.9
158	-0.193269	0.990022	1.766768	0.015300	14.2
159	-0.185406	0.697546	1.790584	0.027723	7.0
160	-0.178190	1.271697	1.744424	0.028925	10.8
161	-0.188708	0.574815	1.800770	0.040710	5.8
162	-0.211460	0.230293	1.829992	0.032049	6.8
163	-0.189228	0.688692	1.791315	0.031930	6.3
164	-0.181185	0.000000	1.850061	0.037911	7.8
165	-0.168700	0.000000	1.850061	0.066762	3.3
166	-0.203412	0.000000	1.850061	0.092649	5.1
167	-0.173540	0.999986	1.765968	0.054023	4.5
168	-0.179752	1.999986	1.689187	0.022581	6.9
169	-0.184502	2.999884	1.618811	0.030338	3.3
170	-0.181321	2.832108	1.630207	0.034264	4.7
171	-0.193166	3.772787	1.568304	0.013505	5.0
172	-0.203089	4.708676	1.511213	0.079670	2.7
173	-0.174954	3.878026	1.561670	0.084873	6.1
174	-0.184471	4.878026	1.501323	0.046176	15.2
175	-0.173156	5.878026	1.445466	0.034728	8.0
176	-0.183349	4.969381	1.496042	0.032744	9.5
177	-0.176761	4.260832	1.538004	0.024311	4.1
178	-0.154204	4.430906	1.527719	0.022243	6.9
179	-0.161438	4.252541	1.538509	0.015976	7.9
180	-0.196329	3.541168	1.583106	0.020061	2.7
181	-0.193189	4.115147	1.546926	0.040296	6.1
182	-0.203048	5.111250	1.487913	0.024904	4.8
183	-0.186037	4.194284	1.542067	0.042787	5.0
184	-0.201626	5.193800	1.483224	0.077007	5.9
185	-0.162137	4.272915	1.537269	0.013833	4.8
186	-0.189180	4.174557	1.543275	0.083010	8.7
187	-0.176943	5.074663	1.490001	0.041381	8.3
188	-0.174717	4.158696	1.544248	0.020280	11.7
189	-0.190853	3.397502	1.592428	0.024951	5.7
190	-0.205782	4.322970	1.534230	0.044286	5.8
191	-0.190978	3.411732	1.591500	0.016356	4.8
192	-0.196317	2.534646	1.650812	0.064054	6.0
193	-0.183691	3.527860	1.583965	0.054515	8.0
194	-0.174863	2.606975	1.645754	0.049685	5.9
195	-0.198247	3.606975	1.578872	0.038542	5.0
196	-0.188220	4.606936	1.517217	0.040504	6.9
197	-0.190988	3.688852	1.573636	0.040932	5.6
198	-0.176423	2.768336	1.634581	0.024281	8.6
199	-0.198677	2.192655	1.675154	0.051649	5.8
200	-0.187780	1.271963	1.744403	0.047632	5.4
201	-0.193044	0.370818	1.817959	0.043772	4.1
202	-0.181938	1.370717	1.736702	0.031644	9.1
203	-0.167241	2.370161	1.662431	0.060009	4.3
204	-0.185051	1.543341	1.723404	0.032829	5.7
205	-0.188396	0.622472	1.796801	0.037076	8.0
206	-0.190970	0.000000	1.850061	0.041761	5.7
207	-0.208756	0.000000	1.850061	0.059782	6.7
208	-0.213318	1.000000	1.765967	0.028640	6.4
209	-0.193575	0.089120	1.842243	0.071578	4.7
210	-0.186476	0.000000	1.850061	0.042839	4.8
211	-0.200358	0.000000	1.850061	0.049453	5.8
212	-0.208352	0.000000	1.850061	0.059087	6.6
213	-0.199291	0.000000	1.850061	0.053153	6.4
214	-0.159821	0.000000	1.850061	0.031128	4.9
215	-0.198218	0.000000	1.850061	0.085644	5.5
216	-0.170752	0.847586	1.778287	0.046676	4.8
217	-0.191984	0.000000	1.850061	0.045144	4.9
218	-0.187659	0.971762	1.768237	0.034232	5.8
219	-0.159234	0.436813	1.812362	0.048740	4.9
220	-0.212499	0.000000	1.850061	0.031189	4.2
221	-0.187008	0.000000	1.850061	0.019923	8.7
222	-0.166695	0.000000	1.850061	0.016798	4.0
223	-0.199334	0.000000	1.850061	0.026308	4.6
224	-0.202551	0.000000	1.850061	0.039881	4.6
225	-0.171485	0.000000	1.850061	0.037605	6.1
226	-0.203960	0.000000	1.850061	0.035296	16.9
227	-0.211263	0.000000	1.850061	0.050581	23.7
228	-0.211177	0.000000	1.850061	0.031205	7.6
229	-0.223076	0.000000	1.850061	0.059910	6.5
230	-0.177633	0.988221	1.766913	0.050084	3.1
231	-0.192317	1.986031	1.690212	0.063352	9.3
232	-0.206176	2.986031	1.619746	0.039946	5.2
233	-0.168869	2.065149	1.684415	0.035250	7.0
234	-0.172772	3.064133	1.614489	0.065715	5.0
235	-0.205854	2.148047	1.678382	0.036627	4.6
236	-0.201656	1.227163	1.747919	0.020111	13.9
237	-0.202487	0.532716	1.804290	0.033380	5.8
238	-0.216189	1.379286	1.736037	0.024906	3.7
239	-0.187988	2.373961	1.662160	0.121825	3.6
240	-0.219455	3.284423	1.599843	0.065565	4.1
241	-0.196105	2.363546	1.662901	0.040765	3.6
242	-0.194951	3.363546	1.594648	0.048614	4.8
243	-0.227959	3.363045	1.594680	0.053571	8.5
244	-0.205512	2.445883	1.657062	0.052864	2.7
245	-0.180802	2.016837	1.687950	0.045249	2.6
246	-0.212240	2.901609	1.625467	0.073816	3.2
247	-0.195495	3.887275	1.561090	0.019832	4.5
248	-0.204849	4.027954	1.552315	0.059545	4.0
249	-0.211087	5.015508	1.493389	0.066117	3.7
250	-0.188739	6.015508	1.438110	0.021250	3.3
251	-0.203300	5.891669	1.444733	0.074792	3.9
252	-0.223834	6.788189	1.398122	0.054612	3.4
253	-0.198341	7.788059	1.349562	0.027318	3.4
254	-0.205737	8.054220	1.337199	0.021973	2.6
255	-0.211259	8.654390	1.310136	0.054435	4.7
256	-0.173444	9.256979	1.284043	0.018299	2.9
257	-0.198009	8.409506	1.321045	0.070514	4.1
258	-0.193606	9.407253	1.277698	0.040114	4.8
259	-0.180026	10.407253	1.237016	0.045637	3.3
260	-0.175054	9.488036	1.274312	0.035111	4.3
261	-0.186614	8.567190	1.313999	0.068472	3.7
262	-0.170066	7.646329	1.356239	0.053414	3.1
263	-0.183891	8.646329	1.310492	0.040596	5.4
264	-0.194162	7.725445	1.352504	0.041735	3.5
265	-0.182660	8.517580	1.316208	0.015739	34.6
266	-0.227896	9.497588	1.273913	0.010166	21.3
267	-0.209367	9.443765	1.276165	0.052415	12.0
268	-0.198929	10.042793	1.251539	0.051238	16.0
269	-0.215867	9.121909	1.289801	0.040471	6.9
270	-0.223229	8.201024	1.330476	0.029612	6.2
271	-0.226369	9.146355	1.288755	0.073504	4.7
272	-0.193719	10.146115	1.247387	0.115010	4.4
273	-0.188777	9.225230	1.285392	0.028112	5.5
274	-0.211551	8.339647	1.324190	0.041494	4.6
275	-0.197005	7.452783	1.365465	0.031093	4.1
276	-0.215872	8.449516	1.319250	0.024435	6.8
277	-0.213418	7.532536	1.361648	0.046290	2.5
278	-0.198015	6.612308	1.407027	0.044280	3.4
279	-0.201674	7.612215	1.357856	0.042882	4.8
280	-0.161390	8.597991	1.312632	0.038900	3.4
281	-0.200927	7.677111	1.354783	0.040757	3.4
282	-0.196727	8.677008	1.309137	0.065977	2.3
283	-0.195615	7.761159	1.350824	0.027952	4.0
284	-0.208317	8.556216	1.314487	0.054417	3.4
285	-0.216862	7.645085	1.356298	0.048310	3.1
286	-0.183141	6.724306	1.401343	0.047077	3.2
287	-0.206592	5.803422	1.449489	0.049097	3.1
288	-0.193022	5.254032	1.479821	0.045618	5.0
289	-0.210637	6.253948	1.425528	0.041207	3.0
290	-0.209773	7.253947	1.375074	0.080701	4.1
291	-0.227532	8.253947	1.328069	0.022678	8.0
292	-0.196479	9.253946	1.284172	0.050339	9.0
293	-0.221122	8.345884	1.323909	0.085133	5.8
294	-0.222618	7.425000	1.366799	0.097781	3.0
295	-0.219300	8.425000	1.320349	0.043845	4.1
296	-0.213298	7.504115	1.363006	0.042097	9.7
297	-0.193643	7.409548	1.367543	0.025967	6.8
298	-0.181380	7.809362	1.348564	0.043906	3.1
299	-0.176962	8.728240	1.306881	0.029267	3.8
300	-0.200080	9.722165	1.264601	0.044522	6.3
301	-0.204747	10.721657	1.224755	0.083542	3.2
302	-0.209388	9.800773	1.261373	0.054648	3.3
303	-0.228210	10.800773	1.221708	0.014305	2.9
304	-0.204999	10.224447	1.244258	0.091166	4.3
305	-0.231098	10.885585	1.218459	0.046381	10.6
306	-0.215064	11.885585	1.181407	0.071071	11.8
307	-0.205340	12.885585	1.146543	0.080804	6.5
308	-0.177774	13.885585	1.113677	0.029812	6.5
309	-0.190080	12.980578	1.143338	0.085838	11.2
310	-0.203704	13.980369	1.110659	0.035506	2.8
311	-0.190374	13.059485	1.140689	0.024483	4.0
312	-0.212199	12.247970	1.168531	0.027701	6.1
313	-0.206254	13.139396	1.138019	0.024948	3.5
314	-0.206423	12.371766	1.164196	0.038810	3.7
315	-0.197544	13.295943	1.132824	0.047220	3.6
316	-0.199490	14.295941	1.100729	0.088737	3.2
317	-0.223882	13.375056	1.130217	0.040019	8.4
318	-0.223548	12.454172	1.161328	0.033810	4.0
319	-0.201563	13.446919	1.127859	0.036068	6.2
320	-0.204254	12.526058	1.158838	0.028857	6.2
321	-0.245596	13.484900	1.126617	0.063734	14.6
322	-0.195102	12.564061	1.157526	0.034004	11.8
323	-0.218442	11.682027	1.188766	0.016368	22.3
324	-0.190245	10.921208	1.217099	0.103992	32.2
325	-0.221717	11.921193	1.180130	0.059057	9.2
326	-0.194685	11.000309	1.214091	0.034095	6.8
327	-0.205410	11.980474	1.178008	0.023562	7.7
328	-0.182123	12.969425	1.143713	0.036033	4.1
329	-0.193889	13.949566	1.111638	0.032503	3.6
330	-0.207374	13.335945	1.131504	0.022837	5.3
331	-0.201102	12.435744	1.161968	0.108611	4.0
332	-0.199278	11.515218	1.194864	0.018325	3.1
333	-0.199828	11.557320	1.193319	0.018836	3.5
334	-0.198452	11.935144	1.179630	0.037086	3.9
335	-0.219950	11.868487	1.182022	0.028979	8.5
336	-0.207302	10.956844	1.215742	0.044074	3.9
337	-0.213364	11.795581	1.184650	0.026554	3.4
338	-0.195495	12.794015	1.149650	0.048147	2.8
339	-0.210598	13.793504	1.116624	0.035421	2.5
340	-0.194868	13.444902	1.127925	0.037201	2.9
341	-0.209263	13.154776	1.137506	0.053386	3.3
342	-0.193239	12.237339	1.168904	0.040981	4.5
343	-0.204224	13.233381	1.134894	0.040690	3.4
344	-0.192664	12.627073	1.155357	0.032651	4.3
345	-0.213069	11.719098	1.187419	0.032062	3.7
346	-0.213616	11.632202	1.190581	0.080168	3.2
347	-0.244915	12.632202	1.155181	0.147348	6.1
348	-0.211121	13.632202	1.121825	0.030749	4.3
349	-0.211607	14.632202	1.090342	0.059808	4.1
350	-0.206204	13.711321	1.119268	0.034021	4.3
351	-0.226652	14.704562	1.088132	0.050832	3.0
352	-0.197584	13.783680	1.116940	0.041147	4.0
353	-0.197564	13.972089	1.110922	0.036851	4.7
354	-0.203719	14.796353	1.085342	0.037677	2.7
355	-0.229042	15.310309	1.069979	0.020706	4.0
356	-0.197429	14.950575	1.080686	0.036442	2.9
357	-0.211561	14.334515	1.099528	0.070002	5.0
358	-0.210464	14.618170	1.090771	0.102798	4.4
359	-0.225895	13.697287	1.119721	0.047605	2.6
360	-0.215853	12.776402	1.150249	0.017605	4.8
361	-0.206493	11.891221	1.181205	0.018385	5.8
362	-0.182233	12.336740	1.165419	0.022196	3.1
363	-0.180838	11.475425	1.196328	0.229382	4.9
364	-0.212887	10.554541	1.231242	0.072687	4.6
365	-0.206076	9.633656	1.268255	0.033457	4.2
366	-0.240235	8.712772	1.307561	0.033724	4.6
367	-0.196427	9.550915	1.271689	0.050316	4.4
368	-0.201171	8.630047	1.311212	0.032815	3.4
369	-0.228340	7.720254	1.352748	0.071814	4.3
370	-0.205047	6.799378	1.397559	0.021154	2.8
371	-0.195805	6.015743	1.438098	0.025528	4.5
372	-0.196751	6.832280	1.395907	0.046436	3.7
373	-0.193305	6.457629	1.414954	0.055425	4.2
374	-0.197191	5.540489	1.463849	0.059447	2.9
375	-0.207966	4.633156	1.515665	0.026804	3.6
376	-0.232170	3.941109	1.557720	0.051278	3.6
377	-0.237292	3.020266	1.617437	0.023856	4.2
378	-0.200699	2.099405	1.681917	0.048029	3.7
379	-0.194692	1.371793	1.736619	0.055458	4.3
380	-0.218531	2.371793	1.662315	0.032978	3.3
381	-0.210861	3.359906	1.594886	0.053366	4.6
382	-0.224634	2.448997	1.656842	0.055149	3.8
383	-0.229468	1.528113	1.724568	0.052256	5.9
384	-0.218917	2.510947	1.652476	0.059565	6.0
385	-0.202956	3.510947	1.585058	0.028677	7.9
386	-0.224112	2.590069	1.646933	0.044196	4.7
387	-0.200773	1.669205	1.713835	0.042206	4.6
388	-0.216679	2.668169	1.641499	0.022374	6.7
389	-0.206530	3.667887	1.574974	0.071460	3.0
390	-0.210161	2.783401	1.633546	0.034276	5.3
391	-0.234951	3.634596	1.577102	0.040676	8.7
392	-0.213439	2.719324	1.637959	0.039031	9.3
393	-0.221305	1.798518	1.704114	0.039773	5.4
394	-0.235757	1.140689	1.754745	0.045799	5.0
395	-0.232999	0.219868	1.830891	0.059150	7.9
396	-0.222714	0.000000	1.850061	0.032222	4.6
397	-0.244614	0.986943	1.767016	0.047795	3.9
398	-0.241043	1.967314	1.691590	0.039853	7.5
399	-0.220079	1.095250	1.758354	0.030338	7.9
400	-0.232530	1.260823	1.745276	0.059199	9.0
401	-0.233358	2.067455	1.684246	0.033379	4.1
402	-0.207235	1.146965	1.754248	0.031007	4.7
403	-0.214707	1.917368	1.695276	0.028787	4.1
404	-0.267113	1.002045	1.765803	0.024624	4.1
405	-0.226186	0.085153	1.842589	0.031469	3.5
406	-0.194815	0.675000	1.792446	0.028082	4.4
407	-0.221985	0.000000	1.850061	0.016936	3.4
408	-0.209877	0.000000	1.850061	0.053470	4.7
409	-0.256005	0.000000	1.850061	0.064080	5.1
410	-0.205218	1.000000	1.765967	0.043112	3.5
411	-0.213724	0.079116	1.843117	0.038847	4.7
412	-0.240222	0.997624	1.766158	0.028681	3.6
413	-0.183872	1.984274	1.690342	0.021285	5.0
414	-0.220416	1.295311	1.742576	0.037423	5.1
415	-0.197722	0.409825	1.814647	0.095519	3.7
416	-0.259276	1.399928	1.734437	0.080447	2.8
417	-0.199657	2.399928	1.660316	0.051755	5.1
418	-0.221553	1.479044	1.728333	0.025255	4.3
419	-0.232977	0.558399	1.802141	0.047774	4.1
420	-0.193878	1.558177	1.722270	0.027506	5.0
421	-0.206225	2.552831	1.649537	0.058407	4.6
422	-0.235826	1.633438	1.716543	0.082643	4.4
423	-0.238274	0.712554	1.789346	0.040212	2.9
424	-0.213384	0.000000	1.850061	0.032871	5.7
425	-0.228891	0.997425	1.766174	0.039750	5.0
426	-0.219540	0.746039	1.786591	0.049448	4.1
427	-0.226055	0.000000	1.850061	0.023561	6.8
428	-0.221598	0.000000	1.850061	0.030683	3.4
429	-0.189706	0.000000	1.850061	0.042610	3.8
430	-0.217444	0.998781	1.766065	0.014049	6.3
431	-0.213556	1.819044	1.702581	0.030341	2.5
432	-0.232149	1.781347	1.705398	0.034547	3.6
433	-0.262690	2.776400	1.634027	0.055405	6.3
434	-0.201529	1.873201	1.698550	0.035951	3.5
435	-0.237176	0.952317	1.769803	0.045848	2.7
436	-0.236456	0.049551	1.845706	0.103436	2.2
437	-0.258013	1.049449	1.762007	0.018602	5.2
438	-0.212888	2.048533	1.685629	0.031989	4.2
439	-0.262880	2.655793	1.642358	0.046393	3.0
440	-0.249009	1.800611	1.703958	0.045812	2.8
441	-0.224046	0.898819	1.774126	0.053046	6.2
442	-0.221880	1.898754	1.696654	0.033161	4.2
443	-0.211366	1.775837	1.705811	0.031079	12.1
444	-0.238649	2.759184	1.635211	0.048216	7.6
445	-0.219575	3.759157	1.569168	0.047165	6.7
446	-0.253601	4.738992	1.509433	0.037533	3.6
447	-0.277376	5.738991	1.452982	0.025073	3.6
448	-0.230395	4.905362	1.499739	0.036822	5.6
449	-0.234047	5.899589	1.444307	0.046792	7.1
450	-0.242729	5.080830	1.489649	0.016587	8.1
451	-0.220076	5.089184	1.489172	0.040822	5.6
452	-0.246253	5.841758	1.447419	0.030698	11.5
453	-0.236100	6.333352	1.421387	0.056408	3.4
454	-0.217495	5.412616	1.470936	0.055869	9.3
455	-0.225466	6.412616	1.417277	0.033872	4.5
456	-0.226274	5.491733	1.466543	0.033211	4.5
457	-0.240047	4.632091	1.515728	0.052503	5.0
458	-0.245954	4.810772	1.505235	0.058152	4.6
459	-0.222316	5.810772	1.449092	0.033539	5.1
460	-0.269631	6.380918	1.418918	0.062031	5.7
461	-0.246637	5.461614	1.468213	0.047844	3.6
462	-0.228587	6.461614	1.414748	0.030433	4.4
463	-0.236137	5.743842	1.452718	0.022139	3.8
464	-0.240586	4.883814	1.500987	0.048499	4.3
465	-0.242193	4.324243	1.534153	0.063888	3.7
466	-0.202886	3.403361	1.592046	0.030172	4.4
467	-0.262104	2.489723	1.653969	0.021211	6.8
468	-0.232262	1.586377	1.720120	0.022957	5.1
469	-0.270210	0.711797	1.789408	0.046511	3.5
470	-0.190580	0.000000	1.850061	0.070595	5.6
471	-0.216005	0.000000	1.850061	0.044694	5.4
472	-0.235040	0.000000	1.850061	0.067929	12.1
473	-0.196100	1.000000	1.765967	0.044881	4.6
474	-0.233217	1.999966	1.689188	0.016413	5.7
475	-0.246830	1.218966	1.748564	0.031057	5.8
476	-0.208214	1.606780	1.718567	0.014264	10.4
477	-0.240724	0.916115	1.772726	0.055847	7.0
478	-0.207697	0.323823	1.821966	0.035200	8.0
479	-0.241062	1.317371	1.740853	0.077060	5.4
480	-0.238237	2.242212	1.671582	0.082086	5.2
481	-0.243849	1.321328	1.740545	0.029636	6.2
482	-0.233516	0.455690	1.810768	0.056814	4.7
483	-0.198759	0.000000	1.850061	0.102244	6.1
484	-0.191689	0.000000	1.850061	0.020720	7.4
485	-0.250461	0.823611	1.780240	0.036770	8.4
486	-0.215443	0.447911	1.811425	0.050612	5.8
487	-0.285998	0.000000	1.850061	0.140184	4.0
488	-0.232081	1.000000	1.765967	0.017380	4.1
489	-0.269180	1.999970	1.689188	0.041880	4.3
490	-0.248673	1.463570	1.729524	0.037192	4.8
491	-0.244084	2.463326	1.655830	0.037478	3.5
492	-0.196031	1.694312	1.711939	0.059910	3.4
493	-0.209069	0.773428	1.784343	0.021600	4.4
494	-0.271683	1.764722	1.706644	0.023823	4.9
495	-0.210476	2.629995	1.644151	0.017194	2.9
496	-0.241155	3.171459	1.607320	0.041376	3.2
497	-0.233740	3.914912	1.559358	0.043613	3.7
498	-0.238983	3.022178	1.617308	0.096976	4.8
499	-0.251942	2.104425	1.681551	0.042624	3.2
Time spent in resolution 0 (ITK initialization and iterating): 4.655 s.
Stopping condition: Maximum number of iterations has been reached.
Settings of AdaptiveStochasticGradientDescent in resolution 0:
( SP_a 38.851273 )
( SP_A 20.000000 )
( SP_alpha 1.000000 )
( SigmoidMax 1.000000 )
( SigmoidMin -0.920884 )
( SigmoidScale 0.000098 )



=============== start of TransformParameterFile ===============
(Transform "EulerTransform")
(NumberOfParameters 6)
(TransformParameters 0.007381 -0.008931 0.002925 -1.554994 0.103137 -24.096919)
(InitialTransformParametersFileName "NoInitialTransform")
(UseBinaryFormatForTransformationParameters "false")
(HowToCombineTransforms "Compose")

// Image specific
(FixedImageDimension 3)
(MovingImageDimension 3)
(FixedInternalImagePixelType "float")
(MovingInternalImagePixelType "float")
(Size 176 176 30)
(Index 0 0 0)
(Spacing 1.4772727489 1.4772727489 3.2999999523)
(Origin -115.3604812622 -142.6779785156 112.7757339478)
(Direction 1.0000000000 0.0000000000 0.0000000000 0.0000000000 1.0000000000 0.0000000000 0.0000000000 0.0000000000 1.0000000000)
(UseDirectionCosines "false")

// EulerTransform specific
(CenterOfRotationPoint 13.9008842707 -13.4166129827 160.6257332563)
(ComputeZYX "false")

// ResampleInterpolator specific
(ResampleInterpolator "FinalBSplineInterpolator")
(FinalBSplineInterpolationOrder 3)

// Resampler specific
(Resampler "DefaultResampler")
(DefaultPixelValue 0.000000)
(ResultImageFormat "nii.gz")
(ResultImagePixelType "short")
(CompressResultImage "false")

=============== end of TransformParameterFile ===============

Creating the TransformParameterFile took 0.00s

Registration result checksum: 3060151899

Skipping applying final transform, no resulting output image generated.

Final metric value  = -0.251942
Settings of AdaptiveStochasticGradientDescent for all resolutions:
( SP_a 38.851273 )
( SP_A 20.000000 )
( SP_alpha 1.000000 )
( SigmoidMax 1.000000 )
( SigmoidMin -0.920884 )
( SigmoidScale 0.000098 )

Time spent on saving the results, applying the final transform etc.: 3 ms.
Running elastix with parameter file 0: "/Users/sakinkirti/Programming/Python/CCIPD/racial-disparity-pca/code_matlab/rigid.txt", has finished.


Current time: Mon May 23 08:30:42 2022.
Time used for running elastix with this parameter file:
  5.6s.

-------------------------------------------------------------------------

Total time elapsed: 5.8s.

