
transformix is started at Mon May 23 08:25:57 2022.

which transformix:   /Users/sakinkirti/Programming/Python/CCIPD/racial-disparity-pca/code_matlab/elastix-5.0.0-mac/bin/transformix
transformix runs at: Sakins-MBP.hsd1.ca.comcast.net
  macOS 12.3.1 (x64), 21E258
  with 8192 MB memory, and 2 cores @ 2300 MHz.
Running transformix with parameter file "/Users/sakinkirti/Programming/Python/CCIPD/racial-disparity-pca/dataset/to_nifti_cleaned/prostate-001203/TransformParameters.0.txt".

Reading the elastix parameters from file ...

Installing all components.
InstallingComponents was successful.

ELASTIX version: 5.000
Command line options from ElastixBase:
-in       /Users/sakinkirti/Programming/Python/CCIPD/racial-disparity-pca/dataset/to_nifti_cleaned/prostate-001203/LS1_ST.nii.gz
-out      /Users/sakinkirti/Programming/Python/CCIPD/racial-disparity-pca/dataset/to_nifti_cleaned/prostate-001203/
-threads  unspecified, so all available threads are used
-tp       /Users/sakinkirti/Programming/Python/CCIPD/racial-disparity-pca/dataset/to_nifti_cleaned/prostate-001203/TransformParameters.0.txt
-def      unspecified, so no input points transformed
-jac      unspecified, so no det(dT/dx) computed
-jacmat   unspecified, so no dT/dx computed

=============== start of ParameterFile: /Users/sakinkirti/Programming/Python/CCIPD/racial-disparity-pca/dataset/to_nifti_cleaned/prostate-001203/TransformParameters.0.txt ===============
(Transform "EulerTransform")
(NumberOfParameters 6)
(TransformParameters 0.021099 0.006897 0.005137 0.443688 2.369140 17.472663)
(InitialTransformParametersFileName "NoInitialTransform")
(UseBinaryFormatForTransformationParameters "false")
(HowToCombineTransforms "Compose")

// Image specific
(FixedImageDimension 3)
(MovingImageDimension 3)
(FixedInternalImagePixelType "float")
(MovingInternalImagePixelType "float")
(Size 198 198 24)
(Index 0 0 0)
(Spacing 1.2121212482 1.2121212482 3.0000000000)
(Origin -142.5078430176 -99.7333450317 -82.7482757568)
(Direction 1.0000000000 0.0000000000 0.0000000000 0.0000000000 1.0000000000 0.0000000000 0.0000000000 0.0000000000 1.0000000000)
(UseDirectionCosines "false")

// EulerTransform specific
(CenterOfRotationPoint -23.1139000654 19.6605979204 -48.2482757568)
(ComputeZYX "false")

// ResampleInterpolator specific
(ResampleInterpolator "FinalBSplineInterpolator")
(FinalBSplineInterpolationOrder 3)

// Resampler specific
(Resampler "DefaultResampler")
(DefaultPixelValue 0.000000)
(ResultImageFormat "nii.gz")
(ResultImagePixelType "short")
(CompressResultImage "false")


=============== end of ParameterFile: /Users/sakinkirti/Programming/Python/CCIPD/racial-disparity-pca/dataset/to_nifti_cleaned/prostate-001203/TransformParameters.0.txt ===============


Reading input image ...
  Reading input image took 0.087045 s
Calling all ReadFromFile()'s ...
  Calling all ReadFromFile()'s took 0.000252 s
Transforming points ...
  The command-line option "-def" is not used, so no points are transformed
  Transforming points done, it took 0.00s
Compute determinant of spatial Jacobian ...
  The command-line option "-jac" is not used, so no det(dT/dx) computed.
  Computing determinant of spatial Jacobian done, it took 0.00s
Compute spatial Jacobian (full matrix) ...
  The command-line option "-jacmat" is not used, so no dT/dx computed.
  Computing spatial Jacobian done, it took 0.00s
Resampling image and writing to disk ...
  Resampling took 0.15s

transformix has finished at Mon May 23 08:25:58 2022.
Total time elapsed: 0.3s.

