
elastix is started at Mon May 23 08:25:06 2022.

which elastix:   /Users/sakinkirti/Programming/Python/CCIPD/racial-disparity-pca/code_matlab/elastix-5.0.0-mac/bin/elastix
elastix runs at: Sakins-MBP.hsd1.ca.comcast.net
  macOS 12.3.1 (x64), 21E258
  with 8192 MB memory, and 2 cores @ 2300 MHz.
-------------------------------------------------------------------------

Running elastix with parameter file 0: "/Users/sakinkirti/Programming/Python/CCIPD/racial-disparity-pca/code_matlab/rigid.txt".

Current time: Mon May 23 08:25:06 2022.
Reading the elastix parameters from file ...

Installing all components.
InstallingComponents was successful.

ELASTIX version: 5.000
Command line options from ElastixBase:
-f        /Users/sakinkirti/Programming/Python/CCIPD/racial-disparity-pca/dataset/to_nifti_cleaned/prostate-000399/ADC.nii.gz
-m        /Users/sakinkirti/Programming/Python/CCIPD/racial-disparity-pca/dataset/to_nifti_cleaned/prostate-000399/T2W.nii.gz
-fMask    unspecified, so no fixed mask used
-mMask    unspecified, so no moving mask used
-out      /Users/sakinkirti/Programming/Python/CCIPD/racial-disparity-pca/dataset/to_nifti_cleaned/prostate-000399/
-p        /Users/sakinkirti/Programming/Python/CCIPD/racial-disparity-pca/code_matlab/rigid.txt
-threads  unspecified, so all available threads are used
Command line options from TransformBase:
-t0       unspecified, so no initial transform used

=============== start of ParameterFile: /Users/sakinkirti/Programming/Python/CCIPD/racial-disparity-pca/code_matlab/rigid.txt ===============
// Example parameter file for rotation registration
// C-style comments: //

// The internal pixel type, used for internal computations
// Leave to float in general. 
// NB: this is not the type of the input images! The pixel 
// type of the input images is automatically read from the 
// images themselves.
// This setting can be changed to "short" to save some memory
// in case of very large 3D images.
(FixedInternalImagePixelType "float")
(MovingInternalImagePixelType "float")

// The dimensions of the fixed and moving image
// Up to elastix 4.5 this had to be specified by the user.
// From elastix 4.6, this is not necessary anymore.
//(FixedImageDimension 3)
//(MovingImageDimension 3)

// Specify whether you want to take into account the so-called
// direction cosines of the images. Recommended: true.
// In some cases, the direction cosines of the image are corrupt,
// due to image format conversions for example. In that case, you 
// may want to set this option to "false".
(UseDirectionCosines "false")

// **************** Main Components **************************

// The following components should usually be left as they are:
(Registration "MultiResolutionRegistration")
(Interpolator "BSplineInterpolator")
(ResampleInterpolator "FinalBSplineInterpolator")
(Resampler "DefaultResampler")

// These may be changed to Fixed/MovingSmoothingImagePyramid.
// See the manual.
(FixedImagePyramid "FixedRecursiveImagePyramid")
(MovingImagePyramid "MovingRecursiveImagePyramid")

// The following components are most important:
// The optimizer AdaptiveStochasticGradientDescent (ASGD) works
// quite ok in general. The Transform and Metric are important
// and need to be chosen careful for each application. See manual.
(Optimizer "AdaptiveStochasticGradientDescent")
(Transform "EulerTransform")
(Metric "AdvancedMattesMutualInformation")

// ***************** Transformation **************************

// Scales the rotations compared to the translations, to make
// sure they are in the same range. In general, it's best to  
// use automatic scales estimation:
(AutomaticScalesEstimation "true")

// Automatically guess an initial translation by aligning the
// geometric centers of the fixed and moving.
(AutomaticTransformInitialization "true")

// Whether transforms are combined by composition or by addition.
// In generally, Compose is the best option in most cases.
// It does not influence the results very much.
(HowToCombineTransforms "Compose")

// ******************* Similarity measure *********************

// Number of grey level bins in each resolution level,
// for the mutual information. 16 or 32 usually works fine.
// You could also employ a hierarchical strategy:
//(NumberOfHistogramBins 16 32 64)
(NumberOfHistogramBins 32)

// If you use a mask, this option is important. 
// If the mask serves as region of interest, set it to false.
// If the mask indicates which pixels are valid, then set it to true.
// If you do not use a mask, the option doesn't matter.
(ErodeMask "false")

// ******************** Multiresolution **********************

// The number of resolutions. 1 Is only enough if the expected
// deformations are small. 3 or 4 mostly works fine. For large
// images and large deformations, 5 or 6 may even be useful.
(NumberOfResolutions 1)

// The downsampling/blurring factors for the image pyramids.
// By default, the images are downsampled by a factor of 2
// compared to the next resolution.
// So, in 2D, with 4 resolutions, the following schedule is used:
//(ImagePyramidSchedule 8 8  4 4  2 2  1 1 )
// And in 3D:
//(ImagePyramidSchedule 8 8 8  4 4 4  2 2 2  1 1 1 )
// You can specify any schedule, for example:
//(ImagePyramidSchedule 4 4  4 3  2 1  1 1 )
// Make sure that the number of elements equals the number
// of resolutions times the image dimension.

// ******************* Optimizer ****************************

// Maximum number of iterations in each resolution level:
// 200-500 works usually fine for rigid registration.
// For more robustness, you may increase this to 1000-2000.
(MaximumNumberOfIterations 500)

// The step size of the optimizer, in mm. By default the voxel size is used.
// which usually works well. In case of unusual high-resolution images
// (eg histology) it is necessary to increase this value a bit, to the size
// of the "smallest visible structure" in the image:
//(MaximumStepLength 1.0)

// **************** Image sampling **********************

// Number of spatial samples used to compute the mutual
// information (and its derivative) in each iteration.
// With an AdaptiveStochasticGradientDescent optimizer,
// in combination with the two options below, around 2000
// samples may already suffice.
(NumberOfSpatialSamples 2000)

// Refresh these spatial samples in every iteration, and select
// them randomly. See the manual for information on other sampling
// strategies.
(NewSamplesEveryIteration "true")
(ImageSampler "Random")

// ************* Interpolation and Resampling ****************

// Order of B-Spline interpolation used during registration/optimisation.
// It may improve accuracy if you set this to 3. Never use 0.
// An order of 1 gives linear interpolation. This is in most 
// applications a good choice.
(BSplineInterpolationOrder 1)

// Order of B-Spline interpolation used for applying the final
// deformation.
// 3 gives good accuracy; recommended in most cases.
// 1 gives worse accuracy (linear interpolation)
// 0 gives worst accuracy, but is appropriate for binary images
// (masks, segmentations); equivalent to nearest neighbor interpolation.
(FinalBSplineInterpolationOrder 3)

//Default pixel value for pixels that come from outside the picture:
(DefaultPixelValue 0)

// Choose whether to generate the deformed moving image.
// You can save some time by setting this to false, if you are
// only interested in the final (nonrigidly) deformed moving image
// for example.
(WriteResultImage "false")

// The pixel type and format of the resulting deformed moving image
(ResultImagePixelType "short")
(ResultImageFormat "nii.gz")




=============== end of ParameterFile: /Users/sakinkirti/Programming/Python/CCIPD/racial-disparity-pca/code_matlab/rigid.txt ===============


Reading images...
Reading images took 132 ms.

WARNING: the fixed pyramid schedule is not fully specified!
  A default pyramid schedule is used.
WARNING: the moving pyramid schedule is not fully specified!
  A default pyramid schedule is used.
WARNING: The parameter "AutomaticTransformInitializationMethod", requested at entry number 0, does not exist at all.
  The default value "GeometricalCenter" is used instead.
Transform parameters are initialized as: [0, 0, 0, 0.0625, 0.0625, 0]
Scales are estimated automatically.
Scales for transform parameters are: [4219.453125, 5569.453125, 8488.40625, 1, 1, 1]
Initialization of all components (before registration) took: 13 ms.
Preparation of the image pyramids took: 15 ms.

Resolution: 0
WARNING: The parameter "ShowExactMetricValue", requested at entry number 0, does not exist at all.
  The default value "false" is used instead.
WARNING: The parameter "CheckNumberOfSamples", requested at entry number 0, does not exist at all.
  The default value "true" is used instead.
WARNING: The parameter "UseMultiThreadingForMetrics", requested at entry number 0, does not exist at all.
  The default value "true" is used instead.
Setting the fixed masks took: 0 ms.
Setting the moving masks took: 0 ms.
WARNING: The parameter "NumberOfFixedHistogramBins", requested at entry number 0, does not exist at all.
  The default value "32" is used instead.
WARNING: The parameter "NumberOfMovingHistogramBins", requested at entry number 0, does not exist at all.
  The default value "32" is used instead.
WARNING: The parameter "FixedLimitRangeRatio", requested at entry number 0, does not exist at all.
  The default value "0.01" is used instead.
WARNING: The parameter "MovingLimitRangeRatio", requested at entry number 0, does not exist at all.
  The default value "0.01" is used instead.
WARNING: The parameter "FixedKernelBSplineOrder", requested at entry number 0, does not exist at all.
  The default value "0" is used instead.
WARNING: The parameter "MovingKernelBSplineOrder", requested at entry number 0, does not exist at all.
  The default value "3" is used instead.
WARNING: The parameter "UseFastAndLowMemoryVersion", requested at entry number 0, does not exist at all.
  The default value "true" is used instead.
WARNING: The parameter "UseJacobianPreconditioning", requested at entry number 0, does not exist at all.
  The default value "false" is used instead.
WARNING: The parameter "FiniteDifferenceDerivative", requested at entry number 0, does not exist at all.
  The default value "false" is used instead.
WARNING: The parameter "SP_A", requested at entry number 0, does not exist at all.
  The default value "20" is used instead.
WARNING: The parameter "MaximumNumberOfSamplingAttempts", requested at entry number 0, does not exist at all.
  The default value "0" is used instead.
WARNING: The parameter "SigmoidInitialTime", requested at entry number 0, does not exist at all.
  The default value "0" is used instead.
WARNING: The parameter "MaxBandCovSize", requested at entry number 0, does not exist at all.
  The default value "192" is used instead.
WARNING: The parameter "NumberOfBandStructureSamples", requested at entry number 0, does not exist at all.
  The default value "10" is used instead.
WARNING: The parameter "UseAdaptiveStepSizes", requested at entry number 0, does not exist at all.
  The default value "true" is used instead.
WARNING: The parameter "AutomaticParameterEstimation", requested at entry number 0, does not exist at all.
  The default value "true" is used instead.
WARNING: The parameter "UseConstantStep", requested at entry number 0, does not exist at all.
  The default value "false" is used instead.
WARNING: The parameter "MaximumStepLengthRatio", requested at entry number 0, does not exist at all.
  The default value "1" is used instead.
WARNING: The parameter "MaximumStepLength", requested at entry number 0, does not exist at all.
  The default value "0.6875" is used instead.
WARNING: The parameter "NumberOfGradientMeasurements", requested at entry number 0, does not exist at all.
  The default value "0" is used instead.
WARNING: The parameter "NumberOfJacobianMeasurements", requested at entry number 0, does not exist at all.
  The default value "1000" is used instead.
WARNING: The parameter "NumberOfSamplesForExactGradient", requested at entry number 0, does not exist at all.
  The default value "100000" is used instead.
WARNING: The parameter "SigmoidScaleFactor", requested at entry number 0, does not exist at all.
  The default value "0.1" is used instead.
Elastix initialization of all components (for this resolution) took: 1 ms.
  Computing the fixed image extrema took 10 ms.
  Computing the moving image extrema took 8 ms.
Initialization of AdvancedMattesMutualInformation metric took: 111 ms.
Starting automatic parameter estimation for AdaptiveStochasticGradientDescent ...
WARNING: The parameter "ASGDParameterEstimationMethod", requested at entry number 0, does not exist at all.
  The default value "Original" is used instead.
  Computing JacobianTerms ...
  Computing the Jacobian terms took 0.003892s
  NumberOfGradientMeasurements to estimate sigma_i: 6
  Sampling gradients ...
  Sampling the gradients took 0.435125s
Automatic parameter estimation took 0.44s
1:ItNr	2:Metric	3a:Time	3b:StepSize	4:||Gradient||	Time[ms]
0	-0.139162	0.000000	2.544894	0.015349	554.0
1	-0.137836	0.000000	2.544894	0.025231	4.6
2	-0.129640	0.704912	2.462243	0.029413	8.9
3	-0.168735	0.000000	2.544894	0.025222	7.6
4	-0.125269	0.000000	2.544894	0.016268	2.6
5	-0.136674	0.498747	2.485855	0.044273	4.0
6	-0.115626	1.498114	2.375434	0.025412	4.8
7	-0.125725	2.498114	2.274343	0.016171	3.1
8	-0.180349	1.950038	2.328658	0.019394	6.1
9	-0.133998	2.410148	2.282889	0.023150	2.1
10	-0.147874	1.488116	2.376490	0.026239	5.7
11	-0.136990	2.448018	2.279202	0.015460	2.9
12	-0.162310	3.447383	2.186033	0.026895	2.1
13	-0.159595	4.349299	2.108255	0.013748	2.2
14	-0.145313	3.747756	2.159500	0.043971	7.3
15	-0.151418	4.740571	2.076208	0.017286	4.1
16	-0.164751	5.740571	1.998565	0.028514	2.7
17	-0.128427	6.740455	1.926528	0.022134	3.5
18	-0.141032	7.735907	1.859791	0.013432	3.8
19	-0.140969	6.994543	1.909043	0.013153	5.3
20	-0.137619	6.147131	1.968634	0.016097	2.4
21	-0.150752	5.860446	1.989646	0.016085	5.1
22	-0.131061	5.973076	1.981338	0.018520	2.8
23	-0.155544	5.465782	2.019316	0.014046	4.3
24	-0.140401	5.371347	2.026547	0.018015	2.8
25	-0.147833	4.496681	2.096068	0.014531	4.3
26	-0.124899	3.573389	2.174823	0.014134	4.2
27	-0.112113	3.398925	2.190374	0.015045	3.1
28	-0.124367	2.579249	2.266517	0.034383	2.0
29	-0.147668	1.660449	2.358417	0.038952	2.8
30	-0.156125	0.733790	2.458972	0.029248	3.2
31	-0.142969	1.704614	2.353829	0.010417	5.6
32	-0.131324	2.389604	2.284895	0.026497	2.9
33	-0.121257	3.274484	2.201603	0.013476	2.3
34	-0.122979	2.375394	2.286283	0.016435	3.7
35	-0.149915	2.129789	2.310561	0.012367	3.7
36	-0.152871	3.123950	2.215341	0.016282	3.8
37	-0.138874	2.203976	2.303173	0.016162	2.3
38	-0.150464	1.299428	2.396599	0.014119	2.7
39	-0.136536	2.293982	2.294274	0.034529	5.2
40	-0.139640	1.367355	2.389320	0.015037	3.2
41	-0.168976	2.367183	2.287087	0.019277	3.6
42	-0.150683	1.441567	2.381419	0.032198	2.2
43	-0.157465	2.441458	2.279840	0.042619	5.4
44	-0.152721	1.514800	2.373673	0.024526	3.9
45	-0.138119	0.588141	2.475562	0.025477	3.0
46	-0.132878	0.000000	2.544894	0.015308	2.4
47	-0.145709	0.000000	2.544894	0.021317	2.5
48	-0.131278	0.180184	2.523244	0.019953	2.3
49	-0.123021	0.000000	2.544894	0.017919	2.4
50	-0.152066	0.000000	2.544894	0.021515	2.6
51	-0.150804	0.710221	2.461641	0.020798	2.3
52	-0.144180	1.710217	2.353248	0.024492	2.5
53	-0.142046	2.661796	2.258610	0.014737	2.5
54	-0.155173	3.599546	2.172511	0.024271	2.3
55	-0.158506	4.591660	2.088289	0.011123	2.2
56	-0.136770	5.412057	2.023424	0.032343	2.3
57	-0.128237	6.304097	1.957317	0.014390	2.3
58	-0.135543	5.649682	2.005381	0.009512	3.5
59	-0.156161	6.396229	1.950735	0.025333	5.0
60	-0.135746	5.482027	2.018077	0.023219	4.4
61	-0.132386	6.482021	1.944645	0.021374	2.1
62	-0.132353	5.555373	2.012503	0.017326	3.9
63	-0.156722	4.723340	2.077599	0.014968	7.0
64	-0.147360	4.287410	2.113414	0.012697	2.7
65	-0.130259	5.045105	2.051932	0.016736	2.0
66	-0.132910	5.661665	2.004480	0.016278	3.6
67	-0.139117	4.743732	2.075953	0.018543	4.7
68	-0.154825	5.456913	2.019993	0.014226	4.0
69	-0.154429	4.618223	2.086124	0.018133	2.5
70	-0.143227	5.593830	2.009593	0.021657	2.0
71	-0.128047	6.578711	1.937827	0.014805	3.6
72	-0.139063	5.664982	2.004231	0.022855	8.4
73	-0.151316	4.828181	2.069165	0.024581	3.4
74	-0.104989	5.816979	1.992871	0.027842	6.2
75	-0.146871	6.816971	1.921229	0.016403	8.8
76	-0.119016	7.810756	1.854959	0.018649	2.7
77	-0.160980	7.145033	1.898835	0.018667	5.0
78	-0.165663	8.084469	1.837502	0.013017	4.1
79	-0.132792	7.269081	1.890503	0.015297	2.4
80	-0.150750	8.084887	1.837476	0.005844	2.9
81	-0.156863	8.848702	1.790456	0.042079	3.8
82	-0.171870	9.799126	1.735204	0.010624	5.2
83	-0.124206	8.872469	1.789031	0.012395	2.8
84	-0.147774	9.560881	1.748732	0.015885	2.0
85	-0.129599	8.917760	1.786323	0.012657	3.8
86	-0.160330	8.225875	1.828612	0.029791	6.6
87	-0.147666	9.225660	1.768126	0.007023	4.8
88	-0.141309	9.683709	1.741731	0.021895	2.1
89	-0.151557	10.628332	1.689712	0.033044	2.9
90	-0.139204	11.628274	1.637928	0.031218	4.1
91	-0.153684	12.628274	1.589222	0.009539	3.3
92	-0.154660	13.178966	1.563616	0.023960	3.1
93	-0.132214	13.341471	1.556217	0.019236	4.2
94	-0.109393	12.560864	1.592414	0.011825	4.7
95	-0.114428	13.511368	1.548556	0.016544	2.8
96	-0.125718	13.982700	1.527692	0.027643	2.1
97	-0.174426	13.058971	1.569125	0.034332	3.7
98	-0.164835	14.017078	1.526192	0.016316	5.8
99	-0.142964	13.172706	1.563902	0.012910	3.9
100	-0.147200	13.903727	1.531148	0.016661	2.0
101	-0.140404	12.998116	1.571934	0.022782	3.7
102	-0.140951	12.072021	1.615951	0.019485	5.1
103	-0.124911	11.767887	1.630950	0.014060	3.6
104	-0.154853	11.083721	1.665729	0.024720	1.9
105	-0.146468	11.615174	1.638586	0.013046	3.3
106	-0.144632	10.715622	1.685062	0.012238	6.2
107	-0.151450	11.574976	1.640608	0.014347	3.4
108	-0.159892	12.566462	1.592148	0.022647	2.1
109	-0.153832	11.640333	1.637323	0.018379	3.2
110	-0.149132	10.745122	1.683496	0.018602	4.9
111	-0.132322	9.819362	1.734065	0.023698	4.9
112	-0.112160	10.819347	1.679569	0.022821	2.2
113	-0.160047	9.897670	1.729670	0.021308	3.1
114	-0.140666	10.897592	1.675449	0.020322	5.0
115	-0.161446	10.785516	1.681356	0.015161	5.1
116	-0.125737	10.120996	1.717258	0.041217	3.1
117	-0.169236	9.194340	1.769960	0.021694	3.5
118	-0.097231	10.194340	1.713220	0.012150	6.9
119	-0.183055	9.854522	1.732089	0.033219	2.8
120	-0.136453	10.627878	1.689736	0.010939	2.0
121	-0.127506	11.477358	1.645540	0.036922	3.7
122	-0.128569	10.552608	1.693767	0.023135	5.7
123	-0.149369	9.625949	1.745016	0.020261	3.2
124	-0.134280	10.625933	1.689840	0.021576	2.1
125	-0.141375	9.699295	1.740847	0.016234	2.1
126	-0.158563	10.699202	1.685934	0.034814	5.4
127	-0.127245	11.699173	1.634377	0.009633	4.3
128	-0.129119	12.475691	1.596465	0.012574	2.7
129	-0.123079	13.057850	1.569176	0.033391	2.0
130	-0.146199	13.457245	1.550988	0.028478	3.5
131	-0.099554	12.530586	1.593852	0.014524	6.8
132	-0.148559	11.603939	1.639151	0.020942	3.1
133	-0.172140	10.677545	1.687087	0.035600	1.9
134	-0.146737	11.677545	1.635459	0.018828	4.4
135	-0.145740	10.750984	1.683185	0.005945	7.8
136	-0.135318	10.179123	1.714056	0.016049	2.5
137	-0.164370	10.863261	1.677254	0.009917	2.0
138	-0.137186	10.862780	1.677279	0.026803	4.4
139	-0.157706	11.855939	1.626579	0.030879	4.6
140	-0.124687	11.198490	1.659791	0.008714	3.0
141	-0.143128	10.503986	1.696381	0.020811	4.0
142	-0.167687	9.867568	1.731357	0.021295	5.9
143	-0.156549	10.705213	1.685615	0.015510	4.0
144	-0.146939	11.516701	1.643549	0.018673	2.0
145	-0.150338	12.251282	1.607240	0.026414	3.8
146	-0.143231	13.251281	1.560315	0.019755	2.2
147	-0.153511	12.324633	1.603702	0.018030	6.4
148	-0.107651	11.414210	1.648745	0.027532	2.2
149	-0.153074	10.487552	1.697267	0.013659	2.0
150	-0.153123	9.562331	1.748649	0.011931	5.4
151	-0.151719	8.692611	1.799868	0.018850	4.5
152	-0.133599	9.629327	1.744824	0.019984	2.7
153	-0.141492	8.703359	1.799217	0.015186	2.0
154	-0.192040	8.260826	1.826428	0.008373	3.7
155	-0.168645	8.419844	1.816555	0.016730	7.4
156	-0.146085	9.309215	1.763252	0.013585	2.7
157	-0.144599	10.143696	1.716006	0.008915	2.1
158	-0.114697	10.999428	1.670117	0.025472	4.5
159	-0.164342	11.997705	1.619591	0.015974	6.6
160	-0.136234	12.997585	1.571958	0.019154	2.8
161	-0.135335	13.970598	1.528220	0.018968	2.1
162	-0.144263	13.990942	1.527332	0.012012	4.4
163	-0.133313	13.082886	1.568024	0.022702	5.0
164	-0.183494	14.081648	1.523383	0.024615	4.1
165	-0.163972	13.188896	1.563162	0.015108	2.4
166	-0.138469	12.263581	1.606645	0.013194	2.7
167	-0.138629	13.174634	1.563814	0.005349	3.9
168	-0.164453	13.810650	1.535242	0.031333	5.2
169	-0.143109	13.429575	1.552235	0.021559	4.2
170	-0.155114	13.390842	1.553983	0.013753	5.2
171	-0.116273	12.598682	1.590621	0.017292	5.0
172	-0.130668	12.318600	1.603992	0.012333	3.9
173	-0.133929	13.307101	1.557776	0.018105	4.0
174	-0.142735	12.384852	1.600809	0.017067	6.2
175	-0.146370	13.181333	1.563508	0.016375	4.1
176	-0.120929	14.124730	1.521514	0.018799	3.6
177	-0.111995	13.259111	1.559958	0.014979	5.0
178	-0.131506	14.073911	1.523719	0.010448	5.4
179	-0.141683	13.378176	1.554555	0.013692	3.7
180	-0.160077	13.178889	1.563620	0.017675	4.9
181	-0.142980	13.742122	1.538270	0.029610	4.3
182	-0.126883	14.742108	1.495233	0.012899	4.3
183	-0.114040	15.740391	1.454606	0.011844	3.8
184	-0.131080	14.918364	1.487896	0.021944	4.4
185	-0.154660	15.725341	1.455202	0.008488	6.5
186	-0.144126	16.712521	1.417110	0.023653	2.8
187	-0.157416	15.809135	1.451889	0.015507	4.8
188	-0.139290	15.093315	1.480684	0.015463	4.6
189	-0.155991	15.661054	1.457753	0.022343	4.1
190	-0.121729	16.169242	1.437823	0.013772	3.4
191	-0.142674	17.162219	1.400411	0.008824	4.2
192	-0.102025	16.413387	1.428440	0.015541	3.9
193	-0.139640	16.932300	1.408899	0.017899	5.6
194	-0.163767	16.104103	1.440347	0.014237	3.4
195	-0.122030	16.192319	1.436930	0.017728	13.4
196	-0.146039	16.724489	1.416660	0.013259	4.3
197	-0.134819	17.721099	1.380198	0.016988	2.5
198	-0.137475	16.802664	1.413730	0.009789	4.2
199	-0.164065	16.846883	1.412079	0.012327	5.5
200	-0.163237	16.407799	1.428653	0.018692	2.8
201	-0.141862	16.853397	1.411836	0.030487	4.4
202	-0.127030	17.537064	1.386789	0.009000	4.3
203	-0.139598	16.622688	1.420493	0.012742	4.5
204	-0.144520	16.210890	1.436213	0.014268	4.0
205	-0.150759	17.113285	1.402209	0.012332	5.5
206	-0.168491	17.701858	1.380884	0.017692	3.1
207	-0.158874	16.993486	1.406630	0.022213	2.6
208	-0.127249	17.993480	1.370557	0.010204	4.0
209	-0.136281	18.579981	1.350248	0.016457	5.2
210	-0.150854	19.194308	1.329611	0.013193	3.9
211	-0.171285	18.664591	1.347367	0.009946	2.6
212	-0.142353	17.888619	1.374252	0.022711	4.1
213	-0.137963	17.081969	1.403362	0.019313	6.6
214	-0.154941	16.160291	1.438169	0.029966	4.3
215	-0.157318	17.160288	1.400481	0.017675	3.7
216	-0.133902	18.157970	1.364799	0.015031	5.4
217	-0.155130	17.275983	1.396248	0.011531	3.4
218	-0.152035	17.304536	1.395208	0.006348	5.1
219	-0.131123	17.695730	1.381103	0.019546	5.6
220	-0.137471	16.882981	1.410733	0.017125	2.7
221	-0.170691	15.986804	1.444915	0.015913	2.6
222	-0.131568	16.700268	1.417570	0.033690	4.3
223	-0.158388	17.700259	1.380941	0.027178	7.0
224	-0.150684	18.700139	1.346161	0.022903	4.5
225	-0.156811	19.700139	1.313086	0.023211	2.7
226	-0.142191	18.783179	1.343351	0.015479	3.4
227	-0.145415	17.924488	1.372986	0.015744	3.7
228	-0.177128	17.106230	1.402468	0.010583	5.6
229	-0.153396	17.195200	1.399201	0.032634	3.5
230	-0.133405	16.632934	1.420107	0.025906	5.0
231	-0.149812	15.706275	1.455958	0.014152	3.5
232	-0.131530	16.704546	1.417409	0.019056	4.6
233	-0.162506	17.633614	1.383323	0.025426	5.6
234	-0.140152	16.846785	1.412082	0.015823	3.4
235	-0.162795	15.947027	1.446470	0.019553	5.1
236	-0.149970	15.021448	1.483638	0.018428	5.0
237	-0.132649	14.160547	1.519964	0.023557	4.0
238	-0.128611	15.159948	1.477955	0.012956	4.2
239	-0.141586	15.585168	1.460777	0.017003	4.1
240	-0.154775	14.775657	1.493831	0.012174	4.7
241	-0.139808	15.742064	1.454539	0.010741	3.5
242	-0.152811	16.615193	1.420776	0.017434	4.7
243	-0.144009	16.028261	1.443297	0.016148	3.9
244	-0.133756	15.590134	1.460579	0.011119	5.4
245	-0.141812	16.579822	1.422114	0.009310	4.2
246	-0.100568	16.922417	1.409266	0.009197	4.7
247	-0.134553	16.289153	1.433199	0.021931	6.1
248	-0.138857	17.190846	1.399361	0.023975	3.3
249	-0.158029	16.335709	1.431412	0.021782	5.7
250	-0.156426	15.773341	1.453302	0.017576	5.8
251	-0.172360	15.414434	1.467626	0.031537	5.2
252	-0.140465	14.494369	1.505669	0.024739	9.0
253	-0.191238	15.494369	1.464412	0.013204	5.5
254	-0.144317	16.493654	1.425382	0.022413	4.2
255	-0.117517	16.255762	1.434484	0.005706	6.4
256	-0.138359	15.736791	1.454748	0.016691	5.6
257	-0.166691	15.148313	1.478431	0.010118	7.7
258	-0.116575	15.987044	1.444905	0.017917	5.0
259	-0.167524	15.419392	1.467426	0.030205	7.3
260	-0.149320	16.419392	1.428211	0.018608	6.2
261	-0.147585	15.492742	1.464477	0.014229	5.0
262	-0.144335	14.587968	1.501709	0.016891	5.0
263	-0.118454	15.291362	1.472603	0.023941	5.8
264	-0.153320	14.599134	1.501238	0.016922	2.7
265	-0.145155	14.019364	1.526092	0.024408	5.2
266	-0.106198	13.591306	1.544977	0.010564	6.1
267	-0.124803	12.678830	1.586836	0.021943	4.6
268	-0.152458	11.761496	1.631268	0.032915	6.6
269	-0.138497	12.761495	1.582951	0.020640	3.8
270	-0.141736	11.834837	1.627624	0.024458	4.1
271	-0.162791	12.834101	1.579554	0.025570	4.0
272	-0.156233	13.834074	1.534210	0.013204	7.0
273	-0.130740	14.799744	1.492826	0.026068	3.8
274	-0.124824	14.215516	1.517592	0.017070	4.3
275	-0.143839	15.215092	1.475705	0.026450	8.0
276	-0.135556	14.482490	1.506173	0.020740	3.8
277	-0.112200	13.558143	1.546460	0.012086	4.5
278	-0.142874	12.633801	1.588960	0.014516	4.8
279	-0.123577	11.744923	1.632094	0.009528	4.2
280	-0.143375	11.113038	1.664208	0.012930	4.0
281	-0.115986	10.586256	1.691963	0.017239	3.7
282	-0.120635	9.662867	1.742915	0.006504	4.5
283	-0.111603	9.125667	1.773995	0.014882	4.1
284	-0.174022	8.652306	1.802314	0.023289	3.4
285	-0.139150	9.644034	1.743986	0.016240	3.8
286	-0.135378	10.574999	1.692566	0.017552	13.0
287	-0.145653	10.248747	1.710237	0.032024	8.1
288	-0.174147	9.322104	1.762502	0.030003	4.4
289	-0.125660	10.322104	1.706232	0.011058	10.2
290	-0.160938	11.311739	1.653974	0.015534	5.3
291	-0.126265	11.813615	1.628677	0.012781	5.6
292	-0.131316	12.800971	1.581102	0.018353	6.7
293	-0.133966	12.260721	1.606783	0.020185	5.1
294	-0.169534	11.377078	1.650636	0.010585	10.4
295	-0.124302	12.344240	1.602759	0.037504	38.9
296	-0.173784	11.643148	1.637182	0.007187	5.3
297	-0.144779	10.723537	1.684641	0.007679	16.0
298	-0.125131	10.806523	1.680246	0.024929	20.3
299	-0.152377	11.595053	1.639598	0.018231	9.7
300	-0.125967	10.668461	1.687571	0.019972	6.8
301	-0.154898	9.743595	1.738339	0.025675	7.5
302	-0.112333	10.743594	1.683577	0.025449	5.1
303	-0.113169	11.702554	1.634208	0.014850	4.0
304	-0.146132	11.132219	1.663215	0.028854	3.5
305	-0.122026	10.802972	1.680433	0.006515	3.7
306	-0.124528	11.788316	1.629934	0.024183	8.4
307	-0.138157	12.717614	1.585011	0.036077	4.2
308	-0.182289	13.717614	1.539356	0.010182	3.9
309	-0.133162	14.493849	1.505691	0.011831	4.7
310	-0.108355	13.910414	1.530855	0.012946	5.6
311	-0.128144	13.927450	1.530108	0.010173	3.6
312	-0.118424	14.488564	1.505915	0.014010	6.9
313	-0.135505	15.199291	1.476349	0.012711	3.1
314	-0.149632	14.813750	1.492242	0.021226	5.6
315	-0.159163	14.124765	1.521513	0.025971	3.8
316	-0.130441	13.198166	1.562738	0.020264	3.7
317	-0.144160	12.413049	1.599458	0.012312	3.3
318	-0.147411	11.493589	1.644718	0.008105	5.5
319	-0.140904	12.392904	1.600423	0.023800	4.4
320	-0.158189	13.364607	1.555169	0.017918	4.6
321	-0.117800	12.437974	1.598266	0.022434	4.1
322	-0.130291	11.511332	1.643820	0.009483	5.2
323	-0.145290	11.701301	1.634271	0.017880	3.2
324	-0.151930	11.237887	1.657763	0.015859	3.7
325	-0.133376	10.973086	1.671493	0.015553	6.1
326	-0.139794	11.834179	1.627657	0.014495	10.9
327	-0.129797	10.979090	1.671179	0.013291	13.0
328	-0.134312	10.749343	1.683272	0.009086	4.1
329	-0.127878	11.637836	1.637449	0.035660	7.0
330	-0.159938	10.712441	1.685231	0.035422	4.4
331	-0.150079	9.810176	1.734582	0.026031	5.5
332	-0.144435	8.883518	1.788370	0.018193	6.8
333	-0.113690	7.994058	1.843232	0.018389	4.9
334	-0.140483	8.165593	1.832391	0.013072	7.7
335	-0.123824	8.983363	1.782414	0.027011	4.5
336	-0.131455	9.969796	1.725642	0.020744	4.1
337	-0.133595	9.043138	1.778868	0.013387	4.5
338	-0.141571	10.023392	1.722661	0.013854	4.3
339	-0.163990	10.948680	1.672769	0.008001	3.0
340	-0.128373	10.668650	1.687561	0.018363	4.6
341	-0.161201	9.818729	1.734101	0.013648	5.1
342	-0.138559	10.657185	1.688172	0.020593	4.1
343	-0.138152	10.781439	1.681572	0.015038	4.2
344	-0.130658	11.769373	1.630876	0.010199	5.1
345	-0.124523	12.366054	1.601711	0.015837	4.7
346	-0.141902	13.354914	1.555608	0.021669	3.6
347	-0.167164	12.435588	1.598380	0.011830	5.0
348	-0.175492	11.589643	1.639870	0.023346	4.6
349	-0.143595	10.668402	1.687574	0.022138	4.8
350	-0.140112	9.754906	1.737699	0.006738	3.8
351	-0.145432	9.352392	1.760744	0.019061	4.9
352	-0.156956	8.695280	1.799706	0.009599	4.3
353	-0.132836	8.160794	1.832693	0.018542	3.0
354	-0.106141	7.851288	1.852353	0.027611	4.1
355	-0.145509	8.851142	1.790309	0.021330	5.3
356	-0.124287	9.834295	1.733225	0.006017	4.9
357	-0.129531	10.698123	1.685992	0.019135	5.1
358	-0.123153	11.468596	1.645984	0.007268	4.4
359	-0.135518	12.304822	1.604656	0.025923	4.2
360	-0.152384	12.145412	1.612373	0.014912	4.1
361	-0.134713	13.128880	1.565911	0.011827	5.9
362	-0.106486	12.505215	1.595058	0.025098	4.0
363	-0.116658	12.753453	1.583328	0.016735	4.0
364	-0.161452	11.836281	1.627553	0.018196	5.7
365	-0.120694	12.835963	1.579467	0.007377	4.1
366	-0.157828	13.460779	1.550829	0.019730	4.5
367	-0.093748	14.426696	1.508545	0.013641	5.5
368	-0.112241	15.239062	1.474729	0.014539	4.6
369	-0.120966	14.973045	1.485634	0.014950	6.9
370	-0.145169	14.108592	1.522214	0.013047	7.0
371	-0.129435	15.076781	1.481362	0.026848	5.4
372	-0.135525	16.057092	1.442174	0.019613	6.2
373	-0.144155	17.056981	1.404283	0.005903	5.2
374	-0.163281	17.951030	1.372050	0.014078	3.9
375	-0.157207	18.379121	1.357135	0.020366	5.1
376	-0.171778	19.377473	1.323579	0.009630	6.2
377	-0.137132	19.415787	1.322324	0.025566	5.2
378	-0.149375	20.402622	1.290807	0.014160	3.8
379	-0.137046	21.402453	1.260370	0.018995	5.5
380	-0.141206	22.257672	1.235452	0.009837	3.9
381	-0.135958	22.189890	1.237391	0.029763	4.7
382	-0.112477	21.327744	1.262595	0.032627	5.0
383	-0.100463	22.327744	1.233454	0.015106	4.0
384	-0.134951	21.401090	1.260410	0.012015	5.1
385	-0.120061	20.694641	1.281766	0.015676	4.4
386	-0.126239	21.539982	1.256295	0.009061	4.5
387	-0.114803	22.445550	1.230109	0.017645	3.7
388	-0.142447	21.542678	1.256216	0.047523	5.4
389	-0.129209	22.542649	1.227366	0.033427	4.0
390	-0.155163	21.615991	1.254055	0.027647	4.8
391	-0.142763	22.614870	1.225334	0.015522	3.4
392	-0.145871	23.613876	1.197896	0.023367	4.3
393	-0.163138	24.613444	1.171645	0.033582	5.2
394	-0.160021	25.613444	1.146510	0.012853	5.4
395	-0.144910	24.692883	1.169608	0.013191	5.0
396	-0.124803	25.396330	1.151875	0.015623	4.6
397	-0.152355	25.165514	1.157634	0.022461	4.4
398	-0.155423	26.164753	1.133108	0.008127	5.2
399	-0.128424	25.626162	1.146197	0.018004	4.7
400	-0.165930	24.801956	1.166823	0.018270	3.9
401	-0.146594	23.876038	1.190898	0.007031	5.3
402	-0.146024	24.498994	1.174592	0.040061	5.0
403	-0.185058	23.603923	1.198163	0.023099	3.7
404	-0.140137	24.603923	1.171890	0.020078	4.2
405	-0.149889	23.677444	1.196191	0.007527	4.8
406	-0.109621	23.966440	1.188504	0.012502	4.2
407	-0.116073	23.567595	1.199140	0.013437	4.2
408	-0.150705	22.681060	1.223477	0.019626	6.5
409	-0.129120	23.679213	1.196144	0.022769	5.0
410	-0.137197	22.754528	1.221423	0.013720	4.3
411	-0.142365	23.297322	1.206456	0.015261	4.9
412	-0.124280	22.639736	1.224636	0.024836	5.1
413	-0.131688	23.639119	1.197218	0.009894	3.1
414	-0.112254	22.876659	1.218023	0.028924	3.0
415	-0.145509	21.950528	1.244287	0.012289	3.2
416	-0.107394	22.950473	1.215977	0.015209	2.6
417	-0.104254	22.664639	1.223937	0.039810	3.3
418	-0.140881	21.744281	1.250291	0.014815	2.9
419	-0.153557	22.744274	1.221709	0.024198	3.0
420	-0.137060	23.743861	1.194416	0.036667	3.1
421	-0.125413	24.743860	1.168305	0.027063	3.0
422	-0.138658	25.743859	1.143311	0.023099	2.7
423	-0.102619	26.743859	1.119364	0.021853	3.0
424	-0.153361	27.743857	1.096400	0.026378	3.1
425	-0.146416	26.817199	1.117648	0.025215	3.0
426	-0.152997	27.817199	1.094753	0.016501	3.1
427	-0.151930	28.817094	1.072780	0.018399	2.7
428	-0.150738	29.767590	1.052695	0.017360	2.8
429	-0.137336	30.748088	1.032749	0.024053	3.2
430	-0.136393	29.821446	1.051579	0.014940	4.6
431	-0.155777	28.934336	1.070261	0.021252	5.4
432	-0.151963	29.131009	1.066062	0.015037	4.5
433	-0.119219	29.641384	1.055318	0.013661	6.1
434	-0.157224	30.623893	1.035233	0.015322	4.9
435	-0.136298	31.593051	1.016157	0.021827	4.0
436	-0.152042	32.591403	0.997227	0.025059	6.2
437	-0.140823	31.676652	1.014544	0.008383	7.2
438	-0.129642	30.818447	1.031347	0.055926	3.9
439	-0.130083	31.711948	1.013865	0.030402	4.8
440	-0.126359	30.809976	1.031515	0.014950	6.3
441	-0.162331	30.481836	1.038090	0.018125	4.2
442	-0.129580	29.653886	1.055058	0.011630	4.3
443	-0.171983	29.248632	1.063567	0.014476	4.2
444	-0.157045	29.824794	1.051510	0.025910	4.5
445	-0.153195	30.793280	1.031848	0.017046	3.7
446	-0.133580	29.891096	1.050140	0.015048	4.7
447	-0.138838	30.477929	1.038169	0.024715	4.9
448	-0.135257	31.438374	1.019154	0.015983	4.7
449	-0.127621	30.674388	1.034222	0.015129	4.0
450	-0.142135	29.750741	1.053044	0.012978	4.8
451	-0.128753	29.286700	1.062762	0.015062	7.1
452	-0.148783	29.720790	1.053666	0.021766	3.8
453	-0.129379	28.795205	1.073251	0.018918	5.6
454	-0.124363	27.912088	1.092629	0.013645	4.4
455	-0.109131	28.903823	1.070916	0.009871	3.5
456	-0.144193	29.637047	1.055409	0.018494	4.6
457	-0.148001	29.482710	1.058635	0.032097	4.8
458	-0.140193	28.557276	1.078404	0.010533	4.1
459	-0.146583	27.631614	1.098931	0.026113	12.9
460	-0.153492	28.630434	1.076815	0.022437	4.7
461	-0.173883	28.859393	1.071870	0.016941	6.9
462	-0.154378	28.087633	1.088722	0.021395	4.0
463	-0.136799	29.086567	1.067008	0.030330	4.6
464	-0.126808	28.203212	1.086164	0.028082	4.4
465	-0.136427	29.203204	1.064529	0.031825	4.2
466	-0.108044	30.203195	1.043739	0.026546	4.1
467	-0.123905	29.287559	1.062744	0.019231	5.3
468	-0.107712	30.284069	1.042093	0.015854	7.4
469	-0.124104	30.823450	1.031247	0.028236	4.0
470	-0.134220	31.653737	1.014985	0.012512	5.5
471	-0.128908	32.653625	0.996070	0.041264	5.0
472	-0.113949	33.651915	0.977876	0.017761	4.2
473	-0.129395	32.725257	0.994742	0.014412	5.2
474	-0.129168	33.722756	0.976610	0.036757	5.0
475	-0.143567	34.722753	0.959084	0.016769	4.1
476	-0.105981	35.722753	0.942175	0.021630	3.3
477	-0.171590	34.820426	0.957405	0.009974	5.9
478	-0.152830	33.898775	0.973478	0.019399	3.3
479	-0.122675	33.018203	0.989348	0.012258	3.8
480	-0.159403	32.385344	1.001076	0.017145	3.8
481	-0.140682	31.627171	1.015498	0.027633	4.2
482	-0.121595	32.627170	0.996562	0.013933	4.1
483	-0.163191	31.742819	1.013271	0.018514	3.8
484	-0.140751	32.617069	0.996749	0.016527	5.4
485	-0.153889	31.707396	1.013952	0.014355	3.3
486	-0.176630	32.694756	0.995307	0.014922	5.5
487	-0.159281	31.828380	1.011630	0.012395	5.6
488	-0.107293	30.932367	1.029084	0.017166	4.1
489	-0.156075	30.483514	1.038056	0.021538	3.6
490	-0.115856	31.360315	1.020673	0.023810	4.0
491	-0.127656	30.433686	1.039062	0.017165	3.7
492	-0.131140	30.059011	1.046686	0.012565	4.7
493	-0.140921	29.960667	1.048706	0.026781	3.2
494	-0.152481	30.346355	1.040829	0.015097	3.9
495	-0.153187	30.707965	1.033550	0.023014	3.2
496	-0.157096	29.839645	1.051203	0.038871	6.2
497	-0.118502	30.839623	1.030925	0.009739	3.4
498	-0.157412	29.915759	1.049631	0.018514	3.2
499	-0.127866	30.851520	1.030689	0.025134	3.5
Time spent in resolution 0 (ITK initialization and iterating): 3.047 s.
Stopping condition: Maximum number of iterations has been reached.
Settings of AdaptiveStochasticGradientDescent in resolution 0:
( SP_a 53.442777 )
( SP_A 20.000000 )
( SP_alpha 1.000000 )
( SigmoidMax 1.000000 )
( SigmoidMin -0.926658 )
( SigmoidScale 0.000029 )



=============== start of TransformParameterFile ===============
(Transform "EulerTransform")
(NumberOfParameters 6)
(TransformParameters 0.001099 -0.000673 0.001007 -0.879287 0.265975 -2.054098)
(InitialTransformParametersFileName "NoInitialTransform")
(UseBinaryFormatForTransformationParameters "false")
(HowToCombineTransforms "Compose")

// Image specific
(FixedImageDimension 3)
(MovingImageDimension 3)
(FixedInternalImagePixelType "float")
(MovingInternalImagePixelType "float")
(Size 320 272 30)
(Index 0 0 0)
(Spacing 0.7500000000 0.7500000000 3.0000000000)
(Origin -101.3998107910 -79.9524688721 -22.1033363342)
(Direction 1.0000000000 0.0000000000 0.0000000000 0.0000000000 1.0000000000 0.0000000000 0.0000000000 0.0000000000 1.0000000000)
(UseDirectionCosines "false")

// EulerTransform specific
(CenterOfRotationPoint 18.2251892090 21.6725311279 21.3966636658)
(ComputeZYX "false")

// ResampleInterpolator specific
(ResampleInterpolator "FinalBSplineInterpolator")
(FinalBSplineInterpolationOrder 3)

// Resampler specific
(Resampler "DefaultResampler")
(DefaultPixelValue 0.000000)
(ResultImageFormat "nii.gz")
(ResultImagePixelType "short")
(CompressResultImage "false")

=============== end of TransformParameterFile ===============

Creating the TransformParameterFile took 0.00s

Registration result checksum: 3209234688

Skipping applying final transform, no resulting output image generated.

Final metric value  = -0.127866
Settings of AdaptiveStochasticGradientDescent for all resolutions:
( SP_a 53.442777 )
( SP_A 20.000000 )
( SP_alpha 1.000000 )
( SigmoidMax 1.000000 )
( SigmoidMin -0.926658 )
( SigmoidScale 0.000029 )

Time spent on saving the results, applying the final transform etc.: 5 ms.
Running elastix with parameter file 0: "/Users/sakinkirti/Programming/Python/CCIPD/racial-disparity-pca/code_matlab/rigid.txt", has finished.


Current time: Mon May 23 08:25:10 2022.
Time used for running elastix with this parameter file:
  3.2s.

-------------------------------------------------------------------------

Total time elapsed: 3.3s.

