
elastix is started at Mon May 23 13:38:32 2022.

which elastix:   /Users/sakinkirti/Programming/Python/CCIPD/racial-disparity-pca/code_matlab/elastix-5.0.0-mac/bin/elastix
elastix runs at: Sakins-MBP.hsd1.ca.comcast.net
  macOS 12.3.1 (x64), 21E258
  with 8192 MB memory, and 2 cores @ 2300 MHz.
-------------------------------------------------------------------------

Running elastix with parameter file 0: "/Users/sakinkirti/Programming/Python/CCIPD/racial-disparity-pca/code_matlab/rigid.txt".

Current time: Mon May 23 13:38:32 2022.
Reading the elastix parameters from file ...

Installing all components.
InstallingComponents was successful.

ELASTIX version: 5.000
Command line options from ElastixBase:
-f        /Users/sakinkirti/Programming/Python/CCIPD/racial-disparity-pca/dataset/to_nifti_cleaned/prostate-001489/T2W.nii.gz
-m        /Users/sakinkirti/Programming/Python/CCIPD/racial-disparity-pca/dataset/to_nifti_cleaned/prostate-001489/ADC.nii.gz
-fMask    unspecified, so no fixed mask used
-mMask    unspecified, so no moving mask used
-out      /Users/sakinkirti/Programming/Python/CCIPD/racial-disparity-pca/dataset/to_nifti_cleaned/prostate-001489/
-p        /Users/sakinkirti/Programming/Python/CCIPD/racial-disparity-pca/code_matlab/rigid.txt
-threads  unspecified, so all available threads are used
Command line options from TransformBase:
-t0       unspecified, so no initial transform used

=============== start of ParameterFile: /Users/sakinkirti/Programming/Python/CCIPD/racial-disparity-pca/code_matlab/rigid.txt ===============
// Example parameter file for rotation registration
// C-style comments: //

// The internal pixel type, used for internal computations
// Leave to float in general. 
// NB: this is not the type of the input images! The pixel 
// type of the input images is automatically read from the 
// images themselves.
// This setting can be changed to "short" to save some memory
// in case of very large 3D images.
(FixedInternalImagePixelType "float")
(MovingInternalImagePixelType "float")

// The dimensions of the fixed and moving image
// Up to elastix 4.5 this had to be specified by the user.
// From elastix 4.6, this is not necessary anymore.
//(FixedImageDimension 3)
//(MovingImageDimension 3)

// Specify whether you want to take into account the so-called
// direction cosines of the images. Recommended: true.
// In some cases, the direction cosines of the image are corrupt,
// due to image format conversions for example. In that case, you 
// may want to set this option to "false".
(UseDirectionCosines "false")

// **************** Main Components **************************

// The following components should usually be left as they are:
(Registration "MultiResolutionRegistration")
(Interpolator "BSplineInterpolator")
(ResampleInterpolator "FinalBSplineInterpolator")
(Resampler "DefaultResampler")

// These may be changed to Fixed/MovingSmoothingImagePyramid.
// See the manual.
(FixedImagePyramid "FixedRecursiveImagePyramid")
(MovingImagePyramid "MovingRecursiveImagePyramid")

// The following components are most important:
// The optimizer AdaptiveStochasticGradientDescent (ASGD) works
// quite ok in general. The Transform and Metric are important
// and need to be chosen careful for each application. See manual.
(Optimizer "AdaptiveStochasticGradientDescent")
(Transform "EulerTransform")
(Metric "AdvancedMattesMutualInformation")

// ***************** Transformation **************************

// Scales the rotations compared to the translations, to make
// sure they are in the same range. In general, it's best to  
// use automatic scales estimation:
(AutomaticScalesEstimation "true")

// Automatically guess an initial translation by aligning the
// geometric centers of the fixed and moving.
(AutomaticTransformInitialization "true")

// Whether transforms are combined by composition or by addition.
// In generally, Compose is the best option in most cases.
// It does not influence the results very much.
(HowToCombineTransforms "Compose")

// ******************* Similarity measure *********************

// Number of grey level bins in each resolution level,
// for the mutual information. 16 or 32 usually works fine.
// You could also employ a hierarchical strategy:
//(NumberOfHistogramBins 16 32 64)
(NumberOfHistogramBins 32)

// If you use a mask, this option is important. 
// If the mask serves as region of interest, set it to false.
// If the mask indicates which pixels are valid, then set it to true.
// If you do not use a mask, the option doesn't matter.
(ErodeMask "false")

// ******************** Multiresolution **********************

// The number of resolutions. 1 Is only enough if the expected
// deformations are small. 3 or 4 mostly works fine. For large
// images and large deformations, 5 or 6 may even be useful.
(NumberOfResolutions 1)

// The downsampling/blurring factors for the image pyramids.
// By default, the images are downsampled by a factor of 2
// compared to the next resolution.
// So, in 2D, with 4 resolutions, the following schedule is used:
//(ImagePyramidSchedule 8 8  4 4  2 2  1 1 )
// And in 3D:
//(ImagePyramidSchedule 8 8 8  4 4 4  2 2 2  1 1 1 )
// You can specify any schedule, for example:
//(ImagePyramidSchedule 4 4  4 3  2 1  1 1 )
// Make sure that the number of elements equals the number
// of resolutions times the image dimension.

// ******************* Optimizer ****************************

// Maximum number of iterations in each resolution level:
// 200-500 works usually fine for rigid registration.
// For more robustness, you may increase this to 1000-2000.
(MaximumNumberOfIterations 500)

// The step size of the optimizer, in mm. By default the voxel size is used.
// which usually works well. In case of unusual high-resolution images
// (eg histology) it is necessary to increase this value a bit, to the size
// of the "smallest visible structure" in the image:
//(MaximumStepLength 1.0)

// **************** Image sampling **********************

// Number of spatial samples used to compute the mutual
// information (and its derivative) in each iteration.
// With an AdaptiveStochasticGradientDescent optimizer,
// in combination with the two options below, around 2000
// samples may already suffice.
(NumberOfSpatialSamples 2000)

// Refresh these spatial samples in every iteration, and select
// them randomly. See the manual for information on other sampling
// strategies.
(NewSamplesEveryIteration "true")
(ImageSampler "Random")

// ************* Interpolation and Resampling ****************

// Order of B-Spline interpolation used during registration/optimisation.
// It may improve accuracy if you set this to 3. Never use 0.
// An order of 1 gives linear interpolation. This is in most 
// applications a good choice.
(BSplineInterpolationOrder 1)

// Order of B-Spline interpolation used for applying the final
// deformation.
// 3 gives good accuracy; recommended in most cases.
// 1 gives worse accuracy (linear interpolation)
// 0 gives worst accuracy, but is appropriate for binary images
// (masks, segmentations); equivalent to nearest neighbor interpolation.
(FinalBSplineInterpolationOrder 3)

//Default pixel value for pixels that come from outside the picture:
(DefaultPixelValue 0)

// Choose whether to generate the deformed moving image.
// You can save some time by setting this to false, if you are
// only interested in the final (nonrigidly) deformed moving image
// for example.
(WriteResultImage "false")

// The pixel type and format of the resulting deformed moving image
(ResultImagePixelType "short")
(ResultImageFormat "nii.gz")




=============== end of ParameterFile: /Users/sakinkirti/Programming/Python/CCIPD/racial-disparity-pca/code_matlab/rigid.txt ===============


Reading images...
Reading images took 155 ms.

WARNING: the fixed pyramid schedule is not fully specified!
  A default pyramid schedule is used.
WARNING: the moving pyramid schedule is not fully specified!
  A default pyramid schedule is used.
WARNING: The parameter "AutomaticTransformInitializationMethod", requested at entry number 0, does not exist at all.
  The default value "GeometricalCenter" is used instead.
Transform parameters are initialized as: [0, 0, 0, -0.04317769408226013, -0.04317006468772888, -18]
Scales are estimated automatically.
Scales for transform parameters are: [3391.2427368164062, 3391.2427368164062, 5481.9854736328125, 1, 1, 1]
Initialization of all components (before registration) took: 15 ms.
Preparation of the image pyramids took: 11 ms.

Resolution: 0
WARNING: The parameter "ShowExactMetricValue", requested at entry number 0, does not exist at all.
  The default value "false" is used instead.
WARNING: The parameter "CheckNumberOfSamples", requested at entry number 0, does not exist at all.
  The default value "true" is used instead.
WARNING: The parameter "UseMultiThreadingForMetrics", requested at entry number 0, does not exist at all.
  The default value "true" is used instead.
Setting the fixed masks took: 0 ms.
Setting the moving masks took: 0 ms.
WARNING: The parameter "NumberOfFixedHistogramBins", requested at entry number 0, does not exist at all.
  The default value "32" is used instead.
WARNING: The parameter "NumberOfMovingHistogramBins", requested at entry number 0, does not exist at all.
  The default value "32" is used instead.
WARNING: The parameter "FixedLimitRangeRatio", requested at entry number 0, does not exist at all.
  The default value "0.01" is used instead.
WARNING: The parameter "MovingLimitRangeRatio", requested at entry number 0, does not exist at all.
  The default value "0.01" is used instead.
WARNING: The parameter "FixedKernelBSplineOrder", requested at entry number 0, does not exist at all.
  The default value "0" is used instead.
WARNING: The parameter "MovingKernelBSplineOrder", requested at entry number 0, does not exist at all.
  The default value "3" is used instead.
WARNING: The parameter "UseFastAndLowMemoryVersion", requested at entry number 0, does not exist at all.
  The default value "true" is used instead.
WARNING: The parameter "UseJacobianPreconditioning", requested at entry number 0, does not exist at all.
  The default value "false" is used instead.
WARNING: The parameter "FiniteDifferenceDerivative", requested at entry number 0, does not exist at all.
  The default value "false" is used instead.
WARNING: The parameter "SP_A", requested at entry number 0, does not exist at all.
  The default value "20" is used instead.
WARNING: The parameter "MaximumNumberOfSamplingAttempts", requested at entry number 0, does not exist at all.
  The default value "0" is used instead.
WARNING: The parameter "SigmoidInitialTime", requested at entry number 0, does not exist at all.
  The default value "0" is used instead.
WARNING: The parameter "MaxBandCovSize", requested at entry number 0, does not exist at all.
  The default value "192" is used instead.
WARNING: The parameter "NumberOfBandStructureSamples", requested at entry number 0, does not exist at all.
  The default value "10" is used instead.
WARNING: The parameter "UseAdaptiveStepSizes", requested at entry number 0, does not exist at all.
  The default value "true" is used instead.
WARNING: The parameter "AutomaticParameterEstimation", requested at entry number 0, does not exist at all.
  The default value "true" is used instead.
WARNING: The parameter "UseConstantStep", requested at entry number 0, does not exist at all.
  The default value "false" is used instead.
WARNING: The parameter "MaximumStepLengthRatio", requested at entry number 0, does not exist at all.
  The default value "1" is used instead.
WARNING: The parameter "MaximumStepLength", requested at entry number 0, does not exist at all.
  The default value "0.746299" is used instead.
WARNING: The parameter "NumberOfGradientMeasurements", requested at entry number 0, does not exist at all.
  The default value "0" is used instead.
WARNING: The parameter "NumberOfJacobianMeasurements", requested at entry number 0, does not exist at all.
  The default value "1000" is used instead.
WARNING: The parameter "NumberOfSamplesForExactGradient", requested at entry number 0, does not exist at all.
  The default value "100000" is used instead.
WARNING: The parameter "SigmoidScaleFactor", requested at entry number 0, does not exist at all.
  The default value "0.1" is used instead.
Elastix initialization of all components (for this resolution) took: 2 ms.
  Computing the fixed image extrema took 20 ms.
  Computing the moving image extrema took 14 ms.
Initialization of AdvancedMattesMutualInformation metric took: 150 ms.
Starting automatic parameter estimation for AdaptiveStochasticGradientDescent ...
WARNING: The parameter "ASGDParameterEstimationMethod", requested at entry number 0, does not exist at all.
  The default value "Original" is used instead.
  Computing JacobianTerms ...
  Computing the Jacobian terms took 0.003306s
  NumberOfGradientMeasurements to estimate sigma_i: 6
  Sampling gradients ...
  Sampling the gradients took 0.638509s
Automatic parameter estimation took 0.64s
1:ItNr	2:Metric	3a:Time	3b:StepSize	4:||Gradient||	Time[ms]
0	-0.180550	0.000000	11.736564	0.028019	800.8
1	-0.189609	0.000000	11.736564	0.012892	4.4
2	-0.183873	0.000000	11.736564	0.013396	4.9
3	-0.175864	0.000000	11.736564	0.018989	10.7
4	-0.186567	0.000000	11.736564	0.020246	5.4
5	-0.198086	0.000000	11.736564	0.014504	6.8
6	-0.181264	0.000000	11.736564	0.014967	5.2
7	-0.186357	0.000000	11.736564	0.012370	10.1
8	-0.199221	0.000000	11.736564	0.020139	5.4
9	-0.202985	0.000000	11.736564	0.020660	8.7
10	-0.165886	0.000000	11.736564	0.011683	3.8
11	-0.179219	0.999999	11.203085	0.019236	5.0
12	-0.197817	1.990586	10.720381	0.010417	7.8
13	-0.199274	2.989713	10.273897	0.011640	7.2
14	-0.196322	2.443157	10.513424	0.019279	14.8
15	-0.193625	3.443157	10.083307	0.015706	12.7
16	-0.230417	4.430036	9.691998	0.010157	4.3
17	-0.219371	3.863959	9.912655	0.016880	7.4
18	-0.189165	3.335602	10.127871	0.015467	5.8
19	-0.190733	2.769524	10.369069	0.015600	3.8
20	-0.214558	3.769491	9.950461	0.014946	8.1
21	-0.220156	4.691817	9.593243	0.016463	4.8
22	-0.173681	4.125737	9.809378	0.009340	4.1
23	-0.183150	3.570980	10.030851	0.017966	7.5
24	-0.171247	4.570980	9.638576	0.005255	3.5
25	-0.194077	4.006027	9.856338	0.010135	4.6
26	-0.222957	3.511704	10.055109	0.013493	8.9
27	-0.202105	4.502798	9.664345	0.010654	4.5
28	-0.202757	5.430048	9.325290	0.016564	4.6
29	-0.203062	6.425951	8.986665	0.005474	6.2
30	-0.198337	5.860145	9.175969	0.007193	4.0
31	-0.196578	5.315151	9.366006	0.014014	4.6
32	-0.191746	4.749085	9.571907	0.015819	7.3
33	-0.214552	5.737236	9.218150	0.012136	4.2
34	-0.215723	5.171156	9.417538	0.017645	7.5
35	-0.193501	6.171155	9.070937	0.016482	4.4
36	-0.200197	5.605075	9.263941	0.012873	4.5
37	-0.188820	5.038995	9.465336	0.016604	4.0
38	-0.162600	4.473081	9.675620	0.021807	7.5
39	-0.225602	3.907000	9.895525	0.015102	4.4
40	-0.213765	4.183139	9.787019	0.012520	4.5
41	-0.199571	5.153365	9.423944	0.012120	5.9
42	-0.177164	6.153364	9.076881	0.024573	5.9
43	-0.199146	5.587284	9.270140	0.017687	4.4
44	-0.210603	5.021204	9.471808	0.019796	9.5
45	-0.189191	6.021204	9.121276	0.010313	3.9
46	-0.212801	5.455124	9.316450	0.014351	8.6
47	-0.177676	4.889049	9.520158	0.020533	3.8
48	-0.187213	5.889049	9.166105	0.013130	4.2
49	-0.225369	6.656632	8.911709	0.011799	10.2
50	-0.228202	7.654235	8.601446	0.017911	4.2
51	-0.203915	8.652101	8.311986	0.015369	10.8
52	-0.175227	8.541273	8.343170	0.006726	5.6
53	-0.227071	9.048687	8.202284	0.007725	8.5
54	-0.189689	9.921477	7.970766	0.014560	6.6
55	-0.198436	10.353779	7.860866	0.013902	11.0
56	-0.215660	9.787699	8.005400	0.016159	5.8
57	-0.222439	9.221666	8.155336	0.006694	14.5
58	-0.173934	8.658712	8.310133	0.017517	5.3
59	-0.198506	8.092632	8.471831	0.013928	6.2
60	-0.208441	8.934471	8.233580	0.012283	5.4
61	-0.187626	9.934471	7.967418	0.016240	5.2
62	-0.176195	9.490458	8.083442	0.017246	12.1
63	-0.173379	10.104591	7.923841	0.015371	5.6
64	-0.197353	11.104591	7.677028	0.017137	8.1
65	-0.205587	11.049191	7.690299	0.011853	3.8
66	-0.195208	10.483118	7.828572	0.017318	9.1
67	-0.195994	9.917849	7.971701	0.008917	4.2
68	-0.216684	9.351769	8.120378	0.009865	4.6
69	-0.208676	8.843520	8.258672	0.006748	8.3
70	-0.202509	9.690080	8.030864	0.015150	3.8
71	-0.197755	9.124638	8.181604	0.009130	6.0
72	-0.225476	9.888562	7.979259	0.007545	6.3
73	-0.227660	9.528433	8.073387	0.010400	3.9
74	-0.206109	9.699282	8.028457	0.015410	8.1
75	-0.218073	10.355952	7.860321	0.014893	4.5
76	-0.220961	9.790062	8.004786	0.013487	5.2
77	-0.174795	10.788878	7.753273	0.013619	7.4
78	-0.207777	11.788878	7.516813	0.011824	6.2
79	-0.196777	12.787782	7.294585	0.018120	11.3
80	-0.179909	13.784381	7.085590	0.014745	6.3
81	-0.181701	13.625800	7.118041	0.015712	10.4
82	-0.209082	14.571405	6.928820	0.010492	4.1
83	-0.186549	14.007469	7.040436	0.007931	7.3
84	-0.199494	13.452135	7.153921	0.008710	5.1
85	-0.206938	14.364135	6.969430	0.012459	4.8
86	-0.200006	15.363802	6.777835	0.012942	11.2
87	-0.190937	15.350065	6.780396	0.015383	3.9
88	-0.197853	16.322913	6.603661	0.014641	11.8
89	-0.223906	15.756835	6.705361	0.016920	6.4
90	-0.241940	15.190757	6.810243	0.017992	11.0
91	-0.212285	14.624677	6.918459	0.012448	4.6
92	-0.195537	14.058596	7.030169	0.012143	7.5
93	-0.183101	13.539582	7.135809	0.012440	4.3
94	-0.198935	14.538020	6.935329	0.010818	5.1
95	-0.205105	13.971999	7.047577	0.005154	7.6
96	-0.202039	13.420797	7.160434	0.018328	4.2
97	-0.189085	13.388652	7.167127	0.008792	7.0
98	-0.195955	12.822579	7.287080	0.014930	5.0
99	-0.217373	12.257062	7.410993	0.009384	5.9
100	-0.212936	12.499671	7.357321	0.007912	8.4
101	-0.234790	12.674553	7.319113	0.016998	5.7
102	-0.193330	12.109764	7.443963	0.008806	6.7
103	-0.177357	13.109728	7.225735	0.014130	4.2
104	-0.227480	13.749241	7.092755	0.020823	4.7
105	-0.232766	14.749241	6.894352	0.013785	13.9
106	-0.212143	15.748637	6.706857	0.015942	5.3
107	-0.225797	16.599050	6.555162	0.011115	7.3
108	-0.217827	16.033330	6.655298	0.017929	6.4
109	-0.194122	15.613955	6.731528	0.007890	10.7
110	-0.171405	15.047875	6.837237	0.011226	4.5
111	-0.207713	14.537769	6.935378	0.011339	4.7
112	-0.205638	15.159871	6.816060	0.009654	7.6
113	-0.219566	16.159280	6.632740	0.012892	4.2
114	-0.186311	17.159263	6.458926	0.011502	9.7
115	-0.215843	16.595037	6.555861	0.014194	5.3
116	-0.206748	17.595027	6.386000	0.012300	4.5
117	-0.227995	17.028952	6.481058	0.012387	8.1
118	-0.211486	16.911950	6.501060	0.013446	4.5
119	-0.226762	17.911950	6.333989	0.011061	8.3
120	-0.202894	18.911949	6.175290	0.012071	5.4
121	-0.208494	19.817952	6.038222	0.010788	4.8
122	-0.201195	20.813217	5.894496	0.015502	7.8
123	-0.235630	21.813180	5.756822	0.013536	5.1
124	-0.202756	21.247234	5.833941	0.010204	4.0
125	-0.203646	20.681153	5.913172	0.011313	7.5
126	-0.239559	21.681013	5.774649	0.016287	4.7
127	-0.216024	21.125091	5.850856	0.007586	4.5
128	-0.217259	20.559251	5.930517	0.014881	6.2
129	-0.186551	21.559247	5.791170	0.003904	4.3
130	-0.208221	22.338989	5.686977	0.019348	5.4
131	-0.208238	23.086197	5.590590	0.012919	7.5
132	-0.213233	22.520117	5.663309	0.007727	3.4
133	-0.220584	21.977285	5.734840	0.011010	8.0
134	-0.168238	21.439249	5.807545	0.011581	3.9
135	-0.205568	20.873169	5.886057	0.009490	4.1
136	-0.214414	21.865698	5.749769	0.006042	9.1
137	-0.209826	22.767674	5.631276	0.021683	4.9
138	-0.208089	23.764975	5.505819	0.015140	4.4
139	-0.203612	23.198895	5.576335	0.029689	6.7
140	-0.234521	22.632815	5.648681	0.007844	3.8
141	-0.194930	22.066736	5.722929	0.018526	9.7
142	-0.216486	21.533751	5.794642	0.007038	4.1
143	-0.210059	20.999663	5.868329	0.009430	5.3
144	-0.174096	21.840415	5.753162	0.011781	4.6
145	-0.233489	22.165116	5.709885	0.013192	3.9
146	-0.184238	21.651085	5.778701	0.012864	5.1
147	-0.215350	21.085005	5.856429	0.005298	5.8
148	-0.229454	22.026375	5.728297	0.015536	4.9
149	-0.192663	22.205644	5.704529	0.015354	7.4
150	-0.213069	23.196310	5.576661	0.012489	5.2
151	-0.206490	24.189450	5.454102	0.014073	4.3
152	-0.199354	25.189450	5.336020	0.012858	10.0
153	-0.218890	24.628927	5.401570	0.010826	5.4
154	-0.212097	25.628927	5.285729	0.016184	7.9
155	-0.192325	25.065682	5.350357	0.010286	5.6
156	-0.180316	24.585310	5.406738	0.009808	4.2
157	-0.219758	25.585296	5.290679	0.011988	9.1
158	-0.201793	25.478752	5.302807	0.013847	4.0
159	-0.225295	26.478594	5.191136	0.012764	7.9
160	-0.183600	26.888461	5.146706	0.008065	4.4
161	-0.194614	27.868549	5.043486	0.008639	4.0
162	-0.230977	27.377905	5.094637	0.007261	10.2
163	-0.201587	26.812798	5.154851	0.015313	6.0
164	-0.202728	27.812713	5.049255	0.011483	10.3
165	-0.209766	27.286351	5.104296	0.016271	5.5
166	-0.227268	26.720528	5.164818	0.023052	10.3
167	-0.200767	27.720203	5.058843	0.027912	6.0
168	-0.205911	28.720203	4.957097	0.010534	7.3
169	-0.199304	28.154123	5.014185	0.017096	5.0
170	-0.226535	29.154088	4.914213	0.013986	5.7
171	-0.180467	30.154086	4.818146	0.010715	7.5
172	-0.226592	31.154083	4.725763	0.011694	9.4
173	-0.188208	32.154076	4.636857	0.019491	7.2
174	-0.199072	33.154076	4.551234	0.015274	4.5
175	-0.190569	32.587995	4.599311	0.016652	5.9
176	-0.190593	32.021916	4.648415	0.016258	8.7
177	-0.209235	33.021281	4.562421	0.011204	4.1
178	-0.202282	33.873071	4.491599	0.010869	5.0
179	-0.207109	33.392556	4.531279	0.010221	6.2
180	-0.202168	33.326396	4.536797	0.009555	3.5
181	-0.202087	34.326314	4.454803	0.009379	4.5
182	-0.196195	33.836842	4.494567	0.012147	9.8
183	-0.204106	34.825393	4.414977	0.012778	6.6
184	-0.183711	35.825386	4.337284	0.011609	6.2
185	-0.213256	36.807918	4.263566	0.015294	6.3
186	-0.199119	37.807916	4.191066	0.014737	6.5
187	-0.200392	37.242129	4.231780	0.018462	8.4
188	-0.201593	38.242129	4.160348	0.010087	6.4
189	-0.220717	37.676055	4.200484	0.014169	6.5
190	-0.224648	38.675049	4.130166	0.010108	9.6
191	-0.196361	38.283442	4.157448	0.006459	6.0
192	-0.216237	38.800528	4.121500	0.006923	7.5
193	-0.193723	39.271206	4.089313	0.015141	4.5
194	-0.195496	38.706152	4.128014	0.012985	4.9
195	-0.183285	38.147574	4.166998	0.012872	8.1
196	-0.191508	39.143793	4.097976	0.013258	4.2
197	-0.214275	40.138756	4.031287	0.017548	6.2
198	-0.200456	41.138744	3.966412	0.014270	5.5
199	-0.197146	42.138744	3.903591	0.008711	4.0
200	-0.191395	41.574569	3.938786	0.006604	6.6
201	-0.189616	41.258267	3.958797	0.007663	4.8
202	-0.205147	40.952060	3.978364	0.013976	3.7
203	-0.203782	40.481922	4.008786	0.013836	8.3
204	-0.233827	39.915841	4.046039	0.016834	4.2
205	-0.186423	40.915841	3.980691	0.014737	4.0
206	-0.198836	40.349761	4.017422	0.014368	8.8
207	-0.197149	41.349744	3.952989	0.013450	5.3
208	-0.213038	42.346851	3.890767	0.011037	4.3
209	-0.205760	41.781729	3.925789	0.011926	8.3
210	-0.190783	41.560335	3.939682	0.011627	3.8
211	-0.203744	42.560304	3.877701	0.007885	10.3
212	-0.197751	41.995059	3.912495	0.018176	4.4
213	-0.231856	41.510503	3.942823	0.019767	5.8
214	-0.212867	42.510500	3.880742	0.017684	5.2
215	-0.214764	43.510500	3.820585	0.009794	4.3
216	-0.195819	44.510483	3.762266	0.025421	7.9
217	-0.181442	45.510482	3.705699	0.009643	7.0
218	-0.198910	44.944402	3.737510	0.014260	5.0
219	-0.212928	44.397537	3.768764	0.005346	5.7
220	-0.198209	43.832055	3.801636	0.011172	4.1
221	-0.207831	44.366432	3.770557	0.019389	7.0
222	-0.191111	45.366430	3.713743	0.013263	6.6
223	-0.193420	45.488389	3.706931	0.006764	4.0
224	-0.207668	45.385557	3.712673	0.010286	8.0
225	-0.215406	46.385123	3.657600	0.011752	4.2
226	-0.211699	47.384615	3.604142	0.011424	4.2
227	-0.191573	46.818535	3.634226	0.008320	7.6
228	-0.203178	46.283469	3.663126	0.015058	4.6
229	-0.206560	47.280871	3.609618	0.013054	6.2
230	-0.210775	48.280871	3.557517	0.018937	5.7
231	-0.212633	47.714790	3.586824	0.023003	5.9
232	-0.227474	48.714790	3.535374	0.010201	10.1
233	-0.233602	48.148710	3.564316	0.015764	5.0
234	-0.188833	49.148709	3.513505	0.009663	7.1
235	-0.213759	48.582638	3.542088	0.010436	4.0
236	-0.205782	49.552581	3.493392	0.009935	5.0
237	-0.217604	50.328919	3.455371	0.013222	9.7
238	-0.198370	50.968605	3.424658	0.012843	4.9
239	-0.203790	51.968605	3.377725	0.016766	7.6
240	-0.177348	52.943017	3.333213	0.011032	4.4
241	-0.190583	53.942951	3.288740	0.010642	3.9
242	-0.196534	54.654604	3.257804	0.021074	7.8
243	-0.230439	54.198077	3.277582	0.016915	5.9
244	-0.207355	55.198077	3.234568	0.010775	4.7
245	-0.187404	55.044767	3.241089	0.013509	7.9
246	-0.204230	54.479502	3.265361	0.013929	3.8
247	-0.197555	53.952279	3.288330	0.022452	6.2
248	-0.216780	54.952155	3.245041	0.020138	6.5
249	-0.199798	54.386074	3.269408	0.010282	3.9
250	-0.207830	55.386074	3.226607	0.009877	8.2
251	-0.220481	56.383154	3.185032	0.014580	4.0
252	-0.193647	57.382542	3.144423	0.011641	4.7
253	-0.221102	58.381063	3.104870	0.010268	10.3
254	-0.207535	59.091382	3.077333	0.007701	4.1
255	-0.232976	58.533021	3.098937	0.009091	5.2
256	-0.203078	58.080402	3.116674	0.022774	4.7
257	-0.185660	59.055882	3.078698	0.009669	4.4
258	-0.206277	59.994397	3.043023	0.013738	8.4
259	-0.213580	59.568897	3.059094	0.013447	4.8
260	-0.209869	60.568897	3.021591	0.012884	7.4
261	-0.202168	61.568896	2.984996	0.005971	7.3
262	-0.197429	61.773302	2.977625	0.012572	4.7
263	-0.207331	61.975606	2.970365	0.012606	8.1
264	-0.188145	62.859639	2.939052	0.008451	4.9
265	-0.205314	63.209859	2.926829	0.016349	4.7
266	-0.193908	64.209576	2.892490	0.009392	5.2
267	-0.202096	63.644204	2.911810	0.013933	4.9
268	-0.174552	63.205707	2.926973	0.007605	4.9
269	-0.209179	64.186215	2.893283	0.016476	8.2
270	-0.248324	63.759282	2.907857	0.010354	4.7
271	-0.231289	63.981152	2.900265	0.014435	5.5
272	-0.207060	63.415422	2.919702	0.016576	5.1
273	-0.221082	62.849352	2.939413	0.014548	4.2
274	-0.215478	63.849351	2.904770	0.014216	3.9
275	-0.185552	63.297740	2.923778	0.015551	9.1
276	-0.204856	64.297740	2.889500	0.015197	4.3
277	-0.211461	63.731660	2.908805	0.007896	8.5
278	-0.196167	64.280653	2.890079	0.011421	3.6
279	-0.190220	63.714731	2.909386	0.014148	4.0
280	-0.228309	63.149136	2.928941	0.009821	8.8
281	-0.194963	62.583070	2.948777	0.009604	4.6
282	-0.177288	63.106147	2.930438	0.015334	5.4
283	-0.230363	64.106126	2.896006	0.009331	5.8
284	-0.225971	63.540046	2.915398	0.011748	4.6
285	-0.213805	63.103826	2.930519	0.015429	7.5
286	-0.235137	62.567126	2.949340	0.010041	5.7
287	-0.213712	63.540162	2.915394	0.012742	4.5
288	-0.230539	63.008485	2.933845	0.012856	7.8
289	-0.193616	64.004929	2.899454	0.019765	5.0
290	-0.208768	64.947856	2.867644	0.017045	4.5
291	-0.244043	65.942069	2.834851	0.015304	7.0
292	-0.192691	66.942069	2.802616	0.026586	6.9
293	-0.195068	67.942069	2.771105	0.015075	8.8
294	-0.200533	68.942069	2.740296	0.015494	4.9
295	-0.195766	68.375988	2.757652	0.006813	4.1
296	-0.220893	67.811461	2.775181	0.012139	12.2
297	-0.197365	67.279157	2.791914	0.012951	4.6
298	-0.217160	66.731471	2.809344	0.015869	12.3
299	-0.207187	66.165390	2.827588	0.009642	8.7
300	-0.210276	67.165389	2.795517	0.011869	6.0
301	-0.182133	66.605825	2.813373	0.012496	4.4
302	-0.200066	66.049035	2.831368	0.016816	7.3
303	-0.193572	65.487443	2.849753	0.014947	3.6
304	-0.205420	66.487443	2.817180	0.012640	4.4
305	-0.225236	65.922515	2.835489	0.024044	8.9
306	-0.181363	66.922515	2.803239	0.011494	4.4
307	-0.181201	67.912006	2.772042	0.024328	5.5
308	-0.240574	67.827630	2.774676	0.021872	7.7
309	-0.200258	68.827630	2.743787	0.010438	5.2
310	-0.212315	68.261564	2.761187	0.023959	8.7
311	-0.211782	69.261564	2.730596	0.011694	5.0
312	-0.177713	70.261564	2.700675	0.009644	10.6
313	-0.209145	69.695770	2.717523	0.008935	4.3
314	-0.178539	70.695730	2.687888	0.011733	4.7
315	-0.209158	70.312027	2.699183	0.012897	10.0
316	-0.221464	71.312024	2.669943	0.013864	4.6
317	-0.215078	71.044539	2.677702	0.011077	6.2
318	-0.208425	71.940042	2.651902	0.012546	3.4
319	-0.227554	71.504258	2.664395	0.008759	4.3
320	-0.229883	72.496056	2.636131	0.006020	4.5
321	-0.214389	71.941691	2.651855	0.006080	8.2
322	-0.198950	72.487324	2.636377	0.015001	4.8
323	-0.200625	72.065433	2.648329	0.009957	5.7
324	-0.206156	71.751791	2.657284	0.010283	3.7
325	-0.244738	71.190613	2.673459	0.015804	4.0
326	-0.225157	72.190604	2.644771	0.014590	3.5
327	-0.220053	73.190601	2.616693	0.009035	4.7
328	-0.194268	72.858657	2.625947	0.010457	3.4
329	-0.194692	72.617666	2.632707	0.012662	3.5
330	-0.206803	72.133112	2.646404	0.012131	3.3
331	-0.200319	73.132843	2.618298	0.010677	5.0
332	-0.179585	72.605654	2.633044	0.008960	3.5
333	-0.204393	73.589504	2.605657	0.007876	3.7
334	-0.215922	73.068958	2.620076	0.014958	4.3
335	-0.228139	73.955504	2.595614	0.016331	4.6
336	-0.224297	74.912353	2.569720	0.019205	3.7
337	-0.214231	75.912353	2.543204	0.013726	4.1
338	-0.221163	76.912193	2.517233	0.012807	3.7
339	-0.233802	77.912193	2.491784	0.009864	5.6
340	-0.197393	77.346137	2.506126	0.016716	3.3
341	-0.223257	76.780057	2.520635	0.013431	3.1
342	-0.202182	76.214759	2.535293	0.011121	3.4
343	-0.234470	75.648680	2.550142	0.016360	4.8
344	-0.205003	75.176406	2.562664	0.016553	4.2
345	-0.195137	74.610326	2.577837	0.011670	4.1
346	-0.214117	74.044246	2.593191	0.010853	4.2
347	-0.202733	73.478168	2.608728	0.013147	5.3
348	-0.187969	74.129187	2.590875	0.011306	6.0
349	-0.194075	75.128673	2.563937	0.013280	6.3
350	-0.210081	74.562594	2.579125	0.014240	6.8
351	-0.185599	74.049829	2.593038	0.015403	4.2
352	-0.190928	75.049829	2.566042	0.019244	6.7
353	-0.220035	74.483754	2.581254	0.013049	4.1
354	-0.198883	75.483383	2.554511	0.013944	4.5
355	-0.200152	76.483372	2.528307	0.009714	7.8
356	-0.224482	75.917292	2.543074	0.024007	4.4
357	-0.202879	75.351212	2.558015	0.016945	4.2
358	-0.196346	74.785131	2.573133	0.013050	7.2
359	-0.196949	74.221021	2.588376	0.020188	3.8
360	-0.207729	75.221021	2.561476	0.012534	4.0
361	-0.200788	76.221021	2.535129	0.016200	7.8
362	-0.205877	77.079138	2.512949	0.008967	3.1
363	-0.208427	76.540654	2.526822	0.012985	5.7
364	-0.208846	77.225456	2.509205	0.008086	9.3
365	-0.214864	78.221874	2.484007	0.006801	5.9
366	-0.232493	79.136448	2.461320	0.018032	7.6
367	-0.210666	78.576337	2.475165	0.015548	5.2
368	-0.201547	78.010270	2.489316	0.011583	3.8
369	-0.205531	79.010269	2.464425	0.008438	7.1
370	-0.220440	79.475540	2.453013	0.012244	4.4
371	-0.185710	80.474863	2.428856	0.007048	4.2
372	-0.241296	79.910555	2.442439	0.027760	10.4
373	-0.158659	80.910293	2.418478	0.011092	4.2
374	-0.190695	81.910293	2.394978	0.020869	4.2
375	-0.207869	82.910293	2.371929	0.014629	6.6
376	-0.206497	82.344213	2.384922	0.011705	3.9
377	-0.185245	83.344203	2.362066	0.013061	4.8
378	-0.229786	84.335061	2.339846	0.006781	8.7
379	-0.177523	85.335036	2.317842	0.013519	4.3
380	-0.214690	84.798741	2.329592	0.018835	9.1
381	-0.238470	85.704145	2.309825	0.013898	4.4
382	-0.222954	86.612399	2.290329	0.013801	3.9
383	-0.203872	86.049352	2.302376	0.009525	9.5
384	-0.219706	85.483272	2.314616	0.008251	4.9
385	-0.187566	86.382005	2.295244	0.014435	5.4
386	-0.177759	85.815953	2.307407	0.014366	4.3
387	-0.183887	85.249873	2.319700	0.006571	3.7
388	-0.218555	84.694002	2.331900	0.012775	8.2
389	-0.195090	84.132226	2.344361	0.023340	5.8
390	-0.194878	83.566245	2.357050	0.011499	4.6
391	-0.169477	84.566245	2.334722	0.006091	7.5
392	-0.203251	85.565299	2.312834	0.013038	3.2
393	-0.222070	86.325419	2.296454	0.008279	5.2
394	-0.228022	87.325167	2.275259	0.007326	9.2
395	-0.207522	87.639159	2.268683	0.013580	7.8
396	-0.217169	87.139843	2.279159	0.028356	12.8
397	-0.215852	88.139843	2.258276	0.010369	11.0
398	-0.194349	87.605098	2.269395	0.015384	5.1
399	-0.202931	87.040638	2.281251	0.011256	4.9
400	-0.196218	88.040638	2.260330	0.010856	3.9
401	-0.214427	87.474560	2.272126	0.013788	4.8
402	-0.196049	88.474560	2.251371	0.005923	9.4
403	-0.199598	88.845236	2.243774	0.016528	5.7
404	-0.211156	88.284252	2.255292	0.012958	4.6
405	-0.184295	89.236453	2.235811	0.017912	6.5
406	-0.186254	88.670373	2.247351	0.009933	3.6
407	-0.190551	89.359429	2.233319	0.020071	4.1
408	-0.201785	88.793349	2.244834	0.010662	9.1
409	-0.230316	88.237018	2.256267	0.011964	4.9
410	-0.196651	88.822058	2.244247	0.007823	6.9
411	-0.218482	89.707604	2.226296	0.007630	4.5
412	-0.217099	90.352308	2.213406	0.015135	5.5
413	-0.201626	91.352062	2.193710	0.018896	6.8
414	-0.181828	90.785982	2.204819	0.012959	5.8
415	-0.184274	90.220357	2.216032	0.016720	4.5
416	-0.207291	89.654276	2.227369	0.021304	7.2
417	-0.219188	90.654276	2.207420	0.015411	5.5
418	-0.155446	91.654251	2.187826	0.007643	7.3
419	-0.183160	92.584267	2.169912	0.008955	7.1
420	-0.185165	92.824403	2.165334	0.012295	4.2
421	-0.224147	93.823914	2.146485	0.008337	7.6
422	-0.203350	93.321725	2.155914	0.015791	4.2
423	-0.210422	92.815460	2.165504	0.010668	5.2
424	-0.201848	92.249728	2.176322	0.013041	11.2
425	-0.199776	91.786925	2.185252	0.015297	4.6
426	-0.194244	92.786925	2.166047	0.006165	8.4
427	-0.206756	93.786086	2.147193	0.018063	4.1
428	-0.211216	93.230494	2.157636	0.011615	7.9
429	-0.221856	94.229649	2.138927	0.008572	5.9
430	-0.170573	93.665292	2.149455	0.012792	6.1
431	-0.184323	93.101141	2.160082	0.016656	6.5
432	-0.183050	94.100997	2.141318	0.009575	3.8
433	-0.226093	93.534921	2.151901	0.013455	5.9
434	-0.236639	94.382448	2.136095	0.017817	6.6
435	-0.220930	95.382448	2.117741	0.014205	4.9
436	-0.215743	96.382054	2.099706	0.011832	6.8
437	-0.225214	95.815974	2.109881	0.011311	4.7
438	-0.180782	95.250609	2.120142	0.014189	4.3
439	-0.201258	94.684541	2.130517	0.013217	8.6
440	-0.209339	94.260118	2.138362	0.011130	5.7
441	-0.210210	93.694326	2.148911	0.006360	7.4
442	-0.196268	94.117218	2.141016	0.016014	6.0
443	-0.205634	93.562769	2.151378	0.009507	4.3
444	-0.191768	94.560609	2.132802	0.009035	10.6
445	-0.186980	95.560440	2.114507	0.015009	4.0
446	-0.229125	94.994404	2.124825	0.011012	8.0
447	-0.209385	95.994404	2.106664	0.005905	4.7
448	-0.202388	95.452487	2.116467	0.012527	4.5
449	-0.193910	94.887138	2.126792	0.012248	9.7
450	-0.215596	95.865231	2.108992	0.016448	4.3
451	-0.214066	96.017765	2.106243	0.015198	8.7
452	-0.220599	96.882526	2.090792	0.012661	4.8
453	-0.213668	97.881807	2.073218	0.010764	4.8
454	-0.227355	97.317279	2.083110	0.018625	7.2
455	-0.207815	97.046019	2.087896	0.010699	5.3
456	-0.177883	96.479939	2.097957	0.010838	7.9
457	-0.184997	97.479935	2.080250	0.009904	4.3
458	-0.210959	96.914000	2.090234	0.015681	5.5
459	-0.193832	97.732365	2.075827	0.019592	6.7
460	-0.196497	97.166286	2.085771	0.010158	6.7
461	-0.180084	98.139314	2.068737	0.014270	5.4
462	-0.201886	99.125269	2.051757	0.014220	10.5
463	-0.186549	100.125269	2.034818	0.007926	4.5
464	-0.210509	99.560474	2.044350	0.009424	10.9
465	-0.168242	98.998827	2.053919	0.010293	4.2
466	-0.183664	99.002974	2.053848	0.021269	7.8
467	-0.201051	98.436895	2.063582	0.010380	3.8
468	-0.231982	99.420883	2.046720	0.016272	4.6
469	-0.198571	98.860617	2.056287	0.011909	10.1
470	-0.223936	99.860617	2.039273	0.012649	5.5
471	-0.199722	99.417202	2.046783	0.012234	9.4
472	-0.213326	98.909996	2.055440	0.013242	4.5
473	-0.188637	98.382601	2.064521	0.012189	8.4
474	-0.187532	99.382598	2.047371	0.010915	5.6
475	-0.178693	98.816530	2.057044	0.016995	5.9
476	-0.226311	99.816520	2.040018	0.007911	7.2
477	-0.217972	99.250440	2.049621	0.019215	4.0
478	-0.234029	98.684392	2.059315	0.011603	6.0
479	-0.204562	99.684392	2.042251	0.016519	8.9
480	-0.165536	100.684361	2.025469	0.010747	4.5
481	-0.213203	100.118281	2.034935	0.019795	6.8
482	-0.224912	101.118281	2.018272	0.022191	4.5
483	-0.203449	102.116293	2.001911	0.012572	3.9
484	-0.222836	103.108714	1.985903	0.013221	7.0
485	-0.196504	102.601264	1.994056	0.010424	5.7
486	-0.179760	102.035183	2.003231	0.010426	5.5
487	-0.208066	103.035052	1.987082	0.008860	8.9
488	-0.209158	103.894676	1.973406	0.014974	4.3
489	-0.202438	104.476776	1.964251	0.014317	9.9
490	-0.196205	105.461685	1.948953	0.013220	4.6
491	-0.188415	106.461681	1.933662	0.014255	4.7
492	-0.192660	106.617064	1.931308	0.010019	7.8
493	-0.195424	107.562817	1.917101	0.014114	4.9
494	-0.196828	107.030628	1.925069	0.008358	7.8
495	-0.216002	106.464554	1.933619	0.012260	6.3
496	-0.204730	105.899672	1.942226	0.014601	4.2
497	-0.210604	106.740436	1.929443	0.017805	7.2
498	-0.224188	106.174636	1.938027	0.016784	4.0
499	-0.221163	105.608555	1.946692	0.020362	4.4
Time spent in resolution 0 (ITK initialization and iterating): 4.009 s.
Stopping condition: Maximum number of iterations has been reached.
Settings of AdaptiveStochasticGradientDescent in resolution 0:
( SP_a 246.467850 )
( SP_A 20.000000 )
( SP_alpha 1.000000 )
( SigmoidMax 1.000000 )
( SigmoidMin -0.566080 )
( SigmoidScale 0.000007 )



=============== start of TransformParameterFile ===============
(Transform "EulerTransform")
(NumberOfParameters 6)
(TransformParameters 0.000180 0.000415 -0.005309 0.181178 4.031631 -16.849512)
(InitialTransformParametersFileName "NoInitialTransform")
(UseBinaryFormatForTransformationParameters "false")
(HowToCombineTransforms "Compose")

// Image specific
(FixedImageDimension 3)
(MovingImageDimension 3)
(FixedInternalImagePixelType "float")
(MovingInternalImagePixelType "float")
(Size 256 256 30)
(Index 0 0 0)
(Spacing 0.7031250000 0.7031250000 3.0000000000)
(Origin -96.6196136475 -101.4988250732 63.8973274231)
(Direction 1.0000000000 0.0000000000 0.0000000000 0.0000000000 1.0000000000 0.0000000000 0.0000000000 0.0000000000 1.0000000000)
(UseDirectionCosines "false")

// EulerTransform specific
(CenterOfRotationPoint -6.9711761475 -11.8503875732 107.3973274231)
(ComputeZYX "false")

// ResampleInterpolator specific
(ResampleInterpolator "FinalBSplineInterpolator")
(FinalBSplineInterpolationOrder 3)

// Resampler specific
(Resampler "DefaultResampler")
(DefaultPixelValue 0.000000)
(ResultImageFormat "nii.gz")
(ResultImagePixelType "short")
(CompressResultImage "false")

=============== end of TransformParameterFile ===============

Creating the TransformParameterFile took 0.00s

Registration result checksum: 990251396

Skipping applying final transform, no resulting output image generated.

Final metric value  = -0.221163
Settings of AdaptiveStochasticGradientDescent for all resolutions:
( SP_a 246.467850 )
( SP_A 20.000000 )
( SP_alpha 1.000000 )
( SigmoidMax 1.000000 )
( SigmoidMin -0.566080 )
( SigmoidScale 0.000007 )

Time spent on saving the results, applying the final transform etc.: 5 ms.
Running elastix with parameter file 0: "/Users/sakinkirti/Programming/Python/CCIPD/racial-disparity-pca/code_matlab/rigid.txt", has finished.


Current time: Mon May 23 13:38:36 2022.
Time used for running elastix with this parameter file:
  4.2s.

-------------------------------------------------------------------------

Total time elapsed: 4.3s.

