
elastix is started at Mon May 23 13:41:06 2022.

which elastix:   /Users/sakinkirti/Programming/Python/CCIPD/racial-disparity-pca/code_matlab/elastix-5.0.0-mac/bin/elastix
elastix runs at: Sakins-MBP.hsd1.ca.comcast.net
  macOS 12.3.1 (x64), 21E258
  with 8192 MB memory, and 2 cores @ 2300 MHz.
-------------------------------------------------------------------------

Running elastix with parameter file 0: "/Users/sakinkirti/Programming/Python/CCIPD/racial-disparity-pca/code_matlab/rigid.txt".

Current time: Mon May 23 13:41:06 2022.
Reading the elastix parameters from file ...

Installing all components.
InstallingComponents was successful.

ELASTIX version: 5.000
Command line options from ElastixBase:
-f        /Users/sakinkirti/Programming/Python/CCIPD/racial-disparity-pca/dataset/to_nifti_cleaned/prostate-000294/T2W.nii.gz
-m        /Users/sakinkirti/Programming/Python/CCIPD/racial-disparity-pca/dataset/to_nifti_cleaned/prostate-000294/ADC.nii.gz
-fMask    unspecified, so no fixed mask used
-mMask    unspecified, so no moving mask used
-out      /Users/sakinkirti/Programming/Python/CCIPD/racial-disparity-pca/dataset/to_nifti_cleaned/prostate-000294/
-p        /Users/sakinkirti/Programming/Python/CCIPD/racial-disparity-pca/code_matlab/rigid.txt
-threads  unspecified, so all available threads are used
Command line options from TransformBase:
-t0       unspecified, so no initial transform used

=============== start of ParameterFile: /Users/sakinkirti/Programming/Python/CCIPD/racial-disparity-pca/code_matlab/rigid.txt ===============
// Example parameter file for rotation registration
// C-style comments: //

// The internal pixel type, used for internal computations
// Leave to float in general. 
// NB: this is not the type of the input images! The pixel 
// type of the input images is automatically read from the 
// images themselves.
// This setting can be changed to "short" to save some memory
// in case of very large 3D images.
(FixedInternalImagePixelType "float")
(MovingInternalImagePixelType "float")

// The dimensions of the fixed and moving image
// Up to elastix 4.5 this had to be specified by the user.
// From elastix 4.6, this is not necessary anymore.
//(FixedImageDimension 3)
//(MovingImageDimension 3)

// Specify whether you want to take into account the so-called
// direction cosines of the images. Recommended: true.
// In some cases, the direction cosines of the image are corrupt,
// due to image format conversions for example. In that case, you 
// may want to set this option to "false".
(UseDirectionCosines "false")

// **************** Main Components **************************

// The following components should usually be left as they are:
(Registration "MultiResolutionRegistration")
(Interpolator "BSplineInterpolator")
(ResampleInterpolator "FinalBSplineInterpolator")
(Resampler "DefaultResampler")

// These may be changed to Fixed/MovingSmoothingImagePyramid.
// See the manual.
(FixedImagePyramid "FixedRecursiveImagePyramid")
(MovingImagePyramid "MovingRecursiveImagePyramid")

// The following components are most important:
// The optimizer AdaptiveStochasticGradientDescent (ASGD) works
// quite ok in general. The Transform and Metric are important
// and need to be chosen careful for each application. See manual.
(Optimizer "AdaptiveStochasticGradientDescent")
(Transform "EulerTransform")
(Metric "AdvancedMattesMutualInformation")

// ***************** Transformation **************************

// Scales the rotations compared to the translations, to make
// sure they are in the same range. In general, it's best to  
// use automatic scales estimation:
(AutomaticScalesEstimation "true")

// Automatically guess an initial translation by aligning the
// geometric centers of the fixed and moving.
(AutomaticTransformInitialization "true")

// Whether transforms are combined by composition or by addition.
// In generally, Compose is the best option in most cases.
// It does not influence the results very much.
(HowToCombineTransforms "Compose")

// ******************* Similarity measure *********************

// Number of grey level bins in each resolution level,
// for the mutual information. 16 or 32 usually works fine.
// You could also employ a hierarchical strategy:
//(NumberOfHistogramBins 16 32 64)
(NumberOfHistogramBins 32)

// If you use a mask, this option is important. 
// If the mask serves as region of interest, set it to false.
// If the mask indicates which pixels are valid, then set it to true.
// If you do not use a mask, the option doesn't matter.
(ErodeMask "false")

// ******************** Multiresolution **********************

// The number of resolutions. 1 Is only enough if the expected
// deformations are small. 3 or 4 mostly works fine. For large
// images and large deformations, 5 or 6 may even be useful.
(NumberOfResolutions 1)

// The downsampling/blurring factors for the image pyramids.
// By default, the images are downsampled by a factor of 2
// compared to the next resolution.
// So, in 2D, with 4 resolutions, the following schedule is used:
//(ImagePyramidSchedule 8 8  4 4  2 2  1 1 )
// And in 3D:
//(ImagePyramidSchedule 8 8 8  4 4 4  2 2 2  1 1 1 )
// You can specify any schedule, for example:
//(ImagePyramidSchedule 4 4  4 3  2 1  1 1 )
// Make sure that the number of elements equals the number
// of resolutions times the image dimension.

// ******************* Optimizer ****************************

// Maximum number of iterations in each resolution level:
// 200-500 works usually fine for rigid registration.
// For more robustness, you may increase this to 1000-2000.
(MaximumNumberOfIterations 500)

// The step size of the optimizer, in mm. By default the voxel size is used.
// which usually works well. In case of unusual high-resolution images
// (eg histology) it is necessary to increase this value a bit, to the size
// of the "smallest visible structure" in the image:
//(MaximumStepLength 1.0)

// **************** Image sampling **********************

// Number of spatial samples used to compute the mutual
// information (and its derivative) in each iteration.
// With an AdaptiveStochasticGradientDescent optimizer,
// in combination with the two options below, around 2000
// samples may already suffice.
(NumberOfSpatialSamples 2000)

// Refresh these spatial samples in every iteration, and select
// them randomly. See the manual for information on other sampling
// strategies.
(NewSamplesEveryIteration "true")
(ImageSampler "Random")

// ************* Interpolation and Resampling ****************

// Order of B-Spline interpolation used during registration/optimisation.
// It may improve accuracy if you set this to 3. Never use 0.
// An order of 1 gives linear interpolation. This is in most 
// applications a good choice.
(BSplineInterpolationOrder 1)

// Order of B-Spline interpolation used for applying the final
// deformation.
// 3 gives good accuracy; recommended in most cases.
// 1 gives worse accuracy (linear interpolation)
// 0 gives worst accuracy, but is appropriate for binary images
// (masks, segmentations); equivalent to nearest neighbor interpolation.
(FinalBSplineInterpolationOrder 3)

//Default pixel value for pixels that come from outside the picture:
(DefaultPixelValue 0)

// Choose whether to generate the deformed moving image.
// You can save some time by setting this to false, if you are
// only interested in the final (nonrigidly) deformed moving image
// for example.
(WriteResultImage "false")

// The pixel type and format of the resulting deformed moving image
(ResultImagePixelType "short")
(ResultImageFormat "nii.gz")




=============== end of ParameterFile: /Users/sakinkirti/Programming/Python/CCIPD/racial-disparity-pca/code_matlab/rigid.txt ===============


Reading images...
Reading images took 180 ms.

WARNING: the fixed pyramid schedule is not fully specified!
  A default pyramid schedule is used.
WARNING: the moving pyramid schedule is not fully specified!
  A default pyramid schedule is used.
WARNING: The parameter "AutomaticTransformInitializationMethod", requested at entry number 0, does not exist at all.
  The default value "GeometricalCenter" is used instead.
Transform parameters are initialized as: [0, 0, 0, 1.1874403357505798, 0.6611647009849548, 0.6779441833496094]
Scales are estimated automatically.
Scales for transform parameters are: [2815.97265625, 2815.97265625, 4331.4453125, 1, 1, 1]
Initialization of all components (before registration) took: 22 ms.
Preparation of the image pyramids took: 16 ms.

Resolution: 0
WARNING: The parameter "ShowExactMetricValue", requested at entry number 0, does not exist at all.
  The default value "false" is used instead.
WARNING: The parameter "CheckNumberOfSamples", requested at entry number 0, does not exist at all.
  The default value "true" is used instead.
WARNING: The parameter "UseMultiThreadingForMetrics", requested at entry number 0, does not exist at all.
  The default value "true" is used instead.
Setting the fixed masks took: 0 ms.
Setting the moving masks took: 0 ms.
WARNING: The parameter "NumberOfFixedHistogramBins", requested at entry number 0, does not exist at all.
  The default value "32" is used instead.
WARNING: The parameter "NumberOfMovingHistogramBins", requested at entry number 0, does not exist at all.
  The default value "32" is used instead.
WARNING: The parameter "FixedLimitRangeRatio", requested at entry number 0, does not exist at all.
  The default value "0.01" is used instead.
WARNING: The parameter "MovingLimitRangeRatio", requested at entry number 0, does not exist at all.
  The default value "0.01" is used instead.
WARNING: The parameter "FixedKernelBSplineOrder", requested at entry number 0, does not exist at all.
  The default value "0" is used instead.
WARNING: The parameter "MovingKernelBSplineOrder", requested at entry number 0, does not exist at all.
  The default value "3" is used instead.
WARNING: The parameter "UseFastAndLowMemoryVersion", requested at entry number 0, does not exist at all.
  The default value "true" is used instead.
WARNING: The parameter "UseJacobianPreconditioning", requested at entry number 0, does not exist at all.
  The default value "false" is used instead.
WARNING: The parameter "FiniteDifferenceDerivative", requested at entry number 0, does not exist at all.
  The default value "false" is used instead.
WARNING: The parameter "SP_A", requested at entry number 0, does not exist at all.
  The default value "20" is used instead.
WARNING: The parameter "MaximumNumberOfSamplingAttempts", requested at entry number 0, does not exist at all.
  The default value "0" is used instead.
WARNING: The parameter "SigmoidInitialTime", requested at entry number 0, does not exist at all.
  The default value "0" is used instead.
WARNING: The parameter "MaxBandCovSize", requested at entry number 0, does not exist at all.
  The default value "192" is used instead.
WARNING: The parameter "NumberOfBandStructureSamples", requested at entry number 0, does not exist at all.
  The default value "10" is used instead.
WARNING: The parameter "UseAdaptiveStepSizes", requested at entry number 0, does not exist at all.
  The default value "true" is used instead.
WARNING: The parameter "AutomaticParameterEstimation", requested at entry number 0, does not exist at all.
  The default value "true" is used instead.
WARNING: The parameter "UseConstantStep", requested at entry number 0, does not exist at all.
  The default value "false" is used instead.
WARNING: The parameter "MaximumStepLengthRatio", requested at entry number 0, does not exist at all.
  The default value "1" is used instead.
WARNING: The parameter "MaximumStepLength", requested at entry number 0, does not exist at all.
  The default value "0.883929" is used instead.
WARNING: The parameter "NumberOfGradientMeasurements", requested at entry number 0, does not exist at all.
  The default value "0" is used instead.
WARNING: The parameter "NumberOfJacobianMeasurements", requested at entry number 0, does not exist at all.
  The default value "1000" is used instead.
WARNING: The parameter "NumberOfSamplesForExactGradient", requested at entry number 0, does not exist at all.
  The default value "100000" is used instead.
WARNING: The parameter "SigmoidScaleFactor", requested at entry number 0, does not exist at all.
  The default value "0.1" is used instead.
Elastix initialization of all components (for this resolution) took: 8 ms.
  Computing the fixed image extrema took 16 ms.
  Computing the moving image extrema took 8 ms.
Initialization of AdvancedMattesMutualInformation metric took: 54 ms.
Starting automatic parameter estimation for AdaptiveStochasticGradientDescent ...
WARNING: The parameter "ASGDParameterEstimationMethod", requested at entry number 0, does not exist at all.
  The default value "Original" is used instead.
  Computing JacobianTerms ...
  Computing the Jacobian terms took 0.010046s
  NumberOfGradientMeasurements to estimate sigma_i: 6
  Sampling gradients ...
  Sampling the gradients took 1.237487s
Automatic parameter estimation took 1.25s
1:ItNr	2:Metric	3a:Time	3b:StepSize	4:||Gradient||	Time[ms]
0	-0.150597	0.000000	8.532850	0.030113	1331.4
1	-0.140217	0.000000	8.532850	0.023767	22.1
2	-0.134779	0.000000	8.532850	0.012940	15.0
3	-0.131571	0.000000	8.532850	0.021214	18.6
4	-0.119162	0.000000	8.532850	0.015482	15.2
5	-0.143739	0.492264	8.337412	0.023544	19.8
6	-0.127342	0.000000	8.532850	0.008613	12.3
7	-0.154890	0.000000	8.532850	0.018708	20.7
8	-0.135523	0.000000	8.532850	0.014473	11.8
9	-0.132771	0.078553	8.501051	0.041312	67.2
10	-0.131713	0.000000	8.532850	0.012381	15.7
11	-0.146140	0.000000	8.532850	0.017998	18.1
12	-0.162483	0.000000	8.532850	0.027027	16.1
13	-0.147607	0.000000	8.532850	0.024450	18.2
14	-0.152913	0.000000	8.532850	0.016004	12.5
15	-0.155357	0.999915	8.145025	0.016531	26.9
16	-0.164120	0.372780	8.384022	0.006167	12.7
17	-0.151810	1.217069	8.065414	0.010834	18.7
18	-0.130016	0.686806	8.262621	0.011250	8.4
19	-0.139268	1.590140	7.932215	0.021403	24.7
20	-0.179648	2.586765	7.597051	0.009170	69.5
21	-0.140790	3.565827	7.294273	0.015324	28.8
22	-0.127392	4.379373	7.060452	0.015862	16.5
23	-0.144122	5.005708	6.890405	0.017866	17.9
24	-0.138796	6.005056	6.635419	0.013879	19.6
25	-0.151466	5.384062	6.791595	0.018894	17.3
26	-0.134466	4.753872	6.957783	0.009708	18.2
27	-0.147416	5.750895	6.698462	0.019284	12.9
28	-0.145480	6.742985	6.458925	0.011005	18.2
29	-0.144654	6.328690	6.556840	0.010259	12.3
30	-0.151155	6.610441	6.489931	0.024484	17.8
31	-0.155762	7.598867	6.265628	0.010645	18.7
32	-0.128349	6.994157	6.400973	0.020518	16.0
33	-0.129205	6.361433	6.548994	0.021537	12.0
34	-0.148589	7.346484	6.321414	0.009627	19.1
35	-0.148320	7.641907	6.256212	0.020239	13.3
36	-0.143099	7.012510	6.396780	0.017172	14.9
37	-0.143739	7.937510	6.192304	0.016841	15.5
38	-0.134978	8.925848	5.987795	0.006201	15.4
39	-0.141195	8.359726	6.103254	0.012014	16.0
40	-0.158006	8.333348	6.108742	0.012085	9.1
41	-0.156066	7.742076	6.234409	0.033648	23.2
42	-0.138400	7.109393	6.374732	0.012714	9.9
43	-0.158827	8.034148	6.171693	0.011080	18.8
44	-0.139364	7.409037	6.307495	0.019341	10.7
45	-0.137514	8.392192	6.096512	0.017034	16.8
46	-0.154422	9.391388	5.896073	0.020458	9.7
47	-0.128454	10.391383	5.708250	0.010598	16.5
48	-0.139243	9.930662	5.793276	0.021096	12.4
49	-0.139648	10.930466	5.611877	0.010103	14.0
50	-0.149185	10.298311	5.725225	0.020743	14.7
51	-0.164755	9.668429	5.842812	0.022449	7.5
52	-0.136357	10.346629	5.716399	0.018881	14.9
53	-0.146239	11.132040	5.576672	0.009953	13.9
54	-0.147315	12.106975	5.412450	0.010397	21.1
55	-0.131032	13.037576	5.264472	0.019673	13.5
56	-0.131874	12.405258	5.364121	0.021383	14.8
57	-0.125002	11.772079	5.467760	0.017187	15.3
58	-0.136385	12.488148	5.350844	0.009659	14.7
59	-0.156467	11.856404	5.453727	0.006662	14.2
60	-0.138045	11.455476	5.521098	0.019470	4.7
61	-0.142338	12.444521	5.357824	0.011797	14.4
62	-0.136571	13.444371	5.202297	0.011122	14.4
63	-0.149226	13.483354	5.196416	0.026052	17.2
64	-0.146679	12.850323	5.293594	0.015831	36.3
65	-0.131519	13.700591	5.163885	0.024357	14.6
66	-0.134539	13.070750	5.259346	0.019201	28.4
67	-0.152857	12.437571	5.358938	0.027985	21.1
68	-0.146826	11.804437	5.462367	0.016523	14.9
69	-0.132177	11.171257	5.569874	0.009892	25.2
70	-0.152336	10.544685	5.680509	0.017071	8.2
71	-0.152040	9.932553	5.792922	0.012894	17.3
72	-0.136559	9.299393	5.913975	0.018779	12.7
73	-0.172858	8.666224	6.040198	0.019614	16.9
74	-0.132303	8.033045	6.171928	0.012086	65.0
75	-0.157238	7.400239	6.309449	0.018851	10.0
76	-0.151872	6.890600	6.424740	0.012224	17.7
77	-0.122510	6.288599	6.566473	0.014602	13.1
78	-0.148376	6.557029	6.502510	0.016343	16.9
79	-0.138682	7.523286	6.282231	0.014911	15.9
80	-0.154749	8.522770	6.069548	0.014774	19.6
81	-0.138027	8.064700	6.165206	0.018233	12.2
82	-0.156029	8.592962	6.055151	0.011678	13.0
83	-0.121800	9.440114	5.886635	0.012597	7.9
84	-0.137574	10.416989	5.703597	0.008070	12.3
85	-0.145982	10.312914	5.722555	0.022123	16.0
86	-0.158760	11.252855	5.555783	0.019347	13.1
87	-0.150202	10.622949	5.666450	0.017213	11.4
88	-0.149432	10.970955	5.604770	0.019718	9.8
89	-0.169384	11.927998	5.441869	0.033367	11.1
90	-0.155574	12.927998	5.281475	0.021182	16.3
91	-0.133015	12.294819	5.381914	0.018643	16.6
92	-0.157365	11.662167	5.486159	0.012874	19.4
93	-0.129364	11.029216	5.594575	0.012072	13.6
94	-0.149430	12.027974	5.425397	0.012688	15.8
95	-0.133257	11.582639	5.499550	0.021857	15.4
96	-0.166789	12.574640	5.337060	0.011661	7.1
97	-0.137972	13.564822	5.184168	0.017155	16.2
98	-0.163207	14.563843	5.038540	0.018900	11.2
99	-0.154019	14.489968	5.049028	0.015691	15.1
100	-0.143510	15.489824	4.910680	0.015177	12.6
101	-0.153672	14.856709	4.997387	0.018773	8.4
102	-0.132799	15.856317	4.861849	0.010297	26.1
103	-0.139216	15.292279	4.937410	0.018460	17.0
104	-0.132285	15.870288	4.860007	0.014599	13.8
105	-0.169767	15.251687	4.942938	0.018141	18.3
106	-0.159262	16.251554	4.810265	0.009487	14.9
107	-0.141486	17.211364	4.689439	0.014720	14.9
108	-0.142147	16.582624	4.767891	0.014852	13.4
109	-0.154730	17.582332	4.644350	0.015694	6.4
110	-0.123450	17.268180	4.682477	0.013563	17.8
111	-0.156052	16.745894	4.747268	0.010877	25.5
112	-0.142110	16.132688	4.825663	0.016859	15.8
113	-0.163086	15.602027	4.895627	0.013732	17.2
114	-0.144409	14.972001	4.981370	0.017242	15.2
115	-0.140035	14.342305	5.070124	0.018877	7.5
116	-0.144998	13.709127	5.162615	0.020573	12.4
117	-0.155810	13.075966	5.258541	0.011491	9.7
118	-0.143986	12.806253	5.300494	0.012511	17.2
119	-0.154304	13.789161	5.150738	0.010097	12.8
120	-0.162540	14.180413	5.093455	0.013091	15.7
121	-0.130497	15.176862	4.953162	0.024006	14.3
122	-0.141451	16.168639	4.820996	0.009687	11.6
123	-0.139990	15.538408	4.904151	0.006605	21.1
124	-0.113678	15.725899	4.879114	0.005914	27.8
125	-0.161821	15.676581	4.885675	0.032479	8.9
126	-0.147255	16.149029	4.823541	0.015331	22.3
127	-0.131294	17.149029	4.697101	0.007932	11.6
128	-0.120500	17.950824	4.600412	0.016167	10.4
129	-0.118145	18.887668	4.492362	0.016412	12.0
130	-0.148166	19.869873	4.384400	0.015895	14.1
131	-0.141686	19.236748	4.453388	0.024822	13.8
132	-0.134321	18.674933	4.516450	0.012433	6.8
133	-0.142866	18.041757	4.589698	0.011070	80.4
134	-0.139644	17.411547	4.665000	0.011617	13.5
135	-0.155991	18.088295	4.584233	0.011706	46.2
136	-0.146586	18.561416	4.529410	0.012411	14.3
137	-0.141389	17.973574	4.597727	0.011451	15.8
138	-0.139332	17.762944	4.622710	0.017338	8.9
139	-0.157065	17.139878	4.698228	0.019839	17.5
140	-0.156897	16.508813	4.777273	0.014852	10.4
141	-0.146385	15.877736	4.859025	0.008342	71.8
142	-0.127136	15.278292	4.939313	0.013901	8.5
143	-0.147542	14.747004	5.012724	0.015664	13.1
144	-0.130036	15.079232	4.966565	0.015758	15.1
145	-0.144137	14.457966	5.053585	0.015379	13.5
146	-0.159273	15.395972	4.923343	0.015235	7.1
147	-0.150638	14.768844	5.009663	0.014085	15.0
148	-0.134010	14.192041	5.091772	0.018262	15.4
149	-0.163541	15.191531	4.951154	0.015766	19.6
150	-0.156110	14.561904	5.038815	0.021522	13.2
151	-0.134850	13.973664	5.123565	0.013264	17.3
152	-0.142863	13.342778	5.217687	0.025475	15.4
153	-0.133739	14.337669	5.070789	0.014489	21.4
154	-0.167898	13.704549	5.163296	0.016155	15.9
155	-0.132693	13.071904	5.259168	0.006585	15.5
156	-0.128452	12.488843	5.350733	0.014523	9.9
157	-0.136088	12.068713	5.418713	0.019022	8.8
158	-0.139073	13.034773	5.264905	0.024786	12.9
159	-0.179394	12.401594	5.364710	0.015435	12.3
160	-0.131491	13.401591	5.208766	0.011762	8.8
161	-0.148932	14.401095	5.061704	0.013347	12.0
162	-0.143813	15.349648	4.929617	0.019707	11.2
163	-0.125953	14.717806	5.016821	0.011810	12.2
164	-0.148557	15.717790	4.880192	0.019822	10.1
165	-0.160210	15.085563	4.965694	0.020522	37.4
166	-0.170079	16.085546	4.831798	0.009161	20.4
167	-0.140514	15.452742	4.915676	0.011534	17.0
168	-0.150337	14.894920	4.992067	0.020503	17.9
169	-0.133470	15.886603	4.857857	0.008963	16.7
170	-0.184729	16.509542	4.777181	0.011485	30.1
171	-0.133788	16.103529	4.829456	0.010160	17.6
172	-0.167900	15.609422	4.894638	0.021129	17.3
173	-0.121270	15.006622	4.976581	0.021435	35.0
174	-0.134079	15.999292	4.843062	0.017620	14.6
175	-0.144041	16.562121	4.770494	0.012218	13.6
176	-0.127267	15.934370	4.851575	0.018463	66.6
177	-0.140685	16.917257	4.725813	0.011868	14.2
178	-0.146823	17.916431	4.604478	0.015519	18.1
179	-0.130950	18.636257	4.520857	0.014744	13.6
180	-0.136330	18.004350	4.594099	0.018732	19.4
181	-0.116037	17.371202	4.669905	0.019960	14.0
182	-0.162557	18.276971	4.562212	0.018269	13.9
183	-0.142323	19.274212	4.449245	0.017060	9.6
184	-0.130484	18.643991	4.519975	0.015173	12.0
185	-0.133732	19.643990	4.408766	0.017917	16.5
186	-0.131257	19.010819	4.478535	0.019250	16.5
187	-0.138013	20.010818	4.369331	0.016786	19.2
188	-0.144284	20.690091	4.298140	0.014860	13.0
189	-0.158716	20.057727	4.364339	0.019058	14.5
190	-0.150904	20.105716	4.359244	0.013501	11.8
191	-0.131408	21.017883	4.264609	0.024213	8.7
192	-0.140018	21.994988	4.167692	0.017538	13.7
193	-0.143633	22.570712	4.112622	0.017290	11.7
194	-0.132039	23.570709	4.020350	0.014535	17.2
195	-0.133842	24.443655	3.943122	0.020249	14.6
196	-0.135367	23.829070	3.997180	0.011540	11.8
197	-0.170644	24.803274	3.912163	0.021242	9.0
198	-0.150211	25.799936	3.828848	0.012706	11.9
199	-0.139140	26.792511	3.749329	0.013367	15.4
200	-0.128288	27.198851	3.717720	0.016086	14.9
201	-0.138513	26.670900	3.758894	0.009826	7.0
202	-0.170870	26.444518	3.776829	0.008059	18.0
203	-0.149465	26.532939	3.769804	0.011528	7.0
204	-0.144855	26.001953	3.812392	0.013644	18.2
205	-0.130590	26.997607	3.733308	0.015180	10.0
206	-0.124621	27.406117	3.701802	0.012509	28.9
207	-0.146606	26.787099	3.749754	0.009423	29.3
208	-0.148293	26.758691	3.751984	0.012937	15.7
209	-0.168885	27.680804	3.680914	0.019198	15.7
210	-0.146369	28.669738	3.607626	0.014209	16.8
211	-0.152460	29.661378	3.537011	0.020743	9.3
212	-0.147879	30.661374	3.468546	0.020116	8.6
213	-0.136534	31.661320	3.402684	0.021536	25.2
214	-0.127960	32.661320	3.339274	0.009024	7.5
215	-0.158222	33.610626	3.281227	0.013820	18.3
216	-0.141700	34.578513	3.224085	0.014684	14.6
217	-0.149326	34.135675	3.249980	0.015814	17.9
218	-0.143900	33.941282	3.261479	0.023149	14.9
219	-0.135543	34.891090	3.206054	0.013579	15.1
220	-0.113913	35.890962	3.149707	0.015658	14.5
221	-0.136495	36.726438	3.104121	0.013012	16.7
222	-0.130520	37.586460	3.058554	0.016933	14.0
223	-0.150678	38.585005	3.007298	0.022646	15.4
224	-0.141217	39.585005	2.957660	0.016438	16.8
225	-0.135536	40.584974	2.909636	0.016778	17.8
226	-0.136004	40.031624	2.936017	0.022754	17.2
227	-0.148427	41.030916	2.888719	0.006866	23.4
228	-0.158319	42.026299	2.843097	0.019519	10.0
229	-0.151406	42.303589	2.830643	0.020012	16.0
230	-0.156064	43.303579	2.786623	0.021950	11.4
231	-0.137941	44.303579	2.743952	0.018807	16.2
232	-0.155382	43.670400	2.770817	0.014423	16.2
233	-0.145003	44.670190	2.728633	0.022570	18.7
234	-0.159007	44.241819	2.746549	0.011442	16.2
235	-0.152888	45.233014	2.705446	0.008678	19.6
236	-0.140042	44.661527	2.728993	0.017109	19.4
237	-0.133497	44.038966	2.755115	0.015614	12.8
238	-0.149172	44.924142	2.718122	0.015931	7.3
239	-0.144657	45.918140	2.677747	0.008276	23.5
240	-0.126347	45.344735	2.700890	0.013383	5.8
241	-0.128127	44.789685	2.723677	0.013343	15.9
242	-0.168844	44.567791	2.732894	0.008749	14.2
243	-0.123173	43.963770	2.758304	0.018085	14.4
244	-0.152101	44.821613	2.722356	0.018748	15.1
245	-0.152159	45.812462	2.681983	0.015688	5.6
246	-0.132797	46.808340	2.642593	0.007358	15.9
247	-0.152804	47.416938	2.619086	0.014198	13.7
248	-0.160484	46.877872	2.639886	0.019574	15.6
249	-0.139200	46.244720	2.664742	0.013277	12.9
250	-0.155339	47.244715	2.625696	0.022432	6.7
251	-0.119253	46.937383	2.637574	0.022997	19.6
252	-0.160870	46.304230	2.662386	0.020942	10.3
253	-0.155992	47.303945	2.623419	0.007987	16.7
254	-0.156476	47.047702	2.633298	0.021402	15.1
255	-0.150407	46.427161	2.657532	0.020125	16.9
256	-0.125996	47.427157	2.618695	0.015457	13.2
257	-0.137868	46.793988	2.643153	0.018491	14.6
258	-0.138948	47.793960	2.604732	0.017338	14.9
259	-0.162676	48.793947	2.567413	0.020169	7.5
260	-0.148310	48.191744	2.589758	0.020879	17.9
261	-0.165879	49.191739	2.552862	0.011422	11.3
262	-0.156119	48.565987	2.575826	0.018813	13.7
263	-0.156795	48.138875	2.591738	0.022600	9.1
264	-0.108287	49.138873	2.554787	0.012527	8.1
265	-0.151389	49.464964	2.542964	0.015633	14.8
266	-0.130820	50.019328	2.523114	0.013801	12.1
267	-0.148931	49.386157	2.545811	0.014583	13.6
268	-0.147527	50.384918	2.510192	0.023426	7.7
269	-0.155864	49.751763	2.532656	0.023814	11.3
270	-0.156306	50.751763	2.497358	0.010494	11.9
271	-0.153923	51.751464	2.463041	0.011977	7.9
272	-0.132262	51.120612	2.484586	0.023010	14.6
273	-0.144578	52.120100	2.450624	0.032089	18.2
274	-0.147091	51.486959	2.472029	0.020117	16.4
275	-0.144951	50.859710	2.493607	0.019138	11.3
276	-0.140188	50.227165	2.515752	0.017824	16.1
277	-0.141134	51.114353	2.484802	0.013202	12.9
278	-0.150596	50.481178	2.506812	0.009191	8.5
279	-0.155992	51.039493	2.487384	0.011935	14.0
280	-0.141226	51.220433	2.481152	0.016647	12.5
281	-0.127754	52.197563	2.448030	0.017951	17.9
282	-0.147094	51.580174	2.468854	0.015876	14.4
283	-0.150435	50.958363	2.490188	0.017445	18.1
284	-0.134302	51.958029	2.456068	0.017124	15.0
285	-0.151880	51.334783	2.477229	0.016160	18.0
286	-0.143339	52.023794	2.453856	0.019815	14.3
287	-0.153867	53.023776	2.420707	0.026309	17.4
288	-0.143909	52.390597	2.441591	0.010258	16.1
289	-0.153702	51.759444	2.462771	0.024873	32.1
290	-0.155046	51.127592	2.484345	0.015828	22.3
291	-0.180899	50.494414	2.506348	0.016504	10.8
292	-0.145671	49.929451	2.526311	0.018044	16.9
293	-0.134724	50.929358	2.491192	0.016552	32.0
294	-0.136909	50.296179	2.513316	0.012943	13.0
295	-0.148487	51.115970	2.484746	0.014041	18.8
296	-0.132060	50.571843	2.503636	0.012449	17.4
297	-0.120934	51.569865	2.469205	0.021295	15.8
298	-0.162167	52.569863	2.435642	0.014364	15.6
299	-0.142403	53.569862	2.402980	0.021397	16.8
300	-0.149564	52.938294	2.423505	0.012431	15.2
301	-0.151938	53.938122	2.391171	0.013613	30.9
302	-0.136144	54.136923	2.384844	0.018460	13.4
303	-0.120289	53.507230	2.405000	0.018895	16.2
304	-0.167560	54.506946	2.373157	0.024301	11.3
305	-0.143830	55.506946	2.342138	0.018957	22.2
306	-0.128357	56.506431	2.311935	0.014070	17.3
307	-0.133287	55.873504	2.330970	0.014768	14.8
308	-0.163334	56.870437	2.301128	0.013605	10.0
309	-0.155023	57.869611	2.271976	0.017650	13.9
310	-0.140457	57.434883	2.284568	0.019375	12.6
311	-0.128258	58.434842	2.255809	0.009187	16.7
312	-0.136023	59.434527	2.227773	0.017295	11.1
313	-0.153929	58.814950	2.245066	0.017465	17.5
314	-0.122584	59.795930	2.217808	0.018660	13.0
315	-0.139785	59.734531	2.219495	0.018078	7.5
316	-0.127697	59.742439	2.219277	0.010378	15.2
317	-0.148124	60.570314	2.196753	0.014778	12.4
318	-0.144178	59.955914	2.213425	0.014541	12.0
319	-0.138160	60.913603	2.187547	0.014844	20.1
320	-0.164268	60.349661	2.202712	0.022041	18.1
321	-0.142979	59.723384	2.219801	0.019362	15.1
322	-0.132288	60.534799	2.197710	0.007504	13.4
323	-0.158454	60.326187	2.203348	0.025286	11.4
324	-0.146608	61.102081	2.182525	0.020427	8.6
325	-0.140228	60.468902	2.199488	0.016620	14.6
326	-0.172664	61.468900	2.172817	0.007589	14.8
327	-0.144498	60.885626	2.188294	0.018185	6.8
328	-0.138695	61.881443	2.162002	0.009197	20.5
329	-0.147823	62.280096	2.151653	0.017366	7.8
330	-0.138277	61.647363	2.168125	0.020406	19.4
331	-0.158149	61.015398	2.184832	0.017850	13.1
332	-0.121875	60.382283	2.201829	0.011012	16.6
333	-0.157996	59.764419	2.218673	0.018624	13.0
334	-0.157536	60.122969	2.208867	0.022214	19.2
335	-0.153004	59.738878	2.219375	0.019815	19.9
336	-0.140272	60.727045	2.192540	0.020414	22.4
337	-0.149261	60.093866	2.209660	0.014910	8.6
338	-0.140528	59.821758	2.217099	0.021210	17.4
339	-0.157343	60.793978	2.190746	0.028588	11.0
340	-0.138339	60.160798	2.207838	0.015963	15.3
341	-0.160490	59.527619	2.225197	0.011233	14.6
342	-0.143682	58.906768	2.242487	0.021098	16.4
343	-0.144416	59.888956	2.215257	0.019236	12.8
344	-0.141254	60.097445	2.209562	0.015307	6.9
345	-0.132952	61.063631	2.183548	0.019224	15.7
346	-0.143947	60.430524	2.200524	0.027374	11.3
347	-0.152895	61.430043	2.173842	0.008529	12.4
348	-0.126387	61.986544	2.159264	0.017889	10.1
349	-0.155978	61.388708	2.174932	0.011103	12.3
350	-0.145282	62.380485	2.149062	0.015417	13.8
351	-0.150196	61.755188	2.165301	0.017315	14.1
352	-0.128245	62.283282	2.151571	0.011184	7.2
353	-0.156049	61.653448	2.167966	0.020978	24.6
354	-0.162563	61.020550	2.184695	0.019136	6.2
355	-0.153951	60.429675	2.200547	0.018311	45.9
356	-0.163856	60.040836	2.211106	0.017375	21.1
357	-0.135306	61.032987	2.184363	0.019078	22.6
358	-0.150882	61.185506	2.180310	0.020450	6.7
359	-0.123185	61.919411	2.161012	0.019270	19.5
360	-0.138739	61.923805	2.160898	0.026331	11.0
361	-0.162082	62.634325	2.142540	0.016626	15.5
362	-0.146919	63.495346	2.120707	0.020318	14.9
363	-0.144889	64.147476	2.104465	0.025932	15.4
364	-0.158620	65.126078	2.080553	0.009440	16.5
365	-0.147568	64.602651	2.093275	0.032861	31.5
366	-0.166607	63.969548	2.108871	0.012387	18.7
367	-0.129166	64.013334	2.107785	0.006881	14.9
368	-0.171605	63.396140	2.123200	0.020182	13.7
369	-0.151713	63.746137	2.114431	0.026815	17.8
370	-0.154653	64.746128	2.089772	0.015640	15.1
371	-0.124954	64.116817	2.105223	0.014274	15.3
372	-0.146260	63.538973	2.119612	0.020644	12.0
373	-0.133454	63.753274	2.114253	0.012013	6.4
374	-0.112429	63.120413	2.130159	0.021374	10.4
375	-0.159033	62.489304	2.146261	0.022046	7.8
376	-0.128878	63.488205	2.120886	0.024582	7.6
377	-0.147856	64.395008	2.098365	0.016029	8.9
378	-0.155492	65.394975	2.074077	0.024624	11.4
379	-0.125234	66.380481	2.050685	0.019219	8.1
380	-0.159116	65.748129	2.065634	0.019434	9.6
381	-0.149005	66.748128	2.042093	0.019867	12.1
382	-0.150331	66.121765	2.056775	0.017830	8.5
383	-0.135832	67.121746	2.033435	0.014372	10.5
384	-0.129051	66.578307	2.046053	0.013939	8.4
385	-0.141509	67.564897	2.023260	0.022705	12.6
386	-0.117910	68.564865	2.000671	0.011748	11.7
387	-0.148762	69.564793	1.978582	0.021065	13.6
388	-0.144582	68.976634	1.991515	0.022298	6.8
389	-0.135711	69.976632	1.969625	0.018415	11.6
390	-0.141105	70.976632	1.948211	0.008463	11.5
391	-0.143872	71.964078	1.927517	0.012741	12.3
392	-0.152259	71.348748	1.940360	0.018246	8.6
393	-0.143676	71.916808	1.928498	0.014649	14.4
394	-0.145307	72.916777	1.907964	0.015531	11.7
395	-0.136226	72.284160	1.920903	0.021988	8.7
396	-0.173648	73.284105	1.900531	0.013790	16.6
397	-0.143589	72.753835	1.911280	0.020036	13.3
398	-0.134223	73.731824	1.891549	0.023231	16.9
399	-0.161304	74.731819	1.871790	0.014320	12.4
400	-0.152567	75.731716	1.852442	0.021106	14.2
401	-0.163358	75.098988	1.864638	0.014416	17.1
402	-0.157591	74.465809	1.877006	0.015458	16.4
403	-0.149301	75.045388	1.865679	0.025035	15.3
404	-0.152530	74.414823	1.878009	0.024823	20.3
405	-0.136215	73.882430	1.888546	0.028342	14.4
406	-0.156031	74.824095	1.869987	0.016805	14.6
407	-0.145347	75.824095	1.850674	0.023867	16.7
408	-0.145431	75.190916	1.862856	0.020589	17.6
409	-0.163701	76.190916	1.843689	0.017696	15.2
410	-0.158985	75.558027	1.855774	0.015704	28.9
411	-0.149767	75.877678	1.849651	0.018426	14.2
412	-0.125664	75.275695	1.861216	0.016213	15.8
413	-0.150795	76.271533	1.842161	0.009515	29.4
414	-0.135355	76.962834	1.829162	0.018600	10.1
415	-0.157068	76.395243	1.839821	0.019466	7.4
416	-0.129981	77.395186	1.821124	0.009885	16.5
417	-0.132312	77.260527	1.823620	0.008269	14.1
418	-0.119890	77.686680	1.815745	0.018193	25.9
419	-0.130310	77.055766	1.827428	0.009768	5.1
420	-0.152623	76.736596	1.833396	0.015952	16.2
421	-0.138529	76.108676	1.845251	0.026917	14.6
422	-0.174900	77.108670	1.826443	0.022379	12.8
423	-0.151560	76.475496	1.838307	0.011926	15.4
424	-0.129915	77.475495	1.819639	0.011923	6.4
425	-0.141262	77.638486	1.816632	0.016495	16.9
426	-0.142238	77.005946	1.828357	0.016164	15.0
427	-0.168692	76.376401	1.840177	0.016935	16.9
428	-0.152347	77.002007	1.828430	0.016668	15.8
429	-0.151633	77.993457	1.810118	0.014682	15.7
430	-0.142312	77.365654	1.821671	0.021028	14.9
431	-0.147471	78.365408	1.803342	0.025625	15.3
432	-0.149663	77.732229	1.814907	0.016347	16.2
433	-0.147789	77.099050	1.826622	0.021440	31.5
434	-0.147007	76.583247	1.836277	0.010161	19.1
435	-0.159457	77.322238	1.822475	0.017854	16.5
436	-0.147398	78.320378	1.804160	0.016078	15.0
437	-0.151835	78.226956	1.805859	0.018252	13.6
438	-0.149896	77.595573	1.817423	0.016306	7.4
439	-0.145223	76.966796	1.829088	0.018982	17.8
440	-0.167095	77.796033	1.813735	0.017747	9.9
441	-0.146424	78.757487	1.796255	0.022898	19.0
442	-0.125188	78.142223	1.807402	0.017911	13.4
443	-0.137519	77.509069	1.819019	0.010314	28.2
444	-0.174244	78.487022	1.801138	0.011816	17.3
445	-0.150935	77.905491	1.811728	0.025140	16.3
446	-0.154815	78.899169	1.793707	0.016967	17.2
447	-0.160653	79.674078	1.779901	0.028694	13.9
448	-0.169219	79.041042	1.791163	0.010305	14.1
449	-0.140863	80.041033	1.773437	0.009714	17.1
450	-0.159797	79.427753	1.784266	0.015530	8.5
451	-0.139592	78.797812	1.795529	0.010331	15.7
452	-0.167152	78.945217	1.792881	0.013011	15.1
453	-0.140039	78.526104	1.800431	0.022498	15.8
454	-0.142286	79.004942	1.791810	0.011207	9.5
455	-0.136950	80.002148	1.774119	0.023266	16.7
456	-0.150382	80.986139	1.757002	0.012976	13.6
457	-0.141103	80.352997	1.767978	0.011479	18.8
458	-0.142396	80.726324	1.761490	0.024178	14.1
459	-0.137679	80.093318	1.772519	0.023320	16.2
460	-0.152480	81.083054	1.755334	0.017671	13.8
461	-0.147263	81.717176	1.744497	0.010913	19.0
462	-0.137648	82.395859	1.733047	0.019988	15.2
463	-0.130344	81.966520	1.740273	0.015416	18.4
464	-0.151901	82.961060	1.723625	0.006265	28.1
465	-0.143008	82.479273	1.731650	0.022041	14.3
466	-0.139701	83.437205	1.715766	0.013503	22.1
467	-0.140559	82.804440	1.726225	0.019663	12.1
468	-0.141947	83.804433	1.709755	0.008711	19.2
469	-0.131536	84.253048	1.702467	0.009654	12.8
470	-0.154742	84.361328	1.700718	0.004558	15.7
471	-0.137238	84.125696	1.704530	0.012149	15.5
472	-0.160248	83.721680	1.711106	0.024210	16.3
473	-0.139697	84.721209	1.694928	0.013695	16.1
474	-0.130310	85.720275	1.679061	0.012155	14.2
475	-0.165964	85.776454	1.678178	0.022116	17.0
476	-0.147284	86.773866	1.662647	0.025613	18.2
477	-0.167212	87.773866	1.647361	0.008382	15.9
478	-0.164081	88.086666	1.642638	0.012855	17.1
479	-0.147383	87.826386	1.646566	0.016467	12.7
480	-0.126997	87.193457	1.656199	0.014090	8.4
481	-0.142254	88.144436	1.641768	0.019820	23.6
482	-0.149911	89.144178	1.626866	0.014864	19.6
483	-0.144744	90.143731	1.612235	0.011801	13.5
484	-0.155434	89.561297	1.620729	0.018316	17.5
485	-0.148027	90.561164	1.606203	0.022313	14.6
486	-0.144245	91.561164	1.591933	0.024312	17.2
487	-0.160222	91.727805	1.589580	0.015985	14.2
488	-0.152718	92.723945	1.575656	0.023619	9.3
489	-0.159349	93.723792	1.561924	0.018531	18.6
490	-0.122805	93.094099	1.570544	0.009322	11.3
491	-0.151466	92.463881	1.579268	0.013170	15.6
492	-0.154318	92.955384	1.572456	0.013441	15.7
493	-0.150568	93.768892	1.561310	0.016032	41.3
494	-0.128071	93.136509	1.569961	0.016306	7.7
495	-0.162125	92.867158	1.573675	0.013188	18.9
496	-0.163444	92.721589	1.575689	0.008275	24.3
497	-0.151818	92.996129	1.571894	0.014818	15.4
498	-0.161657	92.379987	1.580436	0.014137	15.1
499	-0.165400	93.378669	1.566637	0.014206	16.8
Time spent in resolution 0 (ITK initialization and iterating): 9.615 s.
Stopping condition: Maximum number of iterations has been reached.
Settings of AdaptiveStochasticGradientDescent in resolution 0:
( SP_a 179.189856 )
( SP_A 20.000000 )
( SP_alpha 1.000000 )
( SigmoidMax 1.000000 )
( SigmoidMin -0.633179 )
( SigmoidScale 0.000017 )



=============== start of TransformParameterFile ===============
(Transform "EulerTransform")
(NumberOfParameters 6)
(TransformParameters -0.000015 0.000415 -0.000506 0.170021 0.939436 -0.557101)
(InitialTransformParametersFileName "NoInitialTransform")
(UseBinaryFormatForTransformationParameters "false")
(HowToCombineTransforms "Compose")

// Image specific
(FixedImageDimension 3)
(MovingImageDimension 3)
(FixedInternalImagePixelType "float")
(MovingInternalImagePixelType "float")
(Size 256 256 30)
(Index 0 0 0)
(Spacing 0.6250000000 0.6250000000 3.0000000000)
(Origin -89.5124282837 -70.7840652466 20.7288055420)
(Direction 1.0000000000 0.0000000000 0.0000000000 0.0000000000 1.0000000000 0.0000000000 0.0000000000 0.0000000000 1.0000000000)
(UseDirectionCosines "false")

// EulerTransform specific
(CenterOfRotationPoint -9.8249282837 8.9034347534 64.2288055420)
(ComputeZYX "false")

// ResampleInterpolator specific
(ResampleInterpolator "FinalBSplineInterpolator")
(FinalBSplineInterpolationOrder 3)

// Resampler specific
(Resampler "DefaultResampler")
(DefaultPixelValue 0.000000)
(ResultImageFormat "nii.gz")
(ResultImagePixelType "short")
(CompressResultImage "false")

=============== end of TransformParameterFile ===============

Creating the TransformParameterFile took 0.00s

Registration result checksum: 3444169921

Skipping applying final transform, no resulting output image generated.

Final metric value  = -0.165400
Settings of AdaptiveStochasticGradientDescent for all resolutions:
( SP_a 179.189856 )
( SP_A 20.000000 )
( SP_alpha 1.000000 )
( SigmoidMax 1.000000 )
( SigmoidMin -0.633179 )
( SigmoidScale 0.000017 )

Time spent on saving the results, applying the final transform etc.: 6 ms.
Running elastix with parameter file 0: "/Users/sakinkirti/Programming/Python/CCIPD/racial-disparity-pca/code_matlab/rigid.txt", has finished.


Current time: Mon May 23 13:41:16 2022.
Time used for running elastix with this parameter file:
  9.9s.

-------------------------------------------------------------------------

Total time elapsed: 10.1s.

