
elastix is started at Mon May 23 08:25:42 2022.

which elastix:   /Users/sakinkirti/Programming/Python/CCIPD/racial-disparity-pca/code_matlab/elastix-5.0.0-mac/bin/elastix
elastix runs at: Sakins-MBP.hsd1.ca.comcast.net
  macOS 12.3.1 (x64), 21E258
  with 8192 MB memory, and 2 cores @ 2300 MHz.
-------------------------------------------------------------------------

Running elastix with parameter file 0: "/Users/sakinkirti/Programming/Python/CCIPD/racial-disparity-pca/code_matlab/rigid.txt".

Current time: Mon May 23 08:25:42 2022.
Reading the elastix parameters from file ...

Installing all components.
InstallingComponents was successful.

ELASTIX version: 5.000
Command line options from ElastixBase:
-f        /Users/sakinkirti/Programming/Python/CCIPD/racial-disparity-pca/dataset/to_nifti_cleaned/prostate-000951/ADC.nii.gz
-m        /Users/sakinkirti/Programming/Python/CCIPD/racial-disparity-pca/dataset/to_nifti_cleaned/prostate-000951/T2W.nii.gz
-fMask    unspecified, so no fixed mask used
-mMask    unspecified, so no moving mask used
-out      /Users/sakinkirti/Programming/Python/CCIPD/racial-disparity-pca/dataset/to_nifti_cleaned/prostate-000951/
-p        /Users/sakinkirti/Programming/Python/CCIPD/racial-disparity-pca/code_matlab/rigid.txt
-threads  unspecified, so all available threads are used
Command line options from TransformBase:
-t0       unspecified, so no initial transform used

=============== start of ParameterFile: /Users/sakinkirti/Programming/Python/CCIPD/racial-disparity-pca/code_matlab/rigid.txt ===============
// Example parameter file for rotation registration
// C-style comments: //

// The internal pixel type, used for internal computations
// Leave to float in general. 
// NB: this is not the type of the input images! The pixel 
// type of the input images is automatically read from the 
// images themselves.
// This setting can be changed to "short" to save some memory
// in case of very large 3D images.
(FixedInternalImagePixelType "float")
(MovingInternalImagePixelType "float")

// The dimensions of the fixed and moving image
// Up to elastix 4.5 this had to be specified by the user.
// From elastix 4.6, this is not necessary anymore.
//(FixedImageDimension 3)
//(MovingImageDimension 3)

// Specify whether you want to take into account the so-called
// direction cosines of the images. Recommended: true.
// In some cases, the direction cosines of the image are corrupt,
// due to image format conversions for example. In that case, you 
// may want to set this option to "false".
(UseDirectionCosines "false")

// **************** Main Components **************************

// The following components should usually be left as they are:
(Registration "MultiResolutionRegistration")
(Interpolator "BSplineInterpolator")
(ResampleInterpolator "FinalBSplineInterpolator")
(Resampler "DefaultResampler")

// These may be changed to Fixed/MovingSmoothingImagePyramid.
// See the manual.
(FixedImagePyramid "FixedRecursiveImagePyramid")
(MovingImagePyramid "MovingRecursiveImagePyramid")

// The following components are most important:
// The optimizer AdaptiveStochasticGradientDescent (ASGD) works
// quite ok in general. The Transform and Metric are important
// and need to be chosen careful for each application. See manual.
(Optimizer "AdaptiveStochasticGradientDescent")
(Transform "EulerTransform")
(Metric "AdvancedMattesMutualInformation")

// ***************** Transformation **************************

// Scales the rotations compared to the translations, to make
// sure they are in the same range. In general, it's best to  
// use automatic scales estimation:
(AutomaticScalesEstimation "true")

// Automatically guess an initial translation by aligning the
// geometric centers of the fixed and moving.
(AutomaticTransformInitialization "true")

// Whether transforms are combined by composition or by addition.
// In generally, Compose is the best option in most cases.
// It does not influence the results very much.
(HowToCombineTransforms "Compose")

// ******************* Similarity measure *********************

// Number of grey level bins in each resolution level,
// for the mutual information. 16 or 32 usually works fine.
// You could also employ a hierarchical strategy:
//(NumberOfHistogramBins 16 32 64)
(NumberOfHistogramBins 32)

// If you use a mask, this option is important. 
// If the mask serves as region of interest, set it to false.
// If the mask indicates which pixels are valid, then set it to true.
// If you do not use a mask, the option doesn't matter.
(ErodeMask "false")

// ******************** Multiresolution **********************

// The number of resolutions. 1 Is only enough if the expected
// deformations are small. 3 or 4 mostly works fine. For large
// images and large deformations, 5 or 6 may even be useful.
(NumberOfResolutions 1)

// The downsampling/blurring factors for the image pyramids.
// By default, the images are downsampled by a factor of 2
// compared to the next resolution.
// So, in 2D, with 4 resolutions, the following schedule is used:
//(ImagePyramidSchedule 8 8  4 4  2 2  1 1 )
// And in 3D:
//(ImagePyramidSchedule 8 8 8  4 4 4  2 2 2  1 1 1 )
// You can specify any schedule, for example:
//(ImagePyramidSchedule 4 4  4 3  2 1  1 1 )
// Make sure that the number of elements equals the number
// of resolutions times the image dimension.

// ******************* Optimizer ****************************

// Maximum number of iterations in each resolution level:
// 200-500 works usually fine for rigid registration.
// For more robustness, you may increase this to 1000-2000.
(MaximumNumberOfIterations 500)

// The step size of the optimizer, in mm. By default the voxel size is used.
// which usually works well. In case of unusual high-resolution images
// (eg histology) it is necessary to increase this value a bit, to the size
// of the "smallest visible structure" in the image:
//(MaximumStepLength 1.0)

// **************** Image sampling **********************

// Number of spatial samples used to compute the mutual
// information (and its derivative) in each iteration.
// With an AdaptiveStochasticGradientDescent optimizer,
// in combination with the two options below, around 2000
// samples may already suffice.
(NumberOfSpatialSamples 2000)

// Refresh these spatial samples in every iteration, and select
// them randomly. See the manual for information on other sampling
// strategies.
(NewSamplesEveryIteration "true")
(ImageSampler "Random")

// ************* Interpolation and Resampling ****************

// Order of B-Spline interpolation used during registration/optimisation.
// It may improve accuracy if you set this to 3. Never use 0.
// An order of 1 gives linear interpolation. This is in most 
// applications a good choice.
(BSplineInterpolationOrder 1)

// Order of B-Spline interpolation used for applying the final
// deformation.
// 3 gives good accuracy; recommended in most cases.
// 1 gives worse accuracy (linear interpolation)
// 0 gives worst accuracy, but is appropriate for binary images
// (masks, segmentations); equivalent to nearest neighbor interpolation.
(FinalBSplineInterpolationOrder 3)

//Default pixel value for pixels that come from outside the picture:
(DefaultPixelValue 0)

// Choose whether to generate the deformed moving image.
// You can save some time by setting this to false, if you are
// only interested in the final (nonrigidly) deformed moving image
// for example.
(WriteResultImage "false")

// The pixel type and format of the resulting deformed moving image
(ResultImagePixelType "short")
(ResultImageFormat "nii.gz")




=============== end of ParameterFile: /Users/sakinkirti/Programming/Python/CCIPD/racial-disparity-pca/code_matlab/rigid.txt ===============


Reading images...
Reading images took 116 ms.

WARNING: the fixed pyramid schedule is not fully specified!
  A default pyramid schedule is used.
WARNING: the moving pyramid schedule is not fully specified!
  A default pyramid schedule is used.
WARNING: The parameter "AutomaticTransformInitializationMethod", requested at entry number 0, does not exist at all.
  The default value "GeometricalCenter" is used instead.
Transform parameters are initialized as: [0, 0, 0, -0.1265375316143036, -1.7741757333278656, 19.809585571289062]
Scales are estimated automatically.
Scales for transform parameters are: [3889.152850043567, 5526.488660401972, 8103.141510446604, 1, 1, 1]
Initialization of all components (before registration) took: 17 ms.
Preparation of the image pyramids took: 16 ms.

Resolution: 0
WARNING: The parameter "ShowExactMetricValue", requested at entry number 0, does not exist at all.
  The default value "false" is used instead.
WARNING: The parameter "CheckNumberOfSamples", requested at entry number 0, does not exist at all.
  The default value "true" is used instead.
WARNING: The parameter "UseMultiThreadingForMetrics", requested at entry number 0, does not exist at all.
  The default value "true" is used instead.
Setting the fixed masks took: 0 ms.
Setting the moving masks took: 0 ms.
WARNING: The parameter "NumberOfFixedHistogramBins", requested at entry number 0, does not exist at all.
  The default value "32" is used instead.
WARNING: The parameter "NumberOfMovingHistogramBins", requested at entry number 0, does not exist at all.
  The default value "32" is used instead.
WARNING: The parameter "FixedLimitRangeRatio", requested at entry number 0, does not exist at all.
  The default value "0.01" is used instead.
WARNING: The parameter "MovingLimitRangeRatio", requested at entry number 0, does not exist at all.
  The default value "0.01" is used instead.
WARNING: The parameter "FixedKernelBSplineOrder", requested at entry number 0, does not exist at all.
  The default value "0" is used instead.
WARNING: The parameter "MovingKernelBSplineOrder", requested at entry number 0, does not exist at all.
  The default value "3" is used instead.
WARNING: The parameter "UseFastAndLowMemoryVersion", requested at entry number 0, does not exist at all.
  The default value "true" is used instead.
WARNING: The parameter "UseJacobianPreconditioning", requested at entry number 0, does not exist at all.
  The default value "false" is used instead.
WARNING: The parameter "FiniteDifferenceDerivative", requested at entry number 0, does not exist at all.
  The default value "false" is used instead.
WARNING: The parameter "SP_A", requested at entry number 0, does not exist at all.
  The default value "20" is used instead.
WARNING: The parameter "MaximumNumberOfSamplingAttempts", requested at entry number 0, does not exist at all.
  The default value "0" is used instead.
WARNING: The parameter "SigmoidInitialTime", requested at entry number 0, does not exist at all.
  The default value "0" is used instead.
WARNING: The parameter "MaxBandCovSize", requested at entry number 0, does not exist at all.
  The default value "192" is used instead.
WARNING: The parameter "NumberOfBandStructureSamples", requested at entry number 0, does not exist at all.
  The default value "10" is used instead.
WARNING: The parameter "UseAdaptiveStepSizes", requested at entry number 0, does not exist at all.
  The default value "true" is used instead.
WARNING: The parameter "AutomaticParameterEstimation", requested at entry number 0, does not exist at all.
  The default value "true" is used instead.
WARNING: The parameter "UseConstantStep", requested at entry number 0, does not exist at all.
  The default value "false" is used instead.
WARNING: The parameter "MaximumStepLengthRatio", requested at entry number 0, does not exist at all.
  The default value "1" is used instead.
WARNING: The parameter "MaximumStepLength", requested at entry number 0, does not exist at all.
  The default value "0.799324" is used instead.
WARNING: The parameter "NumberOfGradientMeasurements", requested at entry number 0, does not exist at all.
  The default value "0" is used instead.
WARNING: The parameter "NumberOfJacobianMeasurements", requested at entry number 0, does not exist at all.
  The default value "1000" is used instead.
WARNING: The parameter "NumberOfSamplesForExactGradient", requested at entry number 0, does not exist at all.
  The default value "100000" is used instead.
WARNING: The parameter "SigmoidScaleFactor", requested at entry number 0, does not exist at all.
  The default value "0.1" is used instead.
Elastix initialization of all components (for this resolution) took: 2 ms.
  Computing the fixed image extrema took 6 ms.
  Computing the moving image extrema took 10 ms.
Initialization of AdvancedMattesMutualInformation metric took: 123 ms.
Starting automatic parameter estimation for AdaptiveStochasticGradientDescent ...
WARNING: The parameter "ASGDParameterEstimationMethod", requested at entry number 0, does not exist at all.
  The default value "Original" is used instead.
  Computing JacobianTerms ...
  Computing the Jacobian terms took 0.004057s
  NumberOfGradientMeasurements to estimate sigma_i: 6
  Sampling gradients ...
  Sampling the gradients took 1.380558s
Automatic parameter estimation took 1.39s
1:ItNr	2:Metric	3a:Time	3b:StepSize	4:||Gradient||	Time[ms]
0	-0.044404	0.000000	1.889770	0.016775	1511.6
1	-0.052843	0.000000	1.889770	0.012832	3.7
2	-0.063249	0.000000	1.889770	0.012496	10.9
3	-0.048412	0.000000	1.889770	0.013992	2.6
4	-0.061129	0.969093	1.806409	0.007593	3.1
5	-0.055039	1.568156	1.758459	0.019282	5.6
6	-0.062701	2.351022	1.699505	0.016509	3.9
7	-0.053584	3.350748	1.629731	0.014198	6.7
8	-0.065174	2.369888	1.698133	0.007374	6.4
9	-0.052598	2.852698	1.663761	0.015859	6.2
10	-0.051456	3.841589	1.597530	0.013972	2.2
11	-0.053929	4.823917	1.536761	0.011165	2.7
12	-0.058972	4.130117	1.579188	0.014179	6.6
13	-0.056737	4.273265	1.570243	0.014323	3.2
14	-0.054305	4.112421	1.580301	0.013906	3.6
15	-0.055097	3.889873	1.594431	0.013492	10.3
16	-0.061797	2.909180	1.659830	0.036615	6.5
17	-0.051734	1.928315	1.730837	0.007655	6.0
18	-0.073761	2.599963	1.681578	0.013570	2.8
19	-0.061077	2.493314	1.689212	0.013211	4.3
20	-0.051766	2.494683	1.689113	0.027618	3.0
21	-0.062389	1.513818	1.762703	0.014823	8.4
22	-0.046886	2.513801	1.687740	0.010691	3.3
23	-0.054482	3.487932	1.620601	0.021316	7.6
24	-0.061557	4.486798	1.557088	0.030669	6.0
25	-0.055553	3.506426	1.619378	0.008958	4.3
26	-0.061729	2.525563	1.686896	0.009739	8.7
27	-0.055373	2.109164	1.717292	0.016215	9.8
28	-0.053152	1.137709	1.792651	0.013925	3.3
29	-0.053684	0.208016	1.871235	0.019602	7.0
30	-0.052151	0.000000	1.889770	0.020738	4.6
31	-0.056425	0.000000	1.889770	0.018278	5.8
32	-0.044270	1.000000	1.803872	0.021703	7.7
33	-0.054503	0.019135	1.888050	0.015020	5.8
34	-0.058656	0.000000	1.889770	0.031942	5.6
35	-0.055658	0.000000	1.889770	0.024377	3.6
36	-0.044986	0.000000	1.889770	0.007520	6.7
37	-0.052149	0.000000	1.889770	0.017887	4.5
38	-0.048785	0.000000	1.889770	0.008967	9.5
39	-0.057485	0.280600	1.864852	0.026165	3.4
40	-0.056384	1.280592	1.781155	0.028495	6.1
41	-0.044329	0.299727	1.863178	0.007325	5.1
42	-0.061906	0.000000	1.889770	0.020149	3.7
43	-0.053962	0.500081	1.845815	0.010430	10.5
44	-0.060440	0.000000	1.889770	0.018905	2.9
45	-0.058894	0.000000	1.889770	0.017377	5.2
46	-0.039895	0.000000	1.889770	0.015494	6.7
47	-0.061311	1.000000	1.803872	0.007623	5.5
48	-0.049739	1.589519	1.756796	0.013224	5.8
49	-0.056851	2.469910	1.690896	0.008237	4.5
50	-0.052082	1.900152	1.732966	0.026367	2.8
51	-0.046945	2.900152	1.660457	0.030520	4.5
52	-0.065438	1.919287	1.731519	0.025944	6.4
53	-0.063209	0.938423	1.808935	0.013673	3.4
54	-0.049812	0.000000	1.889770	0.004701	2.5
55	-0.062770	0.734407	1.825915	0.007581	5.5
56	-0.052331	0.000000	1.889770	0.009545	5.3
57	-0.049150	0.000000	1.889770	0.024857	5.2
58	-0.049271	0.000000	1.889770	0.015039	7.0
59	-0.058739	0.000000	1.889770	0.014204	3.7
60	-0.046284	0.439084	1.851067	0.013839	3.5
61	-0.059802	0.000000	1.889770	0.022778	6.1
62	-0.054102	0.975843	1.805855	0.010274	3.6
63	-0.060004	1.975715	1.727266	0.017376	2.4
64	-0.061659	2.423763	1.694227	0.012004	7.2
65	-0.055246	3.256555	1.636060	0.017457	7.5
66	-0.055625	4.254954	1.571382	0.016461	3.5
67	-0.066756	3.275102	1.634810	0.019903	6.6
68	-0.048468	2.294250	1.703647	0.014615	4.2
69	-0.042019	3.294128	1.633530	0.015625	2.4
70	-0.056647	2.423616	1.694238	0.006064	4.5
71	-0.043994	1.552023	1.759717	0.010893	6.8
72	-0.050623	0.853047	1.816002	0.007225	2.9
73	-0.058444	0.283783	1.864573	0.012242	2.5
74	-0.048821	0.000000	1.889770	0.019397	7.5
75	-0.040750	1.000000	1.803872	0.012375	4.9
76	-0.065899	1.997994	1.725593	0.010040	5.7
77	-0.054479	1.209374	1.786866	0.014837	3.8
78	-0.057711	2.208791	1.709920	0.011442	5.3
79	-0.054803	1.227971	1.785371	0.013177	3.7
80	-0.060780	0.374917	1.856624	0.020939	4.8
81	-0.048883	0.000000	1.889770	0.014156	4.4
82	-0.060678	0.999905	1.803879	0.014465	4.2
83	-0.047766	1.998479	1.725557	0.009197	5.5
84	-0.066216	2.358053	1.698993	0.013194	5.0
85	-0.065925	1.393416	1.772181	0.014758	4.7
86	-0.049696	0.412763	1.853342	0.008516	7.8
87	-0.055936	0.000000	1.889770	0.015952	2.7
88	-0.059162	0.000000	1.889770	0.011128	4.8
89	-0.047346	0.000000	1.889770	0.007553	7.4
90	-0.049712	0.000000	1.889770	0.010219	2.6
91	-0.041200	0.000000	1.889770	0.012815	3.6
92	-0.063234	0.851299	1.816147	0.006061	9.6
93	-0.058809	0.000000	1.889770	0.007732	6.4
94	-0.054957	0.294588	1.863627	0.016372	4.2
95	-0.066325	0.000000	1.889770	0.020794	4.2
96	-0.063391	1.000000	1.803872	0.009573	7.9
97	-0.050787	1.319290	1.778066	0.019038	3.8
98	-0.057222	0.345909	1.859147	0.017740	4.5
99	-0.055980	0.000000	1.889770	0.012030	4.6
100	-0.055547	0.999994	1.803872	0.016500	3.7
101	-0.056929	0.019130	1.888050	0.023901	4.3
102	-0.046281	0.000000	1.889770	0.010326	4.2
103	-0.045391	0.999952	1.803876	0.010347	4.7
104	-0.045154	1.984731	1.726589	0.005729	3.7
105	-0.061206	2.691473	1.675083	0.017273	4.7
106	-0.059071	1.729650	1.745965	0.018344	5.5
107	-0.057935	2.729122	1.672425	0.021600	3.7
108	-0.050948	1.748273	1.744536	0.018057	4.4
109	-0.074560	0.767408	1.823147	0.019109	3.3
110	-0.057277	1.677963	1.749945	0.015394	5.0
111	-0.063418	2.677927	1.676041	0.018999	3.7
112	-0.049295	3.489045	1.620528	0.018137	3.9
113	-0.056481	4.487509	1.557044	0.011228	7.6
114	-0.060662	4.526930	1.554640	0.013838	3.6
115	-0.051109	4.447111	1.559516	0.017410	6.5
116	-0.053042	3.466246	1.622038	0.016284	4.2
117	-0.050146	4.466246	1.558344	0.014948	2.6
118	-0.055315	5.466246	1.499464	0.008107	7.5
119	-0.055503	6.371273	1.449884	0.008871	5.6
120	-0.061784	7.337800	1.400433	0.012275	3.5
121	-0.054085	6.371549	1.449870	0.022220	8.6
122	-0.056542	7.370773	1.398805	0.013735	2.9
123	-0.058377	6.389908	1.448898	0.019066	5.6
124	-0.064068	6.104879	1.464134	0.017426	8.2
125	-0.061298	7.104878	1.412039	0.024623	2.6
126	-0.049628	6.124013	1.463101	0.003275	4.3
127	-0.059544	5.530121	1.495854	0.010891	6.7
128	-0.059574	5.900098	1.475280	0.017406	4.9
129	-0.059092	4.920483	1.531035	0.022488	3.6
130	-0.055443	3.939618	1.591250	0.014521	7.1
131	-0.051894	2.958753	1.656396	0.019413	3.8
132	-0.060915	3.919666	1.592524	0.017835	4.9
133	-0.056027	4.919666	1.531084	0.027478	5.3
134	-0.052237	3.938801	1.591303	0.021182	5.4
135	-0.048362	2.957936	1.656452	0.013536	6.2
136	-0.054691	1.977071	1.727164	0.015373	5.3
137	-0.056331	0.999120	1.803944	0.015892	5.8
138	-0.055827	0.018372	1.888119	0.014612	3.7
139	-0.083470	0.000000	1.889770	0.015027	4.0
140	-0.062321	0.999972	1.803874	0.009683	3.7
141	-0.051611	1.823372	1.738796	0.009612	6.0
142	-0.056815	2.549152	1.685206	0.010696	5.2
143	-0.052593	3.396308	1.626688	0.011570	4.9
144	-0.050119	3.468616	1.621881	0.014184	2.9
145	-0.059351	4.466400	1.558335	0.013671	4.3
146	-0.044801	5.457189	1.499977	0.014895	7.8
147	-0.064357	6.429034	1.446831	0.011887	3.0
148	-0.055298	7.428435	1.395968	0.029081	3.7
149	-0.049732	7.953681	1.370644	0.029070	9.1
150	-0.064057	8.953681	1.324885	0.008947	2.5
151	-0.049922	7.972816	1.369738	0.005775	3.5
152	-0.059555	8.755311	1.333717	0.021574	6.3
153	-0.056598	9.753060	1.290446	0.022066	8.4
154	-0.052101	10.747354	1.250031	0.010393	8.8
155	-0.051492	10.302938	1.267778	0.006671	8.2
156	-0.060761	10.691655	1.252228	0.014018	3.4
157	-0.054107	10.511361	1.259393	0.014186	7.6
158	-0.054712	11.511361	1.220656	0.017385	4.6
159	-0.068913	12.510306	1.184268	0.017913	3.8
160	-0.069814	11.529441	1.219977	0.011793	6.5
161	-0.044024	12.529440	1.183592	0.010350	3.3
162	-0.063847	12.461331	1.186001	0.018288	2.4
163	-0.071187	13.451382	1.151918	0.013388	4.8
164	-0.054739	14.451020	1.119437	0.017890	6.2
165	-0.039641	13.594249	1.147161	0.015539	3.8
166	-0.050668	12.613627	1.180628	0.014932	12.6
167	-0.053319	11.634092	1.216065	0.019800	5.9
168	-0.052631	10.653736	1.253728	0.013602	8.6
169	-0.059445	11.653589	1.215339	0.029266	2.6
170	-0.058407	10.672724	1.252976	0.011393	6.7
171	-0.071452	11.672724	1.214627	0.016216	6.0
172	-0.066171	12.672668	1.178558	0.010664	7.9
173	-0.047036	12.657257	1.179097	0.010350	6.3
174	-0.064466	12.402492	1.188090	0.014565	3.3
175	-0.061673	11.422689	1.223994	0.017225	2.4
176	-0.060043	12.422675	1.187373	0.009377	4.9
177	-0.061434	11.442020	1.223265	0.027187	8.1
178	-0.048434	10.461163	1.261402	0.022969	2.6
179	-0.070451	11.461163	1.222543	0.019436	4.4
180	-0.058849	12.461163	1.186007	0.016151	6.3
181	-0.053536	13.461163	1.151591	0.023258	4.8
182	-0.044842	14.378753	1.121723	0.019601	3.8
183	-0.053486	13.397888	1.153710	0.013083	4.7
184	-0.060627	14.113856	1.130186	0.012031	5.2
185	-0.073663	13.133046	1.162661	0.010472	3.8
186	-0.063565	12.156338	1.196911	0.022705	3.9
187	-0.062169	11.410934	1.224438	0.020286	5.3
188	-0.061865	10.430069	1.262650	0.019334	3.7
189	-0.058848	9.483443	1.301860	0.013687	6.0
190	-0.057346	10.482114	1.260563	0.007973	7.6
191	-0.060788	9.592628	1.297214	0.015076	2.7
192	-0.050221	8.935980	1.325668	0.023268	4.2
193	-0.050033	7.955403	1.370562	0.015551	7.5
194	-0.057059	6.974539	1.418618	0.007026	3.5
195	-0.061693	7.962240	1.370239	0.016208	3.8
196	-0.049603	7.350849	1.399788	0.012332	5.0
197	-0.055249	8.341291	1.352537	0.013225	7.1
198	-0.056049	9.014384	1.322205	0.013692	3.5
199	-0.056356	10.014359	1.279574	0.016086	5.1
200	-0.057546	10.318701	1.267140	0.020993	5.3
201	-0.047945	9.337837	1.308108	0.011463	3.8
202	-0.049282	8.361439	1.351609	0.014254	4.4
203	-0.054024	9.272835	1.310917	0.005692	4.8
204	-0.054942	8.567044	1.342210	0.006152	4.1
205	-0.055388	8.597141	1.340845	0.010492	3.5
206	-0.052336	8.980103	1.323717	0.026258	4.5
207	-0.061963	7.999238	1.368490	0.007241	5.2
208	-0.062241	8.521952	1.344260	0.009280	2.7
209	-0.052640	9.231825	1.312695	0.014714	3.5
210	-0.050818	10.231654	1.270672	0.020775	4.8
211	-0.057843	11.193501	1.232708	0.020929	5.2
212	-0.047032	10.281855	1.268632	0.016357	3.3
213	-0.056879	9.304682	1.309539	0.031043	4.5
214	-0.058186	8.505546	1.345007	0.030456	8.4
215	-0.066555	9.505546	1.300917	0.010513	3.4
216	-0.057305	8.525635	1.344092	0.016669	3.9
217	-0.061980	7.579914	1.388569	0.016612	6.3
218	-0.049567	8.579911	1.341626	0.010622	2.4
219	-0.057575	7.599622	1.387612	0.019395	4.3
220	-0.051619	8.188866	1.359600	0.005666	9.4
221	-0.051577	9.157300	1.315939	0.026570	5.1
222	-0.053512	10.152507	1.273900	0.011246	7.4
223	-0.062670	9.171653	1.315313	0.012096	5.4
224	-0.061319	9.662208	1.294270	0.013064	4.8
225	-0.059322	10.661637	1.253415	0.016384	7.3
226	-0.058684	11.661353	1.215050	0.007343	3.7
227	-0.055519	10.681244	1.252639	0.010419	3.5
228	-0.056343	10.075832	1.277043	0.017710	4.0
229	-0.071002	11.075155	1.237256	0.014356	5.7
230	-0.055665	12.075117	1.199850	0.015869	3.7
231	-0.060947	12.799763	1.174126	0.016163	4.0
232	-0.053889	13.780011	1.141034	0.012421	4.8
233	-0.059541	14.731687	1.110644	0.006662	4.8
234	-0.063434	15.165447	1.097323	0.025558	3.6
235	-0.064462	14.184647	1.127912	0.017832	4.5
236	-0.048836	13.203783	1.160257	0.014299	5.6
237	-0.056951	12.222919	1.194512	0.012569	3.7
238	-0.058248	13.222910	1.159608	0.011942	4.1
239	-0.060914	14.222203	1.126709	0.011375	4.1
240	-0.046192	13.263705	1.158228	0.008580	5.0
241	-0.055900	12.294595	1.191941	0.019239	6.4
242	-0.050488	13.016673	1.166639	0.016834	3.6
243	-0.064343	12.061342	1.200350	0.014399	6.2
244	-0.059471	12.716330	1.177031	0.010414	3.5
245	-0.065991	11.735498	1.212298	0.018957	4.9
246	-0.067130	11.090850	1.236651	0.016782	3.7
247	-0.062791	12.090850	1.199279	0.010989	4.9
248	-0.062484	11.180021	1.233224	0.041446	9.3
249	-0.057088	12.180021	1.196056	0.013510	5.1
250	-0.055599	12.315691	1.191186	0.016015	3.9
251	-0.062362	11.351703	1.226680	0.010040	4.7
252	-0.054188	10.389192	1.264294	0.024743	4.4
253	-0.051741	10.913840	1.243510	0.016879	6.3
254	-0.080150	9.932975	1.282941	0.006295	6.7
255	-0.059561	10.871876	1.245147	0.011249	4.6
256	-0.066178	9.981870	1.280916	0.012403	3.9
257	-0.063930	10.425546	1.262832	0.012339	5.9
258	-0.053422	9.884712	1.284946	0.027000	5.1
259	-0.066308	10.884689	1.244647	0.014756	4.4
260	-0.064963	11.884689	1.206798	0.008529	6.1
261	-0.053499	11.820530	1.209157	0.018386	23.1
262	-0.057403	10.850566	1.245980	0.017442	8.2
263	-0.045100	11.850320	1.208061	0.024671	6.0
264	-0.076182	10.869939	1.245223	0.013095	5.2
265	-0.053065	9.893052	1.284599	0.013335	4.3
266	-0.042760	8.914592	1.326616	0.017585	5.1
267	-0.045541	9.914592	1.283704	0.016071	4.7
268	-0.065973	8.938014	1.325578	0.039480	4.0
269	-0.057429	9.938014	1.282732	0.010739	4.5
270	-0.053374	10.938011	1.242569	0.009368	6.3
271	-0.048456	11.926183	1.205277	0.008942	4.9
272	-0.052657	11.536006	1.219731	0.014688	7.2
273	-0.058583	12.448992	1.186439	0.006658	2.5
274	-0.057942	12.947142	1.169029	0.013356	5.5
275	-0.058342	12.133236	1.197745	0.016494	6.6
276	-0.059463	11.152372	1.234285	0.012228	2.9
277	-0.052624	12.151177	1.197097	0.009457	4.3
278	-0.048163	13.123433	1.162989	0.009965	8.5
279	-0.046652	12.746655	1.175974	0.009442	3.5
280	-0.056705	11.821260	1.209130	0.010087	4.0
281	-0.052116	12.811632	1.173714	0.012833	4.2
282	-0.071092	13.809864	1.140055	0.012546	4.8
283	-0.046892	12.836766	1.172842	0.016983	4.1
284	-0.054593	11.855937	1.207854	0.034205	4.3
285	-0.066015	12.855934	1.172178	0.014056	5.8
286	-0.050934	13.851743	1.138686	0.012018	2.7
287	-0.057935	14.793185	1.108736	0.018395	4.1
288	-0.054864	15.793185	1.078601	0.018447	5.0
289	-0.046082	15.311549	1.092908	0.010827	4.9
290	-0.050722	16.311514	1.063617	0.014833	2.7
291	-0.056720	17.111266	1.041298	0.009597	3.8
292	-0.048067	16.930089	1.046272	0.013674	5.4
293	-0.066615	15.949509	1.074038	0.021599	4.6
294	-0.051408	15.475106	1.088007	0.009604	4.6
295	-0.058356	14.501962	1.117831	0.015103	3.3
296	-0.058827	13.576759	1.147741	0.011631	5.8
297	-0.059685	12.595898	1.181251	0.016025	3.8
298	-0.050942	11.851184	1.208029	0.009961	4.3
299	-0.058113	10.870643	1.245195	0.020617	8.6
300	-0.048627	9.891854	1.284649	0.016054	4.6
301	-0.073843	10.891851	1.244367	0.014328	6.5
302	-0.062527	11.891851	1.206535	0.024502	4.6
303	-0.045351	12.891851	1.170936	0.014700	5.1
304	-0.043529	11.910986	1.205834	0.011863	4.5
305	-0.042256	11.949803	1.204413	0.008244	4.3
306	-0.048922	10.979009	1.240976	0.023296	6.5
307	-0.062343	10.384068	1.264501	0.031997	7.5
308	-0.057758	11.384068	1.225454	0.008849	10.9
309	-0.056801	12.107331	1.198682	0.018476	9.4
310	-0.052938	11.631039	1.216179	0.003300	17.8
311	-0.053644	12.108834	1.198628	0.014602	6.6
312	-0.059760	11.310766	1.228234	0.021144	4.3
313	-0.064015	12.309137	1.191420	0.022252	4.2
314	-0.043572	13.309137	1.156694	0.008311	4.0
315	-0.067977	13.818818	1.139762	0.012624	6.5
316	-0.051191	12.892785	1.170903	0.008861	2.6
317	-0.044944	13.890995	1.137405	0.007401	4.3
318	-0.054207	14.638445	1.113550	0.009512	5.2
319	-0.054573	13.730730	1.142653	0.009341	14.5
320	-0.060528	14.694389	1.111804	0.014109	4.7
321	-0.064659	15.694106	1.081514	0.012242	3.8
322	-0.056319	16.694103	1.052822	0.029951	4.1
323	-0.051749	17.343228	1.034998	0.015533	4.5
324	-0.062244	18.343228	1.008691	0.018766	4.7
325	-0.058323	19.343228	0.983689	0.010735	3.7
326	-0.069208	20.243852	0.962208	0.016602	4.6
327	-0.061323	20.689263	0.951928	0.013764	4.5
328	-0.058638	19.708609	0.974860	0.030720	4.0
329	-0.055199	20.708609	0.951486	0.017990	3.8
330	-0.061930	19.727744	0.974402	0.026571	4.9
331	-0.065909	20.727744	0.951050	0.011673	21.0
332	-0.054895	19.746879	0.973944	0.011654	11.6
333	-0.069120	18.956923	0.993199	0.007776	5.8
334	-0.046373	19.740591	0.974094	0.015749	10.2
335	-0.055953	18.870180	0.995360	0.018837	3.5
336	-0.054310	17.889332	1.020464	0.015940	2.6
337	-0.057955	17.150738	1.040220	0.012343	4.6
338	-0.056611	16.183616	1.067276	0.016320	9.1
339	-0.054581	15.227573	1.095441	0.014367	3.4
340	-0.063458	16.227572	1.066016	0.013008	5.9
341	-0.041076	17.219548	1.038348	0.022837	4.7
342	-0.067767	17.764966	1.023738	0.024941	3.9
343	-0.063020	18.764966	0.997993	0.015382	5.3
344	-0.065413	19.764829	0.973515	0.016632	4.9
345	-0.051594	20.738611	0.950803	0.006272	4.4
346	-0.064690	19.786154	0.973006	0.015859	4.7
347	-0.058478	19.621374	0.976953	0.010512	4.3
348	-0.053378	18.655494	1.000749	0.020735	5.5
349	-0.059260	19.619469	0.976999	0.010951	3.7
350	-0.055927	20.619437	0.953525	0.023337	4.2
351	-0.056670	21.609981	0.931359	0.010960	3.9
352	-0.062619	21.394635	0.936090	0.018804	3.6
353	-0.063358	22.394633	0.914518	0.009477	3.8
354	-0.053318	22.831081	0.905412	0.014266	4.1
355	-0.055730	23.748209	0.886855	0.010703	4.4
356	-0.044425	24.670367	0.868948	0.009992	3.7
357	-0.055265	24.423883	0.873663	0.010365	4.2
358	-0.056422	24.441018	0.873334	0.009340	4.7
359	-0.060575	25.302572	0.857084	0.014771	4.0
360	-0.060831	24.383167	0.874447	0.016840	3.9
361	-0.060262	23.402304	0.893764	0.020336	4.6
362	-0.053650	24.371279	0.874676	0.025983	5.1
363	-0.048619	25.371278	0.855814	0.010248	3.7
364	-0.052989	24.390414	0.874307	0.017542	4.0
365	-0.073494	23.415903	0.893490	0.025036	6.1
366	-0.060924	22.435038	0.913667	0.011616	4.3
367	-0.056855	21.454174	0.934777	0.012850	4.1
368	-0.061346	20.584214	0.954333	0.010260	5.7
369	-0.061006	21.574748	0.932129	0.013620	4.4
370	-0.062701	20.593917	0.954110	0.013963	4.9
371	-0.052455	21.593600	0.931717	0.011209	4.8
372	-0.059088	21.352311	0.937025	0.026993	3.8
373	-0.073893	20.371461	0.959240	0.006769	3.9
374	-0.054984	21.368117	0.936675	0.013135	4.8
375	-0.050960	22.248445	0.917609	0.023140	4.9
376	-0.053999	21.267703	0.938901	0.022905	4.0
377	-0.061306	20.286838	0.961206	0.012519	3.4
378	-0.061688	19.306155	0.984593	0.017072	7.4
379	-0.061161	20.304048	0.960806	0.011746	3.7
380	-0.053941	21.301016	0.938161	0.019857	3.1
381	-0.050315	22.301014	0.916495	0.010746	6.9
382	-0.065746	23.292389	0.895982	0.007720	3.2
383	-0.064891	23.102855	0.899832	0.008766	5.4
384	-0.054892	22.288399	0.916762	0.025926	8.1
385	-0.052801	21.307534	0.938017	0.019059	3.0
386	-0.061847	22.307534	0.916357	0.016766	4.2
387	-0.047007	23.307534	0.895676	0.012494	4.6
388	-0.056326	22.330206	0.915878	0.006291	5.9
389	-0.057860	21.705769	0.929270	0.011335	3.7
390	-0.052888	21.173001	0.941009	0.007331	3.4
391	-0.077340	20.199972	0.963233	0.015762	9.4
392	-0.054923	19.782808	0.973086	0.012184	4.0
393	-0.053041	20.707183	0.951519	0.021718	3.1
394	-0.048457	19.727648	0.974404	0.015909	8.0
395	-0.057078	18.746784	0.998450	0.013233	3.1
396	-0.067824	19.746605	0.973951	0.018501	4.9
397	-0.062195	19.414024	0.981965	0.013564	7.3
398	-0.054308	20.407717	0.958401	0.011364	3.5
399	-0.059900	19.426995	0.981650	0.011154	4.2
400	-0.062642	20.274858	0.961485	0.015069	5.2
401	-0.060740	21.265786	0.938943	0.015069	4.9
402	-0.056500	21.563344	0.932379	0.013559	3.9
403	-0.052907	20.587047	0.954268	0.020015	4.4
404	-0.053918	19.606184	0.977319	0.017191	9.2
405	-0.052383	19.030730	0.991368	0.018243	4.6
406	-0.057262	18.049865	1.016269	0.017794	4.8
407	-0.056751	19.049865	0.990894	0.014066	4.9
408	-0.053950	18.069040	1.015770	0.015165	4.4
409	-0.053801	17.174672	1.039568	0.015473	5.0
410	-0.053697	18.163993	1.013308	0.013931	5.3
411	-0.054616	17.183133	1.039338	0.026132	4.1
412	-0.057063	18.183133	1.012813	0.024315	4.7
413	-0.059223	19.183133	0.987608	0.029138	5.4
414	-0.041862	18.202268	1.012318	0.019420	4.2
415	-0.065906	19.202268	0.987138	0.010585	4.1
416	-0.056920	18.456821	1.005788	0.014226	5.0
417	-0.071498	17.497611	1.030848	0.028615	4.7
418	-0.056957	18.495503	1.004802	0.026681	3.8
419	-0.051879	17.514639	1.030392	0.009516	5.2
420	-0.062420	18.498255	1.004732	0.012657	5.9
421	-0.074582	17.517897	1.030305	0.011750	5.8
422	-0.050378	17.991546	1.017789	0.010997	7.6
423	-0.056218	18.873548	0.995276	0.019089	4.7
424	-0.071137	17.892691	1.020376	0.014883	4.9
425	-0.052856	16.915260	1.046681	0.011296	5.0
426	-0.059199	15.934449	1.074476	0.016932	4.3
427	-0.052046	16.934427	1.046152	0.015463	4.6
428	-0.057531	17.934387	1.019283	0.015676	5.7
429	-0.041665	17.956065	1.018716	0.016011	3.9
430	-0.048254	18.867889	0.995417	0.014302	4.1
431	-0.069466	19.867723	0.971064	0.023053	5.0
432	-0.059577	20.591796	0.954159	0.019755	4.7
433	-0.068112	21.591796	0.931756	0.006352	3.8
434	-0.055854	20.696993	0.951752	0.021152	4.0
435	-0.062491	21.614627	0.931257	0.025595	5.2
436	-0.065879	22.614627	0.909905	0.024606	3.7
437	-0.061224	23.614627	0.889510	0.016380	5.1
438	-0.052376	22.633762	0.909506	0.015509	5.9
439	-0.056926	23.633749	0.889129	0.009541	4.1
440	-0.068624	24.405867	0.874010	0.012161	5.8
441	-0.046308	25.326015	0.856650	0.013287	5.5
442	-0.055279	24.438119	0.873390	0.005776	4.4
443	-0.053714	23.530479	0.891191	0.007072	5.8
444	-0.069264	22.918842	0.903603	0.027847	4.7
445	-0.056930	23.243797	0.896966	0.010847	4.3
446	-0.069983	22.262934	0.917302	0.013194	3.7
447	-0.052460	21.337169	0.937360	0.016851	6.3
448	-0.064175	22.337167	0.915731	0.027992	4.1
449	-0.051111	21.356302	0.936937	0.015919	3.2
450	-0.055688	20.375446	0.959148	0.010114	7.4
451	-0.050379	19.469042	0.980631	0.020700	3.1
452	-0.057301	20.428730	0.957914	0.014672	3.8
453	-0.061467	21.428730	0.935337	0.016000	7.7
454	-0.052019	22.428722	0.913800	0.030421	4.7
455	-0.053277	21.447857	0.934916	0.004179	3.4
456	-0.070839	21.906048	0.924932	0.010220	9.1
457	-0.051932	22.504127	0.912216	0.010308	4.0
458	-0.072137	21.634081	0.930832	0.011269	3.5
459	-0.052564	21.823419	0.926717	0.020860	8.6
460	-0.059018	20.842579	0.948440	0.016752	2.7
461	-0.060440	19.861725	0.971207	0.013765	4.2
462	-0.072700	18.887158	0.994936	0.013355	8.7
463	-0.041221	17.907530	1.019987	0.012587	3.7
464	-0.066148	18.874085	0.995262	0.016121	4.3
465	-0.066965	17.907520	1.019987	0.015133	8.4
466	-0.052198	16.926656	1.046366	0.024013	3.4
467	-0.061521	17.926656	1.019486	0.014732	4.6
468	-0.056567	18.926599	0.993953	0.010466	8.0
469	-0.059726	18.148939	1.013697	0.009979	4.8
470	-0.047034	18.242789	1.011273	0.020960	3.5
471	-0.056760	19.199291	0.987211	0.009642	7.6
472	-0.055107	18.218985	1.011887	0.012359	3.3
473	-0.054343	17.241651	1.037747	0.009496	4.6
474	-0.071683	18.189333	1.012653	0.028261	6.2
475	-0.055203	17.208597	1.038645	0.015806	4.4
476	-0.056747	17.940997	1.019110	0.024338	4.4
477	-0.052900	16.968055	1.045225	0.016108	4.8
478	-0.051840	17.918461	1.019701	0.011936	4.2
479	-0.059507	16.959294	1.045467	0.018828	4.0
480	-0.046511	17.959293	1.018632	0.013868	6.6
481	-0.052595	16.978428	1.044940	0.010773	7.1
482	-0.055881	17.804407	1.022698	0.016169	3.3
483	-0.058560	18.801671	0.997073	0.021653	7.6
484	-0.051479	19.801669	0.972636	0.009565	10.6
485	-0.059026	18.820848	0.996593	0.015880	5.4
486	-0.055677	18.835497	0.996226	0.006045	3.4
487	-0.059301	17.881807	1.020662	0.021938	7.5
488	-0.069236	18.824369	0.996505	0.010256	4.2
489	-0.053079	18.776696	0.997699	0.016545	3.4
490	-0.054602	19.769565	0.973402	0.010520	7.3
491	-0.066685	20.768440	0.950124	0.017519	4.8
492	-0.051712	19.794067	0.972817	0.018367	3.7
493	-0.050091	18.813203	0.996784	0.020208	7.1
494	-0.055341	17.832339	1.021962	0.004959	4.4
495	-0.070096	17.086463	1.041976	0.010341	4.6
496	-0.058505	17.204128	1.038767	0.016769	6.4
497	-0.059562	16.226039	1.066060	0.012486	4.6
498	-0.051838	16.205148	1.066658	0.007928	4.8
499	-0.045284	17.200828	1.038856	0.008013	12.5
Time spent in resolution 0 (ITK initialization and iterating): 4.302 s.
Stopping condition: Maximum number of iterations has been reached.
Settings of AdaptiveStochasticGradientDescent in resolution 0:
( SP_a 39.685177 )
( SP_A 20.000000 )
( SP_alpha 1.000000 )
( SigmoidMax 1.000000 )
( SigmoidMin -0.980865 )
( SigmoidScale 0.000011 )



=============== start of TransformParameterFile ===============
(Transform "EulerTransform")
(NumberOfParameters 6)
(TransformParameters 0.000887 -0.000311 -0.000747 -0.232723 -1.730161 19.027903)
(InitialTransformParametersFileName "NoInitialTransform")
(UseBinaryFormatForTransformationParameters "false")
(HowToCombineTransforms "Compose")

// Image specific
(FixedImageDimension 3)
(MovingImageDimension 3)
(FixedInternalImagePixelType "float")
(MovingInternalImagePixelType "float")
(Size 268 216 26)
(Index 0 0 0)
(Spacing 0.8955224156 0.8955224156 3.0000000000)
(Origin -120.5985260010 -84.0247879028 201.4373931885)
(Direction 1.0000000000 0.0000000000 0.0000000000 0.0000000000 1.0000000000 0.0000000000 0.0000000000 0.0000000000 1.0000000000)
(UseDirectionCosines "false")

// EulerTransform specific
(CenterOfRotationPoint -1.0462835133 12.2438717782 238.9373931885)
(ComputeZYX "false")

// ResampleInterpolator specific
(ResampleInterpolator "FinalBSplineInterpolator")
(FinalBSplineInterpolationOrder 3)

// Resampler specific
(Resampler "DefaultResampler")
(DefaultPixelValue 0.000000)
(ResultImageFormat "nii.gz")
(ResultImagePixelType "short")
(CompressResultImage "false")

=============== end of TransformParameterFile ===============

Creating the TransformParameterFile took 0.00s

Registration result checksum: 1768445502

Skipping applying final transform, no resulting output image generated.

Final metric value  = -0.045284
Settings of AdaptiveStochasticGradientDescent for all resolutions:
( SP_a 39.685177 )
( SP_A 20.000000 )
( SP_alpha 1.000000 )
( SigmoidMax 1.000000 )
( SigmoidMin -0.980865 )
( SigmoidScale 0.000011 )

Time spent on saving the results, applying the final transform etc.: 3 ms.
Running elastix with parameter file 0: "/Users/sakinkirti/Programming/Python/CCIPD/racial-disparity-pca/code_matlab/rigid.txt", has finished.


Current time: Mon May 23 08:25:46 2022.
Time used for running elastix with this parameter file:
  4.5s.

-------------------------------------------------------------------------

Total time elapsed: 4.6s.

