
elastix is started at Mon May 23 17:58:35 2022.

which elastix:   /Users/sakinkirti/Programming/Python/CCIPD/racial-disparity-pca/code_matlab/elastix-5.0.0-mac/bin/elastix
elastix runs at: Sakins-MBP.hsd1.ca.comcast.net
  macOS 12.3.1 (x64), 21E258
  with 8192 MB memory, and 2 cores @ 2300 MHz.
-------------------------------------------------------------------------

Running elastix with parameter file 0: "/Users/sakinkirti/Programming/Python/CCIPD/racial-disparity-pca/code_matlab/rigid.txt".

Current time: Mon May 23 17:58:35 2022.
Reading the elastix parameters from file ...

Installing all components.
InstallingComponents was successful.

ELASTIX version: 5.000
Command line options from ElastixBase:
-f        /Users/sakinkirti/Programming/Python/CCIPD/racial-disparity-pca/dataset/to_nifti_cleaned/prostate-000753/T2W.nii.gz
-m        /Users/sakinkirti/Programming/Python/CCIPD/racial-disparity-pca/dataset/to_nifti_cleaned/prostate-000753/ADC.nii.gz
-fMask    unspecified, so no fixed mask used
-mMask    unspecified, so no moving mask used
-out      /Users/sakinkirti/Programming/Python/CCIPD/racial-disparity-pca/dataset/to_nifti_cleaned/prostate-000753/
-p        /Users/sakinkirti/Programming/Python/CCIPD/racial-disparity-pca/code_matlab/rigid.txt
-threads  unspecified, so all available threads are used
Command line options from TransformBase:
-t0       unspecified, so no initial transform used

=============== start of ParameterFile: /Users/sakinkirti/Programming/Python/CCIPD/racial-disparity-pca/code_matlab/rigid.txt ===============
// Example parameter file for rotation registration
// C-style comments: //

// The internal pixel type, used for internal computations
// Leave to float in general. 
// NB: this is not the type of the input images! The pixel 
// type of the input images is automatically read from the 
// images themselves.
// This setting can be changed to "short" to save some memory
// in case of very large 3D images.
(FixedInternalImagePixelType "float")
(MovingInternalImagePixelType "float")

// The dimensions of the fixed and moving image
// Up to elastix 4.5 this had to be specified by the user.
// From elastix 4.6, this is not necessary anymore.
//(FixedImageDimension 3)
//(MovingImageDimension 3)

// Specify whether you want to take into account the so-called
// direction cosines of the images. Recommended: true.
// In some cases, the direction cosines of the image are corrupt,
// due to image format conversions for example. In that case, you 
// may want to set this option to "false".
(UseDirectionCosines "false")

// **************** Main Components **************************

// The following components should usually be left as they are:
(Registration "MultiResolutionRegistration")
(Interpolator "BSplineInterpolator")
(ResampleInterpolator "FinalBSplineInterpolator")
(Resampler "DefaultResampler")

// These may be changed to Fixed/MovingSmoothingImagePyramid.
// See the manual.
(FixedImagePyramid "FixedRecursiveImagePyramid")
(MovingImagePyramid "MovingRecursiveImagePyramid")

// The following components are most important:
// The optimizer AdaptiveStochasticGradientDescent (ASGD) works
// quite ok in general. The Transform and Metric are important
// and need to be chosen careful for each application. See manual.
(Optimizer "AdaptiveStochasticGradientDescent")
(Transform "EulerTransform")
(Metric "AdvancedMattesMutualInformation")

// ***************** Transformation **************************

// Scales the rotations compared to the translations, to make
// sure they are in the same range. In general, it's best to  
// use automatic scales estimation:
(AutomaticScalesEstimation "true")

// Automatically guess an initial translation by aligning the
// geometric centers of the fixed and moving.
(AutomaticTransformInitialization "true")

// Whether transforms are combined by composition or by addition.
// In generally, Compose is the best option in most cases.
// It does not influence the results very much.
(HowToCombineTransforms "Compose")

// ******************* Similarity measure *********************

// Number of grey level bins in each resolution level,
// for the mutual information. 16 or 32 usually works fine.
// You could also employ a hierarchical strategy:
//(NumberOfHistogramBins 16 32 64)
(NumberOfHistogramBins 32)

// If you use a mask, this option is important. 
// If the mask serves as region of interest, set it to false.
// If the mask indicates which pixels are valid, then set it to true.
// If you do not use a mask, the option doesn't matter.
(ErodeMask "false")

// ******************** Multiresolution **********************

// The number of resolutions. 1 Is only enough if the expected
// deformations are small. 3 or 4 mostly works fine. For large
// images and large deformations, 5 or 6 may even be useful.
(NumberOfResolutions 1)

// The downsampling/blurring factors for the image pyramids.
// By default, the images are downsampled by a factor of 2
// compared to the next resolution.
// So, in 2D, with 4 resolutions, the following schedule is used:
//(ImagePyramidSchedule 8 8  4 4  2 2  1 1 )
// And in 3D:
//(ImagePyramidSchedule 8 8 8  4 4 4  2 2 2  1 1 1 )
// You can specify any schedule, for example:
//(ImagePyramidSchedule 4 4  4 3  2 1  1 1 )
// Make sure that the number of elements equals the number
// of resolutions times the image dimension.

// ******************* Optimizer ****************************

// Maximum number of iterations in each resolution level:
// 200-500 works usually fine for rigid registration.
// For more robustness, you may increase this to 1000-2000.
(MaximumNumberOfIterations 500)

// The step size of the optimizer, in mm. By default the voxel size is used.
// which usually works well. In case of unusual high-resolution images
// (eg histology) it is necessary to increase this value a bit, to the size
// of the "smallest visible structure" in the image:
//(MaximumStepLength 1.0)

// **************** Image sampling **********************

// Number of spatial samples used to compute the mutual
// information (and its derivative) in each iteration.
// With an AdaptiveStochasticGradientDescent optimizer,
// in combination with the two options below, around 2000
// samples may already suffice.
(NumberOfSpatialSamples 2000)

// Refresh these spatial samples in every iteration, and select
// them randomly. See the manual for information on other sampling
// strategies.
(NewSamplesEveryIteration "true")
(ImageSampler "Random")

// ************* Interpolation and Resampling ****************

// Order of B-Spline interpolation used during registration/optimisation.
// It may improve accuracy if you set this to 3. Never use 0.
// An order of 1 gives linear interpolation. This is in most 
// applications a good choice.
(BSplineInterpolationOrder 1)

// Order of B-Spline interpolation used for applying the final
// deformation.
// 3 gives good accuracy; recommended in most cases.
// 1 gives worse accuracy (linear interpolation)
// 0 gives worst accuracy, but is appropriate for binary images
// (masks, segmentations); equivalent to nearest neighbor interpolation.
(FinalBSplineInterpolationOrder 3)

//Default pixel value for pixels that come from outside the picture:
(DefaultPixelValue 0)

// Choose whether to generate the deformed moving image.
// You can save some time by setting this to false, if you are
// only interested in the final (nonrigidly) deformed moving image
// for example.
(WriteResultImage "true")

// The pixel type and format of the resulting deformed moving image
(ResultImagePixelType "short")
(ResultImageFormat "nii.gz")




=============== end of ParameterFile: /Users/sakinkirti/Programming/Python/CCIPD/racial-disparity-pca/code_matlab/rigid.txt ===============


Reading images...
Reading images took 88 ms.

WARNING: the fixed pyramid schedule is not fully specified!
  A default pyramid schedule is used.
WARNING: the moving pyramid schedule is not fully specified!
  A default pyramid schedule is used.
WARNING: The parameter "AutomaticTransformInitializationMethod", requested at entry number 0, does not exist at all.
  The default value "GeometricalCenter" is used instead.
Transform parameters are initialized as: [0, 0, 0, -0.8845604658126831, -2.0108269453048706, -16.595260620117188]
Scales are estimated automatically.
Scales for transform parameters are: [3391.2427368164062, 3391.2427368164062, 5481.9854736328125, 1, 1, 1]
Initialization of all components (before registration) took: 11 ms.
Preparation of the image pyramids took: 6 ms.

Resolution: 0
WARNING: The parameter "ShowExactMetricValue", requested at entry number 0, does not exist at all.
  The default value "false" is used instead.
WARNING: The parameter "CheckNumberOfSamples", requested at entry number 0, does not exist at all.
  The default value "true" is used instead.
WARNING: The parameter "UseMultiThreadingForMetrics", requested at entry number 0, does not exist at all.
  The default value "true" is used instead.
Setting the fixed masks took: 0 ms.
Setting the moving masks took: 0 ms.
WARNING: The parameter "NumberOfFixedHistogramBins", requested at entry number 0, does not exist at all.
  The default value "32" is used instead.
WARNING: The parameter "NumberOfMovingHistogramBins", requested at entry number 0, does not exist at all.
  The default value "32" is used instead.
WARNING: The parameter "FixedLimitRangeRatio", requested at entry number 0, does not exist at all.
  The default value "0.01" is used instead.
WARNING: The parameter "MovingLimitRangeRatio", requested at entry number 0, does not exist at all.
  The default value "0.01" is used instead.
WARNING: The parameter "FixedKernelBSplineOrder", requested at entry number 0, does not exist at all.
  The default value "0" is used instead.
WARNING: The parameter "MovingKernelBSplineOrder", requested at entry number 0, does not exist at all.
  The default value "3" is used instead.
WARNING: The parameter "UseFastAndLowMemoryVersion", requested at entry number 0, does not exist at all.
  The default value "true" is used instead.
WARNING: The parameter "UseJacobianPreconditioning", requested at entry number 0, does not exist at all.
  The default value "false" is used instead.
WARNING: The parameter "FiniteDifferenceDerivative", requested at entry number 0, does not exist at all.
  The default value "false" is used instead.
WARNING: The parameter "SP_A", requested at entry number 0, does not exist at all.
  The default value "20" is used instead.
WARNING: The parameter "MaximumNumberOfSamplingAttempts", requested at entry number 0, does not exist at all.
  The default value "0" is used instead.
WARNING: The parameter "SigmoidInitialTime", requested at entry number 0, does not exist at all.
  The default value "0" is used instead.
WARNING: The parameter "MaxBandCovSize", requested at entry number 0, does not exist at all.
  The default value "192" is used instead.
WARNING: The parameter "NumberOfBandStructureSamples", requested at entry number 0, does not exist at all.
  The default value "10" is used instead.
WARNING: The parameter "UseAdaptiveStepSizes", requested at entry number 0, does not exist at all.
  The default value "true" is used instead.
WARNING: The parameter "AutomaticParameterEstimation", requested at entry number 0, does not exist at all.
  The default value "true" is used instead.
WARNING: The parameter "UseConstantStep", requested at entry number 0, does not exist at all.
  The default value "false" is used instead.
WARNING: The parameter "MaximumStepLengthRatio", requested at entry number 0, does not exist at all.
  The default value "1" is used instead.
WARNING: The parameter "MaximumStepLength", requested at entry number 0, does not exist at all.
  The default value "0.957623" is used instead.
WARNING: The parameter "NumberOfGradientMeasurements", requested at entry number 0, does not exist at all.
  The default value "0" is used instead.
WARNING: The parameter "NumberOfJacobianMeasurements", requested at entry number 0, does not exist at all.
  The default value "1000" is used instead.
WARNING: The parameter "NumberOfSamplesForExactGradient", requested at entry number 0, does not exist at all.
  The default value "100000" is used instead.
WARNING: The parameter "SigmoidScaleFactor", requested at entry number 0, does not exist at all.
  The default value "0.1" is used instead.
Elastix initialization of all components (for this resolution) took: 1 ms.
  Computing the fixed image extrema took 7 ms.
  Computing the moving image extrema took 4 ms.
Initialization of AdvancedMattesMutualInformation metric took: 30 ms.
Starting automatic parameter estimation for AdaptiveStochasticGradientDescent ...
WARNING: The parameter "ASGDParameterEstimationMethod", requested at entry number 0, does not exist at all.
  The default value "Original" is used instead.
  Computing JacobianTerms ...
  Computing the Jacobian terms took 0.003530s
  NumberOfGradientMeasurements to estimate sigma_i: 6
  Sampling gradients ...
  Sampling the gradients took 0.484104s
Automatic parameter estimation took 0.49s
1:ItNr	2:Metric	3a:Time	3b:StepSize	4:||Gradient||	Time[ms]
0	-0.118748	0.000000	8.585688	0.007104	525.2
1	-0.098720	0.000000	8.585688	0.015188	4.6
2	-0.097523	0.000000	8.585688	0.015774	6.9
3	-0.097953	1.000000	8.195429	0.011075	4.3
4	-0.112720	0.114436	8.539155	0.019213	3.9
5	-0.100733	1.114328	8.153060	0.014392	7.1
6	-0.095149	0.228695	8.493195	0.004543	5.4
7	-0.102690	1.196457	8.122892	0.012970	4.6
8	-0.104354	1.547046	7.996588	0.013668	5.9
9	-0.117542	0.816923	8.264201	0.022931	5.7
10	-0.109049	0.059976	8.561237	0.019691	6.1
11	-0.114827	0.000000	8.585688	0.010974	7.2
12	-0.147991	0.000000	8.585688	0.012181	11.8
13	-0.135355	0.996639	8.196681	0.015589	6.0
14	-0.122210	0.149492	8.525001	0.017479	8.8
15	-0.121504	1.149492	8.140116	0.009601	6.6
16	-0.146301	2.128447	7.795570	0.015901	5.5
17	-0.126107	2.214738	7.766594	0.028222	6.4
18	-0.083038	1.329106	8.074638	0.014419	5.4
19	-0.134133	2.329086	7.728526	0.016710	8.5
20	-0.128101	1.443465	8.033494	0.007541	6.7
21	-0.114752	0.593460	8.349724	0.015578	5.6
22	-0.096044	0.442441	8.408531	0.018096	6.3
23	-0.121355	0.000000	8.585688	0.004504	4.7
24	-0.099580	0.940839	8.217527	0.015934	7.6
25	-0.114311	1.811965	7.903722	0.007734	6.1
26	-0.100662	2.811737	7.571872	0.011547	6.4
27	-0.125888	2.030468	7.828735	0.015687	6.6
28	-0.113617	1.144835	8.141828	0.011883	5.7
29	-0.125265	0.259203	8.481006	0.013435	8.2
30	-0.133544	1.259127	8.100023	0.021169	8.2
31	-0.109911	0.373494	8.435656	0.015127	5.3
32	-0.114206	0.000000	8.585688	0.018182	7.2
33	-0.110819	1.000000	8.195429	0.012344	7.4
34	-0.114853	2.000000	7.839106	0.012405	8.2
35	-0.108652	1.114367	8.153045	0.010503	8.1
36	-0.134529	0.252156	8.483819	0.005595	5.8
37	-0.119233	0.974948	8.204772	0.011619	5.1
38	-0.100996	1.056514	8.174430	0.005776	4.1
39	-0.123687	0.191408	8.508139	0.011974	3.6
40	-0.114401	0.000000	8.585688	0.011135	3.8
41	-0.125745	0.000000	8.585688	0.009991	4.6
42	-0.127491	0.816233	8.264462	0.007070	4.9
43	-0.137423	1.710932	7.938883	0.015011	3.9
44	-0.120146	2.251062	7.754460	0.010127	3.8
45	-0.108202	1.365729	8.061416	0.013364	4.8
46	-0.122012	2.274611	7.746615	0.011452	4.1
47	-0.116016	3.119453	7.475271	0.015333	3.1
48	-0.084286	2.238762	7.758565	0.010131	3.6
49	-0.115785	1.392661	8.051720	0.007438	4.6
50	-0.127830	1.330617	8.074091	0.015437	4.1
51	-0.108865	1.810402	7.904264	0.006560	3.7
52	-0.101365	2.649381	7.623855	0.009558	3.8
53	-0.119306	3.579572	7.335337	0.025478	5.6
54	-0.100076	4.579572	7.048571	0.010233	5.0
55	-0.119302	3.744158	7.286546	0.009794	3.3
56	-0.104307	3.298437	7.420207	0.012628	4.5
57	-0.108208	3.089928	7.484432	0.015075	3.4
58	-0.114903	4.089923	7.186130	0.010583	3.8
59	-0.107732	5.089081	6.910916	0.012379	3.8
60	-0.116787	6.089018	6.655813	0.008212	5.2
61	-0.120056	7.009965	6.436975	0.017432	4.7
62	-0.092273	7.992003	6.218937	0.006033	7.0
63	-0.104094	7.578539	6.308910	0.011234	5.8
64	-0.125005	8.555697	6.100328	0.008034	8.6
65	-0.091284	7.724893	6.276766	0.016305	7.3
66	-0.116400	8.719957	6.066612	0.010437	6.0
67	-0.102834	9.679098	5.876947	0.012658	7.1
68	-0.127492	8.793517	6.051633	0.015619	6.2
69	-0.104282	7.920614	6.234288	0.008365	7.1
70	-0.128234	8.919846	6.026082	0.012343	8.0
71	-0.128220	9.805023	5.852923	0.010981	6.6
72	-0.138168	10.804127	5.669058	0.010712	6.7
73	-0.131154	9.932555	5.828792	0.022199	4.9
74	-0.107669	10.932555	5.646258	0.008876	6.7
75	-0.119065	10.046927	5.807320	0.006366	5.6
76	-0.120053	11.023814	5.630168	0.010219	8.6
77	-0.114993	12.010378	5.461902	0.011612	5.9
78	-0.120234	13.004037	5.302295	0.007912	7.3
79	-0.107344	13.433613	5.236146	0.013090	5.6
80	-0.107093	12.643206	5.359163	0.010527	5.7
81	-0.114857	13.643204	5.204468	0.009974	6.6
82	-0.131740	13.178008	5.275306	0.012446	5.8
83	-0.095021	14.177814	5.125374	0.009913	5.6
84	-0.100673	14.370508	5.097451	0.011635	6.8
85	-0.128248	15.368465	4.957576	0.010686	6.2
86	-0.108230	14.487193	5.080690	0.009139	4.3
87	-0.120728	15.453608	4.945997	0.012077	6.0
88	-0.111303	15.545460	4.933566	0.007792	4.8
89	-0.137647	16.388802	4.822284	0.008801	5.4
90	-0.126305	17.052503	4.738176	0.014971	6.6
91	-0.135341	16.170963	4.850545	0.011867	6.0
92	-0.117070	15.417213	4.950940	0.011334	6.6
93	-0.114912	16.416493	4.818716	0.010771	5.9
94	-0.114605	15.530861	4.935538	0.014389	5.7
95	-0.106205	14.645272	5.058159	0.013909	5.1
96	-0.113704	15.641600	4.920621	0.010927	4.8
97	-0.127427	14.755972	5.042499	0.009654	5.7
98	-0.124269	15.718231	4.910352	0.008694	5.6
99	-0.110982	16.650463	4.788771	0.012834	5.2
100	-0.126677	15.776151	4.902619	0.020262	7.2
101	-0.141382	16.776150	4.772838	0.009739	5.3
102	-0.100779	16.153564	4.852817	0.008919	6.3
103	-0.119766	15.708508	4.911653	0.009837	5.3
104	-0.117308	14.831243	5.031906	0.009596	5.1
105	-0.151344	15.830760	4.895349	0.011618	5.8
106	-0.148245	14.952552	5.014927	0.014190	6.2
107	-0.109230	15.952287	4.879250	0.017480	5.6
108	-0.134900	16.943161	4.751830	0.015917	6.9
109	-0.110954	16.057528	4.865393	0.008333	5.7
110	-0.115157	15.171909	4.984515	0.015196	6.0
111	-0.119920	16.169293	4.850763	0.012310	6.1
112	-0.111363	16.998802	4.744872	0.011070	4.6
113	-0.127172	17.968213	4.626834	0.006606	5.4
114	-0.108683	17.442798	4.690071	0.016789	6.2
115	-0.108951	18.412096	4.574723	0.008973	5.3
116	-0.133750	19.411824	4.461552	0.015654	8.8
117	-0.129210	20.393740	4.355717	0.015324	5.4
118	-0.135881	21.392924	4.253055	0.011687	5.9
119	-0.149792	22.390549	4.155270	0.015256	6.1
120	-0.097404	21.509184	4.241423	0.012322	5.5
121	-0.119557	20.623951	4.331627	0.012970	5.7
122	-0.113670	21.590315	4.233344	0.012668	4.3
123	-0.118802	22.565524	4.138581	0.008575	4.4
124	-0.120281	21.680485	4.224400	0.009236	4.5
125	-0.121411	21.833904	4.209269	0.017427	4.8
126	-0.137795	20.948407	4.298124	0.008814	3.5
127	-0.117210	21.925877	4.200250	0.009138	4.0
128	-0.116374	21.074507	4.285242	0.009956	5.2
129	-0.115237	22.032545	4.189839	0.010193	3.7
130	-0.131504	23.032428	4.094697	0.009963	4.4
131	-0.122039	22.573394	4.137833	0.016253	4.5
132	-0.120404	21.687812	4.223675	0.021938	4.6
133	-0.116963	20.802180	4.313159	0.009131	5.0
134	-0.127083	21.791305	4.213460	0.015090	4.6
135	-0.133621	22.791268	4.117246	0.016388	5.2
136	-0.119559	23.763282	4.027842	0.017270	4.5
137	-0.137705	24.763282	3.939828	0.017473	4.8
138	-0.119317	24.552871	3.958026	0.015947	4.1
139	-0.119023	25.552871	3.873004	0.010543	4.6
140	-0.131585	26.551503	3.791666	0.007905	4.5
141	-0.119516	27.549016	3.713761	0.010798	4.7
142	-0.107323	27.017337	3.754882	0.014422	4.5
143	-0.126171	27.997897	3.679738	0.009704	3.6
144	-0.113067	27.112315	3.747470	0.009733	6.3
145	-0.125182	26.227606	3.817670	0.007751	6.1
146	-0.109875	26.975480	3.758158	0.007688	5.3
147	-0.124641	26.185491	3.821078	0.016389	5.4
148	-0.114928	25.300803	3.894089	0.015605	6.9
149	-0.130605	24.424394	3.969221	0.013513	5.9
150	-0.121543	24.669332	3.947932	0.012048	5.5
151	-0.111697	25.668900	3.863375	0.025837	4.3
152	-0.106772	24.783267	3.938108	0.009882	5.9
153	-0.119868	23.897634	4.015789	0.014593	6.2
154	-0.137104	23.012022	4.096595	0.009967	5.0
155	-0.113696	23.887298	4.016714	0.007705	5.9
156	-0.120635	23.132670	4.085396	0.011403	6.4
157	-0.126164	24.054832	4.001778	0.021977	4.5
158	-0.108786	25.048112	3.915458	0.013848	5.4
159	-0.121234	26.043832	3.832584	0.012944	5.7
160	-0.101624	25.159256	3.906030	0.007624	5.5
161	-0.115143	24.990189	3.920389	0.012010	5.6
162	-0.118937	25.923918	3.842378	0.012637	5.3
163	-0.110610	26.880660	3.765601	0.021981	5.6
164	-0.118976	25.995035	3.836564	0.015161	6.9
165	-0.126176	25.109402	3.910253	0.006689	4.8
166	-0.145164	26.109351	3.827254	0.020364	5.5
167	-0.110049	25.223736	3.900581	0.006710	7.0
168	-0.124064	24.338111	3.976774	0.012265	3.6
169	-0.097513	23.452827	4.055972	0.011026	4.7
170	-0.149761	22.644530	4.131089	0.017334	6.2
171	-0.099099	23.499590	4.051710	0.009166	4.7
172	-0.121935	24.499565	3.962663	0.005833	5.6
173	-0.117145	24.084038	3.999186	0.012158	5.1
174	-0.116620	24.590524	3.954757	0.021267	5.8
175	-0.114732	23.704891	4.033103	0.021140	4.6
176	-0.100961	24.704891	3.944861	0.010709	5.4
177	-0.120847	23.819258	4.022812	0.015962	5.2
178	-0.116873	22.943168	4.103014	0.013269	6.2
179	-0.112961	22.057658	4.187395	0.019805	6.1
180	-0.121093	23.056292	4.092479	0.012451	4.7
181	-0.132054	24.056292	4.001648	0.010539	5.9
182	-0.117653	23.177538	4.081247	0.011812	5.6
183	-0.102821	24.166403	3.991893	0.018898	6.2
184	-0.126136	23.280770	4.071732	0.012130	5.9
185	-0.127397	24.199973	3.988928	0.016806	5.8
186	-0.109681	23.314340	4.068648	0.023028	6.5
187	-0.104303	24.314340	3.978861	0.014145	5.5
188	-0.128981	23.428707	4.058174	0.019302	5.7
189	-0.125535	24.014838	4.005333	0.006890	6.0
190	-0.145829	23.388824	4.061821	0.009725	4.9
191	-0.093766	23.434564	4.057639	0.030477	6.0
192	-0.133978	22.548931	4.140158	0.008881	6.8
193	-0.115686	22.687096	4.127064	0.013207	6.3
194	-0.106025	21.802851	4.212323	0.013030	7.0
195	-0.114047	22.802834	4.116159	0.009501	5.2
196	-0.109014	21.933501	4.199505	0.013065	6.2
197	-0.134465	21.405902	4.251753	0.015428	5.7
198	-0.125230	22.353750	4.158797	0.010680	5.0
199	-0.123431	21.483151	4.244022	0.018671	9.4
200	-0.110403	20.597842	4.334346	0.007676	5.3
201	-0.125662	19.782508	4.420999	0.014255	5.7
202	-0.138657	20.690335	4.324730	0.013270	5.9
203	-0.140668	19.811615	4.417846	0.012456	6.2
204	-0.123971	20.745059	4.319061	0.016063	6.6
205	-0.114935	21.745059	4.218018	0.016742	4.9
206	-0.114124	22.744986	4.121602	0.013003	4.7
207	-0.107728	21.859353	4.206770	0.014136	5.9
208	-0.123993	20.973720	4.295531	0.007245	6.2
209	-0.130871	21.531844	4.239163	0.014769	5.9
210	-0.119859	21.532226	4.239125	0.009824	5.3
211	-0.130655	20.653318	4.328573	0.006375	4.8
212	-0.127181	21.500926	4.242247	0.006150	6.2
213	-0.122506	22.299568	4.164001	0.012964	6.6
214	-0.136458	21.414457	4.250896	0.011572	5.3
215	-0.143870	22.414440	4.152983	0.015295	5.5
216	-0.103349	23.414439	4.059478	0.007007	5.1
217	-0.124432	24.413491	3.970173	0.013518	5.1
218	-0.125274	23.541598	4.047889	0.010535	6.5
219	-0.152537	22.673374	4.128361	0.020348	5.4
220	-0.118528	23.669045	4.036340	0.006372	5.3
221	-0.111746	24.669037	3.947958	0.009664	5.8
222	-0.116481	25.125501	3.908888	0.016126	4.8
223	-0.130776	24.241941	3.985228	0.010497	5.4
224	-0.115606	23.356890	4.064745	0.009067	6.1
225	-0.103919	22.548524	4.140196	0.017695	5.3
226	-0.144948	22.721549	4.123812	0.011309	7.4
227	-0.124542	23.017676	4.096069	0.013501	7.4
228	-0.142404	24.017556	4.005092	0.008626	6.7
229	-0.135579	23.252714	4.074314	0.021931	6.3
230	-0.140548	22.367093	4.157517	0.008031	5.8
231	-0.137139	21.763162	4.216233	0.010528	5.0
232	-0.143113	20.885111	4.304619	0.013808	6.7
233	-0.136418	21.881852	4.204563	0.011695	5.1
234	-0.118252	22.881852	4.108747	0.010736	6.5
235	-0.130943	22.001950	4.192820	0.010485	5.8
236	-0.118395	22.989155	4.098725	0.008538	5.4
237	-0.128012	22.106891	4.182613	0.017184	6.1
238	-0.130545	23.106055	4.087861	0.015950	5.4
239	-0.130243	22.220422	4.171626	0.011491	6.3
240	-0.102298	21.335019	4.258872	0.017907	5.7
241	-0.106123	22.334258	4.160667	0.022580	5.7
242	-0.132205	23.096982	4.088702	0.022596	6.8
243	-0.109604	22.211349	4.172502	0.010675	5.2
244	-0.126209	23.211346	4.078126	0.010226	5.1
245	-0.128623	22.544705	4.140559	0.012605	5.3
246	-0.123692	22.065956	4.186588	0.008108	8.0
247	-0.107484	23.065252	4.091647	0.017395	6.9
248	-0.137541	24.062313	4.001114	0.018717	4.5
249	-0.097265	23.176680	4.081326	0.021738	3.7
250	-0.112860	22.291047	4.164820	0.013243	4.7
251	-0.113622	21.476058	4.244731	0.021055	4.6
252	-0.133022	22.476053	4.147098	0.024862	4.4
253	-0.117098	23.476053	4.053854	0.012561	4.5
254	-0.127663	24.476053	3.964712	0.014643	5.5
255	-0.121123	23.590421	4.043457	0.009204	6.0
256	-0.128131	24.573060	3.956272	0.012332	6.3
257	-0.113607	25.486472	3.878536	0.012454	8.4
258	-0.119622	24.600894	3.953858	0.015939	6.0
259	-0.112983	23.715261	4.032168	0.005209	7.2
260	-0.150690	22.830105	4.113598	0.015221	7.6
261	-0.126927	23.328621	4.067337	0.013891	6.4
262	-0.106771	24.328621	3.977607	0.019304	7.3
263	-0.121397	23.443072	4.056863	0.012668	5.0
264	-0.125508	24.442156	3.967669	0.016286	6.6
265	-0.129271	23.620050	4.040772	0.007772	3.8
266	-0.119828	24.618640	3.952319	0.010856	4.3
267	-0.116374	25.022771	3.917614	0.008287	4.6
268	-0.120227	26.019063	3.834603	0.011230	4.9
269	-0.137293	27.001625	3.756111	0.008093	3.5
270	-0.133101	27.989169	3.680394	0.014115	3.2
271	-0.148955	27.349400	3.729094	0.009819	5.2
272	-0.140313	26.493736	3.796278	0.017331	5.2
273	-0.119187	25.651810	3.864790	0.010861	4.6
274	-0.137842	25.391983	3.886435	0.017179	5.4
275	-0.138553	24.506350	3.962072	0.008643	5.1
276	-0.122669	25.506325	3.876880	0.006760	5.8
277	-0.128918	26.454649	3.799405	0.009824	5.9
278	-0.115986	25.772424	3.854823	0.017515	4.8
279	-0.133784	25.162211	3.905780	0.017176	5.1
280	-0.114027	24.281209	3.981772	0.014123	5.8
281	-0.108231	23.395576	4.061203	0.015129	4.5
282	-0.117839	22.509947	4.143867	0.020291	5.2
283	-0.112870	23.509947	4.050767	0.016191	4.7
284	-0.146863	22.624316	4.133003	0.013240	4.4
285	-0.131904	21.738683	4.218648	0.015474	5.2
286	-0.127824	22.737875	4.122273	0.011045	5.4
287	-0.130121	22.028635	4.190220	0.017957	4.7
288	-0.143076	21.144536	4.278121	0.020577	5.0
289	-0.119332	20.259063	4.369935	0.017180	5.8
290	-0.125066	19.373430	4.465794	0.009120	5.0
291	-0.127673	18.969233	4.510956	0.014609	5.6
292	-0.106234	18.165178	4.603565	0.011154	5.5
293	-0.128727	17.279604	4.710065	0.015117	5.5
294	-0.136059	16.395216	4.821457	0.010993	5.2
295	-0.120454	17.395216	4.695883	0.019414	5.4
296	-0.133511	18.395216	4.576684	0.013411	4.8
297	-0.119396	17.511455	4.681709	0.017129	6.5
298	-0.123720	18.510703	4.563306	0.020500	6.8
299	-0.132367	19.510703	4.450662	0.009814	4.7
300	-0.121634	19.608324	4.439963	0.008235	6.2
301	-0.130475	20.608167	4.333270	0.010911	5.2
302	-0.138976	21.605364	4.231848	0.014014	5.7
303	-0.117949	22.605363	4.134800	0.016177	5.8
304	-0.116834	23.605324	4.042106	0.008637	5.8
305	-0.136105	24.599573	3.953972	0.018480	5.1
306	-0.114650	25.599131	3.869159	0.009576	6.3
307	-0.114406	24.763111	3.939842	0.009899	4.8
308	-0.144837	23.877614	4.017581	0.012827	6.4
309	-0.129882	23.002047	4.097524	0.021459	7.2
310	-0.117503	22.159343	4.177530	0.011801	5.3
311	-0.114991	23.159343	4.082928	0.012752	6.1
312	-0.108919	22.277347	4.166139	0.012222	5.5
313	-0.127327	21.397935	4.252552	0.014669	5.2
314	-0.113516	20.512314	4.343276	0.012639	5.8
315	-0.133201	21.511595	4.241183	0.015635	5.0
316	-0.116946	20.625962	4.331418	0.012809	5.5
317	-0.133710	20.194751	4.376758	0.011234	5.8
318	-0.127253	21.194506	4.273055	0.014294	4.9
319	-0.122560	20.308873	4.364666	0.008609	6.5
320	-0.131241	20.954038	4.297547	0.016727	5.3
321	-0.123875	21.808624	4.211755	0.008123	4.6
322	-0.112101	20.923263	4.300701	0.016102	6.0
323	-0.131595	21.922379	4.200593	0.015248	6.0
324	-0.122176	21.036746	4.289091	0.014861	4.9
325	-0.123532	22.036525	4.189452	0.014301	5.4
326	-0.132133	23.032114	4.094726	0.010108	4.8
327	-0.129184	22.146490	4.178774	0.014387	5.0
328	-0.123304	21.260858	4.266346	0.018666	4.9
329	-0.134458	22.260802	4.167732	0.006702	5.4
330	-0.122344	23.260639	4.073584	0.012465	4.4
331	-0.121278	22.400656	4.154302	0.011080	8.7
332	-0.089310	23.366650	4.063851	0.010379	4.9
333	-0.110789	24.360599	3.974803	0.009432	4.8
334	-0.143218	25.079163	3.912819	0.017668	4.8
335	-0.116944	26.002243	3.835975	0.013287	4.3
336	-0.113742	25.116880	3.909619	0.015935	3.8
337	-0.121914	26.116404	3.826681	0.012421	4.7
338	-0.130434	25.274406	3.896310	0.013434	4.5
339	-0.141211	24.394231	3.971858	0.009443	3.4
340	-0.115225	25.173789	3.904801	0.010426	4.0
341	-0.123669	26.173502	3.822049	0.013205	3.8
342	-0.136919	25.288806	3.895098	0.017059	4.5
343	-0.143825	24.403240	3.971070	0.008971	4.1
344	-0.122503	23.518221	4.050014	0.011387	4.6
345	-0.114783	22.663948	4.129252	0.012396	4.6
346	-0.142580	23.129999	4.085643	0.016364	3.7
347	-0.125304	24.129999	3.995113	0.008058	4.4
348	-0.112392	24.620346	3.952172	0.015997	3.9
349	-0.129813	24.196205	3.989261	0.016107	4.6
350	-0.147185	25.196205	3.902906	0.021866	3.4
351	-0.136828	26.196205	3.820211	0.007017	4.3
352	-0.093576	25.310605	3.893265	0.016266	4.7
353	-0.118939	26.200178	3.819889	0.010822	4.4
354	-0.126452	26.103171	3.827756	0.017463	3.1
355	-0.126946	25.401984	3.885598	0.017682	4.7
356	-0.125652	24.516355	3.961201	0.021868	4.4
357	-0.120415	23.630722	4.039806	0.008453	4.4
358	-0.120174	24.629430	3.951385	0.015075	3.6
359	-0.135358	25.629412	3.866646	0.014357	4.3
360	-0.145119	25.490035	3.878238	0.014529	4.2
361	-0.138727	26.474316	3.797831	0.023381	5.3
362	-0.116237	27.474316	3.719484	0.027590	6.4
363	-0.129618	28.474316	3.644304	0.017728	5.0
364	-0.118173	29.473757	3.572142	0.012295	4.1
365	-0.124736	30.473710	3.502748	0.014861	5.9
366	-0.153626	29.603247	3.563001	0.010425	5.2
367	-0.099453	30.603247	3.493955	0.011395	5.7
368	-0.143655	31.579503	3.429082	0.016136	6.2
369	-0.125405	32.579503	3.365082	0.015777	5.6
370	-0.137191	33.532668	3.306265	0.011917	5.6
371	-0.115460	34.532668	3.246727	0.009190	6.1
372	-0.114864	33.661335	3.298482	0.020120	4.9
373	-0.115149	34.656039	3.239531	0.013269	6.6
374	-0.089860	35.656039	3.182352	0.021858	4.6
375	-0.125277	34.781136	3.232265	0.017142	4.4
376	-0.132872	33.895503	3.284412	0.013187	5.8
377	-0.122162	33.009881	3.338268	0.012668	5.2
378	-0.135361	34.009137	3.277627	0.010562	5.5
379	-0.106524	34.587782	3.243508	0.005813	6.6
380	-0.121880	33.733160	3.294154	0.014041	6.1
381	-0.140915	34.731477	3.235145	0.007793	5.0
382	-0.129918	33.848074	3.287252	0.012354	4.8
383	-0.134078	34.847483	3.228426	0.015502	5.0
384	-0.124556	33.963070	3.280374	0.006224	6.1
385	-0.118581	34.962726	3.221777	0.008293	6.4
386	-0.121013	35.712557	3.179180	0.015120	5.2
387	-0.127946	34.826997	3.229610	0.012027	5.0
388	-0.131140	33.941364	3.281670	0.016023	5.2
389	-0.091895	33.055731	3.335436	0.010104	5.7
390	-0.126057	32.170112	3.390992	0.024077	6.2
391	-0.124677	31.287865	3.448208	0.009276	6.0
392	-0.119537	32.287856	3.383500	0.016053	4.4
393	-0.117434	33.287773	3.321179	0.015057	5.8
394	-0.127957	34.287773	3.261109	0.012400	6.3
395	-0.123994	35.287773	3.203172	0.014503	5.6
396	-0.139366	34.402153	3.254376	0.010615	5.8
397	-0.127375	35.330274	3.200756	0.014698	4.8
398	-0.107096	34.455540	3.251243	0.010610	5.2
399	-0.132055	34.671925	3.238606	0.008809	6.4
400	-0.126907	33.787092	3.290911	0.019975	5.6
401	-0.138107	32.904453	3.344797	0.016779	6.0
402	-0.130719	33.904453	3.283876	0.015906	6.4
403	-0.114287	34.904453	3.225136	0.010697	5.3
404	-0.117561	35.609899	3.184945	0.013683	5.2
405	-0.122081	34.765461	3.233174	0.012168	7.4
406	-0.128621	35.765387	3.176221	0.015554	5.1
407	-0.133005	34.879833	3.226556	0.005054	5.7
408	-0.140545	35.536880	3.189059	0.012937	5.8
409	-0.139222	35.014557	3.218796	0.012639	8.5
410	-0.130296	34.142279	3.269713	0.007962	6.1
411	-0.129130	33.256803	3.323075	0.018452	4.8
412	-0.113886	32.371174	3.378218	0.012949	7.1
413	-0.116701	33.361188	3.316694	0.010214	5.1
414	-0.128804	34.361177	3.256785	0.014374	5.3
415	-0.134563	33.517855	3.307163	0.010951	6.4
416	-0.109718	32.654683	3.360367	0.013688	4.7
417	-0.139498	33.189297	3.327215	0.017663	6.2
418	-0.131329	34.189297	3.266928	0.010747	7.0
419	-0.112778	35.189297	3.208786	0.010406	4.7
420	-0.122784	35.186184	3.208964	0.012024	5.4
421	-0.119014	34.300577	3.260354	0.008507	6.8
422	-0.125474	34.030882	3.276332	0.019672	5.1
423	-0.119397	33.899246	3.284188	0.007027	4.7
424	-0.100675	33.014175	3.338002	0.015191	4.2
425	-0.102218	34.011397	3.277492	0.009027	4.7
426	-0.108069	33.927088	3.282523	0.015452	4.4
427	-0.134742	33.044667	3.336119	0.014377	5.7
428	-0.135055	34.044642	3.275513	0.011172	3.2
429	-0.110195	33.789591	3.290761	0.010160	4.5
430	-0.132873	34.788987	3.231811	0.022925	5.1
431	-0.119339	35.788986	3.174902	0.009509	3.7
432	-0.144270	34.903355	3.225199	0.015461	4.5
433	-0.119404	35.794887	3.174572	0.019953	4.2
434	-0.127744	34.909254	3.224859	0.009577	4.4
435	-0.115194	35.909254	3.168192	0.009830	3.3
436	-0.120019	36.874345	3.115360	0.014891	3.8
437	-0.142601	37.825388	3.064994	0.015123	4.9
438	-0.120622	38.130745	3.049166	0.007372	4.9
439	-0.113673	37.246294	3.095466	0.010587	3.6
440	-0.130615	37.024929	3.107275	0.012121	4.4
441	-0.116239	37.981147	3.056899	0.013375	4.7
442	-0.120200	37.096519	3.103446	0.006824	3.9
443	-0.109045	36.431199	3.139399	0.020543	3.7
444	-0.134049	37.093642	3.103600	0.014431	4.2
445	-0.112702	36.208021	3.151646	0.007718	3.7
446	-0.133322	36.446620	3.138556	0.010132	3.4
447	-0.119952	35.998711	3.163220	0.012591	4.4
448	-0.138430	36.998204	3.108707	0.008810	4.8
449	-0.117618	37.935383	3.059273	0.011075	3.8
450	-0.120718	38.934040	3.008298	0.009058	4.1
451	-0.123599	39.084275	3.000776	0.009933	3.3
452	-0.124518	38.318959	3.039491	0.006270	4.4
453	-0.138753	37.833780	3.064556	0.015738	3.4
454	-0.138649	36.948497	3.111374	0.014226	3.1
455	-0.121839	36.062865	3.159663	0.020879	3.1
456	-0.107429	37.062865	3.105245	0.005618	3.5
457	-0.109963	36.708651	3.124305	0.006770	3.0
458	-0.134801	36.475217	3.136994	0.007386	4.8
459	-0.109493	36.918544	3.112983	0.009952	4.5
460	-0.118394	36.758049	3.121633	0.022523	6.1
461	-0.123740	36.432497	3.139328	0.015631	5.7
462	-0.116236	35.702422	3.179748	0.010872	5.4
463	-0.118234	35.920397	3.167572	0.013218	6.0
464	-0.109448	35.039402	3.217369	0.010856	4.5
465	-0.100431	34.153858	3.269027	0.014473	4.5
466	-0.109453	34.901416	3.225311	0.016866	5.3
467	-0.107537	34.015783	3.277231	0.012784	4.6
468	-0.132496	33.842717	3.287573	0.014427	4.9
469	-0.127595	34.842554	3.228710	0.012962	6.7
470	-0.132850	33.974609	3.279686	0.011775	5.9
471	-0.123565	33.103645	3.332482	0.011958	4.5
472	-0.128864	34.103635	3.272006	0.011726	6.2
473	-0.127540	33.218407	3.325429	0.011031	4.6
474	-0.099175	32.373294	3.378083	0.006304	5.1
475	-0.114232	32.917656	3.343978	0.011304	5.7
476	-0.104313	32.032894	3.399766	0.008217	5.3
477	-0.127198	31.187229	3.454857	0.008769	5.6
478	-0.122360	30.303891	3.514342	0.017395	5.4
479	-0.107616	29.857139	3.545214	0.012664	5.7
480	-0.091047	30.857130	3.476850	0.014347	7.0
481	-0.134817	30.031445	3.533105	0.011237	5.0
482	-0.128349	30.914737	3.472991	0.007570	4.4
483	-0.125303	31.830152	3.412813	0.019003	5.4
484	-0.151642	32.829060	3.349481	0.010852	6.0
485	-0.126688	31.946741	3.405298	0.013049	6.0
486	-0.106602	31.375862	3.442415	0.023542	7.1
487	-0.123522	32.375862	3.377921	0.008772	5.3
488	-0.136661	33.375862	3.315799	0.017779	7.1
489	-0.115283	34.375861	3.255921	0.010747	6.0
490	-0.102852	33.490283	3.308836	0.017533	5.3
491	-0.124924	32.604660	3.363503	0.014415	7.2
492	-0.126836	31.719027	3.420007	0.013704	4.8
493	-0.116524	30.833394	3.478442	0.011961	6.5
494	-0.117263	31.833359	3.412606	0.006472	5.7
495	-0.129733	32.815165	3.350346	0.021229	6.8
496	-0.152455	33.814324	3.289276	0.021275	5.6
497	-0.122466	34.814324	3.230343	0.013333	5.3
498	-0.124709	35.814300	3.173487	0.013254	5.4
499	-0.143689	36.814300	3.118596	0.015400	6.5
Time spent in resolution 0 (ITK initialization and iterating): 3.439 s.
Stopping condition: Maximum number of iterations has been reached.
Settings of AdaptiveStochasticGradientDescent in resolution 0:
( SP_a 180.299438 )
( SP_A 20.000000 )
( SP_alpha 1.000000 )
( SigmoidMax 1.000000 )
( SigmoidMin -0.885633 )
( SigmoidScale 0.000008 )



=============== start of TransformParameterFile ===============
(Transform "EulerTransform")
(NumberOfParameters 6)
(TransformParameters 0.012764 -0.011330 0.015100 -0.312125 0.196150 -14.642337)
(InitialTransformParametersFileName "NoInitialTransform")
(UseBinaryFormatForTransformationParameters "false")
(HowToCombineTransforms "Compose")

// Image specific
(FixedImageDimension 3)
(MovingImageDimension 3)
(FixedInternalImagePixelType "float")
(MovingInternalImagePixelType "float")
(Size 256 256 30)
(Index 0 0 0)
(Spacing 0.7031250000 0.7031250000 3.0000000000)
(Origin -81.7589950562 -121.0988311768 76.9740219116)
(Direction 1.0000000000 0.0000000000 0.0000000000 0.0000000000 1.0000000000 0.0000000000 0.0000000000 0.0000000000 1.0000000000)
(UseDirectionCosines "false")

// EulerTransform specific
(CenterOfRotationPoint 7.8894424438 -31.4503936768 120.4740219116)
(ComputeZYX "false")

// ResampleInterpolator specific
(ResampleInterpolator "FinalBSplineInterpolator")
(FinalBSplineInterpolationOrder 3)

// Resampler specific
(Resampler "DefaultResampler")
(DefaultPixelValue 0.000000)
(ResultImageFormat "nii.gz")
(ResultImagePixelType "short")
(CompressResultImage "false")

=============== end of TransformParameterFile ===============

Creating the TransformParameterFile took 0.00s

Registration result checksum: 3500229585

Applying final transform ...
  Applying final transform took 0.92s

Final metric value  = -0.143689
Settings of AdaptiveStochasticGradientDescent for all resolutions:
( SP_a 180.299438 )
( SP_A 20.000000 )
( SP_alpha 1.000000 )
( SigmoidMax 1.000000 )
( SigmoidMin -0.885633 )
( SigmoidScale 0.000008 )

Time spent on saving the results, applying the final transform etc.: 918 ms.
Running elastix with parameter file 0: "/Users/sakinkirti/Programming/Python/CCIPD/racial-disparity-pca/code_matlab/rigid.txt", has finished.


Current time: Mon May 23 17:58:40 2022.
Time used for running elastix with this parameter file:
  4.5s.

-------------------------------------------------------------------------

Total time elapsed: 4.5s.

