
elastix is started at Mon May 23 08:25:02 2022.

which elastix:   /Users/sakinkirti/Programming/Python/CCIPD/racial-disparity-pca/code_matlab/elastix-5.0.0-mac/bin/elastix
elastix runs at: Sakins-MBP.hsd1.ca.comcast.net
  macOS 12.3.1 (x64), 21E258
  with 8192 MB memory, and 2 cores @ 2300 MHz.
-------------------------------------------------------------------------

Running elastix with parameter file 0: "/Users/sakinkirti/Programming/Python/CCIPD/racial-disparity-pca/code_matlab/rigid.txt".

Current time: Mon May 23 08:25:02 2022.
Reading the elastix parameters from file ...

Installing all components.
InstallingComponents was successful.

ELASTIX version: 5.000
Command line options from ElastixBase:
-f        /Users/sakinkirti/Programming/Python/CCIPD/racial-disparity-pca/dataset/to_nifti_cleaned/prostate-000030/ADC.nii.gz
-m        /Users/sakinkirti/Programming/Python/CCIPD/racial-disparity-pca/dataset/to_nifti_cleaned/prostate-000030/T2W.nii.gz
-fMask    unspecified, so no fixed mask used
-mMask    unspecified, so no moving mask used
-out      /Users/sakinkirti/Programming/Python/CCIPD/racial-disparity-pca/dataset/to_nifti_cleaned/prostate-000030/
-p        /Users/sakinkirti/Programming/Python/CCIPD/racial-disparity-pca/code_matlab/rigid.txt
-threads  unspecified, so all available threads are used
Command line options from TransformBase:
-t0       unspecified, so no initial transform used

=============== start of ParameterFile: /Users/sakinkirti/Programming/Python/CCIPD/racial-disparity-pca/code_matlab/rigid.txt ===============
// Example parameter file for rotation registration
// C-style comments: //

// The internal pixel type, used for internal computations
// Leave to float in general. 
// NB: this is not the type of the input images! The pixel 
// type of the input images is automatically read from the 
// images themselves.
// This setting can be changed to "short" to save some memory
// in case of very large 3D images.
(FixedInternalImagePixelType "float")
(MovingInternalImagePixelType "float")

// The dimensions of the fixed and moving image
// Up to elastix 4.5 this had to be specified by the user.
// From elastix 4.6, this is not necessary anymore.
//(FixedImageDimension 3)
//(MovingImageDimension 3)

// Specify whether you want to take into account the so-called
// direction cosines of the images. Recommended: true.
// In some cases, the direction cosines of the image are corrupt,
// due to image format conversions for example. In that case, you 
// may want to set this option to "false".
(UseDirectionCosines "false")

// **************** Main Components **************************

// The following components should usually be left as they are:
(Registration "MultiResolutionRegistration")
(Interpolator "BSplineInterpolator")
(ResampleInterpolator "FinalBSplineInterpolator")
(Resampler "DefaultResampler")

// These may be changed to Fixed/MovingSmoothingImagePyramid.
// See the manual.
(FixedImagePyramid "FixedRecursiveImagePyramid")
(MovingImagePyramid "MovingRecursiveImagePyramid")

// The following components are most important:
// The optimizer AdaptiveStochasticGradientDescent (ASGD) works
// quite ok in general. The Transform and Metric are important
// and need to be chosen careful for each application. See manual.
(Optimizer "AdaptiveStochasticGradientDescent")
(Transform "EulerTransform")
(Metric "AdvancedMattesMutualInformation")

// ***************** Transformation **************************

// Scales the rotations compared to the translations, to make
// sure they are in the same range. In general, it's best to  
// use automatic scales estimation:
(AutomaticScalesEstimation "true")

// Automatically guess an initial translation by aligning the
// geometric centers of the fixed and moving.
(AutomaticTransformInitialization "true")

// Whether transforms are combined by composition or by addition.
// In generally, Compose is the best option in most cases.
// It does not influence the results very much.
(HowToCombineTransforms "Compose")

// ******************* Similarity measure *********************

// Number of grey level bins in each resolution level,
// for the mutual information. 16 or 32 usually works fine.
// You could also employ a hierarchical strategy:
//(NumberOfHistogramBins 16 32 64)
(NumberOfHistogramBins 32)

// If you use a mask, this option is important. 
// If the mask serves as region of interest, set it to false.
// If the mask indicates which pixels are valid, then set it to true.
// If you do not use a mask, the option doesn't matter.
(ErodeMask "false")

// ******************** Multiresolution **********************

// The number of resolutions. 1 Is only enough if the expected
// deformations are small. 3 or 4 mostly works fine. For large
// images and large deformations, 5 or 6 may even be useful.
(NumberOfResolutions 1)

// The downsampling/blurring factors for the image pyramids.
// By default, the images are downsampled by a factor of 2
// compared to the next resolution.
// So, in 2D, with 4 resolutions, the following schedule is used:
//(ImagePyramidSchedule 8 8  4 4  2 2  1 1 )
// And in 3D:
//(ImagePyramidSchedule 8 8 8  4 4 4  2 2 2  1 1 1 )
// You can specify any schedule, for example:
//(ImagePyramidSchedule 4 4  4 3  2 1  1 1 )
// Make sure that the number of elements equals the number
// of resolutions times the image dimension.

// ******************* Optimizer ****************************

// Maximum number of iterations in each resolution level:
// 200-500 works usually fine for rigid registration.
// For more robustness, you may increase this to 1000-2000.
(MaximumNumberOfIterations 500)

// The step size of the optimizer, in mm. By default the voxel size is used.
// which usually works well. In case of unusual high-resolution images
// (eg histology) it is necessary to increase this value a bit, to the size
// of the "smallest visible structure" in the image:
//(MaximumStepLength 1.0)

// **************** Image sampling **********************

// Number of spatial samples used to compute the mutual
// information (and its derivative) in each iteration.
// With an AdaptiveStochasticGradientDescent optimizer,
// in combination with the two options below, around 2000
// samples may already suffice.
(NumberOfSpatialSamples 2000)

// Refresh these spatial samples in every iteration, and select
// them randomly. See the manual for information on other sampling
// strategies.
(NewSamplesEveryIteration "true")
(ImageSampler "Random")

// ************* Interpolation and Resampling ****************

// Order of B-Spline interpolation used during registration/optimisation.
// It may improve accuracy if you set this to 3. Never use 0.
// An order of 1 gives linear interpolation. This is in most 
// applications a good choice.
(BSplineInterpolationOrder 1)

// Order of B-Spline interpolation used for applying the final
// deformation.
// 3 gives good accuracy; recommended in most cases.
// 1 gives worse accuracy (linear interpolation)
// 0 gives worst accuracy, but is appropriate for binary images
// (masks, segmentations); equivalent to nearest neighbor interpolation.
(FinalBSplineInterpolationOrder 3)

//Default pixel value for pixels that come from outside the picture:
(DefaultPixelValue 0)

// Choose whether to generate the deformed moving image.
// You can save some time by setting this to false, if you are
// only interested in the final (nonrigidly) deformed moving image
// for example.
(WriteResultImage "false")

// The pixel type and format of the resulting deformed moving image
(ResultImagePixelType "short")
(ResultImageFormat "nii.gz")




=============== end of ParameterFile: /Users/sakinkirti/Programming/Python/CCIPD/racial-disparity-pca/code_matlab/rigid.txt ===============


Reading images...
Reading images took 123 ms.

WARNING: the fixed pyramid schedule is not fully specified!
  A default pyramid schedule is used.
WARNING: the moving pyramid schedule is not fully specified!
  A default pyramid schedule is used.
WARNING: The parameter "AutomaticTransformInitializationMethod", requested at entry number 0, does not exist at all.
  The default value "GeometricalCenter" is used instead.
Transform parameters are initialized as: [0, 0, 0, 8.402923583984375, 4.698539733886719, 9.403907775878906]
Scales are estimated automatically.
Scales for transform parameters are: [5473.515625, 4123.515625, 8488.40625, 1, 1, 1]
Initialization of all components (before registration) took: 11 ms.
Preparation of the image pyramids took: 16 ms.

Resolution: 0
WARNING: The parameter "ShowExactMetricValue", requested at entry number 0, does not exist at all.
  The default value "false" is used instead.
WARNING: The parameter "CheckNumberOfSamples", requested at entry number 0, does not exist at all.
  The default value "true" is used instead.
WARNING: The parameter "UseMultiThreadingForMetrics", requested at entry number 0, does not exist at all.
  The default value "true" is used instead.
Setting the fixed masks took: 0 ms.
Setting the moving masks took: 0 ms.
WARNING: The parameter "NumberOfFixedHistogramBins", requested at entry number 0, does not exist at all.
  The default value "32" is used instead.
WARNING: The parameter "NumberOfMovingHistogramBins", requested at entry number 0, does not exist at all.
  The default value "32" is used instead.
WARNING: The parameter "FixedLimitRangeRatio", requested at entry number 0, does not exist at all.
  The default value "0.01" is used instead.
WARNING: The parameter "MovingLimitRangeRatio", requested at entry number 0, does not exist at all.
  The default value "0.01" is used instead.
WARNING: The parameter "FixedKernelBSplineOrder", requested at entry number 0, does not exist at all.
  The default value "0" is used instead.
WARNING: The parameter "MovingKernelBSplineOrder", requested at entry number 0, does not exist at all.
  The default value "3" is used instead.
WARNING: The parameter "UseFastAndLowMemoryVersion", requested at entry number 0, does not exist at all.
  The default value "true" is used instead.
WARNING: The parameter "UseJacobianPreconditioning", requested at entry number 0, does not exist at all.
  The default value "false" is used instead.
WARNING: The parameter "FiniteDifferenceDerivative", requested at entry number 0, does not exist at all.
  The default value "false" is used instead.
WARNING: The parameter "SP_A", requested at entry number 0, does not exist at all.
  The default value "20" is used instead.
WARNING: The parameter "MaximumNumberOfSamplingAttempts", requested at entry number 0, does not exist at all.
  The default value "0" is used instead.
WARNING: The parameter "SigmoidInitialTime", requested at entry number 0, does not exist at all.
  The default value "0" is used instead.
WARNING: The parameter "MaxBandCovSize", requested at entry number 0, does not exist at all.
  The default value "192" is used instead.
WARNING: The parameter "NumberOfBandStructureSamples", requested at entry number 0, does not exist at all.
  The default value "10" is used instead.
WARNING: The parameter "UseAdaptiveStepSizes", requested at entry number 0, does not exist at all.
  The default value "true" is used instead.
WARNING: The parameter "AutomaticParameterEstimation", requested at entry number 0, does not exist at all.
  The default value "true" is used instead.
WARNING: The parameter "UseConstantStep", requested at entry number 0, does not exist at all.
  The default value "false" is used instead.
WARNING: The parameter "MaximumStepLengthRatio", requested at entry number 0, does not exist at all.
  The default value "1" is used instead.
WARNING: The parameter "MaximumStepLength", requested at entry number 0, does not exist at all.
  The default value "0.6875" is used instead.
WARNING: The parameter "NumberOfGradientMeasurements", requested at entry number 0, does not exist at all.
  The default value "0" is used instead.
WARNING: The parameter "NumberOfJacobianMeasurements", requested at entry number 0, does not exist at all.
  The default value "1000" is used instead.
WARNING: The parameter "NumberOfSamplesForExactGradient", requested at entry number 0, does not exist at all.
  The default value "100000" is used instead.
WARNING: The parameter "SigmoidScaleFactor", requested at entry number 0, does not exist at all.
  The default value "0.1" is used instead.
Elastix initialization of all components (for this resolution) took: 3 ms.
  Computing the fixed image extrema took 9 ms.
  Computing the moving image extrema took 11 ms.
Initialization of AdvancedMattesMutualInformation metric took: 116 ms.
Starting automatic parameter estimation for AdaptiveStochasticGradientDescent ...
WARNING: The parameter "ASGDParameterEstimationMethod", requested at entry number 0, does not exist at all.
  The default value "Original" is used instead.
  Computing JacobianTerms ...
  Computing the Jacobian terms took 0.002028s
  NumberOfGradientMeasurements to estimate sigma_i: 6
  Sampling gradients ...
  Sampling the gradients took 0.382139s
Automatic parameter estimation took 0.38s
1:ItNr	2:Metric	3a:Time	3b:StepSize	4:||Gradient||	Time[ms]
0	-0.104510	0.000000	4.406745	0.015995	503.8
1	-0.123884	0.000000	4.406745	0.021137	3.4
2	-0.109296	0.000000	4.406745	0.025298	6.5
3	-0.113707	0.999970	4.206444	0.012535	2.6
4	-0.112469	0.268747	4.351062	0.014696	4.4
5	-0.094895	0.000000	4.406745	0.015472	2.4
6	-0.109679	0.427063	4.318914	0.025221	7.0
7	-0.121177	1.420516	4.127543	0.015238	3.5
8	-0.096269	1.176030	4.173048	0.013276	3.3
9	-0.106544	1.406612	4.130104	0.015096	3.1
10	-0.130403	2.296198	3.972392	0.014888	3.8
11	-0.112716	1.521294	4.109073	0.018705	3.5
12	-0.109873	2.278603	3.975395	0.012051	1.9
13	-0.088470	3.268489	3.813243	0.013183	4.2
14	-0.098455	4.203697	3.671749	0.012772	4.6
15	-0.095892	4.376186	3.646791	0.008661	2.6
16	-0.117722	4.233855	3.667360	0.016071	2.7
17	-0.103065	4.608388	3.613724	0.022645	4.1
18	-0.109164	3.806870	3.730484	0.017936	4.6
19	-0.102976	4.526301	3.625345	0.027464	2.2
20	-0.113695	5.065354	3.550369	0.024243	2.0
21	-0.117902	4.263694	3.663029	0.010722	3.3
22	-0.109904	3.462827	3.782949	0.005941	6.9
23	-0.102285	3.202356	3.823662	0.014671	4.9
24	-0.116788	3.546006	3.770130	0.016275	2.3
25	-0.106088	4.494997	3.629796	0.020831	23.8
26	-0.133636	5.494801	3.492822	0.016623	4.7
27	-0.081570	4.693709	3.601724	0.016123	3.9
28	-0.094881	5.606555	3.478152	0.008424	6.3
29	-0.128561	4.823525	3.583618	0.023673	3.5
30	-0.127703	4.512849	3.627256	0.023415	4.2
31	-0.131782	3.972489	3.705744	0.025113	6.2
32	-0.121726	4.972309	3.563089	0.016859	2.7
33	-0.112266	4.170649	3.676569	0.013811	2.1
34	-0.106742	5.125518	3.542193	0.020643	4.2
35	-0.110448	4.324993	3.654162	0.021548	8.7
36	-0.113638	5.323454	3.515558	0.025889	3.3
37	-0.101517	4.521793	3.625985	0.019311	3.5
38	-0.108184	5.521536	3.489302	0.017234	7.1
39	-0.104681	6.377015	3.380268	0.014538	2.1
40	-0.135790	5.580999	3.481496	0.017019	2.2
41	-0.123191	5.262949	3.523658	0.022633	2.2
42	-0.106171	4.461336	3.634595	0.032690	6.6
43	-0.129373	5.460488	3.497352	0.018480	2.8
44	-0.120958	6.460487	3.369993	0.028152	2.1
45	-0.109275	5.658970	3.471313	0.008459	9.1
46	-0.101267	6.566912	3.356982	0.022038	2.3
47	-0.104227	5.827156	3.449551	0.008795	2.0
48	-0.105745	5.533376	3.487745	0.015011	5.1
49	-0.091929	6.248858	3.396166	0.015616	6.4
50	-0.108966	5.734152	3.461551	0.012367	2.2
51	-0.108469	5.073338	3.549282	0.017339	2.4
52	-0.111746	5.034305	3.554604	0.015730	5.3
53	-0.134866	5.406137	3.504550	0.022353	4.8
54	-0.133889	6.406121	3.376678	0.012643	3.7
55	-0.130075	5.709777	3.464710	0.016774	2.4
56	-0.111002	5.592259	3.480022	0.034728	4.1
57	-0.110545	4.790624	3.588189	0.014183	4.6
58	-0.106627	4.807585	3.585831	0.019361	2.6
59	-0.139514	4.052637	3.693888	0.025925	2.0
60	-0.116160	3.250976	3.815996	0.006654	7.1
61	-0.121227	2.970870	3.860587	0.017834	5.0
62	-0.109622	2.237905	3.982357	0.024501	3.1
63	-0.101002	3.231910	3.818999	0.016115	2.8
64	-0.145118	2.745357	3.897252	0.025809	3.4
65	-0.116125	3.745172	3.739786	0.030805	4.4
66	-0.125463	2.943510	3.864999	0.011702	2.9
67	-0.117145	2.143542	3.998594	0.021481	3.8
68	-0.090103	2.990665	3.857402	0.006858	5.5
69	-0.115191	2.282746	3.974687	0.019905	3.2
70	-0.094406	1.584692	4.097538	0.025405	2.7
71	-0.117286	0.794777	4.246047	0.019785	3.3
72	-0.126047	0.000000	4.406745	0.019051	3.9
73	-0.123870	0.000000	4.406745	0.026499	4.7
74	-0.111208	0.995458	4.207307	0.028613	2.5
75	-0.118708	1.995455	4.024345	0.007924	3.0
76	-0.120564	1.228366	4.163223	0.027167	4.3
77	-0.110609	0.533192	4.297628	0.030069	5.2
78	-0.123065	0.000000	4.406745	0.007774	4.5
79	-0.095018	0.320888	4.340421	0.014337	6.1
80	-0.122209	0.853189	4.234697	0.024805	4.1
81	-0.111951	0.358332	4.332812	0.021086	3.4
82	-0.118996	0.000000	4.406745	0.015036	2.6
83	-0.111535	0.999492	4.206535	0.008430	4.6
84	-0.116789	0.372430	4.329954	0.022604	4.7
85	-0.125544	1.307350	4.148482	0.021739	3.8
86	-0.133305	0.506169	4.303028	0.030117	7.1
87	-0.095798	0.000000	4.406745	0.011684	4.2
88	-0.138777	0.948146	4.216376	0.014259	4.4
89	-0.109573	0.501820	4.303898	0.014426	5.3
90	-0.108593	0.069504	4.392208	0.009615	5.3
91	-0.111081	1.001768	4.206100	0.019002	4.3
92	-0.119402	0.204146	4.364318	0.020058	6.5
93	-0.136905	1.204079	4.167776	0.016783	4.3
94	-0.135010	2.097262	4.006606	0.028275	4.2
95	-0.098695	1.295611	4.150666	0.024454	4.4
96	-0.108609	0.493949	4.305474	0.036014	5.0
97	-0.123816	1.493916	4.114074	0.024386	3.6
98	-0.108293	2.003501	4.022937	0.017557	2.1
99	-0.097013	2.484977	3.940461	0.016719	4.9
100	-0.108929	3.482365	3.779930	0.026575	3.7
101	-0.134574	4.482357	3.631597	0.011532	2.7
102	-0.094595	3.696130	3.747212	0.013095	3.0
103	-0.120183	4.344545	3.651343	0.017777	3.7
104	-0.113401	4.792918	3.587870	0.014802	5.1
105	-0.129293	4.293283	3.658744	0.019382	2.8
106	-0.127215	3.509576	3.775734	0.028409	4.0
107	-0.097763	2.707915	3.903407	0.024613	3.6
108	-0.120893	1.998918	4.023739	0.017887	5.3
109	-0.112978	2.771063	3.893037	0.013235	3.9
110	-0.106380	2.488923	3.939799	0.010926	5.6
111	-0.108621	3.442230	3.786137	0.028378	5.9
112	-0.109770	2.705193	3.903855	0.021536	4.2
113	-0.115054	3.328318	3.803865	0.024422	4.6
114	-0.116847	3.962425	3.707237	0.012383	3.9
115	-0.100007	4.891894	3.574155	0.031407	3.8
116	-0.094858	4.107052	3.685882	0.020165	8.2
117	-0.111294	4.057810	3.693126	0.018977	4.7
118	-0.120981	4.912800	3.571271	0.014517	3.6
119	-0.125371	5.281207	3.521210	0.022827	6.2
120	-0.098042	6.267333	3.393865	0.019194	4.1
121	-0.107962	7.267324	3.273802	0.020721	4.2
122	-0.128020	8.264681	3.162229	0.008752	3.6
123	-0.133045	9.171189	3.067219	0.016766	5.6
124	-0.126465	8.884118	3.096683	0.012670	4.2
125	-0.130788	9.783357	3.006223	0.026587	4.2
126	-0.110684	10.588654	2.929585	0.010537	6.0
127	-0.135672	11.172705	2.876402	0.023179	4.4
128	-0.116180	12.158585	2.790880	0.016262	4.9
129	-0.103775	13.126701	2.711708	0.014425	6.7
130	-0.095013	13.966084	2.646611	0.025023	3.8
131	-0.132790	13.164496	2.708708	0.036697	12.6
132	-0.097348	14.164496	2.631678	0.017438	8.1
133	-0.109544	14.914839	2.576696	0.027374	11.2
134	-0.104732	14.122141	2.634852	0.022149	12.4
135	-0.107997	15.122141	2.561909	0.009639	3.3
136	-0.116576	16.106867	2.493922	0.011420	9.4
137	-0.102785	16.495266	2.468089	0.020311	4.8
138	-0.127718	15.727244	2.519700	0.016085	5.6
139	-0.116071	14.959381	2.573505	0.021071	6.1
140	-0.130124	14.158283	2.632143	0.021760	4.0
141	-0.130693	15.158143	2.559358	0.013219	7.9
142	-0.108446	16.128931	2.492440	0.034122	3.3
143	-0.124849	17.111674	2.428170	0.028301	4.0
144	-0.133049	16.362457	2.476862	0.018057	2.9
145	-0.113632	15.560819	2.531170	0.022438	6.2
146	-0.134310	16.560031	2.463833	0.024564	3.7
147	-0.118343	15.758369	2.517566	0.015357	5.2
148	-0.103235	14.960743	2.573407	0.022393	6.8
149	-0.116072	15.960553	2.503795	0.025819	2.3
150	-0.122071	16.960550	2.437837	0.023113	3.9
151	-0.107384	16.158888	2.490431	0.014682	5.8
152	-0.129642	17.133370	2.426789	0.020902	4.2
153	-0.104250	18.123366	2.365380	0.007921	2.3
154	-0.140304	18.821877	2.323889	0.022269	3.4
155	-0.109069	18.087980	2.367522	0.023634	7.2
156	-0.128717	19.087979	2.308463	0.011592	3.3
157	-0.094678	19.659883	2.275994	0.017694	2.9
158	-0.112474	19.747772	2.271085	0.035112	3.8
159	-0.106993	18.946110	2.316662	0.021629	5.6
160	-0.096927	19.898185	2.262732	0.012494	2.9
161	-0.114686	20.227419	2.244662	0.019813	2.8
162	-0.108815	19.427193	2.289094	0.013133	3.1
163	-0.133467	20.256497	2.243080	0.019694	5.9
164	-0.123490	19.651564	2.276459	0.008638	2.5
165	-0.108661	19.082294	2.308791	0.019575	3.5
166	-0.090894	19.141831	2.305367	0.019368	3.7
167	-0.097171	19.123819	2.306402	0.013749	5.6
168	-0.105989	19.837648	2.266086	0.020940	13.5
169	-0.119654	20.475442	2.231239	0.026944	4.7
170	-0.120014	21.475442	2.178709	0.013600	9.7
171	-0.130001	22.457310	2.129484	0.011425	6.2
172	-0.111035	21.868589	2.158728	0.025618	6.8
173	-0.093024	22.684901	2.118390	0.010760	4.7
174	-0.109366	22.119640	2.146160	0.022476	7.2
175	-0.107865	21.489339	2.177997	0.012686	5.3
176	-0.098842	20.757075	2.216191	0.016695	4.9
177	-0.105923	20.615583	2.223726	0.012258	3.6
178	-0.084003	19.904387	2.262389	0.017356	4.2
179	-0.087152	20.417506	2.234360	0.011439	3.1
180	-0.112170	19.760502	2.270375	0.015433	3.2
181	-0.136461	20.722401	2.218032	0.015666	3.0
182	-0.112475	20.937457	2.206658	0.035257	3.1
183	-0.127154	21.937457	2.155266	0.026139	6.0
184	-0.122234	21.135795	2.196271	0.031869	3.2
185	-0.112576	20.334134	2.238867	0.011933	3.1
186	-0.102923	19.911658	2.261987	0.017544	2.9
187	-0.110431	20.023740	2.255807	0.018326	3.1
188	-0.120169	19.224019	2.300656	0.016182	3.1
189	-0.105831	19.867960	2.264406	0.009038	4.3
190	-0.125735	20.598697	2.224628	0.019673	6.5
191	-0.099976	19.977163	2.258371	0.006873	5.9
192	-0.119205	19.517723	2.283979	0.010124	8.2
193	-0.128091	19.442411	2.288232	0.017493	2.4
194	-0.096897	20.342091	2.238436	0.018604	2.2
195	-0.115777	20.029847	2.255471	0.015034	4.0
196	-0.111711	19.278556	2.297541	0.019602	2.5
197	-0.107639	18.576144	2.338319	0.017194	2.5
198	-0.112817	18.579665	2.338111	0.032519	2.6
199	-0.115058	19.579655	2.280493	0.047894	3.8
200	-0.095746	20.579655	2.225647	0.030796	2.4
201	-0.110446	21.579655	2.173377	0.020340	2.3
202	-0.112097	20.876275	2.209882	0.018825	2.4
203	-0.126775	20.075944	2.252940	0.030591	2.6
204	-0.116421	21.074615	2.199465	0.017477	2.5
205	-0.109702	22.074288	2.148419	0.012831	2.2
206	-0.130919	21.276353	2.188969	0.032059	2.1
207	-0.114439	22.270655	2.138670	0.023626	2.7
208	-0.126894	23.270654	2.090361	0.013248	7.2
209	-0.127997	24.267103	2.044346	0.015231	3.5
210	-0.109173	25.224881	2.001988	0.025356	4.3
211	-0.101943	24.423983	2.037286	0.006307	3.8
212	-0.094892	25.328438	1.997513	0.018712	5.1
213	-0.119553	24.583005	2.030179	0.025762	2.9
214	-0.098633	25.580381	1.986708	0.012195	2.1
215	-0.118983	26.302045	1.956398	0.025310	2.2
216	-0.095367	25.646199	1.983905	0.025321	4.7
217	-0.112205	26.646195	1.942267	0.006524	3.8
218	-0.111498	27.183054	1.920626	0.018134	2.9
219	-0.097366	27.868241	1.893697	0.012190	4.6
220	-0.129004	28.824487	1.857353	0.017079	4.8
221	-0.111451	28.043674	1.886923	0.015674	4.0
222	-0.147271	28.698337	1.862067	0.012085	2.6
223	-0.114144	28.815515	1.857687	0.015009	3.4
224	-0.137422	28.430849	1.872143	0.015048	3.2
225	-0.101386	27.716289	1.899604	0.017759	4.1
226	-0.107703	28.692628	1.862281	0.018754	7.2
227	-0.113489	27.891037	1.892814	0.012338	7.1
228	-0.100152	28.745501	1.860302	0.019440	3.5
229	-0.117443	29.637741	1.827523	0.022063	3.0
230	-0.104824	30.637727	1.792132	0.023143	3.0
231	-0.119753	31.637564	1.758091	0.019696	5.0
232	-0.124210	30.836003	1.785277	0.013583	3.5
233	-0.103939	30.036794	1.813234	0.030743	5.6
234	-0.114753	29.235241	1.842166	0.014022	10.9
235	-0.118501	28.433730	1.872034	0.022225	7.3
236	-0.136346	29.429997	1.835051	0.009878	5.0
237	-0.115920	30.416891	1.799829	0.018730	4.1
238	-0.134149	31.296008	1.769574	0.013211	6.4
239	-0.116041	30.519276	1.796253	0.018150	4.9
240	-0.124230	29.739709	1.823850	0.013675	2.3
241	-0.102240	30.730902	1.788904	0.012332	3.1
242	-0.134746	30.474633	1.797811	0.033748	5.8
243	-0.103125	29.673079	1.826249	0.008860	3.2
244	-0.119949	28.872052	1.855581	0.005442	5.5
245	-0.134212	29.009168	1.850493	0.024132	5.3
246	-0.122638	28.371890	1.874379	0.015741	4.4
247	-0.107254	27.996943	1.888723	0.018815	2.3
248	-0.132635	28.995788	1.850989	0.019969	3.8
249	-0.122032	28.199367	1.880952	0.016997	2.2
250	-0.102634	27.653889	1.902040	0.028754	5.6
251	-0.104095	26.852279	1.933902	0.009713	2.7
252	-0.088599	27.391241	1.912363	0.025729	2.9
253	-0.124096	28.374076	1.874296	0.015015	3.4
254	-0.106981	27.590893	1.904506	0.014839	5.4
255	-0.130025	28.577357	1.866611	0.011874	2.9
256	-0.109153	29.326788	1.838815	0.012921	2.7
257	-0.109419	29.436933	1.834799	0.016175	4.1
258	-0.103655	28.913143	1.854054	0.016263	4.9
259	-0.103456	29.654201	1.826929	0.022147	2.2
260	-0.122960	28.926434	1.853560	0.009049	4.1
261	-0.108803	28.870332	1.855645	0.017771	2.7
262	-0.114609	29.167419	1.844656	0.013630	4.3
263	-0.109062	29.969613	1.815624	0.017358	4.8
264	-0.107651	30.926865	1.782153	0.010872	2.3
265	-0.112733	30.140257	1.809565	0.016006	3.8
266	-0.104972	29.346201	1.838106	0.008843	3.3
267	-0.113952	29.035581	1.849517	0.016124	5.6
268	-0.114914	28.339851	1.875596	0.021683	4.9
269	-0.137689	29.338425	1.838390	0.009482	2.4
270	-0.112263	29.982495	1.815165	0.011108	7.6
271	-0.103751	29.611333	1.828477	0.024589	5.1
272	-0.133258	29.105439	1.846938	0.030661	4.4
273	-0.095255	28.303778	1.876968	0.011699	5.0
274	-0.119150	29.302149	1.839715	0.011241	2.5
275	-0.125914	29.829473	1.820629	0.021896	3.4
276	-0.140315	29.039412	1.849375	0.022803	3.5
277	-0.120445	29.819946	1.820971	0.018200	5.4
278	-0.122482	29.099795	1.847146	0.017066	2.3
279	-0.115135	28.301377	1.877060	0.011258	4.6
280	-0.110259	27.656257	1.901947	0.030593	3.7
281	-0.119862	28.641646	1.864194	0.016752	5.7
282	-0.127319	27.839985	1.894793	0.042073	2.4
283	-0.105137	28.839985	1.856775	0.012825	3.8
284	-0.125156	28.043522	1.886929	0.025539	1.9
285	-0.119695	29.029453	1.849743	0.021308	6.1
286	-0.114735	28.415515	1.872724	0.021228	4.3
287	-0.108416	29.415384	1.835583	0.027226	4.6
288	-0.109904	28.629714	1.864642	0.008878	7.1
289	-0.112344	27.911911	1.892006	0.020172	3.0
290	-0.119814	28.054698	1.886499	0.047128	2.0
291	-0.118584	27.253037	1.917841	0.017285	3.9
292	-0.130535	26.517163	1.947541	0.015467	6.7
293	-0.128829	26.753427	1.937906	0.021412	4.1
294	-0.132736	27.753377	1.898159	0.008666	2.3
295	-0.115064	27.021112	1.927103	0.015771	5.6
296	-0.135607	27.330810	1.914755	0.020957	3.8
297	-0.103408	28.326616	1.876099	0.010855	3.3
298	-0.109011	27.794463	1.896560	0.021283	2.3
299	-0.115144	26.998714	1.928002	0.022193	5.9
300	-0.113610	27.998375	1.888667	0.021888	3.9
301	-0.129654	28.998357	1.850894	0.023599	2.3
302	-0.098860	29.997744	1.814622	0.018283	2.5
303	-0.130286	30.917132	1.782487	0.021215	5.9
304	-0.121600	30.201695	1.807394	0.026809	3.8
305	-0.116040	31.080132	1.776909	0.021830	3.6
306	-0.108233	32.080131	1.743433	0.037112	4.0
307	-0.126819	33.080097	1.711196	0.017800	6.0
308	-0.114901	33.989767	1.682888	0.014644	2.3
309	-0.120987	34.934990	1.654450	0.014439	2.7
310	-0.100322	35.928646	1.625572	0.011866	5.2
311	-0.108669	36.817656	1.600577	0.019452	4.7
312	-0.107796	37.802846	1.573761	0.013679	2.5
313	-0.117697	37.260277	1.588417	0.019098	2.0
314	-0.116878	36.461640	1.610494	0.017171	4.6
315	-0.148439	37.461329	1.582955	0.018555	5.1
316	-0.113421	37.264805	1.588294	0.022559	3.8
317	-0.098932	36.463312	1.610447	0.027693	2.6
318	-0.114883	37.463308	1.582901	0.027641	2.2
319	-0.117999	38.459072	1.556392	0.024188	6.8
320	-0.131940	39.457891	1.530679	0.020801	2.8
321	-0.117455	38.853918	1.546125	0.017483	2.6
322	-0.105037	38.466816	1.556190	0.016179	3.5
323	-0.105299	39.282908	1.535122	0.010953	9.1
324	-0.133641	39.311257	1.534401	0.018774	3.4
325	-0.134641	38.522436	1.554735	0.034352	4.9
326	-0.128413	37.720774	1.575961	0.018224	5.9
327	-0.139801	38.720674	1.549575	0.017663	4.0
328	-0.112257	37.920898	1.570608	0.030601	4.7
329	-0.111155	37.281398	1.587842	0.026154	5.8
330	-0.111623	38.281398	1.561057	0.013464	5.5
331	-0.134194	39.280215	1.535191	0.019565	5.0
332	-0.104641	40.273503	1.510304	0.020705	5.7
333	-0.130486	41.273449	1.486053	0.011448	8.7
334	-0.140309	40.625111	1.501687	0.017206	4.7
335	-0.131001	41.538966	1.479744	0.016176	6.4
336	-0.111093	42.510808	1.457101	0.012195	4.4
337	-0.107363	41.779490	1.474074	0.022757	5.8
338	-0.105031	41.409392	1.482816	0.027566	4.5
339	-0.122243	42.391842	1.459835	0.021392	4.4
340	-0.117702	43.391841	1.437164	0.021680	4.6
341	-0.127488	42.648291	1.453953	0.017242	4.8
342	-0.102633	43.204097	1.441367	0.012099	4.6
343	-0.118732	42.406963	1.459487	0.015614	4.6
344	-0.131716	43.339743	1.438328	0.016877	4.3
345	-0.128291	43.021256	1.445483	0.016311	5.0
346	-0.102118	43.964433	1.424497	0.021305	4.3
347	-0.137218	43.205943	1.441325	0.009006	8.0
348	-0.105871	42.785705	1.450821	0.025621	5.0
349	-0.114303	43.083911	1.444070	0.024359	5.2
350	-0.115389	42.282250	1.462363	0.021384	5.2
351	-0.127217	41.484092	1.481043	0.019351	3.2
352	-0.124517	42.477997	1.457854	0.023690	3.9
353	-0.105622	43.422067	1.436490	0.026229	5.7
354	-0.099548	43.547279	1.433703	0.015156	4.2
355	-0.094917	42.921716	1.447734	0.024219	2.7
356	-0.120387	42.162576	1.465134	0.023679	3.9
357	-0.128364	41.365560	1.483858	0.019576	5.7
358	-0.149597	40.823968	1.496857	0.019873	2.7
359	-0.119145	40.524300	1.504148	0.022753	3.7
360	-0.109148	40.395698	1.507298	0.013086	4.2
361	-0.106359	39.729320	1.523838	0.027627	5.2
362	-0.108913	38.984068	1.542770	0.023858	3.6
363	-0.101852	39.984068	1.517472	0.017846	5.3
364	-0.117547	39.377773	1.532710	0.019200	4.4
365	-0.118027	40.377453	1.507746	0.018181	3.7
366	-0.103735	40.237830	1.511184	0.031421	3.4
367	-0.139712	39.436352	1.531225	0.010109	3.3
368	-0.083762	38.931879	1.544114	0.024346	4.5
369	-0.111679	39.924445	1.518957	0.024879	3.6
370	-0.122191	39.139305	1.538788	0.017120	3.0
371	-0.102273	39.886989	1.519892	0.011092	5.5
372	-0.102086	40.864941	1.495866	0.021276	4.4
373	-0.101094	40.168606	1.512894	0.029939	3.9
374	-0.082853	41.168606	1.488559	0.016549	3.4
375	-0.127841	41.948016	1.470128	0.024500	3.9
376	-0.116071	42.612942	1.454761	0.016766	3.4
377	-0.120825	43.596715	1.432606	0.022181	3.4
378	-0.162290	42.795064	1.450608	0.035100	2.8
379	-0.126769	43.372198	1.437603	0.023291	3.5
380	-0.104570	42.570537	1.455732	0.013748	4.7
381	-0.118240	43.569596	1.433208	0.020849	3.2
382	-0.119270	42.769283	1.451195	0.017277	3.7
383	-0.107371	42.583670	1.455431	0.011962	3.1
384	-0.097606	43.463073	1.435576	0.031378	2.9
385	-0.114286	44.462988	1.413648	0.031786	4.2
386	-0.091326	45.462988	1.392379	0.028020	2.7
387	-0.105130	46.459658	1.371807	0.013667	3.2
388	-0.108826	47.459457	1.351773	0.016379	3.8
389	-0.138625	46.732089	1.366289	0.020459	4.5
390	-0.118895	46.045270	1.380286	0.025947	2.3
391	-0.109483	47.045263	1.360001	0.025627	3.9
392	-0.100287	46.243664	1.376213	0.023984	5.2
393	-0.120391	47.239907	1.356122	0.017080	5.3
394	-0.098202	46.955975	1.361788	0.010068	2.1
395	-0.097210	46.611199	1.368732	0.013933	4.1
396	-0.117854	46.794977	1.365022	0.027004	4.4
397	-0.113851	47.612372	1.348760	0.019428	3.5
398	-0.110018	47.991078	1.341357	0.027828	2.1
399	-0.109980	48.990319	1.322206	0.022881	3.2
400	-0.122970	49.944455	1.304424	0.040708	4.6
401	-0.110072	49.142794	1.319332	0.018834	5.6
402	-0.131971	50.060519	1.302293	0.029354	3.0
403	-0.102560	49.258857	1.317153	0.020800	4.8
404	-0.115340	48.473441	1.332043	0.015517	8.6
405	-0.142996	48.385237	1.333737	0.009951	3.5
406	-0.114026	49.098757	1.320161	0.018376	4.4
407	-0.111658	48.330337	1.334793	0.009769	3.6
408	-0.106338	49.315840	1.316085	0.019826	4.5
409	-0.089577	48.599067	1.329639	0.021944	3.4
410	-0.106832	47.804335	1.344997	0.021776	3.5
411	-0.127092	48.786081	1.326076	0.011840	5.5
412	-0.093663	49.176629	1.318696	0.009940	3.9
413	-0.111174	49.794555	1.307186	0.015580	4.3
414	-0.098302	49.094288	1.320245	0.020758	3.5
415	-0.117940	50.093039	1.301698	0.022118	5.7
416	-0.116766	49.291425	1.316542	0.008106	2.2
417	-0.129696	48.866797	1.324544	0.024756	2.9
418	-0.119152	48.133978	1.338584	0.040462	4.3
419	-0.124044	47.388143	1.353182	0.032123	3.2
420	-0.090642	46.586481	1.369233	0.029787	2.4
421	-0.142029	46.749788	1.365933	0.024209	2.3
422	-0.131610	45.948126	1.382289	0.012978	2.4
423	-0.121198	45.303847	1.395720	0.018106	2.5
424	-0.149439	46.177812	1.377563	0.039668	4.5
425	-0.128057	47.177757	1.357358	0.013264	3.0
426	-0.110750	48.177739	1.337737	0.026913	3.0
427	-0.094961	47.543221	1.350121	0.019174	2.6
428	-0.114802	48.536308	1.330839	0.025947	2.5
429	-0.106519	49.536303	1.311972	0.025953	2.5
430	-0.118423	50.528215	1.293778	0.011249	2.6
431	-0.109137	51.518476	1.276111	0.021641	2.6
432	-0.133827	51.472468	1.276921	0.007318	2.5
433	-0.118468	51.240744	1.281017	0.026221	2.6
434	-0.112295	50.523390	1.293865	0.015785	2.8
435	-0.122688	49.721769	1.308531	0.010230	5.5
436	-0.110158	49.271696	1.316912	0.019118	3.0
437	-0.099162	48.561813	1.330351	0.016177	4.2
438	-0.120850	48.113621	1.338978	0.033675	5.9
439	-0.105855	49.081576	1.320485	0.016843	2.7
440	-0.104313	48.279940	1.335764	0.018653	4.3
441	-0.091548	47.530388	1.350374	0.019733	7.0
442	-0.112153	46.753825	1.365851	0.013321	5.0
443	-0.123480	45.992327	1.381377	0.027612	2.9
444	-0.102491	45.235628	1.397158	0.017826	2.5
445	-0.114617	46.194200	1.377227	0.016963	3.8
446	-0.169784	47.189287	1.357129	0.018459	5.1
447	-0.114928	46.708972	1.366756	0.016556	5.8
448	-0.106741	45.907333	1.383131	0.021893	7.2
449	-0.114196	46.907187	1.362766	0.018731	5.6
450	-0.121040	46.106464	1.379027	0.013747	4.8
451	-0.121328	46.511355	1.370757	0.010709	2.7
452	-0.125980	46.302971	1.375001	0.018504	3.7
453	-0.137436	47.282310	1.355280	0.026957	4.3
454	-0.116510	48.281560	1.335733	0.032977	6.6
455	-0.112432	47.479898	1.351369	0.019698	4.4
456	-0.115170	46.678237	1.367377	0.023819	4.3
457	-0.105593	47.124074	1.358428	0.013617	4.7
458	-0.103187	46.376626	1.373498	0.011233	7.1
459	-0.117584	46.068610	1.379806	0.019861	5.8
460	-0.117243	46.934885	1.362211	0.017845	8.0
461	-0.129426	47.883095	1.343459	0.022096	5.8
462	-0.125852	48.861875	1.324637	0.022756	6.6
463	-0.095952	49.861873	1.305944	0.022620	9.0
464	-0.121012	50.516084	1.293998	0.028635	4.5
465	-0.110688	51.515833	1.276158	0.018583	6.2
466	-0.113986	52.515833	1.258799	0.021397	4.4
467	-0.105818	53.515829	1.241906	0.013308	5.1
468	-0.119886	53.028277	1.250085	0.021424	6.5
469	-0.118431	52.386521	1.261017	0.013961	7.3
470	-0.140828	53.250569	1.246342	0.041260	6.4
471	-0.153878	54.250565	1.229780	0.016101	3.7
472	-0.116530	53.448907	1.243022	0.015211	4.1
473	-0.091833	52.653993	1.256437	0.027699	6.4
474	-0.122237	53.653991	1.239607	0.014392	5.9
475	-0.095107	52.853807	1.253038	0.025540	6.1
476	-0.102211	52.086766	1.266189	0.019009	4.5
477	-0.132000	53.086695	1.249099	0.015625	8.8
478	-0.141114	54.083589	1.232515	0.014297	5.5
479	-0.132701	55.078947	1.216390	0.035727	10.0
480	-0.133698	54.277324	1.229343	0.015194	7.9
481	-0.104164	54.606160	1.223996	0.013813	5.8
482	-0.133083	54.369178	1.227845	0.028425	3.7
483	-0.145836	55.227237	1.214023	0.007540	5.0
484	-0.108128	55.012452	1.217454	0.021986	7.5
485	-0.095044	54.482015	1.226009	0.018357	5.7
486	-0.115067	53.680361	1.239170	0.012192	3.5
487	-0.112713	52.928723	1.251768	0.016611	15.6
488	-0.120370	53.908827	1.235390	0.018099	15.9
489	-0.123946	53.939028	1.234892	0.017375	6.4
490	-0.120151	54.909880	1.219099	0.014601	5.7
491	-0.132192	54.139463	1.231598	0.039345	4.7
492	-0.110870	53.337801	1.244880	0.015514	3.6
493	-0.109022	53.799344	1.237199	0.010888	5.1
494	-0.095715	54.500615	1.225707	0.020009	3.6
495	-0.129537	54.912539	1.219056	0.009398	8.3
496	-0.107628	54.433156	1.226803	0.027616	9.0
497	-0.102583	53.675781	1.239246	0.025380	4.7
498	-0.112369	54.662004	1.223093	0.021224	5.3
499	-0.119506	53.860385	1.236190	0.018916	3.7
Time spent in resolution 0 (ITK initialization and iterating): 2.964 s.
Stopping condition: Maximum number of iterations has been reached.
Settings of AdaptiveStochasticGradientDescent in resolution 0:
( SP_a 92.541637 )
( SP_A 20.000000 )
( SP_alpha 1.000000 )
( SigmoidMax 1.000000 )
( SigmoidMin -0.801662 )
( SigmoidScale 0.000027 )



=============== start of TransformParameterFile ===============
(Transform "EulerTransform")
(NumberOfParameters 6)
(TransformParameters -0.007956 0.003958 0.001914 6.228290 4.459588 10.748394)
(InitialTransformParametersFileName "NoInitialTransform")
(UseBinaryFormatForTransformationParameters "false")
(HowToCombineTransforms "Compose")

// Image specific
(FixedImageDimension 3)
(MovingImageDimension 3)
(FixedInternalImagePixelType "float")
(MovingInternalImagePixelType "float")
(Size 272 320 24)
(Index 0 0 0)
(Spacing 0.7500000000 0.7500000000 3.5000000000)
(Origin -100.8245925903 -84.0968093872 67.4547729492)
(Direction 1.0000000000 0.0000000000 0.0000000000 0.0000000000 1.0000000000 0.0000000000 0.0000000000 0.0000000000 1.0000000000)
(UseDirectionCosines "false")

// EulerTransform specific
(CenterOfRotationPoint 0.8004074097 35.5281906128 107.7047729492)
(ComputeZYX "false")

// ResampleInterpolator specific
(ResampleInterpolator "FinalBSplineInterpolator")
(FinalBSplineInterpolationOrder 3)

// Resampler specific
(Resampler "DefaultResampler")
(DefaultPixelValue 0.000000)
(ResultImageFormat "nii.gz")
(ResultImagePixelType "short")
(CompressResultImage "false")

=============== end of TransformParameterFile ===============

Creating the TransformParameterFile took 0.00s

Registration result checksum: 3662314409

Skipping applying final transform, no resulting output image generated.

Final metric value  = -0.119506
Settings of AdaptiveStochasticGradientDescent for all resolutions:
( SP_a 92.541637 )
( SP_A 20.000000 )
( SP_alpha 1.000000 )
( SigmoidMax 1.000000 )
( SigmoidMin -0.801662 )
( SigmoidScale 0.000027 )

Time spent on saving the results, applying the final transform etc.: 4 ms.
Running elastix with parameter file 0: "/Users/sakinkirti/Programming/Python/CCIPD/racial-disparity-pca/code_matlab/rigid.txt", has finished.


Current time: Mon May 23 08:25:05 2022.
Time used for running elastix with this parameter file:
  3.1s.

-------------------------------------------------------------------------

Total time elapsed: 3.2s.

