
elastix is started at Mon May 23 13:39:33 2022.

which elastix:   /Users/sakinkirti/Programming/Python/CCIPD/racial-disparity-pca/code_matlab/elastix-5.0.0-mac/bin/elastix
elastix runs at: Sakins-MBP.hsd1.ca.comcast.net
  macOS 12.3.1 (x64), 21E258
  with 8192 MB memory, and 2 cores @ 2300 MHz.
-------------------------------------------------------------------------

Running elastix with parameter file 0: "/Users/sakinkirti/Programming/Python/CCIPD/racial-disparity-pca/code_matlab/rigid.txt".

Current time: Mon May 23 13:39:33 2022.
Reading the elastix parameters from file ...

Installing all components.
InstallingComponents was successful.

ELASTIX version: 5.000
Command line options from ElastixBase:
-f        /Users/sakinkirti/Programming/Python/CCIPD/racial-disparity-pca/dataset/to_nifti_cleaned/prostate-000270/T2W.nii.gz
-m        /Users/sakinkirti/Programming/Python/CCIPD/racial-disparity-pca/dataset/to_nifti_cleaned/prostate-000270/ADC.nii.gz
-fMask    unspecified, so no fixed mask used
-mMask    unspecified, so no moving mask used
-out      /Users/sakinkirti/Programming/Python/CCIPD/racial-disparity-pca/dataset/to_nifti_cleaned/prostate-000270/
-p        /Users/sakinkirti/Programming/Python/CCIPD/racial-disparity-pca/code_matlab/rigid.txt
-threads  unspecified, so all available threads are used
Command line options from TransformBase:
-t0       unspecified, so no initial transform used

=============== start of ParameterFile: /Users/sakinkirti/Programming/Python/CCIPD/racial-disparity-pca/code_matlab/rigid.txt ===============
// Example parameter file for rotation registration
// C-style comments: //

// The internal pixel type, used for internal computations
// Leave to float in general. 
// NB: this is not the type of the input images! The pixel 
// type of the input images is automatically read from the 
// images themselves.
// This setting can be changed to "short" to save some memory
// in case of very large 3D images.
(FixedInternalImagePixelType "float")
(MovingInternalImagePixelType "float")

// The dimensions of the fixed and moving image
// Up to elastix 4.5 this had to be specified by the user.
// From elastix 4.6, this is not necessary anymore.
//(FixedImageDimension 3)
//(MovingImageDimension 3)

// Specify whether you want to take into account the so-called
// direction cosines of the images. Recommended: true.
// In some cases, the direction cosines of the image are corrupt,
// due to image format conversions for example. In that case, you 
// may want to set this option to "false".
(UseDirectionCosines "false")

// **************** Main Components **************************

// The following components should usually be left as they are:
(Registration "MultiResolutionRegistration")
(Interpolator "BSplineInterpolator")
(ResampleInterpolator "FinalBSplineInterpolator")
(Resampler "DefaultResampler")

// These may be changed to Fixed/MovingSmoothingImagePyramid.
// See the manual.
(FixedImagePyramid "FixedRecursiveImagePyramid")
(MovingImagePyramid "MovingRecursiveImagePyramid")

// The following components are most important:
// The optimizer AdaptiveStochasticGradientDescent (ASGD) works
// quite ok in general. The Transform and Metric are important
// and need to be chosen careful for each application. See manual.
(Optimizer "AdaptiveStochasticGradientDescent")
(Transform "EulerTransform")
(Metric "AdvancedMattesMutualInformation")

// ***************** Transformation **************************

// Scales the rotations compared to the translations, to make
// sure they are in the same range. In general, it's best to  
// use automatic scales estimation:
(AutomaticScalesEstimation "true")

// Automatically guess an initial translation by aligning the
// geometric centers of the fixed and moving.
(AutomaticTransformInitialization "true")

// Whether transforms are combined by composition or by addition.
// In generally, Compose is the best option in most cases.
// It does not influence the results very much.
(HowToCombineTransforms "Compose")

// ******************* Similarity measure *********************

// Number of grey level bins in each resolution level,
// for the mutual information. 16 or 32 usually works fine.
// You could also employ a hierarchical strategy:
//(NumberOfHistogramBins 16 32 64)
(NumberOfHistogramBins 32)

// If you use a mask, this option is important. 
// If the mask serves as region of interest, set it to false.
// If the mask indicates which pixels are valid, then set it to true.
// If you do not use a mask, the option doesn't matter.
(ErodeMask "false")

// ******************** Multiresolution **********************

// The number of resolutions. 1 Is only enough if the expected
// deformations are small. 3 or 4 mostly works fine. For large
// images and large deformations, 5 or 6 may even be useful.
(NumberOfResolutions 1)

// The downsampling/blurring factors for the image pyramids.
// By default, the images are downsampled by a factor of 2
// compared to the next resolution.
// So, in 2D, with 4 resolutions, the following schedule is used:
//(ImagePyramidSchedule 8 8  4 4  2 2  1 1 )
// And in 3D:
//(ImagePyramidSchedule 8 8 8  4 4 4  2 2 2  1 1 1 )
// You can specify any schedule, for example:
//(ImagePyramidSchedule 4 4  4 3  2 1  1 1 )
// Make sure that the number of elements equals the number
// of resolutions times the image dimension.

// ******************* Optimizer ****************************

// Maximum number of iterations in each resolution level:
// 200-500 works usually fine for rigid registration.
// For more robustness, you may increase this to 1000-2000.
(MaximumNumberOfIterations 500)

// The step size of the optimizer, in mm. By default the voxel size is used.
// which usually works well. In case of unusual high-resolution images
// (eg histology) it is necessary to increase this value a bit, to the size
// of the "smallest visible structure" in the image:
//(MaximumStepLength 1.0)

// **************** Image sampling **********************

// Number of spatial samples used to compute the mutual
// information (and its derivative) in each iteration.
// With an AdaptiveStochasticGradientDescent optimizer,
// in combination with the two options below, around 2000
// samples may already suffice.
(NumberOfSpatialSamples 2000)

// Refresh these spatial samples in every iteration, and select
// them randomly. See the manual for information on other sampling
// strategies.
(NewSamplesEveryIteration "true")
(ImageSampler "Random")

// ************* Interpolation and Resampling ****************

// Order of B-Spline interpolation used during registration/optimisation.
// It may improve accuracy if you set this to 3. Never use 0.
// An order of 1 gives linear interpolation. This is in most 
// applications a good choice.
(BSplineInterpolationOrder 1)

// Order of B-Spline interpolation used for applying the final
// deformation.
// 3 gives good accuracy; recommended in most cases.
// 1 gives worse accuracy (linear interpolation)
// 0 gives worst accuracy, but is appropriate for binary images
// (masks, segmentations); equivalent to nearest neighbor interpolation.
(FinalBSplineInterpolationOrder 3)

//Default pixel value for pixels that come from outside the picture:
(DefaultPixelValue 0)

// Choose whether to generate the deformed moving image.
// You can save some time by setting this to false, if you are
// only interested in the final (nonrigidly) deformed moving image
// for example.
(WriteResultImage "false")

// The pixel type and format of the resulting deformed moving image
(ResultImagePixelType "short")
(ResultImageFormat "nii.gz")




=============== end of ParameterFile: /Users/sakinkirti/Programming/Python/CCIPD/racial-disparity-pca/code_matlab/rigid.txt ===============


Reading images...
Reading images took 127 ms.

WARNING: the fixed pyramid schedule is not fully specified!
  A default pyramid schedule is used.
WARNING: the moving pyramid schedule is not fully specified!
  A default pyramid schedule is used.
WARNING: The parameter "AutomaticTransformInitializationMethod", requested at entry number 0, does not exist at all.
  The default value "GeometricalCenter" is used instead.
Transform parameters are initialized as: [0, 0, 0, -4.743507385253906, 7.744419097900391, -2.6539535522460938]
Scales are estimated automatically.
Scales for transform parameters are: [2815.97265625, 2815.97265625, 4331.4453125, 1, 1, 1]
Initialization of all components (before registration) took: 13 ms.
Preparation of the image pyramids took: 14 ms.

Resolution: 0
WARNING: The parameter "ShowExactMetricValue", requested at entry number 0, does not exist at all.
  The default value "false" is used instead.
WARNING: The parameter "CheckNumberOfSamples", requested at entry number 0, does not exist at all.
  The default value "true" is used instead.
WARNING: The parameter "UseMultiThreadingForMetrics", requested at entry number 0, does not exist at all.
  The default value "true" is used instead.
Setting the fixed masks took: 0 ms.
Setting the moving masks took: 0 ms.
WARNING: The parameter "NumberOfFixedHistogramBins", requested at entry number 0, does not exist at all.
  The default value "32" is used instead.
WARNING: The parameter "NumberOfMovingHistogramBins", requested at entry number 0, does not exist at all.
  The default value "32" is used instead.
WARNING: The parameter "FixedLimitRangeRatio", requested at entry number 0, does not exist at all.
  The default value "0.01" is used instead.
WARNING: The parameter "MovingLimitRangeRatio", requested at entry number 0, does not exist at all.
  The default value "0.01" is used instead.
WARNING: The parameter "FixedKernelBSplineOrder", requested at entry number 0, does not exist at all.
  The default value "0" is used instead.
WARNING: The parameter "MovingKernelBSplineOrder", requested at entry number 0, does not exist at all.
  The default value "3" is used instead.
WARNING: The parameter "UseFastAndLowMemoryVersion", requested at entry number 0, does not exist at all.
  The default value "true" is used instead.
WARNING: The parameter "UseJacobianPreconditioning", requested at entry number 0, does not exist at all.
  The default value "false" is used instead.
WARNING: The parameter "FiniteDifferenceDerivative", requested at entry number 0, does not exist at all.
  The default value "false" is used instead.
WARNING: The parameter "SP_A", requested at entry number 0, does not exist at all.
  The default value "20" is used instead.
WARNING: The parameter "MaximumNumberOfSamplingAttempts", requested at entry number 0, does not exist at all.
  The default value "0" is used instead.
WARNING: The parameter "SigmoidInitialTime", requested at entry number 0, does not exist at all.
  The default value "0" is used instead.
WARNING: The parameter "MaxBandCovSize", requested at entry number 0, does not exist at all.
  The default value "192" is used instead.
WARNING: The parameter "NumberOfBandStructureSamples", requested at entry number 0, does not exist at all.
  The default value "10" is used instead.
WARNING: The parameter "UseAdaptiveStepSizes", requested at entry number 0, does not exist at all.
  The default value "true" is used instead.
WARNING: The parameter "AutomaticParameterEstimation", requested at entry number 0, does not exist at all.
  The default value "true" is used instead.
WARNING: The parameter "UseConstantStep", requested at entry number 0, does not exist at all.
  The default value "false" is used instead.
WARNING: The parameter "MaximumStepLengthRatio", requested at entry number 0, does not exist at all.
  The default value "1" is used instead.
WARNING: The parameter "MaximumStepLength", requested at entry number 0, does not exist at all.
  The default value "0.6875" is used instead.
WARNING: The parameter "NumberOfGradientMeasurements", requested at entry number 0, does not exist at all.
  The default value "0" is used instead.
WARNING: The parameter "NumberOfJacobianMeasurements", requested at entry number 0, does not exist at all.
  The default value "1000" is used instead.
WARNING: The parameter "NumberOfSamplesForExactGradient", requested at entry number 0, does not exist at all.
  The default value "100000" is used instead.
WARNING: The parameter "SigmoidScaleFactor", requested at entry number 0, does not exist at all.
  The default value "0.1" is used instead.
Elastix initialization of all components (for this resolution) took: 1 ms.
  Computing the fixed image extrema took 8 ms.
  Computing the moving image extrema took 9 ms.
Initialization of AdvancedMattesMutualInformation metric took: 94 ms.
Starting automatic parameter estimation for AdaptiveStochasticGradientDescent ...
WARNING: The parameter "ASGDParameterEstimationMethod", requested at entry number 0, does not exist at all.
  The default value "Original" is used instead.
  Computing JacobianTerms ...
  Computing the Jacobian terms took 0.003312s
  NumberOfGradientMeasurements to estimate sigma_i: 6
  Sampling gradients ...
  Sampling the gradients took 0.735282s
Automatic parameter estimation took 0.74s
1:ItNr	2:Metric	3a:Time	3b:StepSize	4:||Gradient||	Time[ms]
0	-0.112015	0.000000	4.881868	0.007690	839.2
1	-0.105660	0.000000	4.881868	0.006334	11.4
2	-0.112290	0.000000	4.881868	0.013574	4.7
3	-0.095861	0.000000	4.881868	0.022232	11.1
4	-0.104741	0.961799	4.668071	0.012219	4.3
5	-0.112897	1.961799	4.464774	0.006272	3.4
6	-0.115381	2.945116	4.281426	0.009347	4.5
7	-0.102236	3.713674	4.148280	0.015355	3.0
8	-0.096746	4.713641	3.986959	0.014461	8.5
9	-0.099634	5.713641	3.837711	0.033233	5.2
10	-0.102214	4.770474	3.978167	0.014458	4.3
11	-0.111930	3.827307	4.129293	0.014766	9.7
12	-0.112589	4.138620	4.078157	0.011934	4.3
13	-0.110249	4.576696	4.008307	0.013240	8.1
14	-0.098362	5.576695	3.857486	0.015945	4.9
15	-0.119418	4.633559	3.999415	0.009469	4.7
16	-0.120337	4.963776	3.948549	0.008893	11.0
17	-0.114992	5.943545	3.804965	0.007860	3.2
18	-0.105435	5.002264	3.942704	0.015280	10.7
19	-0.106328	4.059157	4.091089	0.022170	16.3
20	-0.114213	3.115990	4.251090	0.008352	4.5
21	-0.110213	2.315664	4.397011	0.018334	10.3
22	-0.103343	3.315469	4.216215	0.016763	4.6
23	-0.115883	2.372303	4.386356	0.019571	13.0
24	-0.109302	1.429138	4.570806	0.010662	13.1
25	-0.119253	0.485972	4.771450	0.009783	5.5
26	-0.114698	1.474270	4.561627	0.012890	12.8
27	-0.100598	0.622379	4.741349	0.009247	5.1
28	-0.120543	1.621421	4.531954	0.018634	9.7
29	-0.115633	0.678316	4.729114	0.007223	5.6
30	-0.125716	0.000000	4.881868	0.026399	14.4
31	-0.127593	0.999955	4.659975	0.017646	11.3
32	-0.133585	1.999955	4.457367	0.009371	4.8
33	-0.097819	2.926059	4.284836	0.013684	14.6
34	-0.117680	1.982896	4.460675	0.008476	12.2
35	-0.094971	1.057181	4.647885	0.012644	5.4
36	-0.128120	0.135466	4.850578	0.015026	17.3
37	-0.100367	1.135440	4.631452	0.020728	11.3
38	-0.109285	2.135439	4.431264	0.014414	17.1
39	-0.134053	1.192273	4.619592	0.007807	11.7
40	-0.120879	0.249185	4.824620	0.018634	7.0
41	-0.126529	1.249153	4.607782	0.029389	15.3
42	-0.114051	2.249153	4.409590	0.011794	11.3
43	-0.132252	3.245868	4.228318	0.018755	7.6
44	-0.096833	4.245866	4.060833	0.011699	21.9
45	-0.090948	3.302705	4.218429	0.013824	6.8
46	-0.120748	4.268936	4.057125	0.012938	16.4
47	-0.113913	3.325769	4.214429	0.020670	13.2
48	-0.084755	4.325769	4.048021	0.007850	12.1
49	-0.115571	3.382603	4.204606	0.004755	9.9
50	-0.133407	4.351315	4.043942	0.010442	11.4
51	-0.120823	5.231105	3.908308	0.009106	20.3
52	-0.105695	4.901087	3.958106	0.014524	15.5
53	-0.125457	3.971298	4.105483	0.011679	17.7
54	-0.109729	3.904471	4.116499	0.010792	12.7
55	-0.094090	3.147195	4.245596	0.008468	15.0
56	-0.105615	2.205537	4.417878	0.010499	7.7
57	-0.110629	1.262464	4.605026	0.010333	11.7
58	-0.102905	1.975396	4.462131	0.010693	14.7
59	-0.098250	2.975249	4.276045	0.022214	13.4
60	-0.097203	2.032082	4.451149	0.015045	7.9
61	-0.103994	3.032082	4.265932	0.018833	14.3
62	-0.093675	4.030547	4.095765	0.012230	11.9
63	-0.106436	3.087380	4.256139	0.010624	12.4
64	-0.099067	2.148042	4.428851	0.008875	10.8
65	-0.101400	1.278293	4.601755	0.020048	6.8
66	-0.094624	0.335127	4.805185	0.022526	14.4
67	-0.116721	1.335127	4.590045	0.008196	14.9
68	-0.115936	2.335127	4.393344	0.020370	7.1
69	-0.109358	3.243498	4.228731	0.017804	12.4
70	-0.109437	4.243498	4.061214	0.006728	12.6
71	-0.117973	3.359723	4.208555	0.017687	6.2
72	-0.112749	2.533948	4.356228	0.022920	15.4
73	-0.140656	1.590781	4.538101	0.007097	10.8
74	-0.122561	0.661820	4.732716	0.008694	5.7
75	-0.118542	1.642343	4.527766	0.012233	14.2
76	-0.127937	0.700075	4.724373	0.015763	12.9
77	-0.103238	1.627265	4.530783	0.014103	6.7
78	-0.130229	0.684098	4.727853	0.007581	14.2
79	-0.118380	0.000000	4.881868	0.015784	9.7
80	-0.108365	0.810887	4.700370	0.019636	5.8
81	-0.112237	0.000000	4.881868	0.009754	14.0
82	-0.124985	0.999620	4.660046	0.012942	6.8
83	-0.088054	1.853708	4.485891	0.017237	7.8
84	-0.108255	0.910541	4.678992	0.010931	13.4
85	-0.123372	1.910541	4.474763	0.010667	7.9
86	-0.115514	1.550946	4.546117	0.021143	10.8
87	-0.116776	0.607780	4.744552	0.007024	14.9
88	-0.104753	0.000000	4.881868	0.013780	10.6
89	-0.127111	0.999981	4.659969	0.019575	7.5
90	-0.123210	1.999981	4.457362	0.016469	15.7
91	-0.120325	2.999981	4.271638	0.011247	25.4
92	-0.110393	2.056827	4.446372	0.018161	6.7
93	-0.122434	1.113660	4.636014	0.019253	15.3
94	-0.116460	0.170494	4.842553	0.012484	19.1
95	-0.116389	0.000000	4.881868	0.013918	14.7
96	-0.104976	0.000000	4.881868	0.006576	18.1
97	-0.105117	0.000000	4.881868	0.018599	10.4
98	-0.109600	0.999328	4.660108	0.021928	8.6
99	-0.117194	0.056161	4.868847	0.014466	8.1
100	-0.100335	1.056161	4.648100	0.011127	9.2
101	-0.133243	2.053134	4.447085	0.012636	9.3
102	-0.104949	3.053133	4.262199	0.016235	13.8
103	-0.111039	4.053127	4.092073	0.006125	12.5
104	-0.116718	4.333508	4.046784	0.022684	6.5
105	-0.134707	4.339214	4.045873	0.006125	8.0
106	-0.128811	5.339206	3.892268	0.019911	10.9
107	-0.105034	6.339206	3.749898	0.019165	7.0
108	-0.116315	6.256136	3.761327	0.011669	13.3
109	-0.103213	5.312969	3.896149	0.014322	12.0
110	-0.090272	6.285736	3.757247	0.011211	7.4
111	-0.119217	7.285730	3.624416	0.009989	15.7
112	-0.121388	8.217643	3.508813	0.010027	10.8
113	-0.126352	8.242390	3.505843	0.007512	7.5
114	-0.089699	8.382300	3.489149	0.008084	8.0
115	-0.115180	9.373421	3.375294	0.021536	11.3
116	-0.103559	8.430259	3.483464	0.009508	17.7
117	-0.130110	7.487092	3.598796	0.012048	19.0
118	-0.108934	8.474497	3.478235	0.020625	17.8
119	-0.107457	9.474235	3.364128	0.014135	14.9
120	-0.115659	10.474212	3.257246	0.017454	18.1
121	-0.110411	11.473778	3.156985	0.022997	10.0
122	-0.107482	12.473778	3.062673	0.014963	14.7
123	-0.124567	11.530612	3.151470	0.005745	8.3
124	-0.103286	11.061998	3.197531	0.005025	11.2
125	-0.115777	11.423701	3.161861	0.009374	13.7
126	-0.127222	10.728149	3.231176	0.012419	12.8
127	-0.118127	11.716300	3.133583	0.007032	8.3
128	-0.114390	12.223581	3.085737	0.015515	16.1
129	-0.102167	11.280695	3.175868	0.017443	11.3
130	-0.119390	12.280672	3.080444	0.021632	18.0
131	-0.121719	11.337505	3.170289	0.014872	16.3
132	-0.104917	10.394479	3.265518	0.017961	15.3
133	-0.115089	9.451312	3.366661	0.019010	13.3
134	-0.101951	10.451312	3.259617	0.015020	8.7
135	-0.112099	11.448820	3.159413	0.014659	20.0
136	-0.145601	12.448820	3.064958	0.022087	9.0
137	-0.099953	13.448820	2.975987	0.006826	13.8
138	-0.114938	14.273715	2.906392	0.012873	13.5
139	-0.135962	15.138353	2.836854	0.011576	7.8
140	-0.129687	15.474122	2.810739	0.017249	13.0
141	-0.111963	14.616968	2.878382	0.011318	13.6
142	-0.119052	13.673801	2.956677	0.016101	14.1
143	-0.107295	12.730650	3.039350	0.010637	12.6
144	-0.104936	13.730369	2.951861	0.016782	8.9
145	-0.125468	14.730305	2.869252	0.010301	18.3
146	-0.114419	14.560710	2.882936	0.015625	13.5
147	-0.131159	13.617544	2.961482	0.016305	15.3
148	-0.120307	12.674378	3.044429	0.009997	12.9
149	-0.114672	11.731215	3.132155	0.019272	13.9
150	-0.124861	10.791565	3.224731	0.017043	14.8
151	-0.125058	9.848398	3.323325	0.018805	6.8
152	-0.100257	8.905231	3.428137	0.020566	14.6
153	-0.124438	7.962065	3.539777	0.015717	12.5
154	-0.122345	7.018898	3.658932	0.012471	8.0
155	-0.109790	7.857531	3.552599	0.006154	14.7
156	-0.115479	6.915269	3.672515	0.015803	13.9
157	-0.114943	7.885232	3.549192	0.011290	17.3
158	-0.106970	6.942066	3.668993	0.008834	13.8
159	-0.125461	7.940765	3.542382	0.011360	11.9
160	-0.099381	7.198978	3.635566	0.017133	15.3
161	-0.117179	6.255811	3.761372	0.011240	8.0
162	-0.116021	5.312656	3.896195	0.014561	16.4
163	-0.101076	4.369489	4.041045	0.022622	11.2
164	-0.134600	3.426323	4.197080	0.013224	19.0
165	-0.132860	2.682635	4.328878	0.008029	19.0
166	-0.145792	2.118812	4.434451	0.013825	17.5
167	-0.104863	3.112112	4.251773	0.013332	16.2
168	-0.137254	4.112111	4.082462	0.011875	14.4
169	-0.122626	5.111762	3.926171	0.013587	12.9
170	-0.141663	4.170799	4.072943	0.010352	17.1
171	-0.106979	3.726665	4.146100	0.012973	13.6
172	-0.115142	2.857562	4.297138	0.010092	12.8
173	-0.103013	1.920395	4.472839	0.014431	17.3
174	-0.101085	2.876370	4.293753	0.013919	12.5
175	-0.105291	1.933256	4.470331	0.018433	18.9
176	-0.103127	0.990091	4.662065	0.017667	17.1
177	-0.108201	0.118912	4.854381	0.018289	12.6
178	-0.115145	1.118912	4.634913	0.010382	17.1
179	-0.103735	0.175746	4.841352	0.006899	14.6
180	-0.133112	0.645267	4.736335	0.029599	15.0
181	-0.127956	0.000000	4.881868	0.013857	14.5
182	-0.121698	0.000000	4.881868	0.009634	14.2
183	-0.119712	0.355753	4.800544	0.009937	12.6
184	-0.115476	0.000000	4.881868	0.012000	11.7
185	-0.115104	0.000000	4.881868	0.016169	21.6
186	-0.119317	1.000000	4.659965	0.008724	11.2
187	-0.129785	0.056833	4.868692	0.013193	20.1
188	-0.125459	0.000000	4.881868	0.014386	8.6
189	-0.129826	0.916516	4.677716	0.017823	14.8
190	-0.121429	0.000000	4.881868	0.010005	12.8
191	-0.113461	0.000000	4.881868	0.003240	15.4
192	-0.119687	0.866492	4.688417	0.016466	13.0
193	-0.127886	0.000000	4.881868	0.008130	8.6
194	-0.103832	0.928839	4.675087	0.018401	14.9
195	-0.111531	1.255851	4.606395	0.014772	12.5
196	-0.129920	2.065670	4.444668	0.010919	12.8
197	-0.140519	3.065632	4.259985	0.018488	15.4
198	-0.106797	4.065632	4.090032	0.010345	7.1
199	-0.133240	5.065632	3.933119	0.009928	30.3
200	-0.115033	4.122748	4.080733	0.012435	18.6
201	-0.114610	5.121171	3.924757	0.013659	14.4
202	-0.141089	6.121171	3.780045	0.019314	16.9
203	-0.124964	5.178258	3.916198	0.009825	14.3
204	-0.143906	6.164721	3.773985	0.006167	9.9
205	-0.095251	7.095606	3.648942	0.012808	20.2
206	-0.123729	7.857055	3.552658	0.009226	20.9
207	-0.123649	8.624042	3.460677	0.010532	14.3
208	-0.114876	7.680883	3.574480	0.008719	20.7
209	-0.122269	8.646994	3.457998	0.009343	14.1
210	-0.105530	7.704562	3.571531	0.009557	18.9
211	-0.129512	6.766245	3.692226	0.008959	14.6
212	-0.140609	6.981401	3.663835	0.015701	13.1
213	-0.148572	7.981398	3.537415	0.020493	11.5
214	-0.129982	7.120784	3.645675	0.011423	8.2
215	-0.133571	7.671285	3.575676	0.015314	13.3
216	-0.118373	8.598606	3.463651	0.009095	11.1
217	-0.118085	9.593800	3.350981	0.017876	8.5
218	-0.111004	8.665225	3.455873	0.011659	13.3
219	-0.113763	7.722058	3.569356	0.013761	11.1
220	-0.095893	8.722058	3.449264	0.011992	8.0
221	-0.125815	7.778893	3.562306	0.016611	16.5
222	-0.127324	6.835921	3.682984	0.011737	13.6
223	-0.130227	7.834460	3.555442	0.013237	20.0
224	-0.123942	6.891293	3.675672	0.010542	13.7
225	-0.106597	7.891292	3.548448	0.014343	24.2
226	-0.131524	8.891118	3.429756	0.013977	8.0
227	-0.130646	9.885262	3.319358	0.015747	25.5
228	-0.131245	8.942095	3.423917	0.010372	20.1
229	-0.129532	9.900303	3.317742	0.022816	13.2
230	-0.138646	8.957136	3.422198	0.021593	8.9
231	-0.116684	8.013969	3.533444	0.010774	21.5
232	-0.125797	7.070861	3.652159	0.013509	10.2
233	-0.141104	6.127783	3.779123	0.011783	24.3
234	-0.101549	5.185066	3.915180	0.011152	14.2
235	-0.120310	6.184878	3.771186	0.011556	17.7
236	-0.116319	5.389864	3.884796	0.018435	17.1
237	-0.113509	6.389864	3.742963	0.009837	14.0
238	-0.124840	5.446698	3.876448	0.010680	8.4
239	-0.122008	4.698208	3.989354	0.018019	14.8
240	-0.117188	5.698207	3.839930	0.006485	13.2
241	-0.108306	5.118001	3.925233	0.013995	16.6
242	-0.139767	4.575243	4.008534	0.011374	12.7
243	-0.102781	5.556360	3.860440	0.012204	15.4
244	-0.117341	6.548650	3.721389	0.007137	14.3
245	-0.127982	5.951635	3.803823	0.012962	6.5
246	-0.111385	6.930600	3.670499	0.005220	23.1
247	-0.108067	7.804473	3.559143	0.013776	8.8
248	-0.123138	8.277348	3.501657	0.013575	16.5
249	-0.097730	9.274681	3.386303	0.014645	13.5
250	-0.119577	10.237007	3.281980	0.015738	28.4
251	-0.113194	9.293841	3.384161	0.017197	15.4
252	-0.126906	10.293504	3.276055	0.018991	22.0
253	-0.131124	11.293504	3.174609	0.010350	25.5
254	-0.112302	10.350337	3.270116	0.020594	17.6
255	-0.119888	9.407171	3.371548	0.007477	16.6
256	-0.119513	10.407168	3.264199	0.009878	15.4
257	-0.117321	9.464988	3.365149	0.008420	17.6
258	-0.129158	8.623650	3.460723	0.010193	16.1
259	-0.156147	8.749941	3.446032	0.010619	17.6
260	-0.138300	7.809585	3.558511	0.014500	22.8
261	-0.137449	8.774406	3.443200	0.013350	21.8
262	-0.118602	7.903852	3.546906	0.010691	14.3
263	-0.120075	8.259412	3.503804	0.018488	18.0
264	-0.113267	8.355961	3.492280	0.014962	16.5
265	-0.124231	7.412794	3.608207	0.014184	15.8
266	-0.113536	6.469628	3.732094	0.020624	12.8
267	-0.117857	5.526461	3.864791	0.015899	10.6
268	-0.123097	6.526461	3.724389	0.008310	11.3
269	-0.134928	6.386512	3.743421	0.017305	9.9
270	-0.125805	5.488195	3.870375	0.011493	17.6
271	-0.130219	4.549663	4.012547	0.020821	11.2
272	-0.129411	5.549663	3.861414	0.005412	18.3
273	-0.127878	6.547145	3.721592	0.013102	14.5
274	-0.111920	7.344240	3.616934	0.013419	17.0
275	-0.139530	8.344043	3.493698	0.017817	14.8
276	-0.120774	9.233332	3.390934	0.018822	13.9
277	-0.123776	10.233329	3.282367	0.018123	15.8
278	-0.107632	9.290167	3.384571	0.010389	16.2
279	-0.114147	10.290137	3.276407	0.021436	15.4
280	-0.119323	11.289108	3.175041	0.018011	8.7
281	-0.104380	12.289108	3.079663	0.009180	20.2
282	-0.109307	11.870434	3.118889	0.018608	8.6
283	-0.114743	11.443129	3.159968	0.013086	8.9
284	-0.122692	10.499963	3.254583	0.014368	7.6
285	-0.132903	9.556796	3.355039	0.018276	9.6
286	-0.132410	8.617685	3.461420	0.007924	8.4
287	-0.136397	9.554725	3.355266	0.028815	9.7
288	-0.133259	8.611558	3.462136	0.007921	10.8
289	-0.115519	7.668520	3.576021	0.011118	7.5
290	-0.127509	6.727754	3.697351	0.006651	11.3
291	-0.140441	6.806753	3.686847	0.009925	10.8
292	-0.103178	6.468009	3.732314	0.014118	20.0
293	-0.116352	5.582282	3.856676	0.016773	88.8
294	-0.103195	4.639115	3.998548	0.004371	31.0
295	-0.129097	3.777127	4.137656	0.011388	10.6
296	-0.137597	4.735237	3.983613	0.017614	16.3
297	-0.114769	3.803903	4.133190	0.012444	12.6
298	-0.124387	4.803903	3.973013	0.013213	16.3
299	-0.132547	5.803903	3.824788	0.011450	14.7
300	-0.127817	4.860802	3.964271	0.011276	8.5
301	-0.126725	3.918231	4.114226	0.010179	14.2
302	-0.122970	4.591161	4.006041	0.007565	11.3
303	-0.112042	5.590871	3.855430	0.014631	34.3
304	-0.132395	6.558236	3.720094	0.008431	16.1
305	-0.130710	7.554635	3.590284	0.013852	12.2
306	-0.107969	7.886372	3.549052	0.014438	8.3
307	-0.120778	8.886364	3.430301	0.016876	14.4
308	-0.138031	8.961540	3.421695	0.019307	11.5
309	-0.122826	8.018373	3.532908	0.014877	13.1
310	-0.131578	9.003084	3.416957	0.013744	16.3
311	-0.122902	10.003084	3.306743	0.016241	14.4
312	-0.136115	11.003000	3.203426	0.010353	8.7
313	-0.125340	10.172525	3.288769	0.019631	24.1
314	-0.113546	9.231408	3.391150	0.014075	19.6
315	-0.128293	8.288242	3.500355	0.021161	15.4
316	-0.118050	9.288242	3.384787	0.015688	16.5
317	-0.137195	8.345075	3.493576	0.020993	16.7
318	-0.126482	9.345075	3.378447	0.009967	21.3
319	-0.132007	9.160917	3.399076	0.005503	12.4
320	-0.153877	10.155050	3.290614	0.015425	31.0
321	-0.139789	11.105667	3.193182	0.021345	22.1
322	-0.108846	10.162500	3.289827	0.012269	14.1
323	-0.141588	9.219334	3.392505	0.017378	18.7
324	-0.112491	8.276167	3.501799	0.013373	13.3
325	-0.126548	7.333000	3.618369	0.011933	20.7
326	-0.125039	6.389844	3.742965	0.012456	11.7
327	-0.135792	7.305364	3.621901	0.014364	17.7
328	-0.118703	6.366496	3.746159	0.016139	15.7
329	-0.147704	7.365943	3.614166	0.010528	24.4
330	-0.131307	6.531451	3.723714	0.017230	8.3
331	-0.150421	7.531451	3.593201	0.018079	18.5
332	-0.100404	8.531451	3.471527	0.016016	16.1
333	-0.113870	7.588284	3.586058	0.014933	6.5
334	-0.136876	6.645121	3.708402	0.013538	15.9
335	-0.134106	5.701955	3.839391	0.011144	15.3
336	-0.106881	4.758788	3.979971	0.014963	17.5
337	-0.133485	4.330724	4.047229	0.011311	13.0
338	-0.136423	5.324918	3.894380	0.014952	17.1
339	-0.137701	6.324918	3.751859	0.011676	13.0
340	-0.136372	7.324918	3.619401	0.007745	9.1
341	-0.137780	6.517629	3.725584	0.007606	21.0
342	-0.116269	7.363130	3.614525	0.026565	6.1
343	-0.124222	6.420472	3.738785	0.014302	16.1
344	-0.125833	5.477306	3.871966	0.015648	15.6
345	-0.113028	4.543036	4.013588	0.013857	15.9
346	-0.139568	5.543036	3.862378	0.014673	13.0
347	-0.131958	4.621805	4.001250	0.014770	7.8
348	-0.103281	3.678639	4.154169	0.011413	23.8
349	-0.113898	4.678639	3.992394	0.008133	14.4
350	-0.129622	5.284933	3.900304	0.017114	16.8
351	-0.121706	6.284907	3.757361	0.013466	11.8
352	-0.119139	5.341740	3.891893	0.020054	21.1
353	-0.137474	4.398574	4.036417	0.021766	17.2
354	-0.128304	5.316045	3.895693	0.017438	16.0
355	-0.135511	6.316045	3.753078	0.010294	16.2
356	-0.127533	5.454031	3.875373	0.006890	15.7
357	-0.117287	6.203823	3.768560	0.013613	15.9
358	-0.115681	5.297675	3.898414	0.008268	16.7
359	-0.119802	4.354663	4.043408	0.017125	17.2
360	-0.125539	3.411496	4.199629	0.013681	17.9
361	-0.128963	2.477963	4.366615	0.013951	27.8
362	-0.120272	3.477960	4.188226	0.008282	19.4
363	-0.136132	2.534805	4.356069	0.006857	15.2
364	-0.122275	3.511794	4.182445	0.007521	20.1
365	-0.130724	3.864461	4.123123	0.016315	12.9
366	-0.132989	4.864461	3.963711	0.026581	17.1
367	-0.112803	3.921294	4.113720	0.015291	20.5
368	-0.140947	2.978127	4.275531	0.016812	25.9
369	-0.143557	2.034960	4.450593	0.022100	23.1
370	-0.145809	1.091794	4.640603	0.017450	24.9
371	-0.120369	0.149721	4.847309	0.014441	16.6
372	-0.125787	0.452458	4.778904	0.022674	20.2
373	-0.119100	0.000000	4.881868	0.017216	17.1
374	-0.112729	0.000000	4.881868	0.013884	23.1
375	-0.111151	0.906653	4.679822	0.007360	8.7
376	-0.110263	1.884725	4.479811	0.020307	24.9
377	-0.112679	0.941558	4.672377	0.017471	20.3
378	-0.135297	1.941558	4.468713	0.020472	14.4
379	-0.108022	2.941558	4.282062	0.016328	17.8
380	-0.121905	1.998392	4.457670	0.018013	14.7
381	-0.137301	2.998368	4.271925	0.018307	16.9
382	-0.129180	2.055202	4.446686	0.022358	14.5
383	-0.141242	1.112035	4.636355	0.009488	28.0
384	-0.119659	0.186470	4.838901	0.009165	8.8
385	-0.132800	0.679271	4.728906	0.009379	26.6
386	-0.106475	0.000000	4.881868	0.008978	30.9
387	-0.132775	0.502380	4.767809	0.008803	23.2
388	-0.137407	1.457019	4.565131	0.020549	11.3
389	-0.127207	0.513852	4.765266	0.014504	19.2
390	-0.136044	1.513782	4.553621	0.011292	13.7
391	-0.132870	0.570615	4.752727	0.028186	19.9
392	-0.145177	0.000000	4.881868	0.023238	12.9
393	-0.126028	0.000000	4.881868	0.027254	14.8
394	-0.120957	0.000000	4.881868	0.014465	13.0
395	-0.111725	0.904002	4.680388	0.015046	17.1
396	-0.139267	1.904002	4.476040	0.010551	16.5
397	-0.116583	2.706977	4.324433	0.005586	15.5
398	-0.121722	2.443438	4.373046	0.013797	16.4
399	-0.130445	3.164223	4.242604	0.020053	16.9
400	-0.134361	4.164223	4.074008	0.004856	19.9
401	-0.141114	5.164220	3.918299	0.008088	46.2
402	-0.113143	5.098340	3.928190	0.012760	33.0
403	-0.133373	6.033526	3.792300	0.010323	15.3
404	-0.128415	5.153957	3.919837	0.016034	18.5
405	-0.125424	6.003812	3.796473	0.013010	18.4
406	-0.115166	5.060645	3.933872	0.012356	23.4
407	-0.124464	4.122463	4.080780	0.014458	7.6
408	-0.152543	3.179297	4.239959	0.014699	18.7
409	-0.160113	4.179297	4.071569	0.014157	12.5
410	-0.131093	5.179286	3.916044	0.009717	22.5
411	-0.140050	4.236330	4.062367	0.017697	7.3
412	-0.103722	3.293163	4.220086	0.007185	16.7
413	-0.128790	4.293105	4.053248	0.016994	16.9
414	-0.126003	5.288948	3.899709	0.009420	24.0
415	-0.133529	5.028430	3.938741	0.012904	10.3
416	-0.126295	6.028401	3.793019	0.017622	23.5
417	-0.114559	7.028392	3.657692	0.016987	15.2
418	-0.100850	6.085225	3.785061	0.010241	16.9
419	-0.120919	5.646501	3.847381	0.014529	7.8
420	-0.123231	5.863273	3.816334	0.013995	22.1
421	-0.135903	6.862999	3.679404	0.015572	8.2
422	-0.128082	5.919833	3.808316	0.015163	24.4
423	-0.131528	6.919356	3.671977	0.021599	8.9
424	-0.124936	5.978706	3.800006	0.017545	24.4
425	-0.133607	6.850555	3.681048	0.018351	7.6
426	-0.121954	5.907388	3.810078	0.018609	22.3
427	-0.160266	6.907388	3.673552	0.011137	17.8
428	-0.121574	7.891738	3.548393	0.013895	19.3
429	-0.131309	6.965873	3.665869	0.016193	17.1
430	-0.120562	7.867578	3.551363	0.020671	34.3
431	-0.118862	8.867578	3.432459	0.012051	15.5
432	-0.130622	7.924411	3.544385	0.015024	27.7
433	-0.121516	7.146947	3.642286	0.016780	17.2
434	-0.135832	8.075637	3.525950	0.019172	15.8
435	-0.132476	9.075637	3.408714	0.021144	15.1
436	-0.130511	8.132470	3.519071	0.012863	17.1
437	-0.127007	7.189303	3.636813	0.008846	14.7
438	-0.123972	6.246478	3.762660	0.017382	18.5
439	-0.136376	7.246459	3.629454	0.017994	13.7
440	-0.129493	6.303293	3.754831	0.012490	17.4
441	-0.124574	5.360127	3.889178	0.017505	16.2
442	-0.119225	6.358804	3.747212	0.019468	17.3
443	-0.138658	7.358760	3.615082	0.025653	16.7
444	-0.124399	6.415594	3.739450	0.010243	15.9
445	-0.141692	5.472427	3.872680	0.017649	17.0
446	-0.144233	6.472427	3.731714	0.014916	15.0
447	-0.145115	7.472409	3.600652	0.017467	20.0
448	-0.140979	6.530092	3.723897	0.012876	17.3
449	-0.123992	7.530092	3.593372	0.012288	17.3
450	-0.127565	8.434942	3.482909	0.014655	11.6
451	-0.124527	7.497344	3.597502	0.018457	17.1
452	-0.138815	6.651574	3.707537	0.019763	15.0
453	-0.122308	5.708407	3.838463	0.011687	17.5
454	-0.118456	4.765259	3.978972	0.020421	13.7
455	-0.118441	5.762603	3.830690	0.013242	16.9
456	-0.131781	4.819436	3.970623	0.013916	19.9
457	-0.119791	5.819436	3.822572	0.013436	26.7
458	-0.145084	4.876270	3.961902	0.010645	22.1
459	-0.124412	3.933109	4.111771	0.015274	24.7
460	-0.128708	4.933013	3.953233	0.021734	9.7
461	-0.120438	5.933012	3.806453	0.011085	22.3
462	-0.132716	4.989845	3.944588	0.010085	16.5
463	-0.119412	4.046696	4.093124	0.007340	15.6
464	-0.124039	4.105522	4.083533	0.007445	18.3
465	-0.125107	4.817315	3.970949	0.010044	15.6
466	-0.121839	3.941091	4.110455	0.008078	17.5
467	-0.128622	4.825691	3.969661	0.019240	14.9
468	-0.137130	3.882524	4.120130	0.013072	20.7
469	-0.118262	2.939358	4.282456	0.016793	19.9
470	-0.149248	2.009732	4.455473	0.015768	15.1
471	-0.114708	1.152910	4.627800	0.016976	18.4
472	-0.140876	1.975395	4.462132	0.011431	17.2
473	-0.125725	2.975395	4.276019	0.020033	33.8
474	-0.102203	2.032228	4.451121	0.027637	31.4
475	-0.121834	1.089061	4.641177	0.016656	19.4
476	-0.123221	0.145895	4.848186	0.006593	13.6
477	-0.144498	0.000000	4.881868	0.015555	12.3
478	-0.137454	0.000000	4.881868	0.015984	9.2
479	-0.131339	0.000000	4.881868	0.025020	8.8
480	-0.098200	0.000000	4.881868	0.011414	18.1
481	-0.144624	0.000000	4.881868	0.012250	11.4
482	-0.140254	0.954328	4.669659	0.007551	22.9
483	-0.124113	1.954240	4.466244	0.015467	25.3
484	-0.168654	2.798648	4.307776	0.011801	32.4
485	-0.150121	3.798605	4.134073	0.012848	24.8
486	-0.123347	4.798592	3.973831	0.014067	16.3
487	-0.137217	3.855426	4.124622	0.009310	11.7
488	-0.144152	4.092413	4.085667	0.015582	20.1
489	-0.116389	3.163066	4.242808	0.011591	12.1
490	-0.125736	4.144382	4.077222	0.014469	17.5
491	-0.126645	5.144353	3.921277	0.015816	14.4
492	-0.137287	4.451450	4.028031	0.011719	19.3
493	-0.133216	3.508283	4.183044	0.014472	14.7
494	-0.128572	2.565271	4.350437	0.016187	22.9
495	-0.146874	1.650446	4.526146	0.006181	9.2
496	-0.142335	0.707288	4.722803	0.007189	18.8
497	-0.128865	0.000000	4.881868	0.005923	10.2
498	-0.151290	0.000000	4.881868	0.018585	16.7
499	-0.144268	0.000000	4.881868	0.010556	15.2
Time spent in resolution 0 (ITK initialization and iterating): 8.639 s.
Stopping condition: Maximum number of iterations has been reached.
Settings of AdaptiveStochasticGradientDescent in resolution 0:
( SP_a 102.519237 )
( SP_A 20.000000 )
( SP_alpha 1.000000 )
( SigmoidMax 1.000000 )
( SigmoidMin -0.943167 )
( SigmoidScale 0.000006 )



=============== start of TransformParameterFile ===============
(Transform "EulerTransform")
(NumberOfParameters 6)
(TransformParameters -0.043165 -0.023009 -0.008902 -1.468598 5.121897 1.531803)
(InitialTransformParametersFileName "NoInitialTransform")
(UseBinaryFormatForTransformationParameters "false")
(HowToCombineTransforms "Compose")

// Image specific
(FixedImageDimension 3)
(MovingImageDimension 3)
(FixedInternalImagePixelType "float")
(MovingInternalImagePixelType "float")
(Size 256 256 30)
(Index 0 0 0)
(Spacing 0.6250000000 0.6250000000 3.0000000000)
(Origin -63.0533447266 -59.6895637512 82.6828842163)
(Direction 0.9987193570 -0.0000000000 -0.0505929434 -0.0000000000 1.0000000000 -0.0000000000 0.0505929431 0.0000000000 0.9987193570)
(UseDirectionCosines "false")

// EulerTransform specific
(CenterOfRotationPoint 16.6341552734 19.9979362488 126.1828842163)
(ComputeZYX "false")

// ResampleInterpolator specific
(ResampleInterpolator "FinalBSplineInterpolator")
(FinalBSplineInterpolationOrder 3)

// Resampler specific
(Resampler "DefaultResampler")
(DefaultPixelValue 0.000000)
(ResultImageFormat "nii.gz")
(ResultImagePixelType "short")
(CompressResultImage "false")

=============== end of TransformParameterFile ===============

Creating the TransformParameterFile took 0.01s

Registration result checksum: 4049783293

Skipping applying final transform, no resulting output image generated.

Final metric value  = -0.144268
Settings of AdaptiveStochasticGradientDescent for all resolutions:
( SP_a 102.519237 )
( SP_A 20.000000 )
( SP_alpha 1.000000 )
( SigmoidMax 1.000000 )
( SigmoidMin -0.943167 )
( SigmoidScale 0.000006 )

Time spent on saving the results, applying the final transform etc.: 11 ms.
Running elastix with parameter file 0: "/Users/sakinkirti/Programming/Python/CCIPD/racial-disparity-pca/code_matlab/rigid.txt", has finished.


Current time: Mon May 23 13:39:42 2022.
Time used for running elastix with this parameter file:
  8.8s.

-------------------------------------------------------------------------

Total time elapsed: 8.9s.

