
elastix is started at Mon May 23 08:30:06 2022.

which elastix:   /Users/sakinkirti/Programming/Python/CCIPD/racial-disparity-pca/code_matlab/elastix-5.0.0-mac/bin/elastix
elastix runs at: Sakins-MBP.hsd1.ca.comcast.net
  macOS 12.3.1 (x64), 21E258
  with 8192 MB memory, and 2 cores @ 2300 MHz.
-------------------------------------------------------------------------

Running elastix with parameter file 0: "/Users/sakinkirti/Programming/Python/CCIPD/racial-disparity-pca/code_matlab/rigid.txt".

Current time: Mon May 23 08:30:06 2022.
Reading the elastix parameters from file ...

Installing all components.
InstallingComponents was successful.

ELASTIX version: 5.000
Command line options from ElastixBase:
-f        /Users/sakinkirti/Programming/Python/CCIPD/racial-disparity-pca/dataset/to_nifti_cleaned/prostate-001151/ADC.nii.gz
-m        /Users/sakinkirti/Programming/Python/CCIPD/racial-disparity-pca/dataset/to_nifti_cleaned/prostate-001151/T2W.nii.gz
-fMask    unspecified, so no fixed mask used
-mMask    unspecified, so no moving mask used
-out      /Users/sakinkirti/Programming/Python/CCIPD/racial-disparity-pca/dataset/to_nifti_cleaned/prostate-001151/
-p        /Users/sakinkirti/Programming/Python/CCIPD/racial-disparity-pca/code_matlab/rigid.txt
-threads  unspecified, so all available threads are used
Command line options from TransformBase:
-t0       unspecified, so no initial transform used

=============== start of ParameterFile: /Users/sakinkirti/Programming/Python/CCIPD/racial-disparity-pca/code_matlab/rigid.txt ===============
// Example parameter file for rotation registration
// C-style comments: //

// The internal pixel type, used for internal computations
// Leave to float in general. 
// NB: this is not the type of the input images! The pixel 
// type of the input images is automatically read from the 
// images themselves.
// This setting can be changed to "short" to save some memory
// in case of very large 3D images.
(FixedInternalImagePixelType "float")
(MovingInternalImagePixelType "float")

// The dimensions of the fixed and moving image
// Up to elastix 4.5 this had to be specified by the user.
// From elastix 4.6, this is not necessary anymore.
//(FixedImageDimension 3)
//(MovingImageDimension 3)

// Specify whether you want to take into account the so-called
// direction cosines of the images. Recommended: true.
// In some cases, the direction cosines of the image are corrupt,
// due to image format conversions for example. In that case, you 
// may want to set this option to "false".
(UseDirectionCosines "false")

// **************** Main Components **************************

// The following components should usually be left as they are:
(Registration "MultiResolutionRegistration")
(Interpolator "BSplineInterpolator")
(ResampleInterpolator "FinalBSplineInterpolator")
(Resampler "DefaultResampler")

// These may be changed to Fixed/MovingSmoothingImagePyramid.
// See the manual.
(FixedImagePyramid "FixedRecursiveImagePyramid")
(MovingImagePyramid "MovingRecursiveImagePyramid")

// The following components are most important:
// The optimizer AdaptiveStochasticGradientDescent (ASGD) works
// quite ok in general. The Transform and Metric are important
// and need to be chosen careful for each application. See manual.
(Optimizer "AdaptiveStochasticGradientDescent")
(Transform "EulerTransform")
(Metric "AdvancedMattesMutualInformation")

// ***************** Transformation **************************

// Scales the rotations compared to the translations, to make
// sure they are in the same range. In general, it's best to  
// use automatic scales estimation:
(AutomaticScalesEstimation "true")

// Automatically guess an initial translation by aligning the
// geometric centers of the fixed and moving.
(AutomaticTransformInitialization "true")

// Whether transforms are combined by composition or by addition.
// In generally, Compose is the best option in most cases.
// It does not influence the results very much.
(HowToCombineTransforms "Compose")

// ******************* Similarity measure *********************

// Number of grey level bins in each resolution level,
// for the mutual information. 16 or 32 usually works fine.
// You could also employ a hierarchical strategy:
//(NumberOfHistogramBins 16 32 64)
(NumberOfHistogramBins 32)

// If you use a mask, this option is important. 
// If the mask serves as region of interest, set it to false.
// If the mask indicates which pixels are valid, then set it to true.
// If you do not use a mask, the option doesn't matter.
(ErodeMask "false")

// ******************** Multiresolution **********************

// The number of resolutions. 1 Is only enough if the expected
// deformations are small. 3 or 4 mostly works fine. For large
// images and large deformations, 5 or 6 may even be useful.
(NumberOfResolutions 1)

// The downsampling/blurring factors for the image pyramids.
// By default, the images are downsampled by a factor of 2
// compared to the next resolution.
// So, in 2D, with 4 resolutions, the following schedule is used:
//(ImagePyramidSchedule 8 8  4 4  2 2  1 1 )
// And in 3D:
//(ImagePyramidSchedule 8 8 8  4 4 4  2 2 2  1 1 1 )
// You can specify any schedule, for example:
//(ImagePyramidSchedule 4 4  4 3  2 1  1 1 )
// Make sure that the number of elements equals the number
// of resolutions times the image dimension.

// ******************* Optimizer ****************************

// Maximum number of iterations in each resolution level:
// 200-500 works usually fine for rigid registration.
// For more robustness, you may increase this to 1000-2000.
(MaximumNumberOfIterations 500)

// The step size of the optimizer, in mm. By default the voxel size is used.
// which usually works well. In case of unusual high-resolution images
// (eg histology) it is necessary to increase this value a bit, to the size
// of the "smallest visible structure" in the image:
//(MaximumStepLength 1.0)

// **************** Image sampling **********************

// Number of spatial samples used to compute the mutual
// information (and its derivative) in each iteration.
// With an AdaptiveStochasticGradientDescent optimizer,
// in combination with the two options below, around 2000
// samples may already suffice.
(NumberOfSpatialSamples 2000)

// Refresh these spatial samples in every iteration, and select
// them randomly. See the manual for information on other sampling
// strategies.
(NewSamplesEveryIteration "true")
(ImageSampler "Random")

// ************* Interpolation and Resampling ****************

// Order of B-Spline interpolation used during registration/optimisation.
// It may improve accuracy if you set this to 3. Never use 0.
// An order of 1 gives linear interpolation. This is in most 
// applications a good choice.
(BSplineInterpolationOrder 1)

// Order of B-Spline interpolation used for applying the final
// deformation.
// 3 gives good accuracy; recommended in most cases.
// 1 gives worse accuracy (linear interpolation)
// 0 gives worst accuracy, but is appropriate for binary images
// (masks, segmentations); equivalent to nearest neighbor interpolation.
(FinalBSplineInterpolationOrder 3)

//Default pixel value for pixels that come from outside the picture:
(DefaultPixelValue 0)

// Choose whether to generate the deformed moving image.
// You can save some time by setting this to false, if you are
// only interested in the final (nonrigidly) deformed moving image
// for example.
(WriteResultImage "false")

// The pixel type and format of the resulting deformed moving image
(ResultImagePixelType "short")
(ResultImageFormat "nii.gz")




=============== end of ParameterFile: /Users/sakinkirti/Programming/Python/CCIPD/racial-disparity-pca/code_matlab/rigid.txt ===============


Reading images...
Reading images took 175 ms.

WARNING: the fixed pyramid schedule is not fully specified!
  A default pyramid schedule is used.
WARNING: the moving pyramid schedule is not fully specified!
  A default pyramid schedule is used.
WARNING: The parameter "AutomaticTransformInitializationMethod", requested at entry number 0, does not exist at all.
  The default value "GeometricalCenter" is used instead.
Transform parameters are initialized as: [0, 0, 0, 0.09627532958984375, -0.09749984741210938, 0.23241043090820312]
Scales are estimated automatically.
Scales for transform parameters are: [6295.3125, 6295.3125, 9590.625, 1, 1, 1]
Initialization of all components (before registration) took: 14 ms.
Preparation of the image pyramids took: 22 ms.

Resolution: 0
WARNING: The parameter "ShowExactMetricValue", requested at entry number 0, does not exist at all.
  The default value "false" is used instead.
WARNING: The parameter "CheckNumberOfSamples", requested at entry number 0, does not exist at all.
  The default value "true" is used instead.
WARNING: The parameter "UseMultiThreadingForMetrics", requested at entry number 0, does not exist at all.
  The default value "true" is used instead.
Setting the fixed masks took: 0 ms.
Setting the moving masks took: 0 ms.
WARNING: The parameter "NumberOfFixedHistogramBins", requested at entry number 0, does not exist at all.
  The default value "32" is used instead.
WARNING: The parameter "NumberOfMovingHistogramBins", requested at entry number 0, does not exist at all.
  The default value "32" is used instead.
WARNING: The parameter "FixedLimitRangeRatio", requested at entry number 0, does not exist at all.
  The default value "0.01" is used instead.
WARNING: The parameter "MovingLimitRangeRatio", requested at entry number 0, does not exist at all.
  The default value "0.01" is used instead.
WARNING: The parameter "FixedKernelBSplineOrder", requested at entry number 0, does not exist at all.
  The default value "0" is used instead.
WARNING: The parameter "MovingKernelBSplineOrder", requested at entry number 0, does not exist at all.
  The default value "3" is used instead.
WARNING: The parameter "UseFastAndLowMemoryVersion", requested at entry number 0, does not exist at all.
  The default value "true" is used instead.
WARNING: The parameter "UseJacobianPreconditioning", requested at entry number 0, does not exist at all.
  The default value "false" is used instead.
WARNING: The parameter "FiniteDifferenceDerivative", requested at entry number 0, does not exist at all.
  The default value "false" is used instead.
WARNING: The parameter "SP_A", requested at entry number 0, does not exist at all.
  The default value "20" is used instead.
WARNING: The parameter "MaximumNumberOfSamplingAttempts", requested at entry number 0, does not exist at all.
  The default value "0" is used instead.
WARNING: The parameter "SigmoidInitialTime", requested at entry number 0, does not exist at all.
  The default value "0" is used instead.
WARNING: The parameter "MaxBandCovSize", requested at entry number 0, does not exist at all.
  The default value "192" is used instead.
WARNING: The parameter "NumberOfBandStructureSamples", requested at entry number 0, does not exist at all.
  The default value "10" is used instead.
WARNING: The parameter "UseAdaptiveStepSizes", requested at entry number 0, does not exist at all.
  The default value "true" is used instead.
WARNING: The parameter "AutomaticParameterEstimation", requested at entry number 0, does not exist at all.
  The default value "true" is used instead.
WARNING: The parameter "UseConstantStep", requested at entry number 0, does not exist at all.
  The default value "false" is used instead.
WARNING: The parameter "MaximumStepLengthRatio", requested at entry number 0, does not exist at all.
  The default value "1" is used instead.
WARNING: The parameter "MaximumStepLength", requested at entry number 0, does not exist at all.
  The default value "1.10156" is used instead.
WARNING: The parameter "NumberOfGradientMeasurements", requested at entry number 0, does not exist at all.
  The default value "0" is used instead.
WARNING: The parameter "NumberOfJacobianMeasurements", requested at entry number 0, does not exist at all.
  The default value "1000" is used instead.
WARNING: The parameter "NumberOfSamplesForExactGradient", requested at entry number 0, does not exist at all.
  The default value "100000" is used instead.
WARNING: The parameter "SigmoidScaleFactor", requested at entry number 0, does not exist at all.
  The default value "0.1" is used instead.
Elastix initialization of all components (for this resolution) took: 2 ms.
  Computing the fixed image extrema took 4 ms.
  Computing the moving image extrema took 11 ms.
Initialization of AdvancedMattesMutualInformation metric took: 252 ms.
Starting automatic parameter estimation for AdaptiveStochasticGradientDescent ...
WARNING: The parameter "ASGDParameterEstimationMethod", requested at entry number 0, does not exist at all.
  The default value "Original" is used instead.
  Computing JacobianTerms ...
  Computing the Jacobian terms took 0.004655s
  NumberOfGradientMeasurements to estimate sigma_i: 6
  Sampling gradients ...
  Sampling the gradients took 1.539941s
Automatic parameter estimation took 1.55s
1:ItNr	2:Metric	3a:Time	3b:StepSize	4:||Gradient||	Time[ms]
0	-0.160486	0.000000	6.432234	0.030885	1817.0
1	-0.186718	0.000000	6.432234	0.023858	18.2
2	-0.152140	0.000000	6.432234	0.020823	4.0
3	-0.177229	0.999999	6.139860	0.015681	10.7
4	-0.159816	1.999961	5.872919	0.011659	19.6
5	-0.169166	1.122164	6.105954	0.031564	15.5
6	-0.172358	2.119181	5.842634	0.039048	13.7
7	-0.184315	1.234282	6.075164	0.018223	20.5
8	-0.137623	0.349383	6.326970	0.009166	15.9
9	-0.175019	0.000000	6.432234	0.030295	18.2
10	-0.168297	0.323852	6.334546	0.014444	9.5
11	-0.192897	1.322794	6.051076	0.018008	5.8
12	-0.204335	0.437922	6.300840	0.021735	4.0
13	-0.167985	1.437918	6.020029	0.018578	6.7
14	-0.155578	2.436294	5.763578	0.056101	4.3
15	-0.147489	3.436294	5.527717	0.023090	3.5
16	-0.163961	4.436289	5.310402	0.011538	9.3
17	-0.182790	3.592586	5.492587	0.021866	5.1
18	-0.162701	4.053233	5.391596	0.023789	3.7
19	-0.181034	3.169694	5.588689	0.014168	7.5
20	-0.167645	2.403526	5.771648	0.028300	4.2
21	-0.160258	1.518852	5.998392	0.024552	6.4
22	-0.189782	0.633953	6.243746	0.015102	7.2
23	-0.165020	1.633944	5.967891	0.034335	3.2
24	-0.142130	2.633516	5.715481	0.012802	5.1
25	-0.175575	2.831786	5.667931	0.014628	4.7
26	-0.169115	3.809778	5.444503	0.025774	3.8
27	-0.210746	4.367162	5.324873	0.031729	5.4
28	-0.194129	5.367162	5.122922	0.036958	4.6
29	-0.187816	4.482263	5.300821	0.018814	3.0
30	-0.149612	5.482263	5.100656	0.016442	7.4
31	-0.190758	4.612080	5.273953	0.042842	7.0
32	-0.168063	5.612080	5.075774	0.012102	13.8
33	-0.189987	4.727340	5.250326	0.017909	10.7
34	-0.162280	3.955361	5.412741	0.013696	12.1
35	-0.173664	4.954366	5.204400	0.016005	12.6
36	-0.155508	5.863990	5.028177	0.016875	10.3
37	-0.174230	4.990045	5.197256	0.022801	9.7
38	-0.159171	5.990043	5.004694	0.015444	15.6
39	-0.194215	5.686837	5.061556	0.020355	18.2
40	-0.177181	4.989641	5.197337	0.009238	14.1
41	-0.181079	4.222272	5.355462	0.017163	7.5
42	-0.163206	4.728628	5.250063	0.026279	4.1
43	-0.194204	5.345027	5.127226	0.024888	4.6
44	-0.176918	6.325941	4.943175	0.029108	5.1
45	-0.151877	5.441042	5.108608	0.029272	4.2
46	-0.161541	4.556143	5.285497	0.020215	4.3
47	-0.186193	5.556088	5.086476	0.020223	4.3
48	-0.179423	6.556087	4.901890	0.025727	3.9
49	-0.199157	5.692492	5.060483	0.023347	4.8
50	-0.154552	4.807896	5.233937	0.034527	3.4
51	-0.197751	5.807873	5.038703	0.016501	4.5
52	-0.173167	4.922974	5.210703	0.037467	4.0
53	-0.165880	4.179165	5.364630	0.016956	4.1
54	-0.165479	5.179024	5.159738	0.024780	4.0
55	-0.179611	6.178425	4.970005	0.015757	3.9
56	-0.187069	7.178425	4.793629	0.016522	4.3
57	-0.151727	6.293891	4.948980	0.009307	6.8
58	-0.204932	5.495849	5.098041	0.014823	4.0
59	-0.168527	6.249005	4.957132	0.025847	5.2
60	-0.164215	7.248502	4.781737	0.016458	4.8
61	-0.185945	6.363604	4.936371	0.020561	3.8
62	-0.186127	7.272497	4.777679	0.036908	4.4
63	-0.165968	8.272288	4.614498	0.021736	4.7
64	-0.197324	7.387389	4.758342	0.028522	4.2
65	-0.175184	6.502490	4.911443	0.025542	17.2
66	-0.189945	7.502490	4.739127	0.018377	17.5
67	-0.208440	6.618848	4.890751	0.019603	24.7
68	-0.174476	6.464074	4.918313	0.011866	10.2
69	-0.186787	5.579409	5.082013	0.007959	7.1
70	-0.150110	5.851106	5.030590	0.018215	10.7
71	-0.180728	6.276429	4.952148	0.015746	6.9
72	-0.190049	5.393202	5.117867	0.017473	11.9
73	-0.170345	6.379278	4.933545	0.013273	7.7
74	-0.196837	7.379194	4.759716	0.017169	4.0
75	-0.157390	6.593931	4.895167	0.021388	3.5
76	-0.190511	5.709048	5.057346	0.021410	2.8
77	-0.208433	6.247172	4.957465	0.018246	2.7
78	-0.166198	5.362273	5.123872	0.018869	3.1
79	-0.146669	4.641253	5.267953	0.015601	3.5
80	-0.181089	4.601502	5.276132	0.027172	3.4
81	-0.164650	5.601502	5.077793	0.019157	4.0
82	-0.148247	4.721521	5.251513	0.010254	3.1
83	-0.158374	5.719368	5.055393	0.023846	3.7
84	-0.155586	4.835685	5.228308	0.024775	3.7
85	-0.147489	3.951078	5.413670	0.011119	3.0
86	-0.165085	4.947072	5.205863	0.027032	2.5
87	-0.177678	5.939110	5.014156	0.014677	3.7
88	-0.139895	5.083453	5.178644	0.035733	3.3
89	-0.157991	4.260282	5.347403	0.026475	2.9
90	-0.183711	3.381109	5.540228	0.014627	2.8
91	-0.191794	2.506501	5.746364	0.027309	2.8
92	-0.160131	1.621602	5.971147	0.029465	3.3
93	-0.178937	2.088904	5.850295	0.019227	3.0
94	-0.151359	1.204006	6.083448	0.012331	3.1
95	-0.176195	0.319437	6.335857	0.012165	2.8
96	-0.185858	1.285786	6.061124	0.032081	3.7
97	-0.192197	1.210935	6.081550	0.013685	5.5
98	-0.186593	0.326037	6.333896	0.015883	3.0
99	-0.184723	1.324485	6.050617	0.025906	2.5
100	-0.168053	2.229933	5.814778	0.007288	3.2
101	-0.203284	2.951688	5.639557	0.012843	3.2
102	-0.190132	2.128916	5.840175	0.024574	3.2
103	-0.176645	1.278603	6.063078	0.022723	3.0
104	-0.179340	0.395219	6.313416	0.029369	2.7
105	-0.161253	0.000000	6.432234	0.027558	3.0
106	-0.152426	0.000000	6.432234	0.019858	3.1
107	-0.166493	0.999751	6.139929	0.022049	2.9
108	-0.167271	0.114856	6.397245	0.017614	2.9
109	-0.175594	0.000000	6.432234	0.016073	5.5
110	-0.193461	0.991554	6.142218	0.022761	13.2
111	-0.191147	0.106931	6.399647	0.031451	5.2
112	-0.182244	1.106931	6.110161	0.015039	8.7
113	-0.181425	2.105921	5.845987	0.013796	5.0
114	-0.191597	2.885112	5.655277	0.026704	6.9
115	-0.196603	3.876046	5.429999	0.031966	7.4
116	-0.187595	3.835259	5.438917	0.018312	7.9
117	-0.187371	2.950360	5.639870	0.021709	7.7
118	-0.191073	3.485340	5.516644	0.017582	6.1
119	-0.185406	4.483081	5.300651	0.014909	10.2
120	-0.180610	4.995944	5.196076	0.030793	5.7
121	-0.191341	5.995944	5.003600	0.021412	8.6
122	-0.171257	5.111045	5.173171	0.017660	6.0
123	-0.174105	6.111044	4.982357	0.011802	6.6
124	-0.201709	6.284722	4.950643	0.025479	6.4
125	-0.170193	7.278077	4.776736	0.013541	12.4
126	-0.178249	8.228638	4.621389	0.024075	6.3
127	-0.180547	9.151415	4.479953	0.037325	15.3
128	-0.181771	10.151415	4.336140	0.031806	17.5
129	-0.189285	9.266516	4.462916	0.016117	14.3
130	-0.176284	8.386016	4.596639	0.027129	29.7
131	-0.197331	7.501156	4.739349	0.024078	13.9
132	-0.198587	8.501152	4.578699	0.024377	7.8
133	-0.186384	7.616412	4.720260	0.019318	9.0
134	-0.196481	6.737707	4.869794	0.016342	3.9
135	-0.189704	7.737656	4.700345	0.018252	5.3
136	-0.176709	8.070828	4.646476	0.021105	3.3
137	-0.168923	7.188879	4.791851	0.026707	2.7
138	-0.201702	6.370736	4.935085	0.016313	3.0
139	-0.153520	6.311216	4.945840	0.017250	2.5
140	-0.177988	5.426433	5.111432	0.015188	2.4
141	-0.179522	6.425156	4.925292	0.028223	3.0
142	-0.160955	7.425155	4.752020	0.018682	3.1
143	-0.171514	6.540256	4.904708	0.023403	2.4
144	-0.173324	7.540256	4.732856	0.027138	2.9
145	-0.177327	6.655510	4.884268	0.020086	4.7
146	-0.186500	7.655315	4.713852	0.010691	3.3
147	-0.200045	8.654576	4.555011	0.019430	3.3
148	-0.187114	7.770498	4.694980	0.025860	3.2
149	-0.178881	6.885599	4.843967	0.017527	2.8
150	-0.169870	7.885581	4.676275	0.016688	2.2
151	-0.194916	7.471252	4.744326	0.021968	3.8
152	-0.160413	6.640953	4.886840	0.029548	2.5
153	-0.163841	7.175150	4.794186	0.017243	3.2
154	-0.172331	6.290743	4.949551	0.030094	3.2
155	-0.193449	5.405922	5.115402	0.007905	3.3
156	-0.203172	4.526118	5.291714	0.018208	3.4
157	-0.183982	3.948684	5.414190	0.008204	2.4
158	-0.150559	3.944359	5.415129	0.012056	2.5
159	-0.209432	4.805018	5.234521	0.023974	3.3
160	-0.200576	5.803606	5.039505	0.021391	3.1
161	-0.165747	5.462380	5.104488	0.031681	2.6
162	-0.202256	4.578333	5.280911	0.017462	4.0
163	-0.206121	3.693451	5.470151	0.016538	4.6
164	-0.187704	2.891185	5.653839	0.014187	3.0
165	-0.175519	3.885066	5.428031	0.023542	3.6
166	-0.181337	3.000242	5.628148	0.023722	5.7
167	-0.151529	2.115881	5.843468	0.007367	4.5
168	-0.175448	1.231669	6.075878	0.024827	2.8
169	-0.177011	1.498518	6.003814	0.023081	9.6
170	-0.172179	2.498518	5.748316	0.030294	11.7
171	-0.196238	1.614110	5.973125	0.027329	8.4
172	-0.200704	2.613712	5.720274	0.024242	3.6
173	-0.167184	1.728815	5.942981	0.018835	4.9
174	-0.181517	2.615856	5.719755	0.020972	4.2
175	-0.180107	3.615835	5.487399	0.021086	4.1
176	-0.158241	2.731033	5.691994	0.013722	4.4
177	-0.204101	3.728851	5.462321	0.022014	3.9
178	-0.199829	2.860395	5.661135	0.018442	3.3
179	-0.180683	1.975500	5.879172	0.027334	4.2
180	-0.184006	2.974524	5.634185	0.014105	6.0
181	-0.152189	3.144748	5.594464	0.018801	7.7
182	-0.176295	2.507434	5.746136	0.017341	8.9
183	-0.191282	3.473268	5.519365	0.033803	7.9
184	-0.156381	4.473268	5.302693	0.024316	5.0
185	-0.182261	5.473268	5.102389	0.023852	14.1
186	-0.166337	6.426439	4.925062	0.022576	31.6
187	-0.183370	5.541540	5.089264	0.027864	4.9
188	-0.186131	4.656641	5.264793	0.016680	3.6
189	-0.162161	3.771760	5.452859	0.011167	6.0
190	-0.199002	2.892045	5.653635	0.025728	5.5
191	-0.155700	2.022485	5.867173	0.013615	4.0
192	-0.170613	3.019948	5.623531	0.023567	5.2
193	-0.210809	3.840452	5.437780	0.029654	4.1
194	-0.232387	4.840373	5.227359	0.016410	3.6
195	-0.196295	3.955474	5.412717	0.019878	6.0
196	-0.152401	4.955472	5.204179	0.014508	4.4
197	-0.166933	4.091384	5.383398	0.018285	6.0
198	-0.224312	4.313011	5.336264	0.022344	5.6
199	-0.189831	4.919699	5.211361	0.026614	4.5
200	-0.181872	4.034800	5.395566	0.019898	4.7
201	-0.186518	4.018903	5.398994	0.018723	5.1
202	-0.206340	3.202218	5.581179	0.024180	4.6
203	-0.172184	2.325262	5.791014	0.030157	5.8
204	-0.217035	3.325262	5.552948	0.027988	4.1
205	-0.205192	2.440363	5.762578	0.010889	5.0
206	-0.201235	3.440224	5.526828	0.019826	13.1
207	-0.189673	3.568838	5.497896	0.022800	7.1
208	-0.170451	2.684177	5.703256	0.030332	5.0
209	-0.243698	1.886555	5.902020	0.016059	9.7
210	-0.199634	2.886340	5.654986	0.019440	5.1
211	-0.196041	2.001507	5.872524	0.017979	5.6
212	-0.198810	3.001485	5.627856	0.025477	5.9
213	-0.166026	4.001485	5.402755	0.011623	5.8
214	-0.187513	4.992117	5.196842	0.019744	5.4
215	-0.183079	4.112721	5.378824	0.022975	6.7
216	-0.181506	3.227822	5.575281	0.020657	5.9
217	-0.210872	4.227820	5.354284	0.016893	6.4
218	-0.149696	3.398328	5.536318	0.022247	5.4
219	-0.172895	2.514319	5.744453	0.028374	7.6
220	-0.189438	1.629420	5.969084	0.012754	5.6
221	-0.149999	2.196745	5.823098	0.014666	7.5
222	-0.176993	1.419924	6.024860	0.015952	8.2
223	-0.190858	2.329965	5.789846	0.032929	15.0
224	-0.184297	1.934881	5.889584	0.017323	8.3
225	-0.190331	2.934144	5.643691	0.016004	8.5
226	-0.179242	2.063191	5.856818	0.013989	7.6
227	-0.149488	2.861173	5.660950	0.022219	6.2
228	-0.173708	1.976564	5.878900	0.026279	7.7
229	-0.183863	1.091670	6.114382	0.021542	7.7
230	-0.211903	2.091670	5.849595	0.016036	10.6
231	-0.180917	1.603463	5.975939	0.015747	6.3
232	-0.177513	0.729010	6.216432	0.020122	9.0
233	-0.140018	1.728398	5.943090	0.017850	5.8
234	-0.172398	0.843532	6.183840	0.022105	6.3
235	-0.195867	0.000000	6.432234	0.021032	6.5
236	-0.196449	0.000000	6.432234	0.014840	9.2
237	-0.183980	0.995049	6.141242	0.018892	4.5
238	-0.176629	0.490392	6.285456	0.016785	4.7
239	-0.188305	1.481654	6.008317	0.021948	4.5
240	-0.185132	0.596987	6.254433	0.035092	4.9
241	-0.193713	1.596987	5.977651	0.035184	4.9
242	-0.201553	2.596987	5.724329	0.011307	4.8
243	-0.187819	1.982220	5.877453	0.016204	4.7
244	-0.161773	2.976956	5.633614	0.025418	5.1
245	-0.187737	3.976180	5.408229	0.026146	4.0
246	-0.183037	4.976178	5.200030	0.013491	6.5
247	-0.187489	4.091282	5.383420	0.037196	4.3
248	-0.194822	5.091082	5.177130	0.019788	3.8
249	-0.178517	6.090363	4.986161	0.016635	5.7
250	-0.182680	5.631602	5.072054	0.020076	6.0
251	-0.204644	6.631572	4.888499	0.022283	4.2
252	-0.183638	5.747641	5.050049	0.019319	4.8
253	-0.190891	6.744846	4.868541	0.016991	4.0
254	-0.187215	5.861552	5.028634	0.010839	4.9
255	-0.202042	4.988219	5.197621	0.023626	5.1
256	-0.210491	5.538676	5.089814	0.018547	4.6
257	-0.198646	4.678315	5.260349	0.018915	3.8
258	-0.197144	5.678312	5.063173	0.014734	4.0
259	-0.147833	4.816152	5.232263	0.026204	4.7
260	-0.185051	5.815283	5.037311	0.014088	3.3
261	-0.185278	4.930391	5.209212	0.033288	4.4
262	-0.182070	4.554436	5.285850	0.014433	16.5
263	-0.145248	3.707412	5.467060	0.009982	11.8
264	-0.198817	4.414205	5.315016	0.024012	19.4
265	-0.182652	4.965458	5.202177	0.021964	9.1
266	-0.178458	4.670024	5.262049	0.018946	6.2
267	-0.178304	5.670003	5.064751	0.021479	9.1
268	-0.191599	6.669821	4.881741	0.006621	5.4
269	-0.226069	5.902219	5.021032	0.031869	6.0
270	-0.188165	6.618799	4.890760	0.018306	8.4
271	-0.155539	7.583654	4.725670	0.018558	5.8
272	-0.172076	6.699580	4.876497	0.016156	8.6
273	-0.209506	7.699555	4.706586	0.013423	5.7
274	-0.185345	7.444013	4.748870	0.033304	10.2
275	-0.204108	7.762932	4.696215	0.033495	5.5
276	-0.188314	6.878033	4.845281	0.015709	9.4
277	-0.188274	7.855500	4.681150	0.024824	6.5
278	-0.167298	6.970601	4.829246	0.011294	10.7
279	-0.166452	6.087645	4.986661	0.014560	5.7
280	-0.187125	6.950980	4.832636	0.023230	5.1
281	-0.185273	6.929203	4.836404	0.010198	4.9
282	-0.175839	6.313154	4.945489	0.013166	4.6
283	-0.177504	5.513821	5.094585	0.026827	5.1
284	-0.156939	6.510225	4.910062	0.025931	7.5
285	-0.179753	6.296664	4.948477	0.023164	6.4
286	-0.183356	7.282829	4.775934	0.015589	4.9
287	-0.184157	8.276955	4.613762	0.028558	6.7
288	-0.180730	7.405496	4.755309	0.027191	5.8
289	-0.171901	8.405082	4.593659	0.016729	5.6
290	-0.161421	7.522695	4.735769	0.014716	7.8
291	-0.171566	6.638038	4.887355	0.043526	5.7
292	-0.164739	5.755345	5.048595	0.022640	5.1
293	-0.187203	6.755130	4.866737	0.036505	34.6
294	-0.187201	7.717751	4.703603	0.029625	18.4
295	-0.180698	8.717751	4.545328	0.009611	6.0
296	-0.237202	8.897295	4.518031	0.025612	11.5
297	-0.179771	8.014338	4.655523	0.017724	5.8
298	-0.177338	7.129440	4.801976	0.007884	7.7
299	-0.187910	8.121323	4.638419	0.005014	6.4
300	-0.179419	7.695741	4.707211	0.025110	7.5
301	-0.180561	8.662166	4.553845	0.019404	12.5
302	-0.186919	9.659392	4.405727	0.014612	4.9
303	-0.159574	8.776240	4.536399	0.019734	3.8
304	-0.166514	9.769023	4.390029	0.017277	3.4
305	-0.171934	10.736219	4.256238	0.016223	4.6
306	-0.178547	11.736214	4.126223	0.016535	3.5
307	-0.155194	12.736193	4.003917	0.025383	3.1
308	-0.182715	13.731544	3.889171	0.029349	4.6
309	-0.162060	12.851174	3.990317	0.037227	3.1
310	-0.161058	13.851170	3.875821	0.021005	2.9
311	-0.208147	12.966496	3.976769	0.011770	3.8
312	-0.168763	12.085690	4.082638	0.019137	3.9
313	-0.179893	13.077030	3.963870	0.016813	3.3
314	-0.163840	12.198891	4.068718	0.027030	3.4
315	-0.192222	11.314581	4.180061	0.015335	3.0
316	-0.216727	12.312101	4.054890	0.042357	5.1
317	-0.176621	11.427241	4.165538	0.020119	6.0
318	-0.199566	12.427241	4.040923	0.030400	3.4
319	-0.182619	11.542342	4.150805	0.027821	4.5
320	-0.214531	10.657443	4.266829	0.015048	4.0
321	-0.162666	11.309058	4.180775	0.017704	3.1
322	-0.180365	10.424335	4.298481	0.015630	4.4
323	-0.175703	9.554169	4.420899	0.018952	4.2
324	-0.170788	9.008336	4.501313	0.029684	3.7
325	-0.181250	10.008332	4.356149	0.010466	3.5
326	-0.190683	9.429727	4.438979	0.029067	3.2
327	-0.183789	10.428669	4.297888	0.009674	5.3
328	-0.196689	9.550098	4.421489	0.019270	4.1
329	-0.195640	10.513508	4.286318	0.013160	4.4
330	-0.157507	10.178703	4.332345	0.017659	4.4
331	-0.171225	10.884773	4.236408	0.037111	11.6
332	-0.160657	9.999874	4.357337	0.026909	4.5
333	-0.164342	9.114975	4.485374	0.021505	5.9
334	-0.200863	10.028978	4.353250	0.021155	5.3
335	-0.197619	10.507095	4.287190	0.017806	9.9
336	-0.195518	11.507043	4.155312	0.019780	5.4
337	-0.180761	10.641344	4.269000	0.026269	6.2
338	-0.174945	11.641344	4.138215	0.014260	4.7
339	-0.189327	10.756447	4.253527	0.008714	4.6
340	-0.169471	10.897825	4.234675	0.010212	7.0
341	-0.205773	10.772369	4.251396	0.029928	6.7
342	-0.168547	9.901375	4.371227	0.034262	4.9
343	-0.215410	9.016476	4.500092	0.010403	6.5
344	-0.199201	8.131771	4.636756	0.027658	4.4
345	-0.180901	7.246955	4.781999	0.011754	5.7
346	-0.205820	8.246942	4.618497	0.020617	5.4
347	-0.192871	7.440606	4.749439	0.024513	3.2
348	-0.146605	8.440579	4.588120	0.018628	5.0
349	-0.172069	7.556041	4.730239	0.026571	7.3
350	-0.186622	8.556041	4.570196	0.020566	3.7
351	-0.132638	9.492992	4.429769	0.036733	5.0
352	-0.163027	8.608093	4.562162	0.024026	8.1
353	-0.157390	7.724580	4.702485	0.006802	4.9
354	-0.165508	6.889526	4.843285	0.016626	7.7
355	-0.156542	6.300988	4.947693	0.020875	4.3
356	-0.159810	5.416875	5.113281	0.007430	5.5
357	-0.158761	4.648321	5.266501	0.020660	6.1
358	-0.149539	3.866194	5.432151	0.029320	4.9
359	-0.203972	2.981295	5.632595	0.017112	6.7
360	-0.155549	2.096396	5.848398	0.020746	4.0
361	-0.162395	1.212275	6.081183	0.011128	3.8
362	-0.224635	2.038937	5.862984	0.015735	3.4
363	-0.177096	2.266237	5.805705	0.006176	7.3
364	-0.173955	3.015403	5.624595	0.017761	5.1
365	-0.197702	3.836754	5.438589	0.021671	4.7
366	-0.177041	2.951934	5.639499	0.016076	3.9
367	-0.199323	2.364811	5.781211	0.020810	5.3
368	-0.203447	3.355706	5.546007	0.019739	5.3
369	-0.190493	2.776472	5.681117	0.023352	3.5
370	-0.170422	3.776472	5.451822	0.014786	5.7
371	-0.187876	2.907699	5.649933	0.023461	9.8
372	-0.196731	3.833521	5.439298	0.040005	8.2
373	-0.173233	2.948622	5.640279	0.021086	10.7
374	-0.199590	3.948498	5.414230	0.018526	9.4
375	-0.166816	3.065414	5.612906	0.013187	7.8
376	-0.173202	4.064582	5.389155	0.020857	29.8
377	-0.184129	4.800967	5.235343	0.015457	10.7
378	-0.158265	4.007815	5.401388	0.023914	8.2
379	-0.183783	5.002704	5.194726	0.021252	8.3
380	-0.193909	4.146620	5.371573	0.012233	6.9
381	-0.148249	5.145763	5.166302	0.018624	9.9
382	-0.191035	6.011693	5.000683	0.024511	20.0
383	-0.180973	5.141183	5.167207	0.018864	5.5
384	-0.174452	5.616412	5.074948	0.029039	3.5
385	-0.193587	6.616412	4.891182	0.006679	5.0
386	-0.174080	6.240395	4.958699	0.016350	3.6
387	-0.180996	7.126167	4.802535	0.016063	3.8
388	-0.154918	6.291465	4.949420	0.014215	6.3
389	-0.183900	5.846171	5.031515	0.030066	5.5
390	-0.179854	4.961284	5.203013	0.013535	4.9
391	-0.222261	4.076526	5.386588	0.020562	3.6
392	-0.181473	3.192177	5.583495	0.023277	3.8
393	-0.179127	4.192043	5.361888	0.036934	5.7
394	-0.207228	3.307144	5.557087	0.021909	4.1
395	-0.149095	2.422246	5.767035	0.037720	4.0
396	-0.193399	1.551982	5.989581	0.018686	4.5
397	-0.190616	2.257479	5.807891	0.010668	2.8
398	-0.147025	3.186686	5.584763	0.015370	3.7
399	-0.179636	2.428210	5.765567	0.021718	5.3
400	-0.198921	3.428209	5.529546	0.039988	4.0
401	-0.179301	4.428209	5.312089	0.020193	6.2
402	-0.169526	5.428149	5.111100	0.032974	4.8
403	-0.204033	6.428141	4.924756	0.021307	4.0
404	-0.164992	7.262065	4.779442	0.021849	27.9
405	-0.193847	8.262065	4.616110	0.029310	11.1
406	-0.165102	7.377166	4.760056	0.017492	17.9
407	-0.196007	8.200358	4.625865	0.014092	6.7
408	-0.158168	7.331842	4.767671	0.019192	11.4
409	-0.191467	8.330726	4.605304	0.007057	6.9
410	-0.195550	9.182511	4.475337	0.037433	11.1
411	-0.170484	8.363195	4.600212	0.014908	10.2
412	-0.166001	9.363195	4.448705	0.017142	6.6
413	-0.192957	8.479864	4.582006	0.009729	10.2
414	-0.175126	7.756732	4.697227	0.015241	7.7
415	-0.180863	8.145439	4.634582	0.041632	7.7
416	-0.160209	7.271658	4.777821	0.018280	5.0
417	-0.196657	6.386759	4.932198	0.012478	4.9
418	-0.181737	7.381988	4.759248	0.012757	3.9
419	-0.176841	6.503536	4.911256	0.027245	6.2
420	-0.165325	7.503530	4.738954	0.025073	4.3
421	-0.173933	6.618631	4.890790	0.016820	7.1
422	-0.192962	5.733732	5.052677	0.021459	5.6
423	-0.170154	4.848890	5.225637	0.033712	7.3
424	-0.178183	5.848890	5.031005	0.014409	4.4
425	-0.167432	6.848882	4.850353	0.015700	4.9
426	-0.170751	7.848613	4.682267	0.017710	5.4
427	-0.190863	8.848571	4.525406	0.011609	5.0
428	-0.192357	9.837802	4.380238	0.013151	5.1
429	-0.195323	10.097112	4.343712	0.021723	7.3
430	-0.183531	10.799701	4.247742	0.023062	4.3
431	-0.176914	9.914822	4.369325	0.010196	5.1
432	-0.196614	10.899909	4.234398	0.015209	5.5
433	-0.181337	11.479207	4.158873	0.021932	4.5
434	-0.148129	10.594310	4.275356	0.015731	5.1
435	-0.187510	11.458221	4.161562	0.022920	9.0
436	-0.195507	10.573343	4.278195	0.020827	5.5
437	-0.172068	11.573343	4.146854	0.026131	4.8
438	-0.188302	12.535938	4.027826	0.030849	8.3
439	-0.171064	13.535893	3.911204	0.018348	5.1
440	-0.148290	14.535893	3.801140	0.020014	6.4
441	-0.158037	15.534977	3.697194	0.021026	6.3
442	-0.194711	14.650079	3.788965	0.014563	4.2
443	-0.185063	15.642525	3.686343	0.024208	4.8
444	-0.185555	16.640357	3.588619	0.009837	4.4
445	-0.209115	15.760238	3.674539	0.019155	5.4
446	-0.206497	14.933563	3.759074	0.018614	6.2
447	-0.178973	15.927726	3.657872	0.029382	4.4
448	-0.214884	16.927677	3.561434	0.009991	5.3
449	-0.162454	17.890537	3.473259	0.033901	5.1
450	-0.135344	17.005654	3.554127	0.024304	5.3
451	-0.228207	16.660627	3.586688	0.014675	3.8
452	-0.212133	17.660094	3.493962	0.030121	4.9
453	-0.200797	18.659763	3.405893	0.012562	5.0
454	-0.193712	17.774897	3.483618	0.031372	4.4
455	-0.167115	18.774887	3.396035	0.013837	4.9
456	-0.201424	17.890048	3.473303	0.031530	4.9
457	-0.175230	18.890047	3.386231	0.014123	14.2
458	-0.180007	18.019624	3.461769	0.014093	29.6
459	-0.177291	18.237611	3.442537	0.023403	15.6
460	-0.202030	17.928992	3.469828	0.022616	5.6
461	-0.191604	17.089959	3.546260	0.012340	11.2
462	-0.224867	17.901730	3.472260	0.029564	5.5
463	-0.180375	18.125469	3.452404	0.017226	8.0
464	-0.155740	19.118165	3.366976	0.016395	18.6
465	-0.170214	18.240331	3.442298	0.025031	5.1
466	-0.179262	17.355453	3.521713	0.016793	3.8
467	-0.204463	16.470582	3.604879	0.015838	4.1
468	-0.204603	15.784120	3.672153	0.021396	4.6
469	-0.195110	16.781635	3.575200	0.030326	4.9
470	-0.195202	17.745828	3.486231	0.020296	5.7
471	-0.179764	16.860934	3.567712	0.024987	3.8
472	-0.201649	15.976072	3.653090	0.013711	5.3
473	-0.209756	15.091201	3.742655	0.016868	4.8
474	-0.169380	16.090589	3.641811	0.019155	5.0
475	-0.171767	15.206170	3.730770	0.015396	5.3
476	-0.179706	16.194270	3.631659	0.014020	4.3
477	-0.162360	16.878050	3.566100	0.019186	3.7
478	-0.215748	17.839980	3.477780	0.014607	5.2
479	-0.165592	18.839911	3.390492	0.016570	3.6
480	-0.183287	18.020838	3.461661	0.015805	5.1
481	-0.212173	18.224842	3.443657	0.023497	3.7
482	-0.168465	19.224336	3.358089	0.017667	7.3
483	-0.158122	20.224229	3.276639	0.029816	3.6
484	-0.188226	19.339330	3.348516	0.013839	3.9
485	-0.162639	19.989948	3.295367	0.024402	3.9
486	-0.169965	19.105744	3.368019	0.021363	4.3
487	-0.215883	18.243471	3.442022	0.015646	7.0
488	-0.196618	17.358610	3.521423	0.021735	6.9
489	-0.174113	18.294843	3.437523	0.022055	6.8
490	-0.176987	19.258332	3.355254	0.012379	8.2
491	-0.158110	20.129748	3.284166	0.019913	5.7
492	-0.177989	19.260072	3.355109	0.030209	7.1
493	-0.175284	18.375173	3.430510	0.015290	5.4
494	-0.152001	18.565201	3.414033	0.021580	4.2
495	-0.209084	19.562709	3.330076	0.021324	4.7
496	-0.201810	18.709323	3.401642	0.017086	6.5
497	-0.195456	19.709294	3.318085	0.017846	4.6
498	-0.166131	20.708554	3.238590	0.015939	4.1
499	-0.206101	21.656725	3.166603	0.022770	4.1
Time spent in resolution 0 (ITK initialization and iterating): 5.296 s.
Stopping condition: Maximum number of iterations has been reached.
Settings of AdaptiveStochasticGradientDescent in resolution 0:
( SP_a 135.076911 )
( SP_A 20.000000 )
( SP_alpha 1.000000 )
( SigmoidMax 1.000000 )
( SigmoidMin -0.884899 )
( SigmoidScale 0.000020 )



=============== start of TransformParameterFile ===============
(Transform "EulerTransform")
(NumberOfParameters 6)
(TransformParameters -0.019505 0.012211 -0.024925 -1.581673 2.985778 1.285135)
(InitialTransformParametersFileName "NoInitialTransform")
(UseBinaryFormatForTransformationParameters "false")
(HowToCombineTransforms "Compose")

// Image specific
(FixedImageDimension 3)
(MovingImageDimension 3)
(FixedInternalImagePixelType "float")
(MovingInternalImagePixelType "float")
(Size 160 160 45)
(Index 0 0 0)
(Spacing 1.5000000000 1.5000000000 3.0000000000)
(Origin -120.8593826294 -86.3041152954 60.3713836670)
(Direction 0.9999947842 -0.0032296952 -0.0000254364 0.0032297953 0.9999637606 0.0078769196 -0.0000000046 -0.0078769610 0.9999689763)
(UseDirectionCosines "false")

// EulerTransform specific
(CenterOfRotationPoint -1.6093826294 32.9458847046 126.3713836670)
(ComputeZYX "false")

// ResampleInterpolator specific
(ResampleInterpolator "FinalBSplineInterpolator")
(FinalBSplineInterpolationOrder 3)

// Resampler specific
(Resampler "DefaultResampler")
(DefaultPixelValue 0.000000)
(ResultImageFormat "nii.gz")
(ResultImagePixelType "short")
(CompressResultImage "false")

=============== end of TransformParameterFile ===============

Creating the TransformParameterFile took 0.00s

Registration result checksum: 1283491361

Skipping applying final transform, no resulting output image generated.

Final metric value  = -0.206101
Settings of AdaptiveStochasticGradientDescent for all resolutions:
( SP_a 135.076911 )
( SP_A 20.000000 )
( SP_alpha 1.000000 )
( SigmoidMax 1.000000 )
( SigmoidMin -0.884899 )
( SigmoidScale 0.000020 )

Time spent on saving the results, applying the final transform etc.: 5 ms.
Running elastix with parameter file 0: "/Users/sakinkirti/Programming/Python/CCIPD/racial-disparity-pca/code_matlab/rigid.txt", has finished.


Current time: Mon May 23 08:30:12 2022.
Time used for running elastix with this parameter file:
  5.5s.

-------------------------------------------------------------------------

Total time elapsed: 5.7s.

