
elastix is started at Mon May 23 13:31:25 2022.

which elastix:   /Users/sakinkirti/Programming/Python/CCIPD/racial-disparity-pca/code_matlab/elastix-5.0.0-mac/bin/elastix
elastix runs at: Sakins-MBP.hsd1.ca.comcast.net
  macOS 12.3.1 (x64), 21E258
  with 8192 MB memory, and 2 cores @ 2300 MHz.
-------------------------------------------------------------------------

Running elastix with parameter file 0: "/Users/sakinkirti/Programming/Python/CCIPD/racial-disparity-pca/code_matlab/rigid.txt".

Current time: Mon May 23 13:31:25 2022.
Reading the elastix parameters from file ...

Installing all components.
InstallingComponents was successful.

ELASTIX version: 5.000
Command line options from ElastixBase:
-f        /Users/sakinkirti/Programming/Python/CCIPD/racial-disparity-pca/dataset/to_nifti_cleaned/prostate-000669/T2W.nii.gz
-m        /Users/sakinkirti/Programming/Python/CCIPD/racial-disparity-pca/dataset/to_nifti_cleaned/prostate-000669/ADC.nii.gz
-fMask    unspecified, so no fixed mask used
-mMask    unspecified, so no moving mask used
-out      /Users/sakinkirti/Programming/Python/CCIPD/racial-disparity-pca/dataset/to_nifti_cleaned/prostate-000669/
-p        /Users/sakinkirti/Programming/Python/CCIPD/racial-disparity-pca/code_matlab/rigid.txt
-threads  unspecified, so all available threads are used
Command line options from TransformBase:
-t0       unspecified, so no initial transform used

=============== start of ParameterFile: /Users/sakinkirti/Programming/Python/CCIPD/racial-disparity-pca/code_matlab/rigid.txt ===============
// Example parameter file for rotation registration
// C-style comments: //

// The internal pixel type, used for internal computations
// Leave to float in general. 
// NB: this is not the type of the input images! The pixel 
// type of the input images is automatically read from the 
// images themselves.
// This setting can be changed to "short" to save some memory
// in case of very large 3D images.
(FixedInternalImagePixelType "float")
(MovingInternalImagePixelType "float")

// The dimensions of the fixed and moving image
// Up to elastix 4.5 this had to be specified by the user.
// From elastix 4.6, this is not necessary anymore.
//(FixedImageDimension 3)
//(MovingImageDimension 3)

// Specify whether you want to take into account the so-called
// direction cosines of the images. Recommended: true.
// In some cases, the direction cosines of the image are corrupt,
// due to image format conversions for example. In that case, you 
// may want to set this option to "false".
(UseDirectionCosines "false")

// **************** Main Components **************************

// The following components should usually be left as they are:
(Registration "MultiResolutionRegistration")
(Interpolator "BSplineInterpolator")
(ResampleInterpolator "FinalBSplineInterpolator")
(Resampler "DefaultResampler")

// These may be changed to Fixed/MovingSmoothingImagePyramid.
// See the manual.
(FixedImagePyramid "FixedRecursiveImagePyramid")
(MovingImagePyramid "MovingRecursiveImagePyramid")

// The following components are most important:
// The optimizer AdaptiveStochasticGradientDescent (ASGD) works
// quite ok in general. The Transform and Metric are important
// and need to be chosen careful for each application. See manual.
(Optimizer "AdaptiveStochasticGradientDescent")
(Transform "EulerTransform")
(Metric "AdvancedMattesMutualInformation")

// ***************** Transformation **************************

// Scales the rotations compared to the translations, to make
// sure they are in the same range. In general, it's best to  
// use automatic scales estimation:
(AutomaticScalesEstimation "true")

// Automatically guess an initial translation by aligning the
// geometric centers of the fixed and moving.
(AutomaticTransformInitialization "true")

// Whether transforms are combined by composition or by addition.
// In generally, Compose is the best option in most cases.
// It does not influence the results very much.
(HowToCombineTransforms "Compose")

// ******************* Similarity measure *********************

// Number of grey level bins in each resolution level,
// for the mutual information. 16 or 32 usually works fine.
// You could also employ a hierarchical strategy:
//(NumberOfHistogramBins 16 32 64)
(NumberOfHistogramBins 32)

// If you use a mask, this option is important. 
// If the mask serves as region of interest, set it to false.
// If the mask indicates which pixels are valid, then set it to true.
// If you do not use a mask, the option doesn't matter.
(ErodeMask "false")

// ******************** Multiresolution **********************

// The number of resolutions. 1 Is only enough if the expected
// deformations are small. 3 or 4 mostly works fine. For large
// images and large deformations, 5 or 6 may even be useful.
(NumberOfResolutions 1)

// The downsampling/blurring factors for the image pyramids.
// By default, the images are downsampled by a factor of 2
// compared to the next resolution.
// So, in 2D, with 4 resolutions, the following schedule is used:
//(ImagePyramidSchedule 8 8  4 4  2 2  1 1 )
// And in 3D:
//(ImagePyramidSchedule 8 8 8  4 4 4  2 2 2  1 1 1 )
// You can specify any schedule, for example:
//(ImagePyramidSchedule 4 4  4 3  2 1  1 1 )
// Make sure that the number of elements equals the number
// of resolutions times the image dimension.

// ******************* Optimizer ****************************

// Maximum number of iterations in each resolution level:
// 200-500 works usually fine for rigid registration.
// For more robustness, you may increase this to 1000-2000.
(MaximumNumberOfIterations 500)

// The step size of the optimizer, in mm. By default the voxel size is used.
// which usually works well. In case of unusual high-resolution images
// (eg histology) it is necessary to increase this value a bit, to the size
// of the "smallest visible structure" in the image:
//(MaximumStepLength 1.0)

// **************** Image sampling **********************

// Number of spatial samples used to compute the mutual
// information (and its derivative) in each iteration.
// With an AdaptiveStochasticGradientDescent optimizer,
// in combination with the two options below, around 2000
// samples may already suffice.
(NumberOfSpatialSamples 2000)

// Refresh these spatial samples in every iteration, and select
// them randomly. See the manual for information on other sampling
// strategies.
(NewSamplesEveryIteration "true")
(ImageSampler "Random")

// ************* Interpolation and Resampling ****************

// Order of B-Spline interpolation used during registration/optimisation.
// It may improve accuracy if you set this to 3. Never use 0.
// An order of 1 gives linear interpolation. This is in most 
// applications a good choice.
(BSplineInterpolationOrder 1)

// Order of B-Spline interpolation used for applying the final
// deformation.
// 3 gives good accuracy; recommended in most cases.
// 1 gives worse accuracy (linear interpolation)
// 0 gives worst accuracy, but is appropriate for binary images
// (masks, segmentations); equivalent to nearest neighbor interpolation.
(FinalBSplineInterpolationOrder 3)

//Default pixel value for pixels that come from outside the picture:
(DefaultPixelValue 0)

// Choose whether to generate the deformed moving image.
// You can save some time by setting this to false, if you are
// only interested in the final (nonrigidly) deformed moving image
// for example.
(WriteResultImage "false")

// The pixel type and format of the resulting deformed moving image
(ResultImagePixelType "short")
(ResultImageFormat "nii.gz")




=============== end of ParameterFile: /Users/sakinkirti/Programming/Python/CCIPD/racial-disparity-pca/code_matlab/rigid.txt ===============


Reading images...
Reading images took 131 ms.

WARNING: the fixed pyramid schedule is not fully specified!
  A default pyramid schedule is used.
WARNING: the moving pyramid schedule is not fully specified!
  A default pyramid schedule is used.
WARNING: The parameter "AutomaticTransformInitializationMethod", requested at entry number 0, does not exist at all.
  The default value "GeometricalCenter" is used instead.
Transform parameters are initialized as: [0, 0, 0, -2.319771647453308, -1.174599528312683, 3.426891326904297]
Scales are estimated automatically.
Scales for transform parameters are: [3391.2427368164062, 3391.2427368164062, 5481.9854736328125, 1, 1, 1]
Initialization of all components (before registration) took: 15 ms.
Preparation of the image pyramids took: 12 ms.

Resolution: 0
WARNING: The parameter "ShowExactMetricValue", requested at entry number 0, does not exist at all.
  The default value "false" is used instead.
WARNING: The parameter "CheckNumberOfSamples", requested at entry number 0, does not exist at all.
  The default value "true" is used instead.
WARNING: The parameter "UseMultiThreadingForMetrics", requested at entry number 0, does not exist at all.
  The default value "true" is used instead.
Setting the fixed masks took: 0 ms.
Setting the moving masks took: 0 ms.
WARNING: The parameter "NumberOfFixedHistogramBins", requested at entry number 0, does not exist at all.
  The default value "32" is used instead.
WARNING: The parameter "NumberOfMovingHistogramBins", requested at entry number 0, does not exist at all.
  The default value "32" is used instead.
WARNING: The parameter "FixedLimitRangeRatio", requested at entry number 0, does not exist at all.
  The default value "0.01" is used instead.
WARNING: The parameter "MovingLimitRangeRatio", requested at entry number 0, does not exist at all.
  The default value "0.01" is used instead.
WARNING: The parameter "FixedKernelBSplineOrder", requested at entry number 0, does not exist at all.
  The default value "0" is used instead.
WARNING: The parameter "MovingKernelBSplineOrder", requested at entry number 0, does not exist at all.
  The default value "3" is used instead.
WARNING: The parameter "UseFastAndLowMemoryVersion", requested at entry number 0, does not exist at all.
  The default value "true" is used instead.
WARNING: The parameter "UseJacobianPreconditioning", requested at entry number 0, does not exist at all.
  The default value "false" is used instead.
WARNING: The parameter "FiniteDifferenceDerivative", requested at entry number 0, does not exist at all.
  The default value "false" is used instead.
WARNING: The parameter "SP_A", requested at entry number 0, does not exist at all.
  The default value "20" is used instead.
WARNING: The parameter "MaximumNumberOfSamplingAttempts", requested at entry number 0, does not exist at all.
  The default value "0" is used instead.
WARNING: The parameter "SigmoidInitialTime", requested at entry number 0, does not exist at all.
  The default value "0" is used instead.
WARNING: The parameter "MaxBandCovSize", requested at entry number 0, does not exist at all.
  The default value "192" is used instead.
WARNING: The parameter "NumberOfBandStructureSamples", requested at entry number 0, does not exist at all.
  The default value "10" is used instead.
WARNING: The parameter "UseAdaptiveStepSizes", requested at entry number 0, does not exist at all.
  The default value "true" is used instead.
WARNING: The parameter "AutomaticParameterEstimation", requested at entry number 0, does not exist at all.
  The default value "true" is used instead.
WARNING: The parameter "UseConstantStep", requested at entry number 0, does not exist at all.
  The default value "false" is used instead.
WARNING: The parameter "MaximumStepLengthRatio", requested at entry number 0, does not exist at all.
  The default value "1" is used instead.
WARNING: The parameter "MaximumStepLength", requested at entry number 0, does not exist at all.
  The default value "0.957623" is used instead.
WARNING: The parameter "NumberOfGradientMeasurements", requested at entry number 0, does not exist at all.
  The default value "0" is used instead.
WARNING: The parameter "NumberOfJacobianMeasurements", requested at entry number 0, does not exist at all.
  The default value "1000" is used instead.
WARNING: The parameter "NumberOfSamplesForExactGradient", requested at entry number 0, does not exist at all.
  The default value "100000" is used instead.
WARNING: The parameter "SigmoidScaleFactor", requested at entry number 0, does not exist at all.
  The default value "0.1" is used instead.
Elastix initialization of all components (for this resolution) took: 1 ms.
  Computing the fixed image extrema took 13 ms.
  Computing the moving image extrema took 6 ms.
Initialization of AdvancedMattesMutualInformation metric took: 46 ms.
Starting automatic parameter estimation for AdaptiveStochasticGradientDescent ...
WARNING: The parameter "ASGDParameterEstimationMethod", requested at entry number 0, does not exist at all.
  The default value "Original" is used instead.
  Computing JacobianTerms ...
  Computing the Jacobian terms took 0.001888s
  NumberOfGradientMeasurements to estimate sigma_i: 6
  Sampling gradients ...
  Sampling the gradients took 0.860972s
Automatic parameter estimation took 0.86s
1:ItNr	2:Metric	3a:Time	3b:StepSize	4:||Gradient||	Time[ms]
0	-0.165245	0.000000	5.146646	0.019785	918.0
1	-0.161751	0.000000	5.146646	0.010334	8.9
2	-0.151031	0.000000	5.146646	0.011852	4.5
3	-0.138514	0.000000	5.146646	0.009546	11.1
4	-0.145861	0.000000	5.146646	0.024374	3.3
5	-0.161552	0.000000	5.146646	0.012638	7.2
6	-0.165530	0.000000	5.146646	0.012234	8.0
7	-0.157075	0.000000	5.146646	0.022820	8.9
8	-0.155158	0.000000	5.146646	0.017795	6.7
9	-0.142165	0.000000	5.146646	0.021822	3.8
10	-0.153534	0.000000	5.146646	0.020738	10.8
11	-0.156538	0.000000	5.146646	0.014526	6.5
12	-0.186863	0.000000	5.146646	0.022665	8.6
13	-0.169598	0.000000	5.146646	0.005860	7.7
14	-0.165515	0.947400	4.924481	0.013389	10.7
15	-0.170450	0.019282	5.141925	0.012465	9.3
16	-0.185388	0.773128	4.963897	0.015289	6.4
17	-0.164878	0.223122	5.092538	0.012747	5.9
18	-0.161735	1.180694	4.872686	0.025839	10.2
19	-0.166763	0.238778	5.088784	0.014299	11.5
20	-0.169896	1.210661	4.866112	0.013450	5.9
21	-0.170160	0.268517	5.081669	0.016495	6.7
22	-0.156698	0.000719	5.146470	0.018787	14.9
23	-0.160797	0.000000	5.146646	0.013700	9.7
24	-0.160250	0.000000	5.146646	0.016714	9.6
25	-0.153758	1.000000	4.912707	0.013271	12.4
26	-0.156923	0.058304	5.132396	0.019083	10.0
27	-0.161118	0.000000	5.146646	0.007524	12.9
28	-0.176212	0.944897	4.925043	0.009923	18.7
29	-0.165728	1.379603	4.829378	0.015450	18.8
30	-0.179904	0.723077	4.975334	0.023376	11.2
31	-0.198701	1.723068	4.756381	0.010229	8.5
32	-0.165807	0.819091	4.953440	0.012350	15.4
33	-0.174039	0.000000	5.146646	0.010258	11.8
34	-0.203359	0.000000	5.146646	0.011245	6.6
35	-0.168671	0.000000	5.146646	0.018069	11.8
36	-0.173194	0.999616	4.912793	0.015594	12.9
37	-0.166424	0.066216	5.130469	0.013761	18.2
38	-0.179555	0.000000	5.146646	0.012598	12.0
39	-0.195877	0.057011	5.132711	0.013037	15.5
40	-0.193617	0.000000	5.146646	0.014149	10.9
41	-0.191875	0.000000	5.146646	0.010088	8.8
42	-0.180059	0.727333	4.974359	0.012186	16.7
43	-0.198271	0.000000	5.146646	0.011434	41.0
44	-0.161982	0.998338	4.913079	0.014916	9.2
45	-0.170648	0.170306	5.105243	0.018472	16.8
46	-0.190193	1.154177	4.878518	0.008683	9.6
47	-0.181222	0.221519	5.092923	0.011099	10.2
48	-0.161363	0.000000	5.146646	0.015398	5.3
49	-0.176588	0.999958	4.912717	0.013180	6.5
50	-0.208543	1.345147	4.836825	0.021680	6.5
51	-0.189468	0.402862	5.049771	0.014041	6.6
52	-0.145236	0.000000	5.146646	0.013273	4.8
53	-0.194987	0.000000	5.146646	0.020339	6.1
54	-0.168504	0.999884	4.912733	0.006380	6.1
55	-0.182806	0.117430	5.118026	0.012558	6.0
56	-0.176423	1.058544	4.899669	0.010147	10.7
57	-0.159922	2.057086	4.687477	0.009187	8.1
58	-0.179225	1.116247	4.886885	0.008590	11.7
59	-0.190338	0.188005	5.100979	0.023261	12.0
60	-0.168533	1.184210	4.871914	0.013252	5.9
61	-0.188190	2.184209	4.661775	0.017563	10.0
62	-0.148019	3.184100	4.469034	0.010684	5.1
63	-0.195395	3.113963	4.482032	0.014573	13.8
64	-0.161251	4.113887	4.303578	0.013757	19.1
65	-0.190134	3.171609	4.471343	0.008348	11.4
66	-0.163729	2.501895	4.598760	0.009525	7.7
67	-0.181475	1.888457	4.722012	0.007797	12.5
68	-0.169885	1.272826	4.852530	0.019025	13.4
69	-0.184372	0.342495	5.064055	0.016553	8.9
70	-0.212922	0.837316	4.949306	0.010105	13.6
71	-0.190122	0.000000	5.146646	0.025152	13.2
72	-0.172177	0.000000	5.146646	0.004626	7.4
73	-0.189724	0.000000	5.146646	0.012684	10.3
74	-0.172737	0.000000	5.146646	0.014584	10.8
75	-0.174837	0.000000	5.146646	0.018699	8.1
76	-0.202311	0.000000	5.146646	0.015368	10.1
77	-0.171428	0.000000	5.146646	0.005724	8.8
78	-0.194394	0.980232	4.917126	0.015894	8.9
79	-0.165523	1.979464	4.703311	0.011526	6.8
80	-0.196212	1.080650	4.894764	0.013266	23.8
81	-0.185181	0.155347	5.108853	0.011355	63.1
82	-0.191966	0.000000	5.146646	0.014164	58.9
83	-0.160918	0.000000	5.146646	0.015922	43.3
84	-0.185083	0.318822	5.069678	0.014940	6.5
85	-0.174796	0.000000	5.146646	0.015848	8.2
86	-0.176462	0.000000	5.146646	0.026721	9.7
87	-0.191919	0.000000	5.146646	0.009014	11.1
88	-0.175957	0.000000	5.146646	0.013154	7.6
89	-0.192765	0.595317	5.004769	0.013109	6.8
90	-0.206143	0.000000	5.146646	0.015589	7.3
91	-0.193926	0.992914	4.914290	0.012713	8.8
92	-0.182475	0.061955	5.131507	0.014607	6.7
93	-0.203494	0.000000	5.146646	0.009218	6.4
94	-0.197042	0.000000	5.146646	0.013095	7.6
95	-0.173954	0.000000	5.146646	0.022945	7.9
96	-0.166999	0.000000	5.146646	0.021648	6.6
97	-0.188001	0.000000	5.146646	0.007696	6.3
98	-0.187793	0.000000	5.146646	0.008576	66.8
99	-0.186367	0.136521	5.113404	0.013777	18.4
100	-0.208577	1.010079	4.910458	0.015750	41.6
101	-0.206821	0.067795	5.130084	0.013533	21.9
102	-0.178525	0.000000	5.146646	0.021398	20.0
103	-0.180343	0.874254	4.940948	0.015148	14.5
104	-0.187233	1.766294	4.747350	0.016218	11.7
105	-0.201030	0.824010	4.952324	0.015931	17.2
106	-0.181566	1.424369	4.819737	0.010691	9.1
107	-0.200531	0.533663	5.019098	0.005488	10.7
108	-0.198683	1.363376	4.832882	0.013232	15.9
109	-0.184631	2.270393	4.644509	0.015366	9.7
110	-0.166353	1.328143	4.840508	0.017691	8.7
111	-0.182966	0.386862	5.053549	0.023403	13.3
112	-0.200227	0.000000	5.146646	0.021756	8.8
113	-0.204766	0.000000	5.146646	0.012071	10.3
114	-0.182869	0.000000	5.146646	0.013156	9.8
115	-0.190001	0.995339	4.913749	0.014383	10.5
116	-0.197856	1.994973	4.700139	0.017697	7.2
117	-0.216660	1.115682	4.887010	0.021480	11.2
118	-0.208629	0.173397	5.104498	0.010231	9.6
119	-0.217529	0.000000	5.146646	0.004695	8.3
120	-0.204473	0.672887	4.986856	0.015999	9.8
121	-0.192963	1.366116	4.832290	0.013772	8.6
122	-0.197817	2.363916	4.625918	0.014133	10.7
123	-0.202946	1.421641	4.820324	0.019642	7.5
124	-0.156448	0.479356	5.031788	0.016555	11.4
125	-0.189639	0.000000	5.146646	0.017166	8.0
126	-0.207629	0.846043	4.947329	0.009165	9.2
127	-0.186983	1.569534	4.788737	0.013914	10.8
128	-0.172171	0.668190	4.987937	0.018064	10.6
129	-0.199788	0.000000	5.146646	0.019878	9.6
130	-0.194481	0.997830	4.913192	0.013126	6.4
131	-0.194848	1.997827	4.699555	0.018103	12.6
132	-0.193644	2.997826	4.503723	0.011527	9.1
133	-0.195181	2.297272	4.639151	0.010695	7.2
134	-0.206099	1.358895	4.833851	0.009057	14.7
135	-0.183776	0.420249	5.045672	0.009085	10.0
136	-0.228433	0.960061	4.921642	0.011589	8.4
137	-0.197546	0.029660	5.139387	0.011903	12.4
138	-0.168342	0.000000	5.146646	0.008474	11.3
139	-0.193606	0.000000	5.146646	0.011400	7.3
140	-0.202331	0.898230	4.935539	0.011894	14.1
141	-0.197665	0.000000	5.146646	0.017798	10.1
142	-0.178547	1.000000	4.912707	0.020101	18.1
143	-0.199060	0.057716	5.132540	0.016915	12.0
144	-0.164530	0.000000	5.146646	0.011284	9.5
145	-0.220204	0.000000	5.146646	0.019847	17.9
146	-0.211925	0.000000	5.146646	0.017172	11.0
147	-0.224424	0.000000	5.146646	0.015604	13.1
148	-0.192635	0.000000	5.146646	0.011481	12.6
149	-0.213838	0.765114	4.965725	0.012129	7.4
150	-0.213332	0.000000	5.146646	0.012649	14.2
151	-0.214698	0.000000	5.146646	0.009402	12.5
152	-0.204262	0.854102	4.945505	0.016586	13.8
153	-0.201312	0.000000	5.146646	0.005490	7.5
154	-0.214529	0.933920	4.927508	0.017931	10.9
155	-0.207905	0.803808	4.956912	0.012265	11.3
156	-0.179631	0.000000	5.146646	0.020772	8.5
157	-0.208121	0.000000	5.146646	0.015634	9.8
158	-0.193843	0.000000	5.146646	0.012664	8.7
159	-0.243635	0.682232	4.984707	0.009709	11.0
160	-0.181056	0.000000	5.146646	0.015344	12.3
161	-0.203886	0.000000	5.146646	0.011699	10.5
162	-0.177970	0.998946	4.912943	0.013710	9.5
163	-0.179727	0.058072	5.132453	0.015693	13.7
164	-0.222332	0.000000	5.146646	0.015993	12.7
165	-0.233403	0.000000	5.146646	0.013426	10.5
166	-0.226142	0.000000	5.146646	0.015482	8.4
167	-0.227792	0.226047	5.091837	0.014148	12.4
168	-0.205513	0.000000	5.146646	0.019900	11.1
169	-0.190471	0.000000	5.146646	0.023473	8.5
170	-0.225158	0.000000	5.146646	0.017147	12.2
171	-0.169822	0.000000	5.146646	0.012888	11.5
172	-0.201581	0.000000	5.146646	0.013163	8.5
173	-0.194775	0.732859	4.973095	0.015899	14.1
174	-0.200176	1.643982	4.772993	0.013092	11.1
175	-0.202502	0.735871	4.972405	0.013424	6.9
176	-0.229461	1.712325	4.758631	0.021179	12.3
177	-0.190166	2.698134	4.560678	0.019621	13.1
178	-0.202818	1.756026	4.749492	0.013653	7.9
179	-0.186550	0.813742	4.954655	0.019801	16.1
180	-0.202737	0.000000	5.146646	0.014926	13.7
181	-0.214831	0.000000	5.146646	0.016185	13.2
182	-0.199094	0.000000	5.146646	0.021266	16.3
183	-0.196451	0.000000	5.146646	0.011582	10.0
184	-0.198074	0.000000	5.146646	0.011127	15.2
185	-0.211479	0.000000	5.146646	0.023231	11.3
186	-0.210313	0.000000	5.146646	0.020010	15.1
187	-0.199728	0.176320	5.103794	0.018496	11.1
188	-0.238009	0.583499	5.007509	0.015039	18.5
189	-0.228889	0.000000	5.146646	0.023814	11.3
190	-0.224866	0.984776	4.916109	0.022446	16.2
191	-0.203932	0.047048	5.135141	0.012658	14.0
192	-0.200069	0.000000	5.146646	0.018691	15.8
193	-0.200785	0.000000	5.146646	0.016984	12.6
194	-0.216038	1.000000	4.912707	0.027859	9.0
195	-0.194605	2.000000	4.699111	0.004885	14.7
196	-0.220614	1.086319	4.893507	0.008531	9.9
197	-0.219003	0.638111	4.994870	0.007285	6.8
198	-0.215381	0.000000	5.146646	0.019914	14.1
199	-0.216455	0.000000	5.146646	0.015423	12.9
200	-0.209521	0.000000	5.146646	0.009705	9.2
201	-0.199772	0.745561	4.970190	0.016881	9.3
202	-0.216643	1.734338	4.754023	0.018517	10.5
203	-0.234470	2.323927	4.633849	0.007617	13.9
204	-0.226129	1.428604	4.818827	0.006748	11.9
205	-0.191144	2.132654	4.672164	0.007645	11.0
206	-0.192937	2.248598	4.648864	0.023147	12.7
207	-0.214603	2.265300	4.645526	0.024353	9.9
208	-0.209240	1.323016	4.841620	0.010131	9.2
209	-0.214408	0.380732	5.054998	0.025730	13.9
210	-0.210810	1.315817	4.843182	0.021007	11.0
211	-0.226676	0.373532	5.056701	0.016440	7.9
212	-0.236612	1.373532	4.830688	0.019102	13.9
213	-0.223228	0.431248	5.043083	0.020039	11.7
214	-0.223073	0.000000	5.146646	0.011141	16.2
215	-0.220836	0.979827	4.917216	0.012531	13.2
216	-0.207031	0.050920	5.134197	0.005955	8.2
217	-0.207770	0.075757	5.128146	0.019135	15.0
218	-0.222585	1.039109	4.903990	0.019566	10.8
219	-0.215269	0.118603	5.117742	0.017595	12.7
220	-0.206008	0.899573	4.935236	0.011681	17.4
221	-0.219630	0.000000	5.146646	0.016873	11.9
222	-0.217573	0.996975	4.913383	0.016047	15.4
223	-0.236579	1.996574	4.699811	0.012082	9.3
224	-0.207939	1.054292	4.900614	0.006474	14.1
225	-0.204282	1.436137	4.817209	0.025709	9.8
226	-0.214096	2.404336	4.617929	0.011740	12.2
227	-0.223752	1.462052	4.811651	0.015581	15.9
228	-0.230152	2.417778	4.615278	0.014740	9.3
229	-0.252491	1.476886	4.808476	0.009058	8.7
230	-0.216285	0.543552	5.016794	0.009700	13.2
231	-0.225722	0.000000	5.146646	0.025044	14.6
232	-0.233499	0.000000	5.146646	0.029252	12.0
233	-0.236451	1.000000	4.912707	0.014990	7.4
234	-0.195173	0.076805	5.127891	0.013605	11.6
235	-0.236655	1.076593	4.895663	0.024134	11.6
236	-0.223711	2.076593	4.683515	0.017937	11.1
237	-0.226037	1.172972	4.874383	0.010404	7.7
238	-0.220537	0.245842	5.087093	0.004235	12.6
239	-0.242560	0.270524	5.081189	0.013557	8.3
240	-0.219008	0.264374	5.082659	0.009777	11.8
241	-0.199024	0.000000	5.146646	0.006961	13.3
242	-0.226564	0.917725	4.931149	0.022296	9.2
243	-0.210736	1.864554	4.726948	0.026784	11.6
244	-0.216598	2.864554	4.528874	0.012559	16.6
245	-0.232106	1.922463	4.715006	0.015590	15.3
246	-0.218556	2.922457	4.517912	0.007341	15.7
247	-0.233684	3.275204	4.452262	0.022404	16.7
248	-0.230748	3.919654	4.337121	0.014696	17.1
249	-0.193655	2.977786	4.507487	0.019556	13.1
250	-0.215998	2.645318	4.570865	0.010675	17.3
251	-0.221186	1.703035	4.760578	0.010964	12.6
252	-0.237925	2.696787	4.560937	0.010459	13.5
253	-0.211896	1.925529	4.714376	0.007837	15.8
254	-0.209112	2.728611	4.554820	0.010212	10.2
255	-0.240921	3.725139	4.371242	0.006483	14.4
256	-0.222212	3.102499	4.484164	0.019672	13.6
257	-0.232309	2.160983	4.666450	0.020076	17.5
258	-0.224928	2.607741	4.578141	0.022570	25.2
259	-0.235510	2.031999	4.692583	0.012094	16.7
260	-0.216024	3.031893	4.497339	0.016516	8.6
261	-0.240742	2.099873	4.678795	0.008301	11.6
262	-0.230016	1.248247	4.857891	0.015550	11.4
263	-0.225419	0.306976	5.072497	0.013352	6.2
264	-0.206325	1.305838	4.845349	0.005846	8.8
265	-0.207914	2.133990	4.671895	0.015241	9.6
266	-0.214964	3.118410	4.481206	0.029351	9.1
267	-0.209942	3.006038	4.502182	0.017734	7.4
268	-0.229678	3.996053	4.323865	0.008212	10.5
269	-0.246123	4.482118	4.241388	0.013129	12.4
270	-0.235437	3.933584	4.334698	0.020887	7.8
271	-0.245351	4.933581	4.167553	0.011800	10.7
272	-0.206388	4.478584	4.241977	0.007178	12.0
273	-0.224970	4.561381	4.228236	0.012837	18.5
274	-0.206709	3.898638	4.340782	0.015026	13.6
275	-0.247877	2.957305	4.511341	0.031894	13.4
276	-0.231771	2.015160	4.696016	0.024509	16.9
277	-0.235194	1.072876	4.896488	0.008912	8.7
278	-0.231104	0.130592	5.114838	0.011251	19.3
279	-0.237607	0.839248	4.948868	0.009082	14.4
280	-0.234168	0.000000	5.146646	0.015824	8.3
281	-0.197864	0.000000	5.146646	0.010946	12.8
282	-0.232945	0.000000	5.146646	0.010672	13.1
283	-0.220215	0.000000	5.146646	0.011828	7.7
284	-0.219894	0.000000	5.146646	0.013786	9.6
285	-0.220455	0.000000	5.146646	0.018022	7.8
286	-0.213334	0.000000	5.146646	0.011698	11.9
287	-0.228339	0.000000	5.146646	0.010331	11.1
288	-0.209671	0.000000	5.146646	0.011644	8.1
289	-0.229600	0.000000	5.146646	0.017920	10.0
290	-0.234449	0.000000	5.146646	0.021583	15.6
291	-0.254173	0.000000	5.146646	0.011955	19.0
292	-0.207728	0.000000	5.146646	0.016129	14.7
293	-0.233285	0.000000	5.146646	0.019111	16.9
294	-0.235261	0.000000	5.146646	0.009768	12.9
295	-0.237428	0.000000	5.146646	0.015286	17.9
296	-0.219394	0.797226	4.958409	0.015477	15.7
297	-0.219250	0.000000	5.146646	0.012451	19.5
298	-0.235563	0.000000	5.146646	0.006373	10.5
299	-0.235469	0.000000	5.146646	0.016346	16.0
300	-0.227565	0.000000	5.146646	0.012166	10.9
301	-0.218642	0.000000	5.146646	0.012401	8.5
302	-0.220148	0.000000	5.146646	0.009868	15.5
303	-0.213771	0.000000	5.146646	0.010382	13.2
304	-0.253787	0.000000	5.146646	0.031369	11.9
305	-0.250011	0.000000	5.146646	0.026197	11.6
306	-0.220735	0.000000	5.146646	0.010951	7.2
307	-0.238836	0.967864	4.919894	0.013981	15.1
308	-0.258689	1.959014	4.707500	0.014751	11.3
309	-0.247591	1.610837	4.779989	0.016981	7.8
310	-0.253311	0.671001	4.987290	0.010718	15.5
311	-0.225844	1.671000	4.767305	0.010275	10.6
312	-0.218116	1.156373	4.878035	0.014547	13.0
313	-0.235145	0.758704	4.967187	0.020021	13.5
314	-0.239908	1.758585	4.748958	0.021095	9.7
315	-0.261532	0.816301	4.954074	0.008210	13.6
316	-0.253530	0.000000	5.146646	0.015683	11.1
317	-0.221742	0.060405	5.131884	0.014184	7.6
318	-0.235300	0.000000	5.146646	0.009396	15.1
319	-0.236753	0.985161	4.916023	0.024724	10.5
320	-0.267859	0.193911	5.099557	0.017930	14.7
321	-0.235081	1.193807	4.869807	0.015791	15.5
322	-0.239695	2.169339	4.664767	0.014478	10.0
323	-0.245244	1.227056	4.862523	0.006349	13.9
324	-0.239680	0.290279	5.076475	0.028918	13.5
325	-0.228255	1.277144	4.851590	0.006226	15.3
326	-0.261304	2.277142	4.643163	0.010527	13.7
327	-0.249848	2.099326	4.678905	0.028025	13.6
328	-0.238588	3.099238	4.484771	0.015754	11.5
329	-0.224703	4.099238	4.306089	0.013439	13.0
330	-0.254844	3.156954	4.474056	0.016839	16.2
331	-0.247932	2.214822	4.655627	0.022854	13.1
332	-0.213209	1.272630	4.852573	0.010215	15.3
333	-0.232050	0.330411	5.066924	0.017472	14.9
334	-0.246725	0.000000	5.146646	0.006702	13.4
335	-0.257866	0.727053	4.974423	0.023363	16.5
336	-0.247446	1.726184	4.755729	0.014508	8.8
337	-0.238623	0.792749	4.959428	0.006432	12.1
338	-0.254374	0.000000	5.146646	0.013436	12.0
339	-0.256170	0.907108	4.933539	0.011786	9.4
340	-0.246820	1.905631	4.718471	0.010609	13.5
341	-0.262411	0.964083	4.920741	0.015623	9.9
342	-0.221981	1.964021	4.706474	0.023240	9.7
343	-0.244720	2.964017	4.510077	0.014156	12.8
344	-0.225935	3.964015	4.329414	0.020878	11.4
345	-0.234684	4.956598	4.163857	0.009723	11.7
346	-0.263223	4.014564	4.320665	0.014194	14.9
347	-0.232487	4.975977	4.160751	0.008283	10.1
348	-0.222624	5.377129	4.097473	0.010912	12.3
349	-0.226083	6.329533	3.954680	0.015426	13.1
350	-0.240861	5.388596	4.095692	0.020659	8.5
351	-0.232043	4.446312	4.247357	0.014642	12.3
352	-0.204265	3.504029	4.410685	0.003391	10.5
353	-0.240403	3.806905	4.356834	0.022015	12.9
354	-0.260561	3.760343	4.365027	0.024825	8.8
355	-0.255480	4.695812	4.206116	0.012392	11.4
356	-0.264370	3.753528	4.366229	0.011250	14.7
357	-0.208086	4.753519	4.196691	0.012897	15.8
358	-0.207740	5.437290	4.088148	0.011967	20.0
359	-0.241782	6.346154	3.952276	0.018273	10.9
360	-0.228122	7.259137	3.824588	0.008322	17.1
361	-0.259163	8.257095	3.694132	0.017202	13.7
362	-0.221011	8.452969	3.669564	0.013869	13.7
363	-0.245542	9.328454	3.563636	0.015479	15.3
364	-0.274275	8.910222	3.613466	0.015856	12.2
365	-0.226268	7.967949	3.731005	0.010499	14.8
366	-0.257840	7.028407	3.856072	0.015769	13.4
367	-0.243471	6.086677	3.990137	0.013150	16.0
368	-0.273871	7.073758	3.849843	0.012414	11.9
369	-0.256889	6.866420	3.878487	0.014691	16.8
370	-0.255050	5.956112	4.009464	0.009097	13.6
371	-0.200876	6.954304	3.866294	0.008873	16.6
372	-0.249005	7.470769	3.796159	0.011899	15.7
373	-0.222509	6.545452	3.923681	0.012707	14.3
374	-0.233446	5.672734	4.052062	0.008577	13.9
375	-0.245174	4.741409	4.198665	0.021596	8.2
376	-0.220850	3.799181	4.358191	0.009268	10.6
377	-0.218683	4.799165	4.189266	0.013594	13.2
378	-0.246497	4.584145	4.224474	0.014028	7.9
379	-0.218968	5.578056	4.066496	0.016176	135.8
380	-0.251943	4.635848	4.215954	0.016277	9.2
381	-0.247584	5.622955	4.059638	0.017801	16.0
382	-0.221617	6.622955	3.912672	0.004729	15.4
383	-0.244908	7.350082	3.812319	0.015208	24.2
384	-0.258779	7.052815	3.852717	0.019726	22.3
385	-0.233442	8.052802	3.720108	0.008679	24.3
386	-0.214808	9.052345	3.596377	0.015013	11.5
387	-0.245014	10.047409	3.481114	0.013135	15.3
388	-0.256281	11.046842	3.372550	0.014930	17.7
389	-0.216139	10.164664	3.468016	0.015441	43.5
390	-0.251021	9.230858	3.575140	0.025190	41.0
391	-0.231613	8.288680	3.690148	0.022065	16.7
392	-0.241724	9.288632	3.568321	0.027494	12.7
393	-0.227309	8.348132	3.682673	0.015024	11.3
394	-0.249447	8.154011	3.707194	0.006568	30.8
395	-0.226676	7.670420	3.769724	0.020552	13.8
396	-0.260072	8.068888	3.718049	0.010693	14.9
397	-0.261796	7.127126	3.842538	0.009648	17.1
398	-0.216494	8.103718	3.713600	0.019252	11.2
399	-0.253696	8.948704	3.608823	0.017888	12.9
400	-0.235422	8.006419	3.726057	0.017714	14.0
401	-0.280040	8.423739	3.673210	0.017241	65.4
402	-0.254823	9.423739	3.552475	0.015849	8.9
403	-0.246035	8.481455	3.666019	0.012383	10.4
404	-0.267429	7.921490	3.736998	0.017282	12.6
405	-0.210821	7.017870	3.857523	0.021988	6.9
406	-0.242938	7.936626	3.735044	0.011699	11.4
407	-0.243157	8.023038	3.723923	0.011722	9.8
408	-0.272323	9.022201	3.599988	0.015493	8.1
409	-0.253945	10.022075	3.483957	0.011140	12.0
410	-0.252081	10.962258	3.381475	0.009119	12.8
411	-0.249816	10.129405	3.471944	0.023706	10.7
412	-0.209417	11.129400	3.363884	0.014062	14.5
413	-0.258691	11.204145	3.356076	0.007270	8.3
414	-0.240890	10.276188	3.455650	0.010173	15.4
415	-0.246886	10.423176	3.439486	0.023197	10.9
416	-0.231897	9.481110	3.545788	0.017620	12.3
417	-0.222604	10.478655	3.433424	0.008929	8.8
418	-0.218504	9.590237	3.533139	0.014805	16.4
419	-0.225182	8.835438	3.622523	0.014892	11.9
420	-0.226393	8.008214	3.725826	0.016592	28.3
421	-0.242087	7.065929	3.850917	0.016145	9.3
422	-0.250734	6.123753	3.984683	0.018560	13.2
423	-0.236584	5.181472	4.128093	0.016433	9.8
424	-0.217711	4.249314	4.280495	0.019951	9.8
425	-0.231761	3.312054	4.445513	0.011287	8.4
426	-0.250590	2.369770	4.624759	0.018250	11.0
427	-0.265328	3.358335	4.437067	0.022168	9.0
428	-0.218946	3.720396	4.372081	0.017135	36.8
429	-0.280488	4.137760	4.299491	0.020628	12.6
430	-0.241176	5.061497	4.147097	0.006002	15.6
431	-0.237158	4.848143	4.181328	0.013231	7.1
432	-0.266749	5.286043	4.111671	0.009899	15.5
433	-0.223765	4.344017	4.264500	0.014609	11.4
434	-0.243823	4.977506	4.160506	0.011665	10.0
435	-0.267056	4.044442	4.315511	0.014572	16.1
436	-0.244289	3.102191	4.484221	0.015033	13.0
437	-0.267369	2.161390	4.666368	0.015251	14.6
438	-0.246508	3.161181	4.473273	0.012187	13.9
439	-0.249632	2.220382	4.654513	0.009021	14.7
440	-0.254885	1.278318	4.851334	0.014653	15.6
441	-0.232968	0.681690	4.984831	0.014730	16.0
442	-0.220020	0.000000	5.146646	0.010970	17.3
443	-0.269145	0.000000	5.146646	0.013744	14.9
444	-0.245537	0.000000	5.146646	0.012732	8.7
445	-0.241795	0.984205	4.916237	0.019553	11.1
446	-0.267235	0.051745	5.133995	0.022946	6.9
447	-0.253274	1.048036	4.902004	0.014980	10.0
448	-0.274168	0.977481	4.917741	0.014399	8.2
449	-0.216407	0.038321	5.137271	0.012505	6.1
450	-0.244006	0.000000	5.146646	0.011263	9.8
451	-0.260825	0.987110	4.915588	0.015984	7.7
452	-0.268428	0.045325	5.135562	0.011765	10.7
453	-0.214230	0.238122	5.088942	0.013904	7.6
454	-0.253989	1.008149	4.910888	0.018735	14.6
455	-0.248777	1.332637	4.839534	0.017290	8.1
456	-0.239283	1.585292	4.785396	0.018072	7.9
457	-0.252914	1.245672	4.858454	0.016296	16.2
458	-0.246267	2.245672	4.649449	0.010224	13.6
459	-0.248625	1.331555	4.839769	0.023176	15.0
460	-0.237214	2.321410	4.634349	0.016027	11.7
461	-0.238309	1.379125	4.829481	0.017602	12.4
462	-0.245090	2.379125	4.622909	0.012073	21.6
463	-0.235721	1.926096	4.714259	0.015157	19.2
464	-0.230624	2.926070	4.517230	0.007243	12.9
465	-0.243268	2.020626	4.694901	0.016181	12.5
466	-0.237396	3.009463	4.501540	0.008391	14.7
467	-0.244474	2.077508	4.683329	0.017005	8.6
468	-0.257041	3.076110	4.489079	0.015187	14.1
469	-0.213758	2.937647	4.515045	0.017597	13.1
470	-0.242868	3.937636	4.333994	0.016016	12.0
471	-0.236127	4.933146	4.167623	0.014123	11.3
472	-0.267759	5.907040	4.016776	0.018300	9.1
473	-0.238339	6.906883	3.872864	0.025505	15.1
474	-0.231952	7.906877	3.738888	0.014263	13.5
475	-0.225242	8.906404	3.613927	0.012593	7.9
476	-0.234516	7.987384	3.728504	0.013605	18.2
477	-0.268748	7.070449	3.850297	0.014709	9.2
478	-0.251466	6.467467	3.934821	0.018099	19.8
479	-0.232993	7.467466	3.796599	0.017389	13.7
480	-0.200883	6.525182	3.926570	0.011772	12.4
481	-0.266204	5.583350	4.065686	0.011839	14.8
482	-0.262852	4.660999	4.211822	0.013373	14.2
483	-0.237283	3.817883	4.354907	0.008998	13.1
484	-0.269197	4.398862	4.255292	0.019452	8.8
485	-0.234620	5.270676	4.114076	0.009675	14.2
486	-0.218855	6.270505	3.963240	0.009621	12.6
487	-0.240840	6.109653	3.986756	0.020336	12.0
488	-0.248554	5.167448	4.130306	0.017432	15.2
489	-0.251978	4.225167	4.284593	0.012185	8.6
490	-0.245063	5.137286	4.135072	0.019444	13.7
491	-0.248358	4.195782	4.289590	0.008819	12.8
492	-0.227097	5.175280	4.129070	0.011457	14.3
493	-0.237850	5.251048	4.117152	0.022767	9.3
494	-0.224378	6.250943	3.966085	0.008362	10.2
495	-0.285825	5.308694	4.108131	0.009909	15.4
496	-0.251502	6.285300	3.961091	0.018452	8.0
497	-0.246057	7.284443	3.821166	0.012891	12.9
498	-0.264634	6.994095	3.860799	0.016946	13.2
499	-0.239592	7.752277	3.758991	0.014048	11.3
Time spent in resolution 0 (ITK initialization and iterating): 7.682 s.
Stopping condition: Maximum number of iterations has been reached.
Settings of AdaptiveStochasticGradientDescent in resolution 0:
( SP_a 108.079563 )
( SP_A 20.000000 )
( SP_alpha 1.000000 )
( SigmoidMax 1.000000 )
( SigmoidMin -0.942284 )
( SigmoidScale 0.000011 )



=============== start of TransformParameterFile ===============
(Transform "EulerTransform")
(NumberOfParameters 6)
(TransformParameters -0.028216 -0.005351 -0.010547 -0.235581 -0.124372 14.544595)
(InitialTransformParametersFileName "NoInitialTransform")
(UseBinaryFormatForTransformationParameters "false")
(HowToCombineTransforms "Compose")

// Image specific
(FixedImageDimension 3)
(MovingImageDimension 3)
(FixedInternalImagePixelType "float")
(MovingInternalImagePixelType "float")
(Size 256 256 30)
(Index 0 0 0)
(Spacing 0.7031250000 0.7031250000 3.0000000000)
(Origin -79.3797607422 -74.3500518799 43.1019096375)
(Direction 1.0000000000 0.0000000000 0.0000000000 0.0000000000 1.0000000000 0.0000000000 0.0000000000 0.0000000000 1.0000000000)
(UseDirectionCosines "false")

// EulerTransform specific
(CenterOfRotationPoint 10.2686767578 15.2983856201 86.6019096375)
(ComputeZYX "false")

// ResampleInterpolator specific
(ResampleInterpolator "FinalBSplineInterpolator")
(FinalBSplineInterpolationOrder 3)

// Resampler specific
(Resampler "DefaultResampler")
(DefaultPixelValue 0.000000)
(ResultImageFormat "nii.gz")
(ResultImagePixelType "short")
(CompressResultImage "false")

=============== end of TransformParameterFile ===============

Creating the TransformParameterFile took 0.00s

Registration result checksum: 2633853657

Skipping applying final transform, no resulting output image generated.

Final metric value  = -0.239592
Settings of AdaptiveStochasticGradientDescent for all resolutions:
( SP_a 108.079563 )
( SP_A 20.000000 )
( SP_alpha 1.000000 )
( SigmoidMax 1.000000 )
( SigmoidMin -0.942284 )
( SigmoidScale 0.000011 )

Time spent on saving the results, applying the final transform etc.: 6 ms.
Running elastix with parameter file 0: "/Users/sakinkirti/Programming/Python/CCIPD/racial-disparity-pca/code_matlab/rigid.txt", has finished.


Current time: Mon May 23 13:31:33 2022.
Time used for running elastix with this parameter file:
  7.9s.

-------------------------------------------------------------------------

Total time elapsed: 8.0s.

