
elastix is started at Mon May 23 08:26:11 2022.

which elastix:   /Users/sakinkirti/Programming/Python/CCIPD/racial-disparity-pca/code_matlab/elastix-5.0.0-mac/bin/elastix
elastix runs at: Sakins-MBP.hsd1.ca.comcast.net
  macOS 12.3.1 (x64), 21E258
  with 8192 MB memory, and 2 cores @ 2300 MHz.
-------------------------------------------------------------------------

Running elastix with parameter file 0: "/Users/sakinkirti/Programming/Python/CCIPD/racial-disparity-pca/code_matlab/rigid.txt".

Current time: Mon May 23 08:26:11 2022.
Reading the elastix parameters from file ...

Installing all components.
InstallingComponents was successful.

ELASTIX version: 5.000
Command line options from ElastixBase:
-f        /Users/sakinkirti/Programming/Python/CCIPD/racial-disparity-pca/dataset/to_nifti_cleaned/prostate-000967b/ADC.nii.gz
-m        /Users/sakinkirti/Programming/Python/CCIPD/racial-disparity-pca/dataset/to_nifti_cleaned/prostate-000967b/T2W.nii.gz
-fMask    unspecified, so no fixed mask used
-mMask    unspecified, so no moving mask used
-out      /Users/sakinkirti/Programming/Python/CCIPD/racial-disparity-pca/dataset/to_nifti_cleaned/prostate-000967b/
-p        /Users/sakinkirti/Programming/Python/CCIPD/racial-disparity-pca/code_matlab/rigid.txt
-threads  unspecified, so all available threads are used
Command line options from TransformBase:
-t0       unspecified, so no initial transform used

=============== start of ParameterFile: /Users/sakinkirti/Programming/Python/CCIPD/racial-disparity-pca/code_matlab/rigid.txt ===============
// Example parameter file for rotation registration
// C-style comments: //

// The internal pixel type, used for internal computations
// Leave to float in general. 
// NB: this is not the type of the input images! The pixel 
// type of the input images is automatically read from the 
// images themselves.
// This setting can be changed to "short" to save some memory
// in case of very large 3D images.
(FixedInternalImagePixelType "float")
(MovingInternalImagePixelType "float")

// The dimensions of the fixed and moving image
// Up to elastix 4.5 this had to be specified by the user.
// From elastix 4.6, this is not necessary anymore.
//(FixedImageDimension 3)
//(MovingImageDimension 3)

// Specify whether you want to take into account the so-called
// direction cosines of the images. Recommended: true.
// In some cases, the direction cosines of the image are corrupt,
// due to image format conversions for example. In that case, you 
// may want to set this option to "false".
(UseDirectionCosines "false")

// **************** Main Components **************************

// The following components should usually be left as they are:
(Registration "MultiResolutionRegistration")
(Interpolator "BSplineInterpolator")
(ResampleInterpolator "FinalBSplineInterpolator")
(Resampler "DefaultResampler")

// These may be changed to Fixed/MovingSmoothingImagePyramid.
// See the manual.
(FixedImagePyramid "FixedRecursiveImagePyramid")
(MovingImagePyramid "MovingRecursiveImagePyramid")

// The following components are most important:
// The optimizer AdaptiveStochasticGradientDescent (ASGD) works
// quite ok in general. The Transform and Metric are important
// and need to be chosen careful for each application. See manual.
(Optimizer "AdaptiveStochasticGradientDescent")
(Transform "EulerTransform")
(Metric "AdvancedMattesMutualInformation")

// ***************** Transformation **************************

// Scales the rotations compared to the translations, to make
// sure they are in the same range. In general, it's best to  
// use automatic scales estimation:
(AutomaticScalesEstimation "true")

// Automatically guess an initial translation by aligning the
// geometric centers of the fixed and moving.
(AutomaticTransformInitialization "true")

// Whether transforms are combined by composition or by addition.
// In generally, Compose is the best option in most cases.
// It does not influence the results very much.
(HowToCombineTransforms "Compose")

// ******************* Similarity measure *********************

// Number of grey level bins in each resolution level,
// for the mutual information. 16 or 32 usually works fine.
// You could also employ a hierarchical strategy:
//(NumberOfHistogramBins 16 32 64)
(NumberOfHistogramBins 32)

// If you use a mask, this option is important. 
// If the mask serves as region of interest, set it to false.
// If the mask indicates which pixels are valid, then set it to true.
// If you do not use a mask, the option doesn't matter.
(ErodeMask "false")

// ******************** Multiresolution **********************

// The number of resolutions. 1 Is only enough if the expected
// deformations are small. 3 or 4 mostly works fine. For large
// images and large deformations, 5 or 6 may even be useful.
(NumberOfResolutions 1)

// The downsampling/blurring factors for the image pyramids.
// By default, the images are downsampled by a factor of 2
// compared to the next resolution.
// So, in 2D, with 4 resolutions, the following schedule is used:
//(ImagePyramidSchedule 8 8  4 4  2 2  1 1 )
// And in 3D:
//(ImagePyramidSchedule 8 8 8  4 4 4  2 2 2  1 1 1 )
// You can specify any schedule, for example:
//(ImagePyramidSchedule 4 4  4 3  2 1  1 1 )
// Make sure that the number of elements equals the number
// of resolutions times the image dimension.

// ******************* Optimizer ****************************

// Maximum number of iterations in each resolution level:
// 200-500 works usually fine for rigid registration.
// For more robustness, you may increase this to 1000-2000.
(MaximumNumberOfIterations 500)

// The step size of the optimizer, in mm. By default the voxel size is used.
// which usually works well. In case of unusual high-resolution images
// (eg histology) it is necessary to increase this value a bit, to the size
// of the "smallest visible structure" in the image:
//(MaximumStepLength 1.0)

// **************** Image sampling **********************

// Number of spatial samples used to compute the mutual
// information (and its derivative) in each iteration.
// With an AdaptiveStochasticGradientDescent optimizer,
// in combination with the two options below, around 2000
// samples may already suffice.
(NumberOfSpatialSamples 2000)

// Refresh these spatial samples in every iteration, and select
// them randomly. See the manual for information on other sampling
// strategies.
(NewSamplesEveryIteration "true")
(ImageSampler "Random")

// ************* Interpolation and Resampling ****************

// Order of B-Spline interpolation used during registration/optimisation.
// It may improve accuracy if you set this to 3. Never use 0.
// An order of 1 gives linear interpolation. This is in most 
// applications a good choice.
(BSplineInterpolationOrder 1)

// Order of B-Spline interpolation used for applying the final
// deformation.
// 3 gives good accuracy; recommended in most cases.
// 1 gives worse accuracy (linear interpolation)
// 0 gives worst accuracy, but is appropriate for binary images
// (masks, segmentations); equivalent to nearest neighbor interpolation.
(FinalBSplineInterpolationOrder 3)

//Default pixel value for pixels that come from outside the picture:
(DefaultPixelValue 0)

// Choose whether to generate the deformed moving image.
// You can save some time by setting this to false, if you are
// only interested in the final (nonrigidly) deformed moving image
// for example.
(WriteResultImage "false")

// The pixel type and format of the resulting deformed moving image
(ResultImagePixelType "short")
(ResultImageFormat "nii.gz")




=============== end of ParameterFile: /Users/sakinkirti/Programming/Python/CCIPD/racial-disparity-pca/code_matlab/rigid.txt ===============


Reading images...
Reading images took 587 ms.

WARNING: the fixed pyramid schedule is not fully specified!
  A default pyramid schedule is used.
WARNING: the moving pyramid schedule is not fully specified!
  A default pyramid schedule is used.
WARNING: The parameter "AutomaticTransformInitializationMethod", requested at entry number 0, does not exist at all.
  The default value "GeometricalCenter" is used instead.
Transform parameters are initialized as: [0, 0, 0, 0.0000029355287551879883, 0.0000029355287551879883, -5.700008988380432]
Scales are estimated automatically.
Scales for transform parameters are: [6681.819838182415, 6681.819838182426, 11775.514722260674, 1, 1, 1]
Initialization of all components (before registration) took: 9 ms.
Preparation of the image pyramids took: 77 ms.

Resolution: 0
WARNING: The parameter "ShowExactMetricValue", requested at entry number 0, does not exist at all.
  The default value "false" is used instead.
WARNING: The parameter "CheckNumberOfSamples", requested at entry number 0, does not exist at all.
  The default value "true" is used instead.
WARNING: The parameter "UseMultiThreadingForMetrics", requested at entry number 0, does not exist at all.
  The default value "true" is used instead.
Setting the fixed masks took: 0 ms.
Setting the moving masks took: 0 ms.
WARNING: The parameter "NumberOfFixedHistogramBins", requested at entry number 0, does not exist at all.
  The default value "32" is used instead.
WARNING: The parameter "NumberOfMovingHistogramBins", requested at entry number 0, does not exist at all.
  The default value "32" is used instead.
WARNING: The parameter "FixedLimitRangeRatio", requested at entry number 0, does not exist at all.
  The default value "0.01" is used instead.
WARNING: The parameter "MovingLimitRangeRatio", requested at entry number 0, does not exist at all.
  The default value "0.01" is used instead.
WARNING: The parameter "FixedKernelBSplineOrder", requested at entry number 0, does not exist at all.
  The default value "0" is used instead.
WARNING: The parameter "MovingKernelBSplineOrder", requested at entry number 0, does not exist at all.
  The default value "3" is used instead.
WARNING: The parameter "UseFastAndLowMemoryVersion", requested at entry number 0, does not exist at all.
  The default value "true" is used instead.
WARNING: The parameter "UseJacobianPreconditioning", requested at entry number 0, does not exist at all.
  The default value "false" is used instead.
WARNING: The parameter "FiniteDifferenceDerivative", requested at entry number 0, does not exist at all.
  The default value "false" is used instead.
WARNING: The parameter "SP_A", requested at entry number 0, does not exist at all.
  The default value "20" is used instead.
WARNING: The parameter "MaximumNumberOfSamplingAttempts", requested at entry number 0, does not exist at all.
  The default value "0" is used instead.
WARNING: The parameter "SigmoidInitialTime", requested at entry number 0, does not exist at all.
  The default value "0" is used instead.
WARNING: The parameter "MaxBandCovSize", requested at entry number 0, does not exist at all.
  The default value "192" is used instead.
WARNING: The parameter "NumberOfBandStructureSamples", requested at entry number 0, does not exist at all.
  The default value "10" is used instead.
WARNING: The parameter "UseAdaptiveStepSizes", requested at entry number 0, does not exist at all.
  The default value "true" is used instead.
WARNING: The parameter "AutomaticParameterEstimation", requested at entry number 0, does not exist at all.
  The default value "true" is used instead.
WARNING: The parameter "UseConstantStep", requested at entry number 0, does not exist at all.
  The default value "false" is used instead.
WARNING: The parameter "MaximumStepLengthRatio", requested at entry number 0, does not exist at all.
  The default value "1" is used instead.
WARNING: The parameter "MaximumStepLength", requested at entry number 0, does not exist at all.
  The default value "0.851136" is used instead.
WARNING: The parameter "NumberOfGradientMeasurements", requested at entry number 0, does not exist at all.
  The default value "0" is used instead.
WARNING: The parameter "NumberOfJacobianMeasurements", requested at entry number 0, does not exist at all.
  The default value "1000" is used instead.
WARNING: The parameter "NumberOfSamplesForExactGradient", requested at entry number 0, does not exist at all.
  The default value "100000" is used instead.
WARNING: The parameter "SigmoidScaleFactor", requested at entry number 0, does not exist at all.
  The default value "0.1" is used instead.
Elastix initialization of all components (for this resolution) took: 1 ms.
  Computing the fixed image extrema took 4 ms.
  Computing the moving image extrema took 80 ms.
Initialization of AdvancedMattesMutualInformation metric took: 730 ms.
Starting automatic parameter estimation for AdaptiveStochasticGradientDescent ...
WARNING: The parameter "ASGDParameterEstimationMethod", requested at entry number 0, does not exist at all.
  The default value "Original" is used instead.
  Computing JacobianTerms ...
  Computing the Jacobian terms took 0.001601s
  NumberOfGradientMeasurements to estimate sigma_i: 6
  Sampling gradients ...
  Sampling the gradients took 0.541009s
Automatic parameter estimation took 0.54s
1:ItNr	2:Metric	3a:Time	3b:StepSize	4:||Gradient||	Time[ms]
0	-0.164889	0.000000	0.991628	0.061666	1276.9
1	-0.170713	0.000000	0.991628	0.016256	7.0
2	-0.170240	0.957151	0.948401	0.070191	3.7
3	-0.193180	1.867309	0.910653	0.091199	1.9
4	-0.178609	0.917366	0.950123	0.035953	1.8
5	-0.189015	0.000000	0.991628	0.025170	3.1
6	-0.190137	0.230248	0.980873	0.035260	3.0
7	-0.158766	0.000000	0.991628	0.034615	2.0
8	-0.169486	0.779530	0.956136	0.022605	4.2
9	-0.176133	1.488889	0.925977	0.099191	2.3
10	-0.191357	2.478290	0.886955	0.027095	1.6
11	-0.153089	1.528605	0.924344	0.044146	3.5
12	-0.194225	2.460047	0.887645	0.032810	3.9
13	-0.191515	2.663118	0.880027	0.031120	5.7
14	-0.197660	1.885313	0.909937	0.049646	3.0
15	-0.209314	2.152205	0.899447	0.026212	8.0
16	-0.179489	3.135482	0.862804	0.051332	2.5
17	-0.182000	4.127947	0.828726	0.074053	1.8
18	-0.198868	3.742570	0.841634	0.109515	1.8
19	-0.208202	4.742570	0.808940	0.116893	3.7
20	-0.190285	5.742570	0.778691	0.060401	3.9
21	-0.176669	4.792627	0.807370	0.066291	3.9
22	-0.174122	5.792407	0.777242	0.036489	2.0
23	-0.194357	6.792350	0.749278	0.054686	3.4
24	-0.180815	5.844318	0.775739	0.025999	3.5
25	-0.200160	6.103070	0.768333	0.067308	3.9
26	-0.203517	6.740309	0.750683	0.031088	3.9
27	-0.180500	7.717903	0.725129	0.026876	3.6
28	-0.159352	8.581474	0.703960	0.031008	4.6
29	-0.175709	7.791578	0.723274	0.049484	4.1
30	-0.181987	8.702021	0.701103	0.068076	2.3
31	-0.197281	8.906846	0.696302	0.043551	1.8
32	-0.191471	7.974549	0.718706	0.037827	1.7
33	-0.195150	8.961641	0.695028	0.057259	4.0
34	-0.208229	8.015597	0.717689	0.024307	4.8
35	-0.167445	7.567892	0.728937	0.018627	2.4
36	-0.162591	7.993088	0.718247	0.031450	3.3
37	-0.184244	8.009056	0.717851	0.039438	2.6
38	-0.185358	8.956430	0.695149	0.053896	4.7
39	-0.165166	8.033705	0.717242	0.043874	3.1
40	-0.179738	9.021000	0.693654	0.042649	2.0
41	-0.167702	8.384298	0.708684	0.060404	2.8
42	-0.171047	9.383789	0.685372	0.016857	3.3
43	-0.189360	8.531247	0.705158	0.050479	3.9
44	-0.191345	9.438183	0.684147	0.048846	3.3
45	-0.199280	10.434211	0.662469	0.047474	3.8
46	-0.187364	10.735467	0.656180	0.027140	3.9
47	-0.168976	10.334556	0.664576	0.040527	2.5
48	-0.198251	9.856947	0.674862	0.027072	3.9
49	-0.168766	10.775720	0.655349	0.016114	2.4
50	-0.203859	10.540834	0.660229	0.056961	3.0
51	-0.188174	10.318704	0.664912	0.032435	4.2
52	-0.157468	11.172423	0.647268	0.034435	3.5
53	-0.189911	12.026902	0.630522	0.027270	3.1
54	-0.171467	11.103589	0.648656	0.036026	1.9
55	-0.159199	12.008074	0.630882	0.019620	3.8
56	-0.183259	12.639646	0.619037	0.031367	2.6
57	-0.224513	12.394401	0.623583	0.072422	3.2
58	-0.184711	12.826347	0.615620	0.093130	2.8
59	-0.158800	11.876425	0.633408	0.035476	2.8
60	-0.164839	10.926482	0.652254	0.044392	2.3
61	-0.196097	11.917009	0.632627	0.026543	3.7
62	-0.207460	11.654565	0.637711	0.063502	2.3
63	-0.185813	12.080329	0.629504	0.062011	6.1
64	-0.203143	11.406157	0.642600	0.071339	5.0
65	-0.191529	10.456214	0.662006	0.062525	3.2
66	-0.177753	11.456214	0.641609	0.053701	2.2
67	-0.192037	12.201549	0.627205	0.049115	3.1
68	-0.222750	11.458569	0.641562	0.147014	4.4
69	-0.180160	12.457263	0.622412	0.075767	5.4
70	-0.189579	13.457263	0.604348	0.049940	2.4
71	-0.173489	13.063011	0.611343	0.038554	1.8
72	-0.180022	12.297538	0.625397	0.072982	2.5
73	-0.197014	13.297328	0.607166	0.036591	6.3
74	-0.201519	14.040792	0.594284	0.083298	4.4
75	-0.188350	15.040780	0.577795	0.025582	2.2
76	-0.190460	14.712097	0.583113	0.024791	2.7
77	-0.177570	14.492761	0.586716	0.026400	2.0
78	-0.171176	15.095652	0.576917	0.045034	5.7
79	-0.201090	14.704334	0.583240	0.037670	2.2
80	-0.171852	15.702020	0.567385	0.045551	3.6
81	-0.158100	14.753341	0.582440	0.030758	2.2
82	-0.151598	13.828370	0.597909	0.038746	5.6
83	-0.191272	14.777725	0.582043	0.043646	2.9
84	-0.160045	15.773860	0.566277	0.026598	3.3
85	-0.182579	15.967579	0.563309	0.040657	2.4
86	-0.198165	16.305466	0.558207	0.021157	4.8
87	-0.174341	16.993382	0.548100	0.017088	3.2
88	-0.165179	17.064613	0.547075	0.045839	2.7
89	-0.192425	17.585568	0.539689	0.032610	2.3
90	-0.178748	16.638806	0.553264	0.055784	3.0
91	-0.188025	16.932339	0.548982	0.080055	4.0
92	-0.189019	15.984016	0.563059	0.026118	3.1
93	-0.196863	15.034709	0.577892	0.040392	3.4
94	-0.180766	14.898778	0.580081	0.038007	2.8
95	-0.190434	15.417984	0.571811	0.035480	5.6
96	-0.195937	16.391894	0.556917	0.050365	2.3
97	-0.162165	17.380840	0.542567	0.047943	2.8
98	-0.197287	18.380641	0.528792	0.036319	2.7
99	-0.208026	19.345656	0.516144	0.076675	5.6
100	-0.193984	18.408575	0.528418	0.059903	4.4
101	-0.192805	19.408575	0.515341	0.058092	2.8
102	-0.188748	18.458632	0.527747	0.061644	3.5
103	-0.183166	17.511229	0.540730	0.035470	3.7
104	-0.193602	18.510678	0.527052	0.069919	4.3
105	-0.182700	19.280360	0.516981	0.036701	2.1
106	-0.181828	19.387406	0.515611	0.038341	1.9
107	-0.198565	19.926675	0.508817	0.031890	3.8
108	-0.185497	20.751911	0.498760	0.045367	3.8
109	-0.175902	21.746379	0.487157	0.051159	1.9
110	-0.168499	20.802918	0.498152	0.013056	3.6
111	-0.195112	21.226540	0.493154	0.094369	1.9
112	-0.162091	20.336616	0.503771	0.026054	4.0
113	-0.176399	20.586376	0.500745	0.027029	4.3
114	-0.185784	20.566412	0.500986	0.026511	2.1
115	-0.164272	20.213352	0.505278	0.102203	3.4
116	-0.194679	21.115455	0.494455	0.095052	2.0
117	-0.158042	20.165511	0.505865	0.019953	6.9
118	-0.164227	19.271492	0.517095	0.093206	3.8
119	-0.161631	20.219618	0.505201	0.018196	2.2
120	-0.209118	20.229721	0.505077	0.006231	3.4
121	-0.197485	20.329822	0.503854	0.046650	2.3
122	-0.180452	20.492903	0.501873	0.025001	4.6
123	-0.203926	20.111282	0.506532	0.018026	3.0
124	-0.181541	20.761370	0.498647	0.032642	2.8
125	-0.180167	19.966219	0.508326	0.028292	3.2
126	-0.209033	19.739260	0.511158	0.067547	2.6
127	-0.186140	19.847068	0.509809	0.086425	3.6
128	-0.202341	18.897554	0.521941	0.027043	2.8
129	-0.176669	19.878389	0.509418	0.041053	2.9
130	-0.181829	19.112079	0.519150	0.033206	3.3
131	-0.181143	20.092713	0.506761	0.047997	3.1
132	-0.175595	19.162852	0.518494	0.021929	4.9
133	-0.165012	19.663356	0.512112	0.042757	2.1
134	-0.165316	19.804158	0.510345	0.068680	4.3
135	-0.221589	18.854217	0.522509	0.057450	3.9
136	-0.186827	19.854216	0.509719	0.046496	4.7
137	-0.201726	20.854205	0.497541	0.045173	3.2
138	-0.174190	21.825873	0.486252	0.058258	2.3
139	-0.217512	22.750848	0.475972	0.018406	2.6
140	-0.160163	21.896861	0.485448	0.044690	4.0
141	-0.196130	21.026454	0.495502	0.147457	3.2
142	-0.184914	22.026452	0.483986	0.062879	3.0
143	-0.191558	21.076508	0.494912	0.031486	2.6
144	-0.192223	20.142797	0.506144	0.023674	3.2
145	-0.201436	19.380298	0.515702	0.057573	4.5
146	-0.206364	20.308380	0.504115	0.117435	2.3
147	-0.166770	21.307926	0.492205	0.079531	3.2
148	-0.219033	20.997984	0.495838	0.024209	3.2
149	-0.157526	21.995117	0.484338	0.032664	2.6
150	-0.158531	21.327160	0.491982	0.032217	4.1
151	-0.181437	20.388962	0.503134	0.056620	2.9
152	-0.209909	21.387408	0.491282	0.090648	1.9
153	-0.177650	20.437465	0.502545	0.025342	2.9
154	-0.211423	21.437311	0.490705	0.088482	4.6
155	-0.176125	22.392210	0.479906	0.066796	2.8
156	-0.207937	21.442283	0.490647	0.044998	3.0
157	-0.190003	21.854373	0.485929	0.042582	3.4
158	-0.217571	22.643465	0.477143	0.045834	4.9
159	-0.144460	22.656964	0.476996	0.016860	4.4
160	-0.187119	22.408911	0.479721	0.039886	1.9
161	-0.181657	22.895329	0.474406	0.079531	2.8
162	-0.198317	23.895223	0.463840	0.020674	5.5
163	-0.196405	24.139518	0.461329	0.013241	3.7
164	-0.188735	24.118206	0.461547	0.026537	2.1
165	-0.185643	24.131448	0.461412	0.020421	2.1
166	-0.191838	23.891842	0.463875	0.022437	3.8
167	-0.202657	23.262581	0.470469	0.068464	5.0
168	-0.173742	24.246977	0.460234	0.029359	3.7
169	-0.187938	23.324952	0.469807	0.020751	2.0
170	-0.188635	24.128025	0.461447	0.032825	2.7
171	-0.184834	23.404628	0.468964	0.017706	6.5
172	-0.196114	23.416123	0.468843	0.036201	3.7
173	-0.171635	23.936220	0.463417	0.046114	4.0
174	-0.207525	24.384195	0.458842	0.017263	2.0
175	-0.175579	23.962007	0.463151	0.061422	5.1
176	-0.193354	23.509390	0.467861	0.021779	3.2
177	-0.177026	22.733769	0.476158	0.036101	3.7
178	-0.213675	22.536408	0.478317	0.037106	2.3
179	-0.190710	21.594248	0.488897	0.040258	5.3
180	-0.206325	22.104328	0.483111	0.020723	2.9
181	-0.201914	22.916857	0.474173	0.049753	2.0
182	-0.211583	23.011649	0.473152	0.093586	3.3
183	-0.185207	24.001201	0.462747	0.061037	2.8
184	-0.168808	25.001201	0.452688	0.031923	4.6
185	-0.183154	24.062595	0.462117	0.022160	3.6
186	-0.192869	23.562263	0.467305	0.048100	3.1
187	-0.152460	22.735797	0.476136	0.038360	3.7
188	-0.177980	21.793878	0.486616	0.036464	2.9
189	-0.187151	22.266342	0.481302	0.026709	2.1
190	-0.221690	22.557094	0.478089	0.041831	2.0
191	-0.177201	23.525047	0.467696	0.014333	1.9
192	-0.182483	23.062344	0.472607	0.072553	1.9
193	-0.183573	22.620164	0.477398	0.026254	2.0
194	-0.177458	21.728337	0.487362	0.050277	1.8
195	-0.180283	22.102253	0.483135	0.024899	2.2
196	-0.205139	21.363061	0.491565	0.060341	1.8
197	-0.205238	20.752889	0.498748	0.065016	1.8
198	-0.197371	21.650257	0.488255	0.012151	1.9
199	-0.192025	22.146677	0.482637	0.055008	1.9
200	-0.204647	21.664148	0.488096	0.045843	2.0
201	-0.169629	22.621794	0.477380	0.037372	2.1
202	-0.211566	21.674260	0.487980	0.032454	1.9
203	-0.167177	21.489510	0.490102	0.055640	2.3
204	-0.175700	22.483651	0.478897	0.030027	2.0
205	-0.196136	23.449211	0.468494	0.053863	2.1
206	-0.165399	24.217968	0.460529	0.035545	2.0
207	-0.183131	25.112154	0.451599	0.047609	2.2
208	-0.197995	24.808311	0.454594	0.036779	2.1
209	-0.185864	25.718043	0.445742	0.027998	3.6
210	-0.188371	26.458048	0.438791	0.017300	3.2
211	-0.196447	27.018386	0.433671	0.030047	6.4
212	-0.193358	27.695187	0.427644	0.018560	8.4
213	-0.194705	27.567896	0.428764	0.033038	4.9
214	-0.182978	26.778640	0.435847	0.024809	2.1
215	-0.192713	26.583949	0.437630	0.055872	3.7
216	-0.201686	27.489991	0.429453	0.015451	3.4
217	-0.193291	27.375264	0.430472	0.031584	4.4
218	-0.181928	27.099115	0.432943	0.033387	3.9
219	-0.148483	28.010058	0.424896	0.027341	2.1
220	-0.180811	27.277048	0.431348	0.041681	2.4
221	-0.196444	26.965525	0.434149	0.025153	4.3
222	-0.198819	27.900565	0.425848	0.039209	4.9
223	-0.199067	27.514769	0.429234	0.056571	3.0
224	-0.193035	28.512234	0.420587	0.025353	3.3
225	-0.206351	27.590987	0.428561	0.083688	4.1
226	-0.207099	26.661818	0.436916	0.025283	3.3
227	-0.201429	25.729834	0.445629	0.040882	5.0
228	-0.201839	24.938061	0.453310	0.023090	3.3
229	-0.172702	24.080096	0.461938	0.035077	4.4
230	-0.176603	24.910547	0.453582	0.125296	4.9
231	-0.166891	23.961476	0.463156	0.057536	2.6
232	-0.186562	24.961476	0.453079	0.038210	2.1
233	-0.180071	24.014970	0.462606	0.035734	3.4
234	-0.179143	23.079063	0.472428	0.065008	2.5
235	-0.231665	22.469746	0.479050	0.091141	3.3
236	-0.176114	21.519803	0.489753	0.021779	2.7
237	-0.163021	21.965562	0.484672	0.026015	2.5
238	-0.173201	21.814999	0.486376	0.042726	4.2
239	-0.192280	20.948439	0.496423	0.014109	3.3
240	-0.216402	21.112712	0.494487	0.088664	2.3
241	-0.198384	21.704617	0.487633	0.074204	3.1
242	-0.200999	22.704617	0.476476	0.023595	2.3
243	-0.204363	21.755421	0.487054	0.024087	4.6
244	-0.181731	21.081819	0.494850	0.027459	2.7
245	-0.184843	21.639748	0.488375	0.021204	2.9
246	-0.195357	21.733951	0.487298	0.067694	3.5
247	-0.154146	20.832861	0.497795	0.042040	3.6
248	-0.181796	19.883015	0.509360	0.022333	3.6
249	-0.162386	19.490041	0.514304	0.032208	2.7
250	-0.207070	19.452098	0.514786	0.044116	2.4
251	-0.198001	18.698581	0.524557	0.030290	3.3
252	-0.179378	17.935462	0.534839	0.023602	3.9
253	-0.166250	17.266278	0.544192	0.050201	3.4
254	-0.169727	16.748251	0.551660	0.041584	3.2
255	-0.190368	16.270056	0.558738	0.055454	3.4
256	-0.185526	15.610699	0.568801	0.069700	2.6
257	-0.179180	16.610687	0.553677	0.033255	3.2
258	-0.154726	15.843372	0.565209	0.056661	3.1
259	-0.202866	16.779206	0.551208	0.036084	2.9
260	-0.182051	17.731083	0.537661	0.031951	3.2
261	-0.190792	17.654810	0.538722	0.018941	3.0
262	-0.185310	18.499539	0.527201	0.067140	4.4
263	-0.164184	17.651262	0.538771	0.068060	3.0
264	-0.172077	18.649388	0.525208	0.045786	2.6
265	-0.196359	19.640569	0.512399	0.031791	3.8
266	-0.161091	18.745283	0.523941	0.035055	2.8
267	-0.153990	18.428538	0.528150	0.094046	4.1
268	-0.183747	19.428353	0.515089	0.052296	3.1
269	-0.213318	18.478469	0.527482	0.051836	4.6
270	-0.187528	19.395277	0.515510	0.024461	4.1
271	-0.191323	19.771807	0.510750	0.031767	1.8
272	-0.181757	20.355617	0.503540	0.059872	2.8
273	-0.229842	19.412839	0.515286	0.033726	4.1
274	-0.170201	18.831502	0.522807	0.109224	8.1
275	-0.163672	19.831497	0.510003	0.038819	3.0
276	-0.198681	20.831399	0.497812	0.105540	4.7
277	-0.195346	19.881456	0.509380	0.011875	5.7
278	-0.180195	19.541964	0.513645	0.035574	2.0
279	-0.203600	19.457595	0.514716	0.039450	2.2
280	-0.183626	20.446515	0.502435	0.061755	5.6
281	-0.193137	21.446428	0.490599	0.048079	4.8
282	-0.202434	22.443500	0.479340	0.034060	3.5
283	-0.193246	23.392309	0.469094	0.043945	2.2
284	-0.223198	23.830497	0.464509	0.010155	3.4
285	-0.183949	23.796796	0.464859	0.064301	3.8
286	-0.189658	23.881515	0.463981	0.030283	4.6
287	-0.189449	23.023673	0.473022	0.057292	2.9
288	-0.194298	23.088261	0.472330	0.021062	2.9
289	-0.179363	23.241752	0.470691	0.042827	2.9
290	-0.188074	22.684445	0.476696	0.034039	3.0
291	-0.207526	21.954641	0.484795	0.017174	4.1
292	-0.170859	22.164225	0.482441	0.060065	2.7
293	-0.180029	22.979669	0.473496	0.046326	3.1
294	-0.161989	22.029847	0.483948	0.023989	1.9
295	-0.188884	21.426637	0.490828	0.016464	5.0
296	-0.184283	21.673591	0.487988	0.025233	2.0
297	-0.213047	22.165046	0.482432	0.047908	2.8
298	-0.188662	21.232562	0.493084	0.026607	3.6
299	-0.170616	22.177524	0.482292	0.038061	8.4
300	-0.175599	21.251862	0.492858	0.041414	2.5
301	-0.181880	20.694229	0.499450	0.037175	3.5
302	-0.206452	21.154742	0.493994	0.041023	2.2
303	-0.183625	22.146882	0.482635	0.025775	5.6
304	-0.186630	23.044389	0.472800	0.025744	2.7
305	-0.189300	22.695435	0.476576	0.108756	3.8
306	-0.191702	23.604232	0.466866	0.020694	1.9
307	-0.188000	23.679836	0.466076	0.044411	5.9
308	-0.204856	22.902890	0.474324	0.039744	2.6
309	-0.176660	22.031219	0.483932	0.014320	4.3
310	-0.194304	21.767017	0.486922	0.032123	2.0
311	-0.176871	22.445746	0.479315	0.023849	8.0
312	-0.191960	22.688760	0.476649	0.048073	1.9
313	-0.178446	22.006310	0.484212	0.039501	3.5
314	-0.207088	21.068133	0.495011	0.017736	5.7
315	-0.177980	21.447354	0.490589	0.034172	2.9
316	-0.179662	21.875654	0.485688	0.030895	3.1
317	-0.183028	20.950878	0.496395	0.085126	2.8
318	-0.194575	21.950793	0.484838	0.073215	2.8
319	-0.203705	22.950781	0.473807	0.012553	7.6
320	-0.173934	23.879982	0.463997	0.020857	3.8
321	-0.192211	24.102018	0.461713	0.034055	3.1
322	-0.190105	24.463873	0.458038	0.082224	5.6
323	-0.185175	23.519570	0.467754	0.016003	3.0
324	-0.198829	22.979310	0.473500	0.043635	2.3
325	-0.173019	23.084540	0.472369	0.067221	3.7
326	-0.187525	24.061747	0.462126	0.033854	3.6
327	-0.204404	25.012035	0.452581	0.047157	3.6
328	-0.184621	25.584413	0.447020	0.025470	2.1
329	-0.203669	24.770107	0.454974	0.030246	2.5
330	-0.233414	24.042323	0.462325	0.034796	4.0
331	-0.184173	24.204764	0.460664	0.045011	4.3
332	-0.158057	25.154449	0.451185	0.033366	2.2
333	-0.197395	24.209252	0.460618	0.064408	3.0
334	-0.183821	23.259530	0.470502	0.020484	2.2
335	-0.199600	22.389585	0.479935	0.098007	8.6
336	-0.192266	23.239788	0.470712	0.056575	3.1
337	-0.213007	22.289844	0.481041	0.061324	3.3
338	-0.169875	21.339903	0.491834	0.032618	3.0
339	-0.212580	22.338699	0.480499	0.022654	5.4
340	-0.204008	23.069833	0.472527	0.055481	2.3
341	-0.173961	24.018879	0.462566	0.047733	2.0
342	-0.196144	24.568284	0.456989	0.042026	3.1
343	-0.180660	23.628246	0.466615	0.056695	3.5
344	-0.185056	22.680343	0.476740	0.033597	4.2
345	-0.184845	21.737540	0.487258	0.015301	2.9
346	-0.184809	22.378192	0.480061	0.045515	2.2
347	-0.189217	23.060640	0.472626	0.022966	4.5
348	-0.182171	22.150020	0.482600	0.045487	4.9
349	-0.178599	21.271889	0.492625	0.082459	2.7
350	-0.180270	22.254167	0.481438	0.046139	2.0
351	-0.187543	23.253630	0.470565	0.023902	3.1
352	-0.195975	22.979924	0.473493	0.014832	3.3
353	-0.178611	23.083660	0.472379	0.074079	4.2
354	-0.195410	23.234832	0.470764	0.077540	2.3
355	-0.192894	22.287022	0.481072	0.058144	2.9
356	-0.201615	21.337078	0.491866	0.031706	3.7
357	-0.181698	20.756763	0.498702	0.018523	3.9
358	-0.172974	19.974402	0.508224	0.029443	5.3
359	-0.197402	20.301556	0.504199	0.049796	3.1
360	-0.189190	20.715751	0.499192	0.040777	4.4
361	-0.157899	19.767084	0.510809	0.041307	3.5
362	-0.205122	18.824640	0.522897	0.026538	4.4
363	-0.164730	18.430154	0.528128	0.034825	2.8
364	-0.172117	17.521095	0.540592	0.027860	4.4
365	-0.181990	17.094048	0.546652	0.096218	2.4
366	-0.187003	17.628785	0.539085	0.058587	5.0
367	-0.188639	18.628785	0.525481	0.014506	2.4
368	-0.178177	19.004251	0.520549	0.019294	2.8
369	-0.205890	19.262013	0.517217	0.038181	4.0
370	-0.187780	18.693282	0.524627	0.029191	2.4
371	-0.186409	19.632984	0.512495	0.009917	4.5
372	-0.159887	19.578876	0.513178	0.032290	2.0
373	-0.181004	19.273143	0.517074	0.025858	3.1
374	-0.196642	20.013899	0.507735	0.039148	4.3
375	-0.187159	20.661223	0.499846	0.027845	3.3
376	-0.184759	19.730700	0.511265	0.049983	2.7
377	-0.196742	20.716999	0.499178	0.017215	3.3
378	-0.186095	19.811436	0.510254	0.027559	3.4
379	-0.208670	19.418484	0.515214	0.031076	3.1
380	-0.202555	20.073293	0.507001	0.018012	3.3
381	-0.178038	19.522391	0.513893	0.071345	2.4
382	-0.188478	19.738921	0.511162	0.051182	3.4
383	-0.194516	20.738183	0.498924	0.036835	2.9
384	-0.197089	19.969042	0.508291	0.068384	3.2
385	-0.170030	20.450181	0.502391	0.022382	2.1
386	-0.197967	19.557719	0.513446	0.053545	1.8
387	-0.188069	18.620410	0.525592	0.020649	4.5
388	-0.181274	17.828381	0.536314	0.063017	5.1
389	-0.205879	16.892480	0.549560	0.023936	2.8
390	-0.179138	16.126268	0.560902	0.059397	1.8
391	-0.220513	15.199142	0.575267	0.028087	3.8
392	-0.219167	16.122142	0.560964	0.030180	3.5
393	-0.178712	15.318087	0.573383	0.036535	4.7
394	-0.188327	15.693083	0.567524	0.030867	2.7
395	-0.193815	14.784340	0.581936	0.031264	2.8
396	-0.186216	14.202606	0.591552	0.024328	2.4
397	-0.171513	13.641221	0.601139	0.029226	3.1
398	-0.211032	14.170960	0.592085	0.025774	4.0
399	-0.171126	15.070967	0.577312	0.024805	3.0
400	-0.189203	15.199449	0.575263	0.052727	2.7
401	-0.174786	16.186270	0.559997	0.027007	2.3
402	-0.206554	15.526756	0.570108	0.025493	5.6
403	-0.184910	14.925666	0.579647	0.019178	4.4
404	-0.180325	14.873716	0.580486	0.046976	3.4
405	-0.195492	14.165141	0.592183	0.033555	3.3
406	-0.200264	13.267938	0.607687	0.047073	4.6
407	-0.195445	14.264565	0.590513	0.034254	2.3
408	-0.184718	15.200827	0.575241	0.024728	3.0
409	-0.171853	15.710530	0.567254	0.025407	2.3
410	-0.198926	15.974391	0.563206	0.041565	3.8
411	-0.178742	15.114871	0.576610	0.031435	4.3
412	-0.218215	16.092880	0.561407	0.037849	2.5
413	-0.227014	16.636482	0.553298	0.031826	3.4
414	-0.225433	17.010489	0.547854	0.035479	2.1
415	-0.203111	17.805736	0.536627	0.012159	4.3
416	-0.191059	18.039087	0.533419	0.038636	3.4
417	-0.186510	18.061567	0.533112	0.047685	2.5
418	-0.199277	17.189392	0.545287	0.040289	3.5
419	-0.175219	18.189117	0.531377	0.020058	3.5
420	-0.206356	19.053742	0.519906	0.031916	4.4
421	-0.171162	19.196132	0.518064	0.041039	1.9
422	-0.195174	20.162219	0.505905	0.020768	3.0
423	-0.170105	19.298230	0.516752	0.020634	3.7
424	-0.215591	18.569813	0.526264	0.052315	4.2
425	-0.208634	17.652640	0.538752	0.024847	3.4
426	-0.193596	16.824620	0.550546	0.053242	3.4
427	-0.222864	17.125274	0.546204	0.022631	3.8
428	-0.206577	17.012288	0.547828	0.069919	2.5
429	-0.198626	16.079605	0.561608	0.042260	4.8
430	-0.188239	17.079599	0.546859	0.033240	3.1
431	-0.202049	17.391681	0.542414	0.039720	2.5
432	-0.201263	16.851456	0.550156	0.021017	2.5
433	-0.153590	16.960452	0.548576	0.018394	4.9
434	-0.183809	17.273434	0.544090	0.037260	3.0
435	-0.210142	18.182903	0.531461	0.054475	2.9
436	-0.179080	17.952719	0.534602	0.024773	2.6
437	-0.170093	17.058260	0.547166	0.025565	2.8
438	-0.184664	16.561759	0.554399	0.021003	4.1
439	-0.174555	16.128576	0.560867	0.034710	3.1
440	-0.175589	16.890495	0.549589	0.015276	3.2
441	-0.175197	16.966126	0.548494	0.035369	2.1
442	-0.203554	16.628910	0.553409	0.019339	5.6
443	-0.201550	16.031558	0.562336	0.039963	3.6
444	-0.183536	15.577472	0.569317	0.018597	5.2
445	-0.190145	15.598612	0.568988	0.029524	2.4
446	-0.157630	15.408158	0.571965	0.027120	5.9
447	-0.204670	14.661581	0.583939	0.024648	2.4
448	-0.201376	15.019272	0.578140	0.026441	3.0
449	-0.163571	15.485215	0.570757	0.032310	2.4
450	-0.199763	14.625992	0.584522	0.049806	4.1
451	-0.158124	15.567967	0.569465	0.024029	3.9
452	-0.164732	16.532181	0.554836	0.040075	1.8
453	-0.187653	15.675041	0.567803	0.019626	2.9
454	-0.189198	14.802830	0.581635	0.030702	2.3
455	-0.187440	14.995098	0.578528	0.052516	4.8
456	-0.200914	14.047739	0.594166	0.017282	3.6
457	-0.184357	14.751177	0.582476	0.062699	1.9
458	-0.212583	15.096329	0.576906	0.030148	2.5
459	-0.207022	16.088978	0.561466	0.030996	5.2
460	-0.170986	16.220639	0.559480	0.043939	4.9
461	-0.182429	16.716040	0.552131	0.025793	2.1
462	-0.216876	17.237527	0.544601	0.025328	1.8
463	-0.182832	17.036349	0.547481	0.054318	3.8
464	-0.197954	16.113853	0.561089	0.031450	4.5
465	-0.188018	17.052799	0.547245	0.022133	3.5
466	-0.188524	16.240558	0.559180	0.013471	2.8
467	-0.180108	16.123059	0.560950	0.031431	1.8
468	-0.188390	16.381558	0.557071	0.037436	3.8
469	-0.183015	15.482430	0.570800	0.017081	3.7
470	-0.140959	15.509176	0.570382	0.038166	6.7
471	-0.150088	15.650758	0.568179	0.044351	3.0
472	-0.159659	14.933641	0.579518	0.027002	6.4
473	-0.191707	15.727040	0.566999	0.038264	4.4
474	-0.179241	15.428001	0.571653	0.017233	2.9
475	-0.219306	15.303533	0.573613	0.019377	1.9
476	-0.163507	15.457044	0.571198	0.029906	4.8
477	-0.153192	15.398057	0.572124	0.023551	3.9
478	-0.195613	14.828416	0.581220	0.033403	2.7
479	-0.193950	15.004047	0.578385	0.022071	4.5
480	-0.217570	14.165862	0.592171	0.056626	3.3
481	-0.194713	13.758679	0.599108	0.018039	3.0
482	-0.153814	14.394764	0.588341	0.018237	2.1
483	-0.169848	14.450194	0.587421	0.041731	2.4
484	-0.172981	14.125745	0.592847	0.036925	3.4
485	-0.175120	13.504854	0.603515	0.013186	4.1
486	-0.172378	13.121492	0.610295	0.037368	2.8
487	-0.198124	12.782940	0.616411	0.057950	2.8
488	-0.203601	11.833609	0.634234	0.059642	5.7
489	-0.193492	12.833609	0.615488	0.070130	6.1
490	-0.203559	13.833609	0.597819	0.048166	4.5
491	-0.173891	14.780379	0.582000	0.044237	3.3
492	-0.189764	13.840460	0.597701	0.033841	6.1
493	-0.231456	12.940701	0.613546	0.046933	2.3
494	-0.182588	12.952495	0.613333	0.026796	4.2
495	-0.190755	12.149575	0.628189	0.029731	2.6
496	-0.172179	12.856044	0.615080	0.020617	6.0
497	-0.224802	13.076874	0.611094	0.029252	3.2
498	-0.192596	13.171895	0.609395	0.007960	4.9
499	-0.199487	13.274568	0.607570	0.015208	5.8
Time spent in resolution 0 (ITK initialization and iterating): 3.169 s.
Stopping condition: Maximum number of iterations has been reached.
Settings of AdaptiveStochasticGradientDescent in resolution 0:
( SP_a 20.824187 )
( SP_A 20.000000 )
( SP_alpha 1.000000 )
( SigmoidMax 1.000000 )
( SigmoidMin -0.949943 )
( SigmoidScale 0.000204 )



=============== start of TransformParameterFile ===============
(Transform "EulerTransform")
(NumberOfParameters 6)
(TransformParameters 0.001233 -0.001059 0.002315 -0.462142 -0.496040 -4.812231)
(InitialTransformParametersFileName "NoInitialTransform")
(UseBinaryFormatForTransformationParameters "false")
(HowToCombineTransforms "Compose")

// Image specific
(FixedImageDimension 3)
(MovingImageDimension 3)
(FixedInternalImagePixelType "float")
(MovingInternalImagePixelType "float")
(Size 176 176 30)
(Index 0 0 0)
(Spacing 1.4772727489 1.4772727489 3.2999999523)
(Origin -129.2034606934 -147.2561950684 93.2795715332)
(Direction 1.0000000000 0.0000000000 0.0000000000 0.0000000000 1.0000000000 0.0000000000 0.0000000000 0.0000000000 1.0000000000)
(UseDirectionCosines "false")

// EulerTransform specific
(CenterOfRotationPoint 0.0579048395 -17.9948295355 141.1295708418)
(ComputeZYX "false")

// ResampleInterpolator specific
(ResampleInterpolator "FinalBSplineInterpolator")
(FinalBSplineInterpolationOrder 3)

// Resampler specific
(Resampler "DefaultResampler")
(DefaultPixelValue 0.000000)
(ResultImageFormat "nii.gz")
(ResultImagePixelType "short")
(CompressResultImage "false")

=============== end of TransformParameterFile ===============

Creating the TransformParameterFile took 0.00s

Registration result checksum: 283818740

Skipping applying final transform, no resulting output image generated.

Final metric value  = -0.199487
Settings of AdaptiveStochasticGradientDescent for all resolutions:
( SP_a 20.824187 )
( SP_A 20.000000 )
( SP_alpha 1.000000 )
( SigmoidMax 1.000000 )
( SigmoidMin -0.949943 )
( SigmoidScale 0.000204 )

Time spent on saving the results, applying the final transform etc.: 4 ms.
Running elastix with parameter file 0: "/Users/sakinkirti/Programming/Python/CCIPD/racial-disparity-pca/code_matlab/rigid.txt", has finished.


Current time: Mon May 23 08:26:15 2022.
Time used for running elastix with this parameter file:
  3.9s.

-------------------------------------------------------------------------

Total time elapsed: 4.0s.

