
elastix is started at Mon May 23 08:24:26 2022.

which elastix:   /Users/sakinkirti/Programming/Python/CCIPD/racial-disparity-pca/code_matlab/elastix-5.0.0-mac/bin/elastix
elastix runs at: Sakins-MBP.hsd1.ca.comcast.net
  macOS 12.3.1 (x64), 21E258
  with 8192 MB memory, and 2 cores @ 2300 MHz.
-------------------------------------------------------------------------

Running elastix with parameter file 0: "/Users/sakinkirti/Programming/Python/CCIPD/racial-disparity-pca/code_matlab/rigid.txt".

Current time: Mon May 23 08:24:26 2022.
Reading the elastix parameters from file ...

Installing all components.
InstallingComponents was successful.

ELASTIX version: 5.000
Command line options from ElastixBase:
-f        /Users/sakinkirti/Programming/Python/CCIPD/racial-disparity-pca/dataset/to_nifti_cleaned/prostate-000015/ADC.nii.gz
-m        /Users/sakinkirti/Programming/Python/CCIPD/racial-disparity-pca/dataset/to_nifti_cleaned/prostate-000015/T2W.nii.gz
-fMask    unspecified, so no fixed mask used
-mMask    unspecified, so no moving mask used
-out      /Users/sakinkirti/Programming/Python/CCIPD/racial-disparity-pca/dataset/to_nifti_cleaned/prostate-000015/
-p        /Users/sakinkirti/Programming/Python/CCIPD/racial-disparity-pca/code_matlab/rigid.txt
-threads  unspecified, so all available threads are used
Command line options from TransformBase:
-t0       unspecified, so no initial transform used

=============== start of ParameterFile: /Users/sakinkirti/Programming/Python/CCIPD/racial-disparity-pca/code_matlab/rigid.txt ===============
// Example parameter file for rotation registration
// C-style comments: //

// The internal pixel type, used for internal computations
// Leave to float in general. 
// NB: this is not the type of the input images! The pixel 
// type of the input images is automatically read from the 
// images themselves.
// This setting can be changed to "short" to save some memory
// in case of very large 3D images.
(FixedInternalImagePixelType "float")
(MovingInternalImagePixelType "float")

// The dimensions of the fixed and moving image
// Up to elastix 4.5 this had to be specified by the user.
// From elastix 4.6, this is not necessary anymore.
//(FixedImageDimension 3)
//(MovingImageDimension 3)

// Specify whether you want to take into account the so-called
// direction cosines of the images. Recommended: true.
// In some cases, the direction cosines of the image are corrupt,
// due to image format conversions for example. In that case, you 
// may want to set this option to "false".
(UseDirectionCosines "false")

// **************** Main Components **************************

// The following components should usually be left as they are:
(Registration "MultiResolutionRegistration")
(Interpolator "BSplineInterpolator")
(ResampleInterpolator "FinalBSplineInterpolator")
(Resampler "DefaultResampler")

// These may be changed to Fixed/MovingSmoothingImagePyramid.
// See the manual.
(FixedImagePyramid "FixedRecursiveImagePyramid")
(MovingImagePyramid "MovingRecursiveImagePyramid")

// The following components are most important:
// The optimizer AdaptiveStochasticGradientDescent (ASGD) works
// quite ok in general. The Transform and Metric are important
// and need to be chosen careful for each application. See manual.
(Optimizer "AdaptiveStochasticGradientDescent")
(Transform "EulerTransform")
(Metric "AdvancedMattesMutualInformation")

// ***************** Transformation **************************

// Scales the rotations compared to the translations, to make
// sure they are in the same range. In general, it's best to  
// use automatic scales estimation:
(AutomaticScalesEstimation "true")

// Automatically guess an initial translation by aligning the
// geometric centers of the fixed and moving.
(AutomaticTransformInitialization "true")

// Whether transforms are combined by composition or by addition.
// In generally, Compose is the best option in most cases.
// It does not influence the results very much.
(HowToCombineTransforms "Compose")

// ******************* Similarity measure *********************

// Number of grey level bins in each resolution level,
// for the mutual information. 16 or 32 usually works fine.
// You could also employ a hierarchical strategy:
//(NumberOfHistogramBins 16 32 64)
(NumberOfHistogramBins 32)

// If you use a mask, this option is important. 
// If the mask serves as region of interest, set it to false.
// If the mask indicates which pixels are valid, then set it to true.
// If you do not use a mask, the option doesn't matter.
(ErodeMask "false")

// ******************** Multiresolution **********************

// The number of resolutions. 1 Is only enough if the expected
// deformations are small. 3 or 4 mostly works fine. For large
// images and large deformations, 5 or 6 may even be useful.
(NumberOfResolutions 1)

// The downsampling/blurring factors for the image pyramids.
// By default, the images are downsampled by a factor of 2
// compared to the next resolution.
// So, in 2D, with 4 resolutions, the following schedule is used:
//(ImagePyramidSchedule 8 8  4 4  2 2  1 1 )
// And in 3D:
//(ImagePyramidSchedule 8 8 8  4 4 4  2 2 2  1 1 1 )
// You can specify any schedule, for example:
//(ImagePyramidSchedule 4 4  4 3  2 1  1 1 )
// Make sure that the number of elements equals the number
// of resolutions times the image dimension.

// ******************* Optimizer ****************************

// Maximum number of iterations in each resolution level:
// 200-500 works usually fine for rigid registration.
// For more robustness, you may increase this to 1000-2000.
(MaximumNumberOfIterations 500)

// The step size of the optimizer, in mm. By default the voxel size is used.
// which usually works well. In case of unusual high-resolution images
// (eg histology) it is necessary to increase this value a bit, to the size
// of the "smallest visible structure" in the image:
//(MaximumStepLength 1.0)

// **************** Image sampling **********************

// Number of spatial samples used to compute the mutual
// information (and its derivative) in each iteration.
// With an AdaptiveStochasticGradientDescent optimizer,
// in combination with the two options below, around 2000
// samples may already suffice.
(NumberOfSpatialSamples 2000)

// Refresh these spatial samples in every iteration, and select
// them randomly. See the manual for information on other sampling
// strategies.
(NewSamplesEveryIteration "true")
(ImageSampler "Random")

// ************* Interpolation and Resampling ****************

// Order of B-Spline interpolation used during registration/optimisation.
// It may improve accuracy if you set this to 3. Never use 0.
// An order of 1 gives linear interpolation. This is in most 
// applications a good choice.
(BSplineInterpolationOrder 1)

// Order of B-Spline interpolation used for applying the final
// deformation.
// 3 gives good accuracy; recommended in most cases.
// 1 gives worse accuracy (linear interpolation)
// 0 gives worst accuracy, but is appropriate for binary images
// (masks, segmentations); equivalent to nearest neighbor interpolation.
(FinalBSplineInterpolationOrder 3)

//Default pixel value for pixels that come from outside the picture:
(DefaultPixelValue 0)

// Choose whether to generate the deformed moving image.
// You can save some time by setting this to false, if you are
// only interested in the final (nonrigidly) deformed moving image
// for example.
(WriteResultImage "false")

// The pixel type and format of the resulting deformed moving image
(ResultImagePixelType "short")
(ResultImageFormat "nii.gz")




=============== end of ParameterFile: /Users/sakinkirti/Programming/Python/CCIPD/racial-disparity-pca/code_matlab/rigid.txt ===============


Reading images...
Reading images took 128 ms.

WARNING: the fixed pyramid schedule is not fully specified!
  A default pyramid schedule is used.
WARNING: the moving pyramid schedule is not fully specified!
  A default pyramid schedule is used.
WARNING: The parameter "AutomaticTransformInitializationMethod", requested at entry number 0, does not exist at all.
  The default value "GeometricalCenter" is used instead.
Transform parameters are initialized as: [0, 0, 0, 0.0986175537109375, 0.4564170837402344, 30.50194549560547]
Scales are estimated automatically.
Scales for transform parameters are: [5978.8125, 5978.8125, 9590.625, 1, 1, 1]
Initialization of all components (before registration) took: 11 ms.
Preparation of the image pyramids took: 14 ms.

Resolution: 0
WARNING: The parameter "ShowExactMetricValue", requested at entry number 0, does not exist at all.
  The default value "false" is used instead.
WARNING: The parameter "CheckNumberOfSamples", requested at entry number 0, does not exist at all.
  The default value "true" is used instead.
WARNING: The parameter "UseMultiThreadingForMetrics", requested at entry number 0, does not exist at all.
  The default value "true" is used instead.
Setting the fixed masks took: 0 ms.
Setting the moving masks took: 0 ms.
WARNING: The parameter "NumberOfFixedHistogramBins", requested at entry number 0, does not exist at all.
  The default value "32" is used instead.
WARNING: The parameter "NumberOfMovingHistogramBins", requested at entry number 0, does not exist at all.
  The default value "32" is used instead.
WARNING: The parameter "FixedLimitRangeRatio", requested at entry number 0, does not exist at all.
  The default value "0.01" is used instead.
WARNING: The parameter "MovingLimitRangeRatio", requested at entry number 0, does not exist at all.
  The default value "0.01" is used instead.
WARNING: The parameter "FixedKernelBSplineOrder", requested at entry number 0, does not exist at all.
  The default value "0" is used instead.
WARNING: The parameter "MovingKernelBSplineOrder", requested at entry number 0, does not exist at all.
  The default value "3" is used instead.
WARNING: The parameter "UseFastAndLowMemoryVersion", requested at entry number 0, does not exist at all.
  The default value "true" is used instead.
WARNING: The parameter "UseJacobianPreconditioning", requested at entry number 0, does not exist at all.
  The default value "false" is used instead.
WARNING: The parameter "FiniteDifferenceDerivative", requested at entry number 0, does not exist at all.
  The default value "false" is used instead.
WARNING: The parameter "SP_A", requested at entry number 0, does not exist at all.
  The default value "20" is used instead.
WARNING: The parameter "MaximumNumberOfSamplingAttempts", requested at entry number 0, does not exist at all.
  The default value "0" is used instead.
WARNING: The parameter "SigmoidInitialTime", requested at entry number 0, does not exist at all.
  The default value "0" is used instead.
WARNING: The parameter "MaxBandCovSize", requested at entry number 0, does not exist at all.
  The default value "192" is used instead.
WARNING: The parameter "NumberOfBandStructureSamples", requested at entry number 0, does not exist at all.
  The default value "10" is used instead.
WARNING: The parameter "UseAdaptiveStepSizes", requested at entry number 0, does not exist at all.
  The default value "true" is used instead.
WARNING: The parameter "AutomaticParameterEstimation", requested at entry number 0, does not exist at all.
  The default value "true" is used instead.
WARNING: The parameter "UseConstantStep", requested at entry number 0, does not exist at all.
  The default value "false" is used instead.
WARNING: The parameter "MaximumStepLengthRatio", requested at entry number 0, does not exist at all.
  The default value "1" is used instead.
WARNING: The parameter "MaximumStepLength", requested at entry number 0, does not exist at all.
  The default value "1.10156" is used instead.
WARNING: The parameter "NumberOfGradientMeasurements", requested at entry number 0, does not exist at all.
  The default value "0" is used instead.
WARNING: The parameter "NumberOfJacobianMeasurements", requested at entry number 0, does not exist at all.
  The default value "1000" is used instead.
WARNING: The parameter "NumberOfSamplesForExactGradient", requested at entry number 0, does not exist at all.
  The default value "100000" is used instead.
WARNING: The parameter "SigmoidScaleFactor", requested at entry number 0, does not exist at all.
  The default value "0.1" is used instead.
Elastix initialization of all components (for this resolution) took: 1 ms.
  Computing the fixed image extrema took 4 ms.
  Computing the moving image extrema took 14 ms.
Initialization of AdvancedMattesMutualInformation metric took: 149 ms.
Starting automatic parameter estimation for AdaptiveStochasticGradientDescent ...
WARNING: The parameter "ASGDParameterEstimationMethod", requested at entry number 0, does not exist at all.
  The default value "Original" is used instead.
  Computing JacobianTerms ...
  Computing the Jacobian terms took 0.003647s
  NumberOfGradientMeasurements to estimate sigma_i: 6
  Sampling gradients ...
  Sampling the gradients took 0.682663s
Automatic parameter estimation took 0.69s
1:ItNr	2:Metric	3a:Time	3b:StepSize	4:||Gradient||	Time[ms]
0	-0.156420	0.000000	5.396015	0.033457	842.4
1	-0.156149	0.000000	5.396015	0.022092	2.6
2	-0.151930	0.931983	5.166716	0.034471	6.2
3	-0.132277	0.004418	5.394880	0.031482	5.8
4	-0.136381	1.004418	5.149708	0.020520	8.8
5	-0.136127	0.076853	5.376340	0.028370	2.8
6	-0.132470	0.627034	5.239568	0.022910	5.5
7	-0.162026	1.621296	5.009276	0.020028	4.0
8	-0.153553	0.693731	5.223459	0.020442	2.9
9	-0.143609	1.693717	4.993291	0.020623	4.2
10	-0.147978	2.692442	4.782805	0.024997	6.4
11	-0.161235	3.692385	4.589120	0.015096	4.1
12	-0.152273	2.764821	4.768238	0.020668	6.1
13	-0.135925	1.964949	4.934316	0.012917	6.2
14	-0.146873	1.043004	5.140693	0.007003	3.9
15	-0.144740	1.174140	5.110292	0.008362	2.7
16	-0.147624	1.560416	5.022794	0.030963	5.2
17	-0.139101	2.533953	4.815014	0.021927	7.1
18	-0.128368	1.606387	5.012580	0.014387	2.9
19	-0.160433	1.109134	5.125317	0.009942	5.0
20	-0.154659	0.983185	5.154682	0.013183	5.5
21	-0.144121	0.217231	5.340769	0.023451	3.6
22	-0.146881	1.200749	5.104167	0.031061	5.8
23	-0.157744	2.200747	4.884167	0.024360	6.7
24	-0.144879	1.275604	5.087015	0.013529	3.0
25	-0.156835	0.350581	5.307412	0.025788	6.6
26	-0.157867	1.336064	5.073245	0.024758	4.6
27	-0.146069	2.336064	4.855846	0.013614	3.9
28	-0.158063	1.462289	5.044736	0.030871	5.7
29	-0.163388	2.370060	4.848782	0.012794	6.9
30	-0.151731	1.728858	4.985570	0.010841	4.9
31	-0.154363	0.830483	5.190738	0.020227	6.6
32	-0.118982	0.000000	5.396015	0.019557	3.2
33	-0.153790	1.000000	5.150742	0.035755	2.0
34	-0.126633	0.072435	5.377467	0.014662	4.8
35	-0.146550	0.692329	5.223797	0.022188	5.6
36	-0.151106	0.000000	5.396015	0.014727	7.5
37	-0.149858	0.000000	5.396015	0.013215	8.7
38	-0.150210	0.000000	5.396015	0.022515	6.9
39	-0.164929	0.151203	5.357441	0.025080	46.2
40	-0.154594	0.000000	5.396015	0.019704	5.0
41	-0.156862	0.988834	5.153357	0.028633	3.9
42	-0.150037	1.982527	4.930542	0.013766	3.5
43	-0.153643	1.056335	5.137586	0.015609	3.3
44	-0.152211	0.156516	5.356096	0.038788	3.2
45	-0.133338	1.156516	5.114357	0.017549	2.4
46	-0.126906	2.156506	4.893498	0.026757	2.3
47	-0.151293	3.143072	4.693534	0.017224	2.3
48	-0.143126	4.142453	4.506972	0.021066	2.2
49	-0.139891	5.139242	4.335104	0.017367	2.4
50	-0.137933	4.559467	4.433438	0.020764	2.2
51	-0.154110	3.632656	4.600248	0.022190	2.3
52	-0.141277	4.632628	4.420784	0.029853	2.1
53	-0.136298	5.621893	4.256509	0.015728	4.0
54	-0.122437	6.621884	4.102411	0.030363	5.2
55	-0.162381	6.142844	4.174814	0.018729	6.5
56	-0.134217	5.216924	4.322258	0.020139	3.5
57	-0.155334	4.296164	4.479585	0.032262	3.7
58	-0.144740	3.368599	4.650096	0.017005	4.4
59	-0.157957	3.760332	4.576527	0.022559	3.1
60	-0.156381	4.759917	4.398940	0.025701	2.6
61	-0.149351	5.757044	4.235009	0.016517	2.4
62	-0.161896	5.165391	4.330771	0.018134	2.4
63	-0.165696	4.247531	4.488214	0.025113	2.5
64	-0.144456	5.247528	4.317219	0.043358	4.1
65	-0.152018	6.247528	4.158774	0.022502	3.1
66	-0.145903	7.247528	4.011548	0.034733	2.3
67	-0.153781	6.326555	4.146747	0.022759	2.3
68	-0.152232	7.223072	4.015024	0.026222	2.3
69	-0.140112	8.222816	3.877666	0.011441	2.7
70	-0.152199	8.456242	3.846938	0.019684	2.5
71	-0.154793	7.761611	3.939846	0.034692	6.4
72	-0.152184	8.761603	3.807467	0.027785	4.6
73	-0.132598	9.698118	3.691312	0.017138	6.9
74	-0.147282	10.646387	3.580703	0.012453	4.1
75	-0.158604	11.631878	3.472565	0.033891	6.8
76	-0.140118	10.838786	3.559065	0.027412	4.3
77	-0.130112	11.830617	3.451544	0.015485	4.1
78	-0.150737	10.909706	3.551155	0.010462	4.4
79	-0.149987	10.102574	3.643310	0.016962	5.7
80	-0.140298	10.879289	3.554544	0.012548	2.6
81	-0.131259	11.289024	3.509438	0.012429	4.0
82	-0.140915	11.032740	3.537516	0.016904	7.7
83	-0.146842	10.122280	3.641003	0.010878	3.5
84	-0.151601	11.049376	3.535680	0.020321	4.9
85	-0.129178	10.122221	3.641010	0.015207	5.3
86	-0.132326	9.194927	3.752826	0.019650	7.0
87	-0.131883	9.973284	3.658518	0.011808	4.4
88	-0.109663	9.054009	3.770423	0.015812	5.0
89	-0.147790	8.126910	3.890434	0.021309	5.2
90	-0.149824	8.950706	3.783427	0.021074	7.1
91	-0.141961	9.949953	3.661276	0.020118	8.1
92	-0.143814	10.949953	3.546682	0.020738	3.7
93	-0.150147	10.023609	3.652583	0.018259	3.1
94	-0.130368	9.096065	3.765154	0.023674	6.6
95	-0.171562	10.096065	3.644073	0.025730	4.8
96	-0.125412	11.095789	3.530567	0.010817	4.6
97	-0.177068	10.176866	3.634628	0.025798	4.3
98	-0.144804	9.250112	3.745980	0.014542	3.8
99	-0.183395	8.322547	3.864477	0.011360	4.1
100	-0.165546	7.557756	3.967970	0.016519	4.1
101	-0.147541	8.330468	3.863434	0.024447	4.7
102	-0.149274	9.322678	3.737016	0.023570	5.2
103	-0.132528	10.322678	3.617709	0.012797	3.2
104	-0.159356	10.998740	3.541274	0.023484	4.6
105	-0.149608	10.072782	3.646803	0.018718	4.0
106	-0.145473	10.289602	3.621533	0.026686	2.3
107	-0.148441	11.288424	3.509503	0.012021	4.1
108	-0.147145	12.154516	3.417825	0.008804	6.2
109	-0.137995	11.260885	3.512499	0.025643	2.3
110	-0.156954	10.333404	3.616470	0.025283	3.5
111	-0.181099	9.405839	3.726795	0.015287	4.2
112	-0.151479	8.478403	3.844045	0.028530	3.3
113	-0.138185	7.550839	3.968931	0.022563	4.4
114	-0.150281	6.623351	4.102193	0.016277	2.2
115	-0.142728	7.599529	3.962174	0.025575	3.6
116	-0.131061	6.671966	4.094986	0.020114	4.5
117	-0.126548	7.671966	3.952164	0.022569	4.9
118	-0.130310	6.744469	4.084285	0.027894	3.7
119	-0.124373	5.816904	4.225556	0.015541	3.4
120	-0.138567	4.893184	4.376299	0.025641	4.6
121	-0.138338	4.055702	4.522576	0.024946	3.1
122	-0.111752	3.128141	4.696438	0.014970	4.4
123	-0.134575	4.128140	4.509539	0.019874	3.1
124	-0.161691	3.200628	4.682371	0.020792	6.3
125	-0.137806	3.140593	4.694016	0.015699	3.7
126	-0.153812	2.213196	4.881548	0.027212	1.9
127	-0.156460	1.290236	5.083675	0.017605	4.1
128	-0.150546	2.290235	4.865401	0.020845	9.4
129	-0.149752	3.288731	4.665387	0.035903	2.3
130	-0.165818	2.361166	4.850628	0.010544	4.7
131	-0.135961	2.414920	4.839492	0.031302	6.3
132	-0.142162	1.535755	5.028291	0.024530	2.5
133	-0.161227	0.608190	5.244138	0.017728	2.2
134	-0.142158	1.608190	5.012180	0.021786	4.4
135	-0.137464	2.607855	4.799942	0.022375	4.4
136	-0.147527	2.069397	4.911976	0.022341	3.2
137	-0.136199	3.069397	4.707900	0.013310	3.1
138	-0.141719	2.142079	4.896549	0.023649	2.8
139	-0.164571	3.082490	4.705341	0.022470	6.9
140	-0.158005	2.168258	4.891016	0.015290	3.6
141	-0.178154	1.246891	5.093580	0.012875	2.0
142	-0.158119	0.938560	5.165167	0.017864	3.4
143	-0.130305	0.011007	5.393188	0.036015	4.0
144	-0.152157	0.000000	5.396015	0.009956	5.2
145	-0.144628	1.000000	5.150742	0.020944	4.7
146	-0.153175	1.928938	4.942066	0.024956	4.7
147	-0.147940	1.750932	4.980733	0.012585	3.3
148	-0.131219	0.823426	5.192417	0.021411	2.4
149	-0.144195	0.000000	5.396015	0.012537	4.1
150	-0.144329	0.000000	5.396015	0.021657	6.3
151	-0.133376	0.000000	5.396015	0.024112	5.2
152	-0.144993	0.999938	5.150756	0.014810	2.0
153	-0.160378	1.999024	4.927006	0.027250	4.5
154	-0.136584	1.071460	5.134066	0.030957	7.4
155	-0.169284	0.143895	5.359293	0.018386	3.0
156	-0.167574	0.903073	5.173535	0.028908	2.3
157	-0.153915	1.866589	4.955541	0.019575	3.5
158	-0.162398	2.866554	4.747913	0.020832	4.8
159	-0.151761	1.938989	4.939900	0.014650	3.7
160	-0.128620	1.044014	5.140458	0.010350	4.4
161	-0.131186	1.553710	5.024287	0.012297	4.8
162	-0.144886	0.633149	5.238087	0.024429	4.3
163	-0.133861	1.403031	5.058080	0.015752	3.7
164	-0.128494	0.475738	5.276481	0.023529	3.4
165	-0.135186	0.000000	5.396015	0.024914	4.1
166	-0.153057	1.000000	5.150742	0.011534	3.0
167	-0.153702	1.949494	4.937639	0.009693	3.9
168	-0.142671	2.239148	4.876096	0.026143	2.4
169	-0.164194	2.276586	4.868254	0.022484	4.4
170	-0.119805	3.276586	4.667721	0.009079	4.7
171	-0.136232	4.225734	4.492092	0.026385	2.4
172	-0.144988	5.004905	4.357498	0.012412	2.7
173	-0.141326	5.957832	4.203466	0.010922	4.0
174	-0.143275	5.260340	4.315112	0.014404	3.9
175	-0.151352	6.241989	4.159620	0.029460	4.3
176	-0.154202	5.515376	4.273608	0.021144	4.0
177	-0.141325	4.587811	4.428527	0.013776	3.3
178	-0.152616	4.449126	4.452661	0.019612	5.2
179	-0.163844	5.374314	4.296465	0.011743	4.9
180	-0.130545	4.907591	4.373866	0.006349	4.2
181	-0.125168	4.780678	4.395397	0.021055	7.7
182	-0.131075	5.633310	4.254684	0.022982	3.2
183	-0.144624	4.705745	4.408210	0.030544	3.9
184	-0.151591	3.778492	4.573173	0.017431	4.4
185	-0.141517	2.850932	4.751023	0.027274	4.4
186	-0.166829	1.923368	4.943267	0.020765	2.3
187	-0.142437	2.923368	4.736638	0.012690	4.2
188	-0.146949	3.762299	4.576163	0.011984	4.8
189	-0.146096	4.753380	4.400056	0.023658	4.1
190	-0.156426	4.063718	4.521130	0.015927	2.9
191	-0.153706	5.050790	4.349823	0.029934	3.9
192	-0.136222	6.050349	4.189089	0.013039	5.0
193	-0.152667	7.050254	4.039761	0.010843	3.6
194	-0.163443	7.984136	3.909598	0.023202	3.5
195	-0.130338	8.897942	3.790104	0.021153	2.9
196	-0.132656	9.897844	3.667451	0.025791	5.2
197	-0.154307	8.970335	3.780949	0.026354	3.1
198	-0.138030	8.042770	3.901705	0.031124	2.8
199	-0.153805	7.115205	4.030428	0.021402	3.2
200	-0.169518	6.194684	4.166856	0.010545	5.6
201	-0.137038	7.166253	4.023124	0.014887	2.7
202	-0.141294	6.492984	4.121645	0.023586	3.6
203	-0.147709	5.580645	4.263114	0.019600	4.0
204	-0.127925	6.576780	4.109121	0.027393	4.8
205	-0.171404	6.060985	4.187443	0.020232	4.1
206	-0.140323	5.133421	4.336069	0.016637	3.8
207	-0.152633	5.342519	4.301651	0.034580	4.8
208	-0.139527	6.342518	4.144326	0.022231	5.5
209	-0.160259	7.342518	3.998104	0.025625	3.0
210	-0.143273	6.414953	4.133376	0.016639	4.0
211	-0.143739	7.414932	3.987915	0.022895	3.6
212	-0.148823	8.414127	3.852445	0.021032	3.8
213	-0.132276	7.486918	3.977837	0.022437	2.7
214	-0.142480	6.559353	4.111719	0.010842	3.1
215	-0.136692	7.556778	3.968106	0.042869	4.6
216	-0.159762	8.175707	3.883927	0.009000	4.3
217	-0.143726	7.248143	4.011461	0.028896	3.5
218	-0.164922	8.210501	3.879301	0.030503	4.0
219	-0.159636	7.282936	4.006526	0.017937	5.5
220	-0.149960	6.380514	4.138575	0.027707	5.3
221	-0.130619	5.838320	4.222184	0.024406	3.7
222	-0.157505	6.838320	4.070516	0.019816	7.8
223	-0.152159	7.044206	4.040632	0.012574	5.0
224	-0.140876	6.190569	4.167486	0.017323	6.8
225	-0.139886	6.727232	4.086824	0.009638	6.3
226	-0.141095	6.478132	4.123873	0.012272	3.9
227	-0.160436	6.280431	4.153758	0.038720	5.5
228	-0.123853	5.352885	4.299959	0.016301	4.6
229	-0.143401	6.352885	4.142756	0.020727	4.1
230	-0.116104	7.352641	3.996676	0.013292	3.3
231	-0.158224	8.352624	3.860518	0.017104	6.3
232	-0.139073	9.352245	3.733375	0.016492	3.3
233	-0.129385	9.197420	3.752517	0.022721	3.4
234	-0.136938	8.317617	3.865127	0.027477	6.5
235	-0.144540	9.316838	3.737736	0.020719	3.0
236	-0.158098	10.310905	3.619069	0.016296	4.1
237	-0.144886	9.762014	3.683644	0.022627	3.3
238	-0.169468	10.762005	3.567669	0.025160	8.6
239	-0.153539	9.834440	3.674992	0.021533	3.1
240	-0.143430	10.834440	3.559551	0.012343	3.2
241	-0.133855	9.906914	3.666375	0.019433	6.7
242	-0.139712	8.982962	3.779357	0.018685	2.6
243	-0.150923	9.980299	3.657690	0.020358	3.1
244	-0.148046	10.980164	3.543331	0.024838	4.6
245	-0.114316	10.054528	3.648947	0.013896	5.5
246	-0.137145	9.126964	3.761292	0.013018	2.1
247	-0.142143	9.602160	3.702886	0.013396	3.3
248	-0.162721	8.693416	3.816210	0.017638	4.3
249	-0.133961	9.683258	3.693099	0.028499	8.5
250	-0.157670	8.755693	3.808223	0.028074	13.9
251	-0.168913	9.755693	3.684402	0.022057	16.1
252	-0.137926	10.734400	3.570772	0.026906	11.7
253	-0.150897	9.806840	3.678284	0.014132	7.0
254	-0.157372	10.806835	3.562641	0.016593	8.1
255	-0.145261	11.791833	3.455626	0.033788	6.1
256	-0.148274	12.790342	3.353512	0.018195	6.3
257	-0.166520	11.862777	3.448166	0.026559	4.3
258	-0.140016	12.715049	3.361001	0.025958	2.3
259	-0.137781	13.715049	3.264184	0.018980	5.0
260	-0.132100	14.715049	3.172789	0.018529	4.3
261	-0.162238	13.787594	3.257377	0.021162	4.3
262	-0.161950	14.758005	3.168978	0.019720	2.4
263	-0.144800	15.758004	3.082766	0.044535	7.6
264	-0.151850	14.830439	3.162571	0.016295	7.0
265	-0.151292	13.902874	3.246619	0.024747	3.4
266	-0.143131	14.779969	3.167032	0.023198	5.7
267	-0.137120	15.779968	3.080925	0.015772	4.0
268	-0.130457	16.779460	2.999416	0.015365	2.9
269	-0.144856	17.314796	2.957508	0.023703	2.5
270	-0.146752	16.387265	3.030880	0.013501	2.7
271	-0.140198	15.463460	3.107668	0.016897	3.4
272	-0.146760	14.554982	3.187073	0.023614	2.2
273	-0.159410	13.627682	3.272420	0.040294	2.3
274	-0.142357	14.627682	3.180570	0.019310	2.5
275	-0.146975	13.700117	3.265589	0.030097	2.3
276	-0.135851	14.700117	3.174116	0.035810	2.3
277	-0.149374	13.772551	3.258787	0.011018	2.1
278	-0.140682	12.845644	3.348033	0.038266	2.3
279	-0.132981	12.179646	3.415236	0.012022	2.3
280	-0.147078	13.179629	3.315317	0.023883	2.3
281	-0.136353	12.506758	3.381895	0.019022	2.6
282	-0.126130	13.506758	3.283888	0.015523	2.8
283	-0.142773	12.581068	3.374411	0.027284	1.9
284	-0.139944	13.505241	3.284032	0.043143	2.2
285	-0.128985	12.577676	3.374752	0.019958	3.6
286	-0.172651	11.650111	3.470626	0.020144	4.5
287	-0.146880	11.619892	3.473841	0.016108	4.2
288	-0.134505	10.696648	3.575025	0.030178	5.0
289	-0.144059	9.769084	3.682798	0.026777	2.6
290	-0.163634	10.769084	3.566874	0.035654	4.6
291	-0.149616	10.288034	3.621714	0.019488	5.0
292	-0.151055	11.288034	3.509545	0.015462	5.2
293	-0.155297	12.269449	3.406017	0.023931	3.5
294	-0.145981	11.961636	3.437825	0.024495	4.2
295	-0.130873	11.034640	3.537306	0.018991	6.8
296	-0.166136	10.107188	3.642770	0.009352	2.7
297	-0.146507	9.657465	3.696207	0.024720	3.2
298	-0.142589	10.399300	3.608881	0.041576	3.9
299	-0.125702	9.471735	3.718736	0.018434	4.2
300	-0.144051	10.469356	3.600847	0.017820	4.0
301	-0.169264	11.469256	3.489957	0.034692	2.8
302	-0.143482	10.541690	3.592589	0.015255	5.0
303	-0.150873	11.541689	3.482189	0.032585	6.5
304	-0.138701	12.541689	3.378373	0.008804	6.1
305	-0.136378	12.578840	3.374635	0.025140	5.9
306	-0.139180	13.478833	3.286547	0.023599	5.4
307	-0.132065	12.551268	3.377408	0.023554	3.1
308	-0.133887	11.626376	3.473151	0.025117	3.5
309	-0.158746	10.744717	3.569612	0.024420	5.5
310	-0.146064	9.817240	3.677043	0.022302	2.7
311	-0.153660	10.817239	3.561476	0.032034	3.4
312	-0.146135	9.889674	3.668421	0.008511	6.6
313	-0.144058	8.994895	3.777854	0.028698	4.2
314	-0.168378	8.098312	3.894258	0.017597	4.2
315	-0.147259	9.080112	3.767151	0.021521	2.2
316	-0.144251	10.079839	3.645975	0.020339	7.7
317	-0.146746	9.152412	3.758118	0.036810	3.4
318	-0.154184	8.224847	3.877397	0.017120	5.0
319	-0.123490	7.297284	4.004495	0.010958	7.6
320	-0.157501	7.145781	4.026050	0.034686	3.5
321	-0.143016	6.236868	4.160402	0.019963	3.4
322	-0.126920	5.309309	4.307081	0.016111	5.4
323	-0.155510	4.381759	4.464479	0.016365	3.8
324	-0.167683	5.381625	4.295274	0.011728	3.7
325	-0.156684	4.455383	4.451566	0.022599	7.6
326	-0.157262	5.453905	4.283538	0.020962	4.0
327	-0.164640	6.451204	4.127918	0.028963	4.7
328	-0.143156	5.523640	4.272276	0.028857	4.9
329	-0.141607	6.523640	4.117054	0.014294	3.6
330	-0.130495	7.523637	3.972716	0.017656	4.3
331	-0.150406	6.609301	4.104281	0.015280	2.9
332	-0.147228	5.681741	4.246961	0.019299	5.1
333	-0.140866	6.681737	4.093541	0.015665	7.4
334	-0.120603	6.380742	4.138541	0.023110	6.0
335	-0.125947	7.380742	3.992719	0.019784	4.3
336	-0.135466	6.453178	4.127621	0.010505	3.3
337	-0.141616	5.757118	4.234997	0.031679	3.6
338	-0.128171	6.755716	4.082630	0.007674	3.3
339	-0.157391	5.829118	4.223632	0.018106	3.5
340	-0.145027	6.343532	4.144173	0.027500	2.7
341	-0.126953	5.415967	4.289691	0.024841	3.0
342	-0.148736	6.415967	4.133224	0.014199	4.3
343	-0.157320	5.488409	4.277959	0.026904	4.2
344	-0.142675	6.488409	4.122331	0.026129	3.4
345	-0.156706	7.488409	3.977629	0.026749	3.5
346	-0.141317	8.488405	3.842742	0.016207	3.6
347	-0.137827	7.560983	3.967522	0.032732	5.2
348	-0.150826	6.633452	4.100694	0.015303	3.4
349	-0.158016	5.705887	4.243121	0.014449	3.2
350	-0.145951	4.778553	4.395760	0.021151	3.2
351	-0.156224	3.881926	4.554162	0.010183	4.9
352	-0.135363	4.801491	4.391852	0.028898	2.8
353	-0.127722	5.775133	4.232148	0.023039	3.4
354	-0.146639	6.775133	4.079776	0.010047	4.2
355	-0.152414	6.552239	4.112781	0.011445	3.6
356	-0.145002	5.940021	4.206245	0.024624	3.6
357	-0.150039	6.744968	4.084212	0.016107	2.2
358	-0.142803	7.743085	3.942386	0.018724	2.8
359	-0.152531	8.743032	3.809844	0.013980	7.2
360	-0.131018	9.743014	3.685921	0.026888	3.3
361	-0.147672	10.742935	3.569812	0.016942	3.4
362	-0.151431	9.840004	3.674329	0.028041	4.2
363	-0.145332	10.577244	3.588544	0.028237	5.4
364	-0.118822	9.649679	3.697146	0.007947	3.8
365	-0.143230	8.722202	3.812514	0.015428	3.1
366	-0.161110	7.810034	3.933224	0.027882	5.0
367	-0.162033	8.810034	3.801281	0.012428	3.8
368	-0.155349	7.882473	3.923359	0.015261	3.7
369	-0.179108	6.960072	4.052791	0.023883	2.6
370	-0.158324	7.583523	3.964393	0.032094	6.4
371	-0.129771	6.655958	4.097357	0.014274	3.8
372	-0.159496	7.638971	3.956718	0.019389	2.4
373	-0.144949	8.370581	3.858157	0.022818	2.7
374	-0.123988	7.717037	3.945962	0.009292	5.3
375	-0.138653	8.630418	3.824324	0.022832	3.6
376	-0.139760	9.289546	3.741103	0.019138	3.5
377	-0.161258	8.361981	3.859287	0.035629	2.6
378	-0.145095	7.434416	3.985182	0.020100	4.6
379	-0.140596	8.431235	3.850206	0.016529	5.4
380	-0.161711	7.503672	3.975499	0.015138	3.7
381	-0.173640	7.954232	3.913636	0.014896	2.5
382	-0.156211	7.055119	4.039061	0.013877	7.2
383	-0.138385	7.851876	3.927520	0.014696	2.7
384	-0.149884	8.847966	3.796450	0.017189	3.9
385	-0.147021	7.921417	3.918076	0.019385	3.8
386	-0.150741	7.327242	4.000260	0.018241	6.9
387	-0.150255	8.037326	3.902437	0.018037	3.7
388	-0.153547	7.803509	3.934115	0.026593	3.2
389	-0.137218	6.875944	4.065022	0.021945	4.7
390	-0.132456	6.038486	4.190927	0.018787	3.5
391	-0.156233	5.110923	4.339805	0.024099	3.2
392	-0.131715	4.183358	4.499651	0.011396	4.1
393	-0.127513	4.420470	4.457680	0.024594	3.6
394	-0.156228	3.553830	4.615016	0.018953	4.3
395	-0.119252	2.626268	4.796201	0.021624	2.8
396	-0.143790	1.698706	4.992193	0.018119	3.1
397	-0.140935	2.698698	4.781542	0.017478	3.6
398	-0.131437	1.771383	4.976260	0.014488	4.6
399	-0.133429	2.694068	4.782476	0.015267	2.8
400	-0.127996	3.694026	4.588815	0.012008	3.6
401	-0.160688	3.104509	4.701043	0.021386	4.8
402	-0.152769	2.177094	4.889152	0.012255	3.6
403	-0.137856	1.673130	4.997824	0.019826	2.6
404	-0.165002	0.783376	5.201963	0.014355	3.1
405	-0.149712	1.732462	4.984780	0.012911	4.1
406	-0.158087	1.090929	5.129541	0.028221	5.3
407	-0.143010	2.071855	4.911452	0.025060	3.4
408	-0.155801	1.144290	5.117180	0.015455	3.0
409	-0.145550	2.143410	4.896267	0.036702	4.7
410	-0.157104	1.215846	5.100698	0.011858	3.9
411	-0.169656	0.295456	5.321150	0.023279	2.7
412	-0.144571	1.165633	5.112253	0.018054	2.8
413	-0.136276	0.238069	5.335528	0.017361	4.4
414	-0.154073	0.857837	5.184242	0.020786	4.5
415	-0.132607	1.857718	4.957464	0.016957	3.1
416	-0.140969	0.930153	5.167147	0.027776	3.3
417	-0.158438	0.133913	5.361824	0.021675	3.6
418	-0.119995	0.000000	5.396015	0.011383	4.0
419	-0.132544	0.393576	5.296745	0.016126	4.0
420	-0.142794	1.297140	5.082101	0.015719	3.7
421	-0.132513	0.399126	5.295372	0.011516	3.2
422	-0.132363	0.000000	5.396015	0.012023	4.0
423	-0.136128	0.000000	5.396015	0.030860	2.7
424	-0.140067	0.000000	5.396015	0.023756	3.2
425	-0.150189	1.000000	5.150742	0.025391	5.0
426	-0.123440	2.000000	4.926797	0.016476	4.5
427	-0.166297	2.999997	4.721514	0.013724	3.3
428	-0.131291	3.009086	4.719727	0.018686	3.3
429	-0.121867	2.081994	4.909295	0.016744	5.7
430	-0.143381	1.173609	5.110414	0.036183	5.0
431	-0.136728	0.246045	5.333525	0.030469	4.5
432	-0.140245	1.242033	5.094693	0.014484	8.2
433	-0.143590	0.319224	5.315218	0.013910	3.8
434	-0.151188	0.186946	5.348403	0.009844	4.3
435	-0.147232	0.488581	5.273327	0.025402	5.9
436	-0.133308	1.418784	5.054526	0.014394	2.9
437	-0.135613	1.241259	5.094870	0.024078	3.7
438	-0.153116	2.241251	4.875655	0.011774	3.6
439	-0.152249	1.418302	5.054634	0.027099	5.7
440	-0.131732	0.490776	5.272789	0.033546	3.2
441	-0.129883	0.000000	5.396015	0.016222	2.2
442	-0.136105	0.000000	5.396015	0.024303	2.4
443	-0.144790	0.522257	5.265076	0.018946	7.4
444	-0.148395	0.000000	5.396015	0.014922	3.2
445	-0.154162	0.984466	5.154381	0.023503	2.9
446	-0.149930	1.286299	5.084573	0.023454	4.4
447	-0.158327	1.053511	5.138244	0.020656	7.4
448	-0.144620	1.992405	4.928424	0.009438	2.8
449	-0.127143	1.986271	4.929739	0.013565	3.1
450	-0.140754	1.104854	5.126309	0.026599	6.7
451	-0.143634	2.102567	4.904923	0.009861	3.2
452	-0.168298	3.102301	4.701473	0.025462	3.2
453	-0.146815	3.417322	4.640817	0.013584	2.7
454	-0.146206	2.490211	4.823980	0.019735	5.4
455	-0.171222	3.489830	4.627077	0.014234	6.0
456	-0.152286	2.587309	4.804123	0.016273	3.3
457	-0.180294	3.587266	4.608740	0.032219	4.2
458	-0.132063	2.659701	4.789423	0.034201	7.4
459	-0.152839	1.732136	4.984851	0.021984	2.8
460	-0.122929	1.070544	5.134279	0.025502	5.4
461	-0.153920	2.065732	4.912756	0.014283	4.8
462	-0.156932	2.008096	4.925063	0.013456	2.7
463	-0.138164	3.006791	4.720178	0.026297	2.7
464	-0.130851	2.079228	4.909883	0.015279	4.3
465	-0.123671	1.151663	5.115477	0.012021	4.7
466	-0.172557	0.250462	5.332417	0.019450	2.9
467	-0.145866	0.000000	5.396015	0.024338	2.3
468	-0.151095	1.000000	5.150742	0.017405	3.0
469	-0.149256	0.072568	5.377433	0.025047	5.3
470	-0.148467	0.000000	5.396015	0.023729	3.3
471	-0.151611	0.000000	5.396015	0.019728	3.9
472	-0.155784	0.999842	5.150779	0.032836	2.1
473	-0.149591	0.072277	5.377507	0.021248	7.6
474	-0.135945	0.000000	5.396015	0.012725	4.1
475	-0.138416	0.000000	5.396015	0.017772	3.8
476	-0.116435	0.993911	5.152168	0.028777	6.7
477	-0.165460	0.066346	5.379021	0.023588	2.4
478	-0.138262	0.000000	5.396015	0.036828	4.8
479	-0.132995	1.000000	5.150742	0.032215	5.4
480	-0.145916	0.072435	5.377467	0.021905	3.7
481	-0.151081	1.072435	5.133839	0.012703	2.0
482	-0.154133	0.409665	5.292765	0.021075	3.5
483	-0.154010	1.240458	5.095054	0.031770	5.5
484	-0.119892	0.314477	5.316402	0.019216	2.8
485	-0.141907	0.000000	5.396015	0.013812	4.1
486	-0.140437	0.000000	5.396015	0.013733	2.4
487	-0.132890	0.716024	5.218097	0.014007	6.7
488	-0.139577	0.000000	5.396015	0.016014	3.8
489	-0.167769	0.000000	5.396015	0.015411	4.2
490	-0.147174	0.000000	5.396015	0.020417	3.3
491	-0.145630	0.999801	5.150788	0.028214	6.5
492	-0.139128	1.999796	4.926840	0.022235	2.3
493	-0.153037	2.999796	4.721554	0.022842	3.1
494	-0.124800	3.999499	4.532744	0.012265	3.2
495	-0.126124	3.071956	4.707400	0.015921	5.8
496	-0.115202	4.069702	4.520051	0.028464	2.5
497	-0.152265	3.142138	4.693715	0.004599	3.6
498	-0.152106	3.894365	4.551886	0.019032	4.3
499	-0.165297	4.010337	4.530780	0.017854	6.5
Time spent in resolution 0 (ITK initialization and iterating): 3.202 s.
Stopping condition: Maximum number of iterations has been reached.
Settings of AdaptiveStochasticGradientDescent in resolution 0:
( SP_a 113.316322 )
( SP_A 20.000000 )
( SP_alpha 1.000000 )
( SigmoidMax 1.000000 )
( SigmoidMin -0.927565 )
( SigmoidScale 0.000018 )



=============== start of TransformParameterFile ===============
(Transform "EulerTransform")
(NumberOfParameters 6)
(TransformParameters -0.020503 -0.003002 0.011667 -0.525185 -6.759515 30.423033)
(InitialTransformParametersFileName "NoInitialTransform")
(UseBinaryFormatForTransformationParameters "false")
(HowToCombineTransforms "Compose")

// Image specific
(FixedImageDimension 3)
(MovingImageDimension 3)
(FixedInternalImagePixelType "float")
(MovingInternalImagePixelType "float")
(Size 160 160 39)
(Index 0 0 0)
(Spacing 1.5000000000 1.5000000000 3.0000000000)
(Origin -112.6169891357 -85.5558242798 87.7723999023)
(Direction 0.9999947842 -0.0032296952 -0.0000254364 0.0032297953 0.9999637606 0.0078769196 -0.0000000046 -0.0078769610 0.9999689763)
(UseDirectionCosines "false")

// EulerTransform specific
(CenterOfRotationPoint 6.6330108643 33.6941757202 144.7723999023)
(ComputeZYX "false")

// ResampleInterpolator specific
(ResampleInterpolator "FinalBSplineInterpolator")
(FinalBSplineInterpolationOrder 3)

// Resampler specific
(Resampler "DefaultResampler")
(DefaultPixelValue 0.000000)
(ResultImageFormat "nii.gz")
(ResultImagePixelType "short")
(CompressResultImage "false")

=============== end of TransformParameterFile ===============

Creating the TransformParameterFile took 0.00s

Registration result checksum: 337760364

Skipping applying final transform, no resulting output image generated.

Final metric value  = -0.165297
Settings of AdaptiveStochasticGradientDescent for all resolutions:
( SP_a 113.316322 )
( SP_A 20.000000 )
( SP_alpha 1.000000 )
( SigmoidMax 1.000000 )
( SigmoidMin -0.927565 )
( SigmoidScale 0.000018 )

Time spent on saving the results, applying the final transform etc.: 2 ms.
Running elastix with parameter file 0: "/Users/sakinkirti/Programming/Python/CCIPD/racial-disparity-pca/code_matlab/rigid.txt", has finished.


Current time: Mon May 23 08:24:29 2022.
Time used for running elastix with this parameter file:
  3.4s.

-------------------------------------------------------------------------

Total time elapsed: 3.5s.

