
elastix is started at Mon May 23 13:30:19 2022.

which elastix:   /Users/sakinkirti/Programming/Python/CCIPD/racial-disparity-pca/code_matlab/elastix-5.0.0-mac/bin/elastix
elastix runs at: Sakins-MBP.hsd1.ca.comcast.net
  macOS 12.3.1 (x64), 21E258
  with 8192 MB memory, and 2 cores @ 2300 MHz.
-------------------------------------------------------------------------

Running elastix with parameter file 0: "/Users/sakinkirti/Programming/Python/CCIPD/racial-disparity-pca/code_matlab/rigid.txt".

Current time: Mon May 23 13:30:19 2022.
Reading the elastix parameters from file ...

Installing all components.
InstallingComponents was successful.

ELASTIX version: 5.000
Command line options from ElastixBase:
-f        /Users/sakinkirti/Programming/Python/CCIPD/racial-disparity-pca/dataset/to_nifti_cleaned/prostate-000822/T2W.nii.gz
-m        /Users/sakinkirti/Programming/Python/CCIPD/racial-disparity-pca/dataset/to_nifti_cleaned/prostate-000822/ADC.nii.gz
-fMask    unspecified, so no fixed mask used
-mMask    unspecified, so no moving mask used
-out      /Users/sakinkirti/Programming/Python/CCIPD/racial-disparity-pca/dataset/to_nifti_cleaned/prostate-000822/
-p        /Users/sakinkirti/Programming/Python/CCIPD/racial-disparity-pca/code_matlab/rigid.txt
-threads  unspecified, so all available threads are used
Command line options from TransformBase:
-t0       unspecified, so no initial transform used

=============== start of ParameterFile: /Users/sakinkirti/Programming/Python/CCIPD/racial-disparity-pca/code_matlab/rigid.txt ===============
// Example parameter file for rotation registration
// C-style comments: //

// The internal pixel type, used for internal computations
// Leave to float in general. 
// NB: this is not the type of the input images! The pixel 
// type of the input images is automatically read from the 
// images themselves.
// This setting can be changed to "short" to save some memory
// in case of very large 3D images.
(FixedInternalImagePixelType "float")
(MovingInternalImagePixelType "float")

// The dimensions of the fixed and moving image
// Up to elastix 4.5 this had to be specified by the user.
// From elastix 4.6, this is not necessary anymore.
//(FixedImageDimension 3)
//(MovingImageDimension 3)

// Specify whether you want to take into account the so-called
// direction cosines of the images. Recommended: true.
// In some cases, the direction cosines of the image are corrupt,
// due to image format conversions for example. In that case, you 
// may want to set this option to "false".
(UseDirectionCosines "false")

// **************** Main Components **************************

// The following components should usually be left as they are:
(Registration "MultiResolutionRegistration")
(Interpolator "BSplineInterpolator")
(ResampleInterpolator "FinalBSplineInterpolator")
(Resampler "DefaultResampler")

// These may be changed to Fixed/MovingSmoothingImagePyramid.
// See the manual.
(FixedImagePyramid "FixedRecursiveImagePyramid")
(MovingImagePyramid "MovingRecursiveImagePyramid")

// The following components are most important:
// The optimizer AdaptiveStochasticGradientDescent (ASGD) works
// quite ok in general. The Transform and Metric are important
// and need to be chosen careful for each application. See manual.
(Optimizer "AdaptiveStochasticGradientDescent")
(Transform "EulerTransform")
(Metric "AdvancedMattesMutualInformation")

// ***************** Transformation **************************

// Scales the rotations compared to the translations, to make
// sure they are in the same range. In general, it's best to  
// use automatic scales estimation:
(AutomaticScalesEstimation "true")

// Automatically guess an initial translation by aligning the
// geometric centers of the fixed and moving.
(AutomaticTransformInitialization "true")

// Whether transforms are combined by composition or by addition.
// In generally, Compose is the best option in most cases.
// It does not influence the results very much.
(HowToCombineTransforms "Compose")

// ******************* Similarity measure *********************

// Number of grey level bins in each resolution level,
// for the mutual information. 16 or 32 usually works fine.
// You could also employ a hierarchical strategy:
//(NumberOfHistogramBins 16 32 64)
(NumberOfHistogramBins 32)

// If you use a mask, this option is important. 
// If the mask serves as region of interest, set it to false.
// If the mask indicates which pixels are valid, then set it to true.
// If you do not use a mask, the option doesn't matter.
(ErodeMask "false")

// ******************** Multiresolution **********************

// The number of resolutions. 1 Is only enough if the expected
// deformations are small. 3 or 4 mostly works fine. For large
// images and large deformations, 5 or 6 may even be useful.
(NumberOfResolutions 1)

// The downsampling/blurring factors for the image pyramids.
// By default, the images are downsampled by a factor of 2
// compared to the next resolution.
// So, in 2D, with 4 resolutions, the following schedule is used:
//(ImagePyramidSchedule 8 8  4 4  2 2  1 1 )
// And in 3D:
//(ImagePyramidSchedule 8 8 8  4 4 4  2 2 2  1 1 1 )
// You can specify any schedule, for example:
//(ImagePyramidSchedule 4 4  4 3  2 1  1 1 )
// Make sure that the number of elements equals the number
// of resolutions times the image dimension.

// ******************* Optimizer ****************************

// Maximum number of iterations in each resolution level:
// 200-500 works usually fine for rigid registration.
// For more robustness, you may increase this to 1000-2000.
(MaximumNumberOfIterations 500)

// The step size of the optimizer, in mm. By default the voxel size is used.
// which usually works well. In case of unusual high-resolution images
// (eg histology) it is necessary to increase this value a bit, to the size
// of the "smallest visible structure" in the image:
//(MaximumStepLength 1.0)

// **************** Image sampling **********************

// Number of spatial samples used to compute the mutual
// information (and its derivative) in each iteration.
// With an AdaptiveStochasticGradientDescent optimizer,
// in combination with the two options below, around 2000
// samples may already suffice.
(NumberOfSpatialSamples 2000)

// Refresh these spatial samples in every iteration, and select
// them randomly. See the manual for information on other sampling
// strategies.
(NewSamplesEveryIteration "true")
(ImageSampler "Random")

// ************* Interpolation and Resampling ****************

// Order of B-Spline interpolation used during registration/optimisation.
// It may improve accuracy if you set this to 3. Never use 0.
// An order of 1 gives linear interpolation. This is in most 
// applications a good choice.
(BSplineInterpolationOrder 1)

// Order of B-Spline interpolation used for applying the final
// deformation.
// 3 gives good accuracy; recommended in most cases.
// 1 gives worse accuracy (linear interpolation)
// 0 gives worst accuracy, but is appropriate for binary images
// (masks, segmentations); equivalent to nearest neighbor interpolation.
(FinalBSplineInterpolationOrder 3)

//Default pixel value for pixels that come from outside the picture:
(DefaultPixelValue 0)

// Choose whether to generate the deformed moving image.
// You can save some time by setting this to false, if you are
// only interested in the final (nonrigidly) deformed moving image
// for example.
(WriteResultImage "false")

// The pixel type and format of the resulting deformed moving image
(ResultImagePixelType "short")
(ResultImageFormat "nii.gz")




=============== end of ParameterFile: /Users/sakinkirti/Programming/Python/CCIPD/racial-disparity-pca/code_matlab/rigid.txt ===============


Reading images...
Reading images took 715 ms.

WARNING: the fixed pyramid schedule is not fully specified!
  A default pyramid schedule is used.
WARNING: the moving pyramid schedule is not fully specified!
  A default pyramid schedule is used.
WARNING: The parameter "AutomaticTransformInitializationMethod", requested at entry number 0, does not exist at all.
  The default value "GeometricalCenter" is used instead.
Transform parameters are initialized as: [0, 0, 0, -0.0000029355287551879883, -0.0000029355287551879883, 5.699997782707214]
Scales are estimated automatically.
Scales for transform parameters are: [3753.9387610829563, 3753.938761082969, 5479.877522165825, 1, 1, 1]
Initialization of all components (before registration) took: 15 ms.
Preparation of the image pyramids took: 66 ms.

Resolution: 0
WARNING: The parameter "ShowExactMetricValue", requested at entry number 0, does not exist at all.
  The default value "false" is used instead.
WARNING: The parameter "CheckNumberOfSamples", requested at entry number 0, does not exist at all.
  The default value "true" is used instead.
WARNING: The parameter "UseMultiThreadingForMetrics", requested at entry number 0, does not exist at all.
  The default value "true" is used instead.
Setting the fixed masks took: 0 ms.
Setting the moving masks took: 0 ms.
WARNING: The parameter "NumberOfFixedHistogramBins", requested at entry number 0, does not exist at all.
  The default value "32" is used instead.
WARNING: The parameter "NumberOfMovingHistogramBins", requested at entry number 0, does not exist at all.
  The default value "32" is used instead.
WARNING: The parameter "FixedLimitRangeRatio", requested at entry number 0, does not exist at all.
  The default value "0.01" is used instead.
WARNING: The parameter "MovingLimitRangeRatio", requested at entry number 0, does not exist at all.
  The default value "0.01" is used instead.
WARNING: The parameter "FixedKernelBSplineOrder", requested at entry number 0, does not exist at all.
  The default value "0" is used instead.
WARNING: The parameter "MovingKernelBSplineOrder", requested at entry number 0, does not exist at all.
  The default value "3" is used instead.
WARNING: The parameter "UseFastAndLowMemoryVersion", requested at entry number 0, does not exist at all.
  The default value "true" is used instead.
WARNING: The parameter "UseJacobianPreconditioning", requested at entry number 0, does not exist at all.
  The default value "false" is used instead.
WARNING: The parameter "FiniteDifferenceDerivative", requested at entry number 0, does not exist at all.
  The default value "false" is used instead.
WARNING: The parameter "SP_A", requested at entry number 0, does not exist at all.
  The default value "20" is used instead.
WARNING: The parameter "MaximumNumberOfSamplingAttempts", requested at entry number 0, does not exist at all.
  The default value "0" is used instead.
WARNING: The parameter "SigmoidInitialTime", requested at entry number 0, does not exist at all.
  The default value "0" is used instead.
WARNING: The parameter "MaxBandCovSize", requested at entry number 0, does not exist at all.
  The default value "192" is used instead.
WARNING: The parameter "NumberOfBandStructureSamples", requested at entry number 0, does not exist at all.
  The default value "10" is used instead.
WARNING: The parameter "UseAdaptiveStepSizes", requested at entry number 0, does not exist at all.
  The default value "true" is used instead.
WARNING: The parameter "AutomaticParameterEstimation", requested at entry number 0, does not exist at all.
  The default value "true" is used instead.
WARNING: The parameter "UseConstantStep", requested at entry number 0, does not exist at all.
  The default value "false" is used instead.
WARNING: The parameter "MaximumStepLengthRatio", requested at entry number 0, does not exist at all.
  The default value "1" is used instead.
WARNING: The parameter "MaximumStepLength", requested at entry number 0, does not exist at all.
  The default value "0.851136" is used instead.
WARNING: The parameter "NumberOfGradientMeasurements", requested at entry number 0, does not exist at all.
  The default value "0" is used instead.
WARNING: The parameter "NumberOfJacobianMeasurements", requested at entry number 0, does not exist at all.
  The default value "1000" is used instead.
WARNING: The parameter "NumberOfSamplesForExactGradient", requested at entry number 0, does not exist at all.
  The default value "100000" is used instead.
WARNING: The parameter "SigmoidScaleFactor", requested at entry number 0, does not exist at all.
  The default value "0.1" is used instead.
Elastix initialization of all components (for this resolution) took: 1 ms.
  Computing the fixed image extrema took 127 ms.
  Computing the moving image extrema took 8 ms.
Initialization of AdvancedMattesMutualInformation metric took: 182 ms.
Starting automatic parameter estimation for AdaptiveStochasticGradientDescent ...
WARNING: The parameter "ASGDParameterEstimationMethod", requested at entry number 0, does not exist at all.
  The default value "Original" is used instead.
  Computing JacobianTerms ...
  Computing the Jacobian terms took 0.006002s
  NumberOfGradientMeasurements to estimate sigma_i: 6
  Sampling gradients ...
  Sampling the gradients took 1.152355s
Automatic parameter estimation took 1.16s
1:ItNr	2:Metric	3a:Time	3b:StepSize	4:||Gradient||	Time[ms]
0	-0.244379	0.000000	6.150484	0.020769	1347.9
1	-0.211852	0.000000	6.150484	0.007592	12.1
2	-0.237324	0.000000	6.150484	0.030864	5.8
3	-0.245101	0.000000	6.150484	0.016943	6.0
4	-0.231676	0.000000	6.150484	0.010751	7.9
5	-0.228564	0.995687	5.872067	0.015826	6.8
6	-0.261410	0.211536	6.089147	0.018478	6.2
7	-0.206100	0.000000	6.150484	0.013886	7.4
8	-0.236592	0.990485	5.873457	0.013309	7.0
9	-0.219387	0.199119	6.092714	0.018873	8.2
10	-0.230865	0.000000	6.150484	0.010578	6.3
11	-0.214514	0.935365	5.888216	0.024401	8.1
12	-0.224490	0.130828	6.112404	0.013472	5.8
13	-0.237253	0.000000	6.150484	0.020685	6.2
14	-0.215829	0.995535	5.872108	0.015981	6.1
15	-0.223919	0.199453	6.092618	0.010057	6.9
16	-0.200064	1.040390	5.860158	0.017887	6.8
17	-0.222970	1.095064	5.845657	0.006497	6.3
18	-0.240347	1.999653	5.615744	0.018620	6.8
19	-0.237984	1.979759	5.620605	0.008507	6.7
20	-0.239524	1.184278	5.822149	0.014501	9.4
21	-0.247174	0.519641	6.001966	0.019176	6.0
22	-0.223217	0.982879	5.875489	0.011887	12.2
23	-0.228931	0.236698	6.081932	0.010919	8.5
24	-0.255025	1.222070	5.812247	0.021719	8.4
25	-0.218755	1.208098	5.815904	0.012192	12.0
26	-0.234393	0.398089	6.036061	0.010818	15.3
27	-0.232643	0.000000	6.150484	0.010891	11.0
28	-0.232142	0.621576	5.973670	0.013373	14.1
29	-0.248750	1.581881	5.719637	0.017057	12.8
30	-0.224849	0.774547	5.931704	0.011076	13.2
31	-0.229034	0.101580	6.120876	0.014622	12.9
32	-0.235280	0.176242	6.099296	0.013054	7.7
33	-0.224069	0.335241	6.053841	0.020377	16.3
34	-0.238300	0.000000	6.150484	0.016108	10.1
35	-0.240276	0.000000	6.150484	0.017025	12.3
36	-0.249544	0.000000	6.150484	0.016815	9.8
37	-0.216975	0.000000	6.150484	0.015694	15.0
38	-0.235403	0.211175	6.089251	0.016003	14.5
39	-0.234139	0.000000	6.150484	0.015880	11.4
40	-0.234872	0.723694	5.945589	0.023211	7.7
41	-0.236950	1.723661	5.683950	0.006659	10.1
42	-0.200032	2.284161	5.547125	0.016373	14.0
43	-0.203533	1.687240	5.693075	0.014669	10.4
44	-0.258360	0.882453	5.902453	0.022955	12.4
45	-0.256152	0.073104	6.129147	0.012778	9.3
46	-0.235189	0.000000	6.150484	0.018228	17.3
47	-0.223345	0.000000	6.150484	0.007196	11.1
48	-0.220189	0.000000	6.150484	0.015273	7.1
49	-0.236792	0.000000	6.150484	0.020512	21.8
50	-0.261278	0.000000	6.150484	0.027534	18.2
51	-0.233737	0.000000	6.150484	0.016083	18.5
52	-0.238315	0.000000	6.150484	0.020547	17.9
53	-0.252395	0.999292	5.871105	0.017209	15.1
54	-0.236544	0.278674	6.069935	0.024566	13.2
55	-0.220717	1.278672	5.797480	0.017944	15.2
56	-0.243208	0.468622	6.016229	0.019889	8.8
57	-0.239678	0.000000	6.150484	0.016386	14.0
58	-0.257326	0.999138	5.871146	0.014078	10.0
59	-0.247671	1.971958	5.622514	0.013163	8.2
60	-0.221410	1.165791	5.827004	0.007784	14.3
61	-0.233831	1.829562	5.657584	0.012793	10.7
62	-0.211037	1.920395	5.635163	0.029668	6.5
63	-0.238828	2.920312	5.399602	0.013259	11.3
64	-0.237568	3.920309	5.182928	0.016480	13.5
65	-0.213230	3.111235	5.356846	0.015138	8.4
66	-0.215705	3.213207	5.334286	0.015659	11.4
67	-0.264608	3.035636	5.373694	0.019247	11.2
68	-0.237840	2.228820	5.560341	0.007981	9.7
69	-0.230446	1.446077	5.754242	0.014758	15.1
70	-0.247819	0.851567	5.910796	0.011530	9.1
71	-0.222110	0.106748	6.119377	0.021398	9.4
72	-0.227157	0.735829	5.942270	0.015756	8.2
73	-0.216163	0.100302	6.121247	0.009525	10.5
74	-0.236503	0.000000	6.150484	0.008113	13.2
75	-0.245286	0.349620	6.049764	0.011192	9.3
76	-0.205438	0.000000	6.150484	0.019234	10.8
77	-0.264118	0.000000	6.150484	0.014880	8.2
78	-0.210510	0.000000	6.150484	0.015721	9.0
79	-0.232353	0.000000	6.150484	0.023898	10.6
80	-0.231059	0.542105	5.995707	0.027123	6.7
81	-0.240170	1.541131	5.729977	0.006987	11.1
82	-0.225234	2.277387	5.548740	0.010736	10.6
83	-0.252496	2.225029	5.561249	0.020012	8.7
84	-0.233422	3.153214	5.347535	0.025007	14.7
85	-0.208156	4.153214	5.134937	0.015713	10.0
86	-0.226044	5.153214	4.938596	0.013135	8.1
87	-0.229695	4.345588	5.095962	0.021398	14.2
88	-0.196509	5.345008	4.902643	0.004515	9.9
89	-0.232463	4.931539	4.980813	0.015713	7.8
90	-0.235674	5.717608	4.834271	0.017517	19.0
91	-0.225734	6.536924	4.690435	0.006203	44.7
92	-0.233240	5.967140	4.789539	0.021445	33.5
93	-0.234420	6.946838	4.621638	0.015282	11.7
94	-0.261651	6.139273	4.759161	0.014898	14.9
95	-0.255215	7.130704	4.591430	0.014862	11.1
96	-0.241956	7.732833	4.495211	0.014004	9.5
97	-0.220083	8.697462	4.349199	0.010052	15.3
98	-0.231605	8.247588	4.416096	0.015668	10.4
99	-0.223319	7.471951	4.536400	0.030174	8.4
100	-0.225433	6.661943	4.669237	0.010317	14.1
101	-0.248549	7.661901	4.506336	0.009893	11.7
102	-0.221619	8.315162	4.405917	0.014178	11.3
103	-0.226164	8.025735	4.449850	0.025941	10.4
104	-0.233722	9.025732	4.301649	0.010871	11.2
105	-0.252955	8.219168	4.420391	0.015133	11.5
106	-0.222364	9.069270	4.295421	0.007295	14.8
107	-0.236661	8.276338	4.411759	0.018608	8.0
108	-0.220223	8.590799	4.364876	0.016765	26.6
109	-0.257458	7.785177	4.487037	0.022405	12.7
110	-0.246516	6.987058	4.614996	0.021515	14.2
111	-0.234891	7.987058	4.455787	0.012464	22.0
112	-0.213266	8.955108	4.311791	0.012944	19.3
113	-0.239581	8.163038	4.428899	0.016876	43.7
114	-0.235988	8.654566	4.355490	0.016499	38.7
115	-0.232986	8.153289	4.430380	0.018913	42.1
116	-0.218715	7.363819	4.553694	0.032165	22.4
117	-0.253857	6.553769	4.687568	0.011761	16.8
118	-0.236543	5.749787	4.828456	0.006813	9.2
119	-0.217649	6.660863	4.669419	0.017147	13.0
120	-0.231608	5.894863	4.802410	0.031817	8.0
121	-0.249296	5.084852	4.951539	0.018117	12.3
122	-0.246124	4.274802	5.110234	0.019225	12.6
123	-0.239151	5.272870	4.916104	0.013230	10.1
124	-0.235477	4.477266	5.069624	0.013191	8.0
125	-0.224550	4.795787	5.007025	0.009426	13.4
126	-0.237317	5.137779	4.941512	0.013477	35.1
127	-0.224771	6.041197	4.776422	0.012583	10.6
128	-0.218412	6.895143	4.630202	0.021810	9.5
129	-0.237241	7.894588	4.470047	0.013748	10.7
130	-0.238980	8.833604	4.329352	0.013699	17.2
131	-0.254629	9.027711	4.301365	0.007812	15.0
132	-0.234684	9.174130	4.280493	0.018406	12.4
133	-0.210893	9.875553	4.183250	0.017142	14.5
134	-0.236188	10.874820	4.052106	0.021245	24.6
135	-0.214653	11.874818	3.928848	0.013967	21.2
136	-0.235920	11.065247	4.028042	0.013969	24.3
137	-0.226965	12.051443	3.907852	0.013444	17.0
138	-0.217684	11.255773	4.004249	0.013964	31.7
139	-0.224508	12.254621	3.883976	0.023996	20.8
140	-0.220109	13.221283	3.774264	0.012745	6.7
141	-0.221702	14.221281	3.667106	0.021443	6.6
142	-0.239968	15.220807	3.565911	0.029524	9.7
143	-0.233990	15.418024	3.546600	0.018078	8.4
144	-0.230177	14.607978	3.627281	0.011264	8.6
145	-0.222107	15.153015	3.572597	0.014768	6.9
146	-0.204661	15.927640	3.497655	0.022926	13.5
147	-0.243379	16.912517	3.406795	0.013939	9.2
148	-0.222112	17.912509	3.319245	0.017208	7.7
149	-0.225647	18.912131	3.236113	0.021956	12.0
150	-0.225513	18.102093	3.303152	0.023959	7.4
151	-0.232401	17.294250	3.372834	0.013774	6.6
152	-0.244969	16.848267	3.412578	0.014458	18.8
153	-0.237375	17.841535	3.325310	0.009782	17.2
154	-0.241694	18.344976	3.282761	0.012936	15.8
155	-0.224957	17.590367	3.346953	0.009100	14.7
156	-0.232550	17.861606	3.323593	0.028429	14.3
157	-0.231650	17.058797	3.393701	0.018543	13.6
158	-0.217716	18.058797	3.306814	0.008646	16.8
159	-0.228052	17.596433	3.346427	0.022268	14.9
160	-0.216781	18.584788	3.262874	0.017413	15.4
161	-0.237937	19.568525	3.183753	0.010202	13.2
162	-0.241393	19.466031	3.191817	0.020551	9.9
163	-0.227737	20.449302	3.116100	0.016911	16.5
164	-0.233025	21.295406	3.053763	0.018667	18.5
165	-0.224772	22.293673	2.983350	0.015717	13.0
166	-0.205127	21.682152	3.026093	0.011617	11.1
167	-0.241266	20.941576	3.079526	0.010823	14.2
168	-0.252254	21.866037	3.013112	0.023439	12.2
169	-0.246132	22.827924	2.946983	0.029797	10.9
170	-0.252910	23.827924	2.881243	0.020378	14.8
171	-0.221795	24.827924	2.818372	0.018066	9.3
172	-0.236836	24.017954	2.869081	0.016615	13.3
173	-0.207996	23.419095	2.907762	0.003749	10.5
174	-0.233431	24.084729	2.864832	0.017564	10.1
175	-0.228284	23.587866	2.896756	0.008562	14.5
176	-0.226923	24.455081	2.841490	0.010261	10.0
177	-0.229576	25.258692	2.792127	0.023267	13.5
178	-0.230752	25.963632	2.750217	0.012210	11.5
179	-0.222942	26.550106	2.716296	0.025221	12.1
180	-0.232461	27.541806	2.660803	0.021096	15.4
181	-0.236858	28.541689	2.607100	0.017147	12.4
182	-0.214959	29.541570	2.555523	0.019059	13.1
183	-0.227396	30.158500	2.524706	0.016838	11.5
184	-0.233753	31.158478	2.476302	0.015675	11.0
185	-0.233938	30.428376	2.511457	0.012914	19.2
186	-0.249765	29.620482	2.551539	0.005540	34.2
187	-0.237565	30.449063	2.510447	0.012359	17.4
188	-0.231031	30.290224	2.518222	0.021252	23.2
189	-0.241750	31.289541	2.470096	0.017042	13.9
190	-0.209757	32.288989	2.423768	0.020068	11.5
191	-0.255051	31.479034	2.461176	0.007752	11.4
192	-0.231147	32.462160	2.415917	0.016691	12.4
193	-0.215349	31.679316	2.451819	0.015258	9.6
194	-0.243395	31.909557	2.441150	0.011464	7.1
195	-0.216534	32.823951	2.399678	0.024787	13.3
196	-0.260754	32.056679	2.434381	0.024201	9.2
197	-0.231382	33.010880	2.391373	0.018638	8.1
198	-0.217355	34.008419	2.348007	0.010585	11.7
199	-0.239666	33.487969	2.370434	0.011285	15.3
200	-0.242056	32.819855	2.399861	0.020953	10.9
201	-0.242006	32.010033	2.436523	0.008357	9.7
202	-0.218834	31.534225	2.458591	0.009861	8.7
203	-0.232934	30.964259	2.485558	0.018340	13.2
204	-0.231475	31.801725	2.446135	0.020948	13.7
205	-0.233172	32.801725	2.400670	0.019208	16.3
206	-0.239534	32.183346	2.428583	0.013129	16.9
207	-0.243912	31.384304	2.465627	0.013353	8.6
208	-0.230140	30.598057	2.503198	0.017156	18.8
209	-0.218579	29.796389	2.542704	0.014600	9.9
210	-0.237080	29.163097	2.574804	0.014310	20.8
211	-0.234860	28.353636	2.617034	0.008079	11.5
212	-0.218522	27.625756	2.656209	0.011514	23.0
213	-0.215565	27.000517	2.690808	0.010406	10.0
214	-0.224511	26.208801	2.735934	0.012380	13.7
215	-0.234545	26.075967	2.743654	0.012722	11.6
216	-0.244247	25.302056	2.789512	0.012398	13.2
217	-0.223330	24.535743	2.836457	0.017315	15.3
218	-0.204884	23.842495	2.880307	0.011584	9.7
219	-0.224460	24.842234	2.817493	0.018286	13.9
220	-0.220476	25.650401	2.768683	0.010272	9.6
221	-0.234883	26.308740	2.730154	0.014017	9.6
222	-0.237440	27.300592	2.674091	0.014879	14.7
223	-0.258497	26.654823	2.710327	0.015471	11.7
224	-0.221251	26.131655	2.740412	0.008992	12.8
225	-0.242123	27.104017	2.685018	0.013865	10.8
226	-0.219997	27.833902	2.644887	0.018112	12.4
227	-0.253011	28.308740	2.619417	0.008433	12.5
228	-0.229681	27.518549	2.662078	0.019866	12.3
229	-0.233971	28.438860	2.612523	0.015936	9.7
230	-0.243251	28.625932	2.602675	0.017690	14.2
231	-0.230221	28.098982	2.630608	0.019145	11.9
232	-0.236093	28.796788	2.593745	0.024749	16.7
233	-0.244334	28.583124	2.604922	0.016583	13.5
234	-0.251297	29.213260	2.572232	0.023285	17.5
235	-0.220019	28.403226	2.614407	0.016868	12.9
236	-0.220754	27.606437	2.657265	0.022013	20.3
237	-0.234818	28.606420	2.603698	0.017679	13.3
238	-0.233435	27.807615	2.646312	0.021365	15.0
239	-0.235797	28.806453	2.593241	0.008486	11.5
240	-0.235384	29.207390	2.572533	0.016540	9.2
241	-0.259962	29.994666	2.532817	0.015616	15.0
242	-0.234300	30.985261	2.484553	0.021674	12.6
243	-0.229152	31.904153	2.441399	0.015348	14.8
244	-0.239187	31.113359	2.478446	0.024825	16.0
245	-0.220979	32.027753	2.435709	0.018120	12.9
246	-0.237606	31.485654	2.460866	0.020962	14.5
247	-0.234113	31.572164	2.456816	0.018718	10.0
248	-0.239367	31.088045	2.479651	0.017832	14.5
249	-0.208585	30.354063	2.515091	0.012327	14.4
250	-0.230599	29.999666	2.532569	0.017013	20.7
251	-0.252695	29.203174	2.572749	0.012150	16.1
252	-0.232552	28.430145	2.612984	0.019882	13.9
253	-0.220871	27.620202	2.656512	0.009323	13.8
254	-0.236532	27.675494	2.653495	0.011593	11.4
255	-0.262029	27.216162	2.678773	0.014686	14.9
256	-0.210166	28.212012	2.624566	0.009523	10.0
257	-0.223755	28.084377	2.631390	0.021041	22.4
258	-0.242084	28.781260	2.594554	0.006138	10.2
259	-0.234500	29.665286	2.549283	0.013642	17.0
260	-0.236565	30.605802	2.502822	0.018371	9.4
261	-0.246390	30.166868	2.524293	0.014065	16.7
262	-0.253564	29.382230	2.563605	0.019035	13.6
263	-0.239757	30.382221	2.513713	0.008210	14.9
264	-0.207415	31.368138	2.466388	0.020665	16.6
265	-0.229295	30.809515	2.492981	0.013399	9.8
266	-0.231260	31.805490	2.445961	0.022684	15.3
267	-0.253541	31.000133	2.483843	0.024534	13.0
268	-0.248388	31.997937	2.437079	0.026251	11.0
269	-0.230906	31.192181	2.474703	0.020042	24.0
270	-0.245442	32.192181	2.428179	0.010831	16.3
271	-0.218835	31.544441	2.458113	0.024361	11.7
272	-0.221636	32.448102	2.416553	0.024115	18.2
273	-0.245116	33.448099	2.372170	0.028741	12.5
274	-0.228248	34.448099	2.329388	0.019320	18.7
275	-0.229125	35.448096	2.288123	0.014593	12.0
276	-0.236674	34.638070	2.321435	0.009619	7.2
277	-0.248950	33.863094	2.354227	0.012363	12.3
278	-0.236872	33.181551	2.383840	0.014443	8.9
279	-0.237337	34.178857	2.340755	0.008581	9.5
280	-0.221472	34.591851	2.323365	0.012391	13.7
281	-0.262674	35.243514	2.296445	0.017711	13.2
282	-0.264531	36.242235	2.256379	0.008799	11.9
283	-0.218460	37.218942	2.218525	0.010059	17.1
284	-0.216472	37.847515	2.194828	0.010280	18.1
285	-0.247584	38.424020	2.173535	0.014610	16.4
286	-0.232355	37.639452	2.202615	0.011174	14.3
287	-0.239636	37.103608	2.222928	0.009380	15.9
288	-0.232227	36.984590	2.227491	0.027405	22.2
289	-0.210439	36.707444	2.238189	0.009231	13.4
290	-0.227528	35.899215	2.269981	0.025397	17.9
291	-0.216415	36.891557	2.231071	0.012635	13.1
292	-0.237232	37.883807	2.193475	0.026093	14.9
293	-0.231087	38.502112	2.170682	0.015911	13.6
294	-0.240705	39.502110	2.134804	0.006367	15.0
295	-0.216360	39.723713	2.127014	0.013246	20.6
296	-0.252655	39.356852	2.139942	0.031368	19.0
297	-0.239337	38.550258	2.168927	0.015895	11.5
298	-0.252589	37.740209	2.198837	0.012040	13.2
299	-0.238061	36.936517	2.229339	0.017705	16.1
300	-0.257989	36.208546	2.257707	0.009304	9.8
301	-0.229741	37.190225	2.219620	0.012365	15.7
302	-0.244229	36.698560	2.238533	0.016126	11.5
303	-0.232672	35.892861	2.270235	0.026409	16.7
304	-0.232477	35.082815	2.303026	0.016370	13.6
305	-0.207156	34.293170	2.335915	0.017804	9.1
306	-0.230676	33.483152	2.370644	0.020459	15.9
307	-0.237328	34.480116	2.328044	0.014043	13.0
308	-0.261344	35.479977	2.286831	0.020467	16.0
309	-0.218398	34.672366	2.320005	0.017878	14.2
310	-0.234137	35.672195	2.279075	0.009220	14.1
311	-0.225975	36.391272	2.250519	0.016534	12.7
312	-0.261258	36.804756	2.234421	0.008555	9.1
313	-0.233320	36.224878	2.257063	0.018342	14.2
314	-0.223721	35.967050	2.267278	0.014328	11.3
315	-0.230009	36.965820	2.228212	0.009646	14.9
316	-0.248751	36.543891	2.244550	0.012042	15.0
317	-0.241091	35.933093	2.268631	0.013451	28.5
318	-0.256651	35.717035	2.277273	0.023275	16.9
319	-0.223013	34.907010	2.310268	0.011435	20.4
320	-0.223839	35.785649	2.274521	0.018341	19.4
321	-0.221252	36.680816	2.239222	0.020206	25.6
322	-0.229148	35.870767	2.271117	0.022694	17.2
323	-0.238675	35.060727	2.303933	0.024141	23.1
324	-0.252609	34.250704	2.337711	0.017221	14.6
325	-0.243014	33.522679	2.368925	0.010057	24.6
326	-0.225046	32.715241	2.404535	0.009921	8.8
327	-0.236749	32.133033	2.430883	0.011600	25.2
328	-0.231237	32.705271	2.404981	0.011112	13.1
329	-0.258345	32.474845	2.415344	0.007050	14.3
330	-0.222899	32.884880	2.396965	0.009121	11.5
331	-0.236178	32.242600	2.425880	0.019778	13.2
332	-0.206747	31.802425	2.446103	0.012097	17.5
333	-0.225114	30.997243	2.483981	0.014680	16.1
334	-0.239420	31.333463	2.468022	0.023632	13.7
335	-0.232243	32.312445	2.422702	0.014991	16.5
336	-0.241362	31.550607	2.457824	0.016269	12.2
337	-0.223018	30.740885	2.496288	0.013244	15.4
338	-0.220633	30.127544	2.526234	0.018022	11.7
339	-0.219326	31.127428	2.477777	0.011110	15.3
340	-0.235393	31.386679	2.465515	0.013351	10.3
341	-0.234381	32.129440	2.431047	0.010251	14.0
342	-0.236462	33.051191	2.389590	0.011560	13.9
343	-0.221221	32.622381	2.408699	0.009253	12.6
344	-0.206336	33.510547	2.369453	0.020060	13.8
345	-0.279170	34.221230	2.338958	0.020377	16.2
346	-0.206016	35.219473	2.297427	0.014926	15.3
347	-0.230853	36.005890	2.265734	0.020926	15.0
348	-0.249071	37.005861	2.226674	0.024077	9.3
349	-0.256238	37.976708	2.190020	0.008787	17.0
350	-0.237770	38.465499	2.172018	0.016951	12.1
351	-0.237403	37.715381	2.199767	0.013671	16.2
352	-0.230546	36.909402	2.230383	0.013071	12.4
353	-0.231456	36.452019	2.248140	0.022067	11.3
354	-0.226884	37.185801	2.219788	0.014107	18.4
355	-0.227604	38.185799	2.182283	0.021335	18.2
356	-0.243526	37.414998	2.211079	0.008689	13.9
357	-0.239393	37.701864	2.200274	0.019252	13.1
358	-0.247180	36.902610	2.230645	0.011894	18.9
359	-0.229397	36.146923	2.260142	0.015573	8.8
360	-0.232858	37.008387	2.226577	0.017354	16.2
361	-0.235038	37.409202	2.211298	0.014686	13.9
362	-0.235586	38.408694	2.174095	0.014730	15.6
363	-0.252935	37.718709	2.199642	0.024667	14.3
364	-0.238115	38.718590	2.162813	0.020601	17.3
365	-0.237090	37.908605	2.192552	0.017051	16.0
366	-0.213156	37.098607	2.223120	0.012037	17.8
367	-0.251104	38.071632	2.186501	0.017687	14.8
368	-0.249080	39.068919	2.150199	0.017577	15.8
369	-0.253978	40.054986	2.115473	0.011597	13.0
370	-0.235642	40.812937	2.089533	0.012095	13.9
371	-0.227351	40.021076	2.116648	0.014178	16.1
372	-0.235620	40.317866	2.106403	0.006036	11.0
373	-0.208119	39.998397	2.117435	0.010003	16.5
374	-0.207921	39.361713	2.139770	0.009271	9.9
375	-0.236185	39.905999	2.120648	0.014208	17.5
376	-0.226610	40.855342	2.088100	0.011238	12.6
377	-0.226653	41.085405	2.080363	0.010675	19.7
378	-0.215273	42.031856	2.049125	0.010816	10.9
379	-0.235748	42.037672	2.048936	0.014653	15.0
380	-0.252425	42.959028	2.019420	0.018315	13.4
381	-0.231224	43.543218	2.001142	0.011706	15.5
382	-0.214080	42.967094	2.019166	0.010956	13.6
383	-0.239855	43.426943	2.004754	0.015026	9.4
384	-0.239227	43.289628	2.009036	0.026216	18.1
385	-0.237160	43.297441	2.008792	0.011616	14.1
386	-0.221440	42.581996	2.031395	0.018898	16.2
387	-0.233637	42.855129	2.022706	0.010653	14.9
388	-0.221161	43.131001	2.014005	0.011440	16.6
389	-0.246714	42.790940	2.024741	0.008649	14.0
390	-0.244822	42.605202	2.030654	0.011070	17.3
391	-0.244125	42.309055	2.040153	0.014096	13.6
392	-0.226543	41.568971	2.064285	0.017722	16.5
393	-0.227271	42.479820	2.034665	0.015396	15.2
394	-0.240877	42.550100	2.032415	0.010957	17.1
395	-0.230963	41.765360	2.057826	0.016293	15.0
396	-0.241090	42.734193	2.026544	0.012232	12.1
397	-0.225498	43.577664	2.000075	0.011702	19.0
398	-0.225061	42.806814	2.024238	0.014858	20.4
399	-0.221671	43.787857	1.993586	0.004797	12.3
400	-0.220742	43.191604	2.012104	0.013183	17.8
401	-0.238539	43.734413	1.995232	0.012086	14.1
402	-0.232250	42.928806	2.020375	0.024150	13.7
403	-0.210233	43.928800	1.989258	0.009640	15.7
404	-0.236056	43.222566	2.011134	0.014428	8.0
405	-0.233377	42.505236	2.033851	0.008024	14.6
406	-0.236504	42.113872	2.046462	0.015477	15.5
407	-0.238795	43.073289	2.015819	0.011490	17.9
408	-0.249017	42.266715	2.041518	0.010034	9.9
409	-0.219992	41.834451	2.055563	0.006560	14.0
410	-0.234401	42.001930	2.050098	0.015814	15.1
411	-0.246441	41.921722	2.052712	0.015853	14.5
412	-0.252088	41.206616	2.076309	0.018695	14.1
413	-0.234638	42.153885	2.045166	0.014174	9.1
414	-0.203374	42.637750	2.029615	0.011442	16.7
415	-0.245218	43.604130	1.999255	0.013948	12.0
416	-0.238791	44.546536	1.970511	0.009626	11.5
417	-0.232092	43.838036	1.992043	0.012939	10.6
418	-0.242019	43.117786	2.014420	0.020856	13.3
419	-0.224859	42.311251	2.040082	0.007125	15.7
420	-0.241826	41.599056	2.063292	0.016601	11.4
421	-0.209826	40.863656	2.087820	0.023280	15.7
422	-0.248346	40.054698	2.115483	0.019976	13.3
423	-0.224500	39.249516	2.143754	0.013377	9.8
424	-0.220227	40.247574	2.108821	0.018035	17.3
425	-0.241868	41.134773	2.078710	0.008419	10.8
426	-0.229092	40.358450	2.105010	0.017797	15.7
427	-0.217396	39.683999	2.128406	0.021830	14.7
428	-0.244103	40.653436	2.094939	0.031044	14.4
429	-0.242574	41.653390	2.061503	0.012568	14.0
430	-0.240681	42.637640	2.029619	0.021683	8.8
431	-0.220814	41.827893	2.055777	0.017061	16.1
432	-0.223891	41.028548	2.082270	0.014915	13.5
433	-0.232241	42.013671	2.049716	0.022349	19.0
434	-0.222093	42.999186	2.018153	0.013618	15.0
435	-0.227248	42.610706	2.030478	0.011222	18.5
436	-0.256104	43.374459	2.006388	0.018865	11.3
437	-0.217963	43.884517	1.990616	0.015889	15.5
438	-0.212950	43.074469	2.015782	0.004401	13.5
439	-0.226799	42.382523	2.037788	0.015135	14.6
440	-0.223477	42.453285	2.035516	0.010383	14.9
441	-0.236090	42.595639	2.030959	0.013377	12.5
442	-0.221610	42.752499	2.025962	0.014540	16.7
443	-0.225585	41.952952	2.051693	0.025979	10.0
444	-0.221813	42.952839	2.019616	0.018048	19.3
445	-0.248476	43.952839	1.988522	0.010711	11.1
446	-0.225068	43.144708	2.013575	0.011589	19.1
447	-0.228194	44.135520	1.982945	0.020289	14.4
448	-0.236745	45.015639	1.956509	0.011334	20.1
449	-0.237818	46.015158	1.927328	0.015864	10.3
450	-0.249228	46.635614	1.909647	0.019568	25.5
451	-0.227964	47.633873	1.881872	0.011287	21.4
452	-0.247770	48.271416	1.864552	0.023808	27.1
453	-0.221340	47.461417	1.886612	0.016452	16.7
454	-0.230103	46.651688	1.909193	0.015422	19.3
455	-0.215132	47.650336	1.881421	0.016673	15.5
456	-0.244602	47.023654	1.898754	0.019188	14.3
457	-0.251584	47.920759	1.874039	0.017084	14.6
458	-0.242676	48.879537	1.848326	0.014947	9.6
459	-0.231767	48.073881	1.869884	0.011127	16.1
460	-0.214306	47.294417	1.891226	0.017344	9.4
461	-0.214773	48.229909	1.865670	0.014501	11.2
462	-0.213358	48.806474	1.850260	0.010128	12.0
463	-0.227542	49.569015	1.830267	0.019199	11.1
464	-0.243160	49.197679	1.839949	0.019468	23.0
465	-0.241040	49.698455	1.826916	0.019101	9.8
466	-0.231465	48.891468	1.848010	0.006754	15.8
467	-0.237759	48.557953	1.856871	0.014533	13.6
468	-0.240017	49.430191	1.833875	0.007562	17.9
469	-0.237087	49.272732	1.837984	0.010470	14.2
470	-0.250107	49.385405	1.835042	0.014261	16.2
471	-0.220736	50.023012	1.818568	0.017438	12.9
472	-0.220448	49.307426	1.837077	0.012150	16.2
473	-0.230985	50.301653	1.811461	0.022879	13.5
474	-0.214814	49.542579	1.830953	0.022188	16.7
475	-0.228055	50.542578	1.805361	0.017211	11.4
476	-0.227451	49.732931	1.826026	0.011201	7.8
477	-0.263278	48.946075	1.846568	0.019173	14.4
478	-0.244940	48.216227	1.866039	0.012743	10.8
479	-0.200224	49.216210	1.839464	0.020551	8.8
480	-0.216167	48.406182	1.860932	0.024983	14.5
481	-0.246982	48.313377	1.863423	0.011391	10.2
482	-0.229905	47.678725	1.880643	0.019708	12.2
483	-0.232279	46.871247	1.903017	0.015903	9.2
484	-0.217724	47.871241	1.875386	0.011308	12.1
485	-0.234848	48.727290	1.852362	0.016169	20.1
486	-0.224759	48.723815	1.852454	0.018397	12.6
487	-0.234672	49.674838	1.827527	0.016283	17.4
488	-0.242754	48.869669	1.848587	0.016940	14.2
489	-0.245105	48.110592	1.868891	0.015026	12.8
490	-0.239891	49.109625	1.842260	0.012872	14.6
491	-0.219497	48.510942	1.858127	0.021367	9.3
492	-0.236499	47.916916	1.874143	0.014516	26.6
493	-0.237061	48.047720	1.870593	0.020538	14.6
494	-0.239486	49.046853	1.843911	0.016401	13.7
495	-0.194699	50.046121	1.817976	0.015774	10.1
496	-0.221860	51.029748	1.793150	0.018479	16.8
497	-0.245420	52.028375	1.768630	0.025099	16.5
498	-0.238073	51.339291	1.785477	0.018324	20.6
499	-0.224329	50.529242	1.805697	0.017437	8.3
Time spent in resolution 0 (ITK initialization and iterating): 8.615 s.
Stopping condition: Maximum number of iterations has been reached.
Settings of AdaptiveStochasticGradientDescent in resolution 0:
( SP_a 129.160159 )
( SP_A 20.000000 )
( SP_alpha 1.000000 )
( SigmoidMax 1.000000 )
( SigmoidMin -0.810050 )
( SigmoidScale 0.000020 )



=============== start of TransformParameterFile ===============
(Transform "EulerTransform")
(NumberOfParameters 6)
(TransformParameters 0.007730 0.003139 -0.011207 0.250475 -0.402720 4.531268)
(InitialTransformParametersFileName "NoInitialTransform")
(UseBinaryFormatForTransformationParameters "false")
(HowToCombineTransforms "Compose")

// Image specific
(FixedImageDimension 3)
(MovingImageDimension 3)
(FixedInternalImagePixelType "float")
(MovingInternalImagePixelType "float")
(Size 800 800 31)
(Index 0 0 0)
(Spacing 0.2249999940 0.2249999940 3.0000000000)
(Origin -88.8805084229 -128.7406768799 49.0254821777)
(Direction 1.0000000000 0.0000000000 0.0000000000 0.0000000000 1.0000000000 0.0000000000 0.0000000000 0.0000000000 1.0000000000)
(UseDirectionCosines "false")

// EulerTransform specific
(CenterOfRotationPoint 1.0069891959 -38.8531792611 94.0254821777)
(ComputeZYX "false")

// ResampleInterpolator specific
(ResampleInterpolator "FinalBSplineInterpolator")
(FinalBSplineInterpolationOrder 3)

// Resampler specific
(Resampler "DefaultResampler")
(DefaultPixelValue 0.000000)
(ResultImageFormat "nii.gz")
(ResultImagePixelType "short")
(CompressResultImage "false")

=============== end of TransformParameterFile ===============

Creating the TransformParameterFile took 0.00s

Registration result checksum: 3542113021

Skipping applying final transform, no resulting output image generated.

Final metric value  = -0.224329
Settings of AdaptiveStochasticGradientDescent for all resolutions:
( SP_a 129.160159 )
( SP_A 20.000000 )
( SP_alpha 1.000000 )
( SigmoidMax 1.000000 )
( SigmoidMin -0.810050 )
( SigmoidScale 0.000020 )

Time spent on saving the results, applying the final transform etc.: 23 ms.
Running elastix with parameter file 0: "/Users/sakinkirti/Programming/Python/CCIPD/racial-disparity-pca/code_matlab/rigid.txt", has finished.


Current time: Mon May 23 13:30:28 2022.
Time used for running elastix with this parameter file:
  9.5s.

-------------------------------------------------------------------------

Total time elapsed: 9.6s.

