
transformix is started at Mon May 23 08:26:31 2022.

which transformix:   /Users/sakinkirti/Programming/Python/CCIPD/racial-disparity-pca/code_matlab/elastix-5.0.0-mac/bin/transformix
transformix runs at: Sakins-MBP.hsd1.ca.comcast.net
  macOS 12.3.1 (x64), 21E258
  with 8192 MB memory, and 2 cores @ 2300 MHz.
Running transformix with parameter file "/Users/sakinkirti/Programming/Python/CCIPD/racial-disparity-pca/dataset/to_nifti_cleaned/prostate-000104/TransformParameters.0.txt".

Reading the elastix parameters from file ...

Installing all components.
InstallingComponents was successful.

ELASTIX version: 5.000
Command line options from ElastixBase:
-in       /Users/sakinkirti/Programming/Python/CCIPD/racial-disparity-pca/dataset/to_nifti_cleaned/prostate-000104/LS2_LB.nii.gz
-out      /Users/sakinkirti/Programming/Python/CCIPD/racial-disparity-pca/dataset/to_nifti_cleaned/prostate-000104/
-threads  unspecified, so all available threads are used
-tp       /Users/sakinkirti/Programming/Python/CCIPD/racial-disparity-pca/dataset/to_nifti_cleaned/prostate-000104/TransformParameters.0.txt
-def      unspecified, so no input points transformed
-jac      unspecified, so no det(dT/dx) computed
-jacmat   unspecified, so no dT/dx computed

=============== start of ParameterFile: /Users/sakinkirti/Programming/Python/CCIPD/racial-disparity-pca/dataset/to_nifti_cleaned/prostate-000104/TransformParameters.0.txt ===============
(Transform "EulerTransform")
(NumberOfParameters 6)
(TransformParameters 0.003599 -0.004000 0.001280 0.699098 -1.030219 8.067909)
(InitialTransformParametersFileName "NoInitialTransform")
(UseBinaryFormatForTransformationParameters "false")
(HowToCombineTransforms "Compose")

// Image specific
(FixedImageDimension 3)
(MovingImageDimension 3)
(FixedInternalImagePixelType "float")
(MovingInternalImagePixelType "float")
(Size 272 320 24)
(Index 0 0 0)
(Spacing 0.7500000000 0.7500000000 3.5000002384)
(Origin -92.3917694092 -99.7495727539 102.1765747070)
(Direction 1.0000000000 0.0000000000 0.0000000000 0.0000000000 1.0000000000 0.0000000000 0.0000000000 0.0000000000 1.0000000000)
(UseDirectionCosines "false")

// EulerTransform specific
(CenterOfRotationPoint 9.2332305908 19.8754272461 142.4265774488)
(ComputeZYX "false")

// ResampleInterpolator specific
(ResampleInterpolator "FinalBSplineInterpolator")
(FinalBSplineInterpolationOrder 3)

// Resampler specific
(Resampler "DefaultResampler")
(DefaultPixelValue 0.000000)
(ResultImageFormat "nii.gz")
(ResultImagePixelType "short")
(CompressResultImage "false")


=============== end of ParameterFile: /Users/sakinkirti/Programming/Python/CCIPD/racial-disparity-pca/dataset/to_nifti_cleaned/prostate-000104/TransformParameters.0.txt ===============


Reading input image ...
  Reading input image took 0.094918 s
Calling all ReadFromFile()'s ...
  Calling all ReadFromFile()'s took 0.000124 s
Transforming points ...
  The command-line option "-def" is not used, so no points are transformed
  Transforming points done, it took 0.00s
Compute determinant of spatial Jacobian ...
  The command-line option "-jac" is not used, so no det(dT/dx) computed.
  Computing determinant of spatial Jacobian done, it took 0.00s
Compute spatial Jacobian (full matrix) ...
  The command-line option "-jacmat" is not used, so no dT/dx computed.
  Computing spatial Jacobian done, it took 0.00s
Resampling image and writing to disk ...
  Resampling took 0.20s

transformix has finished at Mon May 23 08:26:32 2022.
Total time elapsed: 0.4s.

