
elastix is started at Mon May 23 17:51:18 2022.

which elastix:   /Users/sakinkirti/Programming/Python/CCIPD/racial-disparity-pca/code_matlab/elastix-5.0.0-mac/bin/elastix
elastix runs at: Sakins-MBP.hsd1.ca.comcast.net
  macOS 12.3.1 (x64), 21E258
  with 8192 MB memory, and 2 cores @ 2300 MHz.
-------------------------------------------------------------------------

Running elastix with parameter file 0: "/Users/sakinkirti/Programming/Python/CCIPD/racial-disparity-pca/code_matlab/rigid.txt".

Current time: Mon May 23 17:51:18 2022.
Reading the elastix parameters from file ...

Installing all components.
InstallingComponents was successful.

ELASTIX version: 5.000
Command line options from ElastixBase:
-f        /Users/sakinkirti/Programming/Python/CCIPD/racial-disparity-pca/dataset/to_nifti_cleaned/prostate-000339/T2W.nii.gz
-m        /Users/sakinkirti/Programming/Python/CCIPD/racial-disparity-pca/dataset/to_nifti_cleaned/prostate-000339/ADC.nii.gz
-fMask    unspecified, so no fixed mask used
-mMask    unspecified, so no moving mask used
-out      /Users/sakinkirti/Programming/Python/CCIPD/racial-disparity-pca/dataset/to_nifti_cleaned/prostate-000339/
-p        /Users/sakinkirti/Programming/Python/CCIPD/racial-disparity-pca/code_matlab/rigid.txt
-threads  unspecified, so all available threads are used
Command line options from TransformBase:
-t0       unspecified, so no initial transform used

=============== start of ParameterFile: /Users/sakinkirti/Programming/Python/CCIPD/racial-disparity-pca/code_matlab/rigid.txt ===============
// Example parameter file for rotation registration
// C-style comments: //

// The internal pixel type, used for internal computations
// Leave to float in general. 
// NB: this is not the type of the input images! The pixel 
// type of the input images is automatically read from the 
// images themselves.
// This setting can be changed to "short" to save some memory
// in case of very large 3D images.
(FixedInternalImagePixelType "float")
(MovingInternalImagePixelType "float")

// The dimensions of the fixed and moving image
// Up to elastix 4.5 this had to be specified by the user.
// From elastix 4.6, this is not necessary anymore.
//(FixedImageDimension 3)
//(MovingImageDimension 3)

// Specify whether you want to take into account the so-called
// direction cosines of the images. Recommended: true.
// In some cases, the direction cosines of the image are corrupt,
// due to image format conversions for example. In that case, you 
// may want to set this option to "false".
(UseDirectionCosines "false")

// **************** Main Components **************************

// The following components should usually be left as they are:
(Registration "MultiResolutionRegistration")
(Interpolator "BSplineInterpolator")
(ResampleInterpolator "FinalBSplineInterpolator")
(Resampler "DefaultResampler")

// These may be changed to Fixed/MovingSmoothingImagePyramid.
// See the manual.
(FixedImagePyramid "FixedRecursiveImagePyramid")
(MovingImagePyramid "MovingRecursiveImagePyramid")

// The following components are most important:
// The optimizer AdaptiveStochasticGradientDescent (ASGD) works
// quite ok in general. The Transform and Metric are important
// and need to be chosen careful for each application. See manual.
(Optimizer "AdaptiveStochasticGradientDescent")
(Transform "EulerTransform")
(Metric "AdvancedMattesMutualInformation")

// ***************** Transformation **************************

// Scales the rotations compared to the translations, to make
// sure they are in the same range. In general, it's best to  
// use automatic scales estimation:
(AutomaticScalesEstimation "true")

// Automatically guess an initial translation by aligning the
// geometric centers of the fixed and moving.
(AutomaticTransformInitialization "true")

// Whether transforms are combined by composition or by addition.
// In generally, Compose is the best option in most cases.
// It does not influence the results very much.
(HowToCombineTransforms "Compose")

// ******************* Similarity measure *********************

// Number of grey level bins in each resolution level,
// for the mutual information. 16 or 32 usually works fine.
// You could also employ a hierarchical strategy:
//(NumberOfHistogramBins 16 32 64)
(NumberOfHistogramBins 32)

// If you use a mask, this option is important. 
// If the mask serves as region of interest, set it to false.
// If the mask indicates which pixels are valid, then set it to true.
// If you do not use a mask, the option doesn't matter.
(ErodeMask "false")

// ******************** Multiresolution **********************

// The number of resolutions. 1 Is only enough if the expected
// deformations are small. 3 or 4 mostly works fine. For large
// images and large deformations, 5 or 6 may even be useful.
(NumberOfResolutions 1)

// The downsampling/blurring factors for the image pyramids.
// By default, the images are downsampled by a factor of 2
// compared to the next resolution.
// So, in 2D, with 4 resolutions, the following schedule is used:
//(ImagePyramidSchedule 8 8  4 4  2 2  1 1 )
// And in 3D:
//(ImagePyramidSchedule 8 8 8  4 4 4  2 2 2  1 1 1 )
// You can specify any schedule, for example:
//(ImagePyramidSchedule 4 4  4 3  2 1  1 1 )
// Make sure that the number of elements equals the number
// of resolutions times the image dimension.

// ******************* Optimizer ****************************

// Maximum number of iterations in each resolution level:
// 200-500 works usually fine for rigid registration.
// For more robustness, you may increase this to 1000-2000.
(MaximumNumberOfIterations 500)

// The step size of the optimizer, in mm. By default the voxel size is used.
// which usually works well. In case of unusual high-resolution images
// (eg histology) it is necessary to increase this value a bit, to the size
// of the "smallest visible structure" in the image:
//(MaximumStepLength 1.0)

// **************** Image sampling **********************

// Number of spatial samples used to compute the mutual
// information (and its derivative) in each iteration.
// With an AdaptiveStochasticGradientDescent optimizer,
// in combination with the two options below, around 2000
// samples may already suffice.
(NumberOfSpatialSamples 2000)

// Refresh these spatial samples in every iteration, and select
// them randomly. See the manual for information on other sampling
// strategies.
(NewSamplesEveryIteration "true")
(ImageSampler "Random")

// ************* Interpolation and Resampling ****************

// Order of B-Spline interpolation used during registration/optimisation.
// It may improve accuracy if you set this to 3. Never use 0.
// An order of 1 gives linear interpolation. This is in most 
// applications a good choice.
(BSplineInterpolationOrder 1)

// Order of B-Spline interpolation used for applying the final
// deformation.
// 3 gives good accuracy; recommended in most cases.
// 1 gives worse accuracy (linear interpolation)
// 0 gives worst accuracy, but is appropriate for binary images
// (masks, segmentations); equivalent to nearest neighbor interpolation.
(FinalBSplineInterpolationOrder 3)

//Default pixel value for pixels that come from outside the picture:
(DefaultPixelValue 0)

// Choose whether to generate the deformed moving image.
// You can save some time by setting this to false, if you are
// only interested in the final (nonrigidly) deformed moving image
// for example.
(WriteResultImage "true")

// The pixel type and format of the resulting deformed moving image
(ResultImagePixelType "short")
(ResultImageFormat "nii.gz")




=============== end of ParameterFile: /Users/sakinkirti/Programming/Python/CCIPD/racial-disparity-pca/code_matlab/rigid.txt ===============


Reading images...
Reading images took 78 ms.

WARNING: the fixed pyramid schedule is not fully specified!
  A default pyramid schedule is used.
WARNING: the moving pyramid schedule is not fully specified!
  A default pyramid schedule is used.
WARNING: The parameter "AutomaticTransformInitializationMethod", requested at entry number 0, does not exist at all.
  The default value "GeometricalCenter" is used instead.
Transform parameters are initialized as: [0, 0, 0, 4.374373555183411, 7.433592915534973, -16.04326629638672]
Scales are estimated automatically.
Scales for transform parameters are: [3391.2427368164062, 3391.2427368164062, 5481.9854736328125, 1, 1, 1]
Initialization of all components (before registration) took: 11 ms.
Preparation of the image pyramids took: 7 ms.

Resolution: 0
WARNING: The parameter "ShowExactMetricValue", requested at entry number 0, does not exist at all.
  The default value "false" is used instead.
WARNING: The parameter "CheckNumberOfSamples", requested at entry number 0, does not exist at all.
  The default value "true" is used instead.
WARNING: The parameter "UseMultiThreadingForMetrics", requested at entry number 0, does not exist at all.
  The default value "true" is used instead.
Setting the fixed masks took: 0 ms.
Setting the moving masks took: 0 ms.
WARNING: The parameter "NumberOfFixedHistogramBins", requested at entry number 0, does not exist at all.
  The default value "32" is used instead.
WARNING: The parameter "NumberOfMovingHistogramBins", requested at entry number 0, does not exist at all.
  The default value "32" is used instead.
WARNING: The parameter "FixedLimitRangeRatio", requested at entry number 0, does not exist at all.
  The default value "0.01" is used instead.
WARNING: The parameter "MovingLimitRangeRatio", requested at entry number 0, does not exist at all.
  The default value "0.01" is used instead.
WARNING: The parameter "FixedKernelBSplineOrder", requested at entry number 0, does not exist at all.
  The default value "0" is used instead.
WARNING: The parameter "MovingKernelBSplineOrder", requested at entry number 0, does not exist at all.
  The default value "3" is used instead.
WARNING: The parameter "UseFastAndLowMemoryVersion", requested at entry number 0, does not exist at all.
  The default value "true" is used instead.
WARNING: The parameter "UseJacobianPreconditioning", requested at entry number 0, does not exist at all.
  The default value "false" is used instead.
WARNING: The parameter "FiniteDifferenceDerivative", requested at entry number 0, does not exist at all.
  The default value "false" is used instead.
WARNING: The parameter "SP_A", requested at entry number 0, does not exist at all.
  The default value "20" is used instead.
WARNING: The parameter "MaximumNumberOfSamplingAttempts", requested at entry number 0, does not exist at all.
  The default value "0" is used instead.
WARNING: The parameter "SigmoidInitialTime", requested at entry number 0, does not exist at all.
  The default value "0" is used instead.
WARNING: The parameter "MaxBandCovSize", requested at entry number 0, does not exist at all.
  The default value "192" is used instead.
WARNING: The parameter "NumberOfBandStructureSamples", requested at entry number 0, does not exist at all.
  The default value "10" is used instead.
WARNING: The parameter "UseAdaptiveStepSizes", requested at entry number 0, does not exist at all.
  The default value "true" is used instead.
WARNING: The parameter "AutomaticParameterEstimation", requested at entry number 0, does not exist at all.
  The default value "true" is used instead.
WARNING: The parameter "UseConstantStep", requested at entry number 0, does not exist at all.
  The default value "false" is used instead.
WARNING: The parameter "MaximumStepLengthRatio", requested at entry number 0, does not exist at all.
  The default value "1" is used instead.
WARNING: The parameter "MaximumStepLength", requested at entry number 0, does not exist at all.
  The default value "0.957623" is used instead.
WARNING: The parameter "NumberOfGradientMeasurements", requested at entry number 0, does not exist at all.
  The default value "0" is used instead.
WARNING: The parameter "NumberOfJacobianMeasurements", requested at entry number 0, does not exist at all.
  The default value "1000" is used instead.
WARNING: The parameter "NumberOfSamplesForExactGradient", requested at entry number 0, does not exist at all.
  The default value "100000" is used instead.
WARNING: The parameter "SigmoidScaleFactor", requested at entry number 0, does not exist at all.
  The default value "0.1" is used instead.
Elastix initialization of all components (for this resolution) took: 1 ms.
  Computing the fixed image extrema took 7 ms.
  Computing the moving image extrema took 4 ms.
Initialization of AdvancedMattesMutualInformation metric took: 32 ms.
Starting automatic parameter estimation for AdaptiveStochasticGradientDescent ...
WARNING: The parameter "ASGDParameterEstimationMethod", requested at entry number 0, does not exist at all.
  The default value "Original" is used instead.
  Computing JacobianTerms ...
  Computing the Jacobian terms took 0.002950s
  NumberOfGradientMeasurements to estimate sigma_i: 6
  Sampling gradients ...
  Sampling the gradients took 0.479940s
Automatic parameter estimation took 0.48s
1:ItNr	2:Metric	3a:Time	3b:StepSize	4:||Gradient||	Time[ms]
0	-0.072686	0.000000	4.354214	0.008526	521.1
1	-0.070737	0.000000	4.354214	0.021331	5.0
2	-0.065794	0.602736	4.232728	0.032452	4.4
3	-0.065591	1.602736	4.045462	0.015221	7.6
4	-0.065505	0.644030	4.224652	0.011548	5.6
5	-0.067349	0.849932	4.184841	0.018633	4.9
6	-0.075259	1.849931	4.001697	0.018918	6.3
7	-0.059716	2.849929	3.833911	0.013587	4.5
8	-0.073693	1.891031	3.994512	0.007058	6.5
9	-0.049006	2.393921	3.908644	0.019321	5.8
10	-0.060494	3.262318	3.768745	0.014304	5.2
11	-0.062173	4.253684	3.620798	0.011462	5.2
12	-0.068982	3.541402	3.725887	0.024919	5.1
13	-0.068388	2.582504	3.877387	0.005281	5.2
14	-0.067071	3.577448	3.720423	0.025641	6.3
15	-0.064845	2.618575	3.871466	0.013944	7.3
16	-0.064109	1.659676	4.035296	0.018928	6.4
17	-0.082799	0.700781	4.213604	0.010836	6.9
18	-0.064637	0.000000	4.354214	0.015653	4.8
19	-0.058159	0.646961	4.224080	0.022339	6.0
20	-0.082621	1.646961	4.037562	0.012280	5.9
21	-0.062053	0.690082	4.215682	0.016234	5.6
22	-0.065469	0.000000	4.354214	0.025574	7.4
23	-0.074345	0.999649	4.156362	0.010626	5.3
24	-0.059969	0.040750	4.345781	0.010138	8.2
25	-0.064313	0.616584	4.230016	0.010477	5.8
26	-0.060794	0.000000	4.354214	0.022035	7.4
27	-0.048842	0.000000	4.354214	0.010734	7.0
28	-0.069835	0.000000	4.354214	0.006868	9.6
29	-0.061863	0.354258	4.281980	0.011260	5.1
30	-0.061163	0.000000	4.354214	0.019047	3.8
31	-0.061697	0.000000	4.354214	0.007932	4.3
32	-0.066380	0.999790	4.156335	0.013773	5.0
33	-0.063707	1.998279	3.975884	0.007758	4.3
34	-0.058654	2.996391	3.810511	0.015515	4.2
35	-0.065362	3.610904	3.715365	0.017513	5.2
36	-0.081451	4.610874	3.570300	0.009400	4.1
37	-0.056504	5.608293	3.436466	0.010259	4.9
38	-0.075139	6.603129	3.312614	0.011711	5.6
39	-0.083196	7.554391	3.202257	0.010677	5.1
40	-0.069569	8.364849	3.113876	0.020184	4.1
41	-0.067754	9.243830	3.023377	0.018512	3.9
42	-0.065529	8.284932	3.122374	0.011314	4.3
43	-0.059901	7.364795	3.223662	0.009129	4.4
44	-0.064460	6.991296	3.266676	0.013286	3.7
45	-0.046851	6.136142	3.369620	0.006994	5.6
46	-0.067587	7.093466	3.254796	0.015866	4.2
47	-0.069091	7.695779	3.186479	0.009243	4.1
48	-0.054913	6.869793	3.280918	0.015579	5.1
49	-0.066659	7.586907	3.198615	0.013792	5.3
50	-0.068895	8.586889	3.090507	0.015627	4.1
51	-0.080446	7.627991	3.194024	0.018515	4.2
52	-0.066215	8.627991	3.086220	0.014321	3.9
53	-0.067894	9.627991	2.985455	0.015359	5.3
54	-0.041459	10.627951	2.891066	0.010714	4.9
55	-0.064750	9.669351	2.981429	0.011427	9.2
56	-0.062005	10.665425	2.887645	0.017367	6.2
57	-0.074871	10.221885	2.928667	0.008011	7.6
58	-0.060362	11.221875	2.837777	0.024411	6.3
59	-0.065407	12.221875	2.752358	0.009512	8.7
60	-0.049789	11.263236	2.834139	0.012364	7.9
61	-0.055033	10.463944	2.906136	0.019943	8.4
62	-0.064209	9.508843	2.997115	0.016777	5.6
63	-0.065018	10.508843	2.901995	0.011501	10.5
64	-0.059877	9.554568	2.992629	0.016314	6.3
65	-0.057562	9.488155	2.999148	0.017189	8.6
66	-0.053684	10.488155	2.903901	0.012153	5.5
67	-0.065892	9.748859	2.973720	0.011156	4.9
68	-0.075084	10.739793	2.880879	0.004991	13.2
69	-0.059597	10.253111	2.925741	0.006064	10.8
70	-0.072016	10.606761	2.893004	0.020399	7.4
71	-0.071128	11.604228	2.804498	0.009743	9.3
72	-0.059384	10.649566	2.889092	0.010255	4.3
73	-0.064627	11.647936	2.800744	0.018682	4.5
74	-0.077851	12.647591	2.717535	0.016514	5.1
75	-0.074884	13.647262	2.639126	0.024402	4.2
76	-0.076054	12.688364	2.714246	0.012143	4.2
77	-0.061876	13.688119	2.636018	0.018498	4.3
78	-0.066240	12.730669	2.710842	0.021771	4.7
79	-0.069579	11.893542	2.779831	0.013417	4.2
80	-0.060551	11.525745	2.811265	0.018926	6.2
81	-0.075611	10.566866	2.896661	0.008659	6.8
82	-0.058849	11.565221	2.807857	0.013511	5.5
83	-0.065708	10.606656	2.893014	0.012396	6.7
84	-0.064262	9.647792	2.983527	0.015617	6.5
85	-0.067121	10.173454	2.933217	0.010326	6.1
86	-0.070316	9.491831	2.998787	0.009094	5.1
87	-0.068923	10.113276	2.938890	0.009833	4.1
88	-0.063901	11.081075	2.850232	0.014821	4.2
89	-0.076454	12.079825	2.764177	0.012691	3.8
90	-0.074266	11.124965	2.846338	0.015011	2.9
91	-0.063911	10.167428	2.933784	0.008454	3.0
92	-0.073211	11.165380	2.842761	0.017763	3.3
93	-0.075945	11.390389	2.823013	0.012419	2.8
94	-0.064558	10.448767	2.907538	0.012879	2.6
95	-0.074537	10.164979	2.934014	0.019313	3.5
96	-0.056531	9.227469	3.025013	0.007842	3.3
97	-0.057716	8.271360	3.123821	0.021263	4.4
98	-0.063257	7.312483	3.229618	0.007789	5.1
99	-0.067963	8.311887	3.119502	0.019665	4.0
100	-0.077414	7.425630	3.216762	0.035944	3.1
101	-0.054256	6.466731	3.329064	0.012383	4.9
102	-0.056975	7.462965	3.212543	0.014610	4.7
103	-0.071274	8.444782	3.105423	0.019781	3.9
104	-0.069683	7.485887	3.209958	0.021076	4.1
105	-0.066455	6.526989	3.321776	0.011496	4.9
106	-0.067005	7.526989	3.205333	0.008014	4.4
107	-0.071821	8.439865	3.105942	0.010385	3.8
108	-0.078405	9.432584	3.004625	0.009139	5.4
109	-0.057760	8.498741	3.099742	0.010846	4.9
110	-0.062893	7.540465	3.203820	0.015608	3.4
111	-0.055024	8.513757	3.098165	0.011925	4.3
112	-0.074201	9.476076	3.000337	0.016574	4.9
113	-0.060408	10.475780	2.905043	0.024218	3.7
114	-0.055357	9.601328	2.988057	0.015064	3.3
115	-0.075475	8.642430	3.084717	0.024543	4.3
116	-0.076336	9.642430	2.984049	0.013708	4.6
117	-0.073366	8.683532	3.080445	0.013264	4.4
118	-0.065155	7.724640	3.183277	0.012489	3.6
119	-0.068666	8.657987	3.083099	0.014368	4.1
120	-0.059635	7.702078	3.185780	0.011367	3.9
121	-0.071833	8.162660	3.135465	0.020791	4.3
122	-0.063005	7.203761	3.242068	0.021207	4.0
123	-0.058165	6.244921	3.356167	0.024967	5.0
124	-0.069535	5.286022	3.478598	0.019640	4.8
125	-0.075695	4.327124	3.610299	0.019136	3.9
126	-0.078603	5.321606	3.473895	0.018774	3.4
127	-0.080544	6.321606	3.346747	0.018309	4.3
128	-0.072024	7.230698	3.238974	0.017689	3.4
129	-0.068108	6.586630	3.314595	0.012496	4.3
130	-0.056326	7.576696	3.199758	0.015955	3.7
131	-0.059018	6.617800	3.310854	0.018136	4.8
132	-0.065973	7.617367	3.195210	0.012835	4.2
133	-0.067387	6.671385	3.304442	0.023594	3.8
134	-0.065263	5.712504	3.423060	0.012215	5.2
135	-0.056232	6.712504	3.299539	0.016035	4.6
136	-0.058001	7.693209	3.186765	0.016772	4.3
137	-0.067214	8.693209	3.079441	0.015315	3.7
138	-0.067805	7.734314	3.182206	0.012278	5.2
139	-0.084953	6.775420	3.292065	0.019942	4.5
140	-0.076942	7.770858	3.178164	0.017115	4.7
141	-0.065818	8.742156	3.074374	0.016028	4.9
142	-0.067659	7.783258	3.176795	0.011130	4.7
143	-0.077603	7.135745	3.249905	0.010667	3.8
144	-0.068589	7.690638	3.187050	0.012577	7.8
145	-0.065257	8.678599	3.080957	0.017777	5.9
146	-0.056920	7.719704	3.183825	0.011825	4.7
147	-0.064141	8.403647	3.109767	0.018739	5.1
148	-0.079785	9.400687	3.007777	0.018681	5.9
149	-0.060615	9.625316	2.985716	0.006656	5.1
150	-0.065092	9.186578	3.029111	0.006744	5.8
151	-0.071283	9.936408	2.955692	0.022435	6.2
152	-0.068600	10.909536	2.865554	0.016565	4.8
153	-0.087674	11.909536	2.778480	0.010671	6.2
154	-0.069048	12.876030	2.699209	0.011403	5.8
155	-0.061452	12.005071	2.770438	0.026244	4.7
156	-0.071189	11.089712	2.849465	0.019624	6.4
157	-0.064095	10.130813	2.937235	0.011523	5.3
158	-0.078066	9.174902	3.030283	0.026205	5.8
159	-0.070169	8.234007	3.127813	0.013801	5.3
160	-0.065897	7.275109	3.233887	0.014802	5.9
161	-0.048882	6.643269	3.307803	0.014948	8.4
162	-0.067184	5.688045	3.426197	0.022943	5.6
163	-0.073624	6.688044	3.302454	0.009495	4.5
164	-0.076244	7.669113	3.189443	0.016301	9.9
165	-0.077376	8.668903	3.081964	0.013766	4.6
166	-0.053467	7.778942	3.177271	0.009901	5.4
167	-0.057594	8.778558	3.070615	0.022078	5.7
168	-0.066961	9.766276	2.972037	0.020672	6.3
169	-0.071233	10.766276	2.878477	0.017260	5.1
170	-0.063920	9.807377	2.968072	0.016077	6.2
171	-0.057906	9.702229	2.978236	0.017234	5.3
172	-0.069758	10.702229	2.884292	0.013097	5.1
173	-0.071195	9.766595	2.972006	0.016162	5.1
174	-0.072963	10.766558	2.878452	0.025151	7.3
175	-0.061323	11.766556	2.790604	0.011659	6.4
176	-0.065408	12.766555	2.707961	0.016668	6.4
177	-0.052194	11.807680	2.787107	0.011981	6.6
178	-0.068518	10.848785	2.871020	0.009348	5.3
179	-0.060834	10.408119	2.911301	0.012563	5.6
180	-0.061741	11.406160	2.821639	0.009110	4.9
181	-0.052258	10.669147	2.887305	0.019358	4.8
182	-0.065146	11.441270	2.818586	0.010884	6.3
183	-0.072646	10.508954	2.901985	0.008944	5.7
184	-0.060233	10.167935	2.933736	0.012334	4.8
185	-0.073594	10.233534	2.927575	0.023289	5.9
186	-0.062423	9.274676	3.020297	0.026976	6.4
187	-0.065420	10.274672	2.923724	0.014908	5.0
188	-0.056414	11.274672	2.833135	0.014847	6.3
189	-0.078607	10.315966	2.919868	0.010424	5.3
190	-0.058049	11.001517	2.857318	0.011626	6.1
191	-0.071419	10.042752	2.945567	0.008698	6.7
192	-0.076639	9.088494	3.038986	0.016831	6.0
193	-0.074826	10.062515	2.943693	0.009685	6.3
194	-0.075287	9.181520	3.029619	0.015838	5.9
195	-0.058223	8.223037	3.128987	0.013536	5.2
196	-0.064024	7.264140	3.235142	0.006450	5.2
197	-0.069571	6.434333	3.332995	0.013810	4.9
198	-0.060887	7.433636	3.215857	0.014587	6.2
199	-0.066200	8.422796	3.107743	0.010441	5.8
200	-0.051801	9.367416	3.011073	0.009365	5.3
201	-0.055315	10.365142	2.915290	0.005327	7.2
202	-0.060162	11.318279	2.829312	0.008046	6.6
203	-0.052126	12.147263	2.758554	0.006994	3.7
204	-0.070490	11.692820	2.796898	0.007172	5.4
205	-0.078050	12.383461	2.739036	0.017605	5.5
206	-0.059749	11.485591	2.814740	0.012181	4.4
207	-0.065110	10.996967	2.857724	0.019214	6.8
208	-0.076974	11.996963	2.771119	0.007783	5.6
209	-0.056083	12.958491	2.692655	0.022685	6.7
210	-0.065561	12.011124	2.769930	0.016379	4.9
211	-0.065443	13.011124	2.688488	0.013404	6.2
212	-0.071209	14.010953	2.611711	0.008007	4.8
213	-0.071170	13.090134	2.682257	0.011151	5.6
214	-0.069498	12.395935	2.738013	0.018486	3.8
215	-0.072422	11.437645	2.818901	0.019558	7.1
216	-0.076302	10.478747	2.904769	0.009382	4.8
217	-0.070651	11.478746	2.815333	0.016745	5.3
218	-0.064792	12.012381	2.769824	0.007451	4.8
219	-0.068472	12.455430	2.733144	0.019013	5.4
220	-0.049293	11.511919	2.812461	0.006216	5.0
221	-0.070613	10.573225	2.896077	0.016176	4.8
222	-0.056694	10.052824	2.944611	0.010171	4.8
223	-0.067883	9.094081	3.038421	0.008639	5.2
224	-0.082020	8.185341	3.133028	0.011445	5.6
225	-0.066119	7.233145	3.238693	0.007898	5.1
226	-0.062671	6.278694	3.352012	0.009987	5.4
227	-0.067004	7.268545	3.234638	0.011221	5.7
228	-0.075538	6.348688	3.343433	0.013825	5.2
229	-0.055768	7.338346	3.226670	0.018328	5.4
230	-0.069985	8.335878	3.116951	0.005210	5.2
231	-0.057495	7.400111	3.219653	0.014888	6.0
232	-0.068070	7.497459	3.208654	0.008659	6.1
233	-0.064892	8.497386	3.099885	0.016081	5.3
234	-0.063527	9.206166	3.027147	0.009276	5.7
235	-0.066016	10.187102	2.931933	0.006718	6.2
236	-0.065690	10.788990	2.876420	0.017222	6.4
237	-0.070087	9.830144	2.965880	0.006885	6.3
238	-0.071203	10.166211	2.933898	0.010469	5.3
239	-0.068713	9.718993	2.976611	0.010939	5.2
240	-0.060894	8.761747	3.072350	0.022710	5.5
241	-0.056896	7.827081	3.171965	0.012862	5.6
242	-0.052699	8.826934	3.065635	0.013420	6.7
243	-0.074624	9.826933	2.966189	0.015908	6.8
244	-0.059295	10.826894	2.872995	0.016505	6.1
245	-0.072867	11.826894	2.785475	0.015998	5.3
246	-0.057988	12.778106	2.707035	0.022001	6.9
247	-0.062502	11.819630	2.786092	0.014787	6.5
248	-0.062962	10.860731	2.869944	0.020182	5.5
249	-0.060088	11.860731	2.782607	0.015614	4.8
250	-0.063028	10.901835	2.866246	0.017485	4.9
251	-0.072964	9.942937	2.955069	0.004903	4.4
252	-0.071092	10.359694	2.915797	0.010593	4.5
253	-0.062894	9.585734	2.989580	0.014523	3.6
254	-0.066518	8.626885	3.086335	0.008011	3.9
255	-0.073031	8.944500	3.053599	0.010060	4.8
256	-0.075188	8.313650	3.119315	0.012098	3.7
257	-0.064794	7.371543	3.222895	0.024531	4.4
258	-0.059914	6.435755	3.332822	0.018717	3.5
259	-0.070271	5.476856	3.453526	0.007875	4.9
260	-0.066182	6.343263	3.344096	0.011180	4.8
261	-0.075776	7.331801	3.227416	0.009778	4.1
262	-0.061222	8.326925	3.117903	0.018760	5.1
263	-0.068597	7.388413	3.220980	0.009307	3.7
264	-0.070120	6.577525	3.315689	0.008321	4.4
265	-0.062490	7.442029	3.214908	0.018272	5.7
266	-0.062380	6.483157	3.327074	0.013193	3.9
267	-0.066189	5.658011	3.430057	0.008758	4.3
268	-0.063487	4.833038	3.539595	0.021734	6.1
269	-0.081244	5.833037	3.407684	0.009748	4.1
270	-0.074118	5.386640	3.465333	0.017377	4.3
271	-0.075982	6.278406	3.352047	0.010733	4.1
272	-0.058891	7.277583	3.233604	0.017003	4.1
273	-0.073488	6.697117	3.301372	0.020290	3.0
274	-0.064077	5.738219	3.419768	0.010480	3.3
275	-0.069953	6.365395	3.341392	0.008058	2.9
276	-0.072070	7.305399	3.230426	0.009898	3.2
277	-0.066895	6.731837	3.297239	0.014596	3.3
278	-0.074601	5.773034	3.415321	0.018391	3.2
279	-0.064251	4.814136	3.542187	0.019562	3.1
280	-0.058427	5.814136	3.410086	0.007874	3.2
281	-0.081577	6.809816	3.287994	0.012922	3.3
282	-0.067044	7.652322	3.191312	0.021364	4.1
283	-0.068308	6.693424	3.301813	0.014797	5.3
284	-0.061987	7.693297	3.186755	0.014551	6.7
285	-0.065007	6.752616	3.294770	0.015923	6.1
286	-0.061508	7.667687	3.189602	0.024505	6.0
287	-0.054104	6.708789	3.299982	0.011574	6.4
288	-0.068811	5.749968	3.418266	0.017066	6.0
289	-0.077781	6.749898	3.295093	0.015471	5.9
290	-0.067668	5.810707	3.410522	0.020495	6.8
291	-0.075473	4.863870	3.535376	0.009933	6.0
292	-0.079227	5.862661	3.403926	0.008333	5.5
293	-0.065640	6.858006	3.282306	0.005762	6.2
294	-0.065829	6.526466	3.321839	0.012784	6.1
295	-0.070821	7.478310	3.210812	0.014180	5.2
296	-0.061735	6.519413	3.322691	0.024987	6.4
297	-0.067538	5.591679	3.438613	0.013838	5.4
298	-0.064628	6.591430	3.314018	0.009778	6.1
299	-0.059049	5.707676	3.423679	0.010271	6.0
300	-0.066257	6.707293	3.300160	0.009525	5.7
301	-0.075632	7.555031	3.202185	0.019798	3.8
302	-0.079651	6.604294	3.312474	0.009172	3.6
303	-0.057296	5.645414	3.431679	0.016600	4.3
304	-0.079167	5.848470	3.405725	0.017640	5.2
305	-0.080276	6.848469	3.283430	0.011877	4.2
306	-0.068328	7.848462	3.169614	0.017970	4.0
307	-0.053119	6.916908	3.275381	0.007621	4.6
308	-0.075655	5.997426	3.386934	0.005648	4.0
309	-0.058001	6.869003	3.281011	0.017220	4.2
310	-0.066253	6.310519	3.348106	0.015760	3.9
311	-0.066108	5.368161	3.467762	0.015150	4.9
312	-0.071658	4.409322	3.598620	0.010360	4.1
313	-0.068141	3.450857	3.739685	0.014719	4.4
314	-0.050498	4.271269	3.618279	0.010810	3.5
315	-0.063559	3.312371	3.760986	0.026773	5.7
316	-0.067959	2.783982	3.844541	0.014500	4.5
317	-0.068919	3.783885	3.689434	0.014868	3.9
318	-0.068951	3.434803	3.742142	0.016461	4.2
319	-0.064373	2.475905	3.894994	0.014987	4.0
320	-0.062055	1.517269	4.060817	0.020579	3.4
321	-0.071099	0.558374	4.241438	0.018031	6.8
322	-0.058981	1.558374	4.053417	0.010706	7.0
323	-0.061274	2.555772	3.881787	0.007577	4.7
324	-0.065688	3.186130	3.780617	0.011441	6.4
325	-0.076484	2.286352	3.926699	0.016134	6.6
326	-0.080175	1.327730	4.095289	0.017533	5.9
327	-0.082394	2.327611	3.919754	0.014870	6.6
328	-0.085038	1.409039	4.080429	0.013302	5.9
329	-0.085688	0.513036	4.250376	0.010190	8.1
330	-0.062872	1.371540	4.087269	0.013385	6.1
331	-0.074574	1.902357	3.992537	0.010008	6.0
332	-0.063447	2.876049	3.829716	0.007184	6.1
333	-0.067321	3.102237	3.793776	0.020827	5.4
334	-0.079210	2.148105	3.950151	0.008399	5.9
335	-0.065592	3.104915	3.793355	0.008356	6.8
336	-0.069190	3.592151	3.718199	0.022205	5.5
337	-0.083185	4.591504	3.573002	0.014219	6.9
338	-0.075406	4.069834	3.647352	0.017064	5.7
339	-0.069184	5.067885	3.507707	0.029365	7.6
340	-0.057826	5.322648	3.473758	0.028576	5.2
341	-0.064397	4.363750	3.605086	0.011985	4.6
342	-0.078454	3.404852	3.746734	0.018840	6.0
343	-0.071014	2.450608	3.899195	0.007017	5.1
344	-0.063770	3.450478	3.739743	0.014250	6.4
345	-0.056264	2.689151	3.859932	0.008623	6.5
346	-0.075787	3.545644	3.725244	0.020007	5.9
347	-0.076214	4.504833	3.585144	0.015616	5.2
348	-0.067006	5.504833	3.449880	0.013292	5.2
349	-0.070608	6.473890	3.328196	0.016976	4.9
350	-0.071744	5.555232	3.443333	0.015544	5.5
351	-0.056953	6.544817	3.319626	0.013262	4.4
352	-0.056768	5.586547	3.439277	0.018260	5.4
353	-0.068642	4.627649	3.567963	0.006339	5.8
354	-0.064283	3.669366	3.706561	0.007924	6.1
355	-0.063311	4.524720	3.582351	0.007686	4.6
356	-0.069529	3.814808	3.684836	0.015823	6.3
357	-0.067145	2.856210	3.832901	0.008710	5.2
358	-0.073338	1.917756	3.989854	0.011371	5.3
359	-0.054711	1.180526	4.122468	0.009641	5.8
360	-0.062012	0.508932	4.251187	0.008375	6.0
361	-0.066688	1.259292	4.107880	0.014784	5.5
362	-0.058962	0.302530	4.292377	0.013360	5.8
363	-0.062604	1.302509	4.099920	0.018521	5.3
364	-0.064000	0.343611	4.284116	0.021072	4.6
365	-0.067915	0.000000	4.354214	0.019701	5.5
366	-0.069061	0.000000	4.354214	0.005720	4.5
367	-0.076718	0.000000	4.354214	0.015097	6.0
368	-0.065183	0.146551	4.324038	0.010439	6.0
369	-0.070769	0.000000	4.354214	0.010269	5.4
370	-0.065370	0.750057	4.204058	0.015707	5.4
371	-0.065257	1.750039	4.019268	0.013325	5.6
372	-0.062305	2.749560	3.850113	0.007826	5.6
373	-0.055397	2.013278	3.973293	0.013016	5.9
374	-0.061129	1.111195	4.135394	0.017753	5.9
375	-0.066236	2.111159	3.956465	0.007230	4.7
376	-0.053281	3.096177	3.794731	0.014575	6.4
377	-0.072165	4.094291	3.643797	0.027392	5.3
378	-0.064111	3.135392	3.788565	0.026105	7.5
379	-0.068056	4.135392	3.637839	0.012650	5.4
380	-0.084311	4.373906	3.603643	0.018325	5.5
381	-0.064360	3.415008	3.745176	0.018805	4.5
382	-0.075872	4.414994	3.597817	0.011197	5.4
383	-0.062992	3.570763	3.721435	0.009898	6.4
384	-0.068349	4.221184	3.625464	0.012999	5.9
385	-0.067034	3.872856	3.676236	0.012126	7.9
386	-0.063525	4.164903	3.633572	0.009254	5.5
387	-0.063404	5.109678	3.502092	0.017428	5.8
388	-0.065096	6.109548	3.372926	0.016213	7.9
389	-0.069812	5.150673	3.496602	0.010353	5.3
390	-0.064475	4.204728	3.627831	0.015980	6.9
391	-0.072611	5.204127	3.489469	0.019932	7.3
392	-0.073330	4.245229	3.622011	0.014947	7.4
393	-0.068733	3.286335	3.765018	0.023995	7.8
394	-0.080467	2.327437	3.919783	0.012523	5.2
395	-0.056749	3.327437	3.758657	0.012406	8.4
396	-0.065500	2.653673	3.865721	0.009858	6.9
397	-0.070856	3.624345	3.713337	0.006528	5.4
398	-0.059333	4.314466	3.612105	0.021880	6.8
399	-0.072464	3.356332	3.754198	0.016069	6.3
400	-0.052621	4.356332	3.606141	0.018495	5.9
401	-0.061564	5.352398	3.469836	0.011364	6.3
402	-0.063617	4.393601	3.600848	0.021037	4.9
403	-0.070655	4.178494	3.631611	0.023585	4.7
404	-0.069622	5.178488	3.492887	0.016229	6.6
405	-0.053365	4.219590	3.625693	0.010277	6.4
406	-0.061341	3.350636	3.755076	0.006053	6.2
407	-0.057007	3.593639	3.717973	0.014811	6.4
408	-0.073572	4.566003	3.576566	0.019116	5.2
409	-0.069816	3.717094	3.699403	0.014463	5.4
410	-0.062873	2.758197	3.848714	0.010327	6.3
411	-0.063496	3.752806	3.694066	0.006676	4.9
412	-0.077264	3.552828	3.724153	0.011528	5.5
413	-0.075306	3.463578	3.737740	0.015815	4.5
414	-0.059981	2.505121	3.890152	0.013602	5.7
415	-0.057330	3.265290	3.768284	0.007067	5.2
416	-0.068162	4.210121	3.627055	0.021222	4.9
417	-0.069568	3.305975	3.761976	0.007964	5.8
418	-0.060029	2.347078	3.916486	0.025344	5.6
419	-0.070090	3.345825	3.755819	0.015393	3.9
420	-0.068839	2.386943	3.909810	0.012597	4.9
421	-0.061727	1.428367	4.076913	0.026018	4.2
422	-0.052722	2.428203	3.902924	0.008055	3.8
423	-0.065520	1.469305	4.069485	0.011177	3.7
424	-0.066344	0.530405	4.246947	0.014011	4.7
425	-0.071858	1.456100	4.071878	0.013551	4.4
426	-0.071838	2.456073	3.898287	0.009778	4.0
427	-0.064328	1.505594	4.062923	0.019423	4.9
428	-0.078046	0.568733	4.239401	0.009205	5.0
429	-0.077865	1.568721	4.051559	0.013848	4.2
430	-0.081828	2.560499	3.881009	0.013975	3.9
431	-0.068334	3.548268	3.724845	0.010002	4.8
432	-0.053445	4.533609	3.581104	0.018157	3.8
433	-0.075200	5.533454	3.446159	0.015449	4.0
434	-0.059305	6.519534	3.322676	0.015073	4.2
435	-0.067711	5.560636	3.442632	0.007767	4.5
436	-0.075797	6.534138	3.320914	0.021132	4.1
437	-0.069763	6.762835	3.293558	0.018572	3.5
438	-0.065083	7.762832	3.179051	0.014625	4.9
439	-0.077560	8.758005	3.072736	0.005707	4.2
440	-0.062899	9.754599	2.973165	0.023396	3.8
441	-0.072850	10.754110	2.879580	0.005375	5.2
442	-0.068074	9.863340	2.962690	0.010773	4.8
443	-0.065576	10.693149	2.885119	0.011841	4.3
444	-0.070103	10.872735	2.868863	0.010044	3.6
445	-0.074601	9.914167	2.957819	0.009877	5.7
446	-0.071927	9.131063	3.034692	0.009495	5.1
447	-0.069113	9.834015	2.965507	0.017997	6.0
448	-0.067749	8.878898	3.060304	0.020434	6.2
449	-0.052753	9.875544	2.961519	0.011367	5.9
450	-0.076786	8.916646	3.056442	0.013202	7.2
451	-0.084138	9.699455	2.978506	0.005291	5.5
452	-0.086754	10.566468	2.896697	0.014305	5.1
453	-0.072824	11.038127	2.854053	0.007766	6.9
454	-0.076592	10.401781	2.911889	0.010878	4.5
455	-0.061013	9.480466	2.999905	0.014884	5.2
456	-0.067934	10.380579	2.913856	0.013659	5.3
457	-0.079186	9.534019	2.994643	0.020932	5.8
458	-0.069042	10.534012	2.899679	0.012300	6.0
459	-0.062345	11.533833	2.810566	0.010139	5.3
460	-0.070871	10.589699	2.894567	0.013172	6.0
461	-0.048807	9.876137	2.961462	0.012330	5.4
462	-0.066635	10.095803	2.940542	0.017806	4.5
463	-0.079378	9.194781	3.028288	0.010186	5.8
464	-0.072564	8.236144	3.127584	0.008594	4.8
465	-0.079635	9.145179	3.033271	0.014098	6.2
466	-0.066213	9.435503	3.004337	0.015102	5.1
467	-0.059203	8.476650	3.102065	0.015423	6.1
468	-0.071100	9.476627	3.000283	0.013685	5.1
469	-0.066963	10.164759	2.934035	0.020476	6.0
470	-0.064721	11.164757	2.842816	0.025153	5.3
471	-0.054783	12.164757	2.757098	0.008423	5.7
472	-0.056548	13.164755	2.676398	0.025294	6.0
473	-0.064773	14.147389	2.601573	0.018481	4.8
474	-0.057532	13.203135	2.673395	0.014385	5.8
475	-0.051512	14.202626	2.597491	0.011067	4.9
476	-0.067916	15.174248	2.527724	0.012004	4.6
477	-0.072224	16.096535	2.464880	0.017261	5.0
478	-0.072325	15.139711	2.530139	0.012695	5.6
479	-0.059635	16.138643	2.462085	0.009131	4.7
480	-0.065781	16.966433	2.408404	0.019279	5.6
481	-0.064507	16.736981	2.423048	0.016424	4.9
482	-0.078843	17.736819	2.360506	0.015562	5.8
483	-0.064466	18.736091	2.301145	0.015097	7.6
484	-0.069147	19.736060	2.244657	0.016973	5.9
485	-0.069437	20.722971	2.191563	0.012215	5.7
486	-0.061562	21.722970	2.140265	0.011649	5.6
487	-0.060587	22.503126	2.101883	0.010932	5.9
488	-0.059545	23.491088	2.055209	0.008655	7.0
489	-0.050092	23.937522	2.034792	0.011436	5.7
490	-0.057765	22.980713	2.079059	0.014230	6.2
491	-0.061737	22.048594	2.124076	0.009059	6.8
492	-0.062003	23.048475	2.075861	0.016313	3.9
493	-0.057615	24.025157	2.030831	0.008905	5.4
494	-0.063152	23.085462	2.074119	0.017824	5.7
495	-0.080962	22.126576	2.120236	0.013643	4.5
496	-0.063194	21.224544	2.165530	0.012454	6.4
497	-0.075135	22.224542	2.115430	0.007448	4.9
498	-0.065207	23.223105	2.067663	0.007666	5.9
499	-0.064509	22.470642	2.103454	0.016115	5.9
Time spent in resolution 0 (ITK initialization and iterating): 3.424 s.
Stopping condition: Maximum number of iterations has been reached.
Settings of AdaptiveStochasticGradientDescent in resolution 0:
( SP_a 91.438499 )
( SP_A 20.000000 )
( SP_alpha 1.000000 )
( SigmoidMax 1.000000 )
( SigmoidMin -0.958898 )
( SigmoidScale 0.000010 )



=============== start of TransformParameterFile ===============
(Transform "EulerTransform")
(NumberOfParameters 6)
(TransformParameters -0.001364 -0.022003 -0.012477 3.509993 6.256275 -15.959201)
(InitialTransformParametersFileName "NoInitialTransform")
(UseBinaryFormatForTransformationParameters "false")
(HowToCombineTransforms "Compose")

// Image specific
(FixedImageDimension 3)
(MovingImageDimension 3)
(FixedInternalImagePixelType "float")
(MovingInternalImagePixelType "float")
(Size 256 256 30)
(Index 0 0 0)
(Spacing 0.7031250000 0.7031250000 3.0000000000)
(Origin -68.8922958374 -84.3521881104 134.9832153320)
(Direction 1.0000000000 0.0000000000 -0.0000000106 0.0000000000 0.9999984770 0.0017452861 0.0000000106 -0.0017452861 0.9999984770)
(UseDirectionCosines "false")

// EulerTransform specific
(CenterOfRotationPoint 20.7561416626 5.2962493896 178.4832153320)
(ComputeZYX "false")

// ResampleInterpolator specific
(ResampleInterpolator "FinalBSplineInterpolator")
(FinalBSplineInterpolationOrder 3)

// Resampler specific
(Resampler "DefaultResampler")
(DefaultPixelValue 0.000000)
(ResultImageFormat "nii.gz")
(ResultImagePixelType "short")
(CompressResultImage "false")

=============== end of TransformParameterFile ===============

Creating the TransformParameterFile took 0.00s

Registration result checksum: 2080738139

Applying final transform ...
  Applying final transform took 0.95s

Final metric value  = -0.064509
Settings of AdaptiveStochasticGradientDescent for all resolutions:
( SP_a 91.438499 )
( SP_A 20.000000 )
( SP_alpha 1.000000 )
( SigmoidMax 1.000000 )
( SigmoidMin -0.958898 )
( SigmoidScale 0.000010 )

Time spent on saving the results, applying the final transform etc.: 955 ms.
Running elastix with parameter file 0: "/Users/sakinkirti/Programming/Python/CCIPD/racial-disparity-pca/code_matlab/rigid.txt", has finished.


Current time: Mon May 23 17:51:23 2022.
Time used for running elastix with this parameter file:
  4.5s.

-------------------------------------------------------------------------

Total time elapsed: 4.6s.

