
elastix is started at Mon May 23 17:55:57 2022.

which elastix:   /Users/sakinkirti/Programming/Python/CCIPD/racial-disparity-pca/code_matlab/elastix-5.0.0-mac/bin/elastix
elastix runs at: Sakins-MBP.hsd1.ca.comcast.net
  macOS 12.3.1 (x64), 21E258
  with 8192 MB memory, and 2 cores @ 2300 MHz.
-------------------------------------------------------------------------

Running elastix with parameter file 0: "/Users/sakinkirti/Programming/Python/CCIPD/racial-disparity-pca/code_matlab/rigid.txt".

Current time: Mon May 23 17:55:57 2022.
Reading the elastix parameters from file ...

Installing all components.
InstallingComponents was successful.

ELASTIX version: 5.000
Command line options from ElastixBase:
-f        /Users/sakinkirti/Programming/Python/CCIPD/racial-disparity-pca/dataset/to_nifti_cleaned/prostate-000535/T2W.nii.gz
-m        /Users/sakinkirti/Programming/Python/CCIPD/racial-disparity-pca/dataset/to_nifti_cleaned/prostate-000535/ADC.nii.gz
-fMask    unspecified, so no fixed mask used
-mMask    unspecified, so no moving mask used
-out      /Users/sakinkirti/Programming/Python/CCIPD/racial-disparity-pca/dataset/to_nifti_cleaned/prostate-000535/
-p        /Users/sakinkirti/Programming/Python/CCIPD/racial-disparity-pca/code_matlab/rigid.txt
-threads  unspecified, so all available threads are used
Command line options from TransformBase:
-t0       unspecified, so no initial transform used

=============== start of ParameterFile: /Users/sakinkirti/Programming/Python/CCIPD/racial-disparity-pca/code_matlab/rigid.txt ===============
// Example parameter file for rotation registration
// C-style comments: //

// The internal pixel type, used for internal computations
// Leave to float in general. 
// NB: this is not the type of the input images! The pixel 
// type of the input images is automatically read from the 
// images themselves.
// This setting can be changed to "short" to save some memory
// in case of very large 3D images.
(FixedInternalImagePixelType "float")
(MovingInternalImagePixelType "float")

// The dimensions of the fixed and moving image
// Up to elastix 4.5 this had to be specified by the user.
// From elastix 4.6, this is not necessary anymore.
//(FixedImageDimension 3)
//(MovingImageDimension 3)

// Specify whether you want to take into account the so-called
// direction cosines of the images. Recommended: true.
// In some cases, the direction cosines of the image are corrupt,
// due to image format conversions for example. In that case, you 
// may want to set this option to "false".
(UseDirectionCosines "false")

// **************** Main Components **************************

// The following components should usually be left as they are:
(Registration "MultiResolutionRegistration")
(Interpolator "BSplineInterpolator")
(ResampleInterpolator "FinalBSplineInterpolator")
(Resampler "DefaultResampler")

// These may be changed to Fixed/MovingSmoothingImagePyramid.
// See the manual.
(FixedImagePyramid "FixedRecursiveImagePyramid")
(MovingImagePyramid "MovingRecursiveImagePyramid")

// The following components are most important:
// The optimizer AdaptiveStochasticGradientDescent (ASGD) works
// quite ok in general. The Transform and Metric are important
// and need to be chosen careful for each application. See manual.
(Optimizer "AdaptiveStochasticGradientDescent")
(Transform "EulerTransform")
(Metric "AdvancedMattesMutualInformation")

// ***************** Transformation **************************

// Scales the rotations compared to the translations, to make
// sure they are in the same range. In general, it's best to  
// use automatic scales estimation:
(AutomaticScalesEstimation "true")

// Automatically guess an initial translation by aligning the
// geometric centers of the fixed and moving.
(AutomaticTransformInitialization "true")

// Whether transforms are combined by composition or by addition.
// In generally, Compose is the best option in most cases.
// It does not influence the results very much.
(HowToCombineTransforms "Compose")

// ******************* Similarity measure *********************

// Number of grey level bins in each resolution level,
// for the mutual information. 16 or 32 usually works fine.
// You could also employ a hierarchical strategy:
//(NumberOfHistogramBins 16 32 64)
(NumberOfHistogramBins 32)

// If you use a mask, this option is important. 
// If the mask serves as region of interest, set it to false.
// If the mask indicates which pixels are valid, then set it to true.
// If you do not use a mask, the option doesn't matter.
(ErodeMask "false")

// ******************** Multiresolution **********************

// The number of resolutions. 1 Is only enough if the expected
// deformations are small. 3 or 4 mostly works fine. For large
// images and large deformations, 5 or 6 may even be useful.
(NumberOfResolutions 1)

// The downsampling/blurring factors for the image pyramids.
// By default, the images are downsampled by a factor of 2
// compared to the next resolution.
// So, in 2D, with 4 resolutions, the following schedule is used:
//(ImagePyramidSchedule 8 8  4 4  2 2  1 1 )
// And in 3D:
//(ImagePyramidSchedule 8 8 8  4 4 4  2 2 2  1 1 1 )
// You can specify any schedule, for example:
//(ImagePyramidSchedule 4 4  4 3  2 1  1 1 )
// Make sure that the number of elements equals the number
// of resolutions times the image dimension.

// ******************* Optimizer ****************************

// Maximum number of iterations in each resolution level:
// 200-500 works usually fine for rigid registration.
// For more robustness, you may increase this to 1000-2000.
(MaximumNumberOfIterations 500)

// The step size of the optimizer, in mm. By default the voxel size is used.
// which usually works well. In case of unusual high-resolution images
// (eg histology) it is necessary to increase this value a bit, to the size
// of the "smallest visible structure" in the image:
//(MaximumStepLength 1.0)

// **************** Image sampling **********************

// Number of spatial samples used to compute the mutual
// information (and its derivative) in each iteration.
// With an AdaptiveStochasticGradientDescent optimizer,
// in combination with the two options below, around 2000
// samples may already suffice.
(NumberOfSpatialSamples 2000)

// Refresh these spatial samples in every iteration, and select
// them randomly. See the manual for information on other sampling
// strategies.
(NewSamplesEveryIteration "true")
(ImageSampler "Random")

// ************* Interpolation and Resampling ****************

// Order of B-Spline interpolation used during registration/optimisation.
// It may improve accuracy if you set this to 3. Never use 0.
// An order of 1 gives linear interpolation. This is in most 
// applications a good choice.
(BSplineInterpolationOrder 1)

// Order of B-Spline interpolation used for applying the final
// deformation.
// 3 gives good accuracy; recommended in most cases.
// 1 gives worse accuracy (linear interpolation)
// 0 gives worst accuracy, but is appropriate for binary images
// (masks, segmentations); equivalent to nearest neighbor interpolation.
(FinalBSplineInterpolationOrder 3)

//Default pixel value for pixels that come from outside the picture:
(DefaultPixelValue 0)

// Choose whether to generate the deformed moving image.
// You can save some time by setting this to false, if you are
// only interested in the final (nonrigidly) deformed moving image
// for example.
(WriteResultImage "true")

// The pixel type and format of the resulting deformed moving image
(ResultImagePixelType "short")
(ResultImageFormat "nii.gz")




=============== end of ParameterFile: /Users/sakinkirti/Programming/Python/CCIPD/racial-disparity-pca/code_matlab/rigid.txt ===============


Reading images...
Reading images took 89 ms.

WARNING: the fixed pyramid schedule is not fully specified!
  A default pyramid schedule is used.
WARNING: the moving pyramid schedule is not fully specified!
  A default pyramid schedule is used.
WARNING: The parameter "AutomaticTransformInitializationMethod", requested at entry number 0, does not exist at all.
  The default value "GeometricalCenter" is used instead.
Transform parameters are initialized as: [0, 0, 0, 2.836160123348236, -2.633871614933014, 1.0211570262908936]
Scales are estimated automatically.
Scales for transform parameters are: [3909.801125732052, 3909.8011257320395, 4417.602251464013, 1, 1, 1]
Initialization of all components (before registration) took: 13 ms.
Preparation of the image pyramids took: 6 ms.

Resolution: 0
WARNING: The parameter "ShowExactMetricValue", requested at entry number 0, does not exist at all.
  The default value "false" is used instead.
WARNING: The parameter "CheckNumberOfSamples", requested at entry number 0, does not exist at all.
  The default value "true" is used instead.
WARNING: The parameter "UseMultiThreadingForMetrics", requested at entry number 0, does not exist at all.
  The default value "true" is used instead.
Setting the fixed masks took: 0 ms.
Setting the moving masks took: 0 ms.
WARNING: The parameter "NumberOfFixedHistogramBins", requested at entry number 0, does not exist at all.
  The default value "32" is used instead.
WARNING: The parameter "NumberOfMovingHistogramBins", requested at entry number 0, does not exist at all.
  The default value "32" is used instead.
WARNING: The parameter "FixedLimitRangeRatio", requested at entry number 0, does not exist at all.
  The default value "0.01" is used instead.
WARNING: The parameter "MovingLimitRangeRatio", requested at entry number 0, does not exist at all.
  The default value "0.01" is used instead.
WARNING: The parameter "FixedKernelBSplineOrder", requested at entry number 0, does not exist at all.
  The default value "0" is used instead.
WARNING: The parameter "MovingKernelBSplineOrder", requested at entry number 0, does not exist at all.
  The default value "3" is used instead.
WARNING: The parameter "UseFastAndLowMemoryVersion", requested at entry number 0, does not exist at all.
  The default value "true" is used instead.
WARNING: The parameter "UseJacobianPreconditioning", requested at entry number 0, does not exist at all.
  The default value "false" is used instead.
WARNING: The parameter "FiniteDifferenceDerivative", requested at entry number 0, does not exist at all.
  The default value "false" is used instead.
WARNING: The parameter "SP_A", requested at entry number 0, does not exist at all.
  The default value "20" is used instead.
WARNING: The parameter "MaximumNumberOfSamplingAttempts", requested at entry number 0, does not exist at all.
  The default value "0" is used instead.
WARNING: The parameter "SigmoidInitialTime", requested at entry number 0, does not exist at all.
  The default value "0" is used instead.
WARNING: The parameter "MaxBandCovSize", requested at entry number 0, does not exist at all.
  The default value "192" is used instead.
WARNING: The parameter "NumberOfBandStructureSamples", requested at entry number 0, does not exist at all.
  The default value "10" is used instead.
WARNING: The parameter "UseAdaptiveStepSizes", requested at entry number 0, does not exist at all.
  The default value "true" is used instead.
WARNING: The parameter "AutomaticParameterEstimation", requested at entry number 0, does not exist at all.
  The default value "true" is used instead.
WARNING: The parameter "UseConstantStep", requested at entry number 0, does not exist at all.
  The default value "false" is used instead.
WARNING: The parameter "MaximumStepLengthRatio", requested at entry number 0, does not exist at all.
  The default value "1" is used instead.
WARNING: The parameter "MaximumStepLength", requested at entry number 0, does not exist at all.
  The default value "1.10714" is used instead.
WARNING: The parameter "NumberOfGradientMeasurements", requested at entry number 0, does not exist at all.
  The default value "0" is used instead.
WARNING: The parameter "NumberOfJacobianMeasurements", requested at entry number 0, does not exist at all.
  The default value "1000" is used instead.
WARNING: The parameter "NumberOfSamplesForExactGradient", requested at entry number 0, does not exist at all.
  The default value "100000" is used instead.
WARNING: The parameter "SigmoidScaleFactor", requested at entry number 0, does not exist at all.
  The default value "0.1" is used instead.
Elastix initialization of all components (for this resolution) took: 3 ms.
  Computing the fixed image extrema took 8 ms.
  Computing the moving image extrema took 4 ms.
Initialization of AdvancedMattesMutualInformation metric took: 51 ms.
Starting automatic parameter estimation for AdaptiveStochasticGradientDescent ...
WARNING: The parameter "ASGDParameterEstimationMethod", requested at entry number 0, does not exist at all.
  The default value "Original" is used instead.
  Computing JacobianTerms ...
  Computing the Jacobian terms took 0.002785s
  NumberOfGradientMeasurements to estimate sigma_i: 6
  Sampling gradients ...
  Sampling the gradients took 0.632931s
Automatic parameter estimation took 0.64s
1:ItNr	2:Metric	3a:Time	3b:StepSize	4:||Gradient||	Time[ms]
0	-0.261121	0.000000	22.972862	0.015557	693.4
1	-0.271180	0.000000	22.972862	0.020764	7.8
2	-0.255409	0.000000	22.972862	0.019282	5.7
3	-0.247650	0.000000	22.972862	0.007713	7.2
4	-0.266819	0.000000	22.972862	0.015328	6.4
5	-0.270949	0.997363	21.931270	0.013993	6.3
6	-0.260778	1.997363	20.977627	0.011172	7.5
7	-0.292570	2.997363	20.103463	0.005976	7.3
8	-0.275361	3.795861	19.456074	0.010047	8.2
9	-0.243899	3.240916	19.901480	0.006955	6.4
10	-0.285460	3.692910	19.537191	0.009006	9.8
11	-0.258899	3.226682	19.913173	0.010317	4.7
12	-0.268687	3.280847	19.868751	0.008896	4.5
13	-0.275406	2.778858	20.288194	0.008812	4.9
14	-0.318330	3.778858	19.469425	0.018434	3.9
15	-0.278632	4.778858	18.714177	0.009212	4.8
16	-0.262654	4.223987	19.125846	0.015918	4.6
17	-0.263015	3.669310	19.555881	0.007999	5.0
18	-0.266774	3.114320	20.005959	0.010935	6.6
19	-0.257048	4.114318	19.209365	0.019881	5.6
20	-0.293832	3.559328	19.643457	0.019708	4.2
21	-0.263383	4.559328	18.874914	0.007523	5.2
22	-0.253805	5.559095	18.164403	0.012841	5.1
23	-0.258474	5.009458	18.548257	0.006778	4.7
24	-0.252671	4.454474	18.952664	0.011120	4.2
25	-0.270234	5.418665	18.260957	0.010298	5.7
26	-0.287180	6.418663	17.594953	0.019095	3.7
27	-0.265215	7.418663	16.975820	0.007491	4.8
28	-0.292023	8.411941	16.402525	0.011546	5.8
29	-0.271319	9.411941	15.863180	0.009504	4.9
30	-0.267913	8.892512	16.138828	0.016224	3.7
31	-0.285638	9.892509	15.616410	0.007218	4.9
32	-0.272768	9.413258	15.862493	0.010040	4.6
33	-0.262322	10.341543	15.392672	0.013430	4.7
34	-0.283316	9.786988	15.669935	0.011390	8.3
35	-0.287635	9.232000	15.957598	0.016242	7.3
36	-0.277885	10.232000	15.446661	0.010131	9.1
37	-0.271869	9.677009	15.726112	0.006080	7.1
38	-0.263813	10.676998	15.229666	0.010479	11.0
39	-0.266596	10.321306	15.402618	0.007518	8.5
40	-0.256381	9.766343	15.680450	0.012416	8.7
41	-0.249466	10.766334	15.186836	0.004736	9.3
42	-0.290788	10.219525	15.452833	0.005929	12.4
43	-0.268028	9.701359	15.713640	0.015979	7.4
44	-0.271756	9.146369	16.002926	0.011165	5.2
45	-0.260378	10.146368	15.489128	0.012162	5.8
46	-0.244228	11.146368	15.007297	0.013896	8.6
47	-0.277780	10.800763	15.170394	0.007506	8.7
48	-0.272874	11.800752	14.707897	0.014339	9.9
49	-0.286428	11.246203	14.960834	0.010675	12.4
50	-0.271323	12.246203	14.510833	0.006849	10.0
51	-0.298462	11.691793	14.756918	0.009407	7.9
52	-0.267712	11.960198	14.636748	0.009236	11.8
53	-0.288048	11.424380	14.878622	0.011406	3.9
54	-0.281260	12.424380	14.433479	0.016486	4.2
55	-0.298892	13.424380	14.014198	0.013401	5.4
56	-0.254069	12.869390	14.243838	0.014652	3.8
57	-0.264027	12.339438	14.470253	0.010472	7.3
58	-0.269962	11.784447	14.715212	0.009854	8.2
59	-0.260244	11.306607	14.932862	0.011206	14.1
60	-0.249760	12.305152	14.485149	0.006994	10.4
61	-0.277785	11.762346	14.725139	0.011676	6.8
62	-0.265565	11.207361	14.978877	0.007552	7.5
63	-0.292038	10.652370	15.241516	0.016315	8.5
64	-0.236479	11.652370	14.774734	0.007551	6.5
65	-0.263697	12.640671	14.340680	0.008593	10.0
66	-0.266359	12.157967	14.549448	0.004778	7.5
67	-0.273665	11.650082	14.775770	0.014735	7.1
68	-0.267897	11.100385	15.028795	0.008072	5.4
69	-0.291454	12.100385	14.574758	0.008559	7.1
70	-0.276017	11.580668	14.807250	0.014150	7.5
71	-0.270266	12.580668	14.366304	0.019348	7.8
72	-0.279266	13.578864	13.951589	0.008141	6.7
73	-0.260073	13.024024	14.179102	0.009762	5.8
74	-0.249773	14.023415	13.774502	0.011859	7.5
75	-0.262780	15.023415	13.392126	0.012781	7.0
76	-0.265001	16.021389	13.031118	0.007300	9.1
77	-0.278933	17.021324	12.688409	0.010237	4.8
78	-0.263005	16.466358	12.876354	0.015940	8.7
79	-0.272720	15.933813	13.062017	0.023344	5.2
80	-0.243631	15.378823	13.261289	0.011100	8.4
81	-0.284829	14.823832	13.466736	0.007964	7.3
82	-0.291520	15.347421	13.272746	0.007325	7.2
83	-0.248267	14.792933	13.478362	0.009242	6.8
84	-0.241235	15.513322	13.212441	0.011774	7.0
85	-0.250768	14.958331	13.416365	0.012964	9.3
86	-0.240453	14.403352	13.626679	0.010061	7.2
87	-0.261723	13.865431	13.836918	0.008574	6.4
88	-0.293228	14.865428	13.451118	0.010678	6.2
89	-0.274306	15.618792	13.174386	0.006818	8.7
90	-0.284961	15.063803	13.377128	0.010610	6.7
91	-0.309886	16.063771	13.016217	0.013504	7.6
92	-0.243893	15.508887	13.214046	0.007882	7.3
93	-0.258155	16.119159	12.996795	0.012014	8.9
94	-0.274720	15.564170	13.194067	0.007034	5.9
95	-0.254155	16.564102	12.842849	0.006811	6.7
96	-0.248314	17.527495	12.521710	0.010159	5.4
97	-0.265068	17.483295	12.536091	0.007553	5.5
98	-0.278075	16.928307	12.719526	0.007141	5.6
99	-0.273521	16.890695	12.732152	0.006205	7.1
100	-0.280871	16.336853	12.921017	0.011028	5.5
101	-0.262472	15.784971	13.114870	0.017214	4.9
102	-0.275214	16.784971	12.767778	0.005492	6.4
103	-0.265405	17.784853	12.438621	0.010992	5.7
104	-0.266617	17.845669	12.419148	0.010873	5.4
105	-0.257671	18.845669	12.107466	0.009196	5.2
106	-0.262936	18.290679	12.278487	0.008362	6.1
107	-0.266545	19.286194	11.975072	0.012849	6.5
108	-0.287820	20.177662	11.715821	0.007952	6.6
109	-0.255774	19.643283	11.869861	0.009293	4.7
110	-0.270355	19.088352	12.034172	0.011677	5.2
111	-0.275946	20.087690	11.741475	0.007556	5.7
112	-0.283163	21.087687	11.462500	0.013415	6.2
113	-0.284315	21.783712	11.276023	0.008483	6.2
114	-0.266838	22.783712	11.018483	0.007014	6.3
115	-0.275133	22.416834	11.111591	0.008543	6.3
116	-0.236019	23.112249	10.936420	0.010192	6.8
117	-0.275040	22.557259	11.075768	0.014495	8.6
118	-0.265168	22.002268	11.218713	0.010739	4.9
119	-0.265751	23.002268	10.963755	0.011354	8.3
120	-0.235237	24.002268	10.720128	0.005087	8.0
121	-0.294526	23.906049	10.743098	0.012448	11.9
122	-0.266604	23.351402	10.877449	0.009382	7.9
123	-0.289332	24.351402	10.637601	0.007568	6.9
124	-0.257217	23.800134	10.768497	0.012692	7.3
125	-0.246998	24.800120	10.533381	0.006093	10.5
126	-0.261748	25.716185	10.326830	0.018856	7.3
127	-0.254061	26.309950	10.197223	0.010991	8.7
128	-0.269572	27.309950	9.986144	0.006573	9.2
129	-0.261672	28.260693	9.793409	0.008055	9.1
130	-0.260717	28.103581	9.824744	0.005801	6.2
131	-0.268091	28.519228	9.742278	0.014213	6.6
132	-0.263914	27.964238	9.852703	0.007374	8.2
133	-0.257528	28.964238	9.655508	0.006257	7.7
134	-0.265073	28.556038	9.735042	0.014168	6.5
135	-0.267870	28.001422	9.845227	0.017727	7.8
136	-0.266776	29.001422	9.648328	0.007520	6.7
137	-0.262489	28.446431	9.756621	0.011288	8.0
138	-0.271212	29.429621	9.566403	0.017482	7.0
139	-0.260306	30.429621	9.380394	0.011904	7.2
140	-0.265555	29.874631	9.482724	0.011693	6.8
141	-0.255608	30.874631	9.299924	0.012023	7.0
142	-0.287424	30.319706	9.400484	0.009989	7.5
143	-0.273398	31.319706	9.220811	0.013575	5.7
144	-0.269023	32.319705	9.047876	0.005780	7.5
145	-0.279501	33.319639	8.881320	0.009961	5.9
146	-0.312262	33.098749	8.917583	0.012877	8.5
147	-0.241203	32.543792	9.010010	0.007777	7.0
148	-0.261771	33.078213	8.920970	0.005244	6.0
149	-0.283782	32.586989	9.002747	0.013917	7.8
150	-0.253510	33.573491	8.840008	0.010086	6.1
151	-0.265494	34.573491	8.680939	0.007640	6.9
152	-0.290573	35.573490	8.527494	0.007037	6.1
153	-0.283387	35.591446	8.524788	0.011579	7.7
154	-0.287675	35.878685	8.481738	0.014206	5.8
155	-0.276406	35.323695	8.565313	0.012750	7.4
156	-0.250501	36.323695	8.415893	0.007905	7.2
157	-0.259939	37.308384	8.273769	0.005531	6.1
158	-0.280096	38.260858	8.140788	0.011323	7.2
159	-0.257225	39.260357	8.005762	0.010565	5.2
160	-0.258217	40.260318	7.875083	0.008650	6.8
161	-0.250919	39.705409	7.947069	0.012010	6.3
162	-0.266990	39.150419	8.020395	0.010153	7.5
163	-0.273091	38.595439	8.095084	0.008479	6.9
164	-0.265430	39.593170	7.961790	0.009450	7.4
165	-0.252338	39.279351	8.003240	0.015683	6.6
166	-0.255610	38.724361	8.077610	0.008441	5.9
167	-0.271070	38.169371	8.153376	0.008437	7.7
168	-0.286603	37.993457	8.177688	0.008991	6.4
169	-0.291450	37.438467	8.255352	0.006669	7.2
170	-0.286547	38.432971	8.117213	0.009398	5.6
171	-0.254446	39.350552	7.993798	0.012129	7.0
172	-0.265292	38.795561	8.067992	0.006821	7.7
173	-0.285927	38.240619	8.143570	0.010776	5.2
174	-0.260377	37.699896	8.218585	0.009778	7.8
175	-0.271006	37.144908	8.297031	0.011943	6.0
176	-0.296469	36.589925	8.376988	0.010270	6.8
177	-0.259043	37.589924	8.234011	0.011227	6.3
178	-0.266421	37.034934	8.312753	0.011624	5.6
179	-0.259577	38.030615	8.172541	0.015220	7.6
180	-0.245687	37.475636	8.250104	0.014980	5.8
181	-0.290688	38.475636	8.111390	0.006835	6.7
182	-0.266459	37.964275	8.181736	0.016291	7.1
183	-0.277892	37.409284	8.259476	0.014036	5.9
184	-0.253112	38.408396	8.120571	0.004328	7.2
185	-0.295140	39.406669	7.986371	0.012100	6.0
186	-0.251503	39.156539	8.019579	0.012597	6.2
187	-0.263441	40.115919	7.893690	0.010408	6.4
188	-0.286583	41.003426	7.780701	0.012367	5.2
189	-0.276991	40.448436	7.850974	0.006691	8.6
190	-0.270683	39.893447	7.922529	0.011203	4.4
191	-0.260512	40.893383	7.794534	0.006954	4.1
192	-0.282017	41.703440	7.693838	0.014993	4.8
193	-0.287879	41.148450	7.762544	0.015502	3.6
194	-0.273809	40.593460	7.832489	0.016683	3.5
195	-0.262806	41.593460	7.707356	0.014732	3.8
196	-0.273457	42.593450	7.586160	0.006103	5.4
197	-0.266413	42.039896	7.652774	0.014167	6.2
198	-0.282535	43.035941	7.533739	0.006093	7.3
199	-0.275009	42.482071	7.599470	0.016355	7.6
200	-0.291462	43.482070	7.481616	0.007771	6.9
201	-0.252005	44.482065	7.367362	0.008868	6.4
202	-0.274648	45.482016	7.256550	0.008207	5.9
203	-0.277027	46.481275	7.149096	0.009469	9.6
204	-0.290583	47.042179	7.090162	0.007319	5.7
205	-0.285176	46.562390	7.140513	0.011782	7.0
206	-0.287026	47.561025	7.036507	0.006233	7.4
207	-0.265362	47.263342	7.067191	0.008716	6.4
208	-0.298609	47.973141	6.994463	0.003796	7.0
209	-0.274615	48.655875	6.925907	0.012388	5.9
210	-0.277167	48.791361	6.912462	0.006056	8.9
211	-0.271539	49.789178	6.815026	0.015793	5.1
212	-0.264239	50.231382	6.772718	0.002867	7.7
213	-0.285039	49.970108	6.797652	0.007543	7.4
214	-0.278804	49.822970	6.811774	0.013182	7.3
215	-0.272798	49.268361	6.865538	0.016764	6.7
216	-0.258470	48.713371	6.920195	0.012625	6.2
217	-0.294070	49.713371	6.822332	0.012853	8.1
218	-0.277731	50.713370	6.727199	0.017379	6.1
219	-0.277012	50.173117	6.778263	0.007019	7.9
220	-0.278836	51.173117	6.684346	0.017563	6.7
221	-0.264057	50.618127	6.736145	0.010913	6.2
222	-0.244252	51.618127	6.643384	0.009813	6.5
223	-0.286775	52.618126	6.553143	0.011931	5.4
224	-0.264020	53.588851	6.467858	0.015171	7.4
225	-0.287014	53.033918	6.516339	0.013115	6.4
226	-0.276991	52.479138	6.565538	0.008977	6.6
227	-0.273626	51.931341	6.614853	0.013785	6.7
228	-0.256073	52.931339	6.525380	0.012466	5.9
229	-0.291268	52.376377	6.574733	0.006930	7.5
230	-0.300070	52.071314	6.602182	0.017245	5.8
231	-0.279709	51.516396	6.652704	0.011743	12.1
232	-0.252324	52.516396	6.562211	0.008931	7.2
233	-0.264508	51.961406	6.612127	0.008610	8.0
234	-0.269670	52.961405	6.522728	0.009826	6.2
235	-0.304036	53.960419	6.435798	0.014188	7.2
236	-0.261949	54.731522	6.370268	0.004777	6.8
237	-0.291304	54.178013	6.417170	0.008526	6.7
238	-0.258594	53.729332	6.455699	0.018469	6.7
239	-0.296872	53.174342	6.504002	0.008166	8.6
240	-0.276658	54.169816	6.417870	0.015614	8.5
241	-0.280062	55.169816	6.333612	0.013193	5.5
242	-0.250899	56.169484	6.251566	0.011158	6.8
243	-0.267805	55.617206	6.296629	0.014057	6.1
244	-0.225354	56.617167	6.215508	0.008719	7.6
245	-0.280785	57.617167	6.136447	0.012024	7.6
246	-0.260066	58.211372	6.090415	0.008490	7.9
247	-0.308781	57.847437	6.118526	0.006175	6.8
248	-0.296657	58.846576	6.041964	0.007662	11.7
249	-0.270786	59.102697	6.022645	0.019572	6.1
250	-0.266315	60.102697	5.948385	0.010681	7.5
251	-0.282848	61.101575	5.876015	0.009436	5.0
252	-0.264094	62.101575	5.805306	0.011775	8.8
253	-0.240355	63.101575	5.736279	0.009503	4.5
254	-0.278377	62.546585	5.774384	0.018166	5.5
255	-0.286041	63.546496	5.706092	0.011173	5.9
256	-0.271600	64.535929	5.640087	0.009126	4.3
257	-0.265885	65.535917	5.574912	0.010325	3.8
258	-0.259596	64.998490	5.609751	0.008658	5.8
259	-0.273968	65.998163	5.545291	0.008970	4.5
260	-0.297093	66.998152	5.482275	0.005811	4.8
261	-0.223930	67.973622	5.422170	0.011385	4.7
262	-0.255459	67.849497	5.429745	0.012445	5.0
263	-0.270281	67.294507	5.463874	0.009199	4.8
264	-0.282997	66.739516	5.498436	0.014353	6.2
265	-0.255152	66.191866	5.532971	0.013100	3.9
266	-0.257160	67.191866	5.470234	0.013845	4.7
267	-0.266641	66.636878	5.504875	0.012422	5.0
268	-0.275203	66.095620	5.539086	0.013648	5.5
269	-0.271480	67.095609	5.476210	0.010045	4.6
270	-0.247031	66.540623	5.510928	0.009497	4.7
271	-0.266565	66.284245	5.527115	0.009205	4.9
272	-0.272545	67.284232	5.464510	0.014297	4.3
273	-0.258005	68.284232	5.403307	0.008851	4.5
274	-0.273829	69.148947	5.351478	0.010553	5.5
275	-0.280201	68.593957	5.384628	0.013046	4.0
276	-0.244034	69.592177	5.325295	0.007362	4.6
277	-0.279815	70.592177	5.267154	0.007631	8.1
278	-0.296461	70.114298	5.294779	0.016002	5.2
279	-0.300605	69.562770	5.327025	0.007512	6.4
280	-0.258462	70.560075	5.269001	0.019969	6.4
281	-0.274416	70.119454	5.294480	0.011917	6.0
282	-0.252840	71.119426	5.237007	0.009514	7.2
283	-0.270206	70.564436	5.268750	0.009664	5.8
284	-0.264552	71.561972	5.211969	0.017143	7.1
285	-0.258169	71.006998	5.243407	0.005713	5.8
286	-0.264927	72.006879	5.187037	0.007613	7.4
287	-0.302214	72.713369	5.147932	0.013604	7.4
288	-0.253127	72.158381	5.178601	0.005646	6.0
289	-0.276158	73.144103	5.124379	0.009219	6.2
290	-0.266416	72.752696	5.145773	0.008581	6.0
291	-0.302687	72.197707	5.176416	0.011835	6.9
292	-0.294376	73.196213	5.121545	0.008445	6.5
293	-0.262541	72.641223	5.151899	0.012380	10.3
294	-0.262991	72.086233	5.182615	0.009799	5.8
295	-0.270740	73.077918	5.127984	0.005445	6.5
296	-0.295972	72.543368	5.157288	0.011702	6.5
297	-0.271667	71.988402	5.188067	0.022892	6.3
298	-0.270553	71.480902	5.216538	0.013765	6.6
299	-0.303926	72.480902	5.160734	0.011311	6.0
300	-0.255054	73.480902	5.106112	0.011735	8.3
301	-0.291951	74.472990	5.053053	0.009165	5.9
302	-0.283161	75.472963	5.000677	0.014682	6.3
303	-0.266053	76.275297	4.959431	0.010222	6.6
304	-0.270731	77.275297	4.908966	0.009201	6.1
305	-0.279796	77.533562	4.896099	0.005401	6.4
306	-0.290709	76.979850	4.923768	0.009980	5.3
307	-0.286571	77.834642	4.881184	0.008751	6.8
308	-0.269232	77.520569	4.896745	0.013017	7.0
309	-0.250219	77.241473	4.910656	0.009175	6.8
310	-0.291034	77.466922	4.899413	0.015031	7.9
311	-0.282899	78.466922	4.850156	0.010349	5.3
312	-0.259676	77.911931	4.877370	0.008311	5.3
313	-0.257629	77.360434	4.904717	0.012602	6.5
314	-0.283138	76.805453	4.932548	0.003656	6.4
315	-0.277761	77.787986	4.883490	0.008760	7.8
316	-0.246151	77.239558	4.910752	0.012428	7.9
317	-0.285932	78.239174	4.861287	0.004842	7.5
318	-0.280868	78.135537	4.866369	0.008659	5.7
319	-0.245412	77.583355	4.893626	0.011925	6.4
320	-0.262795	77.039139	4.920791	0.009445	7.8
321	-0.254380	78.039139	4.871106	0.008092	6.4
322	-0.272245	79.037057	4.822514	0.006711	8.6
323	-0.249756	78.482128	4.849415	0.007578	7.3
324	-0.274389	79.427319	4.803774	0.007884	6.9
325	-0.249115	78.874784	4.830349	0.015158	6.3
326	-0.261797	79.874704	4.782469	0.006476	8.1
327	-0.266658	79.320261	4.808900	0.017243	6.4
328	-0.267738	80.304478	4.762179	0.008879	6.7
329	-0.275726	81.303641	4.715669	0.004469	6.4
330	-0.300843	82.303382	4.670032	0.013824	5.9
331	-0.267366	83.290854	4.625814	0.010095	7.2
332	-0.262401	84.290823	4.581882	0.012340	6.0
333	-0.282547	85.263161	4.539956	0.011661	6.8
334	-0.267275	86.263161	4.497631	0.008935	5.8
335	-0.243549	85.708179	4.521023	0.013703	7.3
336	-0.290600	86.707579	4.479073	0.014203	7.4
337	-0.251311	86.152593	4.502272	0.019408	6.7
338	-0.266400	87.150790	4.460717	0.007944	6.9
339	-0.310402	86.595799	4.483726	0.007019	5.2
340	-0.287893	87.595734	4.442441	0.009245	6.7
341	-0.315674	88.595685	4.401908	0.008819	6.7
342	-0.297052	88.040882	4.424305	0.010960	8.5
343	-0.299914	87.485894	4.446939	0.011673	10.8
344	-0.253037	88.450470	4.407748	0.009518	8.2
345	-0.278078	87.895480	4.430212	0.011374	7.0
346	-0.284088	87.340502	4.452906	0.012796	7.5
347	-0.280104	88.340502	4.412181	0.009728	6.5
348	-0.274920	89.338861	4.372259	0.009171	7.7
349	-0.298620	90.335093	4.333136	0.011792	6.7
350	-0.261525	89.780105	4.354844	0.014965	6.5
351	-0.287048	90.780104	4.315885	0.011280	11.0
352	-0.263829	90.225114	4.337421	0.005172	6.3
353	-0.299907	91.172030	4.300806	0.009491	7.1
354	-0.260755	90.795311	4.315298	0.012183	6.8
355	-0.284105	90.240963	4.336803	0.010661	7.0
356	-0.258997	89.685973	4.358548	0.006164	7.5
357	-0.283176	90.685086	4.319557	0.006345	6.8
358	-0.251499	90.134839	4.340944	0.011104	6.4
359	-0.264121	91.134837	4.302232	0.008154	7.1
360	-0.264146	90.579928	4.323628	0.011662	7.0
361	-0.263061	90.025110	4.345234	0.005215	7.3
362	-0.241883	91.023186	4.306520	0.009825	6.4
363	-0.279816	92.017136	4.268646	0.012157	6.9
364	-0.267862	91.462857	4.289684	0.002951	6.3
365	-0.292734	90.935776	4.309883	0.012499	5.8
366	-0.263529	91.930952	4.271903	0.013926	6.3
367	-0.257923	92.930952	4.234408	0.009905	6.8
368	-0.300440	92.375961	4.255136	0.010025	6.3
369	-0.283270	91.820974	4.276068	0.014379	7.1
370	-0.265902	92.820974	4.238499	0.010202	6.3
371	-0.268140	92.265985	4.259267	0.012139	6.3
372	-0.259324	93.265964	4.221993	0.012622	5.9
373	-0.263942	92.710974	4.242599	0.011010	6.2
374	-0.275109	93.710974	4.205614	0.019028	8.0
375	-0.275731	93.156203	4.226052	0.008190	4.6
376	-0.287452	94.156203	4.189354	0.010501	6.7
377	-0.264134	93.601236	4.209641	0.008472	6.4
378	-0.263656	93.046259	4.230126	0.009601	6.9
379	-0.265911	92.546273	4.248753	0.005830	6.6
380	-0.266310	92.709472	4.242655	0.015908	6.2
381	-0.295598	93.693896	4.206240	0.009674	6.2
382	-0.263887	94.691239	4.169980	0.012011	6.1
383	-0.283255	94.136790	4.190060	0.007914	6.1
384	-0.280849	95.136736	4.153984	0.007408	7.1
385	-0.275489	95.094797	4.155484	0.007504	5.3
386	-0.269254	96.094747	4.119998	0.011913	6.8
387	-0.266243	97.094698	4.085112	0.007871	6.3
388	-0.253350	98.094698	4.050811	0.010708	6.6
389	-0.266039	98.966674	4.021368	0.010391	6.5
390	-0.272286	99.966674	3.988124	0.006615	5.4
391	-0.258871	100.828216	3.959921	0.008023	6.2
392	-0.274963	101.827754	3.927696	0.011161	6.5
393	-0.238220	101.272857	3.945521	0.004120	7.4
394	-0.271466	100.718041	3.963505	0.009071	7.2
395	-0.264938	100.187476	3.980858	0.006074	7.5
396	-0.294627	101.178626	3.948564	0.011938	7.2
397	-0.302739	102.178416	3.916515	0.012646	7.0
398	-0.250816	101.623425	3.934241	0.014366	7.3
399	-0.293950	102.623423	3.902417	0.011462	6.8
400	-0.285098	102.068433	3.920015	0.012538	6.7
401	-0.286104	101.513443	3.937773	0.012202	5.4
402	-0.272311	101.036168	3.953173	0.010186	5.7
403	-0.270792	102.035538	3.921063	0.011268	10.2
404	-0.240171	102.921887	3.893018	0.010822	8.3
405	-0.247768	102.366897	3.910531	0.011306	7.6
406	-0.251202	101.812133	3.928196	0.016709	5.8
407	-0.296193	102.812133	3.896469	0.013757	8.5
408	-0.262892	102.257160	3.914013	0.009013	7.3
409	-0.282245	103.256242	3.882542	0.009149	6.8
410	-0.265159	102.708592	3.899730	0.011820	8.4
411	-0.254654	102.154217	3.917284	0.007607	10.7
412	-0.287103	103.154214	3.885733	0.007421	12.0
413	-0.275344	104.046992	3.857990	0.011420	7.8
414	-0.273442	103.492002	3.875189	0.008829	6.9
415	-0.265327	104.492000	3.844310	0.010580	7.3
416	-0.276743	105.491985	3.813918	0.006875	6.3
417	-0.269303	106.491781	3.784009	0.006040	8.1
418	-0.294473	105.995717	3.798790	0.014594	8.7
419	-0.289079	105.442168	3.815421	0.006747	7.3
420	-0.278537	106.414299	3.786311	0.009532	7.0
421	-0.302061	105.910080	3.801354	0.009910	8.7
422	-0.290046	106.910080	3.771635	0.012389	6.9
423	-0.276126	106.355090	3.788071	0.008863	7.4
424	-0.275091	107.355090	3.758558	0.013465	5.5
425	-0.278394	106.800111	3.774880	0.010584	7.8
426	-0.264970	106.245413	3.791336	0.014996	5.6
427	-0.261568	107.245347	3.761775	0.008053	6.0
428	-0.265025	106.690357	3.778125	0.012591	7.3
429	-0.271789	106.135367	3.794618	0.009463	6.0
430	-0.275019	107.125668	3.765288	0.003346	7.1
431	-0.274263	106.624951	3.780061	0.012639	5.1
432	-0.280888	107.566618	3.752375	0.017280	5.5
433	-0.271022	108.566618	3.723414	0.011286	4.6
434	-0.309742	109.566618	3.694896	0.014412	4.9
435	-0.252091	110.566618	3.666812	0.012495	4.9
436	-0.264720	111.566618	3.639152	0.010559	5.8
437	-0.257596	111.011754	3.654448	0.011381	4.5
438	-0.286290	112.011729	3.626974	0.010912	6.2
439	-0.255668	111.476390	3.641631	0.007261	5.1
440	-0.269391	110.921514	3.656948	0.005221	4.8
441	-0.280770	110.695613	3.663221	0.008005	4.8
442	-0.253880	110.155363	3.678310	0.012930	7.0
443	-0.275042	111.155006	3.650487	0.017483	4.0
444	-0.249055	110.936840	3.656523	0.014122	3.8
445	-0.278020	110.382049	3.671964	0.012191	5.7
446	-0.282888	109.827058	3.687541	0.007407	5.1
447	-0.259401	109.350857	3.701012	0.010748	4.7
448	-0.277234	110.271471	3.675057	0.008324	4.7
449	-0.273499	109.928585	3.684681	0.008825	4.8
450	-0.276231	110.251849	3.675606	0.017210	5.1
451	-0.266234	109.697139	3.691206	0.012809	5.5
452	-0.297207	110.697139	3.663178	0.007749	4.9
453	-0.253123	111.697138	3.635573	0.009021	4.3
454	-0.238129	111.162198	3.650288	0.007441	4.5
455	-0.292130	112.160868	3.622912	0.015157	6.8
456	-0.261462	113.159990	3.595931	0.011160	7.0
457	-0.265865	114.159990	3.569326	0.011345	7.7
458	-0.239230	115.159983	3.543112	0.012256	6.6
459	-0.273510	116.154464	3.517422	0.013864	9.8
460	-0.299674	117.154464	3.491962	0.008531	7.3
461	-0.273940	118.154463	3.466868	0.007521	6.1
462	-0.255833	117.775645	3.476331	0.020629	5.8
463	-0.269789	117.231135	3.490025	0.013229	6.2
464	-0.275462	116.676144	3.504094	0.009860	10.2
465	-0.271969	117.676144	3.478825	0.006210	8.9
466	-0.292058	118.582474	3.456237	0.009718	5.6
467	-0.292813	118.027550	3.470032	0.007382	7.1
468	-0.248831	117.475980	3.483854	0.008663	6.1
469	-0.258186	117.789753	3.475978	0.008233	6.4
470	-0.250315	117.286681	3.488623	0.012537	6.1
471	-0.274608	116.731691	3.502680	0.009683	4.7
472	-0.274292	117.172468	3.491507	0.006423	5.0
473	-0.294069	116.617484	3.505587	0.011405	6.3
474	-0.264681	117.611983	3.480436	0.006544	3.8
475	-0.282631	118.611933	3.455508	0.005069	4.2
476	-0.276393	119.602290	3.431168	0.009061	6.2
477	-0.264570	119.047804	3.444753	0.006803	5.8
478	-0.305815	120.047799	3.420331	0.006602	4.8
479	-0.264091	119.517693	3.433234	0.009865	5.6
480	-0.292121	120.051266	3.420247	0.012711	4.9
481	-0.290103	120.744716	3.403514	0.010987	4.0
482	-0.243086	120.609843	3.406755	0.012972	5.5
483	-0.233507	121.157329	3.393635	0.005237	4.8
484	-0.301052	122.157325	3.369930	0.009660	4.5
485	-0.270396	122.077976	3.371798	0.006042	4.9
486	-0.295023	121.681891	3.381159	0.009528	5.4
487	-0.278836	121.373647	3.388479	0.006524	8.7
488	-0.261980	121.816100	3.377981	0.007312	7.4
489	-0.275074	121.263522	3.391102	0.008173	5.2
490	-0.286463	122.256285	3.367602	0.011006	5.2
491	-0.271345	121.702450	3.380671	0.016787	5.7
492	-0.261456	121.724555	3.380148	0.009564	4.4
493	-0.270801	121.692174	3.380915	0.006761	7.2
494	-0.252468	122.543227	3.360870	0.009591	6.0
495	-0.272911	122.000670	3.373621	0.009373	6.4
496	-0.254076	122.950782	3.351355	0.005075	5.6
497	-0.267875	123.694657	3.334125	0.005719	6.5
498	-0.289040	124.642323	3.312431	0.012262	7.0
499	-0.273119	124.087415	3.325100	0.016435	5.2
Time spent in resolution 0 (ITK initialization and iterating): 4.196 s.
Stopping condition: Maximum number of iterations has been reached.
Settings of AdaptiveStochasticGradientDescent in resolution 0:
( SP_a 482.430100 )
( SP_A 20.000000 )
( SP_alpha 1.000000 )
( SigmoidMax 1.000000 )
( SigmoidMin -0.554990 )
( SigmoidScale 0.000004 )



=============== start of TransformParameterFile ===============
(Transform "EulerTransform")
(NumberOfParameters 6)
(TransformParameters -0.012556 0.008536 0.010983 2.767105 -2.839125 2.766243)
(InitialTransformParametersFileName "NoInitialTransform")
(UseBinaryFormatForTransformationParameters "false")
(HowToCombineTransforms "Compose")

// Image specific
(FixedImageDimension 3)
(MovingImageDimension 3)
(FixedInternalImagePixelType "float")
(MovingInternalImagePixelType "float")
(Size 224 224 45)
(Index 0 0 0)
(Spacing 0.7142857313 0.7142857313 3.0000000000)
(Origin -90.4576721191 -76.5786514282 88.3968963623)
(Direction 0.9973431312 0.0688824984 -0.0237040108 -0.0689508658 0.9976178926 -0.0020780730 0.0235044043 0.0037069638 0.9997168606)
(UseDirectionCosines "false")

// EulerTransform specific
(CenterOfRotationPoint -10.8148130774 3.0642076135 154.3968963623)
(ComputeZYX "false")

// ResampleInterpolator specific
(ResampleInterpolator "FinalBSplineInterpolator")
(FinalBSplineInterpolationOrder 3)

// Resampler specific
(Resampler "DefaultResampler")
(DefaultPixelValue 0.000000)
(ResultImageFormat "nii.gz")
(ResultImagePixelType "short")
(CompressResultImage "false")

=============== end of TransformParameterFile ===============

Creating the TransformParameterFile took 0.00s

Registration result checksum: 424032540

Applying final transform ...
  Applying final transform took 1.17s

Final metric value  = -0.273119
Settings of AdaptiveStochasticGradientDescent for all resolutions:
( SP_a 482.430100 )
( SP_A 20.000000 )
( SP_alpha 1.000000 )
( SigmoidMax 1.000000 )
( SigmoidMin -0.554990 )
( SigmoidScale 0.000004 )

Time spent on saving the results, applying the final transform etc.: 1178 ms.
Running elastix with parameter file 0: "/Users/sakinkirti/Programming/Python/CCIPD/racial-disparity-pca/code_matlab/rigid.txt", has finished.


Current time: Mon May 23 17:56:03 2022.
Time used for running elastix with this parameter file:
  5.5s.

-------------------------------------------------------------------------

Total time elapsed: 5.6s.

