
elastix is started at Mon May 23 17:55:38 2022.

which elastix:   /Users/sakinkirti/Programming/Python/CCIPD/racial-disparity-pca/code_matlab/elastix-5.0.0-mac/bin/elastix
elastix runs at: Sakins-MBP.hsd1.ca.comcast.net
  macOS 12.3.1 (x64), 21E258
  with 8192 MB memory, and 2 cores @ 2300 MHz.
-------------------------------------------------------------------------

Running elastix with parameter file 0: "/Users/sakinkirti/Programming/Python/CCIPD/racial-disparity-pca/code_matlab/rigid.txt".

Current time: Mon May 23 17:55:38 2022.
Reading the elastix parameters from file ...

Installing all components.
InstallingComponents was successful.

ELASTIX version: 5.000
Command line options from ElastixBase:
-f        /Users/sakinkirti/Programming/Python/CCIPD/racial-disparity-pca/dataset/to_nifti_cleaned/prostate-001142/T2W.nii.gz
-m        /Users/sakinkirti/Programming/Python/CCIPD/racial-disparity-pca/dataset/to_nifti_cleaned/prostate-001142/ADC.nii.gz
-fMask    unspecified, so no fixed mask used
-mMask    unspecified, so no moving mask used
-out      /Users/sakinkirti/Programming/Python/CCIPD/racial-disparity-pca/dataset/to_nifti_cleaned/prostate-001142/
-p        /Users/sakinkirti/Programming/Python/CCIPD/racial-disparity-pca/code_matlab/rigid.txt
-threads  unspecified, so all available threads are used
Command line options from TransformBase:
-t0       unspecified, so no initial transform used

=============== start of ParameterFile: /Users/sakinkirti/Programming/Python/CCIPD/racial-disparity-pca/code_matlab/rigid.txt ===============
// Example parameter file for rotation registration
// C-style comments: //

// The internal pixel type, used for internal computations
// Leave to float in general. 
// NB: this is not the type of the input images! The pixel 
// type of the input images is automatically read from the 
// images themselves.
// This setting can be changed to "short" to save some memory
// in case of very large 3D images.
(FixedInternalImagePixelType "float")
(MovingInternalImagePixelType "float")

// The dimensions of the fixed and moving image
// Up to elastix 4.5 this had to be specified by the user.
// From elastix 4.6, this is not necessary anymore.
//(FixedImageDimension 3)
//(MovingImageDimension 3)

// Specify whether you want to take into account the so-called
// direction cosines of the images. Recommended: true.
// In some cases, the direction cosines of the image are corrupt,
// due to image format conversions for example. In that case, you 
// may want to set this option to "false".
(UseDirectionCosines "false")

// **************** Main Components **************************

// The following components should usually be left as they are:
(Registration "MultiResolutionRegistration")
(Interpolator "BSplineInterpolator")
(ResampleInterpolator "FinalBSplineInterpolator")
(Resampler "DefaultResampler")

// These may be changed to Fixed/MovingSmoothingImagePyramid.
// See the manual.
(FixedImagePyramid "FixedRecursiveImagePyramid")
(MovingImagePyramid "MovingRecursiveImagePyramid")

// The following components are most important:
// The optimizer AdaptiveStochasticGradientDescent (ASGD) works
// quite ok in general. The Transform and Metric are important
// and need to be chosen careful for each application. See manual.
(Optimizer "AdaptiveStochasticGradientDescent")
(Transform "EulerTransform")
(Metric "AdvancedMattesMutualInformation")

// ***************** Transformation **************************

// Scales the rotations compared to the translations, to make
// sure they are in the same range. In general, it's best to  
// use automatic scales estimation:
(AutomaticScalesEstimation "true")

// Automatically guess an initial translation by aligning the
// geometric centers of the fixed and moving.
(AutomaticTransformInitialization "true")

// Whether transforms are combined by composition or by addition.
// In generally, Compose is the best option in most cases.
// It does not influence the results very much.
(HowToCombineTransforms "Compose")

// ******************* Similarity measure *********************

// Number of grey level bins in each resolution level,
// for the mutual information. 16 or 32 usually works fine.
// You could also employ a hierarchical strategy:
//(NumberOfHistogramBins 16 32 64)
(NumberOfHistogramBins 32)

// If you use a mask, this option is important. 
// If the mask serves as region of interest, set it to false.
// If the mask indicates which pixels are valid, then set it to true.
// If you do not use a mask, the option doesn't matter.
(ErodeMask "false")

// ******************** Multiresolution **********************

// The number of resolutions. 1 Is only enough if the expected
// deformations are small. 3 or 4 mostly works fine. For large
// images and large deformations, 5 or 6 may even be useful.
(NumberOfResolutions 1)

// The downsampling/blurring factors for the image pyramids.
// By default, the images are downsampled by a factor of 2
// compared to the next resolution.
// So, in 2D, with 4 resolutions, the following schedule is used:
//(ImagePyramidSchedule 8 8  4 4  2 2  1 1 )
// And in 3D:
//(ImagePyramidSchedule 8 8 8  4 4 4  2 2 2  1 1 1 )
// You can specify any schedule, for example:
//(ImagePyramidSchedule 4 4  4 3  2 1  1 1 )
// Make sure that the number of elements equals the number
// of resolutions times the image dimension.

// ******************* Optimizer ****************************

// Maximum number of iterations in each resolution level:
// 200-500 works usually fine for rigid registration.
// For more robustness, you may increase this to 1000-2000.
(MaximumNumberOfIterations 500)

// The step size of the optimizer, in mm. By default the voxel size is used.
// which usually works well. In case of unusual high-resolution images
// (eg histology) it is necessary to increase this value a bit, to the size
// of the "smallest visible structure" in the image:
//(MaximumStepLength 1.0)

// **************** Image sampling **********************

// Number of spatial samples used to compute the mutual
// information (and its derivative) in each iteration.
// With an AdaptiveStochasticGradientDescent optimizer,
// in combination with the two options below, around 2000
// samples may already suffice.
(NumberOfSpatialSamples 2000)

// Refresh these spatial samples in every iteration, and select
// them randomly. See the manual for information on other sampling
// strategies.
(NewSamplesEveryIteration "true")
(ImageSampler "Random")

// ************* Interpolation and Resampling ****************

// Order of B-Spline interpolation used during registration/optimisation.
// It may improve accuracy if you set this to 3. Never use 0.
// An order of 1 gives linear interpolation. This is in most 
// applications a good choice.
(BSplineInterpolationOrder 1)

// Order of B-Spline interpolation used for applying the final
// deformation.
// 3 gives good accuracy; recommended in most cases.
// 1 gives worse accuracy (linear interpolation)
// 0 gives worst accuracy, but is appropriate for binary images
// (masks, segmentations); equivalent to nearest neighbor interpolation.
(FinalBSplineInterpolationOrder 3)

//Default pixel value for pixels that come from outside the picture:
(DefaultPixelValue 0)

// Choose whether to generate the deformed moving image.
// You can save some time by setting this to false, if you are
// only interested in the final (nonrigidly) deformed moving image
// for example.
(WriteResultImage "true")

// The pixel type and format of the resulting deformed moving image
(ResultImagePixelType "short")
(ResultImageFormat "nii.gz")




=============== end of ParameterFile: /Users/sakinkirti/Programming/Python/CCIPD/racial-disparity-pca/code_matlab/rigid.txt ===============


Reading images...
Reading images took 104 ms.

WARNING: the fixed pyramid schedule is not fully specified!
  A default pyramid schedule is used.
WARNING: the moving pyramid schedule is not fully specified!
  A default pyramid schedule is used.
WARNING: The parameter "AutomaticTransformInitializationMethod", requested at entry number 0, does not exist at all.
  The default value "GeometricalCenter" is used instead.
Transform parameters are initialized as: [0, 0, 0, 0.7581253051757812, -0.7328300476074219, 0.62103271484375]
Scales are estimated automatically.
Scales for transform parameters are: [4525.756896972656, 4525.756896972656, 5523.5137939453125, 1, 1, 1]
Initialization of all components (before registration) took: 10 ms.
Preparation of the image pyramids took: 10 ms.

Resolution: 0
WARNING: The parameter "ShowExactMetricValue", requested at entry number 0, does not exist at all.
  The default value "false" is used instead.
WARNING: The parameter "CheckNumberOfSamples", requested at entry number 0, does not exist at all.
  The default value "true" is used instead.
WARNING: The parameter "UseMultiThreadingForMetrics", requested at entry number 0, does not exist at all.
  The default value "true" is used instead.
Setting the fixed masks took: 0 ms.
Setting the moving masks took: 0 ms.
WARNING: The parameter "NumberOfFixedHistogramBins", requested at entry number 0, does not exist at all.
  The default value "32" is used instead.
WARNING: The parameter "NumberOfMovingHistogramBins", requested at entry number 0, does not exist at all.
  The default value "32" is used instead.
WARNING: The parameter "FixedLimitRangeRatio", requested at entry number 0, does not exist at all.
  The default value "0.01" is used instead.
WARNING: The parameter "MovingLimitRangeRatio", requested at entry number 0, does not exist at all.
  The default value "0.01" is used instead.
WARNING: The parameter "FixedKernelBSplineOrder", requested at entry number 0, does not exist at all.
  The default value "0" is used instead.
WARNING: The parameter "MovingKernelBSplineOrder", requested at entry number 0, does not exist at all.
  The default value "3" is used instead.
WARNING: The parameter "UseFastAndLowMemoryVersion", requested at entry number 0, does not exist at all.
  The default value "true" is used instead.
WARNING: The parameter "UseJacobianPreconditioning", requested at entry number 0, does not exist at all.
  The default value "false" is used instead.
WARNING: The parameter "FiniteDifferenceDerivative", requested at entry number 0, does not exist at all.
  The default value "false" is used instead.
WARNING: The parameter "SP_A", requested at entry number 0, does not exist at all.
  The default value "20" is used instead.
WARNING: The parameter "MaximumNumberOfSamplingAttempts", requested at entry number 0, does not exist at all.
  The default value "0" is used instead.
WARNING: The parameter "SigmoidInitialTime", requested at entry number 0, does not exist at all.
  The default value "0" is used instead.
WARNING: The parameter "MaxBandCovSize", requested at entry number 0, does not exist at all.
  The default value "192" is used instead.
WARNING: The parameter "NumberOfBandStructureSamples", requested at entry number 0, does not exist at all.
  The default value "10" is used instead.
WARNING: The parameter "UseAdaptiveStepSizes", requested at entry number 0, does not exist at all.
  The default value "true" is used instead.
WARNING: The parameter "AutomaticParameterEstimation", requested at entry number 0, does not exist at all.
  The default value "true" is used instead.
WARNING: The parameter "UseConstantStep", requested at entry number 0, does not exist at all.
  The default value "false" is used instead.
WARNING: The parameter "MaximumStepLengthRatio", requested at entry number 0, does not exist at all.
  The default value "1" is used instead.
WARNING: The parameter "MaximumStepLength", requested at entry number 0, does not exist at all.
  The default value "1.10156" is used instead.
WARNING: The parameter "NumberOfGradientMeasurements", requested at entry number 0, does not exist at all.
  The default value "0" is used instead.
WARNING: The parameter "NumberOfJacobianMeasurements", requested at entry number 0, does not exist at all.
  The default value "1000" is used instead.
WARNING: The parameter "NumberOfSamplesForExactGradient", requested at entry number 0, does not exist at all.
  The default value "100000" is used instead.
WARNING: The parameter "SigmoidScaleFactor", requested at entry number 0, does not exist at all.
  The default value "0.1" is used instead.
Elastix initialization of all components (for this resolution) took: 2 ms.
  Computing the fixed image extrema took 11 ms.
  Computing the moving image extrema took 4 ms.
Initialization of AdvancedMattesMutualInformation metric took: 54 ms.
Starting automatic parameter estimation for AdaptiveStochasticGradientDescent ...
WARNING: The parameter "ASGDParameterEstimationMethod", requested at entry number 0, does not exist at all.
  The default value "Original" is used instead.
  Computing JacobianTerms ...
  Computing the Jacobian terms took 0.003282s
  NumberOfGradientMeasurements to estimate sigma_i: 6
  Sampling gradients ...
  Sampling the gradients took 0.824497s
Automatic parameter estimation took 0.83s
1:ItNr	2:Metric	3a:Time	3b:StepSize	4:||Gradient||	Time[ms]
0	-0.194395	0.000000	19.913089	0.024239	888.7
1	-0.192597	0.000000	19.913089	0.010128	10.4
2	-0.203907	0.000000	19.913089	0.014416	6.5
3	-0.208086	0.000000	19.913089	0.009305	11.4
4	-0.211184	0.000000	19.913089	0.010748	7.2
5	-0.164837	0.000000	19.913089	0.011488	7.6
6	-0.212961	1.000000	19.007949	0.015679	5.8
7	-0.213946	2.000000	18.181516	0.013202	9.5
8	-0.212130	1.276895	18.771686	0.011576	13.9
9	-0.206171	0.996717	19.010786	0.008479	8.2
10	-0.177699	0.273615	19.656973	0.010988	10.4
11	-0.207980	0.000000	19.913089	0.013038	6.3
12	-0.204456	1.000000	19.007949	0.013860	13.7
13	-0.191892	1.999515	18.181900	0.008550	7.0
14	-0.221429	1.276411	18.772094	0.012829	7.9
15	-0.216661	0.553343	19.401857	0.006148	7.6
16	-0.180581	1.553130	18.541767	0.008466	7.4
17	-0.195271	1.826764	18.319499	0.011421	6.4
18	-0.200238	1.103854	18.918641	0.018555	10.1
19	-0.208784	0.380749	19.558476	0.005299	6.5
20	-0.220794	1.380748	18.684580	0.015983	8.1
21	-0.205684	2.380748	17.885436	0.011348	7.2
22	-0.212522	1.657643	18.456239	0.009803	7.5
23	-0.226238	1.984181	18.194030	0.007905	6.8
24	-0.214146	2.983751	17.435758	0.012356	6.5
25	-0.223414	2.261809	17.976886	0.010853	6.6
26	-0.204808	3.261254	17.236326	0.011307	8.8
27	-0.205802	4.261254	16.554003	0.013537	7.3
28	-0.195826	3.538149	17.041826	0.007010	8.4
29	-0.201142	4.538133	16.374528	0.010562	7.8
30	-0.203114	3.871174	16.813637	0.016861	8.0
31	-0.213944	4.871174	16.163738	0.009985	7.3
32	-0.201189	5.871174	15.562211	0.009548	8.2
33	-0.220707	5.152588	15.989808	0.014511	7.5
34	-0.196268	6.152588	15.400921	0.009988	7.3
35	-0.202020	5.429484	15.822287	0.012023	6.8
36	-0.178967	4.737889	16.247442	0.012028	6.8
37	-0.211070	4.019231	16.714138	0.007861	8.0
38	-0.199503	3.296127	17.211586	0.010641	5.6
39	-0.220047	4.242517	16.566291	0.006755	8.1
40	-0.211945	3.526942	17.049613	0.010687	7.0
41	-0.233469	2.803878	17.567510	0.012147	8.5
42	-0.192222	2.080774	18.117888	0.010089	6.6
43	-0.212207	1.569089	18.528655	0.014430	7.6
44	-0.200680	0.845985	19.141956	0.009099	7.1
45	-0.186332	0.554402	19.400904	0.010899	5.7
46	-0.211888	0.490764	19.458353	0.009667	8.2
47	-0.239934	1.475734	18.605616	0.008627	11.1
48	-0.230441	2.328762	17.925292	0.006679	10.8
49	-0.202036	1.746561	18.384093	0.010112	7.1
50	-0.206208	1.086965	18.933107	0.021159	8.2
51	-0.220835	2.086965	18.113029	0.017054	6.8
52	-0.215193	3.086965	17.361045	0.013416	7.9
53	-0.195712	4.086965	16.669010	0.005648	8.5
54	-0.211164	3.376410	17.154900	0.017648	7.7
55	-0.217892	3.702536	16.928419	0.016579	7.2
56	-0.184366	4.702536	16.269790	0.011210	7.3
57	-0.192045	4.646522	16.305325	0.006565	6.5
58	-0.187322	5.633120	15.701310	0.011447	7.7
59	-0.221442	4.910384	16.139278	0.017781	6.3
60	-0.195377	5.901428	15.544709	0.005218	7.7
61	-0.209478	6.791572	15.046823	0.010281	6.5
62	-0.200421	6.068501	15.448763	0.013276	8.3
63	-0.234651	5.345397	15.872787	0.011593	8.3
64	-0.251345	6.345397	15.292332	0.014753	6.9
65	-0.199604	7.345391	14.752835	0.006963	6.3
66	-0.217195	8.189545	14.326187	0.009915	8.2
67	-0.223179	8.840999	14.013434	0.010750	6.7
68	-0.221679	8.117894	14.361439	0.015715	7.1
69	-0.210512	7.438367	14.704602	0.011255	6.5
70	-0.203848	8.438367	14.205098	0.009885	7.3
71	-0.207970	7.731409	14.554625	0.013150	8.0
72	-0.208427	8.727213	14.067073	0.014596	6.7
73	-0.202369	9.727213	13.609268	0.010087	8.6
74	-0.196483	9.004109	13.937254	0.012611	6.9
75	-0.193138	9.981009	13.497781	0.015407	7.8
76	-0.217270	10.685816	13.197542	0.009246	6.3
77	-0.202011	9.962735	13.505747	0.010519	8.7
78	-0.203609	10.962328	13.083367	0.009660	5.2
79	-0.189944	11.860125	12.725907	0.011350	7.4
80	-0.205517	12.860121	12.350070	0.010065	7.4
81	-0.206785	13.860121	11.995795	0.015237	6.6
82	-0.203401	14.860121	11.661279	0.011719	7.1
83	-0.200666	14.137016	11.901263	0.011133	7.2
84	-0.209777	13.419604	12.149323	0.010811	6.8
85	-0.223260	14.412743	11.808599	0.005219	7.0
86	-0.205395	13.691535	12.054090	0.009112	8.8
87	-0.209907	14.161707	11.892906	0.015761	6.2
88	-0.197501	13.438609	12.142618	0.016653	8.2
89	-0.197797	14.438609	11.799980	0.011967	6.9
90	-0.197651	13.715638	12.045721	0.008706	6.2
91	-0.193435	12.992537	12.301961	0.014700	7.4
92	-0.228985	13.991368	11.950801	0.012191	6.3
93	-0.190067	13.268263	12.202978	0.011913	7.3
94	-0.202811	13.337588	12.178341	0.012902	6.8
95	-0.217580	14.337588	11.833713	0.018192	8.3
96	-0.207524	15.326546	11.511551	0.008792	5.6
97	-0.227467	14.603441	11.745350	0.014029	8.4
98	-0.207040	13.880465	11.988799	0.007253	6.9
99	-0.217550	14.753232	11.696142	0.012022	5.7
100	-0.175611	15.658545	11.407296	0.009651	7.1
101	-0.186132	14.941853	11.634761	0.006195	6.8
102	-0.227969	15.777819	11.370301	0.014575	6.6
103	-0.195982	16.202006	11.240654	0.010872	6.8
104	-0.216929	15.478901	11.463472	0.012638	7.4
105	-0.214667	14.763518	11.692778	0.014871	5.8
106	-0.191954	14.040429	11.934068	0.010916	7.3
107	-0.181095	14.964015	11.627592	0.012150	6.3
108	-0.211350	14.240911	11.866177	0.014895	7.0
109	-0.196729	15.240911	11.538752	0.011107	6.2
110	-0.194797	14.526744	11.770706	0.016872	5.5
111	-0.214038	13.803683	12.015248	0.009542	5.9
112	-0.202983	13.080579	12.270181	0.015263	7.2
113	-0.212318	14.075825	11.922026	0.005953	6.5
114	-0.197378	13.352741	12.172970	0.015405	7.7
115	-0.216315	14.351666	11.829001	0.010166	5.7
116	-0.197527	13.628561	12.076011	0.010814	7.8
117	-0.226247	14.620913	11.739589	0.011481	6.7
118	-0.193868	15.620906	11.419020	0.009916	5.6
119	-0.224492	14.947270	11.633008	0.019008	6.7
120	-0.199491	15.947118	11.318200	0.008605	6.1
121	-0.199224	16.947118	11.019938	0.011845	6.9
122	-0.205609	16.224034	11.234002	0.008161	6.5
123	-0.214799	17.220265	10.941182	0.012120	8.0
124	-0.188354	16.497160	11.152175	0.014965	4.9
125	-0.211582	15.774055	11.371465	0.012930	6.1
126	-0.208664	16.774055	11.070426	0.016122	8.1
127	-0.192772	16.050951	11.286482	0.006610	6.3
128	-0.193173	17.050946	10.989868	0.012546	7.5
129	-0.195167	16.327842	11.202761	0.014363	7.4
130	-0.209947	17.327730	10.910505	0.007918	6.2
131	-0.226386	18.282988	10.645190	0.011601	6.8
132	-0.220356	17.594175	10.835181	0.013380	5.7
133	-0.215607	16.877300	11.040250	0.011824	8.5
134	-0.184514	16.154196	11.255118	0.009132	5.0
135	-0.213162	16.625694	11.114077	0.010503	6.8
136	-0.200589	17.226185	10.939488	0.008053	7.9
137	-0.219756	18.224057	10.661184	0.010766	6.7
138	-0.179884	17.524145	10.854878	0.005058	6.2
139	-0.196542	18.482781	10.591323	0.010090	8.4
140	-0.234610	19.473466	10.332075	0.011772	8.5
141	-0.206688	18.750362	10.520027	0.007318	7.2
142	-0.235623	19.722939	10.268779	0.011219	6.1
143	-0.198154	20.686003	10.031542	0.007732	6.8
144	-0.218431	21.648455	9.805159	0.006946	6.9
145	-0.202167	20.925374	9.974267	0.009790	5.8
146	-0.215939	20.224168	10.143925	0.012430	6.8
147	-0.197450	20.064180	10.183446	0.016250	6.9
148	-0.217490	19.341076	10.365982	0.009786	6.5
149	-0.212297	18.617971	10.555182	0.015876	6.7
150	-0.223851	17.894866	10.751416	0.006786	6.6
151	-0.204094	18.527323	10.579388	0.010223	7.0
152	-0.201148	17.833133	10.768507	0.009999	5.9
153	-0.228805	17.120354	10.969858	0.011338	6.3
154	-0.225373	17.961717	10.732968	0.014271	6.8
155	-0.216047	17.238612	10.935932	0.006375	6.0
156	-0.229692	18.238579	10.657238	0.008569	8.0
157	-0.211212	19.237200	10.392743	0.016343	5.8
158	-0.227870	18.765272	10.516082	0.009229	6.5
159	-0.205129	18.042167	10.710852	0.009862	5.6
160	-0.227482	17.319817	10.912758	0.009046	4.6
161	-0.204943	18.295514	10.641797	0.013513	5.9
162	-0.206077	19.295514	10.377703	0.009938	5.4
163	-0.235037	18.572411	10.567334	0.014949	5.0
164	-0.202270	17.849724	10.763909	0.007687	8.0
165	-0.199451	17.126627	10.968053	0.007594	5.4
166	-0.214020	16.446973	11.167121	0.011865	4.2
167	-0.204345	17.440430	10.878517	0.010839	5.5
168	-0.209037	18.440430	10.602696	0.008751	3.8
169	-0.198637	17.717325	10.800717	0.009990	4.3
170	-0.221724	16.994223	11.006275	0.005526	4.2
171	-0.223953	16.272011	11.219542	0.010097	4.6
172	-0.195629	17.268279	10.927455	0.011321	3.4
173	-0.197860	16.547411	11.137249	0.009480	3.8
174	-0.214724	15.828869	11.354540	0.009401	4.3
175	-0.203382	16.828850	11.054390	0.014907	4.3
176	-0.199384	16.113180	11.267557	0.012453	3.9
177	-0.200766	17.113180	10.971923	0.008694	4.1
178	-0.201678	16.390167	11.184087	0.008422	3.7
179	-0.221896	17.390130	10.892770	0.011536	4.2
180	-0.183629	18.390130	10.616235	0.007283	3.8
181	-0.203257	19.369694	10.358634	0.013519	4.3
182	-0.186908	19.292972	10.378358	0.012718	6.0
183	-0.228938	18.569867	10.568013	0.009125	5.2
184	-0.208407	17.847697	10.764470	0.005828	4.0
185	-0.220689	17.178827	10.953057	0.010632	4.0
186	-0.217959	18.178652	10.673539	0.012320	5.2
187	-0.197024	17.713538	10.801774	0.011871	4.1
188	-0.191930	18.713536	10.529782	0.013295	3.9
189	-0.184383	19.713536	10.271151	0.016377	4.0
190	-0.204647	19.311321	10.373634	0.014886	3.5
191	-0.222082	18.588225	10.563112	0.012270	6.2
192	-0.176382	17.865121	10.759644	0.012134	6.8
193	-0.211862	18.864546	10.489894	0.011950	5.6
194	-0.223549	18.141441	10.683686	0.003949	8.4
195	-0.220432	19.033347	10.445664	0.011779	6.7
196	-0.209312	18.312902	10.637090	0.007325	7.3
197	-0.210508	19.268058	10.384779	0.009533	6.3
198	-0.216405	20.260007	10.135114	0.014835	7.9
199	-0.218792	19.536902	10.315906	0.013480	7.2
200	-0.207184	20.195805	10.150909	0.014798	6.0
201	-0.233162	21.195805	9.910342	0.007353	8.8
202	-0.206855	22.195805	9.680914	0.010268	6.8
203	-0.223335	22.367217	9.642649	0.006302	6.6
204	-0.214761	21.644186	9.806141	0.006672	6.4
205	-0.203930	21.008849	9.954447	0.004911	5.6
206	-0.192105	21.973456	9.731004	0.007789	6.8
207	-0.214548	21.661751	9.802103	0.011392	5.2
208	-0.209326	22.661750	9.577602	0.010922	7.0
209	-0.188318	23.363166	9.426173	0.005110	6.7
210	-0.252943	22.664942	9.576902	0.007196	5.9
211	-0.231124	23.630761	9.369656	0.020916	7.3
212	-0.225772	24.630759	9.164320	0.012573	5.2
213	-0.246230	25.630373	8.967865	0.012884	6.2
214	-0.212184	26.626566	8.780286	0.008667	7.0
215	-0.196193	25.908379	8.914716	0.013601	6.4
216	-0.215409	26.908347	8.728643	0.008897	6.1
217	-0.207804	27.908346	8.550174	0.010232	6.7
218	-0.216939	28.756234	8.404472	0.009827	7.3
219	-0.224377	28.033130	8.528415	0.014634	6.1
220	-0.216175	27.360513	8.647031	0.019010	6.5
221	-0.205808	26.637409	8.778288	0.006964	4.8
222	-0.239638	26.496635	8.804305	0.013920	6.3
223	-0.224054	27.496602	8.622767	0.009336	8.9
224	-0.179151	26.773528	8.753276	0.007054	6.5
225	-0.214803	27.773422	8.573827	0.008207	6.3
226	-0.216801	28.741009	8.407045	0.009699	5.3
227	-0.236455	28.570358	8.435987	0.007673	5.6
228	-0.200423	27.849422	8.560488	0.013089	7.7
229	-0.227702	28.060608	8.523638	0.008990	5.4
230	-0.252149	28.028494	8.529221	0.009735	7.5
231	-0.210172	27.421176	8.636198	0.010329	6.7
232	-0.174685	28.421176	8.461451	0.013351	6.7
233	-0.197759	27.698071	8.587093	0.005138	6.7
234	-0.208802	26.975857	8.716361	0.017158	5.9
235	-0.214131	27.975817	8.538395	0.006649	6.4
236	-0.197692	27.252729	8.666347	0.011945	6.7
237	-0.221659	27.356446	8.647759	0.011648	7.4
238	-0.194478	28.356446	8.472548	0.012428	6.6
239	-0.189241	27.633394	8.598513	0.006757	6.9
240	-0.174921	26.910671	8.728220	0.013582	5.5
241	-0.213193	26.197481	8.860110	0.011720	6.0
242	-0.232188	26.568067	8.791084	0.008657	6.5
243	-0.227500	27.394720	8.640919	0.007006	7.0
244	-0.205984	27.531027	8.616650	0.011592	6.7
245	-0.225152	28.530994	8.442691	0.009320	6.1
246	-0.233035	27.807890	8.567772	0.019696	6.2
247	-0.226249	28.807890	8.395756	0.010161	6.7
248	-0.194040	28.084785	8.519440	0.010952	6.0
249	-0.213533	29.083602	8.349537	0.016996	5.6
250	-0.179779	28.360498	8.471853	0.013350	6.2
251	-0.218627	29.360498	8.303629	0.013238	5.8
252	-0.215139	28.637394	8.424594	0.013642	7.3
253	-0.216822	29.637394	8.258223	0.010747	6.5
254	-0.210068	28.961497	8.369943	0.014188	6.5
255	-0.213491	28.238392	8.492862	0.014968	7.2
256	-0.196746	29.238392	8.323811	0.011935	6.0
257	-0.200491	30.238389	8.161359	0.011956	7.1
258	-0.195933	31.203519	8.010473	0.009288	6.6
259	-0.216415	32.203519	7.859910	0.012533	6.5
260	-0.213626	33.203514	7.714903	0.011035	8.4
261	-0.211099	34.203514	7.575150	0.011201	14.0
262	-0.196432	33.876352	7.620311	0.007349	3.8
263	-0.216854	34.873006	7.484381	0.008342	7.6
264	-0.219823	35.872154	7.352893	0.017194	8.8
265	-0.202915	35.149050	7.447586	0.006915	12.4
266	-0.211627	36.149045	7.317268	0.009474	12.3
267	-0.225941	35.429497	7.410572	0.007565	8.0
268	-0.219180	36.347763	7.291913	0.008585	8.9
269	-0.229362	35.915089	7.347346	0.011288	4.7
270	-0.229385	36.905199	7.221716	0.014185	10.2
271	-0.187686	36.182560	7.312979	0.009693	6.8
272	-0.214896	36.856399	7.227807	0.008956	9.4
273	-0.212454	37.840281	7.106949	0.012901	6.6
274	-0.188540	38.838176	6.988430	0.009754	6.4
275	-0.226165	39.818448	6.875790	0.010431	7.1
276	-0.187938	40.543570	6.794778	0.006530	6.8
277	-0.206559	39.828317	6.874674	0.008198	7.5
278	-0.216294	39.588324	6.901905	0.011093	5.3
279	-0.218060	40.511925	6.798273	0.008495	8.0
280	-0.210054	41.510515	6.689673	0.009155	5.4
281	-0.218550	40.793228	6.767325	0.014381	6.4
282	-0.186318	40.140612	6.839560	0.010092	7.3
283	-0.204176	41.140567	6.729499	0.013112	8.4
284	-0.202597	42.140432	6.622933	0.010047	5.3
285	-0.212178	42.705850	6.564152	0.011195	7.6
286	-0.193304	43.705850	6.462706	0.015616	6.4
287	-0.202066	43.047221	6.529165	0.010220	6.1
288	-0.182780	42.324116	6.603722	0.008559	5.5
289	-0.191730	43.211329	6.512478	0.014047	6.7
290	-0.218757	44.211328	6.412611	0.009515	7.7
291	-0.218511	43.488223	6.484515	0.006247	7.3
292	-0.214287	42.903041	6.543896	0.014358	6.8
293	-0.218864	43.903038	6.443071	0.015638	7.0
294	-0.203722	43.179934	6.515664	0.012520	6.1
295	-0.198853	42.674897	6.567343	0.009874	7.3
296	-0.212544	41.964848	6.641402	0.012452	5.4
297	-0.205884	41.241744	6.718560	0.002886	7.8
298	-0.186925	42.146123	6.622336	0.019739	6.7
299	-0.179378	43.119943	6.521760	0.010503	6.6
300	-0.192591	42.397298	6.596099	0.018123	7.2
301	-0.193987	41.674275	6.672193	0.012341	4.7
302	-0.197427	40.951238	6.750065	0.007973	7.0
303	-0.218412	40.233820	6.829149	0.019790	5.8
304	-0.226165	39.510737	6.910755	0.009934	6.6
305	-0.201387	40.510737	6.798405	0.012323	7.2
306	-0.228609	41.510375	6.689688	0.020072	6.5
307	-0.206168	42.510375	6.584355	0.013787	7.1
308	-0.190386	41.787271	6.660186	0.015378	6.2
309	-0.172708	41.114084	6.732368	0.019154	5.2
310	-0.215445	42.114084	6.625698	0.015334	5.4
311	-0.209988	43.114084	6.522356	0.011725	4.3
312	-0.186379	43.749065	6.458393	0.007671	6.0
313	-0.186690	43.034113	6.530502	0.013625	5.2
314	-0.197611	42.311019	6.605088	0.008678	4.7
315	-0.194234	41.589120	6.681271	0.009064	4.7
316	-0.206223	40.866060	6.759359	0.003549	5.4
317	-0.201368	41.545496	6.685931	0.011273	3.8
318	-0.187287	41.977851	6.640031	0.012693	6.2
319	-0.203745	41.306674	6.711558	0.008665	5.4
320	-0.197748	41.967786	6.641092	0.009357	4.2
321	-0.207443	41.475293	6.693444	0.017745	4.6
322	-0.167937	40.752188	6.771823	0.013405	5.2
323	-0.224723	40.029084	6.852059	0.024080	4.6
324	-0.214604	39.305979	6.934219	0.013662	4.7
325	-0.202644	40.305979	6.821111	0.010215	5.4
326	-0.194361	41.305979	6.711633	0.011262	5.1
327	-0.183120	40.582957	6.790432	0.007742	4.7
328	-0.222921	41.548073	6.685656	0.018244	4.7
329	-0.215484	41.525729	6.688045	0.014981	4.9
330	-0.205777	40.819367	6.764464	0.007221	4.1
331	-0.205201	41.819305	6.656789	0.012271	5.1
332	-0.219855	42.178440	6.618949	0.006681	5.7
333	-0.207134	41.455928	6.695519	0.007800	3.5
334	-0.223546	40.736760	6.773515	0.012983	3.7
335	-0.213055	41.736760	6.665548	0.014704	5.6
336	-0.220158	41.013655	6.743271	0.016935	4.3
337	-0.208744	42.013655	6.636258	0.007602	4.0
338	-0.212153	43.013655	6.532589	0.013242	5.9
339	-0.211288	42.290977	6.607180	0.016946	7.2
340	-0.224271	43.290977	6.504410	0.017416	10.3
341	-0.215221	42.567872	6.578400	0.009690	10.1
342	-0.195434	41.844768	6.654092	0.006658	8.6
343	-0.212484	42.844593	6.549887	0.015757	6.8
344	-0.190579	43.844592	6.448878	0.007913	9.2
345	-0.239426	43.126569	6.521086	0.008169	7.3
346	-0.211586	42.622615	6.572740	0.008610	8.0
347	-0.220025	41.985728	6.639201	0.011513	6.6
348	-0.248051	41.262623	6.716307	0.006376	7.0
349	-0.212114	41.569226	6.683395	0.010256	6.3
350	-0.209646	40.883107	6.757496	0.007183	4.5
351	-0.209418	41.717831	6.667560	0.013529	4.2
352	-0.239000	41.005699	6.744136	0.013079	4.2
353	-0.211525	40.282595	6.823714	0.008382	4.2
354	-0.210982	39.559490	6.905192	0.007919	5.6
355	-0.224102	40.555224	6.793491	0.010954	4.6
356	-0.213320	39.858397	6.871277	0.013168	4.5
357	-0.194699	40.858397	6.760196	0.005046	4.3
358	-0.213709	41.858376	6.652652	0.012189	5.7
359	-0.223004	41.139879	6.729573	0.009825	4.5
360	-0.203098	42.138835	6.623101	0.007438	4.7
361	-0.192975	41.415732	6.699831	0.017985	5.7
362	-0.201972	42.334178	6.602673	0.002951	3.9
363	-0.215424	43.330497	6.500414	0.014256	5.5
364	-0.230645	44.093681	6.424201	0.008642	6.1
365	-0.196056	45.093680	6.327002	0.012685	4.9
366	-0.221179	46.072978	6.234625	0.009557	5.3
367	-0.208013	46.974690	6.151920	0.005963	5.5
368	-0.215217	47.198862	6.131699	0.016312	4.5
369	-0.224882	46.475757	6.197409	0.008764	4.8
370	-0.194488	47.475757	6.106904	0.010163	4.9
371	-0.220850	46.752674	6.172079	0.014312	4.9
372	-0.185345	47.752674	6.082307	0.010199	5.1
373	-0.236676	48.730587	5.997008	0.009805	6.5
374	-0.212506	49.727232	5.912502	0.020406	5.2
375	-0.229632	49.005565	5.973452	0.013662	5.8
376	-0.220379	48.283223	6.035731	0.010691	5.9
377	-0.190285	47.570864	6.098434	0.010195	7.3
378	-0.203975	48.563553	6.011408	0.009803	5.0
379	-0.211116	48.734262	5.996692	0.011522	5.0
380	-0.209970	48.032094	6.057688	0.012615	4.4
381	-0.216760	47.321763	6.120669	0.010450	5.3
382	-0.197933	48.321763	6.032375	0.014291	5.2
383	-0.210024	49.321747	5.946594	0.005955	6.2
384	-0.242117	49.092860	5.966012	0.012678	5.5
385	-0.181679	50.092859	5.882094	0.010702	5.8
386	-0.224314	49.370112	5.942507	0.011536	4.6
387	-0.201612	48.647008	6.004204	0.012364	7.1
388	-0.219331	47.936548	6.066084	0.009550	5.1
389	-0.204238	48.807339	5.990414	0.006760	6.5
390	-0.180899	49.788979	5.907344	0.010241	5.9
391	-0.204465	50.581807	5.841916	0.012555	4.9
392	-0.199699	50.122101	5.879676	0.012804	5.4
393	-0.188649	51.110962	5.799047	0.008120	6.4
394	-0.239410	50.389117	5.857684	0.013395	4.3
395	-0.213021	51.388261	5.776833	0.015288	5.1
396	-0.209301	50.665156	5.835121	0.018020	4.5
397	-0.215063	49.942114	5.894593	0.020575	4.2
398	-0.231923	49.219009	5.955294	0.007543	5.3
399	-0.177899	48.497766	6.017098	0.011844	4.8
400	-0.199339	47.774688	6.080360	0.007614	3.5
401	-0.206329	47.534915	6.101633	0.011043	5.7
402	-0.204289	48.534890	6.013886	0.010077	5.0
403	-0.192343	48.133193	6.048829	0.021062	3.6
404	-0.211588	47.410090	6.112766	0.018875	6.0
405	-0.206742	48.410090	6.024699	0.012556	6.0
406	-0.195120	47.686985	6.088124	0.011133	4.1
407	-0.215547	48.680482	6.001320	0.009236	4.5
408	-0.229375	49.680251	5.916432	0.008420	5.4
409	-0.211025	48.957152	5.977586	0.011399	4.4
410	-0.202891	48.234048	6.040018	0.012373	4.5
411	-0.219337	49.234048	5.954019	0.012879	6.1
412	-0.200373	48.510944	6.015957	0.012498	3.8
413	-0.239891	47.787865	6.079195	0.010466	4.3
414	-0.195674	48.787562	5.992112	0.006420	6.4
415	-0.209250	49.763637	5.909460	0.021688	4.2
416	-0.197659	49.042784	5.970278	0.018303	4.8
417	-0.199620	50.042784	5.886240	0.009780	5.6
418	-0.211509	51.042784	5.804535	0.009736	5.6
419	-0.221030	52.042768	5.725069	0.012456	6.8
420	-0.218957	52.004383	5.728079	0.009698	7.6
421	-0.215200	53.004078	5.650700	0.011561	5.0
422	-0.180934	53.648983	5.601883	0.015106	7.2
423	-0.217631	54.648982	5.527832	0.016134	6.7
424	-0.188731	55.444960	5.470274	0.011231	8.4
425	-0.201455	56.444892	5.399644	0.014396	6.4
426	-0.216385	55.721787	5.450536	0.014438	5.8
427	-0.212813	56.721787	5.380407	0.012067	7.2
428	-0.199098	56.002357	5.430676	0.009511	5.7
429	-0.215990	57.002355	5.361055	0.007320	8.0
430	-0.196706	57.871621	5.301969	0.005776	5.5
431	-0.203840	57.741181	5.310752	0.016670	6.7
432	-0.195507	57.105686	5.353962	0.016618	5.9
433	-0.215732	58.105686	5.286281	0.010246	7.2
434	-0.196727	57.382582	5.335049	0.016286	8.1
435	-0.197708	56.659477	5.384724	0.010548	5.2
436	-0.212358	55.936372	5.435334	0.015755	5.4
437	-0.190777	55.213268	5.486904	0.007639	5.5
438	-0.197821	54.490164	5.539462	0.012280	3.8
439	-0.202733	55.490155	5.467042	0.010061	5.5
440	-0.198100	54.792117	5.517393	0.010004	4.5
441	-0.234008	54.069023	5.570538	0.009762	4.4
442	-0.208563	55.068954	5.497313	0.024296	4.9
443	-0.188773	56.068953	5.425984	0.007657	5.3
444	-0.191052	57.068940	5.356482	0.014615	4.5
445	-0.189433	56.449040	5.399355	0.012970	4.1
446	-0.194937	57.449040	5.330529	0.011781	5.7
447	-0.223428	57.901808	5.299940	0.008228	4.3
448	-0.192094	58.900192	5.233716	0.011640	3.4
449	-0.206800	58.177170	5.281508	0.013459	5.5
450	-0.215199	57.454069	5.330187	0.012449	4.9
451	-0.182200	58.186603	5.280879	0.007400	3.9
452	-0.202375	57.463834	5.329524	0.010897	4.7
453	-0.178877	58.449728	5.263390	0.013523	5.6
454	-0.194982	59.333112	5.205511	0.008740	4.2
455	-0.208844	58.610021	5.252792	0.006413	4.1
456	-0.183485	59.609833	5.187641	0.011835	6.2
457	-0.183450	58.889628	5.234408	0.009371	5.2
458	-0.206484	59.889628	5.169697	0.016272	5.7
459	-0.177033	59.208586	5.213592	0.005831	6.7
460	-0.210635	58.865186	5.236010	0.013219	4.8
461	-0.200076	58.142114	5.283848	0.010950	6.6
462	-0.212979	58.809943	5.239634	0.005684	5.8
463	-0.237321	58.593425	5.253887	0.012436	7.1
464	-0.233396	59.593410	5.188698	0.013469	7.9
465	-0.195011	58.870322	5.235673	0.023096	5.3
466	-0.190703	59.870321	5.170931	0.016199	8.2
467	-0.200309	59.147232	5.217584	0.010833	7.1
468	-0.199048	58.424127	5.265086	0.012406	7.2
469	-0.193827	59.423895	5.199635	0.014335	5.6
470	-0.218498	60.423895	5.135776	0.013204	5.9
471	-0.201150	60.068143	5.158313	0.009697	7.5
472	-0.201679	59.754391	5.178355	0.012242	5.7
473	-0.218311	60.754368	5.115016	0.018351	8.4
474	-0.196617	61.693498	5.056926	0.011935	5.0
475	-0.198298	62.693498	4.996504	0.010472	6.9
476	-0.217660	62.947389	4.981392	0.010046	7.6
477	-0.234335	63.656843	4.939646	0.014603	6.6
478	-0.227419	63.067502	4.974275	0.014013	8.0
479	-0.216533	62.344491	5.017427	0.017386	5.9
480	-0.187741	61.621386	5.061339	0.009666	6.8
481	-0.194293	60.898282	5.106027	0.008895	5.9
482	-0.188044	60.175303	5.151504	0.018021	6.4
483	-0.199561	59.452327	5.197797	0.010167	7.0
484	-0.227037	60.452327	5.133983	0.015005	5.8
485	-0.234000	60.983178	5.100740	0.006748	7.3
486	-0.199534	61.983175	5.039273	0.011812	5.9
487	-0.206471	62.982579	4.979305	0.019183	6.8
488	-0.216747	62.259475	5.022550	0.010606	6.3
489	-0.231702	61.563592	5.064882	0.009211	5.9
490	-0.200477	60.840487	5.109633	0.013687	7.0
491	-0.208366	61.805159	5.050107	0.010982	6.2
492	-0.224912	62.805041	4.989853	0.009340	7.3
493	-0.224592	62.082592	5.033243	0.013741	6.0
494	-0.206508	63.082555	4.973384	0.018609	6.3
495	-0.208416	62.359451	5.016526	0.018451	8.2
496	-0.225026	63.359451	4.957060	0.006767	5.4
497	-0.208797	62.656879	4.998691	0.005619	7.5
498	-0.215735	61.939513	5.041926	0.011570	6.0
499	-0.226399	61.217865	5.086180	0.011833	7.7
Time spent in resolution 0 (ITK initialization and iterating): 4.265 s.
Stopping condition: Maximum number of iterations has been reached.
Settings of AdaptiveStochasticGradientDescent in resolution 0:
( SP_a 418.174876 )
( SP_A 20.000000 )
( SP_alpha 1.000000 )
( SigmoidMax 1.000000 )
( SigmoidMin -0.723105 )
( SigmoidScale 0.000004 )



=============== start of TransformParameterFile ===============
(Transform "EulerTransform")
(NumberOfParameters 6)
(TransformParameters -0.016485 -0.010964 0.023434 1.897840 -2.687986 0.006537)
(InitialTransformParametersFileName "NoInitialTransform")
(UseBinaryFormatForTransformationParameters "false")
(HowToCombineTransforms "Compose")

// Image specific
(FixedImageDimension 3)
(MovingImageDimension 3)
(FixedInternalImagePixelType "float")
(MovingInternalImagePixelType "float")
(Size 256 256 45)
(Index 0 0 0)
(Spacing 0.7031250000 0.7031250000 3.0000000000)
(Origin -86.3894042969 -57.1666603088 128.4281768799)
(Direction 0.9996800931 0.0252817821 -0.0007369086 -0.0252915216 0.9994751524 -0.0202424970 0.0002247554 0.0202546609 0.9997948280)
(UseDirectionCosines "false")

// EulerTransform specific
(CenterOfRotationPoint 3.2590332031 32.4817771912 194.4281768799)
(ComputeZYX "false")

// ResampleInterpolator specific
(ResampleInterpolator "FinalBSplineInterpolator")
(FinalBSplineInterpolationOrder 3)

// Resampler specific
(Resampler "DefaultResampler")
(DefaultPixelValue 0.000000)
(ResultImageFormat "nii.gz")
(ResultImagePixelType "short")
(CompressResultImage "false")

=============== end of TransformParameterFile ===============

Creating the TransformParameterFile took 0.00s

Registration result checksum: 3856562324

Applying final transform ...
  Applying final transform took 1.54s

Final metric value  = -0.226399
Settings of AdaptiveStochasticGradientDescent for all resolutions:
( SP_a 418.174876 )
( SP_A 20.000000 )
( SP_alpha 1.000000 )
( SigmoidMax 1.000000 )
( SigmoidMin -0.723105 )
( SigmoidScale 0.000004 )

Time spent on saving the results, applying the final transform etc.: 1541 ms.
Running elastix with parameter file 0: "/Users/sakinkirti/Programming/Python/CCIPD/racial-disparity-pca/code_matlab/rigid.txt", has finished.


Current time: Mon May 23 17:55:44 2022.
Time used for running elastix with this parameter file:
  6.0s.

-------------------------------------------------------------------------

Total time elapsed: 6.0s.

