
elastix is started at Mon May 23 08:28:39 2022.

which elastix:   /Users/sakinkirti/Programming/Python/CCIPD/racial-disparity-pca/code_matlab/elastix-5.0.0-mac/bin/elastix
elastix runs at: Sakins-MBP.hsd1.ca.comcast.net
  macOS 12.3.1 (x64), 21E258
  with 8192 MB memory, and 2 cores @ 2300 MHz.
-------------------------------------------------------------------------

Running elastix with parameter file 0: "/Users/sakinkirti/Programming/Python/CCIPD/racial-disparity-pca/code_matlab/rigid.txt".

Current time: Mon May 23 08:28:39 2022.
Reading the elastix parameters from file ...

Installing all components.
InstallingComponents was successful.

ELASTIX version: 5.000
Command line options from ElastixBase:
-f        /Users/sakinkirti/Programming/Python/CCIPD/racial-disparity-pca/dataset/to_nifti_cleaned/prostate-001248/ADC.nii.gz
-m        /Users/sakinkirti/Programming/Python/CCIPD/racial-disparity-pca/dataset/to_nifti_cleaned/prostate-001248/T2W.nii.gz
-fMask    unspecified, so no fixed mask used
-mMask    unspecified, so no moving mask used
-out      /Users/sakinkirti/Programming/Python/CCIPD/racial-disparity-pca/dataset/to_nifti_cleaned/prostate-001248/
-p        /Users/sakinkirti/Programming/Python/CCIPD/racial-disparity-pca/code_matlab/rigid.txt
-threads  unspecified, so all available threads are used
Command line options from TransformBase:
-t0       unspecified, so no initial transform used

=============== start of ParameterFile: /Users/sakinkirti/Programming/Python/CCIPD/racial-disparity-pca/code_matlab/rigid.txt ===============
// Example parameter file for rotation registration
// C-style comments: //

// The internal pixel type, used for internal computations
// Leave to float in general. 
// NB: this is not the type of the input images! The pixel 
// type of the input images is automatically read from the 
// images themselves.
// This setting can be changed to "short" to save some memory
// in case of very large 3D images.
(FixedInternalImagePixelType "float")
(MovingInternalImagePixelType "float")

// The dimensions of the fixed and moving image
// Up to elastix 4.5 this had to be specified by the user.
// From elastix 4.6, this is not necessary anymore.
//(FixedImageDimension 3)
//(MovingImageDimension 3)

// Specify whether you want to take into account the so-called
// direction cosines of the images. Recommended: true.
// In some cases, the direction cosines of the image are corrupt,
// due to image format conversions for example. In that case, you 
// may want to set this option to "false".
(UseDirectionCosines "false")

// **************** Main Components **************************

// The following components should usually be left as they are:
(Registration "MultiResolutionRegistration")
(Interpolator "BSplineInterpolator")
(ResampleInterpolator "FinalBSplineInterpolator")
(Resampler "DefaultResampler")

// These may be changed to Fixed/MovingSmoothingImagePyramid.
// See the manual.
(FixedImagePyramid "FixedRecursiveImagePyramid")
(MovingImagePyramid "MovingRecursiveImagePyramid")

// The following components are most important:
// The optimizer AdaptiveStochasticGradientDescent (ASGD) works
// quite ok in general. The Transform and Metric are important
// and need to be chosen careful for each application. See manual.
(Optimizer "AdaptiveStochasticGradientDescent")
(Transform "EulerTransform")
(Metric "AdvancedMattesMutualInformation")

// ***************** Transformation **************************

// Scales the rotations compared to the translations, to make
// sure they are in the same range. In general, it's best to  
// use automatic scales estimation:
(AutomaticScalesEstimation "true")

// Automatically guess an initial translation by aligning the
// geometric centers of the fixed and moving.
(AutomaticTransformInitialization "true")

// Whether transforms are combined by composition or by addition.
// In generally, Compose is the best option in most cases.
// It does not influence the results very much.
(HowToCombineTransforms "Compose")

// ******************* Similarity measure *********************

// Number of grey level bins in each resolution level,
// for the mutual information. 16 or 32 usually works fine.
// You could also employ a hierarchical strategy:
//(NumberOfHistogramBins 16 32 64)
(NumberOfHistogramBins 32)

// If you use a mask, this option is important. 
// If the mask serves as region of interest, set it to false.
// If the mask indicates which pixels are valid, then set it to true.
// If you do not use a mask, the option doesn't matter.
(ErodeMask "false")

// ******************** Multiresolution **********************

// The number of resolutions. 1 Is only enough if the expected
// deformations are small. 3 or 4 mostly works fine. For large
// images and large deformations, 5 or 6 may even be useful.
(NumberOfResolutions 1)

// The downsampling/blurring factors for the image pyramids.
// By default, the images are downsampled by a factor of 2
// compared to the next resolution.
// So, in 2D, with 4 resolutions, the following schedule is used:
//(ImagePyramidSchedule 8 8  4 4  2 2  1 1 )
// And in 3D:
//(ImagePyramidSchedule 8 8 8  4 4 4  2 2 2  1 1 1 )
// You can specify any schedule, for example:
//(ImagePyramidSchedule 4 4  4 3  2 1  1 1 )
// Make sure that the number of elements equals the number
// of resolutions times the image dimension.

// ******************* Optimizer ****************************

// Maximum number of iterations in each resolution level:
// 200-500 works usually fine for rigid registration.
// For more robustness, you may increase this to 1000-2000.
(MaximumNumberOfIterations 500)

// The step size of the optimizer, in mm. By default the voxel size is used.
// which usually works well. In case of unusual high-resolution images
// (eg histology) it is necessary to increase this value a bit, to the size
// of the "smallest visible structure" in the image:
//(MaximumStepLength 1.0)

// **************** Image sampling **********************

// Number of spatial samples used to compute the mutual
// information (and its derivative) in each iteration.
// With an AdaptiveStochasticGradientDescent optimizer,
// in combination with the two options below, around 2000
// samples may already suffice.
(NumberOfSpatialSamples 2000)

// Refresh these spatial samples in every iteration, and select
// them randomly. See the manual for information on other sampling
// strategies.
(NewSamplesEveryIteration "true")
(ImageSampler "Random")

// ************* Interpolation and Resampling ****************

// Order of B-Spline interpolation used during registration/optimisation.
// It may improve accuracy if you set this to 3. Never use 0.
// An order of 1 gives linear interpolation. This is in most 
// applications a good choice.
(BSplineInterpolationOrder 1)

// Order of B-Spline interpolation used for applying the final
// deformation.
// 3 gives good accuracy; recommended in most cases.
// 1 gives worse accuracy (linear interpolation)
// 0 gives worst accuracy, but is appropriate for binary images
// (masks, segmentations); equivalent to nearest neighbor interpolation.
(FinalBSplineInterpolationOrder 3)

//Default pixel value for pixels that come from outside the picture:
(DefaultPixelValue 0)

// Choose whether to generate the deformed moving image.
// You can save some time by setting this to false, if you are
// only interested in the final (nonrigidly) deformed moving image
// for example.
(WriteResultImage "false")

// The pixel type and format of the resulting deformed moving image
(ResultImagePixelType "short")
(ResultImageFormat "nii.gz")




=============== end of ParameterFile: /Users/sakinkirti/Programming/Python/CCIPD/racial-disparity-pca/code_matlab/rigid.txt ===============


Reading images...
Reading images took 112 ms.

WARNING: the fixed pyramid schedule is not fully specified!
  A default pyramid schedule is used.
WARNING: the moving pyramid schedule is not fully specified!
  A default pyramid schedule is used.
WARNING: The parameter "AutomaticTransformInitializationMethod", requested at entry number 0, does not exist at all.
  The default value "GeometricalCenter" is used instead.
Transform parameters are initialized as: [0, 0, 0, 3.759369730949402, 0.5669945478439331, 20.126060485839844]
Scales are estimated automatically.
Scales for transform parameters are: [5550.648822491229, 5550.6488224912355, 9788.797644982287, 1, 1, 1]
Initialization of all components (before registration) took: 11 ms.
Preparation of the image pyramids took: 9 ms.

Resolution: 0
WARNING: The parameter "ShowExactMetricValue", requested at entry number 0, does not exist at all.
  The default value "false" is used instead.
WARNING: The parameter "CheckNumberOfSamples", requested at entry number 0, does not exist at all.
  The default value "true" is used instead.
WARNING: The parameter "UseMultiThreadingForMetrics", requested at entry number 0, does not exist at all.
  The default value "true" is used instead.
Setting the fixed masks took: 0 ms.
Setting the moving masks took: 0 ms.
WARNING: The parameter "NumberOfFixedHistogramBins", requested at entry number 0, does not exist at all.
  The default value "32" is used instead.
WARNING: The parameter "NumberOfMovingHistogramBins", requested at entry number 0, does not exist at all.
  The default value "32" is used instead.
WARNING: The parameter "FixedLimitRangeRatio", requested at entry number 0, does not exist at all.
  The default value "0.01" is used instead.
WARNING: The parameter "MovingLimitRangeRatio", requested at entry number 0, does not exist at all.
  The default value "0.01" is used instead.
WARNING: The parameter "FixedKernelBSplineOrder", requested at entry number 0, does not exist at all.
  The default value "0" is used instead.
WARNING: The parameter "MovingKernelBSplineOrder", requested at entry number 0, does not exist at all.
  The default value "3" is used instead.
WARNING: The parameter "UseFastAndLowMemoryVersion", requested at entry number 0, does not exist at all.
  The default value "true" is used instead.
WARNING: The parameter "UseJacobianPreconditioning", requested at entry number 0, does not exist at all.
  The default value "false" is used instead.
WARNING: The parameter "FiniteDifferenceDerivative", requested at entry number 0, does not exist at all.
  The default value "false" is used instead.
WARNING: The parameter "SP_A", requested at entry number 0, does not exist at all.
  The default value "20" is used instead.
WARNING: The parameter "MaximumNumberOfSamplingAttempts", requested at entry number 0, does not exist at all.
  The default value "0" is used instead.
WARNING: The parameter "SigmoidInitialTime", requested at entry number 0, does not exist at all.
  The default value "0" is used instead.
WARNING: The parameter "MaxBandCovSize", requested at entry number 0, does not exist at all.
  The default value "192" is used instead.
WARNING: The parameter "NumberOfBandStructureSamples", requested at entry number 0, does not exist at all.
  The default value "10" is used instead.
WARNING: The parameter "UseAdaptiveStepSizes", requested at entry number 0, does not exist at all.
  The default value "true" is used instead.
WARNING: The parameter "AutomaticParameterEstimation", requested at entry number 0, does not exist at all.
  The default value "true" is used instead.
WARNING: The parameter "UseConstantStep", requested at entry number 0, does not exist at all.
  The default value "false" is used instead.
WARNING: The parameter "MaximumStepLengthRatio", requested at entry number 0, does not exist at all.
  The default value "1" is used instead.
WARNING: The parameter "MaximumStepLength", requested at entry number 0, does not exist at all.
  The default value "0.957623" is used instead.
WARNING: The parameter "NumberOfGradientMeasurements", requested at entry number 0, does not exist at all.
  The default value "0" is used instead.
WARNING: The parameter "NumberOfJacobianMeasurements", requested at entry number 0, does not exist at all.
  The default value "1000" is used instead.
WARNING: The parameter "NumberOfSamplesForExactGradient", requested at entry number 0, does not exist at all.
  The default value "100000" is used instead.
WARNING: The parameter "SigmoidScaleFactor", requested at entry number 0, does not exist at all.
  The default value "0.1" is used instead.
Elastix initialization of all components (for this resolution) took: 2 ms.
  Computing the fixed image extrema took 4 ms.
  Computing the moving image extrema took 9 ms.
Initialization of AdvancedMattesMutualInformation metric took: 117 ms.
Starting automatic parameter estimation for AdaptiveStochasticGradientDescent ...
WARNING: The parameter "ASGDParameterEstimationMethod", requested at entry number 0, does not exist at all.
  The default value "Original" is used instead.
  Computing JacobianTerms ...
  Computing the Jacobian terms took 0.002889s
  NumberOfGradientMeasurements to estimate sigma_i: 6
  Sampling gradients ...
  Sampling the gradients took 0.657568s
Automatic parameter estimation took 0.66s
1:ItNr	2:Metric	3a:Time	3b:StepSize	4:||Gradient||	Time[ms]
0	-0.087822	0.000000	2.463403	0.011256	781.4
1	-0.069251	0.000000	2.463403	0.025418	6.2
2	-0.063508	0.000000	2.463403	0.010906	15.0
3	-0.072947	0.999893	2.351441	0.038580	8.1
4	-0.060989	1.997647	2.249424	0.015131	5.3
5	-0.085053	2.997647	2.155689	0.018500	3.8
6	-0.071007	2.018954	2.247342	0.022508	15.5
7	-0.067002	3.018833	2.153787	0.008526	3.6
8	-0.070959	2.042101	2.245084	0.018086	6.5
9	-0.065528	1.064131	2.344595	0.013072	9.2
10	-0.076503	2.064117	2.242941	0.015445	13.0
11	-0.073318	1.095443	2.341273	0.014549	10.1
12	-0.082228	0.175917	2.442938	0.019125	5.9
13	-0.076771	0.000000	2.463403	0.020795	7.5
14	-0.074319	0.000000	2.463403	0.018828	16.6
15	-0.075753	0.000000	2.463403	0.012320	30.0
16	-0.076270	0.430064	2.413967	0.035417	13.2
17	-0.068586	0.000000	2.463403	0.007270	15.3
18	-0.081394	0.999979	2.351432	0.033057	9.3
19	-0.073492	1.999977	2.249196	0.012908	2.8
20	-0.065220	2.999977	2.155480	0.007651	22.5
21	-0.065213	2.362139	2.214329	0.010694	3.3
22	-0.081008	1.579150	2.291116	0.023152	3.5
23	-0.070430	2.578594	2.194001	0.026728	9.9
24	-0.081299	3.578078	2.104781	0.023792	2.3
25	-0.074891	2.599348	2.192072	0.013076	3.7
26	-0.070341	1.620667	2.286911	0.017083	8.3
27	-0.075986	2.376613	2.212958	0.011554	3.8
28	-0.083355	3.369987	2.122753	0.013018	2.4
29	-0.067765	2.470689	2.204088	0.013417	3.8
30	-0.066601	1.491992	2.299995	0.023655	4.7
31	-0.077758	2.491992	2.202089	0.030220	2.5
32	-0.081507	1.513262	2.297822	0.007449	2.3
33	-0.075881	2.513237	2.200099	0.015054	7.0
34	-0.068966	3.504081	2.111136	0.007866	4.6
35	-0.067876	3.741291	2.090896	0.016194	2.8
36	-0.072447	4.740530	2.009728	0.020401	3.4
37	-0.059301	3.761800	2.089164	0.025839	7.0
38	-0.083281	2.783070	2.175138	0.016803	2.3
39	-0.072188	1.823884	2.266549	0.013825	3.0
40	-0.071253	2.822590	2.171530	0.043970	3.8
41	-0.077984	2.270960	2.223005	0.010507	5.4
42	-0.073080	3.269560	2.131537	0.020576	2.2
43	-0.074693	2.290832	2.221108	0.011413	3.8
44	-0.083380	1.312282	2.318519	0.011505	2.0
45	-0.069423	0.342799	2.423837	0.024704	5.6
46	-0.069560	0.000000	2.463403	0.010897	3.2
47	-0.063303	0.000000	2.463403	0.006252	3.0
48	-0.058860	0.000000	2.463403	0.006285	2.5
49	-0.068403	0.721936	2.381531	0.011267	4.8
50	-0.076832	0.000000	2.463403	0.022886	4.1
51	-0.067856	0.000000	2.463403	0.008068	3.0
52	-0.075116	0.000000	2.463403	0.009004	3.1
53	-0.084557	0.000000	2.463403	0.018076	3.9
54	-0.077712	0.000000	2.463403	0.026321	5.2
55	-0.079624	1.000000	2.351430	0.021356	2.6
56	-0.083915	2.000000	2.249194	0.010944	4.0
57	-0.065212	2.997812	2.155674	0.009419	2.7
58	-0.059306	2.045042	2.244798	0.017019	4.3
59	-0.076479	1.079749	2.342937	0.012643	3.6
60	-0.070495	2.045659	2.244738	0.010287	2.7
61	-0.070573	1.088392	2.342020	0.018269	2.6
62	-0.061617	0.110268	2.450535	0.005573	5.2
63	-0.064806	0.000000	2.463403	0.010921	2.6
64	-0.073275	0.414700	2.415699	0.013879	3.5
65	-0.077239	0.000000	2.463403	0.012960	4.6
66	-0.074388	0.999856	2.351445	0.021448	4.6
67	-0.078473	0.021137	2.460926	0.020180	3.9
68	-0.068217	0.000000	2.463403	0.026912	2.4
69	-0.065963	0.000000	2.463403	0.035284	4.1
70	-0.079047	0.000000	2.463403	0.046142	4.5
71	-0.068325	0.000000	2.463403	0.019956	2.3
72	-0.085074	0.000000	2.463403	0.014131	3.5
73	-0.082179	0.996497	2.351804	0.024604	3.3
74	-0.085770	0.021395	2.460896	0.022461	6.8
75	-0.062041	0.782935	2.374862	0.014916	2.0
76	-0.071263	1.782935	2.270623	0.011073	4.0
77	-0.068139	2.767143	2.176596	0.020126	4.2
78	-0.070956	3.712235	2.093354	0.007442	5.0
79	-0.064781	2.839228	2.170014	0.018451	4.1
80	-0.075328	1.865520	2.262422	0.015349	2.5
81	-0.051371	2.705608	2.182246	0.011663	7.1
82	-0.077789	3.703834	2.094066	0.008908	2.4
83	-0.080211	4.578610	2.022450	0.010303	3.2
84	-0.052621	3.861293	2.080803	0.015968	2.8
85	-0.072266	3.035227	2.152318	0.030284	6.8
86	-0.065682	2.056499	2.243682	0.022130	3.0
87	-0.072067	3.056499	2.150415	0.026749	3.8
88	-0.081477	2.077768	2.241614	0.021665	2.9
89	-0.078400	3.077603	2.148530	0.012325	9.2
90	-0.073673	2.098873	2.239566	0.017247	2.7
91	-0.074529	1.120143	2.338658	0.011223	3.3
92	-0.080153	0.141471	2.446919	0.029381	9.0
93	-0.076204	1.141471	2.336406	0.014188	11.9
94	-0.058190	1.991797	2.249996	0.022882	3.6
95	-0.068679	2.991795	2.156215	0.012445	3.7
96	-0.072556	2.016920	2.247541	0.013040	5.2
97	-0.065491	1.069511	2.344024	0.010860	5.8
98	-0.067443	0.099463	2.451790	0.032167	3.4
99	-0.059495	1.099462	2.340847	0.017310	3.5
100	-0.071296	2.099462	2.239509	0.022003	4.5
101	-0.087459	1.120732	2.338596	0.013634	4.2
102	-0.073371	0.382912	2.419290	0.010496	3.2
103	-0.088401	0.967959	2.354860	0.017317	5.0
104	-0.070325	1.938940	2.255181	0.025051	3.4
105	-0.083581	0.960210	2.355691	0.029379	4.4
106	-0.075443	1.957198	2.253387	0.023587	4.6
107	-0.072779	2.957198	2.159328	0.013946	8.7
108	-0.064008	3.944635	2.073851	0.049224	6.6
109	-0.083923	4.944635	1.993917	0.028704	7.6
110	-0.083358	5.944635	1.919917	0.020022	4.3
111	-0.079777	6.944635	1.851213	0.011436	4.1
112	-0.085906	7.944604	1.787257	0.019463	4.5
113	-0.068545	8.691437	1.742302	0.006768	5.3
114	-0.077441	9.691147	1.685550	0.025332	4.2
115	-0.068552	10.586789	1.637756	0.020064	4.6
116	-0.074410	11.586789	1.587498	0.009446	5.0
117	-0.074540	10.652965	1.634332	0.023941	4.3
118	-0.076033	11.648708	1.584487	0.025731	5.2
119	-0.064955	10.673262	1.633285	0.024667	4.8
120	-0.064633	11.673262	1.583296	0.018538	3.3
121	-0.083433	12.673262	1.536277	0.014095	3.5
122	-0.071344	13.669946	1.492113	0.019752	3.7
123	-0.071966	12.691215	1.535458	0.015997	3.5
124	-0.077226	11.725688	1.580760	0.022263	4.3
125	-0.077022	10.746957	1.629493	0.020229	4.6
126	-0.081945	11.689516	1.582509	0.013220	4.9
127	-0.074171	10.710812	1.631351	0.013477	5.2
128	-0.076175	11.710783	1.581480	0.027982	3.7
129	-0.066181	10.732053	1.630259	0.013689	2.7
130	-0.080254	9.753323	1.682142	0.009804	4.2
131	-0.071237	10.742914	1.629701	0.022684	4.2
132	-0.071585	9.784480	1.680440	0.009055	4.1
133	-0.069438	8.916739	1.729181	0.008863	5.7
134	-0.073244	9.625597	1.689158	0.033090	5.3
135	-0.098302	8.646868	1.744922	0.022654	3.8
136	-0.065832	9.646868	1.687985	0.021823	6.0
137	-0.066338	10.646868	1.634647	0.015069	4.4
138	-0.070834	9.668139	1.686814	0.008118	3.3
139	-0.078616	10.663578	1.633784	0.019046	3.7
140	-0.072867	11.663511	1.583769	0.013047	6.2
141	-0.079224	12.654335	1.537141	0.019058	2.9
142	-0.061948	11.675661	1.583180	0.012014	2.7
143	-0.075478	10.837225	1.624873	0.016303	5.7
144	-0.071033	11.836386	1.575431	0.015484	5.1
145	-0.076130	11.380635	1.597605	0.024868	2.4
146	-0.065326	10.402242	1.647381	0.016486	4.2
147	-0.068903	11.402240	1.596540	0.015844	6.7
148	-0.066329	12.316647	1.552721	0.013616	4.3
149	-0.074053	11.338005	1.599711	0.021532	2.9
150	-0.061864	12.331722	1.552019	0.017661	9.3
151	-0.084105	11.365517	1.598351	0.022164	2.6
152	-0.082561	12.365517	1.550447	0.020183	3.9
153	-0.073528	13.365443	1.505334	0.018468	2.9
154	-0.077048	12.386713	1.549463	0.021652	6.6
155	-0.066517	11.408089	1.596251	0.011841	2.6
156	-0.067425	12.228270	1.556851	0.017349	5.2
157	-0.070592	13.224575	1.511530	0.003640	6.4
158	-0.063679	12.546124	1.542099	0.011930	4.2
159	-0.069328	13.448970	1.501684	0.024806	4.1
160	-0.083448	12.839071	1.528749	0.017165	2.7
161	-0.076216	11.860341	1.574282	0.048350	6.2
162	-0.074793	10.881656	1.622609	0.021367	2.6
163	-0.080814	9.902925	1.673999	0.032486	3.6
164	-0.071580	10.902925	1.621527	0.017599	2.3
165	-0.066733	11.902925	1.572245	0.006881	7.1
166	-0.068393	12.872566	1.527238	0.017316	2.8
167	-0.069794	11.940098	1.570471	0.026182	5.2
168	-0.073406	10.961368	1.618562	0.021944	7.0
169	-0.055355	9.982638	1.669692	0.011807	4.0
170	-0.080351	9.564541	1.692532	0.036206	3.3
171	-0.080786	10.551162	1.639606	0.019362	2.7
172	-0.072950	11.551162	1.589235	0.019673	5.9
173	-0.072168	12.551150	1.541868	0.008546	2.5
174	-0.089269	11.572446	1.588197	0.023934	3.0
175	-0.061546	10.733480	1.630186	0.040320	3.7
176	-0.067858	11.733480	1.580384	0.015727	12.2
177	-0.070013	10.754750	1.629094	0.019092	11.8
178	-0.057628	11.384567	1.597411	0.008833	6.0
179	-0.069791	12.124419	1.561732	0.019012	4.3
180	-0.066184	13.121397	1.516100	0.019387	7.3
181	-0.065405	12.143616	1.560827	0.023086	4.0
182	-0.069725	13.143616	1.515114	0.023857	2.3
183	-0.082232	12.164886	1.559826	0.033276	6.5
184	-0.072943	11.186156	1.607258	0.018396	2.6
185	-0.066031	10.505357	1.641989	0.020138	4.6
186	-0.065270	9.815215	1.678764	0.010344	7.5
187	-0.074727	8.936326	1.728050	0.015498	3.9
188	-0.073612	9.933369	1.672351	0.027737	3.5
189	-0.082787	8.975438	1.725795	0.011354	2.5
190	-0.079194	7.996708	1.784046	0.015974	6.4
191	-0.068602	8.995562	1.724637	0.011947	3.0
192	-0.072922	9.985836	1.669520	0.012079	2.8
193	-0.065617	9.011719	1.723709	0.027821	3.2
194	-0.069052	8.033013	1.781815	0.007200	6.3
195	-0.072795	7.227956	1.832632	0.016327	2.5
196	-0.080231	8.120440	1.776466	0.009902	4.9
197	-0.074222	9.080829	1.719748	0.026248	3.6
198	-0.072053	8.188350	1.772332	0.023805	6.4
199	-0.077943	9.188350	1.713623	0.018091	3.0
200	-0.073690	8.209619	1.771042	0.008847	2.9
201	-0.075779	7.231379	1.832410	0.028000	3.4
202	-0.089107	8.230961	1.769749	0.025153	4.2
203	-0.068539	9.225553	1.711514	0.015979	2.8
204	-0.088733	8.246824	1.768789	0.017719	3.4
205	-0.070294	7.268160	1.830026	0.014260	4.3
206	-0.069580	8.268160	1.767500	0.018470	3.6
207	-0.087050	7.289430	1.828650	0.020426	3.9
208	-0.075597	6.455891	1.884166	0.037469	3.9
209	-0.079446	5.477160	1.953814	0.032322	5.8
210	-0.078328	6.477160	1.882708	0.027028	4.2
211	-0.081955	7.477160	1.816595	0.035705	5.8
212	-0.067037	8.477160	1.754968	0.020602	13.1
213	-0.069987	7.531140	1.813158	0.030209	3.1
214	-0.056831	8.531140	1.751760	0.018263	4.7
215	-0.065342	9.531124	1.694384	0.014067	3.5
216	-0.082543	10.498209	1.642362	0.020255	4.6
217	-0.073387	9.519478	1.695031	0.023157	5.3
218	-0.064932	10.519478	1.641254	0.013465	3.8
219	-0.071200	9.561457	1.692703	0.014378	2.7
220	-0.059044	10.440312	1.645386	0.027297	4.4
221	-0.072021	11.440310	1.594666	0.013831	5.6
222	-0.072483	12.440310	1.546979	0.023189	2.9
223	-0.081192	13.440106	1.502070	0.021634	2.3
224	-0.081884	12.461376	1.546005	0.027650	3.9
225	-0.052922	13.461300	1.501147	0.016220	6.3
226	-0.062288	12.482569	1.545027	0.013539	3.4
227	-0.083071	13.482414	1.500227	0.015900	2.2
228	-0.072088	14.482307	1.457951	0.023808	6.1
229	-0.067482	13.553843	1.497126	0.011254	4.8
230	-0.074020	12.589023	1.540130	0.015059	4.0
231	-0.073445	13.565497	1.496621	0.016134	2.4
232	-0.073379	14.565400	1.454545	0.007690	5.7
233	-0.079897	15.216465	1.428396	0.018769	4.5
234	-0.070990	14.257655	1.467241	0.014262	2.2
235	-0.078113	13.284022	1.508909	0.022754	2.9
236	-0.074507	12.390420	1.549290	0.037961	5.4
237	-0.060698	13.390419	1.504240	0.025854	5.1
238	-0.071542	12.411688	1.548304	0.011346	3.0
239	-0.089532	13.411687	1.503311	0.019025	7.4
240	-0.065919	12.445532	1.546738	0.011502	5.6
241	-0.070104	13.444940	1.501859	0.027338	3.2
242	-0.091264	12.466222	1.545781	0.027903	5.1
243	-0.060686	11.487491	1.592350	0.018570	6.2
244	-0.071840	12.487491	1.544799	0.008038	2.5
245	-0.080931	11.514502	1.591027	0.021740	2.1
246	-0.071494	10.535811	1.640404	0.017180	4.2
247	-0.068185	11.535811	1.589985	0.011855	4.1
248	-0.072706	12.427487	1.547573	0.020301	6.8
249	-0.063762	12.272873	1.554764	0.014863	3.9
250	-0.069175	11.407927	1.596259	0.009760	5.4
251	-0.070552	12.371312	1.550178	0.024235	5.3
252	-0.067416	13.370369	1.505118	0.028120	2.9
253	-0.076200	12.394226	1.549114	0.015854	3.0
254	-0.064958	13.370850	1.505097	0.013499	4.3
255	-0.069309	14.370749	1.462549	0.009916	3.5
256	-0.065131	14.467492	1.458560	0.018375	5.7
257	-0.074350	15.467403	1.418567	0.021085	3.5
258	-0.086645	16.467379	1.380707	0.014576	3.9
259	-0.076040	15.505581	1.417084	0.010847	4.0
260	-0.063815	14.614185	1.452552	0.025092	4.0
261	-0.079604	15.613999	1.412887	0.021815	6.3
262	-0.064300	14.635269	1.451693	0.007636	3.4
263	-0.062905	13.725076	1.489744	0.018233	3.5
264	-0.067334	12.747120	1.532915	0.014868	2.7
265	-0.076152	13.747120	1.488798	0.015018	7.1
266	-0.062624	12.775829	1.531612	0.015815	2.9
267	-0.086161	13.758830	1.488297	0.016106	2.1
268	-0.067766	12.902996	1.525867	0.023752	4.1
269	-0.077481	11.928667	1.571016	0.017899	12.5
270	-0.075591	10.950620	1.619107	0.017608	3.9
271	-0.081777	11.950620	1.569969	0.019160	5.5
272	-0.070066	12.950619	1.523727	0.025648	5.0
273	-0.075369	11.971889	1.568956	0.011531	2.6
274	-0.074733	10.993176	1.616953	0.023654	4.9
275	-0.068470	11.993168	1.567945	0.022054	4.4
276	-0.073705	12.993168	1.521819	0.017654	3.6
277	-0.074212	13.977514	1.478992	0.013904	3.0
278	-0.073719	13.000576	1.521488	0.018929	8.0
279	-0.078891	14.000472	1.478022	0.020649	6.0
280	-0.079196	15.000472	1.436966	0.012994	3.2
281	-0.062423	14.043800	1.476194	0.012931	8.0
282	-0.076303	13.161008	1.514342	0.016758	2.8
283	-0.067016	14.160695	1.471287	0.009623	3.4
284	-0.069559	13.182652	1.513383	0.011187	2.5
285	-0.077334	13.979760	1.478897	0.014825	6.9
286	-0.072821	13.399907	1.503826	0.019264	2.8
287	-0.085610	12.421197	1.547864	0.016081	2.9
288	-0.076309	13.421197	1.502895	0.020679	3.2
289	-0.074337	12.442649	1.546871	0.011411	4.8
290	-0.070796	11.702429	1.581884	0.023988	3.5
291	-0.079493	10.723701	1.630688	0.009725	3.4
292	-0.079944	11.722826	1.580898	0.011553	3.9
293	-0.075846	12.572645	1.540881	0.007889	4.8
294	-0.062396	11.912224	1.571801	0.009352	3.9
295	-0.080021	11.918259	1.571513	0.023166	3.6
296	-0.071171	10.942142	1.619536	0.012594	4.8
297	-0.067452	11.942117	1.570374	0.009407	3.6
298	-0.077125	12.925428	1.524858	0.010346	4.0
299	-0.087204	13.885853	1.482878	0.036133	3.0
300	-0.074952	14.885675	1.441563	0.017013	3.2
301	-0.070655	15.885675	1.402481	0.013323	3.5
302	-0.071237	16.884270	1.365513	0.008818	4.9
303	-0.058761	15.923058	1.401061	0.010553	3.2
304	-0.077642	14.957917	1.438667	0.012419	7.8
305	-0.079614	15.740341	1.408029	0.016207	4.6
306	-0.067925	16.731014	1.371059	0.010769	3.7
307	-0.081515	17.725790	1.335840	0.010797	3.2
308	-0.069415	18.672998	1.303946	0.006953	6.1
309	-0.072183	19.277235	1.284385	0.014740	4.2
310	-0.070290	20.274028	1.253366	0.011251	3.4
311	-0.065934	19.367785	1.281504	0.015354	4.7
312	-0.062803	18.418205	1.312375	0.011029	3.8
313	-0.082734	17.441404	1.345722	0.005954	3.5
314	-0.058878	16.640669	1.374350	0.015652	4.6
315	-0.067659	17.637724	1.338885	0.014812	5.9
316	-0.062604	18.637280	1.305121	0.033816	4.6
317	-0.081557	17.658551	1.338163	0.018822	3.2
318	-0.072900	16.679821	1.372922	0.024266	3.9
319	-0.062973	15.721868	1.408737	0.040885	3.7
320	-0.076492	16.721868	1.371392	0.024999	4.1
321	-0.083523	17.721868	1.335975	0.020783	3.6
322	-0.058971	18.721868	1.302342	0.003903	4.3
323	-0.071220	19.586862	1.274586	0.016058	4.0
324	-0.080283	20.530785	1.245617	0.010994	2.7
325	-0.066529	19.553987	1.275620	0.026413	2.3
326	-0.069715	18.672320	1.303969	0.022326	5.9
327	-0.080871	17.693615	1.336951	0.016645	4.3
328	-0.066925	18.607331	1.306108	0.016473	2.8
329	-0.063184	19.568328	1.275169	0.013447	2.2
330	-0.061139	20.567048	1.244531	0.020256	4.7
331	-0.074898	19.646851	1.272705	0.020571	6.5
332	-0.072098	20.646851	1.242146	0.046505	2.7
333	-0.078222	21.646851	1.213019	0.042253	2.4
334	-0.074700	22.646851	1.185228	0.017321	5.3
335	-0.063586	23.646851	1.158681	0.030368	4.0
336	-0.092921	22.668121	1.184650	0.012942	3.2
337	-0.070182	21.689391	1.211811	0.008500	2.6
338	-0.071928	20.812032	1.237239	0.029074	4.5
339	-0.058822	19.833633	1.266884	0.011587	4.6
340	-0.069936	18.854905	1.297995	0.021158	3.4
341	-0.073201	19.854902	1.266224	0.022796	2.6
342	-0.060907	20.854774	1.235975	0.023093	4.7
343	-0.078217	19.876050	1.265569	0.015008	4.1
344	-0.062911	18.897397	1.296612	0.014605	2.5
345	-0.090919	17.918791	1.329215	0.017565	3.6
346	-0.071663	16.963199	1.362674	0.020662	3.1
347	-0.077752	15.984469	1.398735	0.033810	5.2
348	-0.073227	15.005739	1.436756	0.047445	3.7
349	-0.084216	16.005739	1.397931	0.010882	3.3
350	-0.081224	15.027008	1.435908	0.022182	4.6
351	-0.074895	16.019471	1.397412	0.021639	4.2
352	-0.045836	15.040742	1.435361	0.013970	2.4
353	-0.071645	16.040742	1.396610	0.016384	4.4
354	-0.066764	17.040448	1.359907	0.010352	4.4
355	-0.091016	16.840100	1.367107	0.030933	3.8
356	-0.067011	15.929844	1.400804	0.024127	2.7
357	-0.073866	14.951114	1.438939	0.033791	3.9
358	-0.076150	15.951114	1.399997	0.005256	4.1
359	-0.072286	15.978514	1.398960	0.030717	4.2
360	-0.074641	15.190394	1.429425	0.022004	2.3
361	-0.073515	14.211663	1.469157	0.016215	4.0
362	-0.072472	15.211663	1.428586	0.020691	5.3
363	-0.079525	16.211663	1.390195	0.016804	4.6
364	-0.067919	15.232941	1.427747	0.013848	3.7
365	-0.066441	14.623684	1.452165	0.022171	4.9
366	-0.074467	15.620372	1.412642	0.050193	5.3
367	-0.063091	16.620372	1.375092	0.020351	2.4
368	-0.068548	17.620372	1.339486	0.018370	2.6
369	-0.076786	18.620372	1.305678	0.021498	10.6
370	-0.078677	17.641696	1.338747	0.022546	3.3
371	-0.067058	18.641695	1.304976	0.008913	4.8
372	-0.072825	17.662965	1.338011	0.027168	7.1
373	-0.076775	18.661454	1.304326	0.013943	2.8
374	-0.084831	19.661432	1.272249	0.040326	4.3
375	-0.051033	18.682701	1.303627	0.007966	5.5
376	-0.064180	19.276169	1.284419	0.023312	3.9
377	-0.080550	18.317846	1.315725	0.006172	2.8
378	-0.070371	19.317723	1.283095	0.014618	4.6
379	-0.077661	20.062109	1.259834	0.018582	5.0
380	-0.076617	19.137287	1.288863	0.029860	3.9
381	-0.077695	18.453297	1.311208	0.025103	2.7
382	-0.074164	17.612395	1.339763	0.014782	4.3
383	-0.070188	16.633664	1.374606	0.013213	4.0
384	-0.071628	16.217142	1.389990	0.029252	4.5
385	-0.083028	15.238994	1.427508	0.015771	5.0
386	-0.070278	14.260434	1.467125	0.007522	3.3
387	-0.065918	15.249702	1.427086	0.018443	5.7
388	-0.077112	14.871500	1.442133	0.034818	4.0
389	-0.070790	15.871500	1.403020	0.028731	5.7
390	-0.071042	14.892770	1.441278	0.018927	5.9
391	-0.076285	15.892770	1.402211	0.002370	3.1
392	-0.072741	16.083959	1.394982	0.017216	5.4
393	-0.078617	15.963414	1.399531	0.016429	4.9
394	-0.064434	14.984684	1.437597	0.015575	3.8
395	-0.070911	14.007402	1.477729	0.019118	4.7
396	-0.082269	13.028672	1.520231	0.018457	3.5
397	-0.081619	14.028672	1.476832	0.010013	5.6
398	-0.084663	13.540440	1.497707	0.013075	2.8
399	-0.084559	12.646861	1.537482	0.011901	4.4
400	-0.074886	13.520470	1.498573	0.014217	5.0
401	-0.065061	12.542701	1.542257	0.021294	3.9
402	-0.066788	11.569122	1.588359	0.030250	5.9
403	-0.059514	10.590392	1.637569	0.009799	7.2
404	-0.070970	9.611662	1.689927	0.007816	3.9
405	-0.073975	10.525059	1.640963	0.016814	4.8
406	-0.072168	9.666061	1.686929	0.013938	5.2
407	-0.068726	10.566576	1.638805	0.015604	3.2
408	-0.075202	9.589426	1.691155	0.018316	4.5
409	-0.075784	8.610695	1.747053	0.014865	5.3
410	-0.060192	7.631969	1.806773	0.017943	2.9
411	-0.072427	6.653240	1.870720	0.014136	4.6
412	-0.065292	7.652682	1.805467	0.010559	7.4
413	-0.074596	6.674348	1.869293	0.013599	4.0
414	-0.068226	6.022453	1.914388	0.007658	4.2
415	-0.062466	5.048058	1.986001	0.019188	9.3
416	-0.079480	6.047845	1.912591	0.018738	8.1
417	-0.066299	5.069117	1.984396	0.009579	8.2
418	-0.078396	6.068670	1.911119	0.014330	10.6
419	-0.085683	5.101762	1.981914	0.018374	4.6
420	-0.084276	4.127136	2.058789	0.009819	6.3
421	-0.071556	5.065954	1.984637	0.037127	8.3
422	-0.077315	4.102208	2.060833	0.011528	3.7
423	-0.066544	4.628169	2.018539	0.019867	3.7
424	-0.064359	3.729064	2.091930	0.009559	4.9
425	-0.070583	3.165337	2.140730	0.009806	2.7
426	-0.059359	2.903543	2.164175	0.023314	2.7
427	-0.076538	1.929385	2.256121	0.009928	3.3
428	-0.068332	2.924822	2.162251	0.026603	4.4
429	-0.067769	3.924822	2.075500	0.008436	3.5
430	-0.065019	4.914602	1.996228	0.010580	4.4
431	-0.077103	5.830122	1.928111	0.023267	5.1
432	-0.061464	5.141925	1.978870	0.027308	6.0
433	-0.078473	4.163195	2.055838	0.017145	3.5
434	-0.075202	5.163195	1.977261	0.026437	3.2
435	-0.081900	4.184622	2.054089	0.022402	3.2
436	-0.072641	5.184622	1.975643	0.012046	3.8
437	-0.080772	6.184622	1.902968	0.026522	3.7
438	-0.081938	7.183700	1.835510	0.026051	3.2
439	-0.061910	6.204970	1.901544	0.021315	2.8
440	-0.073880	7.204964	1.834126	0.028682	2.8
441	-0.065516	6.226233	1.900059	0.013523	2.7
442	-0.070238	7.226211	1.832745	0.028189	3.4
443	-0.071392	6.247505	1.898576	0.018340	2.6
444	-0.062673	5.268774	1.969314	0.023211	2.6
445	-0.074222	4.290183	2.045515	0.015994	2.5
446	-0.070336	5.290174	1.967711	0.016965	2.3
447	-0.081379	6.290159	1.895609	0.020104	2.6
448	-0.068492	7.243269	1.831639	0.017084	2.4
449	-0.068395	6.319143	1.893597	0.023110	2.4
450	-0.080219	5.378745	1.961104	0.012932	2.3
451	-0.076838	6.378256	1.889509	0.007504	2.6
452	-0.067626	7.340357	1.825364	0.012121	2.6
453	-0.075832	8.326159	1.764004	0.010163	2.7
454	-0.076228	9.314790	1.706476	0.025821	2.6
455	-0.070530	10.307730	1.652354	0.020657	2.5
456	-0.077134	9.329000	1.705676	0.012791	2.7
457	-0.059918	8.350270	1.762555	0.025550	2.4
458	-0.076939	9.350270	1.704481	0.020798	2.4
459	-0.080217	8.371539	1.761278	0.023080	2.5
460	-0.059655	9.094481	1.718968	0.010559	2.5
461	-0.071746	10.071313	1.664927	0.011619	4.0
462	-0.069484	11.066158	1.613273	0.019349	4.0
463	-0.069750	11.824151	1.576018	0.029748	5.2
464	-0.065428	10.845421	1.624455	0.021401	4.3
465	-0.081684	11.845421	1.574998	0.021898	3.6
466	-0.063176	12.845421	1.528463	0.034863	3.8
467	-0.068074	11.866690	1.573978	0.015159	5.4
468	-0.075722	10.888583	1.622256	0.015686	4.1
469	-0.082198	9.910083	1.673611	0.028501	3.6
470	-0.072856	8.931371	1.728336	0.028544	4.3
471	-0.071009	7.952641	1.786761	0.020747	6.2
472	-0.073068	6.973910	1.849275	0.013550	3.1
473	-0.064768	7.855225	1.792794	0.014766	4.3
474	-0.086095	8.525021	1.752123	0.017150	2.8
475	-0.072437	7.546291	1.812195	0.019484	2.2
476	-0.065263	8.546291	1.750861	0.031248	5.8
477	-0.071095	9.546290	1.693543	0.015824	3.9
478	-0.065112	10.546290	1.639859	0.022647	3.8
479	-0.080587	9.607533	1.690155	0.014359	2.7
480	-0.076468	10.607526	1.636682	0.020807	5.8
481	-0.075151	11.605700	1.586577	0.031071	4.0
482	-0.082204	10.626970	1.635676	0.024617	4.4
483	-0.072358	9.648239	1.687910	0.014982	5.6
484	-0.079711	10.648239	1.634576	0.005464	4.8
485	-0.077376	9.854708	1.676615	0.013773	4.0
486	-0.077678	10.736517	1.630030	0.015224	2.8
487	-0.068312	9.927829	1.672651	0.009444	5.5
488	-0.092714	10.926520	1.620329	0.012994	4.1
489	-0.073105	9.970593	1.670341	0.019588	4.6
490	-0.072091	10.320867	1.651661	0.026072	3.4
491	-0.075624	11.320867	1.600559	0.012724	4.8
492	-0.078305	12.320867	1.552524	0.026738	3.9
493	-0.078165	13.152467	1.514721	0.011580	4.2
494	-0.091073	12.173749	1.559410	0.009124	3.7
495	-0.081233	11.203223	1.606406	0.020665	4.0
496	-0.073095	12.200717	1.558143	0.014478	4.4
497	-0.075267	12.782195	1.531323	0.009898	4.0
498	-0.083580	13.747723	1.488773	0.019557	5.7
499	-0.088035	12.770125	1.531871	0.014989	4.2
Time spent in resolution 0 (ITK initialization and iterating): 3.255 s.
Stopping condition: Maximum number of iterations has been reached.
Settings of AdaptiveStochasticGradientDescent in resolution 0:
( SP_a 51.731459 )
( SP_A 20.000000 )
( SP_alpha 1.000000 )
( SigmoidMax 1.000000 )
( SigmoidMin -0.978730 )
( SigmoidScale 0.000012 )



=============== start of TransformParameterFile ===============
(Transform "EulerTransform")
(NumberOfParameters 6)
(TransformParameters 0.001156 0.003484 -0.001717 3.466799 0.858625 19.517938)
(InitialTransformParametersFileName "NoInitialTransform")
(UseBinaryFormatForTransformationParameters "false")
(HowToCombineTransforms "Compose")

// Image specific
(FixedImageDimension 3)
(MovingImageDimension 3)
(FixedInternalImagePixelType "float")
(MovingInternalImagePixelType "float")
(Size 198 198 28)
(Index 0 0 0)
(Spacing 1.2121212482 1.2121212482 3.0000000000)
(Origin -128.2547607422 -103.7698287964 114.5813980103)
(Direction 1.0000000000 0.0000000000 0.0000000000 0.0000000000 1.0000000000 0.0000000000 0.0000000000 0.0000000000 1.0000000000)
(UseDirectionCosines "false")

// EulerTransform specific
(CenterOfRotationPoint -8.8608177900 15.6241141558 155.0813980103)
(ComputeZYX "false")

// ResampleInterpolator specific
(ResampleInterpolator "FinalBSplineInterpolator")
(FinalBSplineInterpolationOrder 3)

// Resampler specific
(Resampler "DefaultResampler")
(DefaultPixelValue 0.000000)
(ResultImageFormat "nii.gz")
(ResultImagePixelType "short")
(CompressResultImage "false")

=============== end of TransformParameterFile ===============

Creating the TransformParameterFile took 0.00s

Registration result checksum: 3988793917

Skipping applying final transform, no resulting output image generated.

Final metric value  = -0.088035
Settings of AdaptiveStochasticGradientDescent for all resolutions:
( SP_a 51.731459 )
( SP_A 20.000000 )
( SP_alpha 1.000000 )
( SigmoidMax 1.000000 )
( SigmoidMin -0.978730 )
( SigmoidScale 0.000012 )

Time spent on saving the results, applying the final transform etc.: 2 ms.
Running elastix with parameter file 0: "/Users/sakinkirti/Programming/Python/CCIPD/racial-disparity-pca/code_matlab/rigid.txt", has finished.


Current time: Mon May 23 08:28:43 2022.
Time used for running elastix with this parameter file:
  3.4s.

-------------------------------------------------------------------------

Total time elapsed: 3.5s.

