
elastix is started at Mon May 23 13:30:53 2022.

which elastix:   /Users/sakinkirti/Programming/Python/CCIPD/racial-disparity-pca/code_matlab/elastix-5.0.0-mac/bin/elastix
elastix runs at: Sakins-MBP.hsd1.ca.comcast.net
  macOS 12.3.1 (x64), 21E258
  with 8192 MB memory, and 2 cores @ 2300 MHz.
-------------------------------------------------------------------------

Running elastix with parameter file 0: "/Users/sakinkirti/Programming/Python/CCIPD/racial-disparity-pca/code_matlab/rigid.txt".

Current time: Mon May 23 13:30:53 2022.
Reading the elastix parameters from file ...

Installing all components.
InstallingComponents was successful.

ELASTIX version: 5.000
Command line options from ElastixBase:
-f        /Users/sakinkirti/Programming/Python/CCIPD/racial-disparity-pca/dataset/to_nifti_cleaned/prostate-001225/T2W.nii.gz
-m        /Users/sakinkirti/Programming/Python/CCIPD/racial-disparity-pca/dataset/to_nifti_cleaned/prostate-001225/ADC.nii.gz
-fMask    unspecified, so no fixed mask used
-mMask    unspecified, so no moving mask used
-out      /Users/sakinkirti/Programming/Python/CCIPD/racial-disparity-pca/dataset/to_nifti_cleaned/prostate-001225/
-p        /Users/sakinkirti/Programming/Python/CCIPD/racial-disparity-pca/code_matlab/rigid.txt
-threads  unspecified, so all available threads are used
Command line options from TransformBase:
-t0       unspecified, so no initial transform used

=============== start of ParameterFile: /Users/sakinkirti/Programming/Python/CCIPD/racial-disparity-pca/code_matlab/rigid.txt ===============
// Example parameter file for rotation registration
// C-style comments: //

// The internal pixel type, used for internal computations
// Leave to float in general. 
// NB: this is not the type of the input images! The pixel 
// type of the input images is automatically read from the 
// images themselves.
// This setting can be changed to "short" to save some memory
// in case of very large 3D images.
(FixedInternalImagePixelType "float")
(MovingInternalImagePixelType "float")

// The dimensions of the fixed and moving image
// Up to elastix 4.5 this had to be specified by the user.
// From elastix 4.6, this is not necessary anymore.
//(FixedImageDimension 3)
//(MovingImageDimension 3)

// Specify whether you want to take into account the so-called
// direction cosines of the images. Recommended: true.
// In some cases, the direction cosines of the image are corrupt,
// due to image format conversions for example. In that case, you 
// may want to set this option to "false".
(UseDirectionCosines "false")

// **************** Main Components **************************

// The following components should usually be left as they are:
(Registration "MultiResolutionRegistration")
(Interpolator "BSplineInterpolator")
(ResampleInterpolator "FinalBSplineInterpolator")
(Resampler "DefaultResampler")

// These may be changed to Fixed/MovingSmoothingImagePyramid.
// See the manual.
(FixedImagePyramid "FixedRecursiveImagePyramid")
(MovingImagePyramid "MovingRecursiveImagePyramid")

// The following components are most important:
// The optimizer AdaptiveStochasticGradientDescent (ASGD) works
// quite ok in general. The Transform and Metric are important
// and need to be chosen careful for each application. See manual.
(Optimizer "AdaptiveStochasticGradientDescent")
(Transform "EulerTransform")
(Metric "AdvancedMattesMutualInformation")

// ***************** Transformation **************************

// Scales the rotations compared to the translations, to make
// sure they are in the same range. In general, it's best to  
// use automatic scales estimation:
(AutomaticScalesEstimation "true")

// Automatically guess an initial translation by aligning the
// geometric centers of the fixed and moving.
(AutomaticTransformInitialization "true")

// Whether transforms are combined by composition or by addition.
// In generally, Compose is the best option in most cases.
// It does not influence the results very much.
(HowToCombineTransforms "Compose")

// ******************* Similarity measure *********************

// Number of grey level bins in each resolution level,
// for the mutual information. 16 or 32 usually works fine.
// You could also employ a hierarchical strategy:
//(NumberOfHistogramBins 16 32 64)
(NumberOfHistogramBins 32)

// If you use a mask, this option is important. 
// If the mask serves as region of interest, set it to false.
// If the mask indicates which pixels are valid, then set it to true.
// If you do not use a mask, the option doesn't matter.
(ErodeMask "false")

// ******************** Multiresolution **********************

// The number of resolutions. 1 Is only enough if the expected
// deformations are small. 3 or 4 mostly works fine. For large
// images and large deformations, 5 or 6 may even be useful.
(NumberOfResolutions 1)

// The downsampling/blurring factors for the image pyramids.
// By default, the images are downsampled by a factor of 2
// compared to the next resolution.
// So, in 2D, with 4 resolutions, the following schedule is used:
//(ImagePyramidSchedule 8 8  4 4  2 2  1 1 )
// And in 3D:
//(ImagePyramidSchedule 8 8 8  4 4 4  2 2 2  1 1 1 )
// You can specify any schedule, for example:
//(ImagePyramidSchedule 4 4  4 3  2 1  1 1 )
// Make sure that the number of elements equals the number
// of resolutions times the image dimension.

// ******************* Optimizer ****************************

// Maximum number of iterations in each resolution level:
// 200-500 works usually fine for rigid registration.
// For more robustness, you may increase this to 1000-2000.
(MaximumNumberOfIterations 500)

// The step size of the optimizer, in mm. By default the voxel size is used.
// which usually works well. In case of unusual high-resolution images
// (eg histology) it is necessary to increase this value a bit, to the size
// of the "smallest visible structure" in the image:
//(MaximumStepLength 1.0)

// **************** Image sampling **********************

// Number of spatial samples used to compute the mutual
// information (and its derivative) in each iteration.
// With an AdaptiveStochasticGradientDescent optimizer,
// in combination with the two options below, around 2000
// samples may already suffice.
(NumberOfSpatialSamples 2000)

// Refresh these spatial samples in every iteration, and select
// them randomly. See the manual for information on other sampling
// strategies.
(NewSamplesEveryIteration "true")
(ImageSampler "Random")

// ************* Interpolation and Resampling ****************

// Order of B-Spline interpolation used during registration/optimisation.
// It may improve accuracy if you set this to 3. Never use 0.
// An order of 1 gives linear interpolation. This is in most 
// applications a good choice.
(BSplineInterpolationOrder 1)

// Order of B-Spline interpolation used for applying the final
// deformation.
// 3 gives good accuracy; recommended in most cases.
// 1 gives worse accuracy (linear interpolation)
// 0 gives worst accuracy, but is appropriate for binary images
// (masks, segmentations); equivalent to nearest neighbor interpolation.
(FinalBSplineInterpolationOrder 3)

//Default pixel value for pixels that come from outside the picture:
(DefaultPixelValue 0)

// Choose whether to generate the deformed moving image.
// You can save some time by setting this to false, if you are
// only interested in the final (nonrigidly) deformed moving image
// for example.
(WriteResultImage "false")

// The pixel type and format of the resulting deformed moving image
(ResultImagePixelType "short")
(ResultImageFormat "nii.gz")




=============== end of ParameterFile: /Users/sakinkirti/Programming/Python/CCIPD/racial-disparity-pca/code_matlab/rigid.txt ===============


Reading images...
Reading images took 120 ms.

WARNING: the fixed pyramid schedule is not fully specified!
  A default pyramid schedule is used.
WARNING: the moving pyramid schedule is not fully specified!
  A default pyramid schedule is used.
WARNING: The parameter "AutomaticTransformInitializationMethod", requested at entry number 0, does not exist at all.
  The default value "GeometricalCenter" is used instead.
Transform parameters are initialized as: [0, 0, 0, -5.67022567987442, 2.35858291387558, -0.5998001098632812]
Scales are estimated automatically.
Scales for transform parameters are: [3909.801125732052, 3909.8011257320395, 4417.602251464013, 1, 1, 1]
Initialization of all components (before registration) took: 18 ms.
Preparation of the image pyramids took: 16 ms.

Resolution: 0
WARNING: The parameter "ShowExactMetricValue", requested at entry number 0, does not exist at all.
  The default value "false" is used instead.
WARNING: The parameter "CheckNumberOfSamples", requested at entry number 0, does not exist at all.
  The default value "true" is used instead.
WARNING: The parameter "UseMultiThreadingForMetrics", requested at entry number 0, does not exist at all.
  The default value "true" is used instead.
Setting the fixed masks took: 0 ms.
Setting the moving masks took: 0 ms.
WARNING: The parameter "NumberOfFixedHistogramBins", requested at entry number 0, does not exist at all.
  The default value "32" is used instead.
WARNING: The parameter "NumberOfMovingHistogramBins", requested at entry number 0, does not exist at all.
  The default value "32" is used instead.
WARNING: The parameter "FixedLimitRangeRatio", requested at entry number 0, does not exist at all.
  The default value "0.01" is used instead.
WARNING: The parameter "MovingLimitRangeRatio", requested at entry number 0, does not exist at all.
  The default value "0.01" is used instead.
WARNING: The parameter "FixedKernelBSplineOrder", requested at entry number 0, does not exist at all.
  The default value "0" is used instead.
WARNING: The parameter "MovingKernelBSplineOrder", requested at entry number 0, does not exist at all.
  The default value "3" is used instead.
WARNING: The parameter "UseFastAndLowMemoryVersion", requested at entry number 0, does not exist at all.
  The default value "true" is used instead.
WARNING: The parameter "UseJacobianPreconditioning", requested at entry number 0, does not exist at all.
  The default value "false" is used instead.
WARNING: The parameter "FiniteDifferenceDerivative", requested at entry number 0, does not exist at all.
  The default value "false" is used instead.
WARNING: The parameter "SP_A", requested at entry number 0, does not exist at all.
  The default value "20" is used instead.
WARNING: The parameter "MaximumNumberOfSamplingAttempts", requested at entry number 0, does not exist at all.
  The default value "0" is used instead.
WARNING: The parameter "SigmoidInitialTime", requested at entry number 0, does not exist at all.
  The default value "0" is used instead.
WARNING: The parameter "MaxBandCovSize", requested at entry number 0, does not exist at all.
  The default value "192" is used instead.
WARNING: The parameter "NumberOfBandStructureSamples", requested at entry number 0, does not exist at all.
  The default value "10" is used instead.
WARNING: The parameter "UseAdaptiveStepSizes", requested at entry number 0, does not exist at all.
  The default value "true" is used instead.
WARNING: The parameter "AutomaticParameterEstimation", requested at entry number 0, does not exist at all.
  The default value "true" is used instead.
WARNING: The parameter "UseConstantStep", requested at entry number 0, does not exist at all.
  The default value "false" is used instead.
WARNING: The parameter "MaximumStepLengthRatio", requested at entry number 0, does not exist at all.
  The default value "1" is used instead.
WARNING: The parameter "MaximumStepLength", requested at entry number 0, does not exist at all.
  The default value "1.10714" is used instead.
WARNING: The parameter "NumberOfGradientMeasurements", requested at entry number 0, does not exist at all.
  The default value "0" is used instead.
WARNING: The parameter "NumberOfJacobianMeasurements", requested at entry number 0, does not exist at all.
  The default value "1000" is used instead.
WARNING: The parameter "NumberOfSamplesForExactGradient", requested at entry number 0, does not exist at all.
  The default value "100000" is used instead.
WARNING: The parameter "SigmoidScaleFactor", requested at entry number 0, does not exist at all.
  The default value "0.1" is used instead.
Elastix initialization of all components (for this resolution) took: 1 ms.
  Computing the fixed image extrema took 12 ms.
  Computing the moving image extrema took 5 ms.
Initialization of AdvancedMattesMutualInformation metric took: 76 ms.
Starting automatic parameter estimation for AdaptiveStochasticGradientDescent ...
WARNING: The parameter "ASGDParameterEstimationMethod", requested at entry number 0, does not exist at all.
  The default value "Original" is used instead.
  Computing JacobianTerms ...
  Computing the Jacobian terms took 0.004107s
  NumberOfGradientMeasurements to estimate sigma_i: 6
  Sampling gradients ...
  Sampling the gradients took 0.940730s
Automatic parameter estimation took 0.95s
1:ItNr	2:Metric	3a:Time	3b:StepSize	4:||Gradient||	Time[ms]
0	-0.087414	0.000000	11.208200	0.010489	1036.4
1	-0.084813	0.000000	11.208200	0.015281	4.7
2	-0.088955	0.000000	11.208200	0.010905	6.5
3	-0.081135	0.769783	10.811876	0.008898	8.2
4	-0.078927	0.768515	10.812506	0.012204	5.2
5	-0.083674	0.000000	11.208200	0.010855	7.4
6	-0.087523	0.918127	10.738701	0.012805	5.8
7	-0.090487	0.036546	11.188729	0.013689	6.9
8	-0.082740	1.034157	10.682152	0.020469	8.2
9	-0.082664	0.152984	11.127140	0.014064	7.8
10	-0.083893	0.000000	11.208200	0.012364	5.7
11	-0.100613	0.998763	10.699338	0.016984	5.6
12	-0.088895	0.117297	11.145944	0.009522	7.2
13	-0.091086	0.000000	11.208200	0.011255	6.6
14	-0.091737	0.000000	11.208200	0.020066	9.7
15	-0.089789	0.971649	10.712542	0.012772	6.0
16	-0.085886	1.939193	10.260701	0.008134	7.6
17	-0.081253	1.162766	10.620164	0.010709	4.9
18	-0.072818	2.155192	10.164986	0.006574	10.6
19	-0.090973	2.321234	10.092614	0.007853	25.1
20	-0.081365	2.933770	9.834314	0.013005	11.1
21	-0.077048	2.053931	10.209634	0.016799	14.4
22	-0.096232	1.173990	10.614788	0.010903	10.3
23	-0.079615	0.336578	11.031394	0.020513	15.6
24	-0.088616	0.000000	11.208200	0.018104	14.1
25	-0.085617	0.000000	11.208200	0.015712	11.4
26	-0.095628	0.000000	11.208200	0.012987	18.2
27	-0.089544	0.000000	11.208200	0.023248	16.4
28	-0.089915	0.000000	11.208200	0.011371	17.7
29	-0.091029	0.000000	11.208200	0.019371	10.0
30	-0.079531	0.000000	11.208200	0.017655	7.6
31	-0.096784	1.000000	10.698737	0.009340	17.6
32	-0.087929	1.229492	10.588285	0.013654	12.3
33	-0.077185	0.675051	10.859130	0.009260	16.5
34	-0.079739	0.000000	11.208200	0.011963	13.8
35	-0.070361	0.968574	10.714041	0.014987	7.1
36	-0.082117	1.968351	10.247675	0.010821	24.7
37	-0.096570	2.968336	9.820131	0.020785	13.7
38	-0.093727	3.967053	9.427312	0.011735	17.1
39	-0.082115	4.958963	9.067088	0.015048	7.8
40	-0.095292	5.957976	8.731079	0.003866	16.4
41	-0.089456	5.476891	8.889722	0.016857	10.8
42	-0.087393	5.092998	9.020512	0.012720	17.7
43	-0.086839	4.211413	9.335939	0.008297	11.9
44	-0.076958	3.423098	9.637279	0.010554	9.2
45	-0.086866	4.422330	9.258483	0.014263	16.8
46	-0.082439	3.546784	9.588718	0.010725	10.7
47	-0.101628	2.665202	9.945920	0.014872	15.9
48	-0.072185	3.665171	9.542695	0.009325	13.0
49	-0.083814	2.783913	9.896278	0.013717	21.4
50	-0.081493	3.782677	9.497449	0.015243	13.3
51	-0.087058	4.781525	9.129491	0.012317	20.7
52	-0.085962	5.049050	9.035731	0.015623	11.2
53	-0.078184	5.553461	8.864088	0.013032	14.7
54	-0.086693	4.671875	9.168485	0.010501	10.6
55	-0.082311	5.406630	8.913376	0.018220	6.9
56	-0.092998	4.525044	9.221226	0.020032	14.0
57	-0.075634	3.643471	9.551098	0.006521	10.1
58	-0.093946	4.106037	9.375124	0.012483	7.4
59	-0.084160	3.289936	9.690112	0.018889	15.5
60	-0.091784	4.242081	9.324596	0.005293	11.4
61	-0.079573	5.180807	8.990258	0.011431	8.1
62	-0.081573	5.274091	8.958339	0.012507	14.8
63	-0.087459	4.392640	9.269308	0.011461	10.2
64	-0.081430	3.511056	9.602695	0.015104	8.2
65	-0.088634	3.129055	9.754721	0.012356	17.0
66	-0.091750	4.129036	9.366544	0.014342	9.8
67	-0.089302	5.121038	9.010829	0.023069	12.0
68	-0.087600	6.121038	8.678584	0.009378	8.5
69	-0.089649	5.486470	8.886507	0.015575	8.2
70	-0.104574	6.483984	8.563977	0.017594	6.4
71	-0.089124	5.602773	8.847657	0.012081	11.6
72	-0.093679	6.602771	8.527122	0.010747	7.2
73	-0.091503	7.106345	8.374344	0.018616	9.9
74	-0.092180	6.225017	8.645438	0.022371	12.9
75	-0.083081	7.225017	8.339134	0.013087	10.9
76	-0.095896	8.222832	8.054394	0.010881	8.3
77	-0.102350	8.959573	7.856327	0.018581	13.8
78	-0.089001	8.080848	8.093719	0.010008	10.1
79	-0.079322	9.080848	7.824653	0.008930	9.0
80	-0.086140	8.203586	8.059702	0.014885	13.4
81	-0.096255	8.870151	7.879846	0.012698	11.2
82	-0.086203	9.865957	7.625625	0.014048	7.4
83	-0.082981	10.761174	7.410690	0.016649	16.8
84	-0.089776	10.125733	7.561981	0.005242	9.2
85	-0.083327	9.247428	7.781561	0.015178	6.8
86	-0.098776	8.369832	8.014081	0.016310	14.0
87	-0.082901	9.369832	7.750198	0.004923	12.1
88	-0.089944	9.085167	7.823530	0.011407	6.6
89	-0.092133	9.877509	7.622772	0.014875	11.7
90	-0.090226	10.877508	7.383645	0.011553	11.3
91	-0.090373	11.877508	7.159065	0.015592	8.4
92	-0.099732	12.633050	6.998241	0.010498	13.3
93	-0.099886	11.781382	7.180057	0.012692	10.2
94	-0.097230	11.150466	7.320958	0.008861	8.2
95	-0.094194	10.281334	7.524366	0.008953	13.6
96	-0.089297	11.280433	7.291482	0.010485	9.7
97	-0.084202	12.280267	7.072425	0.015641	8.2
98	-0.095375	13.252825	6.871614	0.010562	13.5
99	-0.088650	14.252825	6.676691	0.011223	9.9
100	-0.096268	15.252823	6.492521	0.014971	9.2
101	-0.098200	14.385322	6.651690	0.006887	11.1
102	-0.092652	15.380759	6.469689	0.003901	10.3
103	-0.098245	14.653760	6.601610	0.012681	8.3
104	-0.100918	14.771239	6.579929	0.012630	11.7
105	-0.090236	13.891163	6.745897	0.015665	11.9
106	-0.088206	13.010081	6.920660	0.012028	6.7
107	-0.082454	12.207353	7.087954	0.014776	11.1
108	-0.092103	11.325767	7.281257	0.013165	9.0
109	-0.086268	12.264628	7.075750	0.011492	13.6
110	-0.085739	13.239585	6.874272	0.016004	10.5
111	-0.086718	14.239570	6.679202	0.010698	15.9
112	-0.096505	15.239544	6.494900	0.015933	8.8
113	-0.091188	16.239534	6.320493	0.013928	14.7
114	-0.096716	15.357949	6.473748	0.011421	11.9
115	-0.099309	16.343369	6.302918	0.019433	14.8
116	-0.085754	17.338872	6.139257	0.010650	9.1
117	-0.096167	16.457287	6.283749	0.014084	8.9
118	-0.095400	15.576698	6.435032	0.006067	15.8
119	-0.089643	15.199653	6.502057	0.011555	13.7
120	-0.091726	16.177232	6.331085	0.009679	6.7
121	-0.078387	15.295651	6.484860	0.010508	13.6
122	-0.088174	14.557126	6.619551	0.011612	11.3
123	-0.092965	13.685904	6.785817	0.012185	10.4
124	-0.095962	14.645441	6.603150	0.017089	10.5
125	-0.089104	15.645441	6.422960	0.012843	10.8
126	-0.086063	14.763856	6.581287	0.014727	11.0
127	-0.094668	15.750076	6.404673	0.011310	11.8
128	-0.095208	14.935518	6.549849	0.016633	12.0
129	-0.095910	15.923497	6.374591	0.009199	13.0
130	-0.074585	16.923495	6.206501	0.009589	11.8
131	-0.098324	16.043130	6.354004	0.020246	7.8
132	-0.086958	17.043031	6.186999	0.025422	15.2
133	-0.084770	16.161445	6.333774	0.011854	12.0
134	-0.097520	15.279860	6.487682	0.008776	13.5
135	-0.091763	14.483892	6.633213	0.006941	11.3
136	-0.092617	13.905248	6.743175	0.005555	13.0
137	-0.091225	13.148093	6.892690	0.007172	14.5
138	-0.096813	12.734688	6.977157	0.010598	12.5
139	-0.099513	12.243872	7.080168	0.012818	13.4
140	-0.087119	11.377682	7.269582	0.011269	18.4
141	-0.085434	10.496098	7.473059	0.013451	8.3
142	-0.097061	9.614534	7.688250	0.010920	13.1
143	-0.092497	10.614534	7.445063	0.011977	8.8
144	-0.087692	11.603050	7.219331	0.013867	8.1
145	-0.104572	12.602922	7.004516	0.011059	14.7
146	-0.086452	13.594796	6.803688	0.015511	12.3
147	-0.078344	12.713212	6.981601	0.010110	11.9
148	-0.087846	12.139998	7.102360	0.005104	10.5
149	-0.092775	11.272429	7.293291	0.016331	11.8
150	-0.090694	10.621958	7.443315	0.014803	20.0
151	-0.100020	11.088368	7.335126	0.007398	11.1
152	-0.097596	12.088355	7.113445	0.011671	14.6
153	-0.092213	12.992386	6.924263	0.008665	14.7
154	-0.086666	12.111211	7.108535	0.008612	10.0
155	-0.092119	13.092130	6.904004	0.014990	15.5
156	-0.094452	12.539165	7.017831	0.014391	14.7
157	-0.077507	13.539165	6.814647	0.017629	17.9
158	-0.112232	14.471595	6.635512	0.011094	14.7
159	-0.096485	13.590012	6.804629	0.011791	15.7
160	-0.100706	14.587717	6.613861	0.025304	12.2
161	-0.093254	13.706137	6.781861	0.019798	16.5
162	-0.089540	12.824551	6.958620	0.025695	16.6
163	-0.087982	11.942966	7.144840	0.019078	18.3
164	-0.089382	12.942883	6.934361	0.017971	12.5
165	-0.090693	13.942883	6.735913	0.017106	13.4
166	-0.093834	13.061297	6.910254	0.017115	14.9
167	-0.080006	14.061287	6.713165	0.019046	7.2
168	-0.099208	13.179708	6.886314	0.012463	14.5
169	-0.089865	12.298798	7.068489	0.010760	11.0
170	-0.089405	13.298253	6.862513	0.013482	13.0
171	-0.094052	14.291302	6.669411	0.005196	9.3
172	-0.090529	15.178510	6.505857	0.016579	12.1
173	-0.089439	14.299205	6.667918	0.011350	11.1
174	-0.075010	13.417620	6.838712	0.011899	10.9
175	-0.082680	13.131041	6.896133	0.010049	10.2
176	-0.095718	12.252676	7.078294	0.010408	16.2
177	-0.096645	11.488535	7.244777	0.011589	13.7
178	-0.100939	12.488383	7.028473	0.019760	13.4
179	-0.091788	11.616218	7.216416	0.015430	8.5
180	-0.093567	12.616217	7.001746	0.016466	12.6
181	-0.091225	13.616217	6.799478	0.014762	14.4
182	-0.090881	12.739569	6.976147	0.009464	12.5
183	-0.104314	11.980851	7.136632	0.016552	9.4
184	-0.086700	11.991057	7.134424	0.005568	15.6
185	-0.098847	12.006179	7.131156	0.010623	13.6
186	-0.090762	12.897457	6.943654	0.014878	16.8
187	-0.104379	12.205332	7.088386	0.007507	11.6
188	-0.075991	11.324371	7.281571	0.016298	16.9
189	-0.088976	12.280336	7.072411	0.009153	17.5
190	-0.092115	11.412272	7.261824	0.005446	16.3
191	-0.090243	12.275576	7.073422	0.015678	12.9
192	-0.084678	13.172834	6.887699	0.021727	10.3
193	-0.104793	12.291249	7.070092	0.020700	9.6
194	-0.107718	11.409663	7.262408	0.017087	9.6
195	-0.087639	12.403410	7.046353	0.013520	11.4
196	-0.084641	11.658230	7.207133	0.023562	9.1
197	-0.089595	12.639660	6.996866	0.008844	9.2
198	-0.093672	11.770092	7.182531	0.012339	6.5
199	-0.100140	10.905534	7.377159	0.015681	13.4
200	-0.092061	10.024142	7.586744	0.014989	7.7
201	-0.090080	11.024090	7.349848	0.012448	8.5
202	-0.096330	10.281477	7.524332	0.020408	12.0
203	-0.082061	11.281477	7.291247	0.017937	6.5
204	-0.098421	10.399919	7.495949	0.013149	11.8
205	-0.097347	11.252216	7.297861	0.025523	13.2
206	-0.099645	10.370634	7.502947	0.007710	15.9
207	-0.089364	9.490225	7.719596	0.009255	17.1
208	-0.087309	10.335668	7.511319	0.017266	23.5
209	-0.101324	11.335653	7.279030	0.017101	28.8
210	-0.103821	12.335500	7.060707	0.012871	25.1
211	-0.097238	13.335500	6.855069	0.013358	19.6
212	-0.094224	12.456006	7.035275	0.010805	15.0
213	-0.093656	11.574607	7.225635	0.012914	10.1
214	-0.076770	12.546139	7.016372	0.014474	13.6
215	-0.100704	13.518347	6.818757	0.007442	14.3
216	-0.094922	12.636798	6.997462	0.009280	18.3
217	-0.100084	11.812820	7.173178	0.015105	13.6
218	-0.092080	10.933528	7.370692	0.011096	25.2
219	-0.104947	10.056057	7.578947	0.013092	16.4
220	-0.104293	9.174800	7.800290	0.011153	16.8
221	-0.091454	9.742515	7.656244	0.006835	8.8
222	-0.092136	8.862215	7.881941	0.012169	16.4
223	-0.094197	9.556490	7.702855	0.015996	11.8
224	-0.090334	8.674905	7.931692	0.015285	16.2
225	-0.094481	7.793824	8.174399	0.011941	13.5
226	-0.099202	6.912264	8.432573	0.014285	12.7
227	-0.096831	7.912264	8.140912	0.019191	16.4
228	-0.091198	7.030835	8.396903	0.011504	11.3
229	-0.094049	7.887942	8.147767	0.011941	14.7
230	-0.085082	8.813667	7.894775	0.015825	13.5
231	-0.088787	9.813638	7.638572	0.013767	12.8
232	-0.095231	10.813637	7.398469	0.011312	11.1
233	-0.074652	9.932051	7.609331	0.002810	9.1
234	-0.084926	10.799980	7.401646	0.008544	17.5
235	-0.105989	10.043060	7.582120	0.019487	13.1
236	-0.081671	11.040627	7.346055	0.012730	16.6
237	-0.097418	12.040626	7.123721	0.006168	15.8
238	-0.087285	11.183167	7.313519	0.018972	19.3
239	-0.096862	12.156505	7.098824	0.008826	11.6
240	-0.101642	11.396876	7.265275	0.008632	17.0
241	-0.093488	10.643531	7.438241	0.011058	14.2
242	-0.103388	11.643491	7.210387	0.009323	18.7
243	-0.085321	10.762303	7.410426	0.014276	11.5
244	-0.080979	11.577076	7.225087	0.005344	17.4
245	-0.088691	10.788166	7.404397	0.011468	11.9
246	-0.090658	9.908966	7.615014	0.019623	14.1
247	-0.110040	10.908966	7.376366	0.014192	10.5
248	-0.093345	11.908966	7.152221	0.020943	13.0
249	-0.114087	12.908966	6.941297	0.019602	20.4
250	-0.096888	12.027381	7.126578	0.009239	12.6
251	-0.092433	11.224528	7.304132	0.018860	15.7
252	-0.103835	10.343467	7.509450	0.018775	13.7
253	-0.090053	9.564117	7.700933	0.008711	15.5
254	-0.106174	8.708284	7.922780	0.013233	13.3
255	-0.102851	7.828203	8.164651	0.008174	14.2
256	-0.089769	8.828125	7.890949	0.011560	10.1
257	-0.094467	7.948232	8.130797	0.010538	10.6
258	-0.105274	7.066881	8.386119	0.011167	15.2
259	-0.080313	7.997861	8.116882	0.008986	12.1
260	-0.086129	7.116281	8.371385	0.014002	15.3
261	-0.094364	7.746413	8.187881	0.016934	12.8
262	-0.096274	7.284003	8.321743	0.012138	16.6
263	-0.097255	8.284003	8.037569	0.013940	15.6
264	-0.102723	9.283738	7.772231	0.009968	8.3
265	-0.088766	10.281533	7.524318	0.013304	18.2
266	-0.096758	9.428247	7.735319	0.012614	11.1
267	-0.078656	10.428247	7.489193	0.014603	17.2
268	-0.091267	9.553380	7.703639	0.007981	17.7
269	-0.087176	8.671913	7.932492	0.020501	15.5
270	-0.092504	7.794740	8.174139	0.009135	12.6
271	-0.106812	6.913156	8.432304	0.010594	14.7
272	-0.094307	6.311328	8.618116	0.011637	14.9
273	-0.085010	6.923673	8.429128	0.013335	9.8
274	-0.089023	6.042088	8.703921	0.015494	21.7
275	-0.074525	5.160502	8.997236	0.016208	8.2
276	-0.098121	6.160502	8.665974	0.017858	18.1
277	-0.102599	7.160502	8.358239	0.010455	13.5
278	-0.093863	6.286586	8.625931	0.009548	18.0
279	-0.090527	7.286016	8.321151	0.006381	11.6
280	-0.087620	8.270472	8.041285	0.011911	15.7
281	-0.102693	9.048496	7.833078	0.016054	15.1
282	-0.100038	8.166911	8.069837	0.017980	14.4
283	-0.097885	7.285325	8.321354	0.009878	12.9
284	-0.097180	8.276438	8.039646	0.009575	10.1
285	-0.092415	9.259558	7.778442	0.009586	21.6
286	-0.097092	9.029556	7.838018	0.017853	22.5
287	-0.092962	10.026663	7.586127	0.007899	15.3
288	-0.088044	10.996170	7.356262	0.018258	20.4
289	-0.105632	11.508721	7.240279	0.016803	12.6
290	-0.090053	10.627135	7.442097	0.015488	10.9
291	-0.109757	11.325311	7.281359	0.020922	16.1
292	-0.109012	10.443725	7.485506	0.013553	10.7
293	-0.115781	9.576065	7.697923	0.012956	17.6
294	-0.097811	9.359661	7.752794	0.021463	13.0
295	-0.105525	10.359249	7.505671	0.016613	21.5
296	-0.099180	9.477664	7.722777	0.014437	10.3
297	-0.092381	8.596078	7.952817	0.018113	23.6
298	-0.099690	7.714493	8.196983	0.017039	11.0
299	-0.108506	8.714493	7.921125	0.018650	18.9
300	-0.086941	9.714493	7.663229	0.013151	15.1
301	-0.096552	10.705349	7.423738	0.012116	11.4
302	-0.103377	11.686939	7.200803	0.005958	12.9
303	-0.101461	10.817232	7.397633	0.014168	16.1
304	-0.096503	11.815957	7.172492	0.006759	13.3
305	-0.100623	12.803084	6.963039	0.011162	18.0
306	-0.106617	13.532388	6.815984	0.015581	12.2
307	-0.112081	14.531888	6.624253	0.008716	13.4
308	-0.092424	13.650967	6.792659	0.011113	16.6
309	-0.092091	14.649770	6.602348	0.018466	10.5
310	-0.099480	13.768208	6.769754	0.011303	25.6
311	-0.096309	12.886624	6.945874	0.015718	24.7
312	-0.096673	13.886613	6.746777	0.014388	11.6
313	-0.088637	14.882749	6.559481	0.007703	15.5
314	-0.100162	14.134763	6.699126	0.020925	12.8
315	-0.102811	15.050674	6.528927	0.010737	17.0
316	-0.103808	14.171161	6.692193	0.015078	16.8
317	-0.117457	13.289576	6.864250	0.016525	25.1
318	-0.109654	14.281104	6.671339	0.019090	12.2
319	-0.114905	13.597891	6.803080	0.017332	18.0
320	-0.097857	14.597891	6.611971	0.011276	21.4
321	-0.097996	15.597890	6.431305	0.018367	11.7
322	-0.107383	14.716304	6.590049	0.010178	14.0
323	-0.100681	13.834719	6.756828	0.019201	16.2
324	-0.114699	14.834719	6.568273	0.013171	21.8
325	-0.116278	13.953133	6.733937	0.015090	11.5
326	-0.101370	14.953124	6.546641	0.007538	14.4
327	-0.099719	14.072718	6.710977	0.016380	14.6
328	-0.116960	15.058106	6.527581	0.009319	13.4
329	-0.099492	14.180025	6.690507	0.017218	14.7
330	-0.100926	13.345225	6.853128	0.010469	18.0
331	-0.097934	12.463640	7.033670	0.018363	12.3
332	-0.110938	13.463562	6.829596	0.020256	19.2
333	-0.098156	12.581979	7.008884	0.018835	12.6
334	-0.110317	13.581979	6.806210	0.013540	15.0
335	-0.089198	14.581979	6.614927	0.013702	15.4
336	-0.116905	13.700393	6.782984	0.010666	10.4
337	-0.093865	14.691110	6.594701	0.019348	16.7
338	-0.115979	13.809525	6.761718	0.016890	13.1
339	-0.101931	13.098166	6.902782	0.009167	17.6
340	-0.111165	12.364202	7.054633	0.016935	13.4
341	-0.092318	13.364201	6.849343	0.015931	19.8
342	-0.104171	14.364201	6.655663	0.016672	14.2
343	-0.104151	13.565466	6.809461	0.016501	15.8
344	-0.108383	12.683880	6.987681	0.018234	12.4
345	-0.100262	11.802295	7.175480	0.011073	17.9
346	-0.109164	12.802295	6.963202	0.016275	12.8
347	-0.112711	11.920710	7.149670	0.015946	21.8
348	-0.119163	11.039124	7.346400	0.013957	14.0
349	-0.097833	11.956107	7.141990	0.010972	20.3
350	-0.106763	12.947403	6.933438	0.012136	9.1
351	-0.122171	13.851710	6.753534	0.011795	16.5
352	-0.106849	12.970137	6.928798	0.010057	15.1
353	-0.111853	13.969914	6.730706	0.008741	18.2
354	-0.105851	13.126911	6.896968	0.013794	14.2
355	-0.110404	14.125648	6.700865	0.008948	25.3
356	-0.113922	13.244229	6.873339	0.017306	10.8
357	-0.098739	14.244226	6.678320	0.013247	24.2
358	-0.102388	13.362641	6.849654	0.011987	30.9
359	-0.111124	14.362641	6.655957	0.014233	15.8
360	-0.101166	15.362529	6.472933	0.011070	15.1
361	-0.124924	14.480944	6.633764	0.008271	8.5
362	-0.106693	14.102671	6.705251	0.013157	15.7
363	-0.124714	13.265885	6.868995	0.009776	18.3
364	-0.103067	14.265584	6.674275	0.009995	14.2
365	-0.098068	15.262501	6.490788	0.004622	13.3
366	-0.117577	15.114165	6.517448	0.009084	13.8
367	-0.097535	15.439185	6.459316	0.014439	14.5
368	-0.087777	16.076879	6.348221	0.020191	14.7
369	-0.110017	15.195293	6.502840	0.013433	14.3
370	-0.116827	14.313709	6.665179	0.020794	12.9
371	-0.109591	13.492245	6.823917	0.025191	13.3
372	-0.105693	14.492193	6.631661	0.013127	11.2
373	-0.112653	15.492193	6.449933	0.020189	13.0
374	-0.099456	14.617403	6.608348	0.009195	12.8
375	-0.112137	13.735820	6.776066	0.016599	10.4
376	-0.112903	14.665975	6.599349	0.015666	13.1
377	-0.101126	13.787880	6.765925	0.010796	13.8
378	-0.104228	12.911605	6.940757	0.015107	19.9
379	-0.101278	13.872031	6.749598	0.006343	15.3
380	-0.098863	14.122983	6.701373	0.017466	16.5
381	-0.104746	13.345698	6.853033	0.020581	14.9
382	-0.099644	12.464113	7.033571	0.014546	16.2
383	-0.126403	13.464113	6.829487	0.016296	13.9
384	-0.109346	12.582527	7.008770	0.016416	19.7
385	-0.099898	13.582527	6.806102	0.009677	13.4
386	-0.109102	14.571612	6.616855	0.011482	15.7
387	-0.104122	14.949943	6.547221	0.007949	12.6
388	-0.105438	15.832453	6.390348	0.017102	12.2
389	-0.122958	14.950867	6.547052	0.019759	16.1
390	-0.105366	15.950867	6.369870	0.013354	10.0
391	-0.111151	16.950867	6.202024	0.015930	12.7
392	-0.104713	17.950867	6.042798	0.012924	13.0
393	-0.120138	17.983575	6.037728	0.012120	8.8
394	-0.107032	18.974720	5.888026	0.010088	8.8
395	-0.110582	19.704326	5.782486	0.015986	7.4
396	-0.108170	19.710576	5.781598	0.015393	8.9
397	-0.127659	20.484792	5.673699	0.021850	9.0
398	-0.105298	20.612369	5.656304	0.013306	7.8
399	-0.116424	19.730784	5.778730	0.020004	7.5
400	-0.131424	20.730784	5.640254	0.013590	7.9
401	-0.102389	19.931094	5.750450	0.019202	12.2
402	-0.104163	19.049508	5.877031	0.016578	7.9
403	-0.097281	18.258419	5.995458	0.015638	8.5
404	-0.103350	17.376833	6.133185	0.021074	9.5
405	-0.110858	16.495248	6.277388	0.013162	7.8
406	-0.108069	17.495248	6.114319	0.011606	7.5
407	-0.105250	18.063342	6.025399	0.019269	10.0
408	-0.117255	17.182063	6.164471	0.013313	12.8
409	-0.118131	16.300478	6.310166	0.011736	16.3
410	-0.100649	17.300475	6.145412	0.010281	11.8
411	-0.101917	16.419756	6.290052	0.011594	17.0
412	-0.099654	15.929546	6.373547	0.014066	11.6
413	-0.101811	16.855006	6.217730	0.012321	14.8
414	-0.119146	17.810379	6.064672	0.012734	15.1
415	-0.107509	18.810379	5.912333	0.013012	10.1
416	-0.113091	17.928793	6.046224	0.015056	18.0
417	-0.105701	18.928793	5.894799	0.015980	17.7
418	-0.109382	19.928166	5.750861	0.010480	14.9
419	-0.114541	19.062113	5.875182	0.013357	10.3
420	-0.102423	20.055107	5.733080	0.017786	21.1
421	-0.106631	21.055104	5.596757	0.010171	8.6
422	-0.100580	20.173520	5.716592	0.019702	16.7
423	-0.103479	19.291978	5.841664	0.007666	10.1
424	-0.103503	18.411352	5.972193	0.017012	21.9
425	-0.103057	19.399153	5.826167	0.012536	15.3
426	-0.102741	18.569816	5.948276	0.023381	18.9
427	-0.097927	17.688230	6.083819	0.014926	12.7
428	-0.093805	16.807879	6.225480	0.013206	14.7
429	-0.108792	15.926293	6.374109	0.018095	14.1
430	-0.114557	15.044732	6.530003	0.023587	13.7
431	-0.117161	16.044703	6.353734	0.011386	16.7
432	-0.117550	15.163118	6.508626	0.016268	14.6
433	-0.110217	14.281534	6.671258	0.018009	13.4
434	-0.109005	15.281534	6.487383	0.017148	9.7
435	-0.095591	16.281534	6.313372	0.018745	15.5
436	-0.101019	15.399948	6.466279	0.011272	12.3
437	-0.093174	16.390843	6.294916	0.011530	21.0
438	-0.108282	15.509266	6.446917	0.017711	16.3
439	-0.096050	16.509250	6.275044	0.015603	14.6
440	-0.121260	15.628119	6.425998	0.015989	11.9
441	-0.106087	14.746534	6.584476	0.010972	15.0
442	-0.113880	15.746533	6.405290	0.012214	14.2
443	-0.115839	14.864952	6.562736	0.016355	14.5
444	-0.106256	15.828304	6.391068	0.009674	14.5
445	-0.107902	16.708113	6.241951	0.011076	14.9
446	-0.108708	17.707931	6.080723	0.016086	11.5
447	-0.107998	16.826392	6.222433	0.021643	12.5
448	-0.109932	15.944807	6.370915	0.010705	18.5
449	-0.117676	16.944807	6.203015	0.015659	16.8
450	-0.107859	16.064095	6.350410	0.017300	24.4
451	-0.104002	15.182515	6.505137	0.008440	18.0
452	-0.113835	14.300930	6.667592	0.014945	13.3
453	-0.101552	15.299145	6.484235	0.008297	19.9
454	-0.109341	15.582821	6.433954	0.020745	18.1
455	-0.126716	14.701278	6.592823	0.011236	16.8
456	-0.111034	15.701249	6.413193	0.014266	16.4
457	-0.100061	14.848468	6.565754	0.016696	15.9
458	-0.120775	15.848465	6.387571	0.011683	14.7
459	-0.110606	16.838544	6.220435	0.014629	15.0
460	-0.112901	17.779467	6.069506	0.010944	12.0
461	-0.111213	18.775321	5.917544	0.013929	14.9
462	-0.098192	17.926429	6.046591	0.018766	16.2
463	-0.108420	18.926429	5.895148	0.015733	9.2
464	-0.108962	19.926429	5.751105	0.013225	18.1
465	-0.121034	20.926426	5.613934	0.011903	12.5
466	-0.112222	21.801673	5.499136	0.014419	17.7
467	-0.106496	22.801673	5.373589	0.016869	15.2
468	-0.124968	23.801659	5.253649	0.011622	27.5
469	-0.107167	22.920127	5.359097	0.012160	21.7
470	-0.103729	23.829270	5.250414	0.012506	15.2
471	-0.098367	24.829268	5.135849	0.013770	24.3
472	-0.117567	25.829268	5.026177	0.011903	9.0
473	-0.111083	24.961676	5.121054	0.013804	18.8
474	-0.113285	25.961676	5.012006	0.008207	16.8
475	-0.103634	25.086703	5.107161	0.011681	22.2
476	-0.105125	24.205218	5.206749	0.012059	18.9
477	-0.107251	25.205204	5.094063	0.012757	15.7
478	-0.117559	24.323628	5.193146	0.013356	16.2
479	-0.108659	25.200237	5.094610	0.015627	12.6
480	-0.114388	26.200237	4.986674	0.018801	17.6
481	-0.100598	25.318651	5.081586	0.009943	10.7
482	-0.101365	24.585666	5.163294	0.011697	13.8
483	-0.100877	25.387220	5.074074	0.018855	15.2
484	-0.106191	24.761102	5.143500	0.012134	10.6
485	-0.101789	23.879516	5.244535	0.016351	11.3
486	-0.102810	23.002559	5.349057	0.016804	10.1
487	-0.108831	23.960398	5.235101	0.015496	8.7
488	-0.103589	23.081367	5.339494	0.011163	12.4
489	-0.112501	22.370004	5.427074	0.009892	10.3
490	-0.107280	21.914015	5.484740	0.012163	8.7
491	-0.102936	22.812374	5.372277	0.010740	9.8
492	-0.103705	21.999824	5.473795	0.003696	8.4
493	-0.110839	22.436733	5.418736	0.006899	10.5
494	-0.111559	22.350589	5.429504	0.013053	7.5
495	-0.101514	21.470341	5.542037	0.019757	9.9
496	-0.105324	22.470341	5.414547	0.014226	11.8
497	-0.103835	21.588756	5.526628	0.010554	23.5
498	-0.104630	20.709751	5.643098	0.012602	15.2
499	-0.106944	21.700311	5.512190	0.010948	24.5
Time spent in resolution 0 (ITK initialization and iterating): 8.125 s.
Stopping condition: Maximum number of iterations has been reached.
Settings of AdaptiveStochasticGradientDescent in resolution 0:
( SP_a 235.372205 )
( SP_A 20.000000 )
( SP_alpha 1.000000 )
( SigmoidMax 1.000000 )
( SigmoidMin -0.881586 )
( SigmoidScale 0.000007 )



=============== start of TransformParameterFile ===============
(Transform "EulerTransform")
(NumberOfParameters 6)
(TransformParameters 0.011356 0.002232 0.029896 -1.955703 -0.326150 -2.834079)
(InitialTransformParametersFileName "NoInitialTransform")
(UseBinaryFormatForTransformationParameters "false")
(HowToCombineTransforms "Compose")

// Image specific
(FixedImageDimension 3)
(MovingImageDimension 3)
(FixedInternalImagePixelType "float")
(MovingInternalImagePixelType "float")
(Size 224 224 45)
(Index 0 0 0)
(Spacing 0.7142857313 0.7142857313 3.0000000000)
(Origin -84.5638809204 -84.8559188843 62.0986938477)
(Direction 0.9994623353 0.0327878036 -0.0000183492 -0.0327878087 0.9994621639 -0.0005852723 -0.0000008504 0.0005855592 0.9999998286)
(UseDirectionCosines "false")

// EulerTransform specific
(CenterOfRotationPoint -4.9210218787 -5.2130598426 128.0986938477)
(ComputeZYX "false")

// ResampleInterpolator specific
(ResampleInterpolator "FinalBSplineInterpolator")
(FinalBSplineInterpolationOrder 3)

// Resampler specific
(Resampler "DefaultResampler")
(DefaultPixelValue 0.000000)
(ResultImageFormat "nii.gz")
(ResultImagePixelType "short")
(CompressResultImage "false")

=============== end of TransformParameterFile ===============

Creating the TransformParameterFile took 0.00s

Registration result checksum: 2045875797

Skipping applying final transform, no resulting output image generated.

Final metric value  = -0.106944
Settings of AdaptiveStochasticGradientDescent for all resolutions:
( SP_a 235.372205 )
( SP_A 20.000000 )
( SP_alpha 1.000000 )
( SigmoidMax 1.000000 )
( SigmoidMin -0.881586 )
( SigmoidScale 0.000007 )

Time spent on saving the results, applying the final transform etc.: 5 ms.
Running elastix with parameter file 0: "/Users/sakinkirti/Programming/Python/CCIPD/racial-disparity-pca/code_matlab/rigid.txt", has finished.


Current time: Mon May 23 13:31:02 2022.
Time used for running elastix with this parameter file:
  8.3s.

-------------------------------------------------------------------------

Total time elapsed: 8.4s.

