
elastix is started at Mon May 23 17:56:41 2022.

which elastix:   /Users/sakinkirti/Programming/Python/CCIPD/racial-disparity-pca/code_matlab/elastix-5.0.0-mac/bin/elastix
elastix runs at: Sakins-MBP.hsd1.ca.comcast.net
  macOS 12.3.1 (x64), 21E258
  with 8192 MB memory, and 2 cores @ 2300 MHz.
-------------------------------------------------------------------------

Running elastix with parameter file 0: "/Users/sakinkirti/Programming/Python/CCIPD/racial-disparity-pca/code_matlab/rigid.txt".

Current time: Mon May 23 17:56:41 2022.
Reading the elastix parameters from file ...

Installing all components.
InstallingComponents was successful.

ELASTIX version: 5.000
Command line options from ElastixBase:
-f        /Users/sakinkirti/Programming/Python/CCIPD/racial-disparity-pca/dataset/to_nifti_cleaned/prostate-000736/T2W.nii.gz
-m        /Users/sakinkirti/Programming/Python/CCIPD/racial-disparity-pca/dataset/to_nifti_cleaned/prostate-000736/ADC.nii.gz
-fMask    unspecified, so no fixed mask used
-mMask    unspecified, so no moving mask used
-out      /Users/sakinkirti/Programming/Python/CCIPD/racial-disparity-pca/dataset/to_nifti_cleaned/prostate-000736/
-p        /Users/sakinkirti/Programming/Python/CCIPD/racial-disparity-pca/code_matlab/rigid.txt
-threads  unspecified, so all available threads are used
Command line options from TransformBase:
-t0       unspecified, so no initial transform used

=============== start of ParameterFile: /Users/sakinkirti/Programming/Python/CCIPD/racial-disparity-pca/code_matlab/rigid.txt ===============
// Example parameter file for rotation registration
// C-style comments: //

// The internal pixel type, used for internal computations
// Leave to float in general. 
// NB: this is not the type of the input images! The pixel 
// type of the input images is automatically read from the 
// images themselves.
// This setting can be changed to "short" to save some memory
// in case of very large 3D images.
(FixedInternalImagePixelType "float")
(MovingInternalImagePixelType "float")

// The dimensions of the fixed and moving image
// Up to elastix 4.5 this had to be specified by the user.
// From elastix 4.6, this is not necessary anymore.
//(FixedImageDimension 3)
//(MovingImageDimension 3)

// Specify whether you want to take into account the so-called
// direction cosines of the images. Recommended: true.
// In some cases, the direction cosines of the image are corrupt,
// due to image format conversions for example. In that case, you 
// may want to set this option to "false".
(UseDirectionCosines "false")

// **************** Main Components **************************

// The following components should usually be left as they are:
(Registration "MultiResolutionRegistration")
(Interpolator "BSplineInterpolator")
(ResampleInterpolator "FinalBSplineInterpolator")
(Resampler "DefaultResampler")

// These may be changed to Fixed/MovingSmoothingImagePyramid.
// See the manual.
(FixedImagePyramid "FixedRecursiveImagePyramid")
(MovingImagePyramid "MovingRecursiveImagePyramid")

// The following components are most important:
// The optimizer AdaptiveStochasticGradientDescent (ASGD) works
// quite ok in general. The Transform and Metric are important
// and need to be chosen careful for each application. See manual.
(Optimizer "AdaptiveStochasticGradientDescent")
(Transform "EulerTransform")
(Metric "AdvancedMattesMutualInformation")

// ***************** Transformation **************************

// Scales the rotations compared to the translations, to make
// sure they are in the same range. In general, it's best to  
// use automatic scales estimation:
(AutomaticScalesEstimation "true")

// Automatically guess an initial translation by aligning the
// geometric centers of the fixed and moving.
(AutomaticTransformInitialization "true")

// Whether transforms are combined by composition or by addition.
// In generally, Compose is the best option in most cases.
// It does not influence the results very much.
(HowToCombineTransforms "Compose")

// ******************* Similarity measure *********************

// Number of grey level bins in each resolution level,
// for the mutual information. 16 or 32 usually works fine.
// You could also employ a hierarchical strategy:
//(NumberOfHistogramBins 16 32 64)
(NumberOfHistogramBins 32)

// If you use a mask, this option is important. 
// If the mask serves as region of interest, set it to false.
// If the mask indicates which pixels are valid, then set it to true.
// If you do not use a mask, the option doesn't matter.
(ErodeMask "false")

// ******************** Multiresolution **********************

// The number of resolutions. 1 Is only enough if the expected
// deformations are small. 3 or 4 mostly works fine. For large
// images and large deformations, 5 or 6 may even be useful.
(NumberOfResolutions 1)

// The downsampling/blurring factors for the image pyramids.
// By default, the images are downsampled by a factor of 2
// compared to the next resolution.
// So, in 2D, with 4 resolutions, the following schedule is used:
//(ImagePyramidSchedule 8 8  4 4  2 2  1 1 )
// And in 3D:
//(ImagePyramidSchedule 8 8 8  4 4 4  2 2 2  1 1 1 )
// You can specify any schedule, for example:
//(ImagePyramidSchedule 4 4  4 3  2 1  1 1 )
// Make sure that the number of elements equals the number
// of resolutions times the image dimension.

// ******************* Optimizer ****************************

// Maximum number of iterations in each resolution level:
// 200-500 works usually fine for rigid registration.
// For more robustness, you may increase this to 1000-2000.
(MaximumNumberOfIterations 500)

// The step size of the optimizer, in mm. By default the voxel size is used.
// which usually works well. In case of unusual high-resolution images
// (eg histology) it is necessary to increase this value a bit, to the size
// of the "smallest visible structure" in the image:
//(MaximumStepLength 1.0)

// **************** Image sampling **********************

// Number of spatial samples used to compute the mutual
// information (and its derivative) in each iteration.
// With an AdaptiveStochasticGradientDescent optimizer,
// in combination with the two options below, around 2000
// samples may already suffice.
(NumberOfSpatialSamples 2000)

// Refresh these spatial samples in every iteration, and select
// them randomly. See the manual for information on other sampling
// strategies.
(NewSamplesEveryIteration "true")
(ImageSampler "Random")

// ************* Interpolation and Resampling ****************

// Order of B-Spline interpolation used during registration/optimisation.
// It may improve accuracy if you set this to 3. Never use 0.
// An order of 1 gives linear interpolation. This is in most 
// applications a good choice.
(BSplineInterpolationOrder 1)

// Order of B-Spline interpolation used for applying the final
// deformation.
// 3 gives good accuracy; recommended in most cases.
// 1 gives worse accuracy (linear interpolation)
// 0 gives worst accuracy, but is appropriate for binary images
// (masks, segmentations); equivalent to nearest neighbor interpolation.
(FinalBSplineInterpolationOrder 3)

//Default pixel value for pixels that come from outside the picture:
(DefaultPixelValue 0)

// Choose whether to generate the deformed moving image.
// You can save some time by setting this to false, if you are
// only interested in the final (nonrigidly) deformed moving image
// for example.
(WriteResultImage "true")

// The pixel type and format of the resulting deformed moving image
(ResultImagePixelType "short")
(ResultImageFormat "nii.gz")




=============== end of ParameterFile: /Users/sakinkirti/Programming/Python/CCIPD/racial-disparity-pca/code_matlab/rigid.txt ===============


Reading images...
Reading images took 509 ms.

WARNING: the fixed pyramid schedule is not fully specified!
  A default pyramid schedule is used.
WARNING: the moving pyramid schedule is not fully specified!
  A default pyramid schedule is used.
WARNING: The parameter "AutomaticTransformInitializationMethod", requested at entry number 0, does not exist at all.
  The default value "GeometricalCenter" is used instead.
Transform parameters are initialized as: [0, 0, 0, -0.0000029355287551879883, -0.0000029355287551879883, 5.699997782707214]
Scales are estimated automatically.
Scales for transform parameters are: [3753.9387610829563, 3753.938761082969, 5479.877522165825, 1, 1, 1]
Initialization of all components (before registration) took: 11 ms.
Preparation of the image pyramids took: 40 ms.

Resolution: 0
WARNING: The parameter "ShowExactMetricValue", requested at entry number 0, does not exist at all.
  The default value "false" is used instead.
WARNING: The parameter "CheckNumberOfSamples", requested at entry number 0, does not exist at all.
  The default value "true" is used instead.
WARNING: The parameter "UseMultiThreadingForMetrics", requested at entry number 0, does not exist at all.
  The default value "true" is used instead.
Setting the fixed masks took: 0 ms.
Setting the moving masks took: 0 ms.
WARNING: The parameter "NumberOfFixedHistogramBins", requested at entry number 0, does not exist at all.
  The default value "32" is used instead.
WARNING: The parameter "NumberOfMovingHistogramBins", requested at entry number 0, does not exist at all.
  The default value "32" is used instead.
WARNING: The parameter "FixedLimitRangeRatio", requested at entry number 0, does not exist at all.
  The default value "0.01" is used instead.
WARNING: The parameter "MovingLimitRangeRatio", requested at entry number 0, does not exist at all.
  The default value "0.01" is used instead.
WARNING: The parameter "FixedKernelBSplineOrder", requested at entry number 0, does not exist at all.
  The default value "0" is used instead.
WARNING: The parameter "MovingKernelBSplineOrder", requested at entry number 0, does not exist at all.
  The default value "3" is used instead.
WARNING: The parameter "UseFastAndLowMemoryVersion", requested at entry number 0, does not exist at all.
  The default value "true" is used instead.
WARNING: The parameter "UseJacobianPreconditioning", requested at entry number 0, does not exist at all.
  The default value "false" is used instead.
WARNING: The parameter "FiniteDifferenceDerivative", requested at entry number 0, does not exist at all.
  The default value "false" is used instead.
WARNING: The parameter "SP_A", requested at entry number 0, does not exist at all.
  The default value "20" is used instead.
WARNING: The parameter "MaximumNumberOfSamplingAttempts", requested at entry number 0, does not exist at all.
  The default value "0" is used instead.
WARNING: The parameter "SigmoidInitialTime", requested at entry number 0, does not exist at all.
  The default value "0" is used instead.
WARNING: The parameter "MaxBandCovSize", requested at entry number 0, does not exist at all.
  The default value "192" is used instead.
WARNING: The parameter "NumberOfBandStructureSamples", requested at entry number 0, does not exist at all.
  The default value "10" is used instead.
WARNING: The parameter "UseAdaptiveStepSizes", requested at entry number 0, does not exist at all.
  The default value "true" is used instead.
WARNING: The parameter "AutomaticParameterEstimation", requested at entry number 0, does not exist at all.
  The default value "true" is used instead.
WARNING: The parameter "UseConstantStep", requested at entry number 0, does not exist at all.
  The default value "false" is used instead.
WARNING: The parameter "MaximumStepLengthRatio", requested at entry number 0, does not exist at all.
  The default value "1" is used instead.
WARNING: The parameter "MaximumStepLength", requested at entry number 0, does not exist at all.
  The default value "0.851136" is used instead.
WARNING: The parameter "NumberOfGradientMeasurements", requested at entry number 0, does not exist at all.
  The default value "0" is used instead.
WARNING: The parameter "NumberOfJacobianMeasurements", requested at entry number 0, does not exist at all.
  The default value "1000" is used instead.
WARNING: The parameter "NumberOfSamplesForExactGradient", requested at entry number 0, does not exist at all.
  The default value "100000" is used instead.
WARNING: The parameter "SigmoidScaleFactor", requested at entry number 0, does not exist at all.
  The default value "0.1" is used instead.
Elastix initialization of all components (for this resolution) took: 1 ms.
  Computing the fixed image extrema took 76 ms.
  Computing the moving image extrema took 7 ms.
Initialization of AdvancedMattesMutualInformation metric took: 106 ms.
Starting automatic parameter estimation for AdaptiveStochasticGradientDescent ...
WARNING: The parameter "ASGDParameterEstimationMethod", requested at entry number 0, does not exist at all.
  The default value "Original" is used instead.
  Computing JacobianTerms ...
  Computing the Jacobian terms took 0.003562s
  NumberOfGradientMeasurements to estimate sigma_i: 6
  Sampling gradients ...
  Sampling the gradients took 0.814767s
Automatic parameter estimation took 0.82s
1:ItNr	2:Metric	3a:Time	3b:StepSize	4:||Gradient||	Time[ms]
0	-0.292859	0.000000	11.980123	0.018436	932.0
1	-0.271258	0.000000	11.980123	0.024302	6.1
2	-0.284993	0.000000	11.980123	0.022680	9.1
3	-0.308412	0.000000	11.980123	0.017143	6.6
4	-0.307918	0.000000	11.980123	0.025557	6.6
5	-0.283154	0.000000	11.980123	0.015596	6.2
6	-0.292731	0.000000	11.980123	0.025468	6.0
7	-0.309300	0.000000	11.980123	0.017482	8.2
8	-0.307607	0.000000	11.980123	0.015531	6.7
9	-0.298276	0.000000	11.980123	0.016601	9.4
10	-0.307528	0.000000	11.980123	0.023331	6.8
11	-0.277336	0.000000	11.980123	0.016857	8.3
12	-0.294865	0.000000	11.980123	0.011749	7.6
13	-0.309740	0.159473	11.889833	0.017943	9.0
14	-0.330792	0.000000	11.980123	0.008281	8.5
15	-0.321680	0.000000	11.980123	0.023372	9.8
16	-0.297809	0.000000	11.980123	0.016831	7.9
17	-0.321189	0.000000	11.980123	0.017101	8.8
18	-0.327969	0.999902	11.435623	0.008713	8.0
19	-0.324603	0.911726	11.481642	0.016043	5.6
20	-0.314513	0.518118	11.691663	0.009243	5.6
21	-0.310851	1.518029	11.172496	0.017056	5.5
22	-0.336689	1.124755	11.371090	0.014057	5.5
23	-0.325342	0.730979	11.577140	0.018880	5.7
24	-0.353038	1.730979	11.067829	0.016365	5.9
25	-0.318643	1.337207	11.262939	0.010602	5.5
26	-0.358827	2.130604	10.876611	0.017863	4.5
27	-0.338790	3.126149	10.427797	0.021588	5.2
28	-0.331424	4.125983	10.012846	0.012146	5.8
29	-0.324012	5.125983	9.629593	0.010312	5.4
30	-0.338070	5.581297	9.464647	0.020301	5.0
31	-0.316602	5.187588	9.606940	0.015370	5.3
32	-0.318636	4.819741	9.743808	0.024407	5.5
33	-0.319290	4.425941	9.894721	0.026370	7.1
34	-0.343031	5.425941	9.520289	0.015616	4.7
35	-0.337631	6.425941	9.173162	0.009208	5.6
36	-0.342445	6.032144	9.306794	0.020025	4.6
37	-0.321280	5.653891	9.438869	0.009437	4.7
38	-0.328394	6.487594	9.152587	0.014330	5.8
39	-0.318475	7.089616	8.956427	0.022620	5.9
40	-0.346323	6.695817	9.083776	0.020863	7.8
41	-0.283048	7.695817	8.767222	0.013226	7.5
42	-0.329745	8.695817	8.471988	0.007270	7.9
43	-0.300134	8.303277	8.585476	0.025966	10.0
44	-0.298460	7.911056	8.701951	0.021860	7.5
45	-0.303457	8.911056	8.411023	0.020665	8.9
46	-0.334920	8.517257	8.523238	0.016560	12.3
47	-0.332025	8.123461	8.638485	0.026374	5.9
48	-0.301828	7.729663	8.756893	0.022285	8.6
49	-0.287443	8.729663	8.462342	0.021143	7.2
50	-0.332770	9.709868	8.192239	0.017993	9.3
51	-0.369019	10.709868	7.933890	0.011569	7.1
52	-0.304447	11.709668	7.691383	0.021533	8.9
53	-0.340508	11.315869	7.785110	0.013643	6.5
54	-0.338550	10.922130	7.881134	0.014553	7.3
55	-0.325453	11.922103	7.641753	0.011420	5.3
56	-0.321065	12.922090	7.416483	0.028939	6.2
57	-0.325049	12.699319	7.465510	0.025661	5.5
58	-0.346920	13.699319	7.250361	0.024796	5.5
59	-0.340972	13.305519	7.333589	0.017987	5.0
60	-0.328396	14.305519	7.125871	0.011291	4.8
61	-0.358152	15.305512	6.929598	0.013853	5.8
62	-0.324775	16.127629	6.776156	0.013385	5.1
63	-0.348905	17.024545	6.616321	0.029853	5.2
64	-0.305884	16.630746	6.685560	0.012838	4.6
65	-0.313822	16.236946	6.756263	0.017838	6.2
66	-0.333487	17.231672	6.580476	0.018026	5.3
67	-0.342278	18.204280	6.417223	0.014619	4.9
68	-0.326623	19.204280	6.257607	0.012700	6.2
69	-0.368534	20.190174	6.107830	0.012810	4.3
70	-0.326334	21.190174	5.963061	0.011230	4.6
71	-0.333717	21.997430	5.851108	0.025071	6.5
72	-0.324460	22.997429	5.718120	0.009878	5.1
73	-0.315432	23.061485	5.709807	0.015437	5.1
74	-0.317491	23.585717	5.642672	0.009140	4.6
75	-0.305523	23.192448	5.692886	0.015157	6.2
76	-0.315766	24.037296	5.586094	0.009114	8.2
77	-0.323531	24.709818	5.503907	0.014861	7.5
78	-0.300969	25.290123	5.434909	0.017812	8.6
79	-0.330167	24.898892	5.481234	0.013120	7.6
80	-0.316591	24.514149	5.527569	0.018402	7.9
81	-0.367449	25.420718	5.419619	0.017943	8.5
82	-0.298337	26.418755	5.305550	0.019448	8.7
83	-0.318696	27.334915	5.204987	0.016306	11.3
84	-0.309481	28.088168	5.125117	0.024997	13.2
85	-0.338435	29.087960	5.022816	0.016942	6.6
86	-0.316847	30.087906	4.924504	0.015270	5.3
87	-0.349630	31.087903	4.829962	0.027946	4.4
88	-0.294353	32.087902	4.738982	0.020964	5.7
89	-0.304120	31.694103	4.774397	0.019064	7.9
90	-0.334807	32.687085	4.686091	0.014927	7.6
91	-0.308572	32.447256	4.707119	0.011063	6.8
92	-0.324780	32.085293	4.739215	0.013721	7.6
93	-0.329009	31.692151	4.774574	0.010735	7.1
94	-0.301662	31.298361	4.810525	0.017070	9.0
95	-0.356060	32.208560	4.728235	0.021869	7.0
96	-0.347412	31.814837	4.763483	0.014066	6.2
97	-0.309258	32.814414	4.675004	0.019435	7.2
98	-0.303116	33.665040	4.602258	0.017994	5.6
99	-0.345357	34.665040	4.519580	0.020917	7.5
100	-0.319788	35.665040	4.439820	0.008309	10.3
101	-0.314476	35.271247	4.470891	0.019921	6.7
102	-0.315280	34.888998	4.501469	0.020193	5.5
103	-0.293081	34.495199	4.533412	0.012277	7.9
104	-0.291852	35.486543	4.453850	0.012921	6.1
105	-0.329190	36.486533	4.376374	0.021123	7.8
106	-0.315660	37.438262	4.305101	0.014317	7.1
107	-0.354667	37.044462	4.334308	0.009823	4.6
108	-0.317572	37.850834	4.274920	0.012922	5.0
109	-0.327177	38.844433	4.203943	0.008734	5.1
110	-0.309617	38.450792	4.231779	0.016969	5.1
111	-0.327534	38.741507	4.211186	0.019680	6.1
112	-0.341454	38.348946	4.239041	0.009310	4.2
113	-0.294548	37.995686	4.264424	0.015538	4.6
114	-0.346790	37.601961	4.293075	0.021123	5.5
115	-0.323319	38.601961	4.221046	0.015683	4.6
116	-0.299512	38.208162	4.249120	0.011756	5.7
117	-0.307183	39.159600	4.181919	0.018881	5.0
118	-0.323754	40.159505	4.113549	0.011833	4.6
119	-0.304652	39.765963	4.140189	0.020266	4.7
120	-0.331933	39.439809	4.162531	0.015770	5.7
121	-0.324766	40.439809	4.094781	0.023322	4.9
122	-0.298810	40.046009	4.121196	0.020396	5.3
123	-0.313476	39.652210	4.147954	0.021495	5.0
124	-0.321930	40.652210	4.080674	0.011139	5.0
125	-0.296903	41.646635	4.015899	0.026062	4.3
126	-0.327332	42.646635	3.952803	0.005514	5.0
127	-0.328732	42.273076	3.976140	0.019723	5.7
128	-0.309338	41.954796	3.996242	0.012212	4.4
129	-0.311591	42.954762	3.933759	0.019344	5.3
130	-0.326886	43.922484	3.875123	0.013228	5.7
131	-0.322344	43.970409	3.872264	0.020713	6.6
132	-0.308420	43.576655	3.895875	0.014697	6.5
133	-0.313372	44.576585	3.836470	0.019068	7.2
134	-0.308363	45.575873	3.778885	0.009246	7.3
135	-0.313368	46.489331	3.727739	0.013849	6.1
136	-0.327645	46.110176	3.748799	0.020539	7.4
137	-0.335600	47.110136	3.693761	0.028835	6.7
138	-0.300827	48.110136	3.640314	0.012885	6.5
139	-0.334671	47.716353	3.661175	0.019539	9.5
140	-0.323724	48.015318	3.645315	0.023335	8.5
141	-0.326468	47.621519	3.666235	0.008056	7.1
142	-0.319458	47.420290	3.677017	0.013233	12.5
143	-0.326315	48.228082	3.634112	0.024847	6.2
144	-0.328788	49.228082	3.582365	0.017765	7.1
145	-0.326476	50.227856	3.532081	0.022021	7.0
146	-0.286479	51.227856	3.483180	0.015588	5.9
147	-0.316056	50.834062	3.502274	0.022872	6.3
148	-0.331262	51.834062	3.454189	0.018657	5.2
149	-0.300068	52.834062	3.407406	0.016131	7.3
150	-0.317825	53.834062	3.361873	0.022951	5.7
151	-0.341531	53.440262	3.379657	0.029952	5.7
152	-0.314869	54.440262	3.334858	0.015450	4.8
153	-0.298947	54.046463	3.352358	0.020885	5.4
154	-0.327837	53.658880	3.369761	0.014420	5.9
155	-0.309542	54.658880	3.325222	0.020425	5.0
156	-0.312592	54.958317	3.312114	0.013421	5.1
157	-0.322126	55.956650	3.269147	0.024517	5.2
158	-0.324990	56.931794	3.228241	0.011243	4.2
159	-0.324835	56.556091	3.243879	0.018689	6.3
160	-0.331870	56.162372	3.260431	0.015999	6.2
161	-0.302075	57.162372	3.218717	0.013686	4.7
162	-0.320223	56.768573	3.235016	0.023302	6.3
163	-0.312953	56.728769	3.236673	0.010773	5.4
164	-0.298809	56.334999	3.253153	0.010273	5.5
165	-0.322659	57.334721	3.211636	0.021873	5.8
166	-0.296193	56.940925	3.227862	0.017165	4.3
167	-0.284366	57.940924	3.186973	0.016355	5.4
168	-0.333544	58.940922	3.147106	0.018452	4.1
169	-0.356195	59.842567	3.112006	0.017208	4.2
170	-0.298820	60.834321	3.074292	0.025943	6.5
171	-0.317373	60.440522	3.089157	0.014290	5.0
172	-0.330405	60.046722	3.104167	0.016822	4.0
173	-0.293311	60.420873	3.089903	0.009975	5.4
174	-0.325171	60.027075	3.104920	0.009282	4.5
175	-0.315241	61.010740	3.067679	0.013129	3.8
176	-0.297075	60.618980	3.082403	0.017793	5.2
177	-0.308391	60.263796	3.095875	0.011576	5.2
178	-0.324945	61.262630	3.058285	0.014666	4.8
179	-0.326095	60.868833	3.072996	0.023238	5.8
180	-0.342923	60.475033	3.087849	0.007312	5.4
181	-0.328509	60.099474	3.102148	0.018854	5.1
182	-0.310449	60.896617	3.071953	0.024754	5.5
183	-0.300538	61.896617	3.034896	0.019728	5.8
184	-0.312448	62.896617	2.998721	0.012450	4.5
185	-0.327238	63.895360	2.963443	0.023912	5.2
186	-0.319531	63.501620	2.977252	0.007220	4.9
187	-0.313268	63.111319	2.991067	0.010831	4.2
188	-0.313600	64.110393	2.955956	0.021224	5.1
189	-0.322152	63.965829	2.960986	0.016359	5.4
190	-0.317327	64.908239	2.928504	0.014137	4.7
191	-0.350154	64.514446	2.941989	0.019366	4.1
192	-0.327030	65.514446	2.907984	0.014023	5.9
193	-0.302408	66.514446	2.874755	0.009406	4.2
194	-0.321653	66.682609	2.869242	0.018966	5.7
195	-0.319630	67.665848	2.837424	0.020899	4.9
196	-0.326538	67.272051	2.850082	0.008961	4.8
197	-0.320151	66.878377	2.862850	0.016468	5.0
198	-0.293614	67.754961	2.834575	0.008943	6.4
199	-0.312483	67.369028	2.846954	0.025278	4.7
200	-0.344681	66.975231	2.859698	0.008101	5.0
201	-0.292250	67.975229	2.827558	0.021943	5.4
202	-0.335008	67.646111	2.838056	0.029147	4.9
203	-0.320358	67.252311	2.850720	0.010837	5.0
204	-0.351686	68.252311	2.818780	0.007624	5.5
205	-0.343633	68.713999	2.804273	0.016487	4.8
206	-0.337795	68.329568	2.816342	0.014335	5.1
207	-0.344743	67.935890	2.828808	0.017468	5.3
208	-0.338167	67.542098	2.841390	0.013369	4.3
209	-0.321758	68.542097	2.809657	0.016262	5.5
210	-0.337326	69.537603	2.778764	0.007044	5.5
211	-0.319742	69.644169	2.775497	0.019431	4.6
212	-0.327763	69.262937	2.787219	0.014746	4.9
213	-0.332517	70.262937	2.756679	0.021401	6.6
214	-0.308643	71.262782	2.726805	0.015317	7.3
215	-0.323099	72.262782	2.697567	0.010211	8.6
216	-0.325212	73.235808	2.669713	0.015787	7.4
217	-0.301655	72.842041	2.680916	0.013855	6.3
218	-0.316027	73.838658	2.652743	0.021649	5.8
219	-0.330409	74.838619	2.625065	0.015567	7.9
220	-0.312857	74.444820	2.635896	0.019138	8.0
221	-0.332938	75.436737	2.608784	0.011727	7.2
222	-0.347539	76.436736	2.582010	0.008711	7.9
223	-0.339323	77.435763	2.555805	0.016237	8.2
224	-0.318626	78.340850	2.532519	0.010593	6.4
225	-0.304671	77.995494	2.541354	0.010893	7.8
226	-0.299471	77.601976	2.551496	0.013730	6.7
227	-0.350299	77.349816	2.558038	0.018690	6.2
228	-0.311028	78.348368	2.532327	0.015788	8.9
229	-0.304538	79.348368	2.507092	0.015177	7.8
230	-0.325056	78.955022	2.516958	0.016711	6.8
231	-0.326680	78.561259	2.526912	0.019872	5.5
232	-0.338449	79.561140	2.501787	0.021149	6.9
233	-0.339229	79.167341	2.511623	0.011038	6.8
234	-0.339307	80.167334	2.486797	0.019109	6.4
235	-0.313125	79.776496	2.496441	0.018702	7.6
236	-0.326979	80.776496	2.471912	0.016237	6.2
237	-0.336548	80.382711	2.481514	0.010298	5.9
238	-0.316945	81.319353	2.458798	0.018426	6.5
239	-0.335442	82.249557	2.436646	0.011342	7.2
240	-0.341358	82.033002	2.441767	0.013499	6.9
241	-0.355563	82.496212	2.430839	0.016362	7.2
242	-0.314732	82.102736	2.440116	0.013793	8.0
243	-0.350943	81.708993	2.449470	0.016584	7.9
244	-0.316186	81.315193	2.458898	0.013203	6.4
245	-0.341783	80.923782	2.468340	0.017585	6.1
246	-0.339485	80.529986	2.477914	0.021260	5.4
247	-0.336272	80.136186	2.487563	0.018602	8.0
248	-0.344208	79.742387	2.497286	0.013672	8.1
249	-0.314736	80.742387	2.472741	0.019510	6.6
250	-0.339383	80.348588	2.482349	0.021041	6.9
251	-0.314776	81.348588	2.458095	0.015528	6.4
252	-0.327943	82.348588	2.434311	0.024161	6.3
253	-0.328183	81.960643	2.443483	0.017535	8.0
254	-0.320587	81.566843	2.452865	0.024029	5.4
255	-0.325636	82.120682	2.439691	0.015862	9.0
256	-0.302293	81.726883	2.449043	0.015196	7.7
257	-0.321445	81.430988	2.456118	0.020544	6.4
258	-0.318959	82.403925	2.433008	0.011298	7.1
259	-0.343743	82.010131	2.442309	0.024887	7.3
260	-0.330399	82.496225	2.430838	0.017593	6.7
261	-0.348957	83.496225	2.407576	0.010242	6.9
262	-0.341349	84.492368	2.384842	0.018218	6.7
263	-0.325510	85.492367	2.362447	0.024781	5.6
264	-0.329658	86.492367	2.340469	0.010272	7.8
265	-0.326214	87.485815	2.319037	0.019507	6.8
266	-0.307971	87.092019	2.327485	0.016862	6.7
267	-0.320056	88.092018	2.306150	0.004720	7.0
268	-0.332248	87.706535	2.314328	0.019620	6.7
269	-0.317305	88.664434	2.294113	0.027274	5.5
270	-0.349952	88.270635	2.302381	0.015436	5.7
271	-0.317001	87.876835	2.310708	0.025821	7.3
272	-0.300867	87.483606	2.319084	0.017420	7.6
273	-0.325270	87.089832	2.327532	0.013415	7.4
274	-0.319675	86.696040	2.336043	0.014469	7.1
275	-0.326101	87.695886	2.314555	0.023520	7.2
276	-0.319461	87.302087	2.322971	0.019615	7.1
277	-0.334142	86.918054	2.331237	0.007169	5.2
278	-0.310032	86.524260	2.339775	0.016260	6.5
279	-0.315298	86.198293	2.346890	0.023251	6.7
280	-0.317732	85.917981	2.353043	0.011210	7.1
281	-0.329858	86.537716	2.339482	0.011139	6.9
282	-0.319417	87.531209	2.318067	0.014808	7.2
283	-0.335637	87.147810	2.326285	0.017802	8.9
284	-0.326720	86.754143	2.334783	0.015611	6.2
285	-0.358999	87.754123	2.313315	0.007897	8.0
286	-0.337712	87.360573	2.321717	0.020443	6.3
287	-0.349181	86.975674	2.329993	0.018889	8.1
288	-0.323142	87.975673	2.308612	0.017820	5.1
289	-0.319192	87.581874	2.316985	0.025931	7.7
290	-0.306044	87.188077	2.325419	0.008427	7.3
291	-0.289029	88.188076	2.304121	0.014332	6.5
292	-0.318872	87.799124	2.312359	0.020402	7.6
293	-0.335119	88.799124	2.291299	0.016589	7.4
294	-0.327820	88.405327	2.299546	0.010907	7.4
295	-0.316821	89.405287	2.278719	0.017886	5.3
296	-0.350200	89.011488	2.286876	0.016135	7.4
297	-0.323868	90.011361	2.266278	0.028395	7.8
298	-0.348608	91.011361	2.246045	0.013364	7.8
299	-0.323705	92.010445	2.226189	0.017084	7.4
300	-0.306840	93.008875	2.206693	0.014327	6.7
301	-0.320966	94.008814	2.187507	0.017205	5.6
302	-0.321880	95.008814	2.168651	0.014607	7.7
303	-0.326369	96.008814	2.150117	0.016692	8.2
304	-0.328415	95.615017	2.157377	0.020399	5.9
305	-0.333228	95.221217	2.164687	0.015238	7.9
306	-0.323552	94.847882	2.171663	0.026736	6.2
307	-0.315002	95.847881	2.153078	0.017802	7.5
308	-0.342552	95.454082	2.160359	0.014613	9.7
309	-0.353980	95.060283	2.167689	0.021223	8.7
310	-0.342635	96.060283	2.149171	0.005504	7.7
311	-0.312930	95.684685	2.156089	0.014410	9.5
312	-0.301297	95.795410	2.154045	0.024931	6.3
313	-0.318510	95.475854	2.159955	0.013168	8.7
314	-0.332851	96.474171	2.141599	0.006954	6.9
315	-0.319134	96.250267	2.145689	0.022280	7.0
316	-0.339851	97.170880	2.128973	0.017776	7.8
317	-0.338761	96.804728	2.135590	0.012644	8.0
318	-0.320188	97.804704	2.117615	0.019580	5.9
319	-0.319911	98.715101	2.101511	0.027606	7.7
320	-0.361781	98.321302	2.108447	0.009893	8.4
321	-0.309533	99.318976	2.090964	0.014488	9.4
322	-0.286148	98.927606	2.097787	0.015491	6.4
323	-0.336546	98.533807	2.104698	0.011928	8.0
324	-0.339334	98.856404	2.099033	0.015354	8.3
325	-0.340296	98.462612	2.105953	0.017651	7.9
326	-0.320814	98.069685	2.112902	0.016326	7.5
327	-0.319311	97.685974	2.119733	0.022243	7.0
328	-0.349052	97.292321	2.126787	0.013566	7.9
329	-0.341418	96.898521	2.133891	0.013137	7.4
330	-0.332387	97.897894	2.115955	0.010088	7.7
331	-0.342277	98.896259	2.098336	0.020862	6.4
332	-0.317404	99.619423	2.085755	0.014038	8.9
333	-0.310223	100.617767	2.068634	0.019325	6.2
334	-0.349033	101.617767	2.051763	0.023656	8.7
335	-0.366670	102.617767	2.035165	0.019094	6.3
336	-0.341368	103.607223	2.019005	0.013648	7.3
337	-0.317146	104.595939	2.003111	0.017401	6.4
338	-0.300518	104.202140	2.009411	0.026198	8.4
339	-0.337978	103.808340	2.015751	0.027711	5.8
340	-0.341323	104.808340	1.999729	0.011530	6.8
341	-0.321906	105.808340	1.983959	0.006789	6.1
342	-0.321698	105.995021	1.981043	0.009163	6.2
343	-0.324467	105.629202	1.986766	0.008265	10.6
344	-0.325103	106.575505	1.972029	0.015196	7.2
345	-0.310580	107.575481	1.956692	0.018948	6.9
346	-0.351925	107.181687	1.962703	0.015098	6.2
347	-0.316545	108.181687	1.947510	0.012331	8.4
348	-0.361016	107.794382	1.953366	0.008899	6.7
349	-0.309321	108.793066	1.938336	0.012606	6.4
350	-0.324976	108.694514	1.939809	0.013267	7.1
351	-0.310659	108.300715	1.945717	0.022556	7.2
352	-0.334060	108.797403	1.938271	0.012760	8.1
353	-0.344094	109.797401	1.923453	0.018164	7.6
354	-0.322736	109.454809	1.928504	0.014958	7.3
355	-0.312541	110.439240	1.914060	0.018351	6.5
356	-0.328398	111.424114	1.899825	0.030263	7.0
357	-0.316476	111.030336	1.905491	0.009013	5.8
358	-0.296163	110.636540	1.911191	0.014351	6.7
359	-0.314700	111.628578	1.896896	0.018978	7.2
360	-0.320329	112.628557	1.882701	0.021124	6.8
361	-0.325232	113.628492	1.868717	0.007900	7.4
362	-0.293209	114.522875	1.856385	0.009692	7.7
363	-0.338812	114.655439	1.854571	0.026297	6.3
364	-0.329918	114.261775	1.859968	0.018855	6.0
365	-0.352824	115.261673	1.846320	0.022611	7.5
366	-0.302464	116.261327	1.832873	0.029136	5.7
367	-0.330902	117.261327	1.819616	0.010100	8.5
368	-0.332756	116.867528	1.824814	0.012176	6.2
369	-0.356472	117.589370	1.815309	0.013691	7.0
370	-0.335944	118.580934	1.802414	0.023146	9.4
371	-0.319270	118.187135	1.807513	0.012508	5.5
372	-0.299309	119.187102	1.794620	0.010976	6.6
373	-0.331126	118.806005	1.799512	0.019450	6.0
374	-0.323467	119.805202	1.786742	0.013557	7.2
375	-0.345655	119.411427	1.791753	0.024579	7.6
376	-0.309598	120.411425	1.779082	0.015268	6.1
377	-0.303971	121.407412	1.766640	0.028785	7.7
378	-0.327979	121.024297	1.771405	0.019084	6.6
379	-0.308745	122.024297	1.759020	0.006530	6.8
380	-0.324534	122.806702	1.749450	0.014618	8.0
381	-0.323587	123.805857	1.737379	0.018348	10.4
382	-0.317763	124.527758	1.728760	0.021842	7.9
383	-0.314594	125.527758	1.716962	0.009418	9.4
384	-0.301994	126.527170	1.705331	0.008852	6.5
385	-0.350037	126.158374	1.709604	0.012978	8.5
386	-0.299593	125.767041	1.714163	0.013699	7.4
387	-0.315092	125.401114	1.718447	0.021005	7.8
388	-0.323479	126.401114	1.706789	0.015281	7.5
389	-0.329022	127.401114	1.695288	0.018481	7.8
390	-0.316956	128.400518	1.683947	0.028309	7.4
391	-0.327104	128.006719	1.688398	0.016236	8.1
392	-0.325388	127.612919	1.692872	0.015211	5.9
393	-0.347611	127.219120	1.697369	0.009537	7.6
394	-0.327940	128.219079	1.685995	0.023265	6.3
395	-0.344155	128.041942	1.687999	0.013016	7.3
396	-0.322005	127.791581	1.690839	0.014633	7.3
397	-0.335892	127.397793	1.695326	0.017811	6.6
398	-0.345457	127.003993	1.699837	0.014495	6.8
399	-0.326711	126.610194	1.704371	0.013859	6.2
400	-0.320704	126.257271	1.708456	0.015046	7.7
401	-0.324029	127.257269	1.696933	0.019808	5.6
402	-0.305465	126.863470	1.701452	0.015895	5.9
403	-0.330792	126.469670	1.705995	0.023752	7.6
404	-0.331698	126.075871	1.710563	0.018624	7.6
405	-0.352127	125.682071	1.715156	0.014253	6.6
406	-0.344494	125.288963	1.719765	0.018332	6.2
407	-0.352356	126.229402	1.708780	0.009930	7.7
408	-0.345409	125.835630	1.713362	0.015283	7.4
409	-0.306355	126.835369	1.701775	0.010634	6.4
410	-0.311002	127.761228	1.691184	0.010790	5.2
411	-0.319025	127.752143	1.691287	0.016905	6.9
412	-0.339030	128.731330	1.680227	0.028202	7.2
413	-0.338568	129.731330	1.669080	0.018349	4.4
414	-0.295994	129.337531	1.673452	0.022611	7.1
415	-0.333573	130.337531	1.662394	0.017832	7.1
416	-0.350097	129.943731	1.666731	0.017028	7.3
417	-0.301016	130.943731	1.655762	0.019330	7.0
418	-0.320353	130.549932	1.660064	0.008234	6.1
419	-0.323203	130.190352	1.664012	0.021203	8.3
420	-0.321092	131.188939	1.653094	0.012377	6.6
421	-0.290238	132.176911	1.642432	0.008445	5.9
422	-0.338119	131.783166	1.646664	0.030739	6.0
423	-0.316626	131.389387	1.650919	0.013705	6.7
424	-0.297863	132.389368	1.640157	0.010291	7.2
425	-0.322853	132.003267	1.644296	0.016920	6.3
426	-0.297368	131.631446	1.648301	0.009429	6.9
427	-0.335274	131.237657	1.652565	0.009032	6.9
428	-0.334918	130.908485	1.656146	0.013572	7.6
429	-0.313012	130.520337	1.660388	0.018188	6.3
430	-0.327044	131.422247	1.650563	0.012062	5.2
431	-0.352542	131.028452	1.654839	0.016519	5.7
432	-0.324694	132.027245	1.644038	0.014932	4.1
433	-0.315064	132.742800	1.636386	0.012485	4.8
434	-0.340641	132.361488	1.640455	0.016850	5.5
435	-0.314407	133.360329	1.629840	0.020899	5.1
436	-0.329363	134.360185	1.619350	0.012194	4.4
437	-0.312708	135.356069	1.609036	0.017140	5.2
438	-0.327850	134.962269	1.613099	0.030630	3.9
439	-0.304583	135.949783	1.602950	0.019487	5.0
440	-0.313587	135.555993	1.606982	0.012023	6.5
441	-0.327087	135.162194	1.611034	0.026009	4.7
442	-0.321220	134.768395	1.615107	0.020695	5.7
443	-0.327870	134.374595	1.619200	0.020982	5.6
444	-0.316882	133.984046	1.623281	0.020007	5.1
445	-0.337329	133.590251	1.627416	0.010832	4.4
446	-0.300715	133.196460	1.631572	0.020687	5.0
447	-0.345295	132.802760	1.635748	0.016306	5.5
448	-0.320010	133.802760	1.625182	0.016772	5.1
449	-0.291002	134.802758	1.614751	0.019469	5.7
450	-0.311512	135.509380	1.607460	0.015460	5.1
451	-0.333045	136.491448	1.597437	0.018454	4.7
452	-0.341882	136.097649	1.601441	0.014039	4.7
453	-0.309103	135.703850	1.605465	0.029038	6.4
454	-0.314861	135.310065	1.609510	0.015174	7.8
455	-0.325076	134.916266	1.613575	0.010010	7.1
456	-0.331096	135.883517	1.603627	0.020752	6.6
457	-0.319556	135.489731	1.607662	0.018456	7.8
458	-0.319408	135.095931	1.611718	0.016818	6.2
459	-0.314706	136.095931	1.601458	0.018964	7.0
460	-0.305283	135.703704	1.605467	0.020286	6.2
461	-0.317589	135.309905	1.609512	0.015755	6.8
462	-0.325691	134.916156	1.613576	0.014907	6.4
463	-0.319870	134.522357	1.617662	0.021868	7.4
464	-0.329631	135.522349	1.607327	0.010548	7.2
465	-0.327504	136.522334	1.597123	0.014770	7.5
466	-0.322094	136.150868	1.600899	0.008205	5.4
467	-0.309707	135.759053	1.604900	0.021737	8.7
468	-0.334036	135.365253	1.608942	0.020612	8.4
469	-0.303330	134.971498	1.613004	0.013140	6.1
470	-0.314045	135.971416	1.602729	0.010866	6.5
471	-0.326872	135.638424	1.606136	0.011008	5.8
472	-0.306778	135.245279	1.610177	0.014809	6.5
473	-0.309017	134.950496	1.613221	0.007525	6.9
474	-0.339422	135.471824	1.607846	0.020566	6.7
475	-0.311322	136.471823	1.597636	0.008678	7.8
476	-0.300317	137.468896	1.587583	0.025076	6.7
477	-0.351394	138.468896	1.577628	0.008277	7.4
478	-0.327168	138.075097	1.581533	0.010642	8.7
479	-0.301423	137.724177	1.585030	0.008176	5.1
480	-0.331812	137.398793	1.588286	0.020394	6.9
481	-0.318319	138.397343	1.578336	0.008124	5.6
482	-0.311134	138.043645	1.581846	0.017194	7.1
483	-0.311211	137.804346	1.584230	0.012944	6.9
484	-0.332660	137.410557	1.588168	0.013182	5.7
485	-0.296422	138.410557	1.578205	0.016845	7.5
486	-0.317908	139.392470	1.568544	0.018198	7.1
487	-0.333566	139.068396	1.571719	0.014906	7.5
488	-0.303059	139.815762	1.564415	0.009179	6.5
489	-0.325436	139.430880	1.568168	0.009005	8.2
490	-0.326706	139.799916	1.564569	0.012827	5.9
491	-0.306218	140.752301	1.555357	0.012914	6.9
492	-0.319436	141.747755	1.545844	0.026084	7.6
493	-0.341917	141.616160	1.547095	0.018316	6.7
494	-0.328095	142.616160	1.537639	0.014255	7.8
495	-0.307028	142.226812	1.541307	0.017274	6.3
496	-0.294968	143.226811	1.531922	0.017179	6.3
497	-0.336113	143.131934	1.532807	0.021770	7.0
498	-0.325434	144.131930	1.523525	0.012843	7.7
499	-0.352538	143.738131	1.527167	0.020267	6.6
Time spent in resolution 0 (ITK initialization and iterating): 4.427 s.
Stopping condition: Maximum number of iterations has been reached.
Settings of AdaptiveStochasticGradientDescent in resolution 0:
( SP_a 251.582590 )
( SP_A 20.000000 )
( SP_alpha 1.000000 )
( SigmoidMax 1.000000 )
( SigmoidMin -0.393799 )
( SigmoidScale 0.000008 )



=============== start of TransformParameterFile ===============
(Transform "EulerTransform")
(NumberOfParameters 6)
(TransformParameters -0.009271 -0.004907 -0.015567 0.372065 -2.502584 3.213034)
(InitialTransformParametersFileName "NoInitialTransform")
(UseBinaryFormatForTransformationParameters "false")
(HowToCombineTransforms "Compose")

// Image specific
(FixedImageDimension 3)
(MovingImageDimension 3)
(FixedInternalImagePixelType "float")
(MovingInternalImagePixelType "float")
(Size 800 800 31)
(Index 0 0 0)
(Spacing 0.2249999940 0.2249999940 3.0000000000)
(Origin -96.1846771240 -105.3856201172 37.6566810608)
(Direction 1.0000000000 0.0000000000 0.0000000000 0.0000000000 1.0000000000 0.0000000000 0.0000000000 0.0000000000 1.0000000000)
(UseDirectionCosines "false")

// EulerTransform specific
(CenterOfRotationPoint -6.2971795052 -15.4981224984 82.6566810608)
(ComputeZYX "false")

// ResampleInterpolator specific
(ResampleInterpolator "FinalBSplineInterpolator")
(FinalBSplineInterpolationOrder 3)

// Resampler specific
(Resampler "DefaultResampler")
(DefaultPixelValue 0.000000)
(ResultImageFormat "nii.gz")
(ResultImagePixelType "short")
(CompressResultImage "false")

=============== end of TransformParameterFile ===============

Creating the TransformParameterFile took 0.00s

Registration result checksum: 4275085804

Applying final transform ...
  Applying final transform took 9.43s

Final metric value  = -0.352538
Settings of AdaptiveStochasticGradientDescent for all resolutions:
( SP_a 251.582590 )
( SP_A 20.000000 )
( SP_alpha 1.000000 )
( SigmoidMax 1.000000 )
( SigmoidMin -0.393799 )
( SigmoidScale 0.000008 )

Time spent on saving the results, applying the final transform etc.: 9441 ms.
Running elastix with parameter file 0: "/Users/sakinkirti/Programming/Python/CCIPD/racial-disparity-pca/code_matlab/rigid.txt", has finished.


Current time: Mon May 23 17:56:56 2022.
Time used for running elastix with this parameter file:
  14.4s.

-------------------------------------------------------------------------

Total time elapsed: 14.5s.

