
elastix is started at Mon May 23 08:29:44 2022.

which elastix:   /Users/sakinkirti/Programming/Python/CCIPD/racial-disparity-pca/code_matlab/elastix-5.0.0-mac/bin/elastix
elastix runs at: Sakins-MBP.hsd1.ca.comcast.net
  macOS 12.3.1 (x64), 21E258
  with 8192 MB memory, and 2 cores @ 2300 MHz.
-------------------------------------------------------------------------

Running elastix with parameter file 0: "/Users/sakinkirti/Programming/Python/CCIPD/racial-disparity-pca/code_matlab/rigid.txt".

Current time: Mon May 23 08:29:44 2022.
Reading the elastix parameters from file ...

Installing all components.
InstallingComponents was successful.

ELASTIX version: 5.000
Command line options from ElastixBase:
-f        /Users/sakinkirti/Programming/Python/CCIPD/racial-disparity-pca/dataset/to_nifti_cleaned/prostate-000328a/ADC.nii.gz
-m        /Users/sakinkirti/Programming/Python/CCIPD/racial-disparity-pca/dataset/to_nifti_cleaned/prostate-000328a/T2W.nii.gz
-fMask    unspecified, so no fixed mask used
-mMask    unspecified, so no moving mask used
-out      /Users/sakinkirti/Programming/Python/CCIPD/racial-disparity-pca/dataset/to_nifti_cleaned/prostate-000328a/
-p        /Users/sakinkirti/Programming/Python/CCIPD/racial-disparity-pca/code_matlab/rigid.txt
-threads  unspecified, so all available threads are used
Command line options from TransformBase:
-t0       unspecified, so no initial transform used

=============== start of ParameterFile: /Users/sakinkirti/Programming/Python/CCIPD/racial-disparity-pca/code_matlab/rigid.txt ===============
// Example parameter file for rotation registration
// C-style comments: //

// The internal pixel type, used for internal computations
// Leave to float in general. 
// NB: this is not the type of the input images! The pixel 
// type of the input images is automatically read from the 
// images themselves.
// This setting can be changed to "short" to save some memory
// in case of very large 3D images.
(FixedInternalImagePixelType "float")
(MovingInternalImagePixelType "float")

// The dimensions of the fixed and moving image
// Up to elastix 4.5 this had to be specified by the user.
// From elastix 4.6, this is not necessary anymore.
//(FixedImageDimension 3)
//(MovingImageDimension 3)

// Specify whether you want to take into account the so-called
// direction cosines of the images. Recommended: true.
// In some cases, the direction cosines of the image are corrupt,
// due to image format conversions for example. In that case, you 
// may want to set this option to "false".
(UseDirectionCosines "false")

// **************** Main Components **************************

// The following components should usually be left as they are:
(Registration "MultiResolutionRegistration")
(Interpolator "BSplineInterpolator")
(ResampleInterpolator "FinalBSplineInterpolator")
(Resampler "DefaultResampler")

// These may be changed to Fixed/MovingSmoothingImagePyramid.
// See the manual.
(FixedImagePyramid "FixedRecursiveImagePyramid")
(MovingImagePyramid "MovingRecursiveImagePyramid")

// The following components are most important:
// The optimizer AdaptiveStochasticGradientDescent (ASGD) works
// quite ok in general. The Transform and Metric are important
// and need to be chosen careful for each application. See manual.
(Optimizer "AdaptiveStochasticGradientDescent")
(Transform "EulerTransform")
(Metric "AdvancedMattesMutualInformation")

// ***************** Transformation **************************

// Scales the rotations compared to the translations, to make
// sure they are in the same range. In general, it's best to  
// use automatic scales estimation:
(AutomaticScalesEstimation "true")

// Automatically guess an initial translation by aligning the
// geometric centers of the fixed and moving.
(AutomaticTransformInitialization "true")

// Whether transforms are combined by composition or by addition.
// In generally, Compose is the best option in most cases.
// It does not influence the results very much.
(HowToCombineTransforms "Compose")

// ******************* Similarity measure *********************

// Number of grey level bins in each resolution level,
// for the mutual information. 16 or 32 usually works fine.
// You could also employ a hierarchical strategy:
//(NumberOfHistogramBins 16 32 64)
(NumberOfHistogramBins 32)

// If you use a mask, this option is important. 
// If the mask serves as region of interest, set it to false.
// If the mask indicates which pixels are valid, then set it to true.
// If you do not use a mask, the option doesn't matter.
(ErodeMask "false")

// ******************** Multiresolution **********************

// The number of resolutions. 1 Is only enough if the expected
// deformations are small. 3 or 4 mostly works fine. For large
// images and large deformations, 5 or 6 may even be useful.
(NumberOfResolutions 1)

// The downsampling/blurring factors for the image pyramids.
// By default, the images are downsampled by a factor of 2
// compared to the next resolution.
// So, in 2D, with 4 resolutions, the following schedule is used:
//(ImagePyramidSchedule 8 8  4 4  2 2  1 1 )
// And in 3D:
//(ImagePyramidSchedule 8 8 8  4 4 4  2 2 2  1 1 1 )
// You can specify any schedule, for example:
//(ImagePyramidSchedule 4 4  4 3  2 1  1 1 )
// Make sure that the number of elements equals the number
// of resolutions times the image dimension.

// ******************* Optimizer ****************************

// Maximum number of iterations in each resolution level:
// 200-500 works usually fine for rigid registration.
// For more robustness, you may increase this to 1000-2000.
(MaximumNumberOfIterations 500)

// The step size of the optimizer, in mm. By default the voxel size is used.
// which usually works well. In case of unusual high-resolution images
// (eg histology) it is necessary to increase this value a bit, to the size
// of the "smallest visible structure" in the image:
//(MaximumStepLength 1.0)

// **************** Image sampling **********************

// Number of spatial samples used to compute the mutual
// information (and its derivative) in each iteration.
// With an AdaptiveStochasticGradientDescent optimizer,
// in combination with the two options below, around 2000
// samples may already suffice.
(NumberOfSpatialSamples 2000)

// Refresh these spatial samples in every iteration, and select
// them randomly. See the manual for information on other sampling
// strategies.
(NewSamplesEveryIteration "true")
(ImageSampler "Random")

// ************* Interpolation and Resampling ****************

// Order of B-Spline interpolation used during registration/optimisation.
// It may improve accuracy if you set this to 3. Never use 0.
// An order of 1 gives linear interpolation. This is in most 
// applications a good choice.
(BSplineInterpolationOrder 1)

// Order of B-Spline interpolation used for applying the final
// deformation.
// 3 gives good accuracy; recommended in most cases.
// 1 gives worse accuracy (linear interpolation)
// 0 gives worst accuracy, but is appropriate for binary images
// (masks, segmentations); equivalent to nearest neighbor interpolation.
(FinalBSplineInterpolationOrder 3)

//Default pixel value for pixels that come from outside the picture:
(DefaultPixelValue 0)

// Choose whether to generate the deformed moving image.
// You can save some time by setting this to false, if you are
// only interested in the final (nonrigidly) deformed moving image
// for example.
(WriteResultImage "false")

// The pixel type and format of the resulting deformed moving image
(ResultImagePixelType "short")
(ResultImageFormat "nii.gz")




=============== end of ParameterFile: /Users/sakinkirti/Programming/Python/CCIPD/racial-disparity-pca/code_matlab/rigid.txt ===============


Reading images...
Reading images took 141 ms.

WARNING: the fixed pyramid schedule is not fully specified!
  A default pyramid schedule is used.
WARNING: the moving pyramid schedule is not fully specified!
  A default pyramid schedule is used.
WARNING: The parameter "AutomaticTransformInitializationMethod", requested at entry number 0, does not exist at all.
  The default value "GeometricalCenter" is used instead.
Transform parameters are initialized as: [0, 0, 0, -1.2467422485351562, 1.032379150390625, 3.108531951904297]
Scales are estimated automatically.
Scales for transform parameters are: [4123.515625, 5473.515625, 8488.40625, 1, 1, 1]
Initialization of all components (before registration) took: 17 ms.
Preparation of the image pyramids took: 19 ms.

Resolution: 0
WARNING: The parameter "ShowExactMetricValue", requested at entry number 0, does not exist at all.
  The default value "false" is used instead.
WARNING: The parameter "CheckNumberOfSamples", requested at entry number 0, does not exist at all.
  The default value "true" is used instead.
WARNING: The parameter "UseMultiThreadingForMetrics", requested at entry number 0, does not exist at all.
  The default value "true" is used instead.
Setting the fixed masks took: 0 ms.
Setting the moving masks took: 0 ms.
WARNING: The parameter "NumberOfFixedHistogramBins", requested at entry number 0, does not exist at all.
  The default value "32" is used instead.
WARNING: The parameter "NumberOfMovingHistogramBins", requested at entry number 0, does not exist at all.
  The default value "32" is used instead.
WARNING: The parameter "FixedLimitRangeRatio", requested at entry number 0, does not exist at all.
  The default value "0.01" is used instead.
WARNING: The parameter "MovingLimitRangeRatio", requested at entry number 0, does not exist at all.
  The default value "0.01" is used instead.
WARNING: The parameter "FixedKernelBSplineOrder", requested at entry number 0, does not exist at all.
  The default value "0" is used instead.
WARNING: The parameter "MovingKernelBSplineOrder", requested at entry number 0, does not exist at all.
  The default value "3" is used instead.
WARNING: The parameter "UseFastAndLowMemoryVersion", requested at entry number 0, does not exist at all.
  The default value "true" is used instead.
WARNING: The parameter "UseJacobianPreconditioning", requested at entry number 0, does not exist at all.
  The default value "false" is used instead.
WARNING: The parameter "FiniteDifferenceDerivative", requested at entry number 0, does not exist at all.
  The default value "false" is used instead.
WARNING: The parameter "SP_A", requested at entry number 0, does not exist at all.
  The default value "20" is used instead.
WARNING: The parameter "MaximumNumberOfSamplingAttempts", requested at entry number 0, does not exist at all.
  The default value "0" is used instead.
WARNING: The parameter "SigmoidInitialTime", requested at entry number 0, does not exist at all.
  The default value "0" is used instead.
WARNING: The parameter "MaxBandCovSize", requested at entry number 0, does not exist at all.
  The default value "192" is used instead.
WARNING: The parameter "NumberOfBandStructureSamples", requested at entry number 0, does not exist at all.
  The default value "10" is used instead.
WARNING: The parameter "UseAdaptiveStepSizes", requested at entry number 0, does not exist at all.
  The default value "true" is used instead.
WARNING: The parameter "AutomaticParameterEstimation", requested at entry number 0, does not exist at all.
  The default value "true" is used instead.
WARNING: The parameter "UseConstantStep", requested at entry number 0, does not exist at all.
  The default value "false" is used instead.
WARNING: The parameter "MaximumStepLengthRatio", requested at entry number 0, does not exist at all.
  The default value "1" is used instead.
WARNING: The parameter "MaximumStepLength", requested at entry number 0, does not exist at all.
  The default value "0.6875" is used instead.
WARNING: The parameter "NumberOfGradientMeasurements", requested at entry number 0, does not exist at all.
  The default value "0" is used instead.
WARNING: The parameter "NumberOfJacobianMeasurements", requested at entry number 0, does not exist at all.
  The default value "1000" is used instead.
WARNING: The parameter "NumberOfSamplesForExactGradient", requested at entry number 0, does not exist at all.
  The default value "100000" is used instead.
WARNING: The parameter "SigmoidScaleFactor", requested at entry number 0, does not exist at all.
  The default value "0.1" is used instead.
Elastix initialization of all components (for this resolution) took: 1 ms.
  Computing the fixed image extrema took 9 ms.
  Computing the moving image extrema took 9 ms.
Initialization of AdvancedMattesMutualInformation metric took: 120 ms.
Starting automatic parameter estimation for AdaptiveStochasticGradientDescent ...
WARNING: The parameter "ASGDParameterEstimationMethod", requested at entry number 0, does not exist at all.
  The default value "Original" is used instead.
  Computing JacobianTerms ...
  Computing the Jacobian terms took 0.003165s
  NumberOfGradientMeasurements to estimate sigma_i: 6
  Sampling gradients ...
  Sampling the gradients took 0.539310s
Automatic parameter estimation took 0.54s
1:ItNr	2:Metric	3a:Time	3b:StepSize	4:||Gradient||	Time[ms]
0	-0.060352	0.000000	4.174404	0.013135	668.6
1	-0.078726	0.000000	4.174404	0.018720	9.5
2	-0.058841	0.000000	4.174404	0.016542	13.3
3	-0.069280	0.000000	4.174404	0.025357	3.9
4	-0.075958	0.000000	4.174404	0.035406	14.0
5	-0.067726	1.000000	3.984659	0.011952	3.7
6	-0.062884	1.985626	3.813796	0.011834	7.7
7	-0.076036	2.985382	3.654830	0.013353	16.4
8	-0.069624	2.961637	3.658451	0.024153	8.0
9	-0.066572	2.024606	3.807339	0.012839	8.8
10	-0.064911	3.018215	3.649834	0.012947	9.2
11	-0.074352	2.081530	3.797950	0.020410	3.1
12	-0.055411	3.081479	3.640245	0.022887	10.8
13	-0.071578	2.144448	3.787625	0.017473	4.8
14	-0.063448	1.209672	3.947041	0.018032	12.9
15	-0.073660	0.273607	4.120716	0.022119	6.7
16	-0.077806	0.000000	4.174404	0.010305	6.3
17	-0.063552	0.995875	3.985406	0.012602	6.8
18	-0.090194	0.074672	4.159613	0.016453	2.8
19	-0.074868	0.616765	4.055301	0.014884	5.4
20	-0.063638	1.616765	3.875996	0.026224	6.9
21	-0.073586	2.616765	3.711875	0.012021	5.5
22	-0.068438	1.679741	3.865233	0.024718	5.2
23	-0.067044	0.742710	4.031811	0.007974	7.4
24	-0.079609	1.742709	3.854531	0.006663	9.4
25	-0.072877	0.977183	3.988796	0.023727	3.7
26	-0.078506	1.977174	3.815199	0.041654	5.0
27	-0.063549	1.040143	3.977401	0.014582	7.1
28	-0.070209	0.103112	4.154008	0.034299	2.8
29	-0.064605	0.000000	4.174404	0.015891	7.1
30	-0.078245	1.000000	3.984659	0.012904	4.6
31	-0.076036	0.974344	3.989311	0.026244	4.0
32	-0.069675	1.974272	3.815681	0.015575	8.7
33	-0.062362	2.956917	3.659172	0.023016	4.2
34	-0.091814	2.019920	3.808114	0.022009	5.3
35	-0.086940	1.485352	3.898649	0.023752	8.8
36	-0.080884	0.548321	4.068182	0.010655	2.7
37	-0.064282	1.546748	3.888032	0.042193	5.0
38	-0.063877	0.609721	4.056623	0.019102	6.7
39	-0.070590	1.609721	3.877203	0.014092	5.0
40	-0.064144	2.256253	3.769416	0.027788	5.3
41	-0.079715	3.243729	3.615883	0.021567	5.7
42	-0.066329	2.306698	3.761257	0.015201	4.6
43	-0.073599	1.369668	3.918810	0.030409	5.9
44	-0.072303	0.432637	4.090140	0.013261	4.7
45	-0.075460	0.000000	4.174404	0.028797	3.4
46	-0.093207	0.999922	3.984673	0.012197	9.4
47	-0.069733	0.063141	4.161891	0.021513	8.3
48	-0.087618	0.000000	4.174404	0.022669	13.6
49	-0.079487	0.000000	4.174404	0.033668	41.9
50	-0.058371	0.000000	4.174404	0.026067	5.9
51	-0.068601	0.000000	4.174404	0.005799	9.9
52	-0.062615	0.000000	4.174404	0.012564	13.5
53	-0.063303	0.000000	4.174404	0.012018	6.1
54	-0.087684	0.759485	4.028702	0.019176	17.6
55	-0.067903	1.759484	3.851690	0.031362	24.0
56	-0.072268	0.822460	4.017076	0.012336	8.7
57	-0.084487	0.000000	4.174404	0.012886	6.4
58	-0.071401	0.999623	3.984727	0.015950	3.3
59	-0.073581	1.296916	3.931597	0.013742	3.3
60	-0.091307	0.359893	4.104070	0.015487	3.4
61	-0.075798	0.000000	4.174404	0.024850	3.8
62	-0.077799	0.000000	4.174404	0.023862	3.3
63	-0.073377	1.000000	3.984659	0.027248	3.2
64	-0.093824	2.000000	3.811412	0.024264	3.6
65	-0.086139	1.062969	3.973286	0.017505	4.6
66	-0.063750	2.062969	3.801006	0.020455	2.6
67	-0.072557	3.062891	3.643057	0.015700	2.6
68	-0.071458	2.125860	3.790669	0.017854	2.8
69	-0.061607	3.125552	3.633595	0.021660	5.9
70	-0.051627	4.125552	3.488978	0.023551	3.2
71	-0.054762	5.125552	3.355431	0.010754	2.7
72	-0.074452	4.603226	3.423884	0.015087	5.0
73	-0.064636	3.668408	3.553634	0.017724	3.7
74	-0.070080	2.731426	3.693941	0.015261	3.2
75	-0.062285	1.794408	3.845789	0.018914	3.1
76	-0.064343	0.857377	4.010659	0.029951	2.4
77	-0.078215	0.000000	4.174404	0.015144	2.7
78	-0.063294	1.000000	3.984659	0.025181	3.1
79	-0.068700	0.062969	4.161925	0.015040	2.8
80	-0.080145	0.000000	4.174404	0.011926	2.8
81	-0.081081	0.999978	3.984662	0.010530	2.9
82	-0.077734	1.998485	3.811664	0.030473	2.7
83	-0.063873	1.061509	3.973549	0.014937	3.1
84	-0.060761	0.124478	4.149806	0.008252	4.1
85	-0.071179	0.383040	4.099627	0.021076	3.3
86	-0.076939	0.000000	4.174404	0.014321	3.9
87	-0.074510	0.000000	4.174404	0.015349	5.0
88	-0.077952	0.999998	3.984659	0.012094	3.1
89	-0.065241	0.062974	4.161924	0.006331	3.3
90	-0.065378	0.000000	4.174404	0.017066	3.0
91	-0.077030	0.000000	4.174404	0.018736	3.9
92	-0.064929	0.000000	4.174404	0.025965	3.0
93	-0.063859	0.000000	4.174404	0.022341	3.4
94	-0.076331	0.000000	4.174404	0.019217	15.0
95	-0.069186	0.000000	4.174404	0.023032	17.7
96	-0.077436	0.000000	4.174404	0.016864	8.7
97	-0.083952	0.000000	4.174404	0.020326	8.6
98	-0.075624	0.000000	4.174404	0.016437	11.4
99	-0.075380	0.000000	4.174404	0.011409	10.4
100	-0.059781	0.999902	3.984676	0.013662	9.5
101	-0.078075	1.944653	3.820606	0.018804	15.3
102	-0.078375	2.944556	3.661061	0.014524	13.5
103	-0.071654	3.944556	3.514293	0.022500	41.3
104	-0.081354	4.944553	3.378840	0.042514	5.2
105	-0.085104	4.134084	3.487793	0.025138	4.3
106	-0.071729	3.197053	3.622858	0.021534	3.3
107	-0.060317	4.197053	3.479077	0.021798	7.5
108	-0.061528	3.260022	3.613455	0.023515	5.2
109	-0.076406	2.323003	3.758628	0.023632	5.0
110	-0.073691	1.385972	3.915956	0.018871	3.1
111	-0.083335	0.448941	4.087031	0.016630	5.3
112	-0.068749	0.000000	4.174404	0.009807	4.5
113	-0.077655	0.000000	4.174404	0.021354	5.0
114	-0.079261	0.000000	4.174404	0.050236	4.6
115	-0.085027	0.000000	4.174404	0.024176	4.7
116	-0.064772	0.000000	4.174404	0.013733	3.2
117	-0.084078	0.000000	4.174404	0.022217	4.4
118	-0.071253	0.999978	3.984663	0.014883	6.2
119	-0.065522	0.062947	4.161929	0.017276	5.7
120	-0.068331	1.062213	3.973422	0.020584	5.2
121	-0.077805	0.125183	4.149668	0.025195	7.5
122	-0.064448	1.125183	3.962114	0.009791	10.0
123	-0.082438	0.188152	4.137335	0.027578	5.6
124	-0.072964	0.000000	4.174404	0.011932	8.0
125	-0.071325	1.000000	3.984659	0.010637	7.3
126	-0.074078	0.063138	4.161891	0.013031	11.1
127	-0.081202	0.000000	4.174404	0.010735	5.8
128	-0.078672	0.999973	3.984663	0.021903	10.0
129	-0.087130	0.062943	4.161930	0.020277	5.2
130	-0.084858	0.000000	4.174404	0.017244	7.5
131	-0.075007	0.000000	4.174404	0.013507	3.8
132	-0.072814	0.999993	3.984660	0.016592	4.0
133	-0.074488	1.999993	3.811414	0.020468	6.7
134	-0.087747	2.999993	3.652605	0.014007	6.1
135	-0.076075	3.996356	3.507011	0.022940	9.6
136	-0.065075	4.996354	3.372107	0.011846	5.7
137	-0.069864	4.059367	3.498192	0.012825	5.5
138	-0.071532	4.913845	3.382844	0.018215	6.5
139	-0.072840	4.531633	3.433485	0.020848	5.5
140	-0.074382	5.531633	3.304074	0.012452	8.1
141	-0.072224	6.531633	3.184064	0.010784	5.5
142	-0.092678	5.817351	3.268872	0.034642	5.6
143	-0.068437	4.881854	3.387025	0.012930	5.8
144	-0.080215	5.881852	3.261029	0.009445	5.5
145	-0.091042	5.146884	3.352693	0.021513	6.5
146	-0.078649	6.128360	3.231397	0.025708	7.6
147	-0.088705	7.116332	3.117849	0.016926	6.4
148	-0.078268	6.385229	3.201087	0.012483	5.9
149	-0.076676	5.448198	3.314498	0.022748	5.2
150	-0.085091	4.521245	3.434883	0.018499	8.4
151	-0.073731	5.521245	3.305369	0.017603	4.1
152	-0.078231	4.584214	3.426429	0.017227	8.9
153	-0.092611	5.584214	3.297539	0.008148	5.6
154	-0.080063	4.647508	3.417973	0.014317	8.2
155	-0.078858	3.711683	3.547411	0.020462	6.3
156	-0.088555	4.698860	3.411143	0.025358	5.4
157	-0.065202	3.761829	3.540227	0.020385	4.8
158	-0.077756	2.824798	3.679464	0.011070	5.3
159	-0.078857	1.889061	3.829886	0.016807	4.0
160	-0.068258	2.889011	3.669574	0.010405	5.7
161	-0.086895	3.883186	3.522961	0.024013	4.7
162	-0.074822	2.946156	3.660817	0.026084	6.1
163	-0.081891	3.946156	3.514068	0.015026	5.7
164	-0.098507	4.909489	3.383412	0.030466	5.8
165	-0.072528	3.972458	3.510367	0.020130	7.0
166	-0.068905	4.972438	3.375212	0.011331	5.7
167	-0.100584	4.045500	3.500129	0.026476	6.5
168	-0.079743	5.045500	3.365744	0.024658	5.3
169	-0.083455	4.108469	3.491351	0.019708	5.8
170	-0.085970	5.108446	3.357629	0.008585	5.5
171	-0.068975	6.108441	3.233771	0.019777	7.9
172	-0.098858	7.108024	3.118771	0.019481	7.0
173	-0.077075	6.170993	3.226326	0.013528	4.8
174	-0.068429	7.170993	3.111800	0.024002	26.0
175	-0.085299	8.064011	3.016187	0.030738	7.9
176	-0.070224	9.064011	2.915861	0.018694	8.4
177	-0.088204	8.126980	3.009666	0.017713	5.7
178	-0.093784	7.189949	3.109707	0.019837	8.7
179	-0.078784	6.252918	3.216628	0.031346	8.5
180	-0.076151	5.315887	3.331162	0.007853	10.5
181	-0.076870	6.297044	3.211428	0.022013	7.6
182	-0.086038	5.360019	3.325585	0.006566	16.0
183	-0.078216	4.425173	3.447862	0.009911	3.5
184	-0.077243	3.707557	3.548003	0.008765	7.8
185	-0.077549	3.686772	3.550990	0.007671	4.5
186	-0.081855	2.992813	3.653698	0.018344	3.1
187	-0.097953	3.991947	3.507629	0.022977	8.4
188	-0.081243	3.054916	3.644265	0.017599	3.8
189	-0.080583	4.054916	3.498814	0.013345	4.1
190	-0.090297	3.119121	3.634564	0.043399	3.7
191	-0.060043	2.182090	3.781475	0.014795	3.4
192	-0.073987	3.182090	3.625100	0.025469	4.0
193	-0.079178	4.181632	3.481208	0.013311	3.4
194	-0.068815	3.244601	3.615753	0.024175	4.5
195	-0.073117	4.244601	3.472524	0.015181	4.0
196	-0.073292	5.209819	3.344643	0.036841	5.8
197	-0.074959	4.272788	3.468651	0.049706	4.4
198	-0.079702	5.272788	3.336627	0.012827	6.1
199	-0.077134	4.335758	3.460030	0.009649	4.6
200	-0.073429	5.332306	3.329085	0.020199	4.0
201	-0.085889	4.633387	3.419856	0.013445	5.9
202	-0.076496	4.236300	3.473666	0.009354	4.7
203	-0.080669	5.229919	3.342080	0.034254	3.9
204	-0.076029	4.292888	3.465895	0.011932	2.9
205	-0.072493	3.355857	3.599236	0.008369	3.8
206	-0.073928	4.323061	3.461765	0.007968	2.8
207	-0.077156	5.106301	3.357905	0.038991	2.5
208	-0.103301	6.079148	3.237269	0.016556	2.6
209	-0.073028	7.079146	3.121978	0.029612	2.4
210	-0.083808	8.079146	3.014617	0.012142	3.1
211	-0.078095	7.144199	3.114762	0.012270	3.0
212	-0.073176	8.143913	3.007918	0.027310	2.9
213	-0.095367	7.206922	3.107836	0.011247	3.9
214	-0.074491	8.206922	3.001428	0.035466	4.0
215	-0.069084	7.269891	3.100913	0.007661	3.4
216	-0.077087	8.269882	2.994972	0.017400	3.8
217	-0.063316	7.333615	3.093939	0.023111	3.2
218	-0.083066	8.333609	2.988466	0.031993	12.4
219	-0.069915	7.396578	3.087079	0.019920	3.5
220	-0.078190	6.459547	3.192423	0.011404	6.4
221	-0.077396	5.522518	3.305210	0.020238	4.4
222	-0.086080	4.586609	3.426108	0.013724	3.7
223	-0.092935	3.649578	3.556348	0.023468	8.1
224	-0.081170	2.712548	3.696882	0.012689	16.2
225	-0.070560	1.775543	3.848975	0.017885	17.6
226	-0.072118	2.775481	3.687096	0.013996	8.3
227	-0.081606	1.838450	3.838373	0.018941	7.5
228	-0.077724	0.901421	4.002594	0.035218	8.0
229	-0.085657	1.901421	3.827819	0.030157	12.9
230	-0.067306	0.965444	3.990927	0.014221	8.3
231	-0.079045	1.965444	3.817148	0.012858	7.1
232	-0.071305	1.028413	3.979519	0.015648	3.8
233	-0.080125	0.106615	4.153318	0.011807	13.3
234	-0.077991	0.000000	4.174404	0.015282	34.6
235	-0.078241	0.000000	4.174404	0.005762	23.0
236	-0.073557	0.000000	4.174404	0.011345	4.1
237	-0.083711	0.000000	4.174404	0.008770	3.4
238	-0.065590	0.777178	4.025429	0.021984	3.2
239	-0.091007	0.146408	4.145502	0.020134	3.3
240	-0.075079	1.013887	3.982145	0.018929	3.1
241	-0.075801	2.013887	3.809113	0.007383	2.7
242	-0.070312	3.013856	3.650496	0.021120	3.0
243	-0.070814	3.922614	3.517387	0.007257	3.5
244	-0.077909	2.985620	3.654794	0.032193	4.2
245	-0.074397	3.985600	3.508520	0.006569	4.0
246	-0.077877	4.985560	3.373508	0.009705	3.1
247	-0.073717	4.166916	3.483243	0.030030	3.1
248	-0.081539	3.229885	3.617949	0.012128	3.4
249	-0.071436	2.292934	3.763480	0.025433	2.5
250	-0.077942	1.355903	3.921223	0.021137	2.8
251	-0.087542	2.355903	3.753333	0.027090	3.0
252	-0.091594	1.420793	3.909874	0.012598	2.9
253	-0.085112	0.483765	4.080406	0.024061	2.8
254	-0.062108	0.000000	4.174404	0.009794	2.8
255	-0.067459	0.000000	4.174404	0.015228	3.9
256	-0.064661	0.610078	4.056556	0.018020	4.0
257	-0.075605	0.000000	4.174404	0.036483	2.6
258	-0.084275	0.000000	4.174404	0.018025	4.1
259	-0.076386	0.000000	4.174404	0.014732	5.4
260	-0.089772	0.998895	3.984859	0.018341	5.2
261	-0.078238	0.086528	4.157275	0.014840	3.0
262	-0.087194	1.084985	3.969325	0.015682	4.9
263	-0.061828	0.147954	4.145199	0.011629	6.7
264	-0.075292	1.138259	3.959773	0.009708	3.7
265	-0.074395	0.207599	4.133541	0.023966	4.3
266	-0.066686	1.206924	3.947530	0.016171	6.3
267	-0.079942	0.269893	4.121435	0.012011	4.7
268	-0.083741	0.000000	4.174404	0.020106	3.6
269	-0.095148	0.952602	3.993262	0.017717	4.7
270	-0.065106	0.015571	4.171311	0.029558	5.3
271	-0.072964	1.012649	3.982369	0.010227	3.1
272	-0.071972	0.075625	4.159425	0.019804	4.3
273	-0.063091	0.000000	4.174404	0.017067	5.6
274	-0.080840	0.998698	3.984894	0.013541	4.6
275	-0.083039	1.998698	3.811628	0.016848	5.7
276	-0.072007	1.126337	3.961907	0.022166	4.8
277	-0.081951	0.272391	4.120951	0.022951	5.1
278	-0.072311	0.000000	4.174404	0.031758	5.1
279	-0.078164	1.000000	3.984659	0.012753	6.6
280	-0.083252	1.966596	3.816956	0.018509	4.0
281	-0.086508	1.275025	3.935461	0.014345	7.1
282	-0.084477	1.725109	3.857517	0.022580	4.3
283	-0.074523	2.725109	3.694925	0.021478	4.6
284	-0.089967	3.725109	3.545484	0.034054	6.1
285	-0.085349	2.788078	3.685144	0.021561	6.0
286	-0.071259	1.851047	3.836257	0.023941	4.9
287	-0.081266	0.914016	4.000293	0.016190	9.1
288	-0.089609	0.000000	4.174404	0.019867	5.6
289	-0.073607	1.000000	3.984659	0.037288	5.4
290	-0.083153	0.062969	4.161925	0.019751	4.8
291	-0.069446	1.062969	3.973286	0.019561	4.2
292	-0.080200	0.125938	4.149519	0.028657	5.7
293	-0.071271	1.125938	3.961978	0.013766	5.0
294	-0.088497	0.189601	4.137052	0.020152	3.6
295	-0.082234	0.000000	4.174404	0.015758	5.4
296	-0.087241	0.000000	4.174404	0.037428	6.1
297	-0.076534	0.000000	4.174404	0.017752	4.4
298	-0.091683	1.000000	3.984659	0.023796	2.8
299	-0.095323	1.990900	3.812921	0.032830	8.3
300	-0.086710	1.053869	3.974926	0.014508	5.7
301	-0.070300	0.116838	4.151307	0.014799	7.4
302	-0.066749	1.116504	3.963668	0.014104	5.3
303	-0.073114	1.333709	3.925120	0.020763	3.6
304	-0.083160	0.407706	4.094903	0.022282	6.1
305	-0.066101	1.407706	3.912158	0.014146	6.8
306	-0.082421	2.407706	3.745027	0.017207	6.5
307	-0.081372	1.734307	3.855956	0.017883	4.1
308	-0.076599	0.797276	4.021717	0.014257	5.0
309	-0.082634	1.795978	3.845524	0.025428	5.9
310	-0.073484	0.858947	4.010371	0.019956	3.7
311	-0.082999	0.000000	4.174404	0.023811	6.5
312	-0.082542	1.000000	3.984659	0.023402	5.4
313	-0.085733	1.999994	3.811414	0.015941	5.1
314	-0.107359	1.062963	3.973287	0.011258	6.6
315	-0.089941	0.154085	4.143998	0.025751	4.9
316	-0.082416	0.866862	4.008919	0.019956	7.0
317	-0.073001	0.000000	4.174404	0.013279	7.5
318	-0.082489	0.000000	4.174404	0.023425	5.0
319	-0.093629	0.000000	4.174404	0.013478	7.1
320	-0.076250	0.000000	4.174404	0.016856	7.3
321	-0.098758	0.000000	4.174404	0.008666	10.0
322	-0.076274	0.000000	4.174404	0.035695	4.5
323	-0.076814	0.960076	3.991903	0.010230	6.0
324	-0.090858	0.744455	4.031487	0.011831	8.3
325	-0.082588	1.269774	3.936389	0.024060	14.2
326	-0.086622	0.332747	4.109292	0.014637	6.3
327	-0.065393	1.269654	3.936410	0.025523	11.7
328	-0.082631	2.269654	3.767245	0.019952	10.8
329	-0.088381	3.269654	3.612021	0.009323	4.7
330	-0.064299	2.332624	3.757078	0.016577	4.8
331	-0.069657	1.395633	3.914267	0.016559	6.8
332	-0.061671	2.395510	3.746979	0.008440	4.8
333	-0.095130	1.465064	3.902169	0.027660	5.7
334	-0.084491	2.463924	3.736054	0.008672	8.1
335	-0.089309	3.446904	3.585832	0.021022	4.5
336	-0.078315	2.509982	3.728735	0.008745	6.4
337	-0.079966	1.573498	3.883425	0.020372	6.6
338	-0.083981	0.636476	4.051606	0.018255	6.7
339	-0.104036	0.000000	4.174404	0.045778	5.7
340	-0.090358	0.000000	4.174404	0.021697	6.7
341	-0.076417	1.000000	3.984659	0.022406	7.0
342	-0.072464	2.000000	3.811412	0.021905	7.5
343	-0.095311	1.062969	3.973286	0.012584	7.2
344	-0.077912	0.133122	4.148109	0.023722	4.4
345	-0.071055	0.000000	4.174404	0.017486	4.4
346	-0.085285	1.000000	3.984659	0.018146	7.0
347	-0.079378	0.063806	4.161759	0.021027	6.6
348	-0.093691	1.063806	3.973135	0.032852	9.3
349	-0.069245	0.132152	4.148299	0.034488	4.3
350	-0.103207	1.132152	3.960866	0.018384	5.9
351	-0.095723	0.195121	4.135975	0.029532	6.1
352	-0.077055	0.000000	4.174404	0.024704	5.4
353	-0.074946	0.000000	4.174404	0.024238	5.3
354	-0.082903	0.999994	3.984660	0.014613	5.2
355	-0.082237	0.062964	4.161926	0.011830	4.8
356	-0.084965	0.000000	4.174404	0.021646	6.3
357	-0.080920	0.000000	4.174404	0.011864	4.6
358	-0.086460	0.998688	3.984896	0.016066	4.4
359	-0.083683	1.998686	3.811630	0.020990	6.1
360	-0.075718	1.061655	3.973523	0.017388	4.4
361	-0.082300	2.061655	3.801223	0.008996	6.3
362	-0.095970	1.239891	3.941678	0.022666	5.1
363	-0.083958	2.239142	3.772191	0.019466	4.3
364	-0.090295	3.239142	3.616567	0.018984	5.3
365	-0.072932	4.239142	3.473275	0.019656	5.1
366	-0.078319	3.303510	3.606989	0.016684	5.6
367	-0.081289	2.366479	3.751634	0.016176	6.3
368	-0.086949	1.429449	3.908366	0.020812	5.9
369	-0.087913	0.492418	4.078763	0.012498	13.1
370	-0.083564	0.000000	4.174404	0.008709	17.7
371	-0.080517	0.000000	4.174404	0.019070	5.4
372	-0.065589	0.999999	3.984659	0.008748	9.1
373	-0.071743	1.807253	3.843623	0.006350	3.1
374	-0.099660	1.295409	3.931863	0.024986	6.5
375	-0.088418	0.362248	4.103617	0.018910	6.6
376	-0.074260	0.000000	4.174404	0.017171	10.6
377	-0.079151	0.000000	4.174404	0.009859	9.8
378	-0.078220	0.000000	4.174404	0.017810	18.3
379	-0.080986	0.999989	3.984661	0.011352	6.0
380	-0.084385	0.686379	4.042283	0.018323	5.9
381	-0.090196	1.686361	3.864105	0.022833	5.2
382	-0.078094	2.686361	3.700969	0.011736	4.1
383	-0.078632	1.943502	3.820798	0.009132	3.8
384	-0.072121	1.530146	3.890898	0.015510	4.0
385	-0.080188	0.593128	4.059740	0.029999	3.3
386	-0.080019	1.593128	3.880051	0.014279	5.0
387	-0.083242	2.573582	3.718675	0.024016	3.7
388	-0.077871	1.644431	3.871260	0.028473	7.0
389	-0.094281	0.707400	4.038369	0.016740	7.9
390	-0.079486	1.697189	3.862262	0.012099	6.3
391	-0.077797	2.694949	3.699628	0.039728	3.3
392	-0.098664	1.757918	3.851955	0.015068	4.5
393	-0.083104	2.757917	3.689822	0.012288	4.8
394	-0.089143	1.890231	3.829690	0.013190	6.3
395	-0.086779	0.957321	3.992404	0.009479	4.5
396	-0.071738	0.720695	4.035897	0.032721	4.7
397	-0.075157	1.720695	3.858266	0.014470	3.2
398	-0.093438	0.783664	4.024231	0.019980	4.5
399	-0.079642	0.000000	4.174404	0.029172	3.7
400	-0.098241	0.000000	4.174404	0.013151	3.6
401	-0.096860	0.999999	3.984659	0.016378	3.4
402	-0.086813	1.999787	3.811448	0.017193	4.4
403	-0.075240	2.879923	3.670970	0.014152	3.3
404	-0.068365	1.943171	3.820853	0.011990	4.3
405	-0.086450	2.858975	3.674193	0.013785	8.1
406	-0.085202	3.855909	3.526827	0.009224	4.8
407	-0.074414	3.765903	3.539644	0.012179	5.1
408	-0.084870	2.831625	3.678410	0.021755	6.1
409	-0.094887	3.578009	3.566704	0.022805	5.9
410	-0.083707	4.578009	3.427260	0.009064	5.7
411	-0.093990	3.686625	3.551011	0.021894	3.0
412	-0.073313	2.749598	3.691115	0.011354	7.1
413	-0.089179	3.749417	3.542002	0.029265	5.5
414	-0.095998	4.749417	3.404446	0.045149	3.6
415	-0.084384	3.812386	3.533013	0.013441	5.7
416	-0.084247	4.812386	3.396140	0.023344	7.2
417	-0.073403	3.875355	3.524070	0.021824	4.3
418	-0.072207	2.938324	3.662014	0.006890	7.7
419	-0.084923	2.029715	3.806495	0.015002	5.0
420	-0.079877	2.905092	3.667105	0.011422	6.6
421	-0.082118	3.905085	3.519863	0.016004	5.9
422	-0.072840	2.972084	3.656857	0.009374	5.3
423	-0.072381	2.462176	3.736332	0.021689	5.4
424	-0.073523	1.625987	3.874416	0.007284	5.1
425	-0.085140	0.759892	4.028627	0.016105	4.6
426	-0.076843	0.427714	4.091080	0.011745	6.3
427	-0.093766	1.374755	3.917919	0.017767	4.9
428	-0.067460	0.439326	4.088864	0.011072	5.9
429	-0.079356	0.000000	4.174404	0.010442	6.4
430	-0.095863	0.000000	4.174404	0.021010	3.9
431	-0.070137	0.000000	4.174404	0.014496	4.6
432	-0.079224	1.000000	3.984659	0.014768	4.7
433	-0.080954	1.952733	3.819261	0.018501	4.9
434	-0.075997	1.015704	3.981816	0.017777	4.1
435	-0.074246	2.015704	3.808812	0.017731	5.2
436	-0.081087	1.078676	3.970459	0.022103	5.7
437	-0.076813	0.751338	4.030211	0.026342	4.2
438	-0.084202	1.751338	3.853070	0.020814	3.4
439	-0.087375	2.751338	3.690844	0.038643	5.5
440	-0.101667	3.751338	3.541727	0.020166	4.7
441	-0.075678	4.375286	3.454640	0.016470	4.3
442	-0.070006	3.438255	3.587101	0.019749	5.1
443	-0.071770	2.501225	3.730124	0.013190	4.4
444	-0.074388	3.501148	3.577893	0.018060	4.4
445	-0.087934	3.639780	3.557763	0.008078	6.6
446	-0.080233	2.873201	3.672004	0.055116	3.8
447	-0.092799	1.936170	3.822019	0.022793	6.5
448	-0.077502	2.040609	3.804695	0.016749	5.5
449	-0.063377	3.040608	3.646434	0.019842	4.9
450	-0.087279	2.119965	3.791636	0.011645	4.3
451	-0.077011	3.119952	3.634439	0.027348	8.4
452	-0.077519	4.119860	3.489768	0.017715	5.6
453	-0.077539	3.182835	3.624988	0.014456	7.8
454	-0.090600	2.245804	3.771110	0.022390	4.7
455	-0.087679	1.308846	3.929495	0.024166	5.5
456	-0.089883	0.371815	4.101780	0.035123	6.1
457	-0.080031	0.000000	4.174404	0.018344	7.0
458	-0.076659	0.999978	3.984662	0.020377	6.1
459	-0.075414	0.062948	4.161929	0.024454	5.1
460	-0.076702	0.000000	4.174404	0.014010	5.3
461	-0.097957	0.000000	4.174404	0.034270	6.9
462	-0.088437	0.000000	4.174404	0.017032	5.4
463	-0.080189	0.999992	3.984660	0.027270	5.8
464	-0.063328	0.062962	4.161926	0.006690	8.3
465	-0.077859	1.062949	3.973290	0.025947	5.6
466	-0.087995	0.125918	4.149523	0.026929	11.0
467	-0.064276	0.000000	4.174404	0.025283	10.6
468	-0.088296	1.000000	3.984659	0.017739	5.0
469	-0.081460	0.063611	4.161798	0.011602	10.1
470	-0.084296	0.000000	4.174404	0.020911	4.7
471	-0.084326	0.000000	4.174404	0.021844	5.8
472	-0.093266	1.000000	3.984659	0.025286	5.1
473	-0.077694	1.205892	3.947713	0.013501	5.1
474	-0.082682	2.204505	3.777822	0.020264	8.9
475	-0.077620	3.197493	3.622792	0.011604	6.8
476	-0.079561	4.146087	3.486128	0.019059	6.7
477	-0.076374	4.955724	3.377386	0.013891	6.0
478	-0.076798	4.018693	3.503880	0.017764	11.8
479	-0.075431	4.338024	3.459721	0.012240	5.7
480	-0.084897	5.337655	3.328409	0.008117	9.6
481	-0.075152	5.445913	3.314784	0.021199	5.8
482	-0.085834	6.445912	3.194009	0.020968	6.3
483	-0.076463	7.445912	3.081725	0.016102	5.2
484	-0.086669	8.445912	2.977068	0.016025	4.0
485	-0.093341	9.445912	2.879286	0.018954	5.9
486	-0.076116	8.510152	2.970587	0.019638	5.6
487	-0.085217	9.510151	2.873224	0.013537	6.5
488	-0.064509	8.573125	2.964262	0.024982	25.2
489	-0.067766	9.573125	2.867305	0.014517	15.0
490	-0.083412	10.573125	2.776491	0.021150	16.8
491	-0.090449	11.573125	2.691252	0.020697	6.0
492	-0.089913	10.636162	2.770958	0.018956	3.8
493	-0.083847	11.445383	2.701848	0.014462	4.4
494	-0.079257	11.002549	2.739235	0.008925	6.4
495	-0.070784	11.942270	2.661094	0.007319	4.9
496	-0.072061	12.085189	2.649599	0.017995	5.6
497	-0.076098	11.956928	2.659911	0.013485	4.7
498	-0.094581	11.029039	2.736969	0.037694	5.8
499	-0.084469	10.092008	2.819454	0.021196	4.3
Time spent in resolution 0 (ITK initialization and iterating): 4.080 s.
Stopping condition: Maximum number of iterations has been reached.
Settings of AdaptiveStochasticGradientDescent in resolution 0:
( SP_a 87.662487 )
( SP_A 20.000000 )
( SP_alpha 1.000000 )
( SigmoidMax 1.000000 )
( SigmoidMin -0.937031 )
( SigmoidScale 0.000010 )



=============== start of TransformParameterFile ===============
(Transform "EulerTransform")
(NumberOfParameters 6)
(TransformParameters 0.009594 0.005608 0.017572 0.417569 5.587666 0.633216)
(InitialTransformParametersFileName "NoInitialTransform")
(UseBinaryFormatForTransformationParameters "false")
(HowToCombineTransforms "Compose")

// Image specific
(FixedImageDimension 3)
(MovingImageDimension 3)
(FixedInternalImagePixelType "float")
(MovingInternalImagePixelType "float")
(Size 320 272 24)
(Index 0 0 0)
(Spacing 0.7500000000 0.7500000000 3.5000000000)
(Origin -148.5966949463 -98.3042526245 9.3433685303)
(Direction 1.0000000000 0.0000000000 0.0000000000 0.0000000000 1.0000000000 0.0000000000 0.0000000000 0.0000000000 1.0000000000)
(UseDirectionCosines "false")

// EulerTransform specific
(CenterOfRotationPoint -28.9716949463 3.3207473755 49.5933685303)
(ComputeZYX "false")

// ResampleInterpolator specific
(ResampleInterpolator "FinalBSplineInterpolator")
(FinalBSplineInterpolationOrder 3)

// Resampler specific
(Resampler "DefaultResampler")
(DefaultPixelValue 0.000000)
(ResultImageFormat "nii.gz")
(ResultImagePixelType "short")
(CompressResultImage "false")

=============== end of TransformParameterFile ===============

Creating the TransformParameterFile took 0.00s

Registration result checksum: 3676667110

Skipping applying final transform, no resulting output image generated.

Final metric value  = -0.084469
Settings of AdaptiveStochasticGradientDescent for all resolutions:
( SP_a 87.662487 )
( SP_A 20.000000 )
( SP_alpha 1.000000 )
( SigmoidMax 1.000000 )
( SigmoidMin -0.937031 )
( SigmoidScale 0.000010 )

Time spent on saving the results, applying the final transform etc.: 5 ms.
Running elastix with parameter file 0: "/Users/sakinkirti/Programming/Python/CCIPD/racial-disparity-pca/code_matlab/rigid.txt", has finished.


Current time: Mon May 23 08:29:48 2022.
Time used for running elastix with this parameter file:
  4.3s.

-------------------------------------------------------------------------

Total time elapsed: 4.4s.

