
elastix is started at Mon May 23 13:34:05 2022.

which elastix:   /Users/sakinkirti/Programming/Python/CCIPD/racial-disparity-pca/code_matlab/elastix-5.0.0-mac/bin/elastix
elastix runs at: Sakins-MBP.hsd1.ca.comcast.net
  macOS 12.3.1 (x64), 21E258
  with 8192 MB memory, and 2 cores @ 2300 MHz.
-------------------------------------------------------------------------

Running elastix with parameter file 0: "/Users/sakinkirti/Programming/Python/CCIPD/racial-disparity-pca/code_matlab/rigid.txt".

Current time: Mon May 23 13:34:05 2022.
Reading the elastix parameters from file ...

Installing all components.
InstallingComponents was successful.

ELASTIX version: 5.000
Command line options from ElastixBase:
-f        /Users/sakinkirti/Programming/Python/CCIPD/racial-disparity-pca/dataset/to_nifti_cleaned/prostate-000934a/T2W.nii.gz
-m        /Users/sakinkirti/Programming/Python/CCIPD/racial-disparity-pca/dataset/to_nifti_cleaned/prostate-000934a/ADC.nii.gz
-fMask    unspecified, so no fixed mask used
-mMask    unspecified, so no moving mask used
-out      /Users/sakinkirti/Programming/Python/CCIPD/racial-disparity-pca/dataset/to_nifti_cleaned/prostate-000934a/
-p        /Users/sakinkirti/Programming/Python/CCIPD/racial-disparity-pca/code_matlab/rigid.txt
-threads  unspecified, so all available threads are used
Command line options from TransformBase:
-t0       unspecified, so no initial transform used

=============== start of ParameterFile: /Users/sakinkirti/Programming/Python/CCIPD/racial-disparity-pca/code_matlab/rigid.txt ===============
// Example parameter file for rotation registration
// C-style comments: //

// The internal pixel type, used for internal computations
// Leave to float in general. 
// NB: this is not the type of the input images! The pixel 
// type of the input images is automatically read from the 
// images themselves.
// This setting can be changed to "short" to save some memory
// in case of very large 3D images.
(FixedInternalImagePixelType "float")
(MovingInternalImagePixelType "float")

// The dimensions of the fixed and moving image
// Up to elastix 4.5 this had to be specified by the user.
// From elastix 4.6, this is not necessary anymore.
//(FixedImageDimension 3)
//(MovingImageDimension 3)

// Specify whether you want to take into account the so-called
// direction cosines of the images. Recommended: true.
// In some cases, the direction cosines of the image are corrupt,
// due to image format conversions for example. In that case, you 
// may want to set this option to "false".
(UseDirectionCosines "false")

// **************** Main Components **************************

// The following components should usually be left as they are:
(Registration "MultiResolutionRegistration")
(Interpolator "BSplineInterpolator")
(ResampleInterpolator "FinalBSplineInterpolator")
(Resampler "DefaultResampler")

// These may be changed to Fixed/MovingSmoothingImagePyramid.
// See the manual.
(FixedImagePyramid "FixedRecursiveImagePyramid")
(MovingImagePyramid "MovingRecursiveImagePyramid")

// The following components are most important:
// The optimizer AdaptiveStochasticGradientDescent (ASGD) works
// quite ok in general. The Transform and Metric are important
// and need to be chosen careful for each application. See manual.
(Optimizer "AdaptiveStochasticGradientDescent")
(Transform "EulerTransform")
(Metric "AdvancedMattesMutualInformation")

// ***************** Transformation **************************

// Scales the rotations compared to the translations, to make
// sure they are in the same range. In general, it's best to  
// use automatic scales estimation:
(AutomaticScalesEstimation "true")

// Automatically guess an initial translation by aligning the
// geometric centers of the fixed and moving.
(AutomaticTransformInitialization "true")

// Whether transforms are combined by composition or by addition.
// In generally, Compose is the best option in most cases.
// It does not influence the results very much.
(HowToCombineTransforms "Compose")

// ******************* Similarity measure *********************

// Number of grey level bins in each resolution level,
// for the mutual information. 16 or 32 usually works fine.
// You could also employ a hierarchical strategy:
//(NumberOfHistogramBins 16 32 64)
(NumberOfHistogramBins 32)

// If you use a mask, this option is important. 
// If the mask serves as region of interest, set it to false.
// If the mask indicates which pixels are valid, then set it to true.
// If you do not use a mask, the option doesn't matter.
(ErodeMask "false")

// ******************** Multiresolution **********************

// The number of resolutions. 1 Is only enough if the expected
// deformations are small. 3 or 4 mostly works fine. For large
// images and large deformations, 5 or 6 may even be useful.
(NumberOfResolutions 1)

// The downsampling/blurring factors for the image pyramids.
// By default, the images are downsampled by a factor of 2
// compared to the next resolution.
// So, in 2D, with 4 resolutions, the following schedule is used:
//(ImagePyramidSchedule 8 8  4 4  2 2  1 1 )
// And in 3D:
//(ImagePyramidSchedule 8 8 8  4 4 4  2 2 2  1 1 1 )
// You can specify any schedule, for example:
//(ImagePyramidSchedule 4 4  4 3  2 1  1 1 )
// Make sure that the number of elements equals the number
// of resolutions times the image dimension.

// ******************* Optimizer ****************************

// Maximum number of iterations in each resolution level:
// 200-500 works usually fine for rigid registration.
// For more robustness, you may increase this to 1000-2000.
(MaximumNumberOfIterations 500)

// The step size of the optimizer, in mm. By default the voxel size is used.
// which usually works well. In case of unusual high-resolution images
// (eg histology) it is necessary to increase this value a bit, to the size
// of the "smallest visible structure" in the image:
//(MaximumStepLength 1.0)

// **************** Image sampling **********************

// Number of spatial samples used to compute the mutual
// information (and its derivative) in each iteration.
// With an AdaptiveStochasticGradientDescent optimizer,
// in combination with the two options below, around 2000
// samples may already suffice.
(NumberOfSpatialSamples 2000)

// Refresh these spatial samples in every iteration, and select
// them randomly. See the manual for information on other sampling
// strategies.
(NewSamplesEveryIteration "true")
(ImageSampler "Random")

// ************* Interpolation and Resampling ****************

// Order of B-Spline interpolation used during registration/optimisation.
// It may improve accuracy if you set this to 3. Never use 0.
// An order of 1 gives linear interpolation. This is in most 
// applications a good choice.
(BSplineInterpolationOrder 1)

// Order of B-Spline interpolation used for applying the final
// deformation.
// 3 gives good accuracy; recommended in most cases.
// 1 gives worse accuracy (linear interpolation)
// 0 gives worst accuracy, but is appropriate for binary images
// (masks, segmentations); equivalent to nearest neighbor interpolation.
(FinalBSplineInterpolationOrder 3)

//Default pixel value for pixels that come from outside the picture:
(DefaultPixelValue 0)

// Choose whether to generate the deformed moving image.
// You can save some time by setting this to false, if you are
// only interested in the final (nonrigidly) deformed moving image
// for example.
(WriteResultImage "false")

// The pixel type and format of the resulting deformed moving image
(ResultImagePixelType "short")
(ResultImageFormat "nii.gz")




=============== end of ParameterFile: /Users/sakinkirti/Programming/Python/CCIPD/racial-disparity-pca/code_matlab/rigid.txt ===============


Reading images...
Reading images took 94 ms.

WARNING: the fixed pyramid schedule is not fully specified!
  A default pyramid schedule is used.
WARNING: the moving pyramid schedule is not fully specified!
  A default pyramid schedule is used.
WARNING: The parameter "AutomaticTransformInitializationMethod", requested at entry number 0, does not exist at all.
  The default value "GeometricalCenter" is used instead.
Transform parameters are initialized as: [0, 0, 0, -0.25450217723846436, -0.2544945478439331, -18]
Scales are estimated automatically.
Scales for transform parameters are: [3391.2427368164062, 3391.2427368164062, 5481.9854736328125, 1, 1, 1]
Initialization of all components (before registration) took: 14 ms.
Preparation of the image pyramids took: 8 ms.

Resolution: 0
WARNING: The parameter "ShowExactMetricValue", requested at entry number 0, does not exist at all.
  The default value "false" is used instead.
WARNING: The parameter "CheckNumberOfSamples", requested at entry number 0, does not exist at all.
  The default value "true" is used instead.
WARNING: The parameter "UseMultiThreadingForMetrics", requested at entry number 0, does not exist at all.
  The default value "true" is used instead.
Setting the fixed masks took: 0 ms.
Setting the moving masks took: 0 ms.
WARNING: The parameter "NumberOfFixedHistogramBins", requested at entry number 0, does not exist at all.
  The default value "32" is used instead.
WARNING: The parameter "NumberOfMovingHistogramBins", requested at entry number 0, does not exist at all.
  The default value "32" is used instead.
WARNING: The parameter "FixedLimitRangeRatio", requested at entry number 0, does not exist at all.
  The default value "0.01" is used instead.
WARNING: The parameter "MovingLimitRangeRatio", requested at entry number 0, does not exist at all.
  The default value "0.01" is used instead.
WARNING: The parameter "FixedKernelBSplineOrder", requested at entry number 0, does not exist at all.
  The default value "0" is used instead.
WARNING: The parameter "MovingKernelBSplineOrder", requested at entry number 0, does not exist at all.
  The default value "3" is used instead.
WARNING: The parameter "UseFastAndLowMemoryVersion", requested at entry number 0, does not exist at all.
  The default value "true" is used instead.
WARNING: The parameter "UseJacobianPreconditioning", requested at entry number 0, does not exist at all.
  The default value "false" is used instead.
WARNING: The parameter "FiniteDifferenceDerivative", requested at entry number 0, does not exist at all.
  The default value "false" is used instead.
WARNING: The parameter "SP_A", requested at entry number 0, does not exist at all.
  The default value "20" is used instead.
WARNING: The parameter "MaximumNumberOfSamplingAttempts", requested at entry number 0, does not exist at all.
  The default value "0" is used instead.
WARNING: The parameter "SigmoidInitialTime", requested at entry number 0, does not exist at all.
  The default value "0" is used instead.
WARNING: The parameter "MaxBandCovSize", requested at entry number 0, does not exist at all.
  The default value "192" is used instead.
WARNING: The parameter "NumberOfBandStructureSamples", requested at entry number 0, does not exist at all.
  The default value "10" is used instead.
WARNING: The parameter "UseAdaptiveStepSizes", requested at entry number 0, does not exist at all.
  The default value "true" is used instead.
WARNING: The parameter "AutomaticParameterEstimation", requested at entry number 0, does not exist at all.
  The default value "true" is used instead.
WARNING: The parameter "UseConstantStep", requested at entry number 0, does not exist at all.
  The default value "false" is used instead.
WARNING: The parameter "MaximumStepLengthRatio", requested at entry number 0, does not exist at all.
  The default value "1" is used instead.
WARNING: The parameter "MaximumStepLength", requested at entry number 0, does not exist at all.
  The default value "0.957623" is used instead.
WARNING: The parameter "NumberOfGradientMeasurements", requested at entry number 0, does not exist at all.
  The default value "0" is used instead.
WARNING: The parameter "NumberOfJacobianMeasurements", requested at entry number 0, does not exist at all.
  The default value "1000" is used instead.
WARNING: The parameter "NumberOfSamplesForExactGradient", requested at entry number 0, does not exist at all.
  The default value "100000" is used instead.
WARNING: The parameter "SigmoidScaleFactor", requested at entry number 0, does not exist at all.
  The default value "0.1" is used instead.
Elastix initialization of all components (for this resolution) took: 2 ms.
  Computing the fixed image extrema took 9 ms.
  Computing the moving image extrema took 4 ms.
Initialization of AdvancedMattesMutualInformation metric took: 37 ms.
Starting automatic parameter estimation for AdaptiveStochasticGradientDescent ...
WARNING: The parameter "ASGDParameterEstimationMethod", requested at entry number 0, does not exist at all.
  The default value "Original" is used instead.
  Computing JacobianTerms ...
  Computing the Jacobian terms took 0.003574s
  NumberOfGradientMeasurements to estimate sigma_i: 6
  Sampling gradients ...
  Sampling the gradients took 0.597636s
Automatic parameter estimation took 0.60s
1:ItNr	2:Metric	3a:Time	3b:StepSize	4:||Gradient||	Time[ms]
0	-0.144055	0.000000	7.708724	0.011626	647.0
1	-0.149298	0.000000	7.708724	0.014724	5.2
2	-0.137906	0.982658	7.364133	0.013147	9.7
3	-0.136992	1.954642	7.052308	0.010995	2.6
4	-0.152671	1.072447	7.334176	0.013209	3.8
5	-0.142598	2.047470	7.023904	0.020384	6.6
6	-0.178423	1.165124	7.303511	0.012061	6.2
7	-0.142415	2.164369	6.988458	0.014722	4.3
8	-0.148498	3.164269	6.699280	0.009962	11.6
9	-0.156715	4.131837	6.441360	0.011672	6.4
10	-0.139879	3.795527	6.528726	0.009841	10.8
11	-0.161394	3.002868	6.744328	0.010654	4.1
12	-0.156618	3.937345	6.491598	0.024282	5.2
13	-0.163692	4.937333	6.241321	0.019067	3.1
14	-0.165165	4.055164	6.461072	0.009817	2.8
15	-0.152072	3.213275	6.685721	0.011712	12.2
16	-0.168358	3.514782	6.603494	0.014273	3.2
17	-0.156254	2.766344	6.811448	0.011166	11.8
18	-0.122120	1.895824	7.070425	0.009196	2.7
19	-0.139862	1.040098	7.344941	0.013999	7.3
20	-0.142821	0.169820	7.646887	0.009639	17.1
21	-0.146430	0.000000	7.708724	0.011930	7.3
22	-0.133665	0.932024	7.381134	0.013042	5.3
23	-0.183905	0.664412	7.472311	0.011253	9.6
24	-0.158098	1.461641	7.207097	0.014460	8.9
25	-0.130456	2.435634	6.907567	0.023654	7.0
26	-0.126603	3.435634	6.624883	0.016328	3.8
27	-0.172766	4.435457	6.364470	0.017080	6.3
28	-0.179987	5.400708	6.131775	0.024579	8.2
29	-0.156980	6.400708	5.907994	0.010230	7.2
30	-0.169552	7.316057	5.717011	0.011971	9.3
31	-0.174874	8.311121	5.522928	0.014081	9.8
32	-0.146237	7.430126	5.694073	0.015268	14.0
33	-0.139543	6.547974	5.876411	0.013247	5.0
34	-0.170524	5.665627	6.070857	0.006199	15.5
35	-0.150248	6.601373	5.865042	0.015579	11.9
36	-0.150052	5.791703	6.042289	0.009531	4.8
37	-0.144899	6.735115	5.836760	0.014952	12.5
38	-0.149239	7.706872	5.639180	0.011784	8.1
39	-0.164613	6.824618	5.817985	0.016630	10.6
40	-0.169657	7.824618	5.616144	0.009183	11.7
41	-0.154798	7.001048	5.781327	0.006710	8.2
42	-0.140046	7.861066	5.609052	0.007775	9.6
43	-0.154701	7.489298	5.682246	0.011191	8.8
44	-0.167266	6.652469	5.854205	0.021859	16.2
45	-0.144650	7.652469	5.649887	0.026547	5.8
46	-0.158657	6.770123	5.829402	0.009792	12.3
47	-0.151397	7.770098	5.626787	0.010138	7.1
48	-0.111750	7.150928	5.750546	0.014743	11.1
49	-0.157681	6.269919	5.936329	0.019262	6.3
50	-0.159259	7.269801	5.726365	0.013421	13.5
51	-0.143997	8.269481	5.530785	0.022197	10.5
52	-0.145951	7.391435	5.701833	0.014508	6.7
53	-0.154744	8.388169	5.508448	0.023555	12.9
54	-0.146495	9.387950	5.327217	0.012710	12.0
55	-0.141630	8.800433	5.432244	0.010423	5.4
56	-0.148018	9.466043	5.313562	0.015050	15.1
57	-0.156271	10.458650	5.145905	0.014289	11.3
58	-0.136929	9.832534	5.250402	0.028685	6.0
59	-0.148070	8.950188	5.405082	0.017877	10.9
60	-0.140973	8.067957	5.569129	0.019478	8.6
61	-0.142207	7.185629	5.743466	0.027032	10.4
62	-0.125301	8.185629	5.546675	0.009592	7.2
63	-0.160216	9.182124	5.363546	0.006146	13.1
64	-0.155202	8.403139	5.505644	0.013491	9.5
65	-0.140093	9.399321	5.325225	0.016271	8.0
66	-0.145850	8.532001	5.481620	0.005799	12.4
67	-0.147806	7.719917	5.636618	0.012044	13.0
68	-0.159280	8.649142	5.459963	0.019877	8.2
69	-0.131408	8.059035	5.570839	0.019362	11.1
70	-0.137171	9.059033	5.385510	0.012382	10.7
71	-0.132604	10.058666	5.212175	0.015592	4.5
72	-0.152571	9.176328	5.364576	0.016481	14.0
73	-0.156888	10.176325	5.192505	0.007213	7.2
74	-0.155140	10.724201	5.102830	0.011819	9.3
75	-0.152541	10.100105	5.205231	0.012945	6.6
76	-0.164860	9.708109	5.271676	0.011277	7.7
77	-0.137245	10.703470	5.106167	0.011493	9.4
78	-0.164909	11.222652	5.023895	0.022132	6.6
79	-0.141747	10.343482	5.164813	0.008867	7.5
80	-0.134287	9.464182	5.313887	0.009636	7.4
81	-0.139213	10.378821	5.158996	0.022696	8.3
82	-0.173222	9.496485	5.308258	0.010737	4.6
83	-0.137115	8.652970	5.459258	0.009493	8.0
84	-0.146268	9.628960	5.285299	0.013132	7.6
85	-0.155135	8.748826	5.441667	0.008735	9.5
86	-0.123950	8.430390	5.500546	0.017408	5.0
87	-0.146363	7.915797	5.598435	0.007922	6.8
88	-0.150295	7.046280	5.772003	0.008397	10.1
89	-0.160057	6.332375	5.922764	0.012528	6.1
90	-0.169621	5.552761	6.096662	0.018191	5.4
91	-0.184211	5.146815	6.191317	0.008409	5.9
92	-0.148458	4.265837	6.407198	0.009408	12.1
93	-0.140539	3.395855	6.635685	0.007365	9.5
94	-0.128067	3.552530	6.593341	0.016168	5.0
95	-0.129045	4.214871	6.420148	0.005397	6.3
96	-0.154025	3.362949	6.644648	0.016242	9.7
97	-0.141690	3.589771	6.583356	0.005990	9.8
98	-0.149089	2.786422	6.805698	0.006100	4.8
99	-0.151240	3.200705	6.689194	0.015356	7.9
100	-0.148343	4.178964	6.429304	0.010251	6.4
101	-0.158279	5.176966	6.184185	0.014296	6.0
102	-0.133000	6.162744	5.959752	0.008573	12.7
103	-0.153069	5.281956	6.159481	0.008098	12.3
104	-0.181715	4.412162	6.370305	0.012587	11.3
105	-0.162714	3.603957	6.579560	0.014569	5.2
106	-0.169472	4.588764	6.326340	0.011623	6.5
107	-0.164185	4.306223	6.396972	0.011042	11.4
108	-0.170221	5.305775	6.153904	0.013982	11.2
109	-0.141263	6.299531	5.929890	0.013709	7.8
110	-0.106764	5.819035	6.036131	0.018429	13.3
111	-0.152669	4.936688	6.241476	0.014129	9.7
112	-0.154177	5.936687	6.009767	0.007275	7.8
113	-0.161340	6.848403	5.813016	0.032631	15.6
114	-0.148277	7.839382	5.613269	0.015371	12.6
115	-0.132268	8.839382	5.425153	0.013771	9.6
116	-0.158962	9.839372	5.249238	0.012489	7.9
117	-0.155155	8.957237	5.403810	0.013410	10.0
118	-0.145379	8.221355	5.539894	0.014084	7.3
119	-0.155774	9.220530	5.356730	0.009798	9.7
120	-0.136210	10.174559	5.192799	0.006431	7.9
121	-0.146986	10.243044	5.181416	0.020136	8.2
122	-0.178163	10.641401	5.116184	0.024022	8.9
123	-0.166595	9.923886	5.234892	0.015871	7.2
124	-0.137246	9.041540	5.388646	0.011278	11.0
125	-0.146645	10.041377	5.215078	0.014713	5.1
126	-0.177952	11.034822	5.053351	0.011679	9.6
127	-0.148216	10.480160	5.142388	0.017747	6.6
128	-0.129379	11.480159	4.984065	0.014344	9.3
129	-0.138882	12.480159	4.835198	0.016938	5.5
130	-0.151894	11.668605	4.955314	0.010215	13.1
131	-0.158759	10.873008	5.079006	0.021470	6.6
132	-0.156472	9.997951	5.222384	0.007638	9.7
133	-0.165167	9.116629	5.375210	0.020349	6.1
134	-0.144176	8.234837	5.537339	0.020271	9.0
135	-0.156443	9.234837	5.354195	0.024047	7.7
136	-0.159989	8.352491	5.515144	0.005679	7.7
137	-0.130715	8.545684	5.479082	0.008591	12.8
138	-0.154639	7.766894	5.627414	0.017707	6.7
139	-0.155735	8.762571	5.439154	0.013103	10.4
140	-0.149576	8.982693	5.399222	0.010036	6.0
141	-0.147114	8.523315	5.483233	0.010065	9.9
142	-0.169157	8.799921	5.432337	0.010599	7.8
143	-0.148033	9.772330	5.260675	0.021721	9.6
144	-0.117212	8.889983	5.415969	0.011072	6.1
145	-0.168302	8.007639	5.580710	0.030967	11.4
146	-0.165636	9.007639	5.394733	0.020271	7.2
147	-0.176277	8.125889	5.558052	0.006661	5.6
148	-0.134065	9.052388	5.386700	0.018459	11.9
149	-0.142932	8.848955	5.423413	0.009771	9.1
150	-0.143707	9.848605	5.247667	0.021367	8.8
151	-0.144017	10.768227	5.095759	0.009168	7.1
152	-0.121503	9.885880	5.241334	0.010719	11.0
153	-0.137507	10.778279	5.094147	0.016667	6.6
154	-0.149029	11.703634	4.950007	0.018124	6.8
155	-0.136015	12.478063	4.835501	0.015624	11.1
156	-0.124678	13.057865	4.753181	0.020584	8.0
157	-0.155627	14.057865	4.617600	0.013228	9.6
158	-0.147249	13.175543	4.736815	0.009644	6.4
159	-0.169815	14.175311	4.602183	0.014392	13.1
160	-0.135873	15.174295	4.475090	0.015353	9.6
161	-0.130898	14.949462	4.503077	0.009778	8.5
162	-0.150552	15.854433	4.392503	0.010007	14.0
163	-0.147793	15.313543	4.457929	0.008807	9.9
164	-0.148748	16.309456	4.338933	0.012717	6.3
165	-0.170809	17.294008	4.227377	0.011578	14.2
166	-0.167749	17.921287	4.159246	0.019976	11.7
167	-0.151123	17.156070	4.242660	0.018494	7.8
168	-0.150040	18.156070	4.134307	0.028901	15.8
169	-0.154928	19.156070	4.031351	0.013007	10.3
170	-0.156226	20.156070	3.933398	0.015035	16.9
171	-0.134429	19.273723	4.019574	0.014432	16.3
172	-0.146517	18.391536	4.109594	0.010091	14.3
173	-0.144881	18.805960	4.066808	0.018893	11.1
174	-0.131752	17.923615	4.158997	0.016606	6.6
175	-0.123004	18.923615	4.054824	0.003982	11.0
176	-0.140409	19.833395	3.964481	0.018884	6.6
177	-0.149612	18.963522	4.050774	0.017876	11.1
178	-0.152211	19.963522	3.951887	0.012142	15.0
179	-0.152232	19.697626	3.977707	0.020696	10.8
180	-0.143564	18.862262	4.061064	0.007754	9.0
181	-0.143822	19.859428	3.961955	0.013513	11.5
182	-0.150536	20.217291	3.927556	0.008365	10.5
183	-0.152488	19.424580	4.004574	0.016974	7.9
184	-0.139737	18.586557	4.089348	0.011346	11.4
185	-0.142253	18.236716	4.125809	0.017868	11.1
186	-0.166079	18.675989	4.080130	0.014492	7.7
187	-0.148512	19.675989	3.979822	0.013830	11.5
188	-0.154188	20.586942	3.892645	0.010034	6.9
189	-0.141454	21.585314	3.801386	0.013438	8.9
190	-0.140317	20.721492	3.880092	0.016745	14.8
191	-0.131928	20.197207	3.929471	0.016449	11.9
192	-0.158513	19.439541	4.003092	0.021146	7.1
193	-0.153308	20.419598	3.908372	0.013349	17.7
194	-0.111738	19.537252	3.993443	0.008360	8.6
195	-0.139793	18.671821	4.080559	0.008304	19.4
196	-0.153728	18.867143	4.060567	0.015750	11.8
197	-0.144805	19.866824	3.961238	0.011794	11.8
198	-0.119581	20.218773	3.927415	0.009105	9.8
199	-0.136036	21.103261	3.844909	0.018192	11.7
200	-0.142297	20.284460	3.921166	0.008502	15.6
201	-0.113032	19.419660	4.005061	0.013613	11.7
202	-0.157676	18.660372	4.081737	0.015459	7.8
203	-0.144323	17.877344	4.163947	0.007485	12.4
204	-0.170722	17.073561	4.251854	0.009396	13.1
205	-0.118101	17.870292	4.164703	0.024196	12.9
206	-0.148301	16.987978	4.261433	0.011263	10.1
207	-0.140939	17.987978	4.152132	0.014998	13.3
208	-0.132897	17.194172	4.238427	0.010733	11.7
209	-0.133020	16.313451	4.338468	0.013843	7.2
210	-0.139831	15.792429	4.399906	0.020876	6.8
211	-0.131024	14.922840	4.506415	0.008826	13.2
212	-0.138777	14.040547	4.619883	0.018135	11.7
213	-0.149499	15.026317	4.493471	0.014735	5.9
214	-0.141337	14.171733	4.602651	0.018074	11.4
215	-0.169088	13.289386	4.721088	0.018254	5.9
216	-0.123425	14.289386	4.587306	0.013025	11.2
217	-0.140685	13.407044	4.704944	0.012247	8.1
218	-0.134082	13.347454	4.713107	0.011836	12.5
219	-0.161629	14.279333	4.588613	0.009681	9.9
220	-0.143340	13.879462	4.641219	0.010037	6.6
221	-0.122508	13.504751	4.691621	0.018888	14.7
222	-0.138819	12.628606	4.813854	0.005723	13.6
223	-0.155782	11.749334	4.943099	0.012937	11.6
224	-0.149363	12.522657	4.829069	0.014508	9.9
225	-0.133524	11.700061	4.950548	0.020434	10.0
226	-0.150749	12.695323	4.804323	0.024082	14.1
227	-0.139126	13.695323	4.665851	0.016843	10.0
228	-0.148989	14.695323	4.535138	0.012794	9.2
229	-0.143656	15.634852	4.418831	0.008950	9.8
230	-0.160704	15.454767	4.440660	0.020756	10.6
231	-0.154979	14.807142	4.520976	0.012371	6.8
232	-0.172410	15.768801	4.402733	0.015049	14.5
233	-0.182411	14.886484	4.510980	0.014296	9.4
234	-0.130122	14.739156	4.529576	0.007576	10.2
235	-0.148304	14.015504	4.623187	0.014196	15.1
236	-0.137811	14.580850	4.549729	0.018036	10.9
237	-0.145579	15.580849	4.425354	0.011135	12.2
238	-0.143240	16.580000	4.307696	0.009949	8.7
239	-0.138498	16.247463	4.346154	0.010952	9.3
240	-0.132260	15.597816	4.423303	0.008343	13.4
241	-0.146806	16.493176	4.317671	0.003400	8.8
242	-0.153781	17.252943	4.231915	0.015693	10.7
243	-0.139709	16.756187	4.287594	0.018403	11.9
244	-0.153033	17.756187	4.176964	0.018520	10.5
245	-0.152504	16.873895	4.274269	0.004867	8.5
246	-0.147814	15.992536	4.376105	0.014666	7.2
247	-0.145647	15.309799	4.458389	0.010269	11.8
248	-0.162091	14.516653	4.557952	0.018923	11.1
249	-0.132477	13.714664	4.663252	0.011937	7.9
250	-0.143524	12.835183	4.784464	0.011052	12.3
251	-0.145305	12.135087	4.885553	0.009513	13.2
252	-0.154072	12.569720	4.822299	0.014504	7.0
253	-0.174465	13.549492	4.685545	0.015211	16.5
254	-0.148166	14.308425	4.584832	0.012163	9.0
255	-0.163812	13.426080	4.702342	0.017129	12.6
256	-0.134869	14.413643	4.571210	0.007588	8.4
257	-0.147761	14.961132	4.501616	0.010732	9.9
258	-0.156794	14.567918	4.551383	0.012402	10.7
259	-0.157771	15.566667	4.427071	0.022861	11.7
260	-0.159633	14.684323	4.536536	0.013829	10.2
261	-0.156042	13.885424	4.640426	0.013953	12.8
262	-0.133999	13.077689	4.750416	0.008310	13.1
263	-0.164276	12.364973	4.851891	0.013601	7.1
264	-0.137274	11.483261	4.983589	0.017247	11.6
265	-0.166947	10.601021	5.122721	0.021140	14.2
266	-0.133743	9.725437	5.268703	0.018719	10.3
267	-0.151011	8.846019	5.423947	0.012589	14.1
268	-0.149605	7.963841	5.589149	0.011026	11.1
269	-0.147474	8.753232	5.440861	0.016714	14.0
270	-0.168934	9.750862	5.264347	0.009761	10.3
271	-0.159364	10.179878	5.191913	0.008434	10.6
272	-0.157057	11.009267	5.057386	0.012385	13.1
273	-0.155209	11.830215	4.930922	0.016982	8.7
274	-0.145723	10.947869	5.067105	0.013084	9.1
275	-0.140309	10.065522	5.211025	0.014995	13.6
276	-0.152514	11.055020	5.050167	0.012047	10.8
277	-0.159200	10.172674	5.193113	0.025504	7.7
278	-0.151348	11.171721	5.031848	0.007673	13.6
279	-0.148226	10.331721	5.166751	0.008501	11.3
280	-0.150858	9.873499	5.243436	0.014883	9.4
281	-0.128219	9.059346	5.385454	0.017818	10.1
282	-0.134133	10.059346	5.212061	0.010333	11.3
283	-0.136103	9.249325	5.351631	0.011571	7.4
284	-0.138317	10.244611	5.181156	0.010532	13.2
285	-0.151735	11.000641	5.058749	0.013407	11.9
286	-0.168140	11.997527	4.905920	0.011481	6.9
287	-0.150609	11.118201	5.040233	0.006419	15.5
288	-0.146352	11.657736	4.956964	0.010416	10.5
289	-0.128320	12.041136	4.899445	0.008254	8.2
290	-0.142324	12.882231	4.777820	0.017418	11.9
291	-0.169268	13.862819	4.643434	0.013701	11.1
292	-0.133140	14.862818	4.513957	0.013492	8.0
293	-0.150553	15.603001	4.422676	0.015744	14.5
294	-0.146160	16.602998	4.305061	0.008092	29.9
295	-0.178581	17.359705	4.220137	0.008366	11.6
296	-0.157722	18.081385	4.142208	0.011797	7.0
297	-0.156929	17.308348	4.225795	0.015115	27.4
298	-0.157300	18.308337	4.118292	0.008107	12.7
299	-0.138276	17.429651	4.212456	0.017959	10.2
300	-0.143039	16.645601	4.300189	0.018808	10.9
301	-0.133160	15.763255	4.403397	0.012949	13.3
302	-0.172776	16.761446	4.286997	0.017783	16.4
303	-0.135484	15.879101	4.389565	0.006424	12.9
304	-0.158787	15.072685	4.487695	0.012735	18.1
305	-0.160422	16.057646	4.368416	0.008348	15.6
306	-0.145147	15.186165	4.473622	0.023862	15.9
307	-0.135657	15.131236	4.480423	0.023186	9.8
308	-0.181169	14.248906	4.592574	0.007524	18.8
309	-0.153774	13.372285	4.709702	0.007091	7.7
310	-0.133251	14.321260	4.583166	0.013653	13.8
311	-0.157461	13.441052	4.700298	0.012148	10.6
312	-0.123953	14.081516	4.614487	0.020575	6.8
313	-0.149994	15.033737	4.492546	0.012348	11.4
314	-0.147723	14.151535	4.605296	0.017102	10.2
315	-0.129524	13.271793	4.723512	0.009429	8.1
316	-0.141886	14.153076	4.605094	0.008179	10.1
317	-0.173869	13.353648	4.712257	0.016984	8.2
318	-0.149646	13.935680	4.633750	0.015114	8.6
319	-0.150678	14.932258	4.505234	0.010953	7.7
320	-0.178683	15.932239	4.383249	0.015651	8.8
321	-0.150519	15.050203	4.490494	0.016859	10.8
322	-0.132707	16.050166	4.369298	0.011692	7.0
323	-0.169011	17.029294	4.256803	0.027700	10.6
324	-0.149509	18.029294	4.147736	0.014452	8.8
325	-0.159387	17.172301	4.240856	0.011717	8.4
326	-0.170949	16.296834	4.340401	0.017842	11.1
327	-0.165018	15.474712	4.438231	0.018376	9.8
328	-0.132529	14.592366	4.548257	0.012201	8.0
329	-0.178784	13.710022	4.663875	0.022234	11.2
330	-0.141561	14.708395	4.533478	0.021541	15.0
331	-0.157208	13.828375	4.648027	0.017383	8.7
332	-0.133215	14.713483	4.532832	0.014425	10.8
333	-0.147747	14.835947	4.517342	0.014599	14.0
334	-0.170657	14.990573	4.497934	0.026299	18.2
335	-0.131087	15.990573	4.376337	0.015122	10.5
336	-0.140257	15.108227	4.483278	0.006708	13.1
337	-0.133459	14.273510	4.589371	0.012582	15.2
338	-0.146656	13.456035	4.698254	0.016708	8.8
339	-0.158047	14.456026	4.565746	0.012343	142.7
340	-0.148582	13.580589	4.681332	0.018966	13.9
341	-0.150155	14.427810	4.569382	0.005909	18.8
342	-0.151333	15.298669	4.459756	0.018414	15.5
343	-0.142556	16.294660	4.340654	0.009949	14.6
344	-0.140264	15.412344	4.445833	0.008989	31.2
345	-0.145745	14.647450	4.541228	0.020148	18.4
346	-0.159955	13.765538	4.656428	0.011394	17.4
347	-0.153676	12.902533	4.774959	0.013742	65.3
348	-0.143255	12.020188	4.902553	0.017639	8.1
349	-0.127081	11.149018	5.035401	0.015848	7.7
350	-0.154391	12.148991	4.883503	0.006934	9.8
351	-0.139145	13.145559	4.740974	0.012574	7.9
352	-0.123586	12.443159	4.840548	0.018075	10.3
353	-0.154169	13.343127	4.713700	0.012594	15.7
354	-0.149178	12.562193	4.823380	0.008712	79.1
355	-0.160872	13.443561	4.699956	0.013797	8.6
356	-0.169394	12.561696	4.823451	0.011890	9.4
357	-0.144842	13.561689	4.683892	0.011030	9.2
358	-0.170683	14.386027	4.574778	0.008598	10.3
359	-0.124265	15.107812	4.483329	0.015606	7.9
360	-0.153077	16.107774	4.362515	0.012676	19.7
361	-0.142777	17.089528	4.250071	0.020535	20.0
362	-0.140762	18.088654	4.141437	0.012230	14.1
363	-0.156649	19.088654	4.038130	0.013821	16.3
364	-0.155354	18.620597	4.085835	0.011105	10.6
365	-0.150646	19.532966	3.993865	0.011106	19.6
366	-0.171570	18.651300	4.082671	0.019301	12.3
367	-0.132241	17.768954	4.175589	0.011544	37.2
368	-0.148648	16.887083	4.272781	0.010392	7.7
369	-0.184762	17.855708	4.166266	0.006446	10.1
370	-0.141892	18.176578	4.132143	0.021799	10.0
371	-0.139309	17.294263	4.227349	0.009677	13.1
372	-0.157811	16.411973	4.327043	0.011660	8.1
373	-0.141413	17.400672	4.215635	0.019618	17.1
374	-0.136206	18.301692	4.118988	0.017000	9.2
375	-0.148477	17.419346	4.213586	0.014164	8.3
376	-0.120183	16.537009	4.312629	0.014451	9.0
377	-0.148334	17.514938	4.203128	0.007115	14.1
378	-0.187308	16.740048	4.289428	0.008529	35.2
379	-0.114247	17.505269	4.204183	0.014422	14.5
380	-0.151026	16.633047	4.301624	0.011656	8.7
381	-0.151875	15.771425	4.402419	0.007268	14.2
382	-0.160802	16.728540	4.290736	0.011848	11.6
383	-0.149139	17.635650	4.189996	0.010543	10.8
384	-0.142479	17.088764	4.250157	0.014907	9.2
385	-0.143841	16.279308	4.342441	0.008718	50.6
386	-0.139302	15.572116	4.426411	0.012744	7.6
387	-0.153305	14.689853	4.535833	0.017914	7.1
388	-0.167714	15.220858	4.469337	0.015263	11.9
389	-0.115263	14.338514	4.580929	0.014722	13.1
390	-0.138544	15.338514	4.454866	0.011944	7.6
391	-0.145737	14.503939	4.559585	0.010516	11.7
392	-0.157876	13.681433	4.667720	0.020550	10.8
393	-0.147132	12.799086	4.789574	0.006889	15.7
394	-0.154600	13.798929	4.651960	0.009780	13.3
395	-0.123925	14.184720	4.600952	0.007251	31.1
396	-0.154738	13.873653	4.641992	0.018037	13.6
397	-0.145241	14.870267	4.513019	0.012877	21.9
398	-0.136016	15.784199	4.400890	0.013167	16.2
399	-0.138705	16.782238	4.284638	0.018680	16.3
400	-0.163297	17.653226	4.188091	0.015185	7.3
401	-0.144014	16.770880	4.285926	0.010644	11.5
402	-0.134054	15.892815	4.387933	0.018631	12.7
403	-0.161942	16.892815	4.272135	0.014377	7.5
404	-0.176480	17.892814	4.162291	0.012509	12.3
405	-0.141080	17.010523	4.258905	0.012410	7.7
406	-0.140323	17.872300	4.164488	0.014985	10.4
407	-0.134201	18.872299	4.060042	0.011613	10.4
408	-0.145981	19.860472	3.961854	0.013203	10.4
409	-0.156878	20.860223	3.867232	0.016647	9.8
410	-0.155453	21.860222	3.777004	0.021118	14.9
411	-0.150708	22.859616	3.690940	0.009882	14.1
412	-0.139984	23.859616	3.608662	0.017783	16.4
413	-0.148155	24.824993	3.532640	0.012517	11.6
414	-0.124621	23.997215	3.597627	0.017407	7.4
415	-0.129140	24.983872	3.520435	0.021834	15.0
416	-0.132409	24.101528	3.589307	0.009747	10.9
417	-0.136079	23.223732	3.660551	0.013690	15.0
418	-0.135595	22.400424	3.729992	0.010863	13.0
419	-0.129081	21.667923	3.794026	0.011466	17.0
420	-0.145421	20.890871	3.864403	0.017767	13.9
421	-0.142580	21.890744	3.774316	0.011632	9.8
422	-0.146330	22.890565	3.688337	0.012609	14.4
423	-0.140458	22.055595	3.759865	0.011160	9.7
424	-0.130287	22.242665	3.743599	0.022454	14.2
425	-0.132146	23.242165	3.659026	0.012425	12.0
426	-0.138214	24.242165	3.578149	0.010601	11.7
427	-0.154317	23.370470	3.648445	0.012350	13.5
428	-0.154563	24.100112	3.589419	0.008074	11.3
429	-0.156873	23.238703	3.659312	0.015489	7.4
430	-0.123434	22.852654	3.691526	0.013159	12.9
431	-0.120004	22.739162	3.701105	0.007651	10.6
432	-0.151992	23.417364	3.644593	0.012499	11.9
433	-0.166293	22.869298	3.690125	0.006602	35.5
434	-0.147894	23.836759	3.610502	0.006515	13.2
435	-0.156760	24.404494	3.565357	0.016393	11.7
436	-0.123528	23.697186	3.621776	0.009955	18.5
437	-0.164043	23.058874	3.674248	0.009570	36.5
438	-0.132064	23.337190	3.651183	0.012564	30.0
439	-0.133271	23.677731	3.623353	0.018118	23.2
440	-0.148538	24.677724	3.544030	0.028906	11.4
441	-0.149020	23.795378	3.613837	0.011066	17.4
442	-0.165586	22.913032	3.686450	0.012812	10.1
443	-0.156000	23.041771	3.675674	0.012789	11.8
444	-0.133602	22.177228	3.749273	0.011744	9.3
445	-0.144318	21.295632	3.827422	0.017670	11.2
446	-0.151953	22.288762	3.739613	0.008725	16.8
447	-0.159692	21.798274	3.782471	0.018473	15.6
448	-0.150265	21.416191	3.816543	0.007630	10.7
449	-0.112076	21.374362	3.820310	0.020039	8.3
450	-0.146467	21.586276	3.801300	0.011205	9.8
451	-0.141721	20.704296	3.881692	0.021228	16.3
452	-0.159910	21.039925	3.850702	0.006308	22.3
453	-0.171940	20.316214	3.918152	0.008760	18.5
454	-0.163465	20.191114	3.930052	0.013226	16.1
455	-0.164249	21.187628	3.837220	0.018703	20.5
456	-0.137978	20.323033	3.917506	0.010805	16.9
457	-0.156814	19.459320	4.001135	0.007534	11.1
458	-0.154741	20.212702	3.927993	0.017049	10.9
459	-0.130271	21.177410	3.838150	0.017789	8.5
460	-0.149137	20.295064	3.920159	0.011699	10.2
461	-0.147255	20.097935	3.938962	0.020942	6.4
462	-0.152604	19.215691	4.025374	0.020831	10.7
463	-0.130598	20.215691	3.927708	0.015509	6.3
464	-0.144327	21.215691	3.834669	0.010189	8.8
465	-0.145714	22.202186	3.747107	0.012765	7.2
466	-0.162990	23.200545	3.662471	0.020800	9.8
467	-0.137419	24.082932	3.590787	0.010734	8.0
468	-0.161603	25.050785	3.515319	0.009870	10.8
469	-0.140389	26.050334	3.440639	0.010105	5.7
470	-0.133387	27.048810	3.369141	0.009213	15.4
471	-0.145255	27.810642	3.316556	0.004122	9.2
472	-0.146625	27.748365	3.320793	0.009816	19.5
473	-0.129371	28.062877	3.299505	0.017637	29.8
474	-0.145865	27.917506	3.309310	0.009343	23.2
475	-0.152177	27.363835	3.347196	0.011631	38.1
476	-0.151103	27.758457	3.320105	0.008904	15.9
477	-0.150677	28.497529	3.270531	0.006477	16.1
478	-0.154269	29.184275	3.225776	0.017466	20.3
479	-0.162770	28.595551	3.264067	0.008236	19.1
480	-0.139989	27.713248	3.323187	0.014581	14.8
481	-0.131728	28.692494	3.257700	0.016352	28.0
482	-0.170843	29.418142	3.210813	0.013735	9.0
483	-0.141518	28.536583	3.267953	0.014215	18.4
484	-0.154569	29.536581	3.203288	0.020667	14.2
485	-0.148835	30.536581	3.141132	0.010992	8.5
486	-0.132523	31.463730	3.085622	0.019549	15.6
487	-0.165285	31.001233	3.113065	0.009429	11.7
488	-0.145836	30.119172	3.166781	0.022949	11.2
489	-0.151664	29.236827	3.222401	0.010591	11.1
490	-0.124974	28.354481	3.280010	0.008110	8.1
491	-0.156272	29.350728	3.215112	0.018674	10.6
492	-0.148732	29.758013	3.189313	0.019187	13.2
493	-0.122460	28.877335	3.245627	0.013551	10.0
494	-0.123500	29.877335	3.181834	0.016155	9.2
495	-0.174553	29.105667	3.230836	0.008083	10.3
496	-0.129343	28.275731	3.285252	0.015524	14.0
497	-0.153044	29.265351	3.220573	0.011468	13.7
498	-0.177087	28.420997	3.275596	0.013882	10.4
499	-0.158615	29.412040	3.211201	0.015226	13.8
Time spent in resolution 0 (ITK initialization and iterating): 6.923 s.
Stopping condition: Maximum number of iterations has been reached.
Settings of AdaptiveStochasticGradientDescent in resolution 0:
( SP_a 161.883213 )
( SP_A 20.000000 )
( SP_alpha 1.000000 )
( SigmoidMax 1.000000 )
( SigmoidMin -0.882346 )
( SigmoidScale 0.000010 )



=============== start of TransformParameterFile ===============
(Transform "EulerTransform")
(NumberOfParameters 6)
(TransformParameters 0.007409 0.001856 0.007005 0.017981 0.685004 -17.818734)
(InitialTransformParametersFileName "NoInitialTransform")
(UseBinaryFormatForTransformationParameters "false")
(HowToCombineTransforms "Compose")

// Image specific
(FixedImageDimension 3)
(MovingImageDimension 3)
(FixedInternalImagePixelType "float")
(MovingInternalImagePixelType "float")
(Size 256 256 30)
(Index 0 0 0)
(Spacing 0.7031250000 0.7031250000 3.0000000000)
(Origin -98.5284194946 -101.2683258057 102.2023010254)
(Direction 1.0000000000 0.0000000000 0.0000000000 0.0000000000 1.0000000000 0.0000000000 0.0000000000 0.0000000000 1.0000000000)
(UseDirectionCosines "false")

// EulerTransform specific
(CenterOfRotationPoint -8.8799819946 -11.6198883057 145.7023010254)
(ComputeZYX "false")

// ResampleInterpolator specific
(ResampleInterpolator "FinalBSplineInterpolator")
(FinalBSplineInterpolationOrder 3)

// Resampler specific
(Resampler "DefaultResampler")
(DefaultPixelValue 0.000000)
(ResultImageFormat "nii.gz")
(ResultImagePixelType "short")
(CompressResultImage "false")

=============== end of TransformParameterFile ===============

Creating the TransformParameterFile took 0.01s

Registration result checksum: 2378782300

Skipping applying final transform, no resulting output image generated.

Final metric value  = -0.158615
Settings of AdaptiveStochasticGradientDescent for all resolutions:
( SP_a 161.883213 )
( SP_A 20.000000 )
( SP_alpha 1.000000 )
( SigmoidMax 1.000000 )
( SigmoidMin -0.882346 )
( SigmoidScale 0.000010 )

Time spent on saving the results, applying the final transform etc.: 10 ms.
Running elastix with parameter file 0: "/Users/sakinkirti/Programming/Python/CCIPD/racial-disparity-pca/code_matlab/rigid.txt", has finished.


Current time: Mon May 23 13:34:12 2022.
Time used for running elastix with this parameter file:
  7.1s.

-------------------------------------------------------------------------

Total time elapsed: 7.2s.

