
elastix is started at Mon May 23 17:52:33 2022.

which elastix:   /Users/sakinkirti/Programming/Python/CCIPD/racial-disparity-pca/code_matlab/elastix-5.0.0-mac/bin/elastix
elastix runs at: Sakins-MBP.hsd1.ca.comcast.net
  macOS 12.3.1 (x64), 21E258
  with 8192 MB memory, and 2 cores @ 2300 MHz.
-------------------------------------------------------------------------

Running elastix with parameter file 0: "/Users/sakinkirti/Programming/Python/CCIPD/racial-disparity-pca/code_matlab/rigid.txt".

Current time: Mon May 23 17:52:33 2022.
Reading the elastix parameters from file ...

Installing all components.
InstallingComponents was successful.

ELASTIX version: 5.000
Command line options from ElastixBase:
-f        /Users/sakinkirti/Programming/Python/CCIPD/racial-disparity-pca/dataset/to_nifti_cleaned/prostate-001236/T2W.nii.gz
-m        /Users/sakinkirti/Programming/Python/CCIPD/racial-disparity-pca/dataset/to_nifti_cleaned/prostate-001236/ADC.nii.gz
-fMask    unspecified, so no fixed mask used
-mMask    unspecified, so no moving mask used
-out      /Users/sakinkirti/Programming/Python/CCIPD/racial-disparity-pca/dataset/to_nifti_cleaned/prostate-001236/
-p        /Users/sakinkirti/Programming/Python/CCIPD/racial-disparity-pca/code_matlab/rigid.txt
-threads  unspecified, so all available threads are used
Command line options from TransformBase:
-t0       unspecified, so no initial transform used

=============== start of ParameterFile: /Users/sakinkirti/Programming/Python/CCIPD/racial-disparity-pca/code_matlab/rigid.txt ===============
// Example parameter file for rotation registration
// C-style comments: //

// The internal pixel type, used for internal computations
// Leave to float in general. 
// NB: this is not the type of the input images! The pixel 
// type of the input images is automatically read from the 
// images themselves.
// This setting can be changed to "short" to save some memory
// in case of very large 3D images.
(FixedInternalImagePixelType "float")
(MovingInternalImagePixelType "float")

// The dimensions of the fixed and moving image
// Up to elastix 4.5 this had to be specified by the user.
// From elastix 4.6, this is not necessary anymore.
//(FixedImageDimension 3)
//(MovingImageDimension 3)

// Specify whether you want to take into account the so-called
// direction cosines of the images. Recommended: true.
// In some cases, the direction cosines of the image are corrupt,
// due to image format conversions for example. In that case, you 
// may want to set this option to "false".
(UseDirectionCosines "false")

// **************** Main Components **************************

// The following components should usually be left as they are:
(Registration "MultiResolutionRegistration")
(Interpolator "BSplineInterpolator")
(ResampleInterpolator "FinalBSplineInterpolator")
(Resampler "DefaultResampler")

// These may be changed to Fixed/MovingSmoothingImagePyramid.
// See the manual.
(FixedImagePyramid "FixedRecursiveImagePyramid")
(MovingImagePyramid "MovingRecursiveImagePyramid")

// The following components are most important:
// The optimizer AdaptiveStochasticGradientDescent (ASGD) works
// quite ok in general. The Transform and Metric are important
// and need to be chosen careful for each application. See manual.
(Optimizer "AdaptiveStochasticGradientDescent")
(Transform "EulerTransform")
(Metric "AdvancedMattesMutualInformation")

// ***************** Transformation **************************

// Scales the rotations compared to the translations, to make
// sure they are in the same range. In general, it's best to  
// use automatic scales estimation:
(AutomaticScalesEstimation "true")

// Automatically guess an initial translation by aligning the
// geometric centers of the fixed and moving.
(AutomaticTransformInitialization "true")

// Whether transforms are combined by composition or by addition.
// In generally, Compose is the best option in most cases.
// It does not influence the results very much.
(HowToCombineTransforms "Compose")

// ******************* Similarity measure *********************

// Number of grey level bins in each resolution level,
// for the mutual information. 16 or 32 usually works fine.
// You could also employ a hierarchical strategy:
//(NumberOfHistogramBins 16 32 64)
(NumberOfHistogramBins 32)

// If you use a mask, this option is important. 
// If the mask serves as region of interest, set it to false.
// If the mask indicates which pixels are valid, then set it to true.
// If you do not use a mask, the option doesn't matter.
(ErodeMask "false")

// ******************** Multiresolution **********************

// The number of resolutions. 1 Is only enough if the expected
// deformations are small. 3 or 4 mostly works fine. For large
// images and large deformations, 5 or 6 may even be useful.
(NumberOfResolutions 1)

// The downsampling/blurring factors for the image pyramids.
// By default, the images are downsampled by a factor of 2
// compared to the next resolution.
// So, in 2D, with 4 resolutions, the following schedule is used:
//(ImagePyramidSchedule 8 8  4 4  2 2  1 1 )
// And in 3D:
//(ImagePyramidSchedule 8 8 8  4 4 4  2 2 2  1 1 1 )
// You can specify any schedule, for example:
//(ImagePyramidSchedule 4 4  4 3  2 1  1 1 )
// Make sure that the number of elements equals the number
// of resolutions times the image dimension.

// ******************* Optimizer ****************************

// Maximum number of iterations in each resolution level:
// 200-500 works usually fine for rigid registration.
// For more robustness, you may increase this to 1000-2000.
(MaximumNumberOfIterations 500)

// The step size of the optimizer, in mm. By default the voxel size is used.
// which usually works well. In case of unusual high-resolution images
// (eg histology) it is necessary to increase this value a bit, to the size
// of the "smallest visible structure" in the image:
//(MaximumStepLength 1.0)

// **************** Image sampling **********************

// Number of spatial samples used to compute the mutual
// information (and its derivative) in each iteration.
// With an AdaptiveStochasticGradientDescent optimizer,
// in combination with the two options below, around 2000
// samples may already suffice.
(NumberOfSpatialSamples 2000)

// Refresh these spatial samples in every iteration, and select
// them randomly. See the manual for information on other sampling
// strategies.
(NewSamplesEveryIteration "true")
(ImageSampler "Random")

// ************* Interpolation and Resampling ****************

// Order of B-Spline interpolation used during registration/optimisation.
// It may improve accuracy if you set this to 3. Never use 0.
// An order of 1 gives linear interpolation. This is in most 
// applications a good choice.
(BSplineInterpolationOrder 1)

// Order of B-Spline interpolation used for applying the final
// deformation.
// 3 gives good accuracy; recommended in most cases.
// 1 gives worse accuracy (linear interpolation)
// 0 gives worst accuracy, but is appropriate for binary images
// (masks, segmentations); equivalent to nearest neighbor interpolation.
(FinalBSplineInterpolationOrder 3)

//Default pixel value for pixels that come from outside the picture:
(DefaultPixelValue 0)

// Choose whether to generate the deformed moving image.
// You can save some time by setting this to false, if you are
// only interested in the final (nonrigidly) deformed moving image
// for example.
(WriteResultImage "true")

// The pixel type and format of the resulting deformed moving image
(ResultImagePixelType "short")
(ResultImageFormat "nii.gz")




=============== end of ParameterFile: /Users/sakinkirti/Programming/Python/CCIPD/racial-disparity-pca/code_matlab/rigid.txt ===============


Reading images...
Reading images took 80 ms.

WARNING: the fixed pyramid schedule is not fully specified!
  A default pyramid schedule is used.
WARNING: the moving pyramid schedule is not fully specified!
  A default pyramid schedule is used.
WARNING: The parameter "AutomaticTransformInitializationMethod", requested at entry number 0, does not exist at all.
  The default value "GeometricalCenter" is used instead.
Transform parameters are initialized as: [0, 0, 0, 0.0000013709068298339844, 0.000005185604095458984, 0]
Scales are estimated automatically.
Scales for transform parameters are: [3909.801125732052, 3909.8011257320395, 4417.602251464013, 1, 1, 1]
Initialization of all components (before registration) took: 12 ms.
Preparation of the image pyramids took: 9 ms.

Resolution: 0
WARNING: The parameter "ShowExactMetricValue", requested at entry number 0, does not exist at all.
  The default value "false" is used instead.
WARNING: The parameter "CheckNumberOfSamples", requested at entry number 0, does not exist at all.
  The default value "true" is used instead.
WARNING: The parameter "UseMultiThreadingForMetrics", requested at entry number 0, does not exist at all.
  The default value "true" is used instead.
Setting the fixed masks took: 0 ms.
Setting the moving masks took: 0 ms.
WARNING: The parameter "NumberOfFixedHistogramBins", requested at entry number 0, does not exist at all.
  The default value "32" is used instead.
WARNING: The parameter "NumberOfMovingHistogramBins", requested at entry number 0, does not exist at all.
  The default value "32" is used instead.
WARNING: The parameter "FixedLimitRangeRatio", requested at entry number 0, does not exist at all.
  The default value "0.01" is used instead.
WARNING: The parameter "MovingLimitRangeRatio", requested at entry number 0, does not exist at all.
  The default value "0.01" is used instead.
WARNING: The parameter "FixedKernelBSplineOrder", requested at entry number 0, does not exist at all.
  The default value "0" is used instead.
WARNING: The parameter "MovingKernelBSplineOrder", requested at entry number 0, does not exist at all.
  The default value "3" is used instead.
WARNING: The parameter "UseFastAndLowMemoryVersion", requested at entry number 0, does not exist at all.
  The default value "true" is used instead.
WARNING: The parameter "UseJacobianPreconditioning", requested at entry number 0, does not exist at all.
  The default value "false" is used instead.
WARNING: The parameter "FiniteDifferenceDerivative", requested at entry number 0, does not exist at all.
  The default value "false" is used instead.
WARNING: The parameter "SP_A", requested at entry number 0, does not exist at all.
  The default value "20" is used instead.
WARNING: The parameter "MaximumNumberOfSamplingAttempts", requested at entry number 0, does not exist at all.
  The default value "0" is used instead.
WARNING: The parameter "SigmoidInitialTime", requested at entry number 0, does not exist at all.
  The default value "0" is used instead.
WARNING: The parameter "MaxBandCovSize", requested at entry number 0, does not exist at all.
  The default value "192" is used instead.
WARNING: The parameter "NumberOfBandStructureSamples", requested at entry number 0, does not exist at all.
  The default value "10" is used instead.
WARNING: The parameter "UseAdaptiveStepSizes", requested at entry number 0, does not exist at all.
  The default value "true" is used instead.
WARNING: The parameter "AutomaticParameterEstimation", requested at entry number 0, does not exist at all.
  The default value "true" is used instead.
WARNING: The parameter "UseConstantStep", requested at entry number 0, does not exist at all.
  The default value "false" is used instead.
WARNING: The parameter "MaximumStepLengthRatio", requested at entry number 0, does not exist at all.
  The default value "1" is used instead.
WARNING: The parameter "MaximumStepLength", requested at entry number 0, does not exist at all.
  The default value "1.10714" is used instead.
WARNING: The parameter "NumberOfGradientMeasurements", requested at entry number 0, does not exist at all.
  The default value "0" is used instead.
WARNING: The parameter "NumberOfJacobianMeasurements", requested at entry number 0, does not exist at all.
  The default value "1000" is used instead.
WARNING: The parameter "NumberOfSamplesForExactGradient", requested at entry number 0, does not exist at all.
  The default value "100000" is used instead.
WARNING: The parameter "SigmoidScaleFactor", requested at entry number 0, does not exist at all.
  The default value "0.1" is used instead.
Elastix initialization of all components (for this resolution) took: 2 ms.
  Computing the fixed image extrema took 8 ms.
  Computing the moving image extrema took 4 ms.
Initialization of AdvancedMattesMutualInformation metric took: 51 ms.
Starting automatic parameter estimation for AdaptiveStochasticGradientDescent ...
WARNING: The parameter "ASGDParameterEstimationMethod", requested at entry number 0, does not exist at all.
  The default value "Original" is used instead.
  Computing JacobianTerms ...
  Computing the Jacobian terms took 0.002815s
  NumberOfGradientMeasurements to estimate sigma_i: 6
  Sampling gradients ...
  Sampling the gradients took 0.654527s
Automatic parameter estimation took 0.66s
1:ItNr	2:Metric	3a:Time	3b:StepSize	4:||Gradient||	Time[ms]
0	-0.156624	0.000000	19.425524	0.021598	715.4
1	-0.154802	0.000000	19.425524	0.010053	9.6
2	-0.159033	0.000000	19.425524	0.017228	6.4
3	-0.153181	0.000142	19.425392	0.014903	6.0
4	-0.135732	0.000000	19.425524	0.020629	7.1
5	-0.163634	0.000000	19.425524	0.013690	7.8
6	-0.174282	0.000000	19.425524	0.008323	10.8
7	-0.160110	0.999522	18.542949	0.016343	10.5
8	-0.171523	0.490690	18.981987	0.015788	7.7
9	-0.144553	0.049949	19.379430	0.011475	9.0
10	-0.168316	0.000000	19.425524	0.020058	6.7
11	-0.152719	0.000000	19.425524	0.017130	8.6
12	-0.177484	0.000000	19.425524	0.015293	7.7
13	-0.165810	0.000000	19.425524	0.016291	8.8
14	-0.185744	0.999999	18.542546	0.019394	7.5
15	-0.185967	1.999999	17.736349	0.008620	9.2
16	-0.161355	2.957680	17.027359	0.010578	6.2
17	-0.165680	2.455374	17.392006	0.012974	8.9
18	-0.169884	1.946524	17.777682	0.008935	7.2
19	-0.174208	2.384912	17.444410	0.016719	8.7
20	-0.160774	3.384909	16.729035	0.010443	5.9
21	-0.162123	2.876344	17.085363	0.015148	8.2
22	-0.151625	2.370827	17.454924	0.015819	7.4
23	-0.163140	3.370827	16.738702	0.012939	9.2
24	-0.159915	4.370754	16.078987	0.011248	7.2
25	-0.169009	4.389407	16.067173	0.014133	9.4
26	-0.161268	5.389404	15.458326	0.009874	7.0
27	-0.174607	6.389195	14.894049	0.018701	8.0
28	-0.157818	5.881065	15.175590	0.015725	6.7
29	-0.161728	6.881065	14.631292	0.015930	7.5
30	-0.170371	7.878069	14.126153	0.014689	6.7
31	-0.155521	7.369224	14.379526	0.017361	8.3
32	-0.181704	8.369200	13.889926	0.012145	6.8
33	-0.176350	7.860373	14.134814	0.014781	6.0
34	-0.149242	8.860150	13.661552	0.010699	6.2
35	-0.157438	8.672938	13.747746	0.011688	4.8
36	-0.181719	9.670741	13.300494	0.014086	4.8
37	-0.162551	9.161973	13.524845	0.019059	5.2
38	-0.175283	10.161973	13.090827	0.011926	4.1
39	-0.171610	9.653136	13.308133	0.022881	4.6
40	-0.191125	10.653136	12.887696	0.008324	5.3
41	-0.147682	10.146515	13.097324	0.010471	4.6
42	-0.199653	11.116081	12.701924	0.011005	5.3
43	-0.187925	12.114637	12.318903	0.012755	4.8
44	-0.172963	13.039279	11.984273	0.011017	3.7
45	-0.165009	12.728580	12.094669	0.009776	4.6
46	-0.163696	13.728558	11.746413	0.010508	5.0
47	-0.175316	13.236471	11.915247	0.022635	4.7
48	-0.156728	14.236471	11.577096	0.012504	4.9
49	-0.164666	13.727619	11.746731	0.013379	5.7
50	-0.165750	14.727429	11.418006	0.011675	3.7
51	-0.156197	14.635950	11.447317	0.010501	3.9
52	-0.186761	14.127115	11.613137	0.022509	6.2
53	-0.150621	14.875622	11.370841	0.019292	5.2
54	-0.166938	15.875618	11.062486	0.009894	4.0
55	-0.162880	15.366766	11.217275	0.010374	5.2
56	-0.152923	16.156698	10.978801	0.016634	5.6
57	-0.153267	16.029916	11.016390	0.020035	10.0
58	-0.164977	15.521063	11.169883	0.014915	7.9
59	-0.148313	16.521063	10.872187	0.013940	6.3
60	-0.164298	16.012270	11.021642	0.012757	6.9
61	-0.175460	15.511633	11.172768	0.014044	8.8
62	-0.163126	15.002783	11.330680	0.015878	6.6
63	-0.148908	14.496392	11.492323	0.012501	8.1
64	-0.160399	15.496218	11.177487	0.012155	8.2
65	-0.163467	14.989652	11.334814	0.010230	8.3
66	-0.172989	15.971894	11.033679	0.021093	7.9
67	-0.165131	16.971889	10.743105	0.017927	6.7
68	-0.159601	16.463037	10.889027	0.017334	7.4
69	-0.165089	17.463037	10.605923	0.011967	6.4
70	-0.151560	18.463037	10.337167	0.009824	8.0
71	-0.165798	17.954200	10.472196	0.016779	6.8
72	-0.165270	17.446945	10.610362	0.012624	8.0
73	-0.188424	16.938093	10.752676	0.016443	7.3
74	-0.175187	16.429258	10.898853	0.009844	8.7
75	-0.193738	17.429248	10.615248	0.012510	7.9
76	-0.173332	18.421137	10.348154	0.020070	9.0
77	-0.179944	19.421137	10.092146	0.019406	7.3
78	-0.183147	20.421073	9.848514	0.008785	8.4
79	-0.197418	19.926047	9.967638	0.022210	7.6
80	-0.163707	20.039852	9.939997	0.010879	8.7
81	-0.173672	19.532273	10.064474	0.017291	7.2
82	-0.180512	19.037447	10.188862	0.018245	8.6
83	-0.180237	18.528595	10.320023	0.015611	6.6
84	-0.181269	18.019941	10.454552	0.010719	9.1
85	-0.168900	17.568263	10.576987	0.013022	7.8
86	-0.166992	17.341135	10.639643	0.008337	8.6
87	-0.159270	16.857737	10.775499	0.016441	6.3
88	-0.162255	16.348886	10.922307	0.007508	7.0
89	-0.186309	17.040101	10.723841	0.021721	6.6
90	-0.165907	18.040098	10.449154	0.014140	14.4
91	-0.167101	19.034346	10.189651	0.015332	6.5
92	-0.165157	20.034346	9.941331	0.020049	8.6
93	-0.169657	19.525494	10.066158	0.022060	7.2
94	-0.191554	20.525494	9.823748	0.008403	7.4
95	-0.176601	21.473344	9.604518	0.011285	6.7
96	-0.186119	22.472971	9.383670	0.017003	9.0
97	-0.184427	23.472971	9.172673	0.014450	5.7
98	-0.178193	22.964131	9.278837	0.007353	17.3
99	-0.170135	22.455290	9.387488	0.014560	8.7
100	-0.173625	22.032782	9.479657	0.012013	5.4
101	-0.168095	21.524005	9.593076	0.013844	5.6
102	-0.171712	21.892710	9.510614	0.009419	6.1
103	-0.169715	22.892673	9.293943	0.016027	9.7
104	-0.172036	22.383821	9.402953	0.007734	11.0
105	-0.175708	21.925495	9.503350	0.014346	10.8
106	-0.173315	22.915982	9.289010	0.021705	6.8
107	-0.177746	23.030933	9.264759	0.007941	6.5
108	-0.185324	22.550304	9.367007	0.010856	4.4
109	-0.187622	22.189531	9.445252	0.015672	3.7
110	-0.194854	23.176411	9.234250	0.011544	4.4
111	-0.172379	22.667559	9.341855	0.011888	5.6
112	-0.154425	22.192485	9.444606	0.004937	6.4
113	-0.182228	21.747039	9.543024	0.013457	8.3
114	-0.182584	22.746979	9.324895	0.015448	6.9
115	-0.178711	23.706767	9.124704	0.007068	8.4
116	-0.148548	23.221364	9.224863	0.014258	6.7
117	-0.200828	23.797359	9.106251	0.022201	7.6
118	-0.170712	23.288507	9.210877	0.011463	7.6
119	-0.168149	24.288507	9.007495	0.012397	7.3
120	-0.167459	23.779853	9.109811	0.015917	6.6
121	-0.182456	24.779838	8.910822	0.011859	6.3
122	-0.167563	25.753244	8.725298	0.009334	8.0
123	-0.170009	25.244454	8.821296	0.009924	5.9
124	-0.178534	26.238736	8.635625	0.011378	7.0
125	-0.188301	25.733084	8.729062	0.013643	8.0
126	-0.174462	25.493945	8.773960	0.012936	5.8
127	-0.181344	26.493945	8.589221	0.013384	7.1
128	-0.168030	25.985104	8.682241	0.008964	7.0
129	-0.158772	25.476512	8.777251	0.012326	6.4
130	-0.167869	26.476066	8.592456	0.007469	7.6
131	-0.185885	27.026926	8.493902	0.026823	7.7
132	-0.157456	27.224266	8.459144	0.008641	5.7
133	-0.173994	27.254436	8.453855	0.007951	6.2
134	-0.173812	27.631445	8.388318	0.013593	6.5
135	-0.164159	28.631398	8.219313	0.008056	6.4
136	-0.176241	29.625832	8.057863	0.005799	8.5
137	-0.179608	29.118876	8.139369	0.014919	5.7
138	-0.200693	28.634678	8.218770	0.009629	7.1
139	-0.164649	28.125973	8.303876	0.010671	8.5
140	-0.163219	29.116430	8.139766	0.007705	7.4
141	-0.165325	30.115286	7.980705	0.014779	6.7
142	-0.175720	29.627582	8.057584	0.005995	8.0
143	-0.169653	29.118964	8.139354	0.009912	6.9
144	-0.158008	29.899277	8.014574	0.008998	8.6
145	-0.171207	30.000356	7.998689	0.011974	7.4
146	-0.165993	29.526963	8.073630	0.007782	5.9
147	-0.178782	29.018321	8.155732	0.020326	8.1
148	-0.180764	30.015134	7.996372	0.005142	6.2
149	-0.182222	31.013405	7.842901	0.018307	7.5
150	-0.185056	31.914223	7.709383	0.012323	5.6
151	-0.159085	31.643407	7.749043	0.015464	7.3
152	-0.198913	32.602394	7.610406	0.008925	4.4
153	-0.177792	32.093571	7.683341	0.010539	4.6
154	-0.180493	31.584810	7.757678	0.010666	5.8
155	-0.179289	31.075998	7.833475	0.012921	4.3
156	-0.176270	32.075998	7.685885	0.014883	3.8
157	-0.168175	31.567156	7.760283	0.015954	4.9
158	-0.175120	31.058304	7.836137	0.019837	4.9
159	-0.171710	30.549451	7.913489	0.013849	3.9
160	-0.166732	30.040599	7.992383	0.009747	4.6
161	-0.179219	30.681602	7.893254	0.018032	4.6
162	-0.159727	31.681602	7.743424	0.019312	4.6
163	-0.194036	31.172750	7.818948	0.017433	4.1
164	-0.181556	32.172750	7.671900	0.012330	5.7
165	-0.188907	33.167862	7.530960	0.020656	3.9
166	-0.175355	34.167672	7.394476	0.014340	4.1
167	-0.159801	33.661026	7.463014	0.009347	5.0
168	-0.165809	34.661026	7.328934	0.015276	4.5
169	-0.176571	35.658154	7.199952	0.012333	3.5
170	-0.167245	36.571936	7.085675	0.020889	5.4
171	-0.164922	37.550319	6.967272	0.013552	5.4
172	-0.187930	38.550319	6.850274	0.012026	3.9
173	-0.179193	38.041467	6.909314	0.014559	5.3
174	-0.166151	39.039313	6.794481	0.009859	4.9
175	-0.167734	40.039301	6.683170	0.014013	4.6
176	-0.167001	39.530449	6.739352	0.010604	4.0
177	-0.174266	40.530402	6.629828	0.008316	8.7
178	-0.194214	40.626152	6.619527	0.022583	5.6
179	-0.177446	40.123169	6.674000	0.011145	9.4
180	-0.171439	39.614316	6.730027	0.012659	7.1
181	-0.163412	40.614316	6.620799	0.020021	7.7
182	-0.173387	41.614316	6.515060	0.011244	7.4
183	-0.178431	42.614316	6.412645	0.011041	7.3
184	-0.166639	42.105466	6.464353	0.015491	7.3
185	-0.175730	41.598387	6.516718	0.008443	7.4
186	-0.169301	42.596012	6.414490	0.016319	8.1
187	-0.171602	43.596012	6.315189	0.013252	6.7
188	-0.177004	43.087159	6.365331	0.012071	7.4
189	-0.211469	42.643776	6.409676	0.013359	6.1
190	-0.172026	42.134924	6.461337	0.013425	7.1
191	-0.180456	42.641420	6.409914	0.009174	6.5
192	-0.159050	43.641418	6.310753	0.006270	9.4
193	-0.181544	43.173656	6.356752	0.005096	4.9
194	-0.160785	42.765447	6.397446	0.014857	4.4
195	-0.176602	43.754044	6.299776	0.011854	5.7
196	-0.171143	44.754044	6.203968	0.014724	3.9
197	-0.158505	44.245192	6.252353	0.009081	3.9
198	-0.164641	44.879035	6.192198	0.014148	4.7
199	-0.173365	45.607765	6.124451	0.014750	5.0
200	-0.171208	45.098994	6.171592	0.007150	5.1
201	-0.175256	44.590144	6.219471	0.016707	5.2
202	-0.174378	45.588468	6.126226	0.011552	6.0
203	-0.168412	46.588454	6.035587	0.004459	3.6
204	-0.167701	47.586023	5.947801	0.010677	4.6
205	-0.186498	47.085262	5.991546	0.025119	5.2
206	-0.168387	48.071913	5.905961	0.007889	4.7
207	-0.173333	49.071638	5.821699	0.008945	4.7
208	-0.160025	49.625552	5.776040	0.011921	6.5
209	-0.187292	49.243430	5.807461	0.015715	5.3
210	-0.155654	48.854875	5.839764	0.009245	5.0
211	-0.168398	49.665491	5.772775	0.013960	5.3
212	-0.161070	50.453193	5.709136	0.008753	4.3
213	-0.169929	49.944346	5.750085	0.019586	5.0
214	-0.172950	49.474877	5.788389	0.012862	5.6
215	-0.177869	48.988126	5.828646	0.018200	5.1
216	-0.163943	48.481487	5.871147	0.015694	6.6
217	-0.180510	49.481487	5.787846	0.013373	8.5
218	-0.154653	50.367730	5.715973	0.009572	6.2
219	-0.162542	50.714780	5.688311	0.020870	6.9
220	-0.180969	50.205928	5.728961	0.016124	8.1
221	-0.160382	49.697144	5.770191	0.015270	7.6
222	-0.148153	50.694020	5.689959	0.012468	6.1
223	-0.168385	50.185167	5.730632	0.010643	8.4
224	-0.179481	51.046877	5.662091	0.019243	5.8
225	-0.176290	52.046853	5.584580	0.018206	10.4
226	-0.194458	51.550163	5.622813	0.010002	6.2
227	-0.176732	52.550149	5.546365	0.020042	8.4
228	-0.184932	52.288300	5.566182	0.015174	6.0
229	-0.171484	53.288266	5.491258	0.013852	6.1
230	-0.195286	54.288264	5.418321	0.016544	7.4
231	-0.182967	53.779416	5.455191	0.013165	10.0
232	-0.178279	53.270575	5.492566	0.015589	6.0
233	-0.184949	54.270575	5.419595	0.010106	7.2
234	-0.183678	53.769481	5.455916	0.010183	7.8
235	-0.172903	53.262794	5.493141	0.007925	7.1
236	-0.195118	52.754005	5.531035	0.010748	8.5
237	-0.178786	53.753945	5.457050	0.019546	6.8
238	-0.165667	53.245092	5.494451	0.011746	7.8
239	-0.175951	52.738382	5.532207	0.013206	6.5
240	-0.184710	52.229529	5.570649	0.006985	8.2
241	-0.187567	51.737717	5.608315	0.017852	6.7
242	-0.176591	52.612595	5.541660	0.020117	9.0
243	-0.184162	53.612595	5.467388	0.011145	5.9
244	-0.192285	53.699515	5.461026	0.018988	8.3
245	-0.162755	53.190662	5.498482	0.008748	9.6
246	-0.205331	54.183510	5.425871	0.014400	7.5
247	-0.180564	55.179796	5.354911	0.012395	6.4
248	-0.194625	55.766524	5.313983	0.018173	8.0
249	-0.150450	56.766524	5.245650	0.018483	7.0
250	-0.186682	56.684556	5.251185	0.019013	7.9
251	-0.190824	57.684556	5.184448	0.003544	6.3
252	-0.172272	58.306385	5.143798	0.017810	7.5
253	-0.149480	58.638670	5.122336	0.012782	8.1
254	-0.165142	58.570214	5.126743	0.019281	7.1
255	-0.184668	59.569433	5.063161	0.023281	6.3
256	-0.168008	60.569433	5.001089	0.015298	4.0
257	-0.171115	60.060581	5.032483	0.015393	4.9
258	-0.176722	61.060580	4.971157	0.008486	5.3
259	-0.184055	62.049551	4.911959	0.015130	4.4
260	-0.180077	61.540791	4.942235	0.014764	6.1
261	-0.180053	62.540784	4.883076	0.015100	7.9
262	-0.183106	62.032251	4.912983	0.013910	8.0
263	-0.206158	62.990039	4.856957	0.012308	8.2
264	-0.176401	62.481231	4.886560	0.014544	6.3
265	-0.182560	63.481231	4.828718	0.010853	7.6
266	-0.174326	62.973592	4.857908	0.010544	5.8
267	-0.168198	63.973588	4.800739	0.013337	6.7
268	-0.165336	63.464735	4.829661	0.023378	7.2
269	-0.146236	64.464197	4.773180	0.012217	7.0
270	-0.185317	65.464197	4.717976	0.011733	6.8
271	-0.153111	66.461972	4.664153	0.021032	5.9
272	-0.179820	65.953119	4.691448	0.015450	9.0
273	-0.197166	66.953119	4.638107	0.012674	6.6
274	-0.166290	67.953105	4.585967	0.013271	6.9
275	-0.164071	68.911532	4.537082	0.014465	6.4
276	-0.156617	68.402679	4.562906	0.010008	5.4
277	-0.182990	67.939806	4.586653	0.009189	7.2
278	-0.179683	67.433172	4.612930	0.017127	6.1
279	-0.191344	68.433172	4.561350	0.013770	8.1
280	-0.183948	69.433172	4.510911	0.012300	7.1
281	-0.162564	68.924481	4.536429	0.016795	7.3
282	-0.178395	69.310634	4.517032	0.012665	6.6
283	-0.167654	68.808325	4.542296	0.017080	4.7
284	-0.181871	69.808325	4.492275	0.008578	5.8
285	-0.172965	69.395256	4.512803	0.011065	3.6
286	-0.153462	70.393834	4.463496	0.011781	7.2
287	-0.185799	69.885145	4.488478	0.013420	7.0
288	-0.168481	69.382978	4.513416	0.009509	6.3
289	-0.173217	68.874126	4.538970	0.017938	6.5
290	-0.177278	68.365273	4.564816	0.017149	5.2
291	-0.202130	69.365273	4.514301	0.017246	5.3
292	-0.183673	68.856421	4.539865	0.013572	5.7
293	-0.186448	69.856421	4.489897	0.006760	4.8
294	-0.152310	70.837006	4.441957	0.016673	4.3
295	-0.181146	70.328519	4.466688	0.006738	5.7
296	-0.183830	71.314784	4.418967	0.018208	5.9
297	-0.187374	72.295780	4.372502	0.013186	4.8
298	-0.176025	71.786927	4.396481	0.008763	5.8
299	-0.167808	72.766835	4.350536	0.014269	4.4
300	-0.162031	72.576684	4.359377	0.027178	5.3
301	-0.157829	72.067832	4.383212	0.020414	5.0
302	-0.181643	71.558979	4.407309	0.015439	4.9
303	-0.170223	71.050184	4.431670	0.007437	5.2
304	-0.158111	70.542154	4.456264	0.005826	5.2
305	-0.169074	70.033786	4.481149	0.005340	5.3
306	-0.183805	69.616211	4.501799	0.015228	6.6
307	-0.159915	69.435283	4.510806	0.011257	7.2
308	-0.188130	68.926431	4.536330	0.012706	6.1
309	-0.158036	69.926430	4.486440	0.012301	7.2
310	-0.169653	69.417578	4.511689	0.014289	6.1
311	-0.174888	68.926111	4.536347	0.009462	7.4
312	-0.158750	69.926110	4.486456	0.008846	7.8
313	-0.188066	70.626426	4.452165	0.015243	5.1
314	-0.168757	70.197108	4.473124	0.013653	7.3
315	-0.155382	71.197076	4.424609	0.018909	6.9
316	-0.174676	70.965757	4.435738	0.020004	7.2
317	-0.181479	70.456905	4.460418	0.011426	6.2
318	-0.173485	70.265085	4.469793	0.014009	8.7
319	-0.170408	69.757379	4.494797	0.008053	6.7
320	-0.156540	69.248998	4.520117	0.008987	6.9
321	-0.183401	68.744580	4.545522	0.012351	6.7
322	-0.198347	68.235746	4.571442	0.010929	6.1
323	-0.177859	67.745812	4.596679	0.009571	6.9
324	-0.196575	68.527908	4.556523	0.014018	6.5
325	-0.167394	69.397522	4.512690	0.012464	7.2
326	-0.182084	68.888991	4.538220	0.011902	6.3
327	-0.180858	69.319628	4.516582	0.008873	6.1
328	-0.165074	70.200161	4.472975	0.009096	5.9
329	-0.193071	69.972249	4.484181	0.018184	5.6
330	-0.169669	69.463397	4.509404	0.021238	7.6
331	-0.181533	70.463397	4.460101	0.011119	6.9
332	-0.178733	71.367543	4.416443	0.010711	6.8
333	-0.186958	72.308752	4.371894	0.012920	7.4
334	-0.167134	73.308740	4.325538	0.011034	6.0
335	-0.158103	72.799902	4.349002	0.016764	6.4
336	-0.178877	72.294570	4.372559	0.022049	6.1
337	-0.182804	73.294570	4.326188	0.017281	5.3
338	-0.192154	72.785718	4.349660	0.008399	5.7
339	-0.171983	73.785213	4.303794	0.007943	6.3
340	-0.184031	74.740203	4.260864	0.014845	6.6
341	-0.171623	75.735188	4.217038	0.011887	5.8
342	-0.166174	76.735188	4.173891	0.007047	4.5
343	-0.178446	77.191726	4.154485	0.013093	5.9
344	-0.152656	78.178595	4.113146	0.009149	4.1
345	-0.158770	79.178594	4.072088	0.016427	5.4
346	-0.159425	78.670850	4.092832	0.012629	5.9
347	-0.179320	78.162010	4.113834	0.024349	4.0
348	-0.180956	77.653158	4.135053	0.012493	4.1
349	-0.197402	78.653158	4.093558	0.011275	5.6
350	-0.185952	79.360585	4.064703	0.016137	4.5
351	-0.187563	78.851732	4.085417	0.009018	5.3
352	-0.156384	78.342881	4.106344	0.012692	4.3
353	-0.197093	78.122882	4.115457	0.007196	4.8
354	-0.162201	78.481260	4.100632	0.014251	3.9
355	-0.181474	79.190924	4.071586	0.015726	5.9
356	-0.185778	79.804314	4.046811	0.016687	4.3
357	-0.192749	79.295461	4.067343	0.014994	4.5
358	-0.182605	78.814257	4.086951	0.008351	5.2
359	-0.190332	78.316947	4.107416	0.011975	5.2
360	-0.173225	77.808799	4.128539	0.018470	4.0
361	-0.158679	78.808799	4.087175	0.016412	5.0
362	-0.180993	79.808794	4.046631	0.014455	6.0
363	-0.191674	79.306476	4.066896	0.010451	3.8
364	-0.161040	80.299810	4.027016	0.017612	5.8
365	-0.167923	81.103641	3.995313	0.015327	6.8
366	-0.159219	82.103641	3.956563	0.018090	6.9
367	-0.179170	81.594788	3.976186	0.018947	8.7
368	-0.176290	81.085936	3.996006	0.011840	7.3
369	-0.171056	82.085936	3.957242	0.011012	7.8
370	-0.176482	81.577085	3.976873	0.014529	6.2
371	-0.171800	81.068523	3.996688	0.017464	7.3
372	-0.169417	80.559671	4.016713	0.013918	6.8
373	-0.180350	81.559669	3.977548	0.021517	6.4
374	-0.171612	81.154621	3.993319	0.014681	6.5
375	-0.179325	80.645776	4.013310	0.009472	6.3
376	-0.162806	80.136923	4.033502	0.014545	7.9
377	-0.184732	81.136884	3.994013	0.009763	6.3
378	-0.168922	80.628071	4.014009	0.010899	8.3
379	-0.166459	81.628038	3.974898	0.010870	8.3
380	-0.158381	81.119185	3.994705	0.017490	6.6
381	-0.200810	82.119185	3.955966	0.007780	6.3
382	-0.159043	83.119185	3.917972	0.012451	5.1
383	-0.166164	82.683425	3.934438	0.017571	6.4
384	-0.166285	82.174686	3.953838	0.003864	6.9
385	-0.196691	81.680086	3.972883	0.009036	6.8
386	-0.164244	82.019246	3.959804	0.007039	7.2
387	-0.180653	81.725259	3.971136	0.015857	5.2
388	-0.165862	81.281587	3.988362	0.011263	6.3
389	-0.186403	82.281587	3.949746	0.009928	7.2
390	-0.180253	81.772734	3.969302	0.012771	7.3
391	-0.183917	81.514760	3.979290	0.011389	6.4
392	-0.191314	82.514722	3.940850	0.010464	7.1
393	-0.174910	83.448998	3.905600	0.018592	5.4
394	-0.158324	84.448971	3.868563	0.010286	6.9
395	-0.209577	85.448966	3.832221	0.020643	7.2
396	-0.167759	84.940113	3.850628	0.010036	6.2
397	-0.159928	84.612298	3.862581	0.011684	6.6
398	-0.172220	84.117340	3.880768	0.011514	6.0
399	-0.173027	83.608490	3.899645	0.011062	5.7
400	-0.168248	83.099638	3.918707	0.012047	4.2
401	-0.194374	84.096517	3.881537	0.016729	5.0
402	-0.189969	84.967158	3.849646	0.018314	5.2
403	-0.198643	84.459600	3.868173	0.008748	4.6
404	-0.162172	83.950925	3.886921	0.013744	5.6
405	-0.166303	83.442078	3.905859	0.011097	5.4
406	-0.208337	83.081925	3.919374	0.013034	4.6
407	-0.194748	84.081753	3.882082	0.009390	6.4
408	-0.171122	85.081748	3.845487	0.020401	7.0
409	-0.171293	86.081748	3.809576	0.017329	5.6
410	-0.182241	85.573236	3.827753	0.004951	4.9
411	-0.176792	85.089095	3.845221	0.013063	5.4
412	-0.181309	85.370109	3.835062	0.011417	4.5
413	-0.196080	84.861268	3.853496	0.012507	4.9
414	-0.184525	84.352417	3.872109	0.017617	4.6
415	-0.157145	83.844098	3.890882	0.012104	3.6
416	-0.177331	83.335249	3.909858	0.013048	5.6
417	-0.188272	84.335225	3.872741	0.011614	4.8
418	-0.193373	83.842269	3.890950	0.009130	4.2
419	-0.185980	84.840220	3.854263	0.020808	4.2
420	-0.185272	85.840220	3.818188	0.016116	6.3
421	-0.148781	85.452351	3.832100	0.009943	4.5
422	-0.150227	85.039292	3.847027	0.011995	4.5
423	-0.168449	85.784124	3.820193	0.010686	5.0
424	-0.173482	86.670427	3.788747	0.012043	5.1
425	-0.154901	86.284416	3.802379	0.015509	4.8
426	-0.186344	87.265559	3.767920	0.016731	4.5
427	-0.177668	86.756706	3.785713	0.007339	5.3
428	-0.180612	86.247855	3.803675	0.007316	4.1
429	-0.194433	87.226229	3.769290	0.013109	4.1
430	-0.172555	86.719623	3.787017	0.017243	5.5
431	-0.162559	86.210770	3.804991	0.012326	4.1
432	-0.182906	85.701918	3.823137	0.015875	4.5
433	-0.163851	85.193066	3.841456	0.011225	4.8
434	-0.182176	84.684213	3.859952	0.015306	4.2
435	-0.170570	84.180826	3.878426	0.010399	4.0
436	-0.163781	83.684227	3.896824	0.013792	4.9
437	-0.163208	83.175374	3.915858	0.004566	5.1
438	-0.190109	84.011601	3.884676	0.008133	4.5
439	-0.155017	83.647420	3.898195	0.014535	5.2
440	-0.174015	84.643833	3.861428	0.003996	5.0
441	-0.157675	84.295434	3.874204	0.012892	4.8
442	-0.180208	83.791939	3.892819	0.012754	4.1
443	-0.184390	83.283575	3.911795	0.006420	4.8
444	-0.157869	82.783433	3.930647	0.011516	4.9
445	-0.167706	83.510752	3.903292	0.014561	4.6
446	-0.162665	84.483444	3.867299	0.007095	7.5
447	-0.184540	83.997015	3.885215	0.011770	7.6
448	-0.158784	83.488657	3.904118	0.010754	7.1
449	-0.185840	84.488640	3.867108	0.013939	8.2
450	-0.186212	83.979793	3.885853	0.015688	6.5
451	-0.187956	84.979786	3.849187	0.017091	7.1
452	-0.169208	84.470934	3.867758	0.014866	8.4
453	-0.191405	85.470934	3.831431	0.014523	5.9
454	-0.186687	84.962081	3.849830	0.017147	8.3
455	-0.189008	85.962081	3.813838	0.017435	7.4
456	-0.179528	85.453229	3.832068	0.012591	6.4
457	-0.183458	84.944377	3.850473	0.011813	7.3
458	-0.185096	85.916926	3.815448	0.015436	5.7
459	-0.163540	86.916926	3.780093	0.016879	7.1
460	-0.158325	87.916926	3.745387	0.012726	7.5
461	-0.180983	87.408073	3.762967	0.009451	5.9
462	-0.168609	86.932014	3.779564	0.007369	6.3
463	-0.190049	86.546511	3.793112	0.007237	9.6
464	-0.177806	86.047115	3.810808	0.008497	6.2
465	-0.190052	85.539208	3.828975	0.021910	6.4
466	-0.196224	86.538806	3.793384	0.009314	6.0
467	-0.163953	87.538806	3.758435	0.011576	6.0
468	-0.169505	87.030672	3.776113	0.021293	7.3
469	-0.184533	88.026439	3.741625	0.015686	6.5
470	-0.185082	89.026439	3.707618	0.013537	7.2
471	-0.187085	90.026412	3.674225	0.010323	5.9
472	-0.167467	91.026404	3.641427	0.010500	6.1
473	-0.194373	90.966125	3.643388	0.011620	6.3
474	-0.161727	91.965438	3.611158	0.013732	6.2
475	-0.176994	91.492791	3.626330	0.004704	7.4
476	-0.181505	91.115779	3.638524	0.010638	5.2
477	-0.161448	92.112517	3.606462	0.009094	6.6
478	-0.195262	93.092240	3.575493	0.010597	6.7
479	-0.179445	94.084382	3.544669	0.011305	5.5
480	-0.179895	94.949497	3.518221	0.015924	9.6
481	-0.164847	94.440841	3.533723	0.008128	7.9
482	-0.182123	95.400778	3.504581	0.011602	7.1
483	-0.170690	94.893093	3.519934	0.018924	6.4
484	-0.178595	94.384247	3.535457	0.012878	9.0
485	-0.193296	93.910964	3.550018	0.011988	5.1
486	-0.190130	94.877822	3.520398	0.014674	13.1
487	-0.180954	94.368970	3.535925	0.014240	4.8
488	-0.185432	95.367883	3.505572	0.012057	7.2
489	-0.176762	94.859031	3.520969	0.007247	6.7
490	-0.151624	95.853871	3.490993	0.017071	8.2
491	-0.159792	96.853758	3.461375	0.014541	5.4
492	-0.164598	97.853702	3.432253	0.011638	8.4
493	-0.164962	97.344944	3.447008	0.016969	7.0
494	-0.151505	96.836092	3.461894	0.004894	6.9
495	-0.197351	97.836070	3.432763	0.013068	9.0
496	-0.175499	97.341542	3.447107	0.015900	4.9
497	-0.169371	98.062603	3.426231	0.011808	5.8
498	-0.165578	99.062603	3.397694	0.008624	4.4
499	-0.164986	100.061829	3.369650	0.015875	4.4
Time spent in resolution 0 (ITK initialization and iterating): 4.137 s.
Stopping condition: Maximum number of iterations has been reached.
Settings of AdaptiveStochasticGradientDescent in resolution 0:
( SP_a 407.936004 )
( SP_A 20.000000 )
( SP_alpha 1.000000 )
( SigmoidMax 1.000000 )
( SigmoidMin -0.508852 )
( SigmoidScale 0.000006 )



=============== start of TransformParameterFile ===============
(Transform "EulerTransform")
(NumberOfParameters 6)
(TransformParameters 0.004374 -0.002454 0.038066 -3.305817 -4.076785 -1.682970)
(InitialTransformParametersFileName "NoInitialTransform")
(UseBinaryFormatForTransformationParameters "false")
(HowToCombineTransforms "Compose")

// Image specific
(FixedImageDimension 3)
(MovingImageDimension 3)
(FixedInternalImagePixelType "float")
(MovingInternalImagePixelType "float")
(Size 224 224 45)
(Index 0 0 0)
(Spacing 0.7142857313 0.7142857313 3.0000000000)
(Origin -69.7230072021 -41.1859550476 36.6800079346)
(Direction 1.0000000000 0.0000000000 0.0000000000 0.0000000000 1.0000000000 0.0000000000 0.0000000000 0.0000000000 1.0000000000)
(UseDirectionCosines "false")

// EulerTransform specific
(CenterOfRotationPoint 9.9198518395 38.4569039941 102.6800079346)
(ComputeZYX "false")

// ResampleInterpolator specific
(ResampleInterpolator "FinalBSplineInterpolator")
(FinalBSplineInterpolationOrder 3)

// Resampler specific
(Resampler "DefaultResampler")
(DefaultPixelValue 0.000000)
(ResultImageFormat "nii.gz")
(ResultImagePixelType "short")
(CompressResultImage "false")

=============== end of TransformParameterFile ===============

Creating the TransformParameterFile took 0.00s

Registration result checksum: 550987003

Applying final transform ...
  Applying final transform took 1.19s

Final metric value  = -0.164986
Settings of AdaptiveStochasticGradientDescent for all resolutions:
( SP_a 407.936004 )
( SP_A 20.000000 )
( SP_alpha 1.000000 )
( SigmoidMax 1.000000 )
( SigmoidMin -0.508852 )
( SigmoidScale 0.000006 )

Time spent on saving the results, applying the final transform etc.: 1198 ms.
Running elastix with parameter file 0: "/Users/sakinkirti/Programming/Python/CCIPD/racial-disparity-pca/code_matlab/rigid.txt", has finished.


Current time: Mon May 23 17:52:38 2022.
Time used for running elastix with this parameter file:
  5.5s.

-------------------------------------------------------------------------

Total time elapsed: 5.5s.

