
elastix is started at Mon May 23 08:28:09 2022.

which elastix:   /Users/sakinkirti/Programming/Python/CCIPD/racial-disparity-pca/code_matlab/elastix-5.0.0-mac/bin/elastix
elastix runs at: Sakins-MBP.hsd1.ca.comcast.net
  macOS 12.3.1 (x64), 21E258
  with 8192 MB memory, and 2 cores @ 2300 MHz.
-------------------------------------------------------------------------

Running elastix with parameter file 0: "/Users/sakinkirti/Programming/Python/CCIPD/racial-disparity-pca/code_matlab/rigid.txt".

Current time: Mon May 23 08:28:09 2022.
Reading the elastix parameters from file ...

Installing all components.
InstallingComponents was successful.

ELASTIX version: 5.000
Command line options from ElastixBase:
-f        /Users/sakinkirti/Programming/Python/CCIPD/racial-disparity-pca/dataset/to_nifti_cleaned/prostate-001116/ADC.nii.gz
-m        /Users/sakinkirti/Programming/Python/CCIPD/racial-disparity-pca/dataset/to_nifti_cleaned/prostate-001116/T2W.nii.gz
-fMask    unspecified, so no fixed mask used
-mMask    unspecified, so no moving mask used
-out      /Users/sakinkirti/Programming/Python/CCIPD/racial-disparity-pca/dataset/to_nifti_cleaned/prostate-001116/
-p        /Users/sakinkirti/Programming/Python/CCIPD/racial-disparity-pca/code_matlab/rigid.txt
-threads  unspecified, so all available threads are used
Command line options from TransformBase:
-t0       unspecified, so no initial transform used

=============== start of ParameterFile: /Users/sakinkirti/Programming/Python/CCIPD/racial-disparity-pca/code_matlab/rigid.txt ===============
// Example parameter file for rotation registration
// C-style comments: //

// The internal pixel type, used for internal computations
// Leave to float in general. 
// NB: this is not the type of the input images! The pixel 
// type of the input images is automatically read from the 
// images themselves.
// This setting can be changed to "short" to save some memory
// in case of very large 3D images.
(FixedInternalImagePixelType "float")
(MovingInternalImagePixelType "float")

// The dimensions of the fixed and moving image
// Up to elastix 4.5 this had to be specified by the user.
// From elastix 4.6, this is not necessary anymore.
//(FixedImageDimension 3)
//(MovingImageDimension 3)

// Specify whether you want to take into account the so-called
// direction cosines of the images. Recommended: true.
// In some cases, the direction cosines of the image are corrupt,
// due to image format conversions for example. In that case, you 
// may want to set this option to "false".
(UseDirectionCosines "false")

// **************** Main Components **************************

// The following components should usually be left as they are:
(Registration "MultiResolutionRegistration")
(Interpolator "BSplineInterpolator")
(ResampleInterpolator "FinalBSplineInterpolator")
(Resampler "DefaultResampler")

// These may be changed to Fixed/MovingSmoothingImagePyramid.
// See the manual.
(FixedImagePyramid "FixedRecursiveImagePyramid")
(MovingImagePyramid "MovingRecursiveImagePyramid")

// The following components are most important:
// The optimizer AdaptiveStochasticGradientDescent (ASGD) works
// quite ok in general. The Transform and Metric are important
// and need to be chosen careful for each application. See manual.
(Optimizer "AdaptiveStochasticGradientDescent")
(Transform "EulerTransform")
(Metric "AdvancedMattesMutualInformation")

// ***************** Transformation **************************

// Scales the rotations compared to the translations, to make
// sure they are in the same range. In general, it's best to  
// use automatic scales estimation:
(AutomaticScalesEstimation "true")

// Automatically guess an initial translation by aligning the
// geometric centers of the fixed and moving.
(AutomaticTransformInitialization "true")

// Whether transforms are combined by composition or by addition.
// In generally, Compose is the best option in most cases.
// It does not influence the results very much.
(HowToCombineTransforms "Compose")

// ******************* Similarity measure *********************

// Number of grey level bins in each resolution level,
// for the mutual information. 16 or 32 usually works fine.
// You could also employ a hierarchical strategy:
//(NumberOfHistogramBins 16 32 64)
(NumberOfHistogramBins 32)

// If you use a mask, this option is important. 
// If the mask serves as region of interest, set it to false.
// If the mask indicates which pixels are valid, then set it to true.
// If you do not use a mask, the option doesn't matter.
(ErodeMask "false")

// ******************** Multiresolution **********************

// The number of resolutions. 1 Is only enough if the expected
// deformations are small. 3 or 4 mostly works fine. For large
// images and large deformations, 5 or 6 may even be useful.
(NumberOfResolutions 1)

// The downsampling/blurring factors for the image pyramids.
// By default, the images are downsampled by a factor of 2
// compared to the next resolution.
// So, in 2D, with 4 resolutions, the following schedule is used:
//(ImagePyramidSchedule 8 8  4 4  2 2  1 1 )
// And in 3D:
//(ImagePyramidSchedule 8 8 8  4 4 4  2 2 2  1 1 1 )
// You can specify any schedule, for example:
//(ImagePyramidSchedule 4 4  4 3  2 1  1 1 )
// Make sure that the number of elements equals the number
// of resolutions times the image dimension.

// ******************* Optimizer ****************************

// Maximum number of iterations in each resolution level:
// 200-500 works usually fine for rigid registration.
// For more robustness, you may increase this to 1000-2000.
(MaximumNumberOfIterations 500)

// The step size of the optimizer, in mm. By default the voxel size is used.
// which usually works well. In case of unusual high-resolution images
// (eg histology) it is necessary to increase this value a bit, to the size
// of the "smallest visible structure" in the image:
//(MaximumStepLength 1.0)

// **************** Image sampling **********************

// Number of spatial samples used to compute the mutual
// information (and its derivative) in each iteration.
// With an AdaptiveStochasticGradientDescent optimizer,
// in combination with the two options below, around 2000
// samples may already suffice.
(NumberOfSpatialSamples 2000)

// Refresh these spatial samples in every iteration, and select
// them randomly. See the manual for information on other sampling
// strategies.
(NewSamplesEveryIteration "true")
(ImageSampler "Random")

// ************* Interpolation and Resampling ****************

// Order of B-Spline interpolation used during registration/optimisation.
// It may improve accuracy if you set this to 3. Never use 0.
// An order of 1 gives linear interpolation. This is in most 
// applications a good choice.
(BSplineInterpolationOrder 1)

// Order of B-Spline interpolation used for applying the final
// deformation.
// 3 gives good accuracy; recommended in most cases.
// 1 gives worse accuracy (linear interpolation)
// 0 gives worst accuracy, but is appropriate for binary images
// (masks, segmentations); equivalent to nearest neighbor interpolation.
(FinalBSplineInterpolationOrder 3)

//Default pixel value for pixels that come from outside the picture:
(DefaultPixelValue 0)

// Choose whether to generate the deformed moving image.
// You can save some time by setting this to false, if you are
// only interested in the final (nonrigidly) deformed moving image
// for example.
(WriteResultImage "false")

// The pixel type and format of the resulting deformed moving image
(ResultImagePixelType "short")
(ResultImageFormat "nii.gz")




=============== end of ParameterFile: /Users/sakinkirti/Programming/Python/CCIPD/racial-disparity-pca/code_matlab/rigid.txt ===============


Reading images...
Reading images took 139 ms.

WARNING: the fixed pyramid schedule is not fully specified!
  A default pyramid schedule is used.
WARNING: the moving pyramid schedule is not fully specified!
  A default pyramid schedule is used.
WARNING: The parameter "AutomaticTransformInitializationMethod", requested at entry number 0, does not exist at all.
  The default value "GeometricalCenter" is used instead.
Transform parameters are initialized as: [0, 0, 0, -1.3235931396484375, 1.2660140991210938, 0.2324129343032837]
Scales are estimated automatically.
Scales for transform parameters are: [6295.3125, 6295.3125, 9590.625, 1, 1, 1]
Initialization of all components (before registration) took: 10 ms.
Preparation of the image pyramids took: 13 ms.

Resolution: 0
WARNING: The parameter "ShowExactMetricValue", requested at entry number 0, does not exist at all.
  The default value "false" is used instead.
WARNING: The parameter "CheckNumberOfSamples", requested at entry number 0, does not exist at all.
  The default value "true" is used instead.
WARNING: The parameter "UseMultiThreadingForMetrics", requested at entry number 0, does not exist at all.
  The default value "true" is used instead.
Setting the fixed masks took: 0 ms.
Setting the moving masks took: 0 ms.
WARNING: The parameter "NumberOfFixedHistogramBins", requested at entry number 0, does not exist at all.
  The default value "32" is used instead.
WARNING: The parameter "NumberOfMovingHistogramBins", requested at entry number 0, does not exist at all.
  The default value "32" is used instead.
WARNING: The parameter "FixedLimitRangeRatio", requested at entry number 0, does not exist at all.
  The default value "0.01" is used instead.
WARNING: The parameter "MovingLimitRangeRatio", requested at entry number 0, does not exist at all.
  The default value "0.01" is used instead.
WARNING: The parameter "FixedKernelBSplineOrder", requested at entry number 0, does not exist at all.
  The default value "0" is used instead.
WARNING: The parameter "MovingKernelBSplineOrder", requested at entry number 0, does not exist at all.
  The default value "3" is used instead.
WARNING: The parameter "UseFastAndLowMemoryVersion", requested at entry number 0, does not exist at all.
  The default value "true" is used instead.
WARNING: The parameter "UseJacobianPreconditioning", requested at entry number 0, does not exist at all.
  The default value "false" is used instead.
WARNING: The parameter "FiniteDifferenceDerivative", requested at entry number 0, does not exist at all.
  The default value "false" is used instead.
WARNING: The parameter "SP_A", requested at entry number 0, does not exist at all.
  The default value "20" is used instead.
WARNING: The parameter "MaximumNumberOfSamplingAttempts", requested at entry number 0, does not exist at all.
  The default value "0" is used instead.
WARNING: The parameter "SigmoidInitialTime", requested at entry number 0, does not exist at all.
  The default value "0" is used instead.
WARNING: The parameter "MaxBandCovSize", requested at entry number 0, does not exist at all.
  The default value "192" is used instead.
WARNING: The parameter "NumberOfBandStructureSamples", requested at entry number 0, does not exist at all.
  The default value "10" is used instead.
WARNING: The parameter "UseAdaptiveStepSizes", requested at entry number 0, does not exist at all.
  The default value "true" is used instead.
WARNING: The parameter "AutomaticParameterEstimation", requested at entry number 0, does not exist at all.
  The default value "true" is used instead.
WARNING: The parameter "UseConstantStep", requested at entry number 0, does not exist at all.
  The default value "false" is used instead.
WARNING: The parameter "MaximumStepLengthRatio", requested at entry number 0, does not exist at all.
  The default value "1" is used instead.
WARNING: The parameter "MaximumStepLength", requested at entry number 0, does not exist at all.
  The default value "1.10156" is used instead.
WARNING: The parameter "NumberOfGradientMeasurements", requested at entry number 0, does not exist at all.
  The default value "0" is used instead.
WARNING: The parameter "NumberOfJacobianMeasurements", requested at entry number 0, does not exist at all.
  The default value "1000" is used instead.
WARNING: The parameter "NumberOfSamplesForExactGradient", requested at entry number 0, does not exist at all.
  The default value "100000" is used instead.
WARNING: The parameter "SigmoidScaleFactor", requested at entry number 0, does not exist at all.
  The default value "0.1" is used instead.
Elastix initialization of all components (for this resolution) took: 1 ms.
  Computing the fixed image extrema took 4 ms.
  Computing the moving image extrema took 12 ms.
Initialization of AdvancedMattesMutualInformation metric took: 147 ms.
Starting automatic parameter estimation for AdaptiveStochasticGradientDescent ...
WARNING: The parameter "ASGDParameterEstimationMethod", requested at entry number 0, does not exist at all.
  The default value "Original" is used instead.
  Computing JacobianTerms ...
  Computing the Jacobian terms took 0.003053s
  NumberOfGradientMeasurements to estimate sigma_i: 6
  Sampling gradients ...
  Sampling the gradients took 0.684876s
Automatic parameter estimation took 0.69s
1:ItNr	2:Metric	3a:Time	3b:StepSize	4:||Gradient||	Time[ms]
0	-0.191820	0.000000	3.896388	0.015149	839.3
1	-0.189443	0.000000	3.896388	0.035255	3.0
2	-0.172923	0.999993	3.719280	0.031649	6.0
3	-0.176040	0.042567	3.888506	0.019053	2.4
4	-0.212336	0.000000	3.896388	0.032030	3.1
5	-0.191369	0.000000	3.896388	0.028107	2.2
6	-0.191561	1.000000	3.719279	0.013853	2.0
7	-0.185399	2.000000	3.557571	0.023326	2.2
8	-0.168887	2.999997	3.409340	0.015816	4.9
9	-0.162780	3.999265	3.273062	0.023205	3.2
10	-0.195422	3.041861	3.403403	0.024587	2.0
11	-0.163811	2.084442	3.544558	0.027506	3.3
12	-0.216977	1.127017	3.697929	0.018269	2.8
13	-0.161956	2.127017	3.538033	0.031004	3.5
14	-0.176939	3.122783	3.391986	0.033724	3.3
15	-0.186248	4.122783	3.256970	0.023202	3.3
16	-0.175327	5.122765	3.132293	0.017430	2.0
17	-0.183365	6.122764	3.016807	0.025779	3.5
18	-0.190448	5.175262	3.126010	0.026335	2.3
19	-0.214900	6.175262	3.010979	0.010079	3.2
20	-0.172794	5.231537	3.119304	0.014774	2.5
21	-0.163223	4.323430	3.231163	0.016677	4.3
22	-0.206063	5.292614	3.112058	0.034530	2.5
23	-0.190321	6.292614	2.998032	0.020843	2.0
24	-0.188832	5.586641	3.077641	0.015313	2.3
25	-0.201134	4.634633	3.191937	0.013852	4.6
26	-0.178397	5.619407	3.073853	0.017524	4.4
27	-0.188641	4.687418	3.185378	0.016122	2.1
28	-0.169811	5.668185	3.068231	0.027490	3.7
29	-0.179304	6.666953	2.957469	0.026204	3.9
30	-0.165773	7.605278	2.860456	0.029427	2.6
31	-0.179946	6.737984	2.949895	0.017832	3.5
32	-0.188202	6.115866	3.017574	0.016816	2.5
33	-0.180705	6.964003	2.926053	0.033136	3.3
34	-0.187769	7.721483	2.848883	0.019890	4.8
35	-0.153356	8.718636	2.753294	0.019504	3.2
36	-0.217087	7.808221	2.840305	0.029321	2.3
37	-0.188436	6.850796	2.937946	0.034641	2.0
38	-0.190228	5.893370	3.042540	0.018867	4.2
39	-0.182534	4.935945	3.154855	0.014152	4.5
40	-0.171768	4.362817	3.226146	0.021910	2.5
41	-0.177898	3.406677	3.352531	0.013158	4.3
42	-0.182681	4.401943	3.221177	0.014511	2.8
43	-0.178225	3.899497	3.286177	0.017165	4.6
44	-0.186855	4.899461	3.159299	0.012339	3.9
45	-0.188469	3.943410	3.280391	0.045428	2.1
46	-0.192395	4.943401	3.153948	0.027695	3.2
47	-0.184291	3.985976	3.274803	0.015541	4.6
48	-0.208167	3.827330	3.295729	0.010004	2.7
49	-0.185061	4.819058	3.169137	0.011049	4.7
50	-0.176203	4.954152	3.152642	0.026981	2.0
51	-0.200082	4.705120	3.183185	0.021372	4.4
52	-0.199057	5.705118	3.063987	0.014973	3.6
53	-0.192656	6.002727	3.030218	0.035212	3.0
54	-0.150578	7.002722	2.922007	0.025449	3.3
55	-0.154877	6.045296	3.025448	0.022326	4.2
56	-0.176546	5.087871	3.136482	0.023755	5.2
57	-0.182966	4.458352	3.214039	0.025404	2.7
58	-0.166656	5.458349	3.092564	0.028583	2.1
59	-0.213798	4.500924	3.208674	0.019184	4.2
60	-0.173111	3.543498	3.333842	0.017465	4.9
61	-0.203599	2.609698	3.465701	0.019884	2.6
62	-0.212701	2.728083	3.448409	0.014258	2.0
63	-0.190199	3.720047	3.310032	0.021479	3.2
64	-0.212829	2.762707	3.443385	0.021340	3.9
65	-0.182718	1.805282	3.587947	0.031374	4.9
66	-0.176344	2.798701	3.438177	0.020625	2.5
67	-0.181590	1.841276	3.582293	0.015243	3.6
68	-0.159120	1.985449	3.559824	0.012706	4.4
69	-0.184090	2.869077	3.428040	0.023722	5.2
70	-0.170307	3.751728	3.305795	0.014306	2.5
71	-0.212554	4.415481	3.219461	0.018558	3.7
72	-0.180248	3.458409	3.345440	0.015189	4.2
73	-0.174960	3.392291	3.354508	0.025705	4.0
74	-0.192693	4.392290	3.222401	0.021271	3.1
75	-0.173072	4.883108	3.161295	0.027905	2.0
76	-0.170833	5.882811	3.043735	0.032409	5.0
77	-0.190822	4.925679	3.156104	0.037956	4.6
78	-0.166817	5.925190	3.038944	0.015632	3.6
79	-0.180651	6.925190	2.930119	0.027122	4.1
80	-0.192410	6.083872	3.021139	0.024415	4.0
81	-0.165982	7.083642	2.913587	0.025008	2.3
82	-0.194389	6.156122	3.013101	0.025824	2.2
83	-0.191188	5.822433	3.050586	0.011320	2.2
84	-0.185511	4.893114	3.160073	0.026496	2.4
85	-0.181317	5.846875	3.047809	0.033402	2.4
86	-0.191423	6.846861	2.938361	0.022822	2.1
87	-0.169775	7.846861	2.836501	0.019409	2.2
88	-0.182038	7.259292	2.895477	0.016350	2.2
89	-0.181919	8.258408	2.796603	0.012296	4.2
90	-0.172001	7.337276	2.887509	0.025487	2.3
91	-0.176256	7.941022	2.827272	0.015731	6.5
92	-0.227045	8.940308	2.732909	0.028511	3.9
93	-0.162203	7.982887	2.823188	0.021269	2.3
94	-0.177186	8.982879	2.729029	0.009638	4.5
95	-0.164794	8.677992	2.757065	0.016699	4.1
96	-0.183698	8.581778	2.766032	0.029838	4.4
97	-0.156215	7.693311	2.851680	0.022834	2.4
98	-0.166722	8.692997	2.755671	0.011239	3.2
99	-0.190048	9.633767	2.671044	0.020937	4.8
100	-0.190972	9.084322	2.719827	0.029060	4.9
101	-0.159599	8.127958	2.809127	0.011615	2.7
102	-0.173331	7.172018	2.904447	0.025691	2.5
103	-0.186906	7.865428	2.834676	0.028235	5.2
104	-0.187390	6.908002	2.931924	0.013416	3.9
105	-0.144901	7.907983	2.830503	0.010639	5.0
106	-0.164517	7.043811	2.917725	0.020250	4.2
107	-0.163193	7.968257	2.824614	0.043873	3.4
108	-0.169993	7.010832	2.921161	0.022137	2.5
109	-0.174385	7.718866	2.849143	0.014472	5.3
110	-0.189194	6.761441	2.947403	0.016413	5.5
111	-0.206725	7.178993	2.903728	0.011605	2.4
112	-0.154485	7.822832	2.838865	0.019417	3.1
113	-0.199801	6.866486	2.936292	0.030513	7.1
114	-0.205934	7.866486	2.834572	0.009865	3.4
115	-0.185080	7.127030	2.909093	0.020916	2.1
116	-0.155283	7.900604	2.831226	0.021107	5.6
117	-0.177409	8.596045	2.764699	0.022975	6.4
118	-0.197846	9.215891	2.707984	0.022327	3.8
119	-0.202263	10.215891	2.621234	0.011976	2.3
120	-0.185445	9.326343	2.698121	0.024275	4.6
121	-0.177131	10.310774	2.613290	0.021090	6.6
122	-0.170957	11.310613	2.532423	0.025514	2.7
123	-0.185821	12.283488	2.458400	0.014148	4.1
124	-0.178276	12.821147	2.419319	0.030435	4.6
125	-0.195356	11.901111	2.486972	0.033894	4.2
126	-0.190919	12.901108	2.413613	0.046235	2.7
127	-0.171585	13.901108	2.344457	0.010062	4.1
128	-0.196640	13.077435	2.401124	0.012063	5.6
129	-0.173506	12.387174	2.450766	0.006603	5.3
130	-0.172541	12.792431	2.421375	0.010665	2.2
131	-0.191856	12.708423	2.427409	0.015859	4.2
132	-0.179583	12.964060	2.409139	0.021463	3.1
133	-0.190565	12.006717	2.479015	0.023564	5.4
134	-0.211334	12.766069	2.423265	0.027251	3.0
135	-0.199096	13.766028	2.353566	0.009102	2.6
136	-0.179891	14.765299	2.287808	0.025769	3.5
137	-0.179082	13.863901	2.346959	0.020655	5.2
138	-0.183261	12.976454	2.408260	0.021482	4.0
139	-0.163197	13.704761	2.357721	0.015243	3.6
140	-0.195885	14.703704	2.291755	0.020137	4.2
141	-0.149587	13.939960	2.341850	0.030392	4.2
142	-0.190916	13.588612	2.365638	0.012431	3.9
143	-0.193118	12.669716	2.430200	0.028815	3.8
144	-0.177272	11.712293	2.501327	0.019159	3.4
145	-0.203191	12.712027	2.427150	0.012903	4.2
146	-0.182601	11.757470	2.497877	0.018710	4.2
147	-0.186031	12.757318	2.423893	0.024726	4.6
148	-0.173718	11.800242	2.494620	0.009170	4.5
149	-0.177571	11.435699	2.522657	0.017513	4.7
150	-0.199723	10.699585	2.581237	0.021066	5.2
151	-0.212661	9.742161	2.661626	0.018149	5.4
152	-0.185318	10.742150	2.577776	0.016861	2.7
153	-0.200452	11.735270	2.499571	0.026340	3.9
154	-0.193862	12.735259	2.425478	0.025810	3.1
155	-0.198036	13.735259	2.355651	0.030203	4.8
156	-0.184085	14.735259	2.289731	0.012512	3.2
157	-0.180127	15.735259	2.227401	0.029476	3.3
158	-0.170771	14.777834	2.287007	0.013896	6.3
159	-0.168122	13.820631	2.349875	0.015509	4.6
160	-0.190415	14.783115	2.286669	0.030330	2.2
161	-0.171965	13.825823	2.349525	0.020962	3.4
162	-0.197702	12.868528	2.415934	0.019468	4.8
163	-0.188862	13.868527	2.346648	0.015134	3.3
164	-0.176074	14.601830	2.298313	0.015306	4.5
165	-0.191379	13.648694	2.361536	0.016088	2.5
166	-0.180593	14.515807	2.303880	0.024086	4.4
167	-0.153022	15.471703	2.243497	0.026103	3.6
168	-0.180013	14.514278	2.303979	0.011030	4.0
169	-0.191273	15.171566	2.262112	0.023104	2.4
170	-0.166968	14.798457	2.285689	0.019105	7.0
171	-0.198837	14.341078	2.315270	0.017079	3.3
172	-0.193221	15.337333	2.251793	0.057959	3.6
173	-0.202991	14.379907	2.312729	0.025326	2.9
174	-0.176424	15.379907	2.249158	0.015015	6.5
175	-0.182180	14.448530	2.308252	0.022728	2.7
176	-0.166321	13.621043	2.363422	0.023440	3.5
177	-0.210884	12.668703	2.430273	0.025301	3.6
178	-0.194244	11.711278	2.501405	0.016358	5.3
179	-0.205257	12.711277	2.427204	0.018837	2.4
180	-0.181246	11.811342	2.493776	0.011270	3.9
181	-0.173087	12.284700	2.458311	0.013271	7.4
182	-0.184908	11.988711	2.480368	0.017907	3.3
183	-0.193318	12.988647	2.407396	0.017521	6.0
184	-0.181392	12.043932	2.476223	0.026748	5.0
185	-0.190176	11.086507	2.550111	0.020795	2.9
186	-0.181951	10.129083	2.628543	0.024756	2.6
187	-0.201512	11.126065	2.546971	0.021063	4.8
188	-0.163022	10.168640	2.625207	0.013483	4.6
189	-0.187381	9.211329	2.708393	0.021495	2.3
190	-0.193623	10.208360	2.621866	0.029447	2.4
191	-0.139605	9.250935	2.704847	0.008563	2.3
192	-0.190047	9.265265	2.703566	0.020524	2.4
193	-0.186230	8.370793	2.785902	0.038521	3.3
194	-0.181980	7.413367	2.879776	0.018908	2.5
195	-0.191873	6.455942	2.980198	0.017907	2.4
196	-0.189236	5.516908	3.085735	0.021723	2.6
197	-0.193989	4.562224	3.200979	0.016879	4.1
198	-0.184141	3.604799	3.325536	0.024014	7.3
199	-0.167572	4.604799	3.195657	0.013796	4.9
200	-0.179426	4.491379	3.209875	0.022705	3.8
201	-0.189156	5.491268	3.088721	0.018385	6.6
202	-0.178038	6.491268	2.976368	0.021627	2.9
203	-0.182594	6.626016	2.961851	0.025958	2.1
204	-0.206766	7.626016	2.858384	0.024320	3.3
205	-0.225866	6.668591	2.957293	0.038550	6.1
206	-0.216348	5.722462	3.061999	0.019214	4.6
207	-0.171250	6.722462	2.951547	0.025663	4.5
208	-0.176519	5.765062	3.057125	0.018195	11.1
209	-0.171669	4.814157	3.169739	0.019818	56.6
210	-0.177103	5.565534	3.080087	0.013188	24.6
211	-0.168296	4.619584	3.193812	0.019252	43.0
212	-0.213084	5.612761	3.074621	0.016321	18.4
213	-0.196736	4.686290	3.185518	0.024359	4.4
214	-0.179249	5.686289	3.066149	0.014517	4.1
215	-0.175050	6.616029	2.962922	0.015075	3.1
216	-0.179924	7.615979	2.859386	0.016341	5.8
217	-0.144213	8.278423	2.794691	0.015507	3.6
218	-0.180201	8.020860	2.819494	0.009707	2.3
219	-0.173744	8.980582	2.729238	0.022335	3.3
220	-0.209699	8.191904	2.802974	0.035121	6.7
221	-0.178247	9.191092	2.710208	0.011115	3.4
222	-0.157150	10.191090	2.623318	0.020216	3.5
223	-0.179957	9.329291	2.697859	0.010586	4.5
224	-0.186812	10.326257	2.611999	0.018851	3.6
225	-0.193470	11.244839	2.537589	0.018901	4.3
226	-0.228749	12.224687	2.462751	0.031922	2.1
227	-0.189728	13.119577	2.398158	0.024157	5.1
228	-0.160660	14.119577	2.329873	0.024918	3.3
229	-0.207057	13.162154	2.395169	0.036641	2.9
230	-0.180472	14.161679	2.327083	0.014525	3.7
231	-0.215727	15.161655	2.262732	0.028103	3.1
232	-0.179116	14.256697	2.320811	0.015381	5.6
233	-0.177566	13.299323	2.385591	0.008945	3.0
234	-0.181834	13.321193	2.384070	0.019319	2.6
235	-0.194139	12.406409	2.449355	0.018694	5.8
236	-0.202492	13.406409	2.378166	0.039500	3.7
237	-0.150780	12.448983	2.446237	0.012985	4.2
238	-0.188772	13.448983	2.375227	0.022308	3.2
239	-0.191073	14.444156	2.308537	0.020166	6.7
240	-0.190327	15.433935	2.245822	0.023177	3.2
241	-0.198553	16.433935	2.185828	0.029665	3.4
242	-0.213495	17.433935	2.128956	0.041018	4.5
243	-0.201403	18.412051	2.076120	0.032066	4.3
244	-0.181659	19.412051	2.024746	0.020497	2.4
245	-0.184954	20.411709	1.975870	0.015421	2.2
246	-0.188070	21.409923	1.929363	0.030846	5.3
247	-0.191073	21.414159	1.929170	0.013895	4.2
248	-0.196968	20.457225	1.973700	0.020826	3.8
249	-0.204781	20.897048	1.952981	0.020408	2.2
250	-0.177108	20.018128	1.994829	0.021438	4.8
251	-0.199473	20.004005	1.995516	0.022392	2.8
252	-0.181128	19.047498	2.043177	0.020023	2.1
253	-0.169035	18.090544	2.093195	0.015202	4.6
254	-0.204470	19.089011	2.041062	0.029619	3.6
255	-0.203957	18.927332	2.049327	0.018340	4.8
256	-0.187191	19.927332	1.999254	0.020394	3.0
257	-0.206245	20.927257	1.951574	0.007058	3.5
258	-0.205630	20.571634	1.968269	0.019943	3.1
259	-0.161226	19.943935	1.998444	0.026527	4.8
260	-0.205791	19.001907	2.045506	0.017809	4.0
261	-0.196351	18.044481	2.095665	0.018529	3.9
262	-0.187271	17.091759	2.148080	0.024222	2.4
263	-0.153455	16.134348	2.203463	0.021515	5.1
264	-0.169794	15.213138	2.259515	0.032660	3.8
265	-0.156786	14.255807	2.320870	0.018929	4.1
266	-0.181494	13.298385	2.385656	0.011754	2.3
267	-0.169961	12.340993	2.454160	0.025247	5.9
268	-0.189185	11.383603	2.526715	0.021274	2.7
269	-0.199283	10.426177	2.603694	0.011338	4.1
270	-0.173933	9.495894	2.683120	0.034645	3.9
271	-0.171346	10.495894	2.597930	0.010598	4.7
272	-0.169386	11.366068	2.528084	0.021331	2.9
273	-0.174471	10.414438	2.604667	0.018630	4.9
274	-0.158805	9.457019	2.686545	0.038283	8.7
275	-0.212308	8.499593	2.773738	0.032559	3.0
276	-0.175826	7.542168	2.866781	0.024482	4.5
277	-0.178708	8.542168	2.769741	0.016227	4.7
278	-0.196146	9.541848	2.679083	0.022998	4.0
279	-0.156399	10.541848	2.594146	0.015996	2.3
280	-0.191243	9.585640	2.675247	0.017487	4.1
281	-0.181161	10.585006	2.590601	0.020776	5.0
282	-0.173220	9.627585	2.671583	0.015659	2.6
283	-0.150834	10.627407	2.587128	0.019423	4.8
284	-0.178745	9.670770	2.667822	0.014697	4.9
285	-0.172254	8.810240	2.744833	0.016946	4.8
286	-0.177456	9.578690	2.675855	0.026605	2.5
287	-0.198255	8.621275	2.762344	0.014915	3.9
288	-0.207276	9.612084	2.672936	0.027906	3.2
289	-0.179888	10.612000	2.588389	0.011200	6.3
290	-0.153682	9.654578	2.669231	0.014263	2.2
291	-0.185768	10.635423	2.586472	0.024494	4.8
292	-0.204227	11.635422	2.507219	0.023151	7.2
293	-0.203486	12.635422	2.432678	0.017783	4.0
294	-0.183405	13.635356	2.362446	0.022901	3.6
295	-0.167614	12.800858	2.420771	0.013937	2.3
296	-0.211585	11.843440	2.491339	0.015925	6.6
297	-0.181262	12.755092	2.424053	0.013855	3.4
298	-0.173034	11.896577	2.487315	0.022332	3.9
299	-0.190170	12.704351	2.427703	0.015391	5.3
300	-0.186768	13.201730	2.392398	0.028390	6.6
301	-0.194412	12.244304	2.461298	0.019461	4.0
302	-0.215771	13.242537	2.389547	0.036741	5.0
303	-0.213941	12.285111	2.458281	0.019939	4.8
304	-0.152507	13.285111	2.386579	0.013205	3.4
305	-0.177439	14.283038	2.319079	0.011087	3.8
306	-0.190809	14.764910	2.287833	0.020455	3.4
307	-0.178404	15.658315	2.232076	0.021172	4.9
308	-0.196177	14.700896	2.291935	0.016868	5.8
309	-0.173067	13.743591	2.355086	0.019901	4.4
310	-0.172170	14.740217	2.289414	0.015016	4.3
311	-0.162557	15.713911	2.228696	0.016388	4.5
312	-0.178433	16.501535	2.181888	0.010142	4.4
313	-0.202789	16.943792	2.156457	0.037737	4.4
314	-0.177385	15.986367	2.212278	0.035159	4.1
315	-0.210453	15.028942	2.271067	0.018438	3.5
316	-0.183932	16.028548	2.209758	0.017397	3.5
317	-0.178204	15.280453	2.255323	0.019076	4.2
318	-0.159208	16.266698	2.195637	0.013200	3.7
319	-0.183934	15.309643	2.253510	0.013237	3.3
320	-0.188225	14.943493	2.276466	0.024054	3.5
321	-0.198117	15.943486	2.214846	0.012091	4.1
322	-0.171473	15.153419	2.263248	0.024380	4.2
323	-0.180599	15.812528	2.222725	0.018117	4.3
324	-0.179066	15.194117	2.260703	0.032600	4.8
325	-0.190211	16.149111	2.202587	0.022708	5.5
326	-0.176227	17.148985	2.144858	0.020179	2.8
327	-0.190468	16.202334	2.199436	0.020546	3.2
328	-0.190471	17.202334	2.141862	0.029679	4.2
329	-0.195108	16.244932	2.196920	0.017763	5.3
330	-0.181162	15.287507	2.254885	0.019969	2.6
331	-0.164212	16.287441	2.194416	0.016719	3.0
332	-0.202891	15.555608	2.238347	0.022433	4.4
333	-0.189289	14.598182	2.298548	0.031993	3.3
334	-0.136783	13.640757	2.362077	0.017582	3.7
335	-0.215378	12.683361	2.429215	0.030402	4.0
336	-0.175207	13.683361	2.359176	0.007673	4.9
337	-0.210388	13.190441	2.393188	0.032239	4.8
338	-0.195793	12.233342	2.462110	0.008264	3.6
339	-0.178189	13.233142	2.390203	0.018090	2.6
340	-0.204977	14.230326	2.322549	0.017091	7.1
341	-0.168204	15.228785	2.258540	0.012539	3.2
342	-0.192369	14.273894	2.319680	0.009656	5.0
343	-0.177570	15.257025	2.256780	0.035131	4.4
344	-0.179903	14.299930	2.317969	0.006084	5.1
345	-0.183795	13.431702	2.376419	0.017528	2.6
346	-0.187419	12.665270	2.430521	0.021524	4.6
347	-0.198015	13.665177	2.360413	0.015319	6.5
348	-0.180718	12.850960	2.417188	0.016307	3.4
349	-0.195158	11.893545	2.487544	0.024767	3.8
350	-0.177884	10.939430	2.561854	0.028011	3.2
351	-0.180535	11.919582	2.485577	0.018622	4.8
352	-0.175431	10.964224	2.559866	0.017102	2.4
353	-0.157057	10.007005	2.638892	0.021617	3.5
354	-0.179484	10.802958	2.572847	0.020667	5.0
355	-0.201518	11.049810	2.553031	0.032339	4.4
356	-0.186187	10.092384	2.631646	0.018846	2.4
357	-0.174781	11.092150	2.549662	0.016385	4.1
358	-0.177837	12.050639	2.475720	0.026290	8.0
359	-0.198062	11.573303	2.512000	0.020962	2.7
360	-0.192707	12.573303	2.437179	0.023167	3.3
361	-0.182888	11.616741	2.508655	0.032612	4.6
362	-0.216729	12.616741	2.434030	0.021917	4.9
363	-0.199541	11.659315	2.505385	0.024246	2.3
364	-0.180673	12.659315	2.430951	0.026812	2.3
365	-0.194110	12.521047	2.440978	0.026012	4.5
366	-0.182168	11.563621	2.512747	0.033684	5.3
367	-0.245401	12.562907	2.437934	0.018386	3.0
368	-0.196473	13.562907	2.367398	0.016625	2.5
369	-0.182032	12.633047	2.432850	0.032192	4.0
370	-0.158858	11.679323	2.503851	0.025338	4.4
371	-0.218113	12.679323	2.429507	0.021941	3.9
372	-0.176608	11.721928	2.500591	0.022220	2.4
373	-0.164275	12.721928	2.426437	0.016586	4.2
374	-0.187818	13.703591	2.357800	0.008690	4.4
375	-0.220753	14.690174	2.292624	0.034766	4.6
376	-0.160627	15.675230	2.231046	0.014589	3.0
377	-0.167312	14.717805	2.290850	0.027726	5.1
378	-0.190980	13.790423	2.351916	0.011503	7.0
379	-0.167396	12.832998	2.418472	0.017010	6.2
380	-0.195082	13.831615	2.349134	0.025634	4.8
381	-0.154473	12.874191	2.415531	0.013972	3.4
382	-0.211966	11.919541	2.485580	0.028431	3.9
383	-0.212083	11.036008	2.554130	0.013195	7.9
384	-0.197933	10.078584	2.632814	0.021314	6.4
385	-0.164824	9.121211	2.716496	0.008067	3.6
386	-0.197613	8.280907	2.794454	0.011305	3.6
387	-0.184847	7.942331	2.827144	0.016869	6.1
388	-0.185876	8.922349	2.734549	0.036338	5.2
389	-0.165289	7.966100	2.824824	0.011578	5.7
390	-0.165359	7.047051	2.917388	0.039825	3.6
391	-0.228123	6.326633	2.994300	0.041751	2.9
392	-0.188341	7.326633	2.888594	0.018358	3.8
393	-0.189864	6.375978	2.988903	0.015817	4.5
394	-0.190898	6.836992	2.939403	0.015393	3.2
395	-0.135662	7.473184	2.873726	0.009500	3.5
396	-0.186494	7.550393	2.865955	0.014783	4.3
397	-0.173109	8.524973	2.771354	0.019742	5.1
398	-0.187695	9.126278	2.716039	0.020583	3.1
399	-0.175839	9.066715	2.721419	0.011549	3.7
400	-0.143530	8.895714	2.736986	0.016740	4.3
401	-0.185820	9.344264	2.696528	0.026168	3.5
402	-0.163967	8.387045	2.784361	0.025300	2.3
403	-0.165242	9.153138	2.713619	0.018552	4.2
404	-0.189280	8.195716	2.802608	0.029936	5.7
405	-0.173035	7.238291	2.897631	0.017383	4.1
406	-0.187202	8.225954	2.799708	0.024684	2.9
407	-0.178921	9.225948	2.707083	0.019043	4.4
408	-0.185777	10.225663	2.620413	0.024676	4.3
409	-0.197916	11.225662	2.539099	0.013747	3.6
410	-0.180319	12.214946	2.463474	0.021811	3.9
411	-0.201849	11.266596	2.535878	0.027571	4.2
412	-0.183145	12.266547	2.459652	0.023840	5.0
413	-0.162478	13.237009	2.389933	0.019041	3.9
414	-0.204351	12.283262	2.458417	0.024377	4.0
415	-0.164296	11.567703	2.512432	0.038953	3.5
416	-0.156520	10.610277	2.588530	0.007652	4.1
417	-0.180351	11.609748	2.509193	0.015209	3.3
418	-0.178070	10.688705	2.582123	0.010065	3.7
419	-0.207646	9.839383	2.653235	0.018534	2.7
420	-0.189640	9.151145	2.713799	0.018214	5.2
421	-0.184780	10.151143	2.626682	0.013662	2.7
422	-0.190878	9.195123	2.709846	0.019146	3.4
423	-0.182720	8.237852	2.798569	0.021542	4.6
424	-0.185187	7.363611	2.884828	0.025751	3.6
425	-0.158613	8.363611	2.786583	0.020215	3.2
426	-0.185968	9.363611	2.694809	0.016681	2.3
427	-0.159669	8.406186	2.782549	0.023064	4.2
428	-0.191049	7.448761	2.876194	0.011648	4.5
429	-0.191835	7.641853	2.856803	0.020185	2.7
430	-0.163684	8.226492	2.799657	0.018731	4.0
431	-0.179298	9.159810	2.713019	0.021611	4.7
432	-0.173352	10.156400	2.626239	0.021544	4.7
433	-0.208292	9.200289	2.709383	0.036692	2.8
434	-0.165811	8.242863	2.798089	0.030110	4.0
435	-0.160741	9.242863	2.705569	0.026849	5.0
436	-0.195314	8.285438	2.794021	0.012512	5.3
437	-0.172554	9.285438	2.701765	0.032979	2.5
438	-0.169095	10.285365	2.615413	0.023334	4.6
439	-0.180120	11.285365	2.534403	0.012496	3.9
440	-0.189588	10.327946	2.611858	0.015335	3.8
441	-0.171262	10.649702	2.585305	0.039562	2.1
442	-0.182171	9.692310	2.665949	0.021643	3.8
443	-0.188488	8.735266	2.751754	0.032587	4.1
444	-0.178577	9.621526	2.672112	0.013674	3.2
445	-0.191202	10.545174	2.593872	0.026617	3.3
446	-0.194460	9.587749	2.675063	0.015676	2.8
447	-0.176654	10.587617	2.590387	0.023490	5.1
448	-0.179365	11.584917	2.511105	0.023208	4.8
449	-0.170699	10.629713	2.586939	0.013681	2.8
450	-0.146248	11.629711	2.507658	0.017904	2.4
451	-0.175766	11.618543	2.508516	0.011747	5.9
452	-0.201561	10.676774	2.583096	0.024090	4.4
453	-0.181371	10.028711	2.637046	0.014883	2.6
454	-0.171097	9.071319	2.721003	0.033499	2.2
455	-0.191691	10.071318	2.633430	0.016708	5.6
456	-0.185854	9.551230	2.678260	0.014639	4.9
457	-0.164068	9.529165	2.680196	0.011313	2.4
458	-0.191786	10.353930	2.609693	0.043460	3.6
459	-0.170618	11.352990	2.529106	0.026702	5.8
460	-0.191738	10.395564	2.606233	0.022745	4.4
461	-0.182508	9.442654	2.687812	0.014108	2.1
462	-0.175469	8.485243	2.775088	0.021448	4.0
463	-0.193706	9.368723	2.694356	0.016866	5.3
464	-0.189426	10.368204	2.608506	0.014942	3.2
465	-0.196980	11.333942	2.530596	0.030372	2.1
466	-0.186231	10.376685	2.607801	0.014931	3.7
467	-0.192317	9.419269	2.689879	0.031253	5.5
468	-0.181338	8.461845	2.777292	0.021084	3.2
469	-0.183663	7.504420	2.870577	0.021899	2.3
470	-0.166121	8.469981	2.776525	0.025024	7.9
471	-0.195713	7.512557	2.869758	0.038802	5.3
472	-0.175780	6.555131	2.969470	0.018135	2.3
473	-0.205709	5.607369	3.075244	0.035167	3.4
474	-0.186945	5.650031	3.070321	0.019912	5.4
475	-0.165362	6.650031	2.959279	0.017941	4.4
476	-0.183755	7.264863	2.894907	0.024680	2.3
477	-0.158182	6.307438	2.996405	0.015975	3.5
478	-0.191823	5.350050	3.105275	0.021476	7.6
479	-0.177524	6.332958	2.993607	0.017359	3.0
480	-0.208205	5.375534	3.102274	0.018867	2.4
481	-0.169243	4.445626	3.215647	0.012778	4.5
482	-0.199597	5.432370	3.095604	0.019830	5.8
483	-0.160976	6.428036	2.983230	0.025245	2.4
484	-0.214798	5.474364	3.090693	0.022636	3.3
485	-0.197412	5.940506	3.037216	0.021361	5.0
486	-0.172347	6.940506	2.928513	0.022739	3.9
487	-0.211297	5.983438	3.032384	0.015913	2.4
488	-0.177538	6.979462	2.924436	0.010503	4.4
489	-0.186939	7.778409	2.843248	0.019667	3.7
490	-0.199791	6.821686	2.941020	0.015275	3.6
491	-0.180378	7.819510	2.839193	0.026753	5.2
492	-0.205510	7.128240	2.908968	0.019325	3.7
493	-0.181810	6.391412	2.987219	0.021959	4.5
494	-0.182275	6.421700	2.983919	0.012978	6.4
495	-0.181589	5.539754	3.083078	0.032260	3.3
496	-0.190642	4.583043	3.198374	0.029360	3.7
497	-0.188689	3.625921	3.322684	0.020032	4.6
498	-0.204964	3.410827	3.351961	0.019264	4.7
499	-0.161972	4.398524	3.221610	0.011769	3.4
Time spent in resolution 0 (ITK initialization and iterating): 3.117 s.
Stopping condition: Maximum number of iterations has been reached.
Settings of AdaptiveStochasticGradientDescent in resolution 0:
( SP_a 81.824143 )
( SP_A 20.000000 )
( SP_alpha 1.000000 )
( SigmoidMax 1.000000 )
( SigmoidMin -0.957425 )
( SigmoidScale 0.000018 )



=============== start of TransformParameterFile ===============
(Transform "EulerTransform")
(NumberOfParameters 6)
(TransformParameters 0.003344 -0.001454 0.004518 -0.985152 0.886887 0.420122)
(InitialTransformParametersFileName "NoInitialTransform")
(UseBinaryFormatForTransformationParameters "false")
(HowToCombineTransforms "Compose")

// Image specific
(FixedImageDimension 3)
(MovingImageDimension 3)
(FixedInternalImagePixelType "float")
(MovingInternalImagePixelType "float")
(Size 160 160 45)
(Index 0 0 0)
(Spacing 1.5000000000 1.5000000000 3.0000000000)
(Origin -122.8617477417 -110.9983215332 0.5259782076)
(Direction 0.9990421662 0.0437578497 -0.0000255435 -0.0437562905 0.9990111817 0.0078769194 0.0003701953 -0.0078682568 0.9999689763)
(UseDirectionCosines "false")

// EulerTransform specific
(CenterOfRotationPoint -3.6117477417 8.2516784668 66.5259782076)
(ComputeZYX "false")

// ResampleInterpolator specific
(ResampleInterpolator "FinalBSplineInterpolator")
(FinalBSplineInterpolationOrder 3)

// Resampler specific
(Resampler "DefaultResampler")
(DefaultPixelValue 0.000000)
(ResultImageFormat "nii.gz")
(ResultImagePixelType "short")
(CompressResultImage "false")

=============== end of TransformParameterFile ===============

Creating the TransformParameterFile took 0.00s

Registration result checksum: 1898206979

Skipping applying final transform, no resulting output image generated.

Final metric value  = -0.161972
Settings of AdaptiveStochasticGradientDescent for all resolutions:
( SP_a 81.824143 )
( SP_A 20.000000 )
( SP_alpha 1.000000 )
( SigmoidMax 1.000000 )
( SigmoidMin -0.957425 )
( SigmoidScale 0.000018 )

Time spent on saving the results, applying the final transform etc.: 3 ms.
Running elastix with parameter file 0: "/Users/sakinkirti/Programming/Python/CCIPD/racial-disparity-pca/code_matlab/rigid.txt", has finished.


Current time: Mon May 23 08:28:12 2022.
Time used for running elastix with this parameter file:
  3.3s.

-------------------------------------------------------------------------

Total time elapsed: 3.4s.

