
elastix is started at Mon May 23 17:56:08 2022.

which elastix:   /Users/sakinkirti/Programming/Python/CCIPD/racial-disparity-pca/code_matlab/elastix-5.0.0-mac/bin/elastix
elastix runs at: Sakins-MBP.hsd1.ca.comcast.net
  macOS 12.3.1 (x64), 21E258
  with 8192 MB memory, and 2 cores @ 2300 MHz.
-------------------------------------------------------------------------

Running elastix with parameter file 0: "/Users/sakinkirti/Programming/Python/CCIPD/racial-disparity-pca/code_matlab/rigid.txt".

Current time: Mon May 23 17:56:08 2022.
Reading the elastix parameters from file ...

Installing all components.
InstallingComponents was successful.

ELASTIX version: 5.000
Command line options from ElastixBase:
-f        /Users/sakinkirti/Programming/Python/CCIPD/racial-disparity-pca/dataset/to_nifti_cleaned/prostate-000947/T2W.nii.gz
-m        /Users/sakinkirti/Programming/Python/CCIPD/racial-disparity-pca/dataset/to_nifti_cleaned/prostate-000947/ADC.nii.gz
-fMask    unspecified, so no fixed mask used
-mMask    unspecified, so no moving mask used
-out      /Users/sakinkirti/Programming/Python/CCIPD/racial-disparity-pca/dataset/to_nifti_cleaned/prostate-000947/
-p        /Users/sakinkirti/Programming/Python/CCIPD/racial-disparity-pca/code_matlab/rigid.txt
-threads  unspecified, so all available threads are used
Command line options from TransformBase:
-t0       unspecified, so no initial transform used

=============== start of ParameterFile: /Users/sakinkirti/Programming/Python/CCIPD/racial-disparity-pca/code_matlab/rigid.txt ===============
// Example parameter file for rotation registration
// C-style comments: //

// The internal pixel type, used for internal computations
// Leave to float in general. 
// NB: this is not the type of the input images! The pixel 
// type of the input images is automatically read from the 
// images themselves.
// This setting can be changed to "short" to save some memory
// in case of very large 3D images.
(FixedInternalImagePixelType "float")
(MovingInternalImagePixelType "float")

// The dimensions of the fixed and moving image
// Up to elastix 4.5 this had to be specified by the user.
// From elastix 4.6, this is not necessary anymore.
//(FixedImageDimension 3)
//(MovingImageDimension 3)

// Specify whether you want to take into account the so-called
// direction cosines of the images. Recommended: true.
// In some cases, the direction cosines of the image are corrupt,
// due to image format conversions for example. In that case, you 
// may want to set this option to "false".
(UseDirectionCosines "false")

// **************** Main Components **************************

// The following components should usually be left as they are:
(Registration "MultiResolutionRegistration")
(Interpolator "BSplineInterpolator")
(ResampleInterpolator "FinalBSplineInterpolator")
(Resampler "DefaultResampler")

// These may be changed to Fixed/MovingSmoothingImagePyramid.
// See the manual.
(FixedImagePyramid "FixedRecursiveImagePyramid")
(MovingImagePyramid "MovingRecursiveImagePyramid")

// The following components are most important:
// The optimizer AdaptiveStochasticGradientDescent (ASGD) works
// quite ok in general. The Transform and Metric are important
// and need to be chosen careful for each application. See manual.
(Optimizer "AdaptiveStochasticGradientDescent")
(Transform "EulerTransform")
(Metric "AdvancedMattesMutualInformation")

// ***************** Transformation **************************

// Scales the rotations compared to the translations, to make
// sure they are in the same range. In general, it's best to  
// use automatic scales estimation:
(AutomaticScalesEstimation "true")

// Automatically guess an initial translation by aligning the
// geometric centers of the fixed and moving.
(AutomaticTransformInitialization "true")

// Whether transforms are combined by composition or by addition.
// In generally, Compose is the best option in most cases.
// It does not influence the results very much.
(HowToCombineTransforms "Compose")

// ******************* Similarity measure *********************

// Number of grey level bins in each resolution level,
// for the mutual information. 16 or 32 usually works fine.
// You could also employ a hierarchical strategy:
//(NumberOfHistogramBins 16 32 64)
(NumberOfHistogramBins 32)

// If you use a mask, this option is important. 
// If the mask serves as region of interest, set it to false.
// If the mask indicates which pixels are valid, then set it to true.
// If you do not use a mask, the option doesn't matter.
(ErodeMask "false")

// ******************** Multiresolution **********************

// The number of resolutions. 1 Is only enough if the expected
// deformations are small. 3 or 4 mostly works fine. For large
// images and large deformations, 5 or 6 may even be useful.
(NumberOfResolutions 1)

// The downsampling/blurring factors for the image pyramids.
// By default, the images are downsampled by a factor of 2
// compared to the next resolution.
// So, in 2D, with 4 resolutions, the following schedule is used:
//(ImagePyramidSchedule 8 8  4 4  2 2  1 1 )
// And in 3D:
//(ImagePyramidSchedule 8 8 8  4 4 4  2 2 2  1 1 1 )
// You can specify any schedule, for example:
//(ImagePyramidSchedule 4 4  4 3  2 1  1 1 )
// Make sure that the number of elements equals the number
// of resolutions times the image dimension.

// ******************* Optimizer ****************************

// Maximum number of iterations in each resolution level:
// 200-500 works usually fine for rigid registration.
// For more robustness, you may increase this to 1000-2000.
(MaximumNumberOfIterations 500)

// The step size of the optimizer, in mm. By default the voxel size is used.
// which usually works well. In case of unusual high-resolution images
// (eg histology) it is necessary to increase this value a bit, to the size
// of the "smallest visible structure" in the image:
//(MaximumStepLength 1.0)

// **************** Image sampling **********************

// Number of spatial samples used to compute the mutual
// information (and its derivative) in each iteration.
// With an AdaptiveStochasticGradientDescent optimizer,
// in combination with the two options below, around 2000
// samples may already suffice.
(NumberOfSpatialSamples 2000)

// Refresh these spatial samples in every iteration, and select
// them randomly. See the manual for information on other sampling
// strategies.
(NewSamplesEveryIteration "true")
(ImageSampler "Random")

// ************* Interpolation and Resampling ****************

// Order of B-Spline interpolation used during registration/optimisation.
// It may improve accuracy if you set this to 3. Never use 0.
// An order of 1 gives linear interpolation. This is in most 
// applications a good choice.
(BSplineInterpolationOrder 1)

// Order of B-Spline interpolation used for applying the final
// deformation.
// 3 gives good accuracy; recommended in most cases.
// 1 gives worse accuracy (linear interpolation)
// 0 gives worst accuracy, but is appropriate for binary images
// (masks, segmentations); equivalent to nearest neighbor interpolation.
(FinalBSplineInterpolationOrder 3)

//Default pixel value for pixels that come from outside the picture:
(DefaultPixelValue 0)

// Choose whether to generate the deformed moving image.
// You can save some time by setting this to false, if you are
// only interested in the final (nonrigidly) deformed moving image
// for example.
(WriteResultImage "true")

// The pixel type and format of the resulting deformed moving image
(ResultImagePixelType "short")
(ResultImageFormat "nii.gz")




=============== end of ParameterFile: /Users/sakinkirti/Programming/Python/CCIPD/racial-disparity-pca/code_matlab/rigid.txt ===============


Reading images...
Reading images took 92 ms.

WARNING: the fixed pyramid schedule is not fully specified!
  A default pyramid schedule is used.
WARNING: the moving pyramid schedule is not fully specified!
  A default pyramid schedule is used.
WARNING: The parameter "AutomaticTransformInitializationMethod", requested at entry number 0, does not exist at all.
  The default value "GeometricalCenter" is used instead.
Transform parameters are initialized as: [0, 0, 0, -0.58282470703125, -7.11419677734375, -5.673370361328125]
Scales are estimated automatically.
Scales for transform parameters are: [4048.0068969726562, 4048.0068969726562, 5523.5137939453125, 1, 1, 1]
Initialization of all components (before registration) took: 10 ms.
Preparation of the image pyramids took: 10 ms.

Resolution: 0
WARNING: The parameter "ShowExactMetricValue", requested at entry number 0, does not exist at all.
  The default value "false" is used instead.
WARNING: The parameter "CheckNumberOfSamples", requested at entry number 0, does not exist at all.
  The default value "true" is used instead.
WARNING: The parameter "UseMultiThreadingForMetrics", requested at entry number 0, does not exist at all.
  The default value "true" is used instead.
Setting the fixed masks took: 0 ms.
Setting the moving masks took: 0 ms.
WARNING: The parameter "NumberOfFixedHistogramBins", requested at entry number 0, does not exist at all.
  The default value "32" is used instead.
WARNING: The parameter "NumberOfMovingHistogramBins", requested at entry number 0, does not exist at all.
  The default value "32" is used instead.
WARNING: The parameter "FixedLimitRangeRatio", requested at entry number 0, does not exist at all.
  The default value "0.01" is used instead.
WARNING: The parameter "MovingLimitRangeRatio", requested at entry number 0, does not exist at all.
  The default value "0.01" is used instead.
WARNING: The parameter "FixedKernelBSplineOrder", requested at entry number 0, does not exist at all.
  The default value "0" is used instead.
WARNING: The parameter "MovingKernelBSplineOrder", requested at entry number 0, does not exist at all.
  The default value "3" is used instead.
WARNING: The parameter "UseFastAndLowMemoryVersion", requested at entry number 0, does not exist at all.
  The default value "true" is used instead.
WARNING: The parameter "UseJacobianPreconditioning", requested at entry number 0, does not exist at all.
  The default value "false" is used instead.
WARNING: The parameter "FiniteDifferenceDerivative", requested at entry number 0, does not exist at all.
  The default value "false" is used instead.
WARNING: The parameter "SP_A", requested at entry number 0, does not exist at all.
  The default value "20" is used instead.
WARNING: The parameter "MaximumNumberOfSamplingAttempts", requested at entry number 0, does not exist at all.
  The default value "0" is used instead.
WARNING: The parameter "SigmoidInitialTime", requested at entry number 0, does not exist at all.
  The default value "0" is used instead.
WARNING: The parameter "MaxBandCovSize", requested at entry number 0, does not exist at all.
  The default value "192" is used instead.
WARNING: The parameter "NumberOfBandStructureSamples", requested at entry number 0, does not exist at all.
  The default value "10" is used instead.
WARNING: The parameter "UseAdaptiveStepSizes", requested at entry number 0, does not exist at all.
  The default value "true" is used instead.
WARNING: The parameter "AutomaticParameterEstimation", requested at entry number 0, does not exist at all.
  The default value "true" is used instead.
WARNING: The parameter "UseConstantStep", requested at entry number 0, does not exist at all.
  The default value "false" is used instead.
WARNING: The parameter "MaximumStepLengthRatio", requested at entry number 0, does not exist at all.
  The default value "1" is used instead.
WARNING: The parameter "MaximumStepLength", requested at entry number 0, does not exist at all.
  The default value "1.28906" is used instead.
WARNING: The parameter "NumberOfGradientMeasurements", requested at entry number 0, does not exist at all.
  The default value "0" is used instead.
WARNING: The parameter "NumberOfJacobianMeasurements", requested at entry number 0, does not exist at all.
  The default value "1000" is used instead.
WARNING: The parameter "NumberOfSamplesForExactGradient", requested at entry number 0, does not exist at all.
  The default value "100000" is used instead.
WARNING: The parameter "SigmoidScaleFactor", requested at entry number 0, does not exist at all.
  The default value "0.1" is used instead.
Elastix initialization of all components (for this resolution) took: 2 ms.
  Computing the fixed image extrema took 11 ms.
  Computing the moving image extrema took 3 ms.
Initialization of AdvancedMattesMutualInformation metric took: 35 ms.
Starting automatic parameter estimation for AdaptiveStochasticGradientDescent ...
WARNING: The parameter "ASGDParameterEstimationMethod", requested at entry number 0, does not exist at all.
  The default value "Original" is used instead.
  Computing JacobianTerms ...
  Computing the Jacobian terms took 0.002507s
  NumberOfGradientMeasurements to estimate sigma_i: 6
  Sampling gradients ...
  Sampling the gradients took 0.788019s
Automatic parameter estimation took 0.79s
1:ItNr	2:Metric	3a:Time	3b:StepSize	4:||Gradient||	Time[ms]
0	-0.130576	0.000000	18.737927	0.015767	832.2
1	-0.136910	0.000000	18.737927	0.015992	6.3
2	-0.133100	0.000000	18.737927	0.012163	7.6
3	-0.113429	0.000000	18.737927	0.015385	6.3
4	-0.124932	0.000000	18.737927	0.012482	12.2
5	-0.135748	0.000000	18.737927	0.012078	6.9
6	-0.128964	0.000000	18.737927	0.007972	9.1
7	-0.133700	0.473730	18.324551	0.008582	5.6
8	-0.140796	1.466318	17.514951	0.021117	11.9
9	-0.119021	2.466318	16.768564	0.013414	7.1
10	-0.146835	1.732428	17.309918	0.010036	7.2
11	-0.118491	0.998536	17.887393	0.012396	5.5
12	-0.140887	0.264694	18.504685	0.008546	7.1
13	-0.116183	0.000000	18.737927	0.017349	6.8
14	-0.134325	0.997243	17.888445	0.019365	7.6
15	-0.145902	1.997243	17.110593	0.019568	7.1
16	-0.141710	2.373486	16.835164	0.016311	8.2
17	-0.130849	2.234438	16.935915	0.012041	7.7
18	-0.150692	1.500547	17.488307	0.005359	7.9
19	-0.134757	2.393183	16.820989	0.018500	17.8
20	-0.155580	2.442574	16.785549	0.012319	12.7
21	-0.165760	1.708682	17.328019	0.014037	6.9
22	-0.121534	0.974789	17.906723	0.018066	8.5
23	-0.148756	0.240897	18.525417	0.017639	6.5
24	-0.141550	0.000000	18.737927	0.010070	9.5
25	-0.144275	0.000000	18.737927	0.013257	6.3
26	-0.146707	0.996243	17.889258	0.013280	9.0
27	-0.139295	1.642258	17.378853	0.003490	7.6
28	-0.129243	1.027608	17.863786	0.013802	8.0
29	-0.156772	0.449214	18.345496	0.018807	6.7
30	-0.148243	1.449214	17.528296	0.016786	8.8
31	-0.129372	0.715322	18.120683	0.013697	5.0
32	-0.158853	0.000000	18.737927	0.018050	8.8
33	-0.144602	0.000000	18.737927	0.018400	6.5
34	-0.155572	0.000000	18.737927	0.013087	5.6
35	-0.164948	0.000000	18.737927	0.015670	10.8
36	-0.166675	0.000000	18.737927	0.013994	7.4
37	-0.154360	0.992431	17.892358	0.005312	7.2
38	-0.133278	0.277323	18.493702	0.017189	6.8
39	-0.139437	0.305815	18.468971	0.009624	7.4
40	-0.143836	1.299379	17.646073	0.016893	13.0
41	-0.154799	1.240176	17.693046	0.008006	8.3
42	-0.150239	0.506284	18.296814	0.011869	7.1
43	-0.172245	1.383491	17.579763	0.007999	7.0
44	-0.155369	1.481950	17.502773	0.014827	9.1
45	-0.155235	0.748162	18.093320	0.006228	6.8
46	-0.164084	0.029700	18.711464	0.018629	7.4
47	-0.155860	0.000000	18.737927	0.012813	8.2
48	-0.165785	0.863697	17.997709	0.014111	7.5
49	-0.145625	0.129805	18.622816	0.010701	6.1
50	-0.172669	1.107174	17.799492	0.012898	6.9
51	-0.143979	2.042381	17.077074	0.016374	8.0
52	-0.155457	2.198012	16.962508	0.014689	5.4
53	-0.162208	1.464119	17.516665	0.012502	8.2
54	-0.143974	2.464119	16.770136	0.019812	6.3
55	-0.142318	2.875152	16.481422	0.012855	6.8
56	-0.149842	3.875147	15.818860	0.012306	5.6
57	-0.147850	3.924142	15.787764	0.011821	8.0
58	-0.147030	4.923215	15.179308	0.008871	6.2
59	-0.137580	5.864185	14.647623	0.006993	6.8
60	-0.166345	6.432919	14.343952	0.010696	7.1
61	-0.162226	7.429776	13.840997	0.016978	7.1
62	-0.172073	8.422898	13.373817	0.011783	8.4
63	-0.139182	7.689006	13.715933	0.012072	6.6
64	-0.159870	6.969559	14.068740	0.011879	8.6
65	-0.169697	6.521589	14.297738	0.010183	8.3
66	-0.153792	7.521587	13.796443	0.012052	7.6
67	-0.172112	8.501596	13.338142	0.015667	4.0
68	-0.125275	9.501596	12.900849	0.015371	4.1
69	-0.166474	8.767703	13.218906	0.011816	4.9
70	-0.142852	9.764306	12.790682	0.011662	4.3
71	-0.178289	9.057824	13.091316	0.007790	4.8
72	-0.138874	8.340438	13.411404	0.006619	4.3
73	-0.152517	9.325037	12.975960	0.014337	4.3
74	-0.150575	8.591850	13.297461	0.009823	4.9
75	-0.161372	9.591835	12.862794	0.018109	5.9
76	-0.159722	10.591835	12.455638	0.005780	5.1
77	-0.177895	10.514726	12.486114	0.010910	5.0
78	-0.139534	9.781396	12.783581	0.015386	5.3
79	-0.148025	10.780551	12.381675	0.016744	5.5
80	-0.163312	11.780551	12.003961	0.006929	6.1
81	-0.155428	11.046670	12.278856	0.017799	5.4
82	-0.176172	10.312892	12.566596	0.012064	4.3
83	-0.170907	10.383516	12.538317	0.013669	4.5
84	-0.155259	9.685083	12.823705	0.011651	4.8
85	-0.164856	10.685081	12.418982	0.013821	4.8
86	-0.150298	9.953903	12.712337	0.013255	4.3
87	-0.159326	9.220011	13.021056	0.010147	4.7
88	-0.136409	8.514094	13.332494	0.013388	4.8
89	-0.158282	7.780597	13.672283	0.015157	4.6
90	-0.166853	8.779474	13.213681	0.017703	6.1
91	-0.160267	9.532750	12.887685	0.010761	7.3
92	-0.144372	8.905859	13.157839	0.006774	7.7
93	-0.154467	9.798880	12.776324	0.016530	7.0
94	-0.179313	10.798879	12.374539	0.012325	6.2
95	-0.150966	11.785512	12.002145	0.012325	8.4
96	-0.167166	12.785501	11.646903	0.017228	4.9
97	-0.155933	12.051609	11.905516	0.010912	7.3
98	-0.150756	12.985986	11.578198	0.011289	6.3
99	-0.148817	13.985985	11.247260	0.011733	6.2
100	-0.142742	14.985957	10.934723	0.013808	6.2
101	-0.183032	15.825597	10.685406	0.008911	5.6
102	-0.166974	15.817075	10.687880	0.014035	6.9
103	-0.145893	16.816827	10.405327	0.009434	7.1
104	-0.165980	16.719854	10.432078	0.010280	7.1
105	-0.171422	16.153854	10.591000	0.013696	6.7
106	-0.154887	17.153854	10.313413	0.025215	7.0
107	-0.149050	16.419962	10.515683	0.017700	8.1
108	-0.164949	17.419962	10.241980	0.011386	5.7
109	-0.150195	18.419775	9.982210	0.016605	6.6
110	-0.167248	17.688013	10.171018	0.009918	5.7
111	-0.157482	17.153170	10.313598	0.014579	6.4
112	-0.128402	16.744660	10.425222	0.014041	6.9
113	-0.132805	16.010790	10.631939	0.011895	6.5
114	-0.148033	15.277105	10.846964	0.009620	7.0
115	-0.166830	14.788107	10.995174	0.017064	5.1
116	-0.169931	14.054416	11.225304	0.016139	7.0
117	-0.170975	15.054416	10.913960	0.013481	5.8
118	-0.122355	16.054376	10.619433	0.013525	5.7
119	-0.162383	17.054171	10.340429	0.011328	6.9
120	-0.161911	16.461152	10.504121	0.009194	5.7
121	-0.162664	15.729698	10.713305	0.006677	6.4
122	-0.168657	16.239594	10.566615	0.020963	6.0
123	-0.170750	17.221263	10.295224	0.013219	4.9
124	-0.155049	16.487371	10.496774	0.007997	4.8
125	-0.159664	17.344047	10.262257	0.010479	6.5
126	-0.154908	18.287832	10.015734	0.008677	6.4
127	-0.156001	19.287540	9.767200	0.018773	7.5
128	-0.139141	18.966760	9.845593	0.007469	6.5
129	-0.142005	18.234729	10.029290	0.010485	7.5
130	-0.177240	19.233584	9.780299	0.015210	7.2
131	-0.156160	20.233583	9.543106	0.007737	5.5
132	-0.157525	21.227335	9.318525	0.020882	6.9
133	-0.166482	20.965315	9.376707	0.008966	5.6
134	-0.169357	20.233802	9.543055	0.012763	6.9
135	-0.162678	19.501310	9.715648	0.011790	6.1
136	-0.158291	20.501310	9.481543	0.018882	7.3
137	-0.155849	19.767419	9.652229	0.016779	7.1
138	-0.177383	19.034587	9.828913	0.013712	6.4
139	-0.157969	20.034587	9.589385	0.013244	7.5
140	-0.186038	19.301491	9.763819	0.014821	5.7
141	-0.146314	20.284383	9.531364	0.014023	6.2
142	-0.181377	19.571016	9.698955	0.010664	5.2
143	-0.138650	20.102621	9.573513	0.007851	7.1
144	-0.166366	19.387382	9.743055	0.028273	7.3
145	-0.174472	18.653489	9.923375	0.019579	6.1
146	-0.154222	19.652998	9.679396	0.014887	7.0
147	-0.158421	18.919106	9.857347	0.012021	6.3
148	-0.182430	18.192717	10.040041	0.012409	7.5
149	-0.170712	19.162595	9.797586	0.012234	7.1
150	-0.147291	20.162567	9.559571	0.011340	8.0
151	-0.140490	19.428685	9.733101	0.010458	6.7
152	-0.176811	18.697327	9.912417	0.015174	6.3
153	-0.156084	17.977152	10.095567	0.014446	8.0
154	-0.145824	17.243260	10.289302	0.009906	6.4
155	-0.161591	18.151761	10.050543	0.009129	6.6
156	-0.160622	17.421289	10.241626	0.017945	5.8
157	-0.155982	18.335448	10.003610	0.015865	7.4
158	-0.167564	17.601557	10.193798	0.009806	6.8
159	-0.159992	16.867664	10.391358	0.021476	5.9
160	-0.188123	16.133772	10.596728	0.007658	6.0
161	-0.156311	16.273892	10.556892	0.013246	5.3
162	-0.138083	15.550828	10.765733	0.007771	6.0
163	-0.141000	14.837698	10.979959	0.021197	5.9
164	-0.172708	15.834895	10.682709	0.010348	5.9
165	-0.167806	15.101053	10.899861	0.018569	6.4
166	-0.143956	14.367357	11.125979	0.013822	6.4
167	-0.164387	15.367357	10.820046	0.016711	7.1
168	-0.156066	14.972419	10.938838	0.012561	7.0
169	-0.160604	14.238557	11.166645	0.013963	5.7
170	-0.137834	15.238465	10.858530	0.007429	6.1
171	-0.136186	14.504651	11.082955	0.008221	5.0
172	-0.174899	13.775172	11.315443	0.008703	5.7
173	-0.145611	13.046207	11.557718	0.011561	8.6
174	-0.164110	12.348277	11.799604	0.005684	5.3
175	-0.157401	13.233542	11.494471	0.010798	4.2
176	-0.155106	12.646110	11.695155	0.017124	4.5
177	-0.159773	13.623271	11.365086	0.011339	4.8
178	-0.159864	12.889378	11.611203	0.014033	6.5
179	-0.177491	12.155667	11.868151	0.011071	6.3
180	-0.154551	13.155630	11.520691	0.012385	6.6
181	-0.161423	14.130563	11.200972	0.010865	6.2
182	-0.126978	15.124177	10.892884	0.009731	8.8
183	-0.165582	16.073009	10.614096	0.015846	7.6
184	-0.171052	15.368093	10.819827	0.011617	4.3
185	-0.170431	14.635286	11.042327	0.017047	4.2
186	-0.166662	15.474844	10.788160	0.020881	3.5
187	-0.149715	14.740952	11.009681	0.010685	4.1
188	-0.141978	14.011056	11.239206	0.010575	3.2
189	-0.145497	14.939618	10.948822	0.012691	5.0
190	-0.137338	14.217622	11.173283	0.016924	6.6
191	-0.150111	13.483996	11.410988	0.017830	5.6
192	-0.147654	14.483996	11.089407	0.013551	6.1
193	-0.184369	13.750302	11.323541	0.012262	7.4
194	-0.168943	14.750302	11.006801	0.014762	6.4
195	-0.141423	14.017795	11.237043	0.016139	6.3
196	-0.147813	15.015453	10.925767	0.011787	6.5
197	-0.155633	15.999600	10.635155	0.019453	6.0
198	-0.171230	16.841702	10.398487	0.016817	7.1
199	-0.176746	16.107810	10.604142	0.016147	7.0
200	-0.188518	15.374034	10.818059	0.008458	7.3
201	-0.175078	14.640382	11.040748	0.013429	6.0
202	-0.153287	15.639225	10.739760	0.011917	5.1
203	-0.179903	16.639215	10.454428	0.013985	6.3
204	-0.150582	17.634031	10.185229	0.015656	4.0
205	-0.144478	16.952891	10.368023	0.009844	4.4
206	-0.145789	17.952891	10.101855	0.008381	4.9
207	-0.150535	17.244508	10.288967	0.007132	3.7
208	-0.168102	18.233185	10.029684	0.020760	4.7
209	-0.156523	18.638735	9.927069	0.010077	5.3
210	-0.170462	19.638654	9.682813	0.017318	4.7
211	-0.170429	20.638652	9.450269	0.019239	4.0
212	-0.169772	21.327047	9.296573	0.020664	4.9
213	-0.137434	22.327047	9.082005	0.016567	4.3
214	-0.143098	21.593174	9.238487	0.009291	3.8
215	-0.154577	22.593126	9.026571	0.009994	5.9
216	-0.147977	22.066132	9.137028	0.013394	5.4
217	-0.185939	23.065869	8.929733	0.018513	4.6
218	-0.168807	22.449469	9.056416	0.013050	3.8
219	-0.162085	21.715642	9.211999	0.016985	5.4
220	-0.194413	22.715642	9.001274	0.011944	4.5
221	-0.138578	21.981750	9.154966	0.006998	4.4
222	-0.143236	21.802452	9.193316	0.009781	5.7
223	-0.145874	22.576785	9.029956	0.009338	4.3
224	-0.154146	21.956029	9.160448	0.009029	4.1
225	-0.147916	21.914977	9.169211	0.009380	4.9
226	-0.142240	22.914876	8.960437	0.012180	4.8
227	-0.160080	23.913780	8.761152	0.011726	5.6
228	-0.149225	23.181518	8.906359	0.009157	8.1
229	-0.170980	22.464564	9.053271	0.011069	6.2
230	-0.158881	23.460909	8.850392	0.016324	6.7
231	-0.148140	22.727016	8.998932	0.012092	6.1
232	-0.163164	21.993124	9.152544	0.012230	6.0
233	-0.155186	22.992905	8.944544	0.019630	7.5
234	-0.176099	22.260415	9.095994	0.015850	5.2
235	-0.182544	21.533874	9.251367	0.011109	6.0
236	-0.163186	20.834661	9.405991	0.012811	7.0
237	-0.174971	20.100790	9.573939	0.009059	6.9
238	-0.167488	19.860893	9.630148	0.005129	7.5
239	-0.170655	20.850494	9.402433	0.011356	6.4
240	-0.162162	20.190378	9.553116	0.016528	7.8
241	-0.166982	19.576839	9.697563	0.014698	6.5
242	-0.186663	20.576246	9.464454	0.012370	6.0
243	-0.202666	21.576233	9.242163	0.014153	6.8
244	-0.162568	22.573307	9.030677	0.014344	5.5
245	-0.173994	23.085525	8.925752	0.015580	6.8
246	-0.171208	24.085525	8.727778	0.016059	4.5
247	-0.203929	25.079633	8.539488	0.015504	7.0
248	-0.164623	26.021722	8.368398	0.016954	5.8
249	-0.162266	25.287830	8.501078	0.016550	6.0
250	-0.158194	26.287825	8.321306	0.010256	6.0
251	-0.158410	25.553935	8.452486	0.014473	6.3
252	-0.186185	26.526255	8.279560	0.019913	7.7
253	-0.161350	27.526254	8.108940	0.015551	5.5
254	-0.114240	28.526254	7.945209	0.009812	6.2
255	-0.157624	29.526238	7.787963	0.010611	5.8
256	-0.177144	30.517483	7.638115	0.017861	5.6
257	-0.169060	31.517483	7.492676	0.013956	6.5
258	-0.171267	30.783590	7.598864	0.011743	6.6
259	-0.154854	31.783590	7.454902	0.008182	6.4
260	-0.172558	32.783170	7.316349	0.008761	7.1
261	-0.153779	32.099985	7.410482	0.011371	8.0
262	-0.160469	33.084100	7.275640	0.007689	7.2
263	-0.160379	32.882976	7.302798	0.018363	7.8
264	-0.149586	32.149092	7.403635	0.008659	7.9
265	-0.154201	33.132520	7.269133	0.017602	7.5
266	-0.156870	32.398743	7.369021	0.011164	7.1
267	-0.153906	31.682512	7.469205	0.012334	8.8
268	-0.159895	30.948620	7.574724	0.007472	9.1
269	-0.176681	30.215284	7.683184	0.017871	8.4
270	-0.185490	31.215163	7.536057	0.018342	8.6
271	-0.169603	30.481271	7.643488	0.011633	6.8
272	-0.149614	31.475640	7.498650	0.008823	8.1
273	-0.155499	32.475453	7.358450	0.012137	7.4
274	-0.158217	31.748645	7.459840	0.006679	10.8
275	-0.163227	32.723931	7.324417	0.013127	8.9
276	-0.134218	33.723914	7.190576	0.011708	7.1
277	-0.128360	32.990043	7.288315	0.018464	6.6
278	-0.153465	32.277727	7.385759	0.010122	5.9
279	-0.134361	31.544045	7.488888	0.007324	8.4
280	-0.156003	32.107144	7.409483	0.008036	7.5
281	-0.142773	32.806506	7.313176	0.005297	5.5
282	-0.138699	32.342396	7.376805	0.011247	5.9
283	-0.174231	32.140230	7.404869	0.010703	7.1
284	-0.136181	31.407108	7.508456	0.010106	5.8
285	-0.154431	32.407011	7.367880	0.011714	5.8
286	-0.164399	31.886785	7.440355	0.017235	8.5
287	-0.152243	32.886785	7.302281	0.007429	6.3
288	-0.145584	32.160784	7.402006	0.009725	7.0
289	-0.170761	31.468360	7.499691	0.012346	5.5
290	-0.144107	30.734698	7.606045	0.009795	9.9
291	-0.147762	30.000807	7.715495	0.022390	5.8
292	-0.127081	29.298723	7.823190	0.010878	5.6
293	-0.149076	28.564831	7.939026	0.013673	6.0
294	-0.161547	29.554693	7.783579	0.007623	6.0
295	-0.156909	29.511809	7.790187	0.010469	8.2
296	-0.139744	30.416884	7.653059	0.012126	6.7
297	-0.121979	29.682999	7.763875	0.016780	6.3
298	-0.149372	30.244492	7.678805	0.017322	6.5
299	-0.158630	31.244464	7.531831	0.005571	6.4
300	-0.153167	30.512152	7.638906	0.008349	7.0
301	-0.165331	30.734494	7.606075	0.017744	6.9
302	-0.175859	31.733759	7.461946	0.010925	6.2
303	-0.162526	30.999867	7.567259	0.013829	6.5
304	-0.173473	30.273728	7.674427	0.018859	6.6
305	-0.152822	31.262479	7.529235	0.018006	7.5
306	-0.169849	32.262479	7.387874	0.022782	5.6
307	-0.177922	33.262479	7.251723	0.011714	7.1
308	-0.162326	32.528587	7.351146	0.007277	5.7
309	-0.188117	31.837101	7.447351	0.007392	6.9
310	-0.184119	32.653901	7.333977	0.016666	7.2
311	-0.156237	33.645137	7.200942	0.012257	6.0
312	-0.151593	34.218168	7.126214	0.008255	6.8
313	-0.184031	35.035537	7.022266	0.006691	5.6
314	-0.168720	35.006523	7.025904	0.013044	7.5
315	-0.147409	35.261978	6.994003	0.011251	5.4
316	-0.141542	36.261908	6.871871	0.013516	6.9
317	-0.177130	37.065344	6.776787	0.010122	6.8
318	-0.157185	36.332895	6.863363	0.016418	6.2
319	-0.137053	35.733008	6.935935	0.005569	7.4
320	-0.155313	36.635212	6.827362	0.021380	5.2
321	-0.159128	35.901583	6.915387	0.012745	6.9
322	-0.150059	35.414024	6.975153	0.013527	6.1
323	-0.159309	36.410996	6.854026	0.009047	6.2
324	-0.177858	35.677116	6.942775	0.012179	7.8
325	-0.152117	36.654722	6.825052	0.014445	6.2
326	-0.162188	37.654721	6.708692	0.015561	6.8
327	-0.174319	38.654719	6.596234	0.021768	6.8
328	-0.165214	37.920827	6.678393	0.019492	6.9
329	-0.165086	37.190200	6.762246	0.010797	6.8
330	-0.165850	36.805019	6.807306	0.013648	6.0
331	-0.150827	37.695963	6.703978	0.010162	7.5
332	-0.178591	36.963046	6.788747	0.012909	6.4
333	-0.172508	36.322683	6.864586	0.009850	5.9
334	-0.157633	35.590069	6.953454	0.011917	5.1
335	-0.168081	35.338313	6.984527	0.009506	3.2
336	-0.152866	34.605366	7.076592	0.012721	3.5
337	-0.167024	35.605346	6.951578	0.009806	5.1
338	-0.176526	36.604925	6.830952	0.013590	3.5
339	-0.160149	37.598289	6.715153	0.014440	5.7
340	-0.156499	38.598289	6.602479	0.010734	5.7
341	-0.175872	39.598287	6.493525	0.017198	5.0
342	-0.160909	40.598287	6.388107	0.005221	4.4
343	-0.159330	41.566261	6.289276	0.015373	5.9
344	-0.193239	41.813226	6.264548	0.017966	7.2
345	-0.157111	42.671787	6.180076	0.012573	6.4
346	-0.140980	41.937895	6.252139	0.010818	5.8
347	-0.169575	42.937765	6.154367	0.011395	5.6
348	-0.152099	42.205109	6.225707	0.014403	6.6
349	-0.188630	41.997917	6.246182	0.010274	6.6
350	-0.126073	42.986459	6.149683	0.011092	6.3
351	-0.144721	43.986437	6.055055	0.008878	6.2
352	-0.155782	44.986006	5.963332	0.016601	5.3
353	-0.132181	45.985708	5.874335	0.015120	7.3
354	-0.169889	45.251815	5.939407	0.011610	5.9
355	-0.175180	44.523881	6.005390	0.010512	5.9
356	-0.177860	45.519372	5.915517	0.014876	7.7
357	-0.168664	46.420861	5.836420	0.012365	6.0
358	-0.141675	47.419802	5.751207	0.009050	5.0
359	-0.173860	48.159178	5.689722	0.010598	6.9
360	-0.157381	47.427283	5.750578	0.013942	5.6
361	-0.162924	46.693391	5.812923	0.016638	5.9
362	-0.173504	47.693391	5.728302	0.012664	5.7
363	-0.165382	46.960619	5.790066	0.011581	8.1
364	-0.158261	47.952010	5.706816	0.005906	7.0
365	-0.173938	47.235513	5.766740	0.008350	6.2
366	-0.147929	47.980634	5.704448	0.012641	6.8
367	-0.167948	48.534396	5.659019	0.011672	4.9
368	-0.163114	47.881878	5.712627	0.007952	5.8
369	-0.137072	48.881856	5.630882	0.005587	6.7
370	-0.179412	48.153797	5.690164	0.006425	5.7
371	-0.149660	48.946628	5.625667	0.019484	7.4
372	-0.172832	48.212798	5.685314	0.012945	6.3
373	-0.130061	47.711078	5.726827	0.011659	8.4
374	-0.163116	47.078551	5.780036	0.009585	6.6
375	-0.147604	47.182326	5.771238	0.011327	7.8
376	-0.145636	46.449577	5.833935	0.016743	6.8
377	-0.135059	45.735171	5.896388	0.014437	5.3
378	-0.162997	45.095837	5.953423	0.008468	7.3
379	-0.161693	46.095831	5.864693	0.007178	6.8
380	-0.162446	45.362542	5.929497	0.013913	6.5
381	-0.167547	45.456025	5.921156	0.008516	5.8
382	-0.184625	46.441439	5.834639	0.007725	8.1
383	-0.150327	47.434866	5.749941	0.020819	6.5
384	-0.165071	48.249416	5.682307	0.010378	7.6
385	-0.182591	49.103124	5.613109	0.023263	7.5
386	-0.118669	50.103120	5.534166	0.010287	6.9
387	-0.165868	49.369228	5.591883	0.022373	6.3
388	-0.148011	50.369228	5.513531	0.006741	5.6
389	-0.138535	49.635623	5.570793	0.020100	7.1
390	-0.167592	48.901833	5.629272	0.015162	5.5
391	-0.143312	48.811686	5.636542	0.017652	5.3
392	-0.207562	48.078137	5.696397	0.014959	7.4
393	-0.147896	49.078135	5.615110	0.014500	6.1
394	-0.144837	48.344302	5.674532	0.006642	7.1
395	-0.159708	47.683693	5.729110	0.008226	5.2
396	-0.128955	48.520486	5.660151	0.011888	6.2
397	-0.127696	47.806683	5.718870	0.013987	6.4
398	-0.162363	47.073482	5.780466	0.014577	5.7
399	-0.164566	48.073452	5.696783	0.009744	6.9
400	-0.160231	49.072099	5.615594	0.006950	7.1
401	-0.172147	48.338712	5.674989	0.019137	5.2
402	-0.149776	47.702889	5.727510	0.011668	7.2
403	-0.163136	48.701003	5.645492	0.019169	5.1
404	-0.132821	47.967220	5.705558	0.007938	5.5
405	-0.158044	47.233593	5.766902	0.011808	6.3
406	-0.182848	46.503460	5.829278	0.017570	6.1
407	-0.176091	45.769567	5.893351	0.012439	7.3
408	-0.151172	46.769567	5.806389	0.023687	6.1
409	-0.184719	47.769567	5.721956	0.019098	6.4
410	-0.141988	48.769567	5.639944	0.009766	7.3
411	-0.138824	49.769567	5.560250	0.010446	6.8
412	-0.191117	50.757689	5.483684	0.017898	8.8
413	-0.170760	50.023940	5.540336	0.010988	6.3
414	-0.165739	50.873870	5.474819	0.013928	8.7
415	-0.154804	51.843098	5.401973	0.029453	7.6
416	-0.170367	51.109206	5.456952	0.012221	6.6
417	-0.149002	50.509673	5.502703	0.023490	5.9
418	-0.124290	51.509673	5.426813	0.016312	5.5
419	-0.182602	52.509673	5.352989	0.015586	7.6
420	-0.174239	51.833356	5.402696	0.011736	7.2
421	-0.147173	51.099815	5.457663	0.013864	8.0
422	-0.172845	52.099797	5.383004	0.007936	7.5
423	-0.151595	53.036803	5.314876	0.010299	6.1
424	-0.176782	53.997403	5.246801	0.012904	5.9
425	-0.174720	54.997257	5.177772	0.015014	8.3
426	-0.162811	54.263364	5.228260	0.010565	5.9
427	-0.137514	54.027531	5.244694	0.003378	6.0
428	-0.142151	54.987444	5.178441	0.011788	7.6
429	-0.138680	55.762569	5.126150	0.011200	5.3
430	-0.144754	55.032267	5.175388	0.014018	6.8
431	-0.173254	54.298387	5.225829	0.016445	6.3
432	-0.167231	55.214111	5.163039	0.010579	5.5
433	-0.165895	54.480221	5.213239	0.011746	7.4
434	-0.160403	53.746335	5.264425	0.020049	8.0
435	-0.170317	53.012443	5.316626	0.016493	8.2
436	-0.147239	53.806669	5.260179	0.014818	6.2
437	-0.165736	53.072776	5.312295	0.013484	8.2
438	-0.162518	52.338884	5.365455	0.013031	5.4
439	-0.180732	51.604997	5.419688	0.009127	7.0
440	-0.200400	52.142540	5.379858	0.011657	5.9
441	-0.158234	51.408649	5.434385	0.022458	6.9
442	-0.157229	50.674757	5.490029	0.007278	9.0
443	-0.163426	51.672569	5.414649	0.010144	7.9
444	-0.148054	52.444797	5.357717	0.007238	6.7
445	-0.156039	52.210531	5.374861	0.018744	5.8
446	-0.175399	51.597959	5.420214	0.011792	7.8
447	-0.161142	52.597949	5.346568	0.016466	5.6
448	-0.160384	51.865643	5.400302	0.018751	8.5
449	-0.165605	52.865643	5.327192	0.009408	7.6
450	-0.177897	53.865637	5.256036	0.012296	7.6
451	-0.150919	53.133234	5.307963	0.022175	6.5
452	-0.160072	52.399342	5.361035	0.012876	8.6
453	-0.151899	53.399342	5.288978	0.016732	5.6
454	-0.160406	52.665449	5.341669	0.005781	6.7
455	-0.156190	52.394915	5.361359	0.014744	8.0
456	-0.164864	51.667709	5.415011	0.006410	6.5
457	-0.175567	52.662968	5.341849	0.016208	6.9
458	-0.156022	52.197442	5.375823	0.014122	6.0
459	-0.183166	53.116555	5.309158	0.019235	7.3
460	-0.162973	54.116555	5.238479	0.013958	5.5
461	-0.156029	55.116111	5.169687	0.006862	5.6
462	-0.152610	54.532411	5.209637	0.012473	6.3
463	-0.172587	54.150766	5.236094	0.017231	6.7
464	-0.171086	53.418507	5.287616	0.006323	6.1
465	-0.173040	53.722192	5.266126	0.012403	6.6
466	-0.154896	54.572423	5.206879	0.004139	6.4
467	-0.150928	54.853951	5.187554	0.015045	7.0
468	-0.161106	54.228795	5.230663	0.011815	5.6
469	-0.173134	55.228775	5.162046	0.008846	6.3
470	-0.143590	56.156647	5.099968	0.014435	7.7
471	-0.164536	56.940533	5.048676	0.017892	6.7
472	-0.159750	56.256202	5.093396	0.005350	6.7
473	-0.177750	57.256148	5.028314	0.015081	6.2
474	-0.179926	56.522989	5.075868	0.016368	6.9
475	-0.150704	55.789097	5.124379	0.013009	5.6
476	-0.185894	55.238630	5.161379	0.010298	7.5
477	-0.130345	56.238625	5.094556	0.014468	6.8
478	-0.170634	55.511321	5.142984	0.019780	6.5
479	-0.164100	56.511318	5.076632	0.008083	6.3
480	-0.161739	55.777537	5.125151	0.009683	5.9
481	-0.157730	56.776503	5.059323	0.011382	7.1
482	-0.179761	57.776208	4.995118	0.015777	6.2
483	-0.162274	57.042315	5.042091	0.021936	9.8
484	-0.148913	56.308423	5.089956	0.010342	8.5
485	-0.172914	57.308423	5.024957	0.013019	6.4
486	-0.133359	56.574537	5.072495	0.022200	6.4
487	-0.178956	55.840645	5.120942	0.016707	7.0
488	-0.169240	55.125445	5.169053	0.017370	7.0
489	-0.173580	54.395223	5.219117	0.014011	6.3
490	-0.150394	55.306754	5.156771	0.011938	6.6
491	-0.147226	54.572892	5.206847	0.020860	6.3
492	-0.170805	53.839000	5.257907	0.013843	6.8
493	-0.144013	53.105107	5.309978	0.008807	6.5
494	-0.134675	52.371217	5.363090	0.008023	6.6
495	-0.132006	51.639766	5.417094	0.009235	6.5
496	-0.143249	52.494748	5.354076	0.011425	5.5
497	-0.164733	51.761057	5.408064	0.018417	6.6
498	-0.150846	52.760596	5.334779	0.009962	7.5
499	-0.183697	53.739343	5.264917	0.009218	5.6
Time spent in resolution 0 (ITK initialization and iterating): 4.294 s.
Stopping condition: Maximum number of iterations has been reached.
Settings of AdaptiveStochasticGradientDescent in resolution 0:
( SP_a 393.496464 )
( SP_A 20.000000 )
( SP_alpha 1.000000 )
( SigmoidMax 1.000000 )
( SigmoidMin -0.733892 )
( SigmoidScale 0.000007 )



=============== start of TransformParameterFile ===============
(Transform "EulerTransform")
(NumberOfParameters 6)
(TransformParameters 0.024415 0.004491 0.001420 0.502034 -2.126395 -5.266088)
(InitialTransformParametersFileName "NoInitialTransform")
(UseBinaryFormatForTransformationParameters "false")
(HowToCombineTransforms "Compose")

// Image specific
(FixedImageDimension 3)
(MovingImageDimension 3)
(FixedInternalImagePixelType "float")
(MovingInternalImagePixelType "float")
(Size 256 256 42)
(Index 0 0 0)
(Spacing 0.7031250000 0.7031250000 3.0000000000)
(Origin -102.0212249756 -84.2110595703 133.4144134521)
(Direction 1.0000000000 0.0000000000 0.0000000000 0.0000000000 1.0000000000 0.0000000000 0.0000000000 0.0000000000 1.0000000000)
(UseDirectionCosines "false")

// EulerTransform specific
(CenterOfRotationPoint -12.3727874756 5.4373779297 194.9144134521)
(ComputeZYX "false")

// ResampleInterpolator specific
(ResampleInterpolator "FinalBSplineInterpolator")
(FinalBSplineInterpolationOrder 3)

// Resampler specific
(Resampler "DefaultResampler")
(DefaultPixelValue 0.000000)
(ResultImageFormat "nii.gz")
(ResultImagePixelType "short")
(CompressResultImage "false")

=============== end of TransformParameterFile ===============

Creating the TransformParameterFile took 0.00s

Registration result checksum: 3359335418

Applying final transform ...
  Applying final transform took 1.42s

Final metric value  = -0.183697
Settings of AdaptiveStochasticGradientDescent for all resolutions:
( SP_a 393.496464 )
( SP_A 20.000000 )
( SP_alpha 1.000000 )
( SigmoidMax 1.000000 )
( SigmoidMin -0.733892 )
( SigmoidScale 0.000007 )

Time spent on saving the results, applying the final transform etc.: 1428 ms.
Running elastix with parameter file 0: "/Users/sakinkirti/Programming/Python/CCIPD/racial-disparity-pca/code_matlab/rigid.txt", has finished.


Current time: Mon May 23 17:56:14 2022.
Time used for running elastix with this parameter file:
  5.9s.

-------------------------------------------------------------------------

Total time elapsed: 5.9s.

