
elastix is started at Mon May 23 08:25:30 2022.

which elastix:   /Users/sakinkirti/Programming/Python/CCIPD/racial-disparity-pca/code_matlab/elastix-5.0.0-mac/bin/elastix
elastix runs at: Sakins-MBP.hsd1.ca.comcast.net
  macOS 12.3.1 (x64), 21E258
  with 8192 MB memory, and 2 cores @ 2300 MHz.
-------------------------------------------------------------------------

Running elastix with parameter file 0: "/Users/sakinkirti/Programming/Python/CCIPD/racial-disparity-pca/code_matlab/rigid.txt".

Current time: Mon May 23 08:25:30 2022.
Reading the elastix parameters from file ...

Installing all components.
InstallingComponents was successful.

ELASTIX version: 5.000
Command line options from ElastixBase:
-f        /Users/sakinkirti/Programming/Python/CCIPD/racial-disparity-pca/dataset/to_nifti_cleaned/prostate-000031/ADC.nii.gz
-m        /Users/sakinkirti/Programming/Python/CCIPD/racial-disparity-pca/dataset/to_nifti_cleaned/prostate-000031/T2W.nii.gz
-fMask    unspecified, so no fixed mask used
-mMask    unspecified, so no moving mask used
-out      /Users/sakinkirti/Programming/Python/CCIPD/racial-disparity-pca/dataset/to_nifti_cleaned/prostate-000031/
-p        /Users/sakinkirti/Programming/Python/CCIPD/racial-disparity-pca/code_matlab/rigid.txt
-threads  unspecified, so all available threads are used
Command line options from TransformBase:
-t0       unspecified, so no initial transform used

=============== start of ParameterFile: /Users/sakinkirti/Programming/Python/CCIPD/racial-disparity-pca/code_matlab/rigid.txt ===============
// Example parameter file for rotation registration
// C-style comments: //

// The internal pixel type, used for internal computations
// Leave to float in general. 
// NB: this is not the type of the input images! The pixel 
// type of the input images is automatically read from the 
// images themselves.
// This setting can be changed to "short" to save some memory
// in case of very large 3D images.
(FixedInternalImagePixelType "float")
(MovingInternalImagePixelType "float")

// The dimensions of the fixed and moving image
// Up to elastix 4.5 this had to be specified by the user.
// From elastix 4.6, this is not necessary anymore.
//(FixedImageDimension 3)
//(MovingImageDimension 3)

// Specify whether you want to take into account the so-called
// direction cosines of the images. Recommended: true.
// In some cases, the direction cosines of the image are corrupt,
// due to image format conversions for example. In that case, you 
// may want to set this option to "false".
(UseDirectionCosines "false")

// **************** Main Components **************************

// The following components should usually be left as they are:
(Registration "MultiResolutionRegistration")
(Interpolator "BSplineInterpolator")
(ResampleInterpolator "FinalBSplineInterpolator")
(Resampler "DefaultResampler")

// These may be changed to Fixed/MovingSmoothingImagePyramid.
// See the manual.
(FixedImagePyramid "FixedRecursiveImagePyramid")
(MovingImagePyramid "MovingRecursiveImagePyramid")

// The following components are most important:
// The optimizer AdaptiveStochasticGradientDescent (ASGD) works
// quite ok in general. The Transform and Metric are important
// and need to be chosen careful for each application. See manual.
(Optimizer "AdaptiveStochasticGradientDescent")
(Transform "EulerTransform")
(Metric "AdvancedMattesMutualInformation")

// ***************** Transformation **************************

// Scales the rotations compared to the translations, to make
// sure they are in the same range. In general, it's best to  
// use automatic scales estimation:
(AutomaticScalesEstimation "true")

// Automatically guess an initial translation by aligning the
// geometric centers of the fixed and moving.
(AutomaticTransformInitialization "true")

// Whether transforms are combined by composition or by addition.
// In generally, Compose is the best option in most cases.
// It does not influence the results very much.
(HowToCombineTransforms "Compose")

// ******************* Similarity measure *********************

// Number of grey level bins in each resolution level,
// for the mutual information. 16 or 32 usually works fine.
// You could also employ a hierarchical strategy:
//(NumberOfHistogramBins 16 32 64)
(NumberOfHistogramBins 32)

// If you use a mask, this option is important. 
// If the mask serves as region of interest, set it to false.
// If the mask indicates which pixels are valid, then set it to true.
// If you do not use a mask, the option doesn't matter.
(ErodeMask "false")

// ******************** Multiresolution **********************

// The number of resolutions. 1 Is only enough if the expected
// deformations are small. 3 or 4 mostly works fine. For large
// images and large deformations, 5 or 6 may even be useful.
(NumberOfResolutions 1)

// The downsampling/blurring factors for the image pyramids.
// By default, the images are downsampled by a factor of 2
// compared to the next resolution.
// So, in 2D, with 4 resolutions, the following schedule is used:
//(ImagePyramidSchedule 8 8  4 4  2 2  1 1 )
// And in 3D:
//(ImagePyramidSchedule 8 8 8  4 4 4  2 2 2  1 1 1 )
// You can specify any schedule, for example:
//(ImagePyramidSchedule 4 4  4 3  2 1  1 1 )
// Make sure that the number of elements equals the number
// of resolutions times the image dimension.

// ******************* Optimizer ****************************

// Maximum number of iterations in each resolution level:
// 200-500 works usually fine for rigid registration.
// For more robustness, you may increase this to 1000-2000.
(MaximumNumberOfIterations 500)

// The step size of the optimizer, in mm. By default the voxel size is used.
// which usually works well. In case of unusual high-resolution images
// (eg histology) it is necessary to increase this value a bit, to the size
// of the "smallest visible structure" in the image:
//(MaximumStepLength 1.0)

// **************** Image sampling **********************

// Number of spatial samples used to compute the mutual
// information (and its derivative) in each iteration.
// With an AdaptiveStochasticGradientDescent optimizer,
// in combination with the two options below, around 2000
// samples may already suffice.
(NumberOfSpatialSamples 2000)

// Refresh these spatial samples in every iteration, and select
// them randomly. See the manual for information on other sampling
// strategies.
(NewSamplesEveryIteration "true")
(ImageSampler "Random")

// ************* Interpolation and Resampling ****************

// Order of B-Spline interpolation used during registration/optimisation.
// It may improve accuracy if you set this to 3. Never use 0.
// An order of 1 gives linear interpolation. This is in most 
// applications a good choice.
(BSplineInterpolationOrder 1)

// Order of B-Spline interpolation used for applying the final
// deformation.
// 3 gives good accuracy; recommended in most cases.
// 1 gives worse accuracy (linear interpolation)
// 0 gives worst accuracy, but is appropriate for binary images
// (masks, segmentations); equivalent to nearest neighbor interpolation.
(FinalBSplineInterpolationOrder 3)

//Default pixel value for pixels that come from outside the picture:
(DefaultPixelValue 0)

// Choose whether to generate the deformed moving image.
// You can save some time by setting this to false, if you are
// only interested in the final (nonrigidly) deformed moving image
// for example.
(WriteResultImage "false")

// The pixel type and format of the resulting deformed moving image
(ResultImagePixelType "short")
(ResultImageFormat "nii.gz")




=============== end of ParameterFile: /Users/sakinkirti/Programming/Python/CCIPD/racial-disparity-pca/code_matlab/rigid.txt ===============


Reading images...
Reading images took 115 ms.

WARNING: the fixed pyramid schedule is not fully specified!
  A default pyramid schedule is used.
WARNING: the moving pyramid schedule is not fully specified!
  A default pyramid schedule is used.
WARNING: The parameter "AutomaticTransformInitializationMethod", requested at entry number 0, does not exist at all.
  The default value "GeometricalCenter" is used instead.
Transform parameters are initialized as: [0, 0, 0, 0.06249237060546875, 0.0625, 6.5]
Scales are estimated automatically.
Scales for transform parameters are: [5473.515625, 4123.515625, 8488.40625, 1, 1, 1]
Initialization of all components (before registration) took: 11 ms.
Preparation of the image pyramids took: 19 ms.

Resolution: 0
WARNING: The parameter "ShowExactMetricValue", requested at entry number 0, does not exist at all.
  The default value "false" is used instead.
WARNING: The parameter "CheckNumberOfSamples", requested at entry number 0, does not exist at all.
  The default value "true" is used instead.
WARNING: The parameter "UseMultiThreadingForMetrics", requested at entry number 0, does not exist at all.
  The default value "true" is used instead.
Setting the fixed masks took: 0 ms.
Setting the moving masks took: 0 ms.
WARNING: The parameter "NumberOfFixedHistogramBins", requested at entry number 0, does not exist at all.
  The default value "32" is used instead.
WARNING: The parameter "NumberOfMovingHistogramBins", requested at entry number 0, does not exist at all.
  The default value "32" is used instead.
WARNING: The parameter "FixedLimitRangeRatio", requested at entry number 0, does not exist at all.
  The default value "0.01" is used instead.
WARNING: The parameter "MovingLimitRangeRatio", requested at entry number 0, does not exist at all.
  The default value "0.01" is used instead.
WARNING: The parameter "FixedKernelBSplineOrder", requested at entry number 0, does not exist at all.
  The default value "0" is used instead.
WARNING: The parameter "MovingKernelBSplineOrder", requested at entry number 0, does not exist at all.
  The default value "3" is used instead.
WARNING: The parameter "UseFastAndLowMemoryVersion", requested at entry number 0, does not exist at all.
  The default value "true" is used instead.
WARNING: The parameter "UseJacobianPreconditioning", requested at entry number 0, does not exist at all.
  The default value "false" is used instead.
WARNING: The parameter "FiniteDifferenceDerivative", requested at entry number 0, does not exist at all.
  The default value "false" is used instead.
WARNING: The parameter "SP_A", requested at entry number 0, does not exist at all.
  The default value "20" is used instead.
WARNING: The parameter "MaximumNumberOfSamplingAttempts", requested at entry number 0, does not exist at all.
  The default value "0" is used instead.
WARNING: The parameter "SigmoidInitialTime", requested at entry number 0, does not exist at all.
  The default value "0" is used instead.
WARNING: The parameter "MaxBandCovSize", requested at entry number 0, does not exist at all.
  The default value "192" is used instead.
WARNING: The parameter "NumberOfBandStructureSamples", requested at entry number 0, does not exist at all.
  The default value "10" is used instead.
WARNING: The parameter "UseAdaptiveStepSizes", requested at entry number 0, does not exist at all.
  The default value "true" is used instead.
WARNING: The parameter "AutomaticParameterEstimation", requested at entry number 0, does not exist at all.
  The default value "true" is used instead.
WARNING: The parameter "UseConstantStep", requested at entry number 0, does not exist at all.
  The default value "false" is used instead.
WARNING: The parameter "MaximumStepLengthRatio", requested at entry number 0, does not exist at all.
  The default value "1" is used instead.
WARNING: The parameter "MaximumStepLength", requested at entry number 0, does not exist at all.
  The default value "0.6875" is used instead.
WARNING: The parameter "NumberOfGradientMeasurements", requested at entry number 0, does not exist at all.
  The default value "0" is used instead.
WARNING: The parameter "NumberOfJacobianMeasurements", requested at entry number 0, does not exist at all.
  The default value "1000" is used instead.
WARNING: The parameter "NumberOfSamplesForExactGradient", requested at entry number 0, does not exist at all.
  The default value "100000" is used instead.
WARNING: The parameter "SigmoidScaleFactor", requested at entry number 0, does not exist at all.
  The default value "0.1" is used instead.
Elastix initialization of all components (for this resolution) took: 1 ms.
  Computing the fixed image extrema took 7 ms.
  Computing the moving image extrema took 7 ms.
Initialization of AdvancedMattesMutualInformation metric took: 102 ms.
Starting automatic parameter estimation for AdaptiveStochasticGradientDescent ...
WARNING: The parameter "ASGDParameterEstimationMethod", requested at entry number 0, does not exist at all.
  The default value "Original" is used instead.
  Computing JacobianTerms ...
  Computing the Jacobian terms took 0.002806s
  NumberOfGradientMeasurements to estimate sigma_i: 6
  Sampling gradients ...
  Sampling the gradients took 0.364343s
Automatic parameter estimation took 0.37s
1:ItNr	2:Metric	3a:Time	3b:StepSize	4:||Gradient||	Time[ms]
0	-0.064092	0.000000	2.942644	0.009446	473.4
1	-0.050693	0.000000	2.942644	0.019386	7.5
2	-0.046190	0.000000	2.942644	0.009197	3.9
3	-0.039547	0.000000	2.942644	0.013422	3.7
4	-0.050717	0.470020	2.878224	0.017485	6.1
5	-0.063042	0.530016	2.870204	0.016093	2.5
6	-0.056975	0.000000	2.942644	0.007454	3.3
7	-0.056285	0.262969	2.906251	0.017300	3.4
8	-0.075920	1.262294	2.775794	0.013690	4.1
9	-0.056424	0.688301	2.849257	0.021079	4.1
10	-0.061991	1.688301	2.723674	0.016980	2.1
11	-0.066725	2.380968	2.642984	0.014332	4.3
12	-0.055938	1.432741	2.754703	0.016589	5.5
13	-0.061777	2.369040	2.644333	0.011658	3.0
14	-0.065100	3.258517	2.547375	0.020844	3.3
15	-0.053663	2.304220	2.651689	0.009162	2.5
16	-0.054284	1.357049	2.764029	0.032109	3.2
17	-0.068953	2.357046	2.645691	0.010844	3.7
18	-0.050771	3.356920	2.537083	0.016014	3.3
19	-0.044471	2.402865	2.640511	0.014026	1.9
20	-0.065979	1.475721	2.749435	0.028119	3.5
21	-0.068186	0.521390	2.871354	0.011070	5.1
22	-0.058987	0.000000	2.942644	0.013552	4.0
23	-0.062897	0.107631	2.927639	0.013445	3.3
24	-0.059408	0.000000	2.942644	0.024023	5.5
25	-0.063064	0.999997	2.808888	0.015178	4.3
26	-0.048920	0.045666	2.936259	0.021723	2.0
27	-0.063562	1.032158	2.804788	0.006963	3.0
28	-0.054396	0.078200	2.931727	0.020672	3.3
29	-0.057913	0.000000	2.942644	0.022492	5.3
30	-0.055486	0.000000	2.942644	0.019793	3.2
31	-0.048429	0.000000	2.942644	0.022960	2.0
32	-0.057852	0.000000	2.942644	0.018624	2.7
33	-0.055797	0.999751	2.808920	0.014883	7.7
34	-0.063654	0.058074	2.934529	0.024890	3.2
35	-0.049553	0.000000	2.942644	0.016315	2.0
36	-0.046481	0.999978	2.808891	0.010323	3.5
37	-0.044213	0.429036	2.883729	0.016328	8.2
38	-0.060532	0.000000	2.942644	0.022745	2.5
39	-0.065216	0.999995	2.808888	0.016556	6.0
40	-0.058395	1.999992	2.686763	0.011664	4.6
41	-0.049709	2.997831	2.575047	0.022651	2.3
42	-0.059490	2.532504	2.625965	0.009844	2.5
43	-0.050913	3.517928	2.520422	0.014326	4.4
44	-0.060471	2.564137	2.622440	0.027448	4.1
45	-0.049897	1.609810	2.733129	0.012017	3.6
46	-0.062416	0.659295	2.853072	0.018130	2.3
47	-0.066425	1.659284	2.727162	0.026052	4.3
48	-0.055974	2.656302	2.612223	0.014947	5.2
49	-0.054505	3.656202	2.506288	0.007354	3.1
50	-0.059450	2.722265	2.604959	0.017244	4.2
51	-0.053451	1.770662	2.713822	0.027988	3.9
52	-0.046968	2.752368	2.601658	0.015609	4.0
53	-0.055020	3.751995	2.496588	0.031660	4.1
54	-0.047860	4.578519	2.415915	0.012902	2.9
55	-0.059024	5.578519	2.325018	0.014519	3.4
56	-0.041791	4.936370	2.382582	0.018479	2.8
57	-0.054444	3.984425	2.473362	0.009353	4.7
58	-0.058298	4.956885	2.380699	0.017916	4.2
59	-0.051725	4.004084	2.471418	0.029470	3.3
60	-0.044811	5.004084	2.376378	0.009395	3.0
61	-0.053200	6.001867	2.288565	0.012135	4.5
62	-0.053116	6.957838	2.210312	0.014585	2.3
63	-0.053995	7.933557	2.135774	0.022105	3.3
64	-0.049002	8.407370	2.101362	0.017516	4.6
65	-0.064184	7.453039	2.171843	0.014015	2.9
66	-0.063577	7.065664	2.201820	0.016459	3.6
67	-0.057897	6.111395	2.279320	0.013570	3.9
68	-0.057323	6.678425	2.232625	0.023338	8.6
69	-0.040829	5.724094	2.312353	0.013920	2.4
70	-0.054216	4.776962	2.397316	0.010516	5.1
71	-0.053832	3.859522	2.485789	0.015150	4.4
72	-0.059717	4.435238	2.429524	0.009942	2.6
73	-0.051789	5.425650	2.338468	0.010092	2.9
74	-0.066065	4.727665	2.401910	0.029244	4.6
75	-0.059481	3.773547	2.494416	0.018547	4.6
76	-0.064805	2.837462	2.592370	0.017991	2.0
77	-0.048997	3.837461	2.487997	0.021948	3.8
78	-0.062129	4.763391	2.398579	0.016994	3.2
79	-0.055402	5.763390	2.308958	0.027761	6.1
80	-0.064755	4.809060	2.394335	0.028908	2.0
81	-0.057871	5.338796	2.346179	0.013513	2.9
82	-0.059817	4.384471	2.434383	0.010727	5.0
83	-0.066036	5.367476	2.343627	0.023836	4.1
84	-0.047520	6.367301	2.258006	0.013348	2.1
85	-0.052665	5.414368	2.339467	0.018474	2.2
86	-0.046330	4.690113	2.405421	0.011865	5.4
87	-0.071998	3.735782	2.498224	0.022577	4.0
88	-0.040723	4.636945	2.410409	0.008401	2.7
89	-0.062157	5.305872	2.349116	0.011681	2.0
90	-0.050665	4.358521	2.436874	0.017190	3.5
91	-0.052534	3.404225	2.532165	0.013885	5.6
92	-0.053969	4.404224	2.432490	0.017645	3.4
93	-0.056022	3.450055	2.527419	0.016687	1.9
94	-0.051300	2.985362	2.576385	0.018877	3.5
95	-0.052571	3.984800	2.473325	0.011025	6.2
96	-0.048967	3.727589	2.499052	0.016106	3.7
97	-0.061485	2.777172	2.598944	0.006302	2.3
98	-0.065498	3.272860	2.545869	0.017162	5.2
99	-0.056607	3.052922	2.569149	0.019318	4.6
100	-0.055975	2.101675	2.674937	0.013741	2.7
101	-0.048446	1.316275	2.769079	0.026570	2.0
102	-0.063825	0.361945	2.892786	0.014295	3.3
103	-0.061524	0.200249	2.914849	0.022709	4.9
104	-0.067057	0.000000	2.942644	0.021701	4.5
105	-0.073580	0.000000	2.942644	0.030658	2.2
106	-0.059116	0.999928	2.808897	0.019159	2.3
107	-0.043051	0.045596	2.936269	0.014289	5.0
108	-0.048667	0.000000	2.942644	0.021718	5.3
109	-0.055001	0.109471	2.927384	0.022517	2.2
110	-0.046051	0.000000	2.942644	0.009098	2.0
111	-0.059157	0.000000	2.942644	0.023877	5.4
112	-0.052422	0.000000	2.942644	0.008259	6.6
113	-0.045475	0.997719	2.809179	0.017592	2.6
114	-0.058095	0.045966	2.936217	0.019678	3.5
115	-0.052525	0.000000	2.942644	0.015441	6.5
116	-0.063794	0.000000	2.942644	0.013076	3.2
117	-0.058685	0.000000	2.942644	0.024773	2.2
118	-0.066197	0.000000	2.942644	0.026796	3.6
119	-0.066097	0.000000	2.942644	0.010461	5.8
120	-0.050993	0.000000	2.942644	0.022169	3.5
121	-0.064882	0.733894	2.843279	0.009629	2.0
122	-0.062068	0.000000	2.942644	0.013017	3.2
123	-0.060405	0.960593	2.813928	0.014795	4.5
124	-0.066737	1.833412	2.706364	0.022769	5.4
125	-0.048248	2.833411	2.592811	0.008860	2.1
126	-0.061265	1.879083	2.700962	0.013777	3.3
127	-0.059502	0.987788	2.810448	0.017861	4.3
128	-0.068173	1.857380	2.703526	0.022023	5.6
129	-0.064660	1.579199	2.736835	0.015116	2.3
130	-0.058563	2.579095	2.620776	0.033340	2.1
131	-0.057511	1.624816	2.731316	0.022187	5.3
132	-0.060399	0.670485	2.851599	0.026088	6.3
133	-0.075563	1.670484	2.725814	0.026208	2.2
134	-0.053596	2.670484	2.610658	0.016902	3.3
135	-0.052373	3.670484	2.504837	0.015292	4.6
136	-0.066371	2.716754	2.605565	0.011892	4.4
137	-0.063551	3.689116	2.502946	0.013646	2.0
138	-0.049148	2.785928	2.597987	0.014998	3.7
139	-0.057851	3.778972	2.493870	0.010450	4.5
140	-0.053428	4.512268	2.422189	0.014150	4.6
141	-0.061857	3.568422	2.515242	0.011857	4.8
142	-0.062927	4.567625	2.416945	0.017915	4.5
143	-0.052152	3.615968	2.510384	0.021907	3.3
144	-0.057274	2.661683	2.611629	0.011406	4.5
145	-0.055560	3.649930	2.506925	0.015273	2.6
146	-0.053153	2.696167	2.607828	0.018020	2.5
147	-0.059375	1.747824	2.716547	0.019698	3.6
148	-0.070079	1.281669	2.773380	0.015733	5.0
149	-0.066030	2.281669	2.654257	0.030659	2.4
150	-0.046551	3.281163	2.544999	0.017118	3.2
151	-0.066006	4.281163	2.444331	0.020707	4.5
152	-0.073472	3.326832	2.540221	0.035287	5.6
153	-0.044859	4.326832	2.439924	0.010660	2.7
154	-0.073353	5.326821	2.347246	0.030065	3.0
155	-0.061101	4.372491	2.435533	0.027726	4.1
156	-0.058363	5.371839	2.343239	0.014186	6.9
157	-0.054748	4.428678	2.430151	0.010155	2.6
158	-0.059909	5.415768	2.339343	0.014186	5.8
159	-0.054634	6.391099	2.256044	0.021701	8.4
160	-0.064084	7.391099	2.176581	0.023704	5.1
161	-0.058066	8.391099	2.102525	0.011260	4.3
162	-0.053923	9.192614	2.046710	0.025776	5.1
163	-0.074085	10.192242	1.981119	0.020367	4.5
164	-0.063942	9.237913	2.043644	0.007314	3.3
165	-0.053786	9.579342	2.020826	0.019237	4.5
166	-0.057748	10.578389	1.956893	0.011903	4.7
167	-0.051366	11.576426	1.896940	0.016472	3.2
168	-0.062088	12.576233	1.840455	0.012453	4.0
169	-0.053040	13.574496	1.787315	0.020575	2.4
170	-0.049627	12.620165	1.838050	0.012005	4.9
171	-0.044161	13.619458	1.784994	0.029340	2.4
172	-0.061475	12.671211	1.835263	0.013118	2.8
173	-0.046942	13.671211	1.782330	0.016164	5.4
174	-0.054829	14.225132	1.754302	0.013406	3.8
175	-0.079437	13.474053	1.792523	0.028411	3.2
176	-0.061568	14.474053	1.741992	0.020307	3.2
177	-0.066020	13.519742	1.790150	0.011862	4.0
178	-0.049007	12.571194	1.840731	0.014712	3.9
179	-0.047660	11.617073	1.894576	0.020129	3.6
180	-0.060371	10.662742	1.951680	0.022322	3.0
181	-0.061757	11.662685	1.891931	0.024889	4.2
182	-0.058939	12.662685	1.835728	0.030407	4.0
183	-0.057415	13.662685	1.782768	0.022915	2.8
184	-0.077775	12.708354	1.833241	0.029133	3.0
185	-0.056643	13.708354	1.780422	0.006861	4.5
186	-0.062120	13.677872	1.781987	0.011734	3.7
187	-0.058032	13.701353	1.780782	0.026696	4.1
188	-0.057877	12.747024	1.831140	0.008606	3.7
189	-0.070320	13.743578	1.778617	0.008807	4.8
190	-0.057092	13.885050	1.771404	0.011526	3.5
191	-0.054933	13.932260	1.769010	0.013048	3.1
192	-0.049472	12.997426	1.817653	0.015690	3.0
193	-0.053798	12.446653	1.847585	0.018997	5.0
194	-0.066930	11.492332	1.901850	0.028202	3.5
195	-0.060052	12.492332	1.845065	0.011052	3.4
196	-0.051918	11.543737	1.898846	0.010951	3.5
197	-0.056241	10.604634	1.955268	0.008979	5.3
198	-0.065853	11.020590	1.929869	0.012560	3.9
199	-0.052043	10.102663	1.986824	0.014915	4.3
200	-0.054968	9.462234	2.028595	0.007393	4.6
201	-0.066557	9.295164	2.039782	0.018750	3.0
202	-0.051862	9.236751	2.043723	0.015302	4.4
203	-0.052442	10.236726	1.978297	0.004948	2.5
204	-0.068557	11.123749	1.923671	0.010545	4.4
205	-0.050470	10.641832	1.952969	0.015322	4.8
206	-0.058167	9.689923	2.013545	0.024149	3.1
207	-0.051455	8.902973	2.066535	0.024634	8.4
208	-0.055207	9.902973	1.999663	0.014574	4.6
209	-0.063619	10.902973	1.936983	0.029957	4.5
210	-0.056501	11.902973	1.878114	0.020808	3.7
211	-0.058307	12.902973	1.822717	0.007059	6.0
212	-0.065332	13.869388	1.772200	0.016708	4.5
213	-0.061148	12.945024	1.820459	0.016723	2.3
214	-0.059540	13.352566	1.798862	0.020370	3.2
215	-0.050651	13.254650	1.804004	0.008687	5.2
216	-0.068163	12.301362	1.855646	0.025396	3.1
217	-0.072270	11.375505	1.908713	0.022059	5.1
218	-0.055902	12.375501	1.851524	0.012399	6.3
219	-0.046766	13.373549	1.797764	0.017934	3.4
220	-0.050879	12.882665	1.823810	0.009360	5.4
221	-0.057213	11.930459	1.876546	0.013214	4.8
222	-0.054877	11.001055	1.931047	0.009150	3.7
223	-0.057395	10.284676	1.975265	0.006776	3.6
224	-0.047123	11.177318	1.920469	0.030452	3.6
225	-0.072435	10.222992	1.979168	0.019193	5.4
226	-0.048388	11.222992	1.917747	0.009864	3.8
227	-0.078349	12.222909	1.860028	0.008443	4.4
228	-0.060616	12.879164	1.823998	0.021052	4.8
229	-0.053455	11.925285	1.876841	0.012628	5.0
230	-0.050022	12.914252	1.822111	0.016141	4.7
231	-0.069269	13.914245	1.769923	0.025015	6.1
232	-0.060406	14.914242	1.720641	0.027510	3.4
233	-0.072526	15.914231	1.674030	0.017709	4.6
234	-0.050536	16.914231	1.629877	0.011472	2.9
235	-0.058192	17.811067	1.592214	0.010344	3.5
236	-0.055198	17.866711	1.589935	0.019087	5.1
237	-0.059138	16.914429	1.629868	0.023151	4.4
238	-0.069334	15.960106	1.671952	0.017860	3.7
239	-0.053895	16.960099	1.627908	0.019962	5.1
240	-0.062652	17.960099	1.586124	0.015759	5.1
241	-0.055018	18.956423	1.546573	0.021334	3.8
242	-0.057286	19.956411	1.508812	0.012244	4.0
243	-0.044799	20.310062	1.495895	0.017409	3.8
244	-0.050877	19.894645	1.511091	0.007129	3.8
245	-0.065925	19.310529	1.532987	0.024598	3.2
246	-0.057110	20.301578	1.496203	0.009831	2.5
247	-0.044361	21.301075	1.460850	0.008137	4.6
248	-0.053018	20.555615	1.487056	0.027706	2.7
249	-0.042476	19.601892	1.521987	0.010856	4.2
250	-0.058333	18.652700	1.558419	0.014195	4.6
251	-0.058452	18.666020	1.557896	0.018994	4.7
252	-0.060635	17.712701	1.596260	0.017735	4.0
253	-0.058122	18.712699	1.556065	0.022087	4.1
254	-0.062318	17.758368	1.594379	0.012100	4.2
255	-0.056227	18.364620	1.569824	0.030332	3.8
256	-0.061882	19.358245	1.531175	0.016889	2.9
257	-0.052806	20.356317	1.494222	0.011332	2.8
258	-0.059985	19.857583	1.512462	0.014447	3.8
259	-0.062205	20.764556	1.479617	0.012363	3.3
260	-0.056506	21.764075	1.445034	0.019857	3.1
261	-0.055811	22.761536	1.412097	0.018692	3.3
262	-0.062725	23.761536	1.380550	0.015300	6.5
263	-0.063520	24.761279	1.350389	0.024752	3.0
264	-0.054737	24.977535	1.344038	0.021479	2.7
265	-0.056691	24.023204	1.372526	0.012330	3.9
266	-0.054037	25.017719	1.342864	0.014255	3.5
267	-0.051958	25.964988	1.315779	0.014201	2.2
268	-0.045531	26.964748	1.288353	0.011100	3.6
269	-0.069532	27.911182	1.263423	0.015732	3.3
270	-0.066516	27.036515	1.286428	0.022525	4.5
271	-0.059759	26.082321	1.312500	0.015735	4.1
272	-0.064842	25.128019	1.339653	0.031685	2.1
273	-0.062194	26.122953	1.311368	0.016128	3.8
274	-0.053612	27.122953	1.284118	0.023548	4.8
275	-0.066723	26.551314	1.299555	0.009805	4.4
276	-0.062623	25.596987	1.326170	0.017192	2.4
277	-0.065773	26.593162	1.298412	0.011194	4.0
278	-0.060871	27.592698	1.271704	0.012906	4.8
279	-0.062707	26.652783	1.296787	0.012038	4.4
280	-0.058672	27.065929	1.285641	0.010904	2.0
281	-0.060446	28.042696	1.260035	0.025858	3.3
282	-0.059858	28.646000	1.244723	0.009783	5.4
283	-0.065554	28.071120	1.259306	0.011381	2.9
284	-0.070994	28.861384	1.239347	0.017046	3.6
285	-0.057273	29.861346	1.214980	0.013858	3.6
286	-0.054668	30.859159	1.191603	0.027809	6.6
287	-0.067865	31.859149	1.169060	0.015149	4.7
288	-0.047000	30.920309	1.190200	0.015985	4.7
289	-0.062777	30.375916	1.202811	0.009754	5.6
290	-0.061102	29.505542	1.223540	0.018425	4.6
291	-0.061742	30.437603	1.201369	0.017984	3.2
292	-0.064555	29.483271	1.224079	0.014650	4.3
293	-0.058215	28.539103	1.247409	0.016653	4.8
294	-0.057973	27.584781	1.271911	0.013307	2.3
295	-0.064574	28.567176	1.246703	0.027423	4.8
296	-0.054896	27.663895	1.269844	0.034720	5.0
297	-0.055667	28.663895	1.244275	0.012940	3.5
298	-0.052518	27.709564	1.268653	0.021293	5.3
299	-0.064686	26.778058	1.293387	0.020223	4.9
300	-0.075867	27.778058	1.266872	0.023506	4.9
301	-0.054637	26.823727	1.292152	0.013059	2.8
302	-0.061876	25.869411	1.318462	0.021990	4.3
303	-0.063748	26.868927	1.290932	0.011964	4.1
304	-0.054375	27.860797	1.264726	0.018925	3.5
305	-0.057127	28.856630	1.239465	0.010558	4.2
306	-0.053390	29.854595	1.215142	0.019869	3.9
307	-0.048418	28.993743	1.236065	0.017903	4.5
308	-0.068556	29.409531	1.225870	0.013500	4.1
309	-0.065502	28.456516	1.249492	0.020128	4.5
310	-0.054371	27.933299	1.262852	0.018378	4.1
311	-0.065190	28.933299	1.237562	0.021241	4.5
312	-0.062689	27.978968	1.261675	0.012266	4.3
313	-0.059338	27.024637	1.286746	0.033642	3.4
314	-0.049156	28.012685	1.260807	0.014851	3.1
315	-0.045625	27.058354	1.285844	0.021719	4.3
316	-0.051996	26.104023	1.311895	0.011696	2.8
317	-0.059190	25.208079	1.337332	0.029895	3.3
318	-0.075684	26.208049	1.309004	0.017376	3.9
319	-0.051462	25.256193	1.335941	0.012062	2.9
320	-0.073348	26.255522	1.307689	0.015919	4.0
321	-0.061995	25.302122	1.334616	0.033130	2.4
322	-0.051595	26.302122	1.306401	0.021785	3.6
323	-0.042081	25.348152	1.333290	0.015345	4.2
324	-0.058857	24.393821	1.361320	0.011466	5.3
325	-0.060893	23.445062	1.390380	0.010194	3.0
326	-0.061076	23.255632	1.396332	0.017960	3.8
327	-0.059277	24.229473	1.366267	0.020018	3.7
328	-0.064577	24.300451	1.364126	0.040589	4.9
329	-0.062809	23.346120	1.393482	0.006017	3.0
330	-0.055909	24.345342	1.362776	0.017399	3.6
331	-0.053137	24.946095	1.344957	0.008233	5.0
332	-0.054141	24.623390	1.354470	0.015940	3.9
333	-0.058072	25.450198	1.330361	0.008891	3.3
334	-0.057092	24.498522	1.358188	0.013008	2.4
335	-0.075873	23.613592	1.385128	0.015069	4.7
336	-0.060263	24.613240	1.354772	0.016701	4.4
337	-0.063460	25.104021	1.340350	0.012910	3.9
338	-0.047215	25.675534	1.323938	0.014381	3.4
339	-0.060246	24.778493	1.349881	0.013795	3.1
340	-0.057669	24.360315	1.362326	0.016196	4.8
341	-0.051350	23.407379	1.391560	0.017540	2.9
342	-0.063198	24.352056	1.362574	0.037143	2.4
343	-0.053676	23.397740	1.391862	0.011929	6.3
344	-0.050302	24.397740	1.361203	0.020244	4.0
345	-0.056164	25.316881	1.334190	0.016117	3.5
346	-0.052016	26.067004	1.312927	0.014769	4.5
347	-0.054248	26.255889	1.307679	0.016494	5.3
348	-0.051797	27.255880	1.280580	0.009080	3.2
349	-0.060208	26.567913	1.299101	0.015983	2.8
350	-0.047113	27.076215	1.285366	0.012280	3.1
351	-0.053725	26.124669	1.311320	0.022944	5.2
352	-0.067193	27.012138	1.287081	0.028629	3.8
353	-0.052837	26.057807	1.313183	0.017412	3.0
354	-0.061793	25.111910	1.340121	0.011743	4.0
355	-0.042903	24.293749	1.364328	0.017992	9.2
356	-0.059834	23.383944	1.392295	0.025180	4.1
357	-0.057348	22.585923	1.417786	0.029430	6.6
358	-0.054489	21.631592	1.449524	0.020210	4.6
359	-0.063422	20.736694	1.480604	0.012636	3.8
360	-0.067315	19.785383	1.515139	0.008041	3.7
361	-0.051759	19.863033	1.512260	0.007453	5.3
362	-0.058891	19.095319	1.541216	0.019218	2.1
363	-0.059163	20.093263	1.503787	0.005362	3.6
364	-0.053855	20.756432	1.479905	0.021812	4.8
365	-0.057145	21.739756	1.445856	0.006718	7.5
366	-0.055726	22.568210	1.418363	0.022166	4.1
367	-0.056045	23.371433	1.392687	0.007784	2.4
368	-0.051755	22.473122	1.421465	0.013807	7.1
369	-0.068285	23.364865	1.392894	0.027647	2.6
370	-0.047344	24.364860	1.362189	0.017232	3.1
371	-0.065285	25.364858	1.332810	0.011813	2.6
372	-0.051155	26.364638	1.304677	0.007606	6.1
373	-0.055745	25.518049	1.328421	0.005422	3.3
374	-0.051219	25.378981	1.332404	0.014629	3.3
375	-0.054746	26.165348	1.310189	0.011702	2.8
376	-0.074730	25.214077	1.337158	0.020399	7.0
377	-0.059902	24.259747	1.365353	0.022088	2.9
378	-0.058113	23.305416	1.394763	0.024462	3.0
379	-0.061751	24.305416	1.363977	0.014989	2.7
380	-0.054644	23.395998	1.391917	0.023825	4.9
381	-0.048248	24.395507	1.361270	0.014488	4.3
382	-0.071828	25.395506	1.331929	0.022976	2.2
383	-0.070509	24.441175	1.359902	0.021838	5.2
384	-0.062413	23.486845	1.389074	0.015915	9.6
385	-0.053402	24.485827	1.358567	0.022948	4.7
386	-0.058176	25.485827	1.329341	0.012710	3.6
387	-0.047951	26.485779	1.301348	0.012081	6.1
388	-0.049596	25.594919	1.326229	0.012431	3.9
389	-0.064364	24.642291	1.353910	0.025096	2.4
390	-0.058399	25.642291	1.324882	0.011107	3.8
391	-0.068077	25.238599	1.336449	0.040918	3.7
392	-0.054151	25.628500	1.325274	0.008606	3.9
393	-0.060221	26.627685	1.297471	0.010607	2.8
394	-0.061201	27.605734	1.271363	0.016639	4.2
395	-0.059768	28.586829	1.246209	0.014177	2.3
396	-0.057714	29.586683	1.221577	0.017903	4.1
397	-0.064754	28.668366	1.244163	0.010352	3.0
398	-0.073485	28.438004	1.249960	0.021286	5.5
399	-0.059085	27.524075	1.273503	0.006808	4.2
400	-0.064448	28.104346	1.258453	0.022605	2.3
401	-0.061532	27.163471	1.283037	0.022621	4.5
402	-0.049070	28.163471	1.256940	0.019773	5.0
403	-0.048511	29.162699	1.231902	0.016047	4.1
404	-0.061387	28.467986	1.249203	0.009478	3.8
405	-0.063088	27.632238	1.270670	0.017373	7.4
406	-0.061052	26.678480	1.296089	0.016620	3.2
407	-0.052877	27.678480	1.269463	0.029547	4.2
408	-0.059038	28.678479	1.243909	0.018770	5.2
409	-0.046325	27.724148	1.268273	0.010582	4.2
410	-0.063650	28.718545	1.242907	0.026559	4.2
411	-0.044200	27.938749	1.262712	0.009712	3.6
412	-0.057580	26.984418	1.287825	0.019997	3.6
413	-0.067062	26.030187	1.313955	0.012229	3.7
414	-0.059787	26.699828	1.295508	0.011572	2.8
415	-0.063067	27.698794	1.268934	0.011122	3.7
416	-0.067329	26.760456	1.293864	0.015816	5.2
417	-0.066255	25.806261	1.320241	0.036122	4.5
418	-0.062712	24.936161	1.345248	0.011774	2.1
419	-0.067058	23.981830	1.373789	0.012706	2.2
420	-0.056590	23.805002	1.379211	0.016428	4.1
421	-0.059867	22.850673	1.409227	0.015247	4.5
422	-0.067654	21.900670	1.440433	0.018225	3.7
423	-0.055532	20.946339	1.473204	0.011346	2.2
424	-0.053707	21.797902	1.443892	0.020516	3.9
425	-0.057616	20.844436	1.476792	0.009935	4.7
426	-0.056535	19.890507	1.511244	0.042297	2.9
427	-0.060475	20.890507	1.475168	0.012883	3.5
428	-0.077536	21.884308	1.440982	0.012978	4.7
429	-0.058220	20.946776	1.473189	0.015810	3.1
430	-0.051968	21.884608	1.440972	0.036754	4.4
431	-0.062352	20.930685	1.473754	0.017866	2.7
432	-0.060727	19.976354	1.508078	0.015827	2.3
433	-0.058296	20.975967	1.472165	0.015092	3.8
434	-0.059148	21.900476	1.440439	0.017346	4.3
435	-0.050485	22.900251	1.407635	0.012584	3.3
436	-0.060516	23.889266	1.376622	0.022694	2.6
437	-0.057142	22.934936	1.406524	0.018997	4.0
438	-0.065384	21.980605	1.437754	0.016923	3.9
439	-0.047884	21.030511	1.470254	0.009378	3.3
440	-0.059953	20.376395	1.493497	0.011871	3.4
441	-0.060908	21.374457	1.458320	0.019219	3.0
442	-0.068228	22.369051	1.424876	0.014427	5.3
443	-0.057733	23.369050	1.392762	0.019923	2.8
444	-0.058817	23.223335	1.397351	0.012819	3.1
445	-0.054954	24.223335	1.366452	0.015033	2.8
446	-0.067962	23.269061	1.395908	0.020648	5.1
447	-0.064990	24.265347	1.365184	0.030689	2.0
448	-0.066545	23.311016	1.394586	0.021835	2.8
449	-0.065363	22.356685	1.425283	0.020498	3.7
450	-0.059201	23.356685	1.393150	0.010143	3.5
451	-0.057538	24.356676	1.362435	0.013588	4.1
452	-0.060285	25.352675	1.333160	0.016651	3.2
453	-0.067811	24.398898	1.361168	0.009251	2.8
454	-0.060268	25.291946	1.334909	0.031565	3.0
455	-0.065871	26.291928	1.306682	0.015356	3.7
456	-0.054885	27.072817	1.285457	0.013208	3.5
457	-0.062755	28.072808	1.259262	0.026149	3.1
458	-0.064606	29.072808	1.234114	0.021309	4.0
459	-0.056834	28.119009	1.258078	0.013810	4.8
460	-0.064517	29.118404	1.232991	0.015384	3.5
461	-0.059807	28.164124	1.256923	0.031568	3.2
462	-0.055332	29.164124	1.231867	0.016420	3.9
463	-0.052523	28.212339	1.255692	0.010640	3.0
464	-0.056295	27.287544	1.279741	0.019146	4.9
465	-0.050374	28.277546	1.254030	0.011250	2.2
466	-0.053162	29.271033	1.229247	0.012997	2.8
467	-0.039709	28.317976	1.253002	0.012164	4.3
468	-0.059370	29.314108	1.228195	0.018727	4.3
469	-0.048618	28.359784	1.251941	0.025923	2.7
470	-0.056224	27.407628	1.276566	0.020248	3.4
471	-0.054870	28.407628	1.250729	0.024100	4.6
472	-0.058344	29.407627	1.225916	0.008630	3.1
473	-0.064749	28.465691	1.249260	0.009933	3.4
474	-0.043135	28.627268	1.245193	0.012216	2.1
475	-0.051937	27.676114	1.269525	0.012368	3.0
476	-0.069579	28.675254	1.243990	0.021338	6.1
477	-0.059917	28.557697	1.246941	0.013545	2.4
478	-0.061351	27.603367	1.271425	0.005036	4.3
479	-0.069875	26.673958	1.296211	0.009863	2.7
480	-0.052470	26.074282	1.312724	0.013186	6.8
481	-0.068017	27.073915	1.285427	0.023214	3.1
482	-0.060920	26.121222	1.311416	0.013599	3.5
483	-0.055982	25.193000	1.337768	0.009747	2.3
484	-0.061942	24.303353	1.364039	0.012195	7.2
485	-0.053151	23.365830	1.392863	0.021199	2.6
486	-0.053493	24.048595	1.371753	0.016604	3.9
487	-0.065160	23.094265	1.401441	0.015842	2.9
488	-0.064257	24.094263	1.370364	0.023974	6.1
489	-0.058659	23.349494	1.393376	0.024741	2.5
490	-0.045405	24.349494	1.362651	0.009130	3.1
491	-0.070975	23.395180	1.391942	0.020029	2.5
492	-0.051085	24.100666	1.370169	0.013241	9.8
493	-0.062148	25.099765	1.340474	0.014854	7.5
494	-0.067978	26.087427	1.312357	0.022455	6.0
495	-0.056780	27.087427	1.285066	0.006436	4.1
496	-0.058319	27.730872	1.268098	0.008447	3.8
497	-0.064439	28.538477	1.247425	0.030911	7.3
498	-0.070951	27.586988	1.271854	0.010564	2.6
499	-0.068008	26.633044	1.297325	0.017415	1.9
Time spent in resolution 0 (ITK initialization and iterating): 2.636 s.
Stopping condition: Maximum number of iterations has been reached.
Settings of AdaptiveStochasticGradientDescent in resolution 0:
( SP_a 61.795533 )
( SP_A 20.000000 )
( SP_alpha 1.000000 )
( SigmoidMax 1.000000 )
( SigmoidMin -0.954331 )
( SigmoidScale 0.000014 )



=============== start of TransformParameterFile ===============
(Transform "EulerTransform")
(NumberOfParameters 6)
(TransformParameters 0.000014 -0.004706 -0.001329 0.629319 0.018667 5.501283)
(InitialTransformParametersFileName "NoInitialTransform")
(UseBinaryFormatForTransformationParameters "false")
(HowToCombineTransforms "Compose")

// Image specific
(FixedImageDimension 3)
(MovingImageDimension 3)
(FixedInternalImagePixelType "float")
(MovingInternalImagePixelType "float")
(Size 272 320 24)
(Index 0 0 0)
(Spacing 0.7500000000 0.7500000000 3.5000000000)
(Origin -135.9613494873 -120.0000000000 40.2500000000)
(Direction 1.0000000000 0.0000000000 0.0000000000 0.0000000000 1.0000000000 0.0000000000 0.0000000000 0.0000000000 1.0000000000)
(UseDirectionCosines "false")

// EulerTransform specific
(CenterOfRotationPoint -34.3363494873 -0.3750000000 80.5000000000)
(ComputeZYX "false")

// ResampleInterpolator specific
(ResampleInterpolator "FinalBSplineInterpolator")
(FinalBSplineInterpolationOrder 3)

// Resampler specific
(Resampler "DefaultResampler")
(DefaultPixelValue 0.000000)
(ResultImageFormat "nii.gz")
(ResultImagePixelType "short")
(CompressResultImage "false")

=============== end of TransformParameterFile ===============

Creating the TransformParameterFile took 0.00s

Registration result checksum: 43834316

Skipping applying final transform, no resulting output image generated.

Final metric value  = -0.068008
Settings of AdaptiveStochasticGradientDescent for all resolutions:
( SP_a 61.795533 )
( SP_A 20.000000 )
( SP_alpha 1.000000 )
( SigmoidMax 1.000000 )
( SigmoidMin -0.954331 )
( SigmoidScale 0.000014 )

Time spent on saving the results, applying the final transform etc.: 3 ms.
Running elastix with parameter file 0: "/Users/sakinkirti/Programming/Python/CCIPD/racial-disparity-pca/code_matlab/rigid.txt", has finished.


Current time: Mon May 23 08:25:33 2022.
Time used for running elastix with this parameter file:
  2.8s.

-------------------------------------------------------------------------

Total time elapsed: 2.9s.

