
elastix is started at Mon May 23 17:50:02 2022.

which elastix:   /Users/sakinkirti/Programming/Python/CCIPD/racial-disparity-pca/code_matlab/elastix-5.0.0-mac/bin/elastix
elastix runs at: Sakins-MBP.hsd1.ca.comcast.net
  macOS 12.3.1 (x64), 21E258
  with 8192 MB memory, and 2 cores @ 2300 MHz.
-------------------------------------------------------------------------

Running elastix with parameter file 0: "/Users/sakinkirti/Programming/Python/CCIPD/racial-disparity-pca/code_matlab/rigid.txt".

Current time: Mon May 23 17:50:02 2022.
Reading the elastix parameters from file ...

Installing all components.
InstallingComponents was successful.

ELASTIX version: 5.000
Command line options from ElastixBase:
-f        /Users/sakinkirti/Programming/Python/CCIPD/racial-disparity-pca/dataset/to_nifti_cleaned/prostate-000787/T2W.nii.gz
-m        /Users/sakinkirti/Programming/Python/CCIPD/racial-disparity-pca/dataset/to_nifti_cleaned/prostate-000787/ADC.nii.gz
-fMask    unspecified, so no fixed mask used
-mMask    unspecified, so no moving mask used
-out      /Users/sakinkirti/Programming/Python/CCIPD/racial-disparity-pca/dataset/to_nifti_cleaned/prostate-000787/
-p        /Users/sakinkirti/Programming/Python/CCIPD/racial-disparity-pca/code_matlab/rigid.txt
-threads  unspecified, so all available threads are used
Command line options from TransformBase:
-t0       unspecified, so no initial transform used

=============== start of ParameterFile: /Users/sakinkirti/Programming/Python/CCIPD/racial-disparity-pca/code_matlab/rigid.txt ===============
// Example parameter file for rotation registration
// C-style comments: //

// The internal pixel type, used for internal computations
// Leave to float in general. 
// NB: this is not the type of the input images! The pixel 
// type of the input images is automatically read from the 
// images themselves.
// This setting can be changed to "short" to save some memory
// in case of very large 3D images.
(FixedInternalImagePixelType "float")
(MovingInternalImagePixelType "float")

// The dimensions of the fixed and moving image
// Up to elastix 4.5 this had to be specified by the user.
// From elastix 4.6, this is not necessary anymore.
//(FixedImageDimension 3)
//(MovingImageDimension 3)

// Specify whether you want to take into account the so-called
// direction cosines of the images. Recommended: true.
// In some cases, the direction cosines of the image are corrupt,
// due to image format conversions for example. In that case, you 
// may want to set this option to "false".
(UseDirectionCosines "false")

// **************** Main Components **************************

// The following components should usually be left as they are:
(Registration "MultiResolutionRegistration")
(Interpolator "BSplineInterpolator")
(ResampleInterpolator "FinalBSplineInterpolator")
(Resampler "DefaultResampler")

// These may be changed to Fixed/MovingSmoothingImagePyramid.
// See the manual.
(FixedImagePyramid "FixedRecursiveImagePyramid")
(MovingImagePyramid "MovingRecursiveImagePyramid")

// The following components are most important:
// The optimizer AdaptiveStochasticGradientDescent (ASGD) works
// quite ok in general. The Transform and Metric are important
// and need to be chosen careful for each application. See manual.
(Optimizer "AdaptiveStochasticGradientDescent")
(Transform "EulerTransform")
(Metric "AdvancedMattesMutualInformation")

// ***************** Transformation **************************

// Scales the rotations compared to the translations, to make
// sure they are in the same range. In general, it's best to  
// use automatic scales estimation:
(AutomaticScalesEstimation "true")

// Automatically guess an initial translation by aligning the
// geometric centers of the fixed and moving.
(AutomaticTransformInitialization "true")

// Whether transforms are combined by composition or by addition.
// In generally, Compose is the best option in most cases.
// It does not influence the results very much.
(HowToCombineTransforms "Compose")

// ******************* Similarity measure *********************

// Number of grey level bins in each resolution level,
// for the mutual information. 16 or 32 usually works fine.
// You could also employ a hierarchical strategy:
//(NumberOfHistogramBins 16 32 64)
(NumberOfHistogramBins 32)

// If you use a mask, this option is important. 
// If the mask serves as region of interest, set it to false.
// If the mask indicates which pixels are valid, then set it to true.
// If you do not use a mask, the option doesn't matter.
(ErodeMask "false")

// ******************** Multiresolution **********************

// The number of resolutions. 1 Is only enough if the expected
// deformations are small. 3 or 4 mostly works fine. For large
// images and large deformations, 5 or 6 may even be useful.
(NumberOfResolutions 1)

// The downsampling/blurring factors for the image pyramids.
// By default, the images are downsampled by a factor of 2
// compared to the next resolution.
// So, in 2D, with 4 resolutions, the following schedule is used:
//(ImagePyramidSchedule 8 8  4 4  2 2  1 1 )
// And in 3D:
//(ImagePyramidSchedule 8 8 8  4 4 4  2 2 2  1 1 1 )
// You can specify any schedule, for example:
//(ImagePyramidSchedule 4 4  4 3  2 1  1 1 )
// Make sure that the number of elements equals the number
// of resolutions times the image dimension.

// ******************* Optimizer ****************************

// Maximum number of iterations in each resolution level:
// 200-500 works usually fine for rigid registration.
// For more robustness, you may increase this to 1000-2000.
(MaximumNumberOfIterations 500)

// The step size of the optimizer, in mm. By default the voxel size is used.
// which usually works well. In case of unusual high-resolution images
// (eg histology) it is necessary to increase this value a bit, to the size
// of the "smallest visible structure" in the image:
//(MaximumStepLength 1.0)

// **************** Image sampling **********************

// Number of spatial samples used to compute the mutual
// information (and its derivative) in each iteration.
// With an AdaptiveStochasticGradientDescent optimizer,
// in combination with the two options below, around 2000
// samples may already suffice.
(NumberOfSpatialSamples 2000)

// Refresh these spatial samples in every iteration, and select
// them randomly. See the manual for information on other sampling
// strategies.
(NewSamplesEveryIteration "true")
(ImageSampler "Random")

// ************* Interpolation and Resampling ****************

// Order of B-Spline interpolation used during registration/optimisation.
// It may improve accuracy if you set this to 3. Never use 0.
// An order of 1 gives linear interpolation. This is in most 
// applications a good choice.
(BSplineInterpolationOrder 1)

// Order of B-Spline interpolation used for applying the final
// deformation.
// 3 gives good accuracy; recommended in most cases.
// 1 gives worse accuracy (linear interpolation)
// 0 gives worst accuracy, but is appropriate for binary images
// (masks, segmentations); equivalent to nearest neighbor interpolation.
(FinalBSplineInterpolationOrder 3)

//Default pixel value for pixels that come from outside the picture:
(DefaultPixelValue 0)

// Choose whether to generate the deformed moving image.
// You can save some time by setting this to false, if you are
// only interested in the final (nonrigidly) deformed moving image
// for example.
(WriteResultImage "true")

// The pixel type and format of the resulting deformed moving image
(ResultImagePixelType "short")
(ResultImageFormat "nii.gz")




=============== end of ParameterFile: /Users/sakinkirti/Programming/Python/CCIPD/racial-disparity-pca/code_matlab/rigid.txt ===============


Reading images...
Reading images took 87 ms.

WARNING: the fixed pyramid schedule is not fully specified!
  A default pyramid schedule is used.
WARNING: the moving pyramid schedule is not fully specified!
  A default pyramid schedule is used.
WARNING: The parameter "AutomaticTransformInitializationMethod", requested at entry number 0, does not exist at all.
  The default value "GeometricalCenter" is used instead.
Transform parameters are initialized as: [0, 0, 0, -2.318970561027527, 9.506171345710754, -19.694801330566406]
Scales are estimated automatically.
Scales for transform parameters are: [3391.2427368164062, 3391.2427368164062, 5481.9854736328125, 1, 1, 1]
Initialization of all components (before registration) took: 13 ms.
Preparation of the image pyramids took: 11 ms.

Resolution: 0
WARNING: The parameter "ShowExactMetricValue", requested at entry number 0, does not exist at all.
  The default value "false" is used instead.
WARNING: The parameter "CheckNumberOfSamples", requested at entry number 0, does not exist at all.
  The default value "true" is used instead.
WARNING: The parameter "UseMultiThreadingForMetrics", requested at entry number 0, does not exist at all.
  The default value "true" is used instead.
Setting the fixed masks took: 0 ms.
Setting the moving masks took: 0 ms.
WARNING: The parameter "NumberOfFixedHistogramBins", requested at entry number 0, does not exist at all.
  The default value "32" is used instead.
WARNING: The parameter "NumberOfMovingHistogramBins", requested at entry number 0, does not exist at all.
  The default value "32" is used instead.
WARNING: The parameter "FixedLimitRangeRatio", requested at entry number 0, does not exist at all.
  The default value "0.01" is used instead.
WARNING: The parameter "MovingLimitRangeRatio", requested at entry number 0, does not exist at all.
  The default value "0.01" is used instead.
WARNING: The parameter "FixedKernelBSplineOrder", requested at entry number 0, does not exist at all.
  The default value "0" is used instead.
WARNING: The parameter "MovingKernelBSplineOrder", requested at entry number 0, does not exist at all.
  The default value "3" is used instead.
WARNING: The parameter "UseFastAndLowMemoryVersion", requested at entry number 0, does not exist at all.
  The default value "true" is used instead.
WARNING: The parameter "UseJacobianPreconditioning", requested at entry number 0, does not exist at all.
  The default value "false" is used instead.
WARNING: The parameter "FiniteDifferenceDerivative", requested at entry number 0, does not exist at all.
  The default value "false" is used instead.
WARNING: The parameter "SP_A", requested at entry number 0, does not exist at all.
  The default value "20" is used instead.
WARNING: The parameter "MaximumNumberOfSamplingAttempts", requested at entry number 0, does not exist at all.
  The default value "0" is used instead.
WARNING: The parameter "SigmoidInitialTime", requested at entry number 0, does not exist at all.
  The default value "0" is used instead.
WARNING: The parameter "MaxBandCovSize", requested at entry number 0, does not exist at all.
  The default value "192" is used instead.
WARNING: The parameter "NumberOfBandStructureSamples", requested at entry number 0, does not exist at all.
  The default value "10" is used instead.
WARNING: The parameter "UseAdaptiveStepSizes", requested at entry number 0, does not exist at all.
  The default value "true" is used instead.
WARNING: The parameter "AutomaticParameterEstimation", requested at entry number 0, does not exist at all.
  The default value "true" is used instead.
WARNING: The parameter "UseConstantStep", requested at entry number 0, does not exist at all.
  The default value "false" is used instead.
WARNING: The parameter "MaximumStepLengthRatio", requested at entry number 0, does not exist at all.
  The default value "1" is used instead.
WARNING: The parameter "MaximumStepLength", requested at entry number 0, does not exist at all.
  The default value "0.957623" is used instead.
WARNING: The parameter "NumberOfGradientMeasurements", requested at entry number 0, does not exist at all.
  The default value "0" is used instead.
WARNING: The parameter "NumberOfJacobianMeasurements", requested at entry number 0, does not exist at all.
  The default value "1000" is used instead.
WARNING: The parameter "NumberOfSamplesForExactGradient", requested at entry number 0, does not exist at all.
  The default value "100000" is used instead.
WARNING: The parameter "SigmoidScaleFactor", requested at entry number 0, does not exist at all.
  The default value "0.1" is used instead.
Elastix initialization of all components (for this resolution) took: 3 ms.
  Computing the fixed image extrema took 10 ms.
  Computing the moving image extrema took 6 ms.
Initialization of AdvancedMattesMutualInformation metric took: 40 ms.
Starting automatic parameter estimation for AdaptiveStochasticGradientDescent ...
WARNING: The parameter "ASGDParameterEstimationMethod", requested at entry number 0, does not exist at all.
  The default value "Original" is used instead.
  Computing JacobianTerms ...
  Computing the Jacobian terms took 0.004130s
  NumberOfGradientMeasurements to estimate sigma_i: 6
  Sampling gradients ...
  Sampling the gradients took 0.495258s
Automatic parameter estimation took 0.50s
1:ItNr	2:Metric	3a:Time	3b:StepSize	4:||Gradient||	Time[ms]
0	-0.062545	0.000000	2.487667	0.025261	546.0
1	-0.058035	0.000000	2.487667	0.010845	7.4
2	-0.060054	0.999920	2.374600	0.017322	5.5
3	-0.071175	1.786715	2.292608	0.014593	8.0
4	-0.057979	0.920097	2.383247	0.010687	6.9
5	-0.066776	0.000000	2.487667	0.011206	10.8
6	-0.061379	0.000000	2.487667	0.018821	4.3
7	-0.061973	0.538906	2.425426	0.019651	11.8
8	-0.056796	0.000000	2.487667	0.015989	8.6
9	-0.065833	0.999984	2.374593	0.010788	9.0
10	-0.062218	0.027758	2.484383	0.015534	4.9
11	-0.069081	0.000000	2.487667	0.015567	9.1
12	-0.060525	0.999909	2.374601	0.012353	10.0
13	-0.063034	1.260021	2.346854	0.009568	13.7
14	-0.060102	2.147446	2.256880	0.014096	9.6
15	-0.065791	1.173916	2.355967	0.015635	9.4
16	-0.068289	2.173634	2.254330	0.009454	7.3
17	-0.062366	1.369209	2.335398	0.010930	8.6
18	-0.065008	1.255812	2.347298	0.017506	11.1
19	-0.055148	0.291144	2.453650	0.015477	10.5
20	-0.064764	1.133303	2.360290	0.016166	12.1
21	-0.058317	0.162839	2.468526	0.016424	8.9
22	-0.063197	0.000000	2.487667	0.013782	7.2
23	-0.054997	0.559138	2.423149	0.006540	8.5
24	-0.063157	1.296982	2.342963	0.011611	13.0
25	-0.058731	0.664309	2.411386	0.021302	9.8
26	-0.058463	0.000000	2.487667	0.010128	5.3
27	-0.056254	0.000000	2.487667	0.015599	11.7
28	-0.064778	0.998382	2.374766	0.013234	8.9
29	-0.065053	0.444075	2.436151	0.016619	9.5
30	-0.064666	1.358148	2.336554	0.013627	8.4
31	-0.055935	1.355979	2.336780	0.018123	4.5
32	-0.056945	0.617481	2.416610	0.012050	11.4
33	-0.056815	1.371294	2.335181	0.010967	9.1
34	-0.063088	2.135152	2.258080	0.010900	8.5
35	-0.053861	2.952775	2.181000	0.011692	7.2
36	-0.065280	2.029527	2.268436	0.019939	7.0
37	-0.066828	1.058407	2.368304	0.011151	6.4
38	-0.061109	2.051702	2.266254	0.016770	9.5
39	-0.066240	1.085523	2.365396	0.010082	6.6
40	-0.071290	0.264972	2.456670	0.017196	7.2
41	-0.059731	1.260814	2.346770	0.014107	8.4
42	-0.064003	0.290337	2.453743	0.014750	10.3
43	-0.059103	0.000000	2.487667	0.013931	4.9
44	-0.068156	0.999983	2.374593	0.012937	8.3
45	-0.050954	1.884269	2.282835	0.012959	7.1
46	-0.062002	1.014030	2.373078	0.017938	9.4
47	-0.061262	1.949177	2.276379	0.020706	6.0
48	-0.062798	0.974085	2.377392	0.013633	8.9
49	-0.052533	0.277838	2.455184	0.019982	5.9
50	-0.068181	0.000000	2.487667	0.011466	9.7
51	-0.061936	0.964774	2.378400	0.013395	5.9
52	-0.052924	1.687808	2.302603	0.016843	10.2
53	-0.052905	0.744046	2.402543	0.018013	7.3
54	-0.065348	0.000000	2.487667	0.011759	10.2
55	-0.057399	0.999453	2.374651	0.024556	5.3
56	-0.056050	1.801608	2.291111	0.011443	11.0
57	-0.063600	2.683181	2.205828	0.014164	7.7
58	-0.060865	2.964783	2.179908	0.021837	7.8
59	-0.055750	3.959800	2.093006	0.011388	4.9
60	-0.059277	2.984717	2.178096	0.018737	6.7
61	-0.063632	2.067883	2.264664	0.023331	8.0
62	-0.050703	1.092811	2.364616	0.016050	5.1
63	-0.053785	0.117719	2.473800	0.014651	7.1
64	-0.059367	0.000000	2.487667	0.014879	5.0
65	-0.063766	0.000000	2.487667	0.009834	9.1
66	-0.062437	0.000000	2.487667	0.024164	7.4
67	-0.050084	0.000000	2.487667	0.011645	5.9
68	-0.062799	0.998891	2.374711	0.021800	6.4
69	-0.063265	0.029902	2.484130	0.019055	5.9
70	-0.060133	0.000000	2.487667	0.024024	7.3
71	-0.061236	1.000000	2.374592	0.017397	7.7
72	-0.061171	0.027047	2.484467	0.020644	7.7
73	-0.060561	1.027047	2.371676	0.015188	5.0
74	-0.052944	2.027044	2.268681	0.005802	8.1
75	-0.057585	2.981297	2.178407	0.017429	3.8
76	-0.061496	2.051003	2.266323	0.026473	6.7
77	-0.051652	3.051003	2.172093	0.011600	7.1
78	-0.063638	4.050062	2.085464	0.009953	6.7
79	-0.063624	3.364032	2.144186	0.019185	7.6
80	-0.065264	2.389343	2.233539	0.014376	8.6
81	-0.054557	1.414941	2.330634	0.023484	6.2
82	-0.067778	2.358922	2.236448	0.010318	6.8
83	-0.059848	3.358280	2.144692	0.017663	6.0
84	-0.055911	3.368350	2.143806	0.010764	4.8
85	-0.052913	4.350114	2.060780	0.013146	7.1
86	-0.063587	3.473541	2.134592	0.016492	5.6
87	-0.061203	4.470476	2.051042	0.013624	7.6
88	-0.064372	4.383943	2.058034	0.024986	7.0
89	-0.056914	3.408871	2.140247	0.014461	6.7
90	-0.064460	2.461206	2.226698	0.013735	7.5
91	-0.069722	1.486206	2.323247	0.011984	6.8
92	-0.059982	0.511318	2.428536	0.023233	5.6
93	-0.055735	0.000000	2.487667	0.016823	7.2
94	-0.054016	0.684504	2.409140	0.020843	6.0
95	-0.060673	1.675101	2.303893	0.009103	5.7
96	-0.065852	2.671402	2.206925	0.013843	7.1
97	-0.059768	1.711578	2.300193	0.026267	5.9
98	-0.059036	0.736486	2.403379	0.011395	8.0
99	-0.064174	1.736470	2.297675	0.020978	7.3
100	-0.062178	0.761378	2.400630	0.010518	5.1
101	-0.061241	1.761176	2.295181	0.019705	5.6
102	-0.056143	2.733729	2.201130	0.015874	5.8
103	-0.057777	3.733729	2.112137	0.007093	8.1
104	-0.061266	3.130269	2.164958	0.013036	6.1
105	-0.058146	2.953814	2.180906	0.018279	5.4
106	-0.051454	3.152194	2.162992	0.012799	5.1
107	-0.062355	3.200947	2.158635	0.019062	5.9
108	-0.063840	4.200256	2.073035	0.014649	7.9
109	-0.064173	3.232848	2.155793	0.015634	7.5
110	-0.054606	4.232597	2.070378	0.005443	7.4
111	-0.066904	4.078001	2.083141	0.007362	5.8
112	-0.054865	4.554193	2.044323	0.009621	7.5
113	-0.067644	3.598468	2.123751	0.018783	5.4
114	-0.062545	2.764617	2.198269	0.014419	5.0
115	-0.067114	3.671702	2.117447	0.013138	6.2
116	-0.062813	4.282392	2.066300	0.009239	6.6
117	-0.061270	4.651106	2.036599	0.013242	5.8
118	-0.055218	4.043174	2.086038	0.016025	7.1
119	-0.056802	4.483912	2.049960	0.013678	5.4
120	-0.053893	3.513821	2.131084	0.008446	7.0
121	-0.054155	3.292774	2.150475	0.008115	6.3
122	-0.058399	2.586279	2.214890	0.018478	7.0
123	-0.060325	3.571404	2.126090	0.019451	5.9
124	-0.053671	2.598176	2.213773	0.016533	5.8
125	-0.068577	1.623084	2.309191	0.014509	6.6
126	-0.068191	0.661339	2.411717	0.017243	6.6
127	-0.069212	0.000000	2.487667	0.011214	6.3
128	-0.054276	0.000000	2.487667	0.020015	5.2
129	-0.061275	0.000000	2.487667	0.009498	6.0
130	-0.059266	0.000000	2.487667	0.020010	7.0
131	-0.063605	0.000000	2.487667	0.017099	6.7
132	-0.059047	0.998532	2.374750	0.008204	7.2
133	-0.068508	1.850052	2.286254	0.015166	7.0
134	-0.065890	2.683445	2.205803	0.030082	5.7
135	-0.053165	1.708354	2.300520	0.011645	8.6
136	-0.057842	0.733263	2.403735	0.019862	6.6
137	-0.062660	0.515237	2.428094	0.009273	6.7
138	-0.056510	1.513192	2.320462	0.026337	6.2
139	-0.066716	2.512320	2.221857	0.017704	6.7
140	-0.060637	2.931673	2.182924	0.016501	6.8
141	-0.052998	1.956656	2.275637	0.006251	5.4
142	-0.050074	2.123236	2.259243	0.013716	5.4
143	-0.060954	2.885010	2.187188	0.017824	5.6
144	-0.050431	2.205127	2.251270	0.013339	7.3
145	-0.058300	1.230064	2.350016	0.010593	7.2
146	-0.064437	0.345505	2.447401	0.010132	10.8
147	-0.058121	1.259306	2.346929	0.016715	6.7
148	-0.075198	2.254504	2.246490	0.017526	8.5
149	-0.055725	2.088707	2.262622	0.026575	7.4
150	-0.062071	2.178931	2.253815	0.012896	5.8
151	-0.056392	3.110800	2.166706	0.008584	7.3
152	-0.048969	3.262878	2.153125	0.010966	5.8
153	-0.066339	2.832997	2.191962	0.010384	8.3
154	-0.057845	3.314967	2.148513	0.012029	7.5
155	-0.051755	4.275229	2.066886	0.019814	5.9
156	-0.053083	5.273506	1.988353	0.021567	6.4
157	-0.064632	4.316879	2.063486	0.010812	7.3
158	-0.057116	3.537344	2.129041	0.025651	5.5
159	-0.064674	4.536264	2.045758	0.012769	10.4
160	-0.066709	5.526236	1.969409	0.023164	6.5
161	-0.058198	4.626540	2.038551	0.008932	5.0
162	-0.051377	3.651779	2.119158	0.013681	6.6
163	-0.063589	3.222497	2.156715	0.014624	4.6
164	-0.059854	4.220493	2.071372	0.009647	9.0
165	-0.066197	4.589731	2.041483	0.007032	5.8
166	-0.060824	3.693818	2.115550	0.015660	4.8
167	-0.059510	2.811958	2.193898	0.017516	5.3
168	-0.065042	3.811754	2.105495	0.017279	5.3
169	-0.053659	4.811739	2.023925	0.013778	6.2
170	-0.066712	3.837277	2.103331	0.007941	5.2
171	-0.065719	3.238870	2.155258	0.017236	5.5
172	-0.059524	2.270782	2.244919	0.007818	6.1
173	-0.052145	1.711534	2.300197	0.011479	5.4
174	-0.049463	0.864722	2.389283	0.007781	3.6
175	-0.056574	1.371865	2.335121	0.014171	4.1
176	-0.060338	0.859335	2.389872	0.021507	5.2
177	-0.067200	0.000000	2.487667	0.016189	3.9
178	-0.059244	0.000000	2.487667	0.014801	5.9
179	-0.053416	0.983178	2.376409	0.015078	8.1
180	-0.069740	0.008358	2.486678	0.013427	8.7
181	-0.065444	0.000000	2.487667	0.013400	10.0
182	-0.054196	0.144126	2.470710	0.014535	7.2
183	-0.059783	1.133320	2.360288	0.008487	8.4
184	-0.052077	0.159447	2.468921	0.012454	5.8
185	-0.062132	0.000000	2.487667	0.026331	8.1
186	-0.063596	0.983490	2.376375	0.027839	6.2
187	-0.059163	0.008397	2.486673	0.012764	7.4
188	-0.067552	1.007719	2.373759	0.009307	5.6
189	-0.059231	0.555648	2.423542	0.012595	6.6
190	-0.068497	1.162398	2.357191	0.016602	9.1
191	-0.067381	0.207353	2.463344	0.015676	5.7
192	-0.062831	1.202108	2.352975	0.016930	7.9
193	-0.058178	2.201805	2.251593	0.010747	7.5
194	-0.061071	3.195537	2.159118	0.017450	6.1
195	-0.054778	2.251259	2.246804	0.024842	5.5
196	-0.058787	1.276604	2.345107	0.011729	6.1
197	-0.071441	0.340326	2.447995	0.009978	5.9
198	-0.061380	1.239130	2.349058	0.011383	6.3
199	-0.051042	1.176139	2.355731	0.014450	6.4
200	-0.067977	0.623750	2.415909	0.010386	6.7
201	-0.061822	0.000000	2.487667	0.012991	5.8
202	-0.067633	0.000000	2.487667	0.011971	5.9
203	-0.061662	0.000000	2.487667	0.012290	4.9
204	-0.066561	0.000000	2.487667	0.012733	9.1
205	-0.057007	0.000000	2.487667	0.017636	6.6
206	-0.072521	0.999934	2.374599	0.014675	6.8
207	-0.062454	1.999039	2.271443	0.007119	5.5
208	-0.058836	2.991834	2.177450	0.017451	6.3
209	-0.055922	3.498399	2.132426	0.014611	6.8
210	-0.067035	2.523341	2.220816	0.009309	6.5
211	-0.055888	3.522019	2.130372	0.012670	6.0
212	-0.064387	4.494929	2.049075	0.013888	7.0
213	-0.060402	5.189525	1.994729	0.009683	7.7
214	-0.060307	4.990666	2.009991	0.010281	6.3
215	-0.066199	4.165536	2.075895	0.011423	8.2
216	-0.053733	4.208603	2.072349	0.018010	6.7
217	-0.071241	5.158673	1.997082	0.012321	6.2
218	-0.062071	5.788519	1.950127	0.018116	7.0
219	-0.054795	6.609902	1.892111	0.016092	4.6
220	-0.060883	5.634812	1.961381	0.018591	7.3
221	-0.056149	6.634812	1.890406	0.005861	6.2
222	-0.054515	6.510336	1.898959	0.016426	6.8
223	-0.062941	6.716375	1.884843	0.011516	8.9
224	-0.070002	7.709426	1.819647	0.016040	7.9
225	-0.061267	8.688116	1.759661	0.010348	6.0
226	-0.056438	7.731266	1.818264	0.010588	6.0
227	-0.057846	7.077416	1.860606	0.008491	6.3
228	-0.061319	6.187418	1.921514	0.013521	7.1
229	-0.058048	6.931453	1.870329	0.013241	7.4
230	-0.057419	7.928163	1.805888	0.012804	8.0
231	-0.063775	8.927513	1.745585	0.007439	5.7
232	-0.064484	9.897410	1.690789	0.009607	7.2
233	-0.063683	10.813163	1.642119	0.020475	6.4
234	-0.053850	11.781540	1.593611	0.018101	5.6
235	-0.062270	12.065278	1.579936	0.017912	6.0
236	-0.053604	13.064603	1.533586	0.013260	6.1
237	-0.066238	14.064571	1.489852	0.020915	6.8
238	-0.069616	15.064544	1.448542	0.007669	5.8
239	-0.058656	15.294315	1.439372	0.022304	6.1
240	-0.058560	16.294161	1.400783	0.008250	5.6
241	-0.048904	17.293355	1.364232	0.014434	5.7
242	-0.064116	16.350522	1.398669	0.016250	6.6
243	-0.061298	17.350478	1.362200	0.018575	5.8
244	-0.067525	16.379505	1.397584	0.028218	6.7
245	-0.059320	15.404413	1.435019	0.013253	6.3
246	-0.058385	16.087023	1.408606	0.018589	5.6
247	-0.063587	15.120262	1.446308	0.008976	6.1
248	-0.054093	15.363171	1.436646	0.018660	5.1
249	-0.055271	16.363065	1.398199	0.015587	5.8
250	-0.062311	17.362279	1.361781	0.027007	5.1
251	-0.061559	16.395270	1.396995	0.009360	6.0
252	-0.053043	15.420189	1.434397	0.007314	5.5
253	-0.059787	16.088159	1.408563	0.010095	5.6
254	-0.055987	15.276347	1.440085	0.019963	6.3
255	-0.067800	16.181728	1.405018	0.019948	6.8
256	-0.068551	15.207242	1.442833	0.009842	5.2
257	-0.056798	14.274206	1.480998	0.010428	6.0
258	-0.068143	13.889641	1.497322	0.009163	4.7
259	-0.051177	14.644654	1.465606	0.010858	5.7
260	-0.061751	15.587213	1.427849	0.005998	5.8
261	-0.060780	15.864809	1.417097	0.010085	5.1
262	-0.060853	15.831337	1.418385	0.011739	6.6
263	-0.057764	15.553389	1.429170	0.011519	5.6
264	-0.054101	14.914582	1.454591	0.022278	5.2
265	-0.071700	15.249612	1.441147	0.008815	5.7
266	-0.063656	16.215760	1.403734	0.012516	6.1
267	-0.063098	17.192219	1.367844	0.012714	6.4
268	-0.063349	18.187949	1.333089	0.007068	6.0
269	-0.061606	18.736743	1.314678	0.009026	5.9
270	-0.058870	18.062100	1.337384	0.018286	5.9
271	-0.057865	19.055065	1.304230	0.009646	6.7
272	-0.066852	18.111295	1.335701	0.015126	5.2
273	-0.057341	17.211977	1.367137	0.013380	5.6
274	-0.061186	18.100854	1.336058	0.020209	5.2
275	-0.061397	19.095899	1.302902	0.016517	5.1
276	-0.058673	18.151123	1.334343	0.011429	5.2
277	-0.052229	17.194128	1.367776	0.012114	6.0
278	-0.064267	17.788834	1.346805	0.018836	5.5
279	-0.075254	18.730376	1.314888	0.013164	5.1
280	-0.064038	19.719180	1.282958	0.019104	5.1
281	-0.058088	18.752349	1.314162	0.018563	5.3
282	-0.057849	19.748997	1.282020	0.009691	5.6
283	-0.056537	19.773417	1.281252	0.014949	5.1
284	-0.050972	20.626841	1.254984	0.017340	5.0
285	-0.054348	21.626841	1.225543	0.013839	4.9
286	-0.061265	22.621580	1.197596	0.024991	5.2
287	-0.057706	23.621580	1.170757	0.026390	4.6
288	-0.057871	22.647560	1.196883	0.012693	6.3
289	-0.064517	21.990645	1.215172	0.015161	5.5
290	-0.066987	21.030595	1.242928	0.006796	4.8
291	-0.065694	20.104404	1.270935	0.009826	6.3
292	-0.058537	19.301862	1.296243	0.017969	4.9
293	-0.060964	20.301806	1.264860	0.013224	6.1
294	-0.060753	19.488420	1.290270	0.019440	6.6
295	-0.057779	18.532125	1.321483	0.017203	5.2
296	-0.058374	17.562273	1.354718	0.010173	7.7
297	-0.055818	18.561174	1.320512	0.021323	5.0
298	-0.067494	17.795146	1.346586	0.008510	5.9
299	-0.060455	17.905769	1.342757	0.012907	8.9
300	-0.061911	18.287165	1.329722	0.014537	5.7
301	-0.058435	19.286148	1.296749	0.017841	6.1
302	-0.074660	18.311070	1.328914	0.009574	4.9
303	-0.057331	19.297860	1.296372	0.011919	6.0
304	-0.062571	19.567201	1.287765	0.011111	8.2
305	-0.058855	18.659938	1.317224	0.015976	6.2
306	-0.067146	19.530102	1.288944	0.008935	5.9
307	-0.053078	18.626839	1.318324	0.016100	5.5
308	-0.065582	19.423745	1.292335	0.009339	6.1
309	-0.058082	20.139867	1.269839	0.013742	6.6
310	-0.057346	21.026099	1.243061	0.009479	5.6
311	-0.065185	20.053949	1.272497	0.013974	6.4
312	-0.052687	19.240301	1.298226	0.012403	5.3
313	-0.062783	20.014437	1.273723	0.019921	6.0
314	-0.060700	19.681922	1.284133	0.008463	5.6
315	-0.059575	20.681596	1.253335	0.009840	4.9
316	-0.058446	21.562656	1.227391	0.016481	6.1
317	-0.064382	22.560961	1.199262	0.022998	4.2
318	-0.053626	23.560956	1.172349	0.024579	4.0
319	-0.064554	22.585864	1.198577	0.007500	3.4
320	-0.070860	22.534502	1.199991	0.013636	4.1
321	-0.065057	21.783603	1.221052	0.013442	4.7
322	-0.068669	22.322538	1.205862	0.020016	3.8
323	-0.058947	21.981135	1.215441	0.011884	4.3
324	-0.052225	21.111509	1.240540	0.008808	3.9
325	-0.058453	20.166589	1.269015	0.013181	4.7
326	-0.064876	19.197490	1.299609	0.010049	4.4
327	-0.059238	20.160232	1.269211	0.011713	3.4
328	-0.060433	21.130367	1.239985	0.015145	5.4
329	-0.065049	20.176981	1.268695	0.014677	3.1
330	-0.068467	21.168444	1.238865	0.010221	2.9
331	-0.059380	22.122496	1.211456	0.012568	2.9
332	-0.052325	22.459998	1.202048	0.010236	3.1
333	-0.059175	21.486968	1.229577	0.012779	3.5
334	-0.069074	21.140702	1.239681	0.008838	2.9
335	-0.064694	21.265235	1.236028	0.018129	2.8
336	-0.063501	21.223044	1.237263	0.011977	2.7
337	-0.072873	22.222967	1.208640	0.018972	2.9
338	-0.071644	21.263732	1.236072	0.014988	2.8
339	-0.062533	22.129545	1.211258	0.014110	2.6
340	-0.052909	22.531891	1.200063	0.016173	3.3
341	-0.060100	22.681484	1.195953	0.008615	4.6
342	-0.051621	23.662330	1.169688	0.009380	4.0
343	-0.062631	23.033073	1.186404	0.010407	3.7
344	-0.058070	23.128365	1.183842	0.013482	3.9
345	-0.064614	22.184690	1.209711	0.027697	4.2
346	-0.074174	22.963462	1.188283	0.014795	6.3
347	-0.060236	23.949057	1.162227	0.018098	6.0
348	-0.051935	22.974457	1.187985	0.008264	5.5
349	-0.071171	22.099586	1.212100	0.016272	6.6
350	-0.063899	21.754469	1.221884	0.010216	5.1
351	-0.064818	22.703448	1.195352	0.015394	4.7
352	-0.053296	23.693037	1.168885	0.016758	6.3
353	-0.067634	22.722297	1.194837	0.016940	5.2
354	-0.054441	23.097992	1.184657	0.007806	4.0
355	-0.060330	22.148207	1.210734	0.025355	6.3
356	-0.061005	21.176131	1.238639	0.009035	4.4
357	-0.053997	22.123453	1.211429	0.012858	6.0
358	-0.057247	21.676790	1.224108	0.011369	6.2
359	-0.060539	21.369213	1.232995	0.016920	10.9
360	-0.054465	22.306173	1.206318	0.012046	7.0
361	-0.063245	21.331364	1.234097	0.010588	13.0
362	-0.056110	22.081636	1.212605	0.021753	8.2
363	-0.063078	21.148072	1.239464	0.006717	6.4
364	-0.059203	20.451821	1.260283	0.009806	6.1
365	-0.054868	19.676045	1.284319	0.012629	5.6
366	-0.063415	20.621695	1.255139	0.020414	6.4
367	-0.067195	19.646655	1.285248	0.015960	5.9
368	-0.055608	18.671563	1.316838	0.008368	4.9
369	-0.071687	17.723495	1.349078	0.010294	5.2
370	-0.062645	16.777780	1.382850	0.010066	5.3
371	-0.055642	15.925763	1.414758	0.010407	5.1
372	-0.060222	16.898114	1.378459	0.025997	5.4
373	-0.060923	16.592342	1.389672	0.020150	4.8
374	-0.059972	15.617297	1.426676	0.015311	4.8
375	-0.063402	16.598291	1.389452	0.010982	5.4
376	-0.066195	17.408311	1.360149	0.017387	5.2
377	-0.068836	18.394036	1.326115	0.016950	4.8
378	-0.066105	17.420278	1.359725	0.018955	5.3
379	-0.053193	16.445190	1.395133	0.015105	4.3
380	-0.070466	17.174618	1.368475	0.013307	5.4
381	-0.062444	17.966419	1.340668	0.009426	5.6
382	-0.062691	17.168433	1.368697	0.011337	4.8
383	-0.054624	16.202385	1.404238	0.007831	6.2
384	-0.061167	17.087966	1.371588	0.003349	5.2
385	-0.059459	16.859240	1.379875	0.017489	5.2
386	-0.059761	16.150934	1.406183	0.017129	5.9
387	-0.063903	15.177245	1.444030	0.012186	5.3
388	-0.058178	14.203587	1.483968	0.016215	4.1
389	-0.058475	15.086767	1.447650	0.021871	3.8
390	-0.067900	14.111679	1.487853	0.013193	5.4
391	-0.058430	14.508813	1.471213	0.013811	4.2
392	-0.074254	13.548518	1.512106	0.009688	3.4
393	-0.065491	14.539672	1.469935	0.007951	6.7
394	-0.064545	15.073712	1.448174	0.021427	3.6
395	-0.057814	14.261037	1.481551	0.012953	5.7
396	-0.060347	13.285953	1.523686	0.016857	4.3
397	-0.072815	12.344149	1.566722	0.014712	4.1
398	-0.054810	11.372103	1.613766	0.012447	4.5
399	-0.065852	10.399794	1.663737	0.022138	3.9
400	-0.068082	9.424715	1.717058	0.008431	3.9
401	-0.066375	10.346804	1.666550	0.012685	3.7
402	-0.052405	9.379227	1.719629	0.006334	4.3
403	-0.060772	9.295090	1.724405	0.018558	4.5
404	-0.060296	9.969663	1.686845	0.012062	4.1
405	-0.059376	10.948918	1.635142	0.015618	3.8
406	-0.060148	11.948868	1.585518	0.015733	4.3
407	-0.068466	10.973850	1.633867	0.020048	4.7
408	-0.053696	9.998758	1.685261	0.014022	3.4
409	-0.060857	10.980649	1.633519	0.015815	4.4
410	-0.065572	11.973136	1.584351	0.022388	5.0
411	-0.069634	12.319628	1.567875	0.007996	4.7
412	-0.052940	11.346241	1.615057	0.008161	3.7
413	-0.061163	11.915733	1.587114	0.017801	3.2
414	-0.070553	10.990717	1.633005	0.007779	5.0
415	-0.058258	10.623431	1.651972	0.011618	4.8
416	-0.057184	11.030138	1.630996	0.012816	4.6
417	-0.063495	10.061789	1.681842	0.005190	5.3
418	-0.055278	10.398723	1.663794	0.010895	5.0
419	-0.055085	10.622829	1.652003	0.011051	4.1
420	-0.072518	11.335651	1.615586	0.019279	6.4
421	-0.063301	12.323366	1.567699	0.015471	4.5
422	-0.064150	11.348388	1.614950	0.013807	4.6
423	-0.057330	12.346141	1.566628	0.019381	4.7
424	-0.053631	11.373063	1.613719	0.014737	5.7
425	-0.053839	10.398070	1.663829	0.011985	4.3
426	-0.068412	11.252014	1.619775	0.018775	5.5
427	-0.068528	10.278505	1.670189	0.016590	4.6
428	-0.073350	11.043969	1.630292	0.018959	5.1
429	-0.072286	10.069016	1.681451	0.008402	4.8
430	-0.061374	9.095505	1.735841	0.012356	6.7
431	-0.057649	9.990770	1.685696	0.010349	4.4
432	-0.067660	9.287380	1.724844	0.011998	7.2
433	-0.061641	9.923412	1.689368	0.010981	4.5
434	-0.054597	10.885769	1.638380	0.003927	4.7
435	-0.062198	11.359261	1.614407	0.010629	6.1
436	-0.069611	11.849032	1.590336	0.018816	4.7
437	-0.057857	12.840906	1.543724	0.011603	3.6
438	-0.063408	13.818721	1.500371	0.019084	3.2
439	-0.053874	12.963366	1.538158	0.016254	5.0
440	-0.061253	13.963356	1.494165	0.016384	3.6
441	-0.051618	13.553632	1.511882	0.015681	3.6
442	-0.064727	12.578540	1.555786	0.024222	5.3
443	-0.056908	13.578532	1.510793	0.014825	3.3
444	-0.064325	14.578523	1.468330	0.016186	3.9
445	-0.056793	15.578521	1.428188	0.014599	3.8
446	-0.066201	14.606236	1.467187	0.027292	4.4
447	-0.065114	14.273490	1.481028	0.018674	3.7
448	-0.053993	13.298398	1.523133	0.009558	4.1
449	-0.060502	12.982724	1.537281	0.011012	4.9
450	-0.067559	12.685642	1.550839	0.016238	4.9
451	-0.059210	12.229886	1.572109	0.009380	4.1
452	-0.068035	11.265439	1.619101	0.008574	5.8
453	-0.062828	10.337185	1.667061	0.008981	4.3
454	-0.067569	11.252432	1.619754	0.013969	4.8
455	-0.058839	12.247498	1.571277	0.009751	3.5
456	-0.053365	12.411904	1.563545	0.015919	5.5
457	-0.066679	13.411399	1.518131	0.015448	4.6
458	-0.068427	14.411373	1.475261	0.017640	3.7
459	-0.062110	15.407510	1.434897	0.021729	4.5
460	-0.066018	16.407510	1.396538	0.013509	4.5
461	-0.063108	15.465222	1.432626	0.011358	4.4
462	-0.058041	16.259195	1.402097	0.012037	4.0
463	-0.057851	15.751854	1.421452	0.014541	7.1
464	-0.058682	16.746881	1.383982	0.010503	4.9
465	-0.061670	15.949522	1.413848	0.012028	5.0
466	-0.056084	14.976900	1.452071	0.020195	7.8
467	-0.046371	15.976796	1.412805	0.012169	5.6
468	-0.064054	16.976758	1.375605	0.011580	6.7
469	-0.059811	17.867076	1.344094	0.011616	5.4
470	-0.061262	18.734539	1.314751	0.012861	5.8
471	-0.060409	17.901859	1.342892	0.009513	4.9
472	-0.049455	17.565502	1.354605	0.016090	5.9
473	-0.066686	16.857628	1.379934	0.010634	10.6
474	-0.051327	16.501612	1.393034	0.013906	6.0
475	-0.060127	17.456669	1.358438	0.017674	6.3
476	-0.061341	16.494622	1.393293	0.016916	6.4
477	-0.065765	17.494604	1.357100	0.014664	5.2
478	-0.052805	18.494440	1.322743	0.013004	6.9
479	-0.054084	19.494331	1.290082	0.010762	4.7
480	-0.058760	18.544900	1.321056	0.014675	6.3
481	-0.061329	17.608409	1.353099	0.012869	5.1
482	-0.062589	16.660327	1.387163	0.007597	3.8
483	-0.063028	17.035672	1.373474	0.020074	4.7
484	-0.068851	16.075540	1.409043	0.010507	5.2
485	-0.057855	17.071540	1.372180	0.015920	4.4
486	-0.061510	18.043773	1.338011	0.015623	4.8
487	-0.061269	19.028759	1.305087	0.013345	4.9
488	-0.070069	18.054061	1.337659	0.019265	4.7
489	-0.057027	17.343012	1.362465	0.003719	4.4
490	-0.050584	17.999150	1.339542	0.011505	5.8
491	-0.058048	17.683189	1.350484	0.011733	4.9
492	-0.055416	17.672588	1.350854	0.006738	4.0
493	-0.062821	18.031846	1.338420	0.010105	3.6
494	-0.065413	18.549461	1.320903	0.009299	6.5
495	-0.063921	17.668346	1.351002	0.009276	6.1
496	-0.054080	17.730569	1.348832	0.015845	3.4
497	-0.050459	16.767372	1.383231	0.017203	4.7
498	-0.062101	17.766658	1.347576	0.007260	4.4
499	-0.071107	16.853277	1.380092	0.015233	4.0
Time spent in resolution 0 (ITK initialization and iterating): 3.780 s.
Stopping condition: Maximum number of iterations has been reached.
Settings of AdaptiveStochasticGradientDescent in resolution 0:
( SP_a 52.241013 )
( SP_A 20.000000 )
( SP_alpha 1.000000 )
( SigmoidMax 1.000000 )
( SigmoidMin -0.975092 )
( SigmoidScale 0.000015 )



=============== start of TransformParameterFile ===============
(Transform "EulerTransform")
(NumberOfParameters 6)
(TransformParameters -0.011303 0.007799 0.002666 -2.717200 8.688876 -19.929321)
(InitialTransformParametersFileName "NoInitialTransform")
(UseBinaryFormatForTransformationParameters "false")
(HowToCombineTransforms "Compose")

// Image specific
(FixedImageDimension 3)
(MovingImageDimension 3)
(FixedInternalImagePixelType "float")
(MovingInternalImagePixelType "float")
(Size 256 256 30)
(Index 0 0 0)
(Spacing 0.7031250000 0.7031250000 3.0000000000)
(Origin -53.6854782104 -73.4232864380 6.2011833191)
(Direction 1.0000000000 0.0000000000 0.0000000000 0.0000000000 1.0000000000 0.0000000000 0.0000000000 0.0000000000 1.0000000000)
(UseDirectionCosines "false")

// EulerTransform specific
(CenterOfRotationPoint 35.9629592896 16.2251510620 49.7011833191)
(ComputeZYX "false")

// ResampleInterpolator specific
(ResampleInterpolator "FinalBSplineInterpolator")
(FinalBSplineInterpolationOrder 3)

// Resampler specific
(Resampler "DefaultResampler")
(DefaultPixelValue 0.000000)
(ResultImageFormat "nii.gz")
(ResultImagePixelType "short")
(CompressResultImage "false")

=============== end of TransformParameterFile ===============

Creating the TransformParameterFile took 0.00s

Registration result checksum: 1386594089

Applying final transform ...
  Applying final transform took 0.92s

Final metric value  = -0.071107
Settings of AdaptiveStochasticGradientDescent for all resolutions:
( SP_a 52.241013 )
( SP_A 20.000000 )
( SP_alpha 1.000000 )
( SigmoidMax 1.000000 )
( SigmoidMin -0.975092 )
( SigmoidScale 0.000015 )

Time spent on saving the results, applying the final transform etc.: 924 ms.
Running elastix with parameter file 0: "/Users/sakinkirti/Programming/Python/CCIPD/racial-disparity-pca/code_matlab/rigid.txt", has finished.


Current time: Mon May 23 17:50:07 2022.
Time used for running elastix with this parameter file:
  4.8s.

-------------------------------------------------------------------------

Total time elapsed: 4.9s.

