
elastix is started at Mon May 23 13:36:33 2022.

which elastix:   /Users/sakinkirti/Programming/Python/CCIPD/racial-disparity-pca/code_matlab/elastix-5.0.0-mac/bin/elastix
elastix runs at: Sakins-MBP.hsd1.ca.comcast.net
  macOS 12.3.1 (x64), 21E258
  with 8192 MB memory, and 2 cores @ 2300 MHz.
-------------------------------------------------------------------------

Running elastix with parameter file 0: "/Users/sakinkirti/Programming/Python/CCIPD/racial-disparity-pca/code_matlab/rigid.txt".

Current time: Mon May 23 13:36:33 2022.
Reading the elastix parameters from file ...

Installing all components.
InstallingComponents was successful.

ELASTIX version: 5.000
Command line options from ElastixBase:
-f        /Users/sakinkirti/Programming/Python/CCIPD/racial-disparity-pca/dataset/to_nifti_cleaned/prostate-000939/T2W.nii.gz
-m        /Users/sakinkirti/Programming/Python/CCIPD/racial-disparity-pca/dataset/to_nifti_cleaned/prostate-000939/ADC.nii.gz
-fMask    unspecified, so no fixed mask used
-mMask    unspecified, so no moving mask used
-out      /Users/sakinkirti/Programming/Python/CCIPD/racial-disparity-pca/dataset/to_nifti_cleaned/prostate-000939/
-p        /Users/sakinkirti/Programming/Python/CCIPD/racial-disparity-pca/code_matlab/rigid.txt
-threads  unspecified, so all available threads are used
Command line options from TransformBase:
-t0       unspecified, so no initial transform used

=============== start of ParameterFile: /Users/sakinkirti/Programming/Python/CCIPD/racial-disparity-pca/code_matlab/rigid.txt ===============
// Example parameter file for rotation registration
// C-style comments: //

// The internal pixel type, used for internal computations
// Leave to float in general. 
// NB: this is not the type of the input images! The pixel 
// type of the input images is automatically read from the 
// images themselves.
// This setting can be changed to "short" to save some memory
// in case of very large 3D images.
(FixedInternalImagePixelType "float")
(MovingInternalImagePixelType "float")

// The dimensions of the fixed and moving image
// Up to elastix 4.5 this had to be specified by the user.
// From elastix 4.6, this is not necessary anymore.
//(FixedImageDimension 3)
//(MovingImageDimension 3)

// Specify whether you want to take into account the so-called
// direction cosines of the images. Recommended: true.
// In some cases, the direction cosines of the image are corrupt,
// due to image format conversions for example. In that case, you 
// may want to set this option to "false".
(UseDirectionCosines "false")

// **************** Main Components **************************

// The following components should usually be left as they are:
(Registration "MultiResolutionRegistration")
(Interpolator "BSplineInterpolator")
(ResampleInterpolator "FinalBSplineInterpolator")
(Resampler "DefaultResampler")

// These may be changed to Fixed/MovingSmoothingImagePyramid.
// See the manual.
(FixedImagePyramid "FixedRecursiveImagePyramid")
(MovingImagePyramid "MovingRecursiveImagePyramid")

// The following components are most important:
// The optimizer AdaptiveStochasticGradientDescent (ASGD) works
// quite ok in general. The Transform and Metric are important
// and need to be chosen careful for each application. See manual.
(Optimizer "AdaptiveStochasticGradientDescent")
(Transform "EulerTransform")
(Metric "AdvancedMattesMutualInformation")

// ***************** Transformation **************************

// Scales the rotations compared to the translations, to make
// sure they are in the same range. In general, it's best to  
// use automatic scales estimation:
(AutomaticScalesEstimation "true")

// Automatically guess an initial translation by aligning the
// geometric centers of the fixed and moving.
(AutomaticTransformInitialization "true")

// Whether transforms are combined by composition or by addition.
// In generally, Compose is the best option in most cases.
// It does not influence the results very much.
(HowToCombineTransforms "Compose")

// ******************* Similarity measure *********************

// Number of grey level bins in each resolution level,
// for the mutual information. 16 or 32 usually works fine.
// You could also employ a hierarchical strategy:
//(NumberOfHistogramBins 16 32 64)
(NumberOfHistogramBins 32)

// If you use a mask, this option is important. 
// If the mask serves as region of interest, set it to false.
// If the mask indicates which pixels are valid, then set it to true.
// If you do not use a mask, the option doesn't matter.
(ErodeMask "false")

// ******************** Multiresolution **********************

// The number of resolutions. 1 Is only enough if the expected
// deformations are small. 3 or 4 mostly works fine. For large
// images and large deformations, 5 or 6 may even be useful.
(NumberOfResolutions 1)

// The downsampling/blurring factors for the image pyramids.
// By default, the images are downsampled by a factor of 2
// compared to the next resolution.
// So, in 2D, with 4 resolutions, the following schedule is used:
//(ImagePyramidSchedule 8 8  4 4  2 2  1 1 )
// And in 3D:
//(ImagePyramidSchedule 8 8 8  4 4 4  2 2 2  1 1 1 )
// You can specify any schedule, for example:
//(ImagePyramidSchedule 4 4  4 3  2 1  1 1 )
// Make sure that the number of elements equals the number
// of resolutions times the image dimension.

// ******************* Optimizer ****************************

// Maximum number of iterations in each resolution level:
// 200-500 works usually fine for rigid registration.
// For more robustness, you may increase this to 1000-2000.
(MaximumNumberOfIterations 500)

// The step size of the optimizer, in mm. By default the voxel size is used.
// which usually works well. In case of unusual high-resolution images
// (eg histology) it is necessary to increase this value a bit, to the size
// of the "smallest visible structure" in the image:
//(MaximumStepLength 1.0)

// **************** Image sampling **********************

// Number of spatial samples used to compute the mutual
// information (and its derivative) in each iteration.
// With an AdaptiveStochasticGradientDescent optimizer,
// in combination with the two options below, around 2000
// samples may already suffice.
(NumberOfSpatialSamples 2000)

// Refresh these spatial samples in every iteration, and select
// them randomly. See the manual for information on other sampling
// strategies.
(NewSamplesEveryIteration "true")
(ImageSampler "Random")

// ************* Interpolation and Resampling ****************

// Order of B-Spline interpolation used during registration/optimisation.
// It may improve accuracy if you set this to 3. Never use 0.
// An order of 1 gives linear interpolation. This is in most 
// applications a good choice.
(BSplineInterpolationOrder 1)

// Order of B-Spline interpolation used for applying the final
// deformation.
// 3 gives good accuracy; recommended in most cases.
// 1 gives worse accuracy (linear interpolation)
// 0 gives worst accuracy, but is appropriate for binary images
// (masks, segmentations); equivalent to nearest neighbor interpolation.
(FinalBSplineInterpolationOrder 3)

//Default pixel value for pixels that come from outside the picture:
(DefaultPixelValue 0)

// Choose whether to generate the deformed moving image.
// You can save some time by setting this to false, if you are
// only interested in the final (nonrigidly) deformed moving image
// for example.
(WriteResultImage "false")

// The pixel type and format of the resulting deformed moving image
(ResultImagePixelType "short")
(ResultImageFormat "nii.gz")




=============== end of ParameterFile: /Users/sakinkirti/Programming/Python/CCIPD/racial-disparity-pca/code_matlab/rigid.txt ===============


Reading images...
Reading images took 920 ms.

WARNING: the fixed pyramid schedule is not fully specified!
  A default pyramid schedule is used.
WARNING: the moving pyramid schedule is not fully specified!
  A default pyramid schedule is used.
WARNING: The parameter "AutomaticTransformInitializationMethod", requested at entry number 0, does not exist at all.
  The default value "GeometricalCenter" is used instead.
Transform parameters are initialized as: [0, 0, 0, 0.32339273393154144, -0.3810063749551773, 3.8618324995040894]
Scales are estimated automatically.
Scales for transform parameters are: [3753.9387610829563, 3753.938761082969, 5479.877522165825, 1, 1, 1]
Initialization of all components (before registration) took: 20 ms.
Preparation of the image pyramids took: 79 ms.

Resolution: 0
WARNING: The parameter "ShowExactMetricValue", requested at entry number 0, does not exist at all.
  The default value "false" is used instead.
WARNING: The parameter "CheckNumberOfSamples", requested at entry number 0, does not exist at all.
  The default value "true" is used instead.
WARNING: The parameter "UseMultiThreadingForMetrics", requested at entry number 0, does not exist at all.
  The default value "true" is used instead.
Setting the fixed masks took: 0 ms.
Setting the moving masks took: 0 ms.
WARNING: The parameter "NumberOfFixedHistogramBins", requested at entry number 0, does not exist at all.
  The default value "32" is used instead.
WARNING: The parameter "NumberOfMovingHistogramBins", requested at entry number 0, does not exist at all.
  The default value "32" is used instead.
WARNING: The parameter "FixedLimitRangeRatio", requested at entry number 0, does not exist at all.
  The default value "0.01" is used instead.
WARNING: The parameter "MovingLimitRangeRatio", requested at entry number 0, does not exist at all.
  The default value "0.01" is used instead.
WARNING: The parameter "FixedKernelBSplineOrder", requested at entry number 0, does not exist at all.
  The default value "0" is used instead.
WARNING: The parameter "MovingKernelBSplineOrder", requested at entry number 0, does not exist at all.
  The default value "3" is used instead.
WARNING: The parameter "UseFastAndLowMemoryVersion", requested at entry number 0, does not exist at all.
  The default value "true" is used instead.
WARNING: The parameter "UseJacobianPreconditioning", requested at entry number 0, does not exist at all.
  The default value "false" is used instead.
WARNING: The parameter "FiniteDifferenceDerivative", requested at entry number 0, does not exist at all.
  The default value "false" is used instead.
WARNING: The parameter "SP_A", requested at entry number 0, does not exist at all.
  The default value "20" is used instead.
WARNING: The parameter "MaximumNumberOfSamplingAttempts", requested at entry number 0, does not exist at all.
  The default value "0" is used instead.
WARNING: The parameter "SigmoidInitialTime", requested at entry number 0, does not exist at all.
  The default value "0" is used instead.
WARNING: The parameter "MaxBandCovSize", requested at entry number 0, does not exist at all.
  The default value "192" is used instead.
WARNING: The parameter "NumberOfBandStructureSamples", requested at entry number 0, does not exist at all.
  The default value "10" is used instead.
WARNING: The parameter "UseAdaptiveStepSizes", requested at entry number 0, does not exist at all.
  The default value "true" is used instead.
WARNING: The parameter "AutomaticParameterEstimation", requested at entry number 0, does not exist at all.
  The default value "true" is used instead.
WARNING: The parameter "UseConstantStep", requested at entry number 0, does not exist at all.
  The default value "false" is used instead.
WARNING: The parameter "MaximumStepLengthRatio", requested at entry number 0, does not exist at all.
  The default value "1" is used instead.
WARNING: The parameter "MaximumStepLength", requested at entry number 0, does not exist at all.
  The default value "0.782143" is used instead.
WARNING: The parameter "NumberOfGradientMeasurements", requested at entry number 0, does not exist at all.
  The default value "0" is used instead.
WARNING: The parameter "NumberOfJacobianMeasurements", requested at entry number 0, does not exist at all.
  The default value "1000" is used instead.
WARNING: The parameter "NumberOfSamplesForExactGradient", requested at entry number 0, does not exist at all.
  The default value "100000" is used instead.
WARNING: The parameter "SigmoidScaleFactor", requested at entry number 0, does not exist at all.
  The default value "0.1" is used instead.
Elastix initialization of all components (for this resolution) took: 1 ms.
  Computing the fixed image extrema took 139 ms.
  Computing the moving image extrema took 21 ms.
Initialization of AdvancedMattesMutualInformation metric took: 247 ms.
Starting automatic parameter estimation for AdaptiveStochasticGradientDescent ...
WARNING: The parameter "ASGDParameterEstimationMethod", requested at entry number 0, does not exist at all.
  The default value "Original" is used instead.
  Computing JacobianTerms ...
  Computing the Jacobian terms took 0.003562s
  NumberOfGradientMeasurements to estimate sigma_i: 6
  Sampling gradients ...
  Sampling the gradients took 1.470778s
Automatic parameter estimation took 1.47s
1:ItNr	2:Metric	3a:Time	3b:StepSize	4:||Gradient||	Time[ms]
0	-0.153736	0.000000	14.184484	0.016353	1733.1
1	-0.176163	0.000000	14.184484	0.023572	13.8
2	-0.156825	0.000000	14.184484	0.014816	5.8
3	-0.171784	0.000000	14.184484	0.017570	14.8
4	-0.179659	0.999997	13.539736	0.020445	13.4
5	-0.153544	0.442768	13.891591	0.014313	5.7
6	-0.171693	0.000000	14.184484	0.014618	13.1
7	-0.161612	0.000000	14.184484	0.017660	13.3
8	-0.148585	0.000000	14.184484	0.019367	9.1
9	-0.172048	0.000000	14.184484	0.011733	9.1
10	-0.190214	0.000000	14.184484	0.010600	11.5
11	-0.166025	0.000000	14.184484	0.015851	16.4
12	-0.186842	0.000000	14.184484	0.017646	14.6
13	-0.172285	0.000000	14.184484	0.022068	17.9
14	-0.178919	1.000000	13.539734	0.023337	14.2
15	-0.163176	1.883924	13.016743	0.022726	13.7
16	-0.171650	1.326694	13.341615	0.014943	15.4
17	-0.180230	0.769465	13.683118	0.013720	12.6
18	-0.162181	0.212235	14.042563	0.006612	11.2
19	-0.166758	1.212233	13.410365	0.013441	10.3
20	-0.174289	0.657021	13.754161	0.009770	27.8
21	-0.186359	0.099842	14.117364	0.011963	20.8
22	-0.188613	1.099815	13.478582	0.010996	55.5
23	-0.156120	1.079421	13.491031	0.010716	39.5
24	-0.183263	2.020045	12.939773	0.014042	17.0
25	-0.160019	3.020042	12.401067	0.013214	30.1
26	-0.192214	2.462837	12.695573	0.016500	18.4
27	-0.173434	1.905607	13.004421	0.013182	34.6
28	-0.187325	2.905605	12.460432	0.019377	19.0
29	-0.167884	2.368424	12.746866	0.011241	23.0
30	-0.175691	3.368323	12.223827	0.014518	16.2
31	-0.175627	4.348256	11.751268	0.013417	12.5
32	-0.181824	3.791028	12.015402	0.014511	8.8
33	-0.182483	4.787423	11.551141	0.014013	21.5
34	-0.170461	4.230193	11.806257	0.015432	6.0
35	-0.171647	5.230193	11.356156	0.013531	15.4
36	-0.174717	5.738141	11.140422	0.015519	13.2
37	-0.187615	5.180911	11.377532	0.016815	10.6
38	-0.183197	6.103115	10.990403	0.009248	8.2
39	-0.160182	7.102033	10.599737	0.013644	7.6
40	-0.191358	6.544811	10.814166	0.018711	7.8
41	-0.158678	7.544646	10.435378	0.009371	9.2
42	-0.174930	6.987417	10.643146	0.012739	6.4
43	-0.181191	7.987242	10.276043	0.011134	9.0
44	-0.152634	7.430319	10.477342	0.012138	6.9
45	-0.185447	8.430260	10.121357	0.019527	7.9
46	-0.187594	9.430260	9.788748	0.014883	5.5
47	-0.185593	10.430260	9.477305	0.011222	6.2
48	-0.150218	11.430260	9.185069	0.010653	7.4
49	-0.160579	12.427449	8.911065	0.020149	7.0
50	-0.172845	13.427448	8.652229	0.019245	9.1
51	-0.174616	14.427448	8.408005	0.014087	8.5
52	-0.165193	13.870219	8.542366	0.010301	7.8
53	-0.191502	13.360800	8.669011	0.031343	13.1
54	-0.173623	12.803571	8.811914	0.017079	11.0
55	-0.185314	13.803571	8.558724	0.012061	11.5
56	-0.173308	13.933174	8.526971	0.012760	12.5
57	-0.187930	14.932823	8.289751	0.011619	12.9
58	-0.187965	14.375594	8.420330	0.011025	14.0
59	-0.173886	13.824391	8.553607	0.010680	6.1
60	-0.181071	13.267162	8.692700	0.013134	14.2
61	-0.191883	12.709933	8.836391	0.016701	10.3
62	-0.189110	13.709918	8.581817	0.012136	7.4
63	-0.167910	13.153394	8.721656	0.012899	11.4
64	-0.162565	14.153392	8.473554	0.010341	13.7
65	-0.180428	13.597709	8.609650	0.007421	6.7
66	-0.174560	14.576273	8.372832	0.006390	14.1
67	-0.182687	14.651552	8.355153	0.009988	11.6
68	-0.182921	15.574554	8.144301	0.007969	5.5
69	-0.178907	16.574451	7.927572	0.011626	11.6
70	-0.179166	17.569313	7.723087	0.009646	10.2
71	-0.171884	17.081882	7.821939	0.013506	6.3
72	-0.186518	18.080694	7.622028	0.007518	12.8
73	-0.184055	17.523724	7.732226	0.014229	13.1
74	-0.159512	16.966511	7.845708	0.014010	7.7
75	-0.165509	17.966511	7.644363	0.012683	14.3
76	-0.183126	18.750703	7.493557	0.014808	14.3
77	-0.183409	19.750703	7.309669	0.010566	12.6
78	-0.185979	20.750542	7.134618	0.011301	14.6
79	-0.201970	21.750541	6.967728	0.015503	8.0
80	-0.183133	21.193312	7.059748	0.019655	13.8
81	-0.183422	22.193312	6.896303	0.017356	13.1
82	-0.180729	21.636082	6.986434	0.011524	14.2
83	-0.186745	21.078853	7.078951	0.012610	9.9
84	-0.175660	22.034192	6.921802	0.012449	10.4
85	-0.196105	23.034192	6.764610	0.014658	17.2
86	-0.180649	24.034192	6.614400	0.017819	12.9
87	-0.155374	23.476979	6.697266	0.006306	19.0
88	-0.182037	24.476976	6.549999	0.021308	13.6
89	-0.182065	25.474773	6.409373	0.007555	13.7
90	-0.168372	24.918786	6.486978	0.010334	16.7
91	-0.173854	24.387639	6.562892	0.016128	9.0
92	-0.164748	25.043700	6.469379	0.013131	14.7
93	-0.181512	26.041791	6.332118	0.010257	10.2
94	-0.172185	25.484772	6.407994	0.010435	17.4
95	-0.178914	26.459475	6.276390	0.013884	12.4
96	-0.178966	25.905285	6.350546	0.024170	13.3
97	-0.170663	26.905285	6.217981	0.011669	12.0
98	-0.187757	27.905169	6.090852	0.009966	9.4
99	-0.157889	28.904524	5.968881	0.014526	13.1
100	-0.164682	28.347295	6.036281	0.013349	16.4
101	-0.182835	29.345900	5.916552	0.009025	12.7
102	-0.172420	28.788677	5.982769	0.021260	7.1
103	-0.157188	29.788225	5.865024	0.014830	8.6
104	-0.165044	29.230996	5.930087	0.014377	7.6
105	-0.177283	28.708833	5.992379	0.018714	9.8
106	-0.161715	28.151603	6.060314	0.005918	9.5
107	-0.180994	27.597849	6.129369	0.010741	8.3
108	-0.171958	28.585903	6.007235	0.009365	6.7
109	-0.169919	29.480242	5.900807	0.021904	8.7
110	-0.179553	28.923013	5.966670	0.017853	7.7
111	-0.169163	29.923013	5.849500	0.018363	7.7
112	-0.199902	29.365783	5.914217	0.013503	7.6
113	-0.168064	30.329391	5.803189	0.018575	6.2
114	-0.168328	29.772161	5.866880	0.015834	6.0
115	-0.156637	30.772161	5.753558	0.015969	13.1
116	-0.168286	31.771517	5.644601	0.011437	11.7
117	-0.169140	31.782333	5.643444	0.013362	7.3
118	-0.166992	32.782297	5.538517	0.010884	11.6
119	-0.177611	33.782297	5.437416	0.013401	9.5
120	-0.176991	34.198021	5.396464	0.014000	7.3
121	-0.165077	33.640792	5.451498	0.011487	17.6
122	-0.157083	33.084059	5.507615	0.013586	10.3
123	-0.170435	32.538202	5.563768	0.019514	10.3
124	-0.190580	31.980972	5.622286	0.011058	8.4
125	-0.170502	31.446866	5.679542	0.006524	12.9
126	-0.159440	30.972619	5.731367	0.016719	13.8
127	-0.179490	31.972022	5.623236	0.013011	16.4
128	-0.198523	32.641864	5.553017	0.013487	15.5
129	-0.174933	32.084635	5.611307	0.019185	16.6
130	-0.160561	33.081480	5.507877	0.015894	12.3
131	-0.156425	32.524250	5.565219	0.010143	17.0
132	-0.192728	31.967021	5.623766	0.010255	6.6
133	-0.191042	31.409981	5.683539	0.016151	15.3
134	-0.180444	30.852758	5.744616	0.017372	13.9
135	-0.176706	31.852758	5.635925	0.016645	18.0
136	-0.175742	31.295528	5.695978	0.010326	12.3
137	-0.178504	30.738500	5.757302	0.010421	16.0
138	-0.183736	30.465864	5.787801	0.017481	13.2
139	-0.186344	31.465859	5.677486	0.007169	9.4
140	-0.172991	30.908636	5.738432	0.007485	22.0
141	-0.179789	31.696403	5.652647	0.018116	7.1
142	-0.180528	32.694425	5.547581	0.016449	14.7
143	-0.168283	33.694425	5.446152	0.007843	12.8
144	-0.166968	33.211416	5.494676	0.015867	17.5
145	-0.176182	32.654231	5.551737	0.016157	13.3
146	-0.169257	32.097001	5.610000	0.014021	7.0
147	-0.184480	33.096971	5.506300	0.011100	16.4
148	-0.188887	32.539742	5.563608	0.014838	12.0
149	-0.186574	31.982535	5.622120	0.008868	19.9
150	-0.159543	32.982509	5.517975	0.010575	12.7
151	-0.171125	33.548521	5.460719	0.008314	16.4
152	-0.163075	34.547144	5.362547	0.010536	12.7
153	-0.180612	33.990135	5.416865	0.018785	14.6
154	-0.175821	33.432907	5.472318	0.011862	13.5
155	-0.169901	34.432871	5.373601	0.012223	9.6
156	-0.163472	35.352688	5.285891	0.009870	20.6
157	-0.182247	36.352687	5.193726	0.006204	6.9
158	-0.188809	35.799066	5.244350	0.007060	15.2
159	-0.164361	35.382070	5.283136	0.011916	12.3
160	-0.192679	36.381230	5.191143	0.023813	12.5
161	-0.180199	36.028849	5.223219	0.010736	16.5
162	-0.163365	35.472167	5.274707	0.010774	7.5
163	-0.172879	34.916047	5.327168	0.012200	13.8
164	-0.163281	34.666151	5.351082	0.013070	13.7
165	-0.151990	35.292382	5.291554	0.021768	9.4
166	-0.168396	36.292382	5.199193	0.014740	11.9
167	-0.169557	37.292382	5.110002	0.020557	10.9
168	-0.177828	38.292336	5.023822	0.021222	15.2
169	-0.173587	37.735107	5.071484	0.009137	9.8
170	-0.163458	37.177878	5.120059	0.015932	9.4
171	-0.185963	36.819300	5.151812	0.014784	13.3
172	-0.170277	36.262070	5.201945	0.010130	14.6
173	-0.171140	37.260637	5.112786	0.010698	13.5
174	-0.195644	38.060200	5.043568	0.006439	9.0
175	-0.183152	38.028106	5.046311	0.014215	11.4
176	-0.166129	38.826230	4.978989	0.013216	13.5
177	-0.167290	39.820692	4.897579	0.007502	12.0
178	-0.175259	39.267003	4.942575	0.017504	8.6
179	-0.171905	38.709774	4.988700	0.011260	13.3
180	-0.168193	38.273955	5.025380	0.010823	12.3
181	-0.166003	37.720050	5.072784	0.018348	18.1
182	-0.177897	38.545272	5.002482	0.013531	13.3
183	-0.172506	37.992851	5.049326	0.006187	9.7
184	-0.176783	38.992634	4.965179	0.013995	14.4
185	-0.186730	38.884672	4.974130	0.011457	13.0
186	-0.197499	38.719748	4.987867	0.012238	16.2
187	-0.170611	38.162519	5.034846	0.008918	10.6
188	-0.186519	39.146699	4.952461	0.013347	15.5
189	-0.172087	40.139281	4.872059	0.017990	15.7
190	-0.172337	39.705709	4.906856	0.020828	9.2
191	-0.179306	39.286200	4.941001	0.010530	14.9
192	-0.174036	38.728971	4.987097	0.006409	10.7
193	-0.192380	38.171753	5.034060	0.017139	16.8
194	-0.165946	37.614567	5.081913	0.010040	13.2
195	-0.174450	38.610219	4.997032	0.014351	8.9
196	-0.154544	39.610215	4.914587	0.014346	16.8
197	-0.172097	40.607046	4.835066	0.010238	12.3
198	-0.171097	40.050087	4.879177	0.015695	16.7
199	-0.166411	40.408688	4.850684	0.010164	12.2
200	-0.197923	41.408302	4.772989	0.018608	14.7
201	-0.179609	42.338855	4.702866	0.010721	13.9
202	-0.151386	41.781636	4.744607	0.014614	8.4
203	-0.179531	41.224407	4.787095	0.012494	19.3
204	-0.173324	40.712973	4.826767	0.016380	9.1
205	-0.190081	40.737771	4.824829	0.013274	12.3
206	-0.166676	40.180541	4.868773	0.019938	13.2
207	-0.180648	39.624697	4.913413	0.015383	22.6
208	-0.183672	39.067467	4.958993	0.018406	7.6
209	-0.175364	39.605926	4.914935	0.016252	14.1
210	-0.186914	39.049628	4.960466	0.015910	13.1
211	-0.181366	40.049628	4.879213	0.015709	8.6
212	-0.174187	41.049615	4.800580	0.016309	11.5
213	-0.181937	40.492386	4.844082	0.015195	11.1
214	-0.175520	39.935156	4.888379	0.008198	12.4
215	-0.187582	40.146593	4.871476	0.011472	7.9
216	-0.165428	41.146549	4.793093	0.008798	13.2
217	-0.169224	40.590006	4.836404	0.012212	23.4
218	-0.193419	41.009443	4.803690	0.009295	7.1
219	-0.203194	40.452214	4.847249	0.015277	19.2
220	-0.179604	39.895227	4.891585	0.010719	9.6
221	-0.161608	40.895227	4.812555	0.009491	19.7
222	-0.177114	40.345606	4.855672	0.013751	15.4
223	-0.187553	39.788377	4.900183	0.011690	20.4
224	-0.186020	40.779066	4.821603	0.014527	11.9
225	-0.200505	41.778939	4.744810	0.008929	21.7
226	-0.186403	41.221710	4.787303	0.013800	10.4
227	-0.152901	40.664492	4.830562	0.013580	20.1
228	-0.184883	40.107263	4.874611	0.013083	14.2
229	-0.184533	39.550036	4.919471	0.015136	16.9
230	-0.167946	38.992806	4.965165	0.011755	13.6
231	-0.196515	38.435614	5.011712	0.010896	11.7
232	-0.168782	39.435203	4.928819	0.013634	9.6
233	-0.175853	38.877975	4.974687	0.021360	9.3
234	-0.178748	38.320745	5.021416	0.017408	8.8
235	-0.180550	37.763516	5.069032	0.009222	8.1
236	-0.166162	37.206308	5.117558	0.020348	11.5
237	-0.183988	38.206178	5.031133	0.011415	9.6
238	-0.184038	37.648949	5.078934	0.010996	9.4
239	-0.171320	38.642793	4.994303	0.010750	11.8
240	-0.180581	39.243855	4.944474	0.006467	7.7
241	-0.173401	39.578724	4.917142	0.015311	10.1
242	-0.188563	39.021495	4.962791	0.014426	7.5
243	-0.177245	40.021495	4.881463	0.009967	7.5
244	-0.185132	39.464321	4.926445	0.021308	38.9
245	-0.184345	38.907092	4.972269	0.017756	15.0
246	-0.166220	39.907092	4.890632	0.011404	13.5
247	-0.189600	40.907013	4.811638	0.015906	14.4
248	-0.172990	41.907002	4.735151	0.012510	14.8
249	-0.178598	42.907001	4.661057	0.020898	14.4
250	-0.190120	43.906998	4.589246	0.018130	17.0
251	-0.182953	44.906998	4.519614	0.013481	17.3
252	-0.162933	44.350234	4.558119	0.012938	12.8
253	-0.187330	45.346743	4.489658	0.006970	13.7
254	-0.167907	46.335605	4.423724	0.013554	16.0
255	-0.171517	47.144521	4.371212	0.006361	8.5
256	-0.191380	47.430046	4.352973	0.012263	15.0
257	-0.146913	48.084343	4.311746	0.012126	12.8
258	-0.171818	49.083978	4.250246	0.010822	17.8
259	-0.170140	48.527031	4.284293	0.013155	14.5
260	-0.169082	49.271723	4.238891	0.013492	16.3
261	-0.167618	50.271142	4.179450	0.009644	33.5
262	-0.185840	49.713912	4.212384	0.014651	30.6
263	-0.192056	49.156684	4.245841	0.026429	27.1
264	-0.191418	49.881548	4.202422	0.011831	7.7
265	-0.179908	50.881548	4.143959	0.012994	13.6
266	-0.181955	50.410277	4.171307	0.012068	11.2
267	-0.194415	51.335775	4.117937	0.016850	8.8
268	-0.177454	50.778546	4.149905	0.014087	15.9
269	-0.167121	50.221318	4.182374	0.005741	11.9
270	-0.181325	50.419425	4.170772	0.005943	14.4
271	-0.186183	49.872018	4.202987	0.011675	11.1
272	-0.159969	49.338196	4.234885	0.015069	8.8
273	-0.192943	48.780974	4.268702	0.012737	42.6
274	-0.173025	48.674622	4.275217	0.009969	18.7
275	-0.175459	48.335296	4.296140	0.016252	25.8
276	-0.165436	49.331883	4.235265	0.018559	17.1
277	-0.184414	50.331883	4.175891	0.011867	18.1
278	-0.196122	49.774653	4.208769	0.013361	17.1
279	-0.164876	50.766335	4.150611	0.014627	14.6
280	-0.176379	50.997034	4.137312	0.020988	18.6
281	-0.180404	51.997034	4.080634	0.013666	14.5
282	-0.162225	51.451632	4.111352	0.012441	14.7
283	-0.167761	52.451631	4.055378	0.012330	14.5
284	-0.185010	51.894616	4.086367	0.011029	8.2
285	-0.174514	51.337914	4.117815	0.006109	22.4
286	-0.159799	52.244347	4.066855	0.014711	9.5
287	-0.187952	52.604370	4.046963	0.013856	13.7
288	-0.183542	53.601663	3.992862	0.019739	11.9
289	-0.172882	53.044433	4.022911	0.013071	9.8
290	-0.187176	54.044433	3.969304	0.013029	13.0
291	-0.191515	54.260721	3.957897	0.021273	11.4
292	-0.177245	55.019809	3.918375	0.012247	12.7
293	-0.182075	56.019808	3.867501	0.012595	10.8
294	-0.178934	55.462645	3.895682	0.008178	9.5
295	-0.192386	56.451807	3.845929	0.008765	13.7
296	-0.191349	56.375878	3.849703	0.015164	14.4
297	-0.167208	55.819479	3.877586	0.012190	28.3
298	-0.163838	56.819479	3.827758	0.009213	16.1
299	-0.178689	57.819478	3.779195	0.018141	17.2
300	-0.167111	58.818745	3.731882	0.012143	16.0
301	-0.186385	59.462757	3.702013	0.017266	16.4
302	-0.173445	58.906542	3.727782	0.012166	13.0
303	-0.178902	59.906542	3.681707	0.022308	18.0
304	-0.194930	60.906541	3.636757	0.012728	21.6
305	-0.173713	60.349313	3.661668	0.009559	12.9
306	-0.187847	59.826814	3.685338	0.017564	19.1
307	-0.189423	59.534514	3.698714	0.013510	11.9
308	-0.174803	58.977291	3.724484	0.018396	18.3
309	-0.176352	59.961435	3.679210	0.010444	14.0
310	-0.167744	60.961435	3.634321	0.009186	16.7
311	-0.160083	60.404208	3.659199	0.018050	14.5
312	-0.169198	60.456605	3.656845	0.009824	10.1
313	-0.168138	59.899375	3.682033	0.008330	13.1
314	-0.190031	60.359661	3.661202	0.014243	10.4
315	-0.173278	61.359498	3.616755	0.014093	14.4
316	-0.164948	62.319570	3.575080	0.007104	12.6
317	-0.185763	63.319375	3.532689	0.012082	8.8
318	-0.162895	63.896225	3.508686	0.013689	15.7
319	-0.165455	63.338996	3.531868	0.019129	10.3
320	-0.184957	62.782289	3.555336	0.010565	17.1
321	-0.149040	63.782289	3.513401	0.012261	16.1
322	-0.166072	63.227676	3.536535	0.015751	14.1
323	-0.188310	64.001377	3.504345	0.015328	15.6
324	-0.198814	63.444147	3.527470	0.009568	10.1
325	-0.179320	64.443757	3.486202	0.007194	20.0
326	-0.174764	65.442851	3.445909	0.010867	10.9
327	-0.180835	65.585092	3.440248	0.010113	22.5
328	-0.168352	66.219542	3.415223	0.018880	16.9
329	-0.172088	65.662314	3.437182	0.013426	14.6
330	-0.184676	66.662314	3.397973	0.016618	11.6
331	-0.170048	67.662266	3.359650	0.012191	16.9
332	-0.183250	68.653150	3.322517	0.013452	11.2
333	-0.157387	68.095923	3.343297	0.017682	17.9
334	-0.179748	67.735230	3.356887	0.012484	16.2
335	-0.185273	68.735230	3.319478	0.014952	18.7
336	-0.174904	69.735226	3.282894	0.011115	16.3
337	-0.175343	69.190161	3.302735	0.020213	14.6
338	-0.178956	68.632932	3.323267	0.013340	6.0
339	-0.154590	68.075705	3.344056	0.016040	12.7
340	-0.163700	67.519240	3.365078	0.013431	14.5
341	-0.179965	68.477128	3.329054	0.017249	12.6
342	-0.188343	69.477128	3.292259	0.009053	17.4
343	-0.164141	68.919909	3.312661	0.007713	9.4
344	-0.165544	68.388750	3.332345	0.005946	20.7
345	-0.173815	69.001733	3.309649	0.015883	18.3
346	-0.176997	68.563804	3.325832	0.012203	23.8
347	-0.177687	68.006575	3.346653	0.012462	15.0
348	-0.179254	67.474792	3.366769	0.015004	13.5
349	-0.170950	66.921325	3.387963	0.008824	15.0
350	-0.179646	66.364264	3.409565	0.008406	16.5
351	-0.169584	65.823535	3.430800	0.010073	16.2
352	-0.180915	65.318315	3.450880	0.012269	21.8
353	-0.193243	66.318315	3.411359	0.014953	15.7
354	-0.158662	65.761087	3.433269	0.008404	29.4
355	-0.184870	66.685999	3.397055	0.015202	24.2
356	-0.174577	66.169567	3.417181	0.009163	10.1
357	-0.206028	67.168967	3.378447	0.014549	19.4
358	-0.173576	68.168967	3.340559	0.009046	11.1
359	-0.180423	69.157193	3.303942	0.003697	16.3
360	-0.196956	69.978459	3.274117	0.007635	13.0
361	-0.168449	69.467068	3.292625	0.014372	14.2
362	-0.172964	68.914529	3.312859	0.012707	15.1
363	-0.180924	69.467473	3.292611	0.005884	9.3
364	-0.164484	70.179243	3.266908	0.012208	21.5
365	-0.194815	71.179008	3.231475	0.013020	8.8
366	-0.174210	72.178997	3.196795	0.010917	13.8
367	-0.180729	71.621768	3.216028	0.013998	19.7
368	-0.175790	72.615216	3.181899	0.013531	17.1
369	-0.179205	73.615157	3.148271	0.015331	11.0
370	-0.182703	73.060333	3.166841	0.009671	14.1
371	-0.174104	74.060314	3.133528	0.013116	11.6
372	-0.170960	75.060314	3.100908	0.012214	14.9
373	-0.178533	76.060294	3.068960	0.025821	16.7
374	-0.174708	77.060253	3.037665	0.024765	14.7
375	-0.177468	76.503023	3.055025	0.011141	16.3
376	-0.174493	75.945794	3.072585	0.007730	11.9
377	-0.183101	76.694643	3.049033	0.011126	19.8
378	-0.181463	77.674923	3.018742	0.012672	18.0
379	-0.197105	78.588103	2.991062	0.012071	15.5
380	-0.184013	79.588079	2.961327	0.014298	17.1
381	-0.193263	79.031109	2.977815	0.011940	16.3
382	-0.167358	78.473880	2.994496	0.015346	19.9
383	-0.181841	79.473880	2.964693	0.011329	13.0
384	-0.160875	78.926993	2.980918	0.011295	22.2
385	-0.176505	78.369764	2.997634	0.012432	11.0
386	-0.175393	79.346442	2.968458	0.015285	41.4
387	-0.183550	78.789212	2.985034	0.008041	140.2
388	-0.177328	78.236585	3.001657	0.011276	19.2
389	-0.176113	77.684182	3.018459	0.015559	10.8
390	-0.178195	78.665614	2.988735	0.014310	15.1
391	-0.203258	79.665595	2.959046	0.016815	11.6
392	-0.154333	80.665595	2.929941	0.020698	12.2
393	-0.185051	81.665595	2.901402	0.011917	15.8
394	-0.168296	81.108374	2.917235	0.011659	10.8
395	-0.172459	80.551270	2.933239	0.013689	29.6
396	-0.175770	81.548855	2.904705	0.013489	12.8
397	-0.170809	80.991625	2.920575	0.008630	14.6
398	-0.183019	81.989395	2.892280	0.023241	12.0
399	-0.195479	82.989393	2.864467	0.017075	10.7
400	-0.174119	83.989393	2.837183	0.016068	14.4
401	-0.164095	83.432164	2.852322	0.006119	14.7
402	-0.180532	84.432105	2.825270	0.014801	14.1
403	-0.171807	85.424507	2.798924	0.010937	25.1
404	-0.172639	84.869340	2.813602	0.012061	24.4
405	-0.188340	85.869136	2.787280	0.012468	63.2
406	-0.180599	85.311907	2.801889	0.009414	13.4
407	-0.174880	85.708607	2.791473	0.006552	14.9
408	-0.178326	86.699100	2.765800	0.014544	15.5
409	-0.183940	87.698415	2.740373	0.014079	15.1
410	-0.177968	87.141186	2.754493	0.015339	18.7
411	-0.192970	88.128988	2.729560	0.013423	14.9
412	-0.171621	89.128988	2.704775	0.008852	76.3
413	-0.176386	90.128807	2.680441	0.016070	11.1
414	-0.168182	91.120855	2.656724	0.010383	13.2
415	-0.171933	90.563670	2.669992	0.014896	18.4
416	-0.170024	91.563670	2.646273	0.008038	14.8
417	-0.168605	92.563658	2.622971	0.016768	16.8
418	-0.172419	92.006564	2.635901	0.006872	14.2
419	-0.188303	91.458201	2.648754	0.010505	15.9
420	-0.187330	90.914307	2.661627	0.013611	15.4
421	-0.182686	90.358840	2.674904	0.014901	16.5
422	-0.180311	89.806330	2.688241	0.013896	15.4
423	-0.162533	90.806330	2.664198	0.009998	15.8
424	-0.179669	91.800694	2.640712	0.013711	14.8
425	-0.184322	91.527802	2.647116	0.014776	43.7
426	-0.166148	92.249702	2.630242	0.012622	13.4
427	-0.173857	93.249702	2.607220	0.017301	16.9
428	-0.191411	92.692473	2.619999	0.013195	17.4
429	-0.170931	93.634327	2.598473	0.018414	17.4
430	-0.176014	93.077100	2.611165	0.008688	38.1
431	-0.179283	93.913820	2.592153	0.010009	15.7
432	-0.171520	94.833866	2.571564	0.016600	15.8
433	-0.171321	95.819143	2.549875	0.014838	13.3
434	-0.202350	95.261914	2.562096	0.013088	14.4
435	-0.171570	96.261890	2.540247	0.020207	14.8
436	-0.184840	97.261889	2.518767	0.010522	35.9
437	-0.175804	96.704659	2.530691	0.008148	12.4
438	-0.193926	97.665480	2.510201	0.012847	18.7
439	-0.161725	97.108609	2.522036	0.018203	11.3
440	-0.164730	98.108609	2.500862	0.011577	11.5
441	-0.190200	99.092609	2.480370	0.013297	22.9
442	-0.186352	100.092609	2.459887	0.011630	7.7
443	-0.175916	99.535381	2.471259	0.009400	20.1
444	-0.182776	100.535317	2.450927	0.011492	12.6
445	-0.164454	100.943553	2.442722	0.014973	14.9
446	-0.185648	100.386859	2.453924	0.007428	13.4
447	-0.172590	99.829639	2.465241	0.013043	13.4
448	-0.188775	100.828736	2.445024	0.008254	15.9
449	-0.172732	100.583832	2.449949	0.010507	15.7
450	-0.185979	100.150045	2.458721	0.013046	11.6
451	-0.189810	99.592836	2.470082	0.008365	11.4
452	-0.183166	100.590242	2.449820	0.023231	16.4
453	-0.164949	101.590242	2.429836	0.008480	14.4
454	-0.198419	102.590242	2.410175	0.014360	18.9
455	-0.190344	102.033012	2.421091	0.011134	11.5
456	-0.174023	103.031586	2.401599	0.013764	12.9
457	-0.174056	102.474356	2.412437	0.007017	12.5
458	-0.170661	103.474349	2.393057	0.005824	9.6
459	-0.176635	104.388781	2.375605	0.010569	17.3
460	-0.174584	103.872309	2.385430	0.016361	13.4
461	-0.175445	103.315080	2.396122	0.026287	26.4
462	-0.179847	104.315080	2.377002	0.012281	7.8
463	-0.168465	103.757851	2.387619	0.010826	16.9
464	-0.183413	103.511942	2.392334	0.014625	16.8
465	-0.169636	102.954713	2.403089	0.013586	15.6
466	-0.147568	103.954712	2.383857	0.018690	19.6
467	-0.155733	103.397487	2.394535	0.015216	14.1
468	-0.178132	104.397487	2.375440	0.019923	30.5
469	-0.168104	103.852062	2.385817	0.014318	21.5
470	-0.163855	104.852062	2.366860	0.012627	12.9
471	-0.181301	104.297227	2.377340	0.008465	18.1
472	-0.161407	103.763938	2.387502	0.020546	29.3
473	-0.161045	104.056224	2.381922	0.007393	14.1
474	-0.177352	105.041221	2.363307	0.012082	16.3
475	-0.169172	104.498463	2.373528	0.008977	15.9
476	-0.166422	103.941360	2.384112	0.010687	13.8
477	-0.173303	103.385606	2.394764	0.012646	21.3
478	-0.180175	102.828377	2.405540	0.012401	17.4
479	-0.184388	102.271150	2.416414	0.018816	12.9
480	-0.170698	101.716587	2.427334	0.010430	17.1
481	-0.175801	101.159358	2.438406	0.018812	14.7
482	-0.185556	102.159252	2.418610	0.007117	12.4
483	-0.188551	102.857862	2.404968	0.009403	18.5
484	-0.181078	102.771387	2.406648	0.011921	17.9
485	-0.171538	102.391015	2.414067	0.015448	18.9
486	-0.187064	103.390722	2.394665	0.010766	14.3
487	-0.177724	104.381887	2.375735	0.015756	14.9
488	-0.163265	103.844005	2.385971	0.019764	17.8
489	-0.179458	103.286776	2.396668	0.016076	15.3
490	-0.165571	104.286776	2.377539	0.008673	19.1
491	-0.178349	105.286774	2.358712	0.013474	17.2
492	-0.172959	106.239349	2.341054	0.016802	21.8
493	-0.180662	105.682121	2.351351	0.013739	13.3
494	-0.165802	105.124891	2.361740	0.012308	17.6
495	-0.171978	104.967730	2.364686	0.016665	27.3
496	-0.169636	105.964025	2.346130	0.014314	14.3
497	-0.159926	105.406796	2.356473	0.007712	17.1
498	-0.197559	106.406792	2.337977	0.013827	18.2
499	-0.169617	107.403070	2.319837	0.013325	25.9
Time spent in resolution 0 (ITK initialization and iterating): 9.632 s.
Stopping condition: Maximum number of iterations has been reached.
Settings of AdaptiveStochasticGradientDescent in resolution 0:
( SP_a 297.874158 )
( SP_A 20.000000 )
( SP_alpha 1.000000 )
( SigmoidMax 1.000000 )
( SigmoidMin -0.557229 )
( SigmoidScale 0.000005 )



=============== start of TransformParameterFile ===============
(Transform "EulerTransform")
(NumberOfParameters 6)
(TransformParameters -0.028691 -0.002008 -0.009896 0.968582 -1.428099 1.529072)
(InitialTransformParametersFileName "NoInitialTransform")
(UseBinaryFormatForTransformationParameters "false")
(HowToCombineTransforms "Compose")

// Image specific
(FixedImageDimension 3)
(MovingImageDimension 3)
(FixedInternalImagePixelType "float")
(MovingInternalImagePixelType "float")
(Size 800 800 31)
(Index 0 0 0)
(Spacing 0.2249999940 0.2249999940 3.0000000000)
(Origin -98.6987686157 -143.0876922607 94.4844131470)
(Direction 0.9994908017 0.0064429292 0.0312510149 -0.0064350927 0.9999792329 -0.0003513352 -0.0312526284 0.0001500531 0.9995115060)
(UseDirectionCosines "false")

// EulerTransform specific
(CenterOfRotationPoint -8.8112709969 -53.2001946419 139.4844131470)
(ComputeZYX "false")

// ResampleInterpolator specific
(ResampleInterpolator "FinalBSplineInterpolator")
(FinalBSplineInterpolationOrder 3)

// Resampler specific
(Resampler "DefaultResampler")
(DefaultPixelValue 0.000000)
(ResultImageFormat "nii.gz")
(ResultImagePixelType "short")
(CompressResultImage "false")

=============== end of TransformParameterFile ===============

Creating the TransformParameterFile took 0.00s

Registration result checksum: 3300140334

Skipping applying final transform, no resulting output image generated.

Final metric value  = -0.169617
Settings of AdaptiveStochasticGradientDescent for all resolutions:
( SP_a 297.874158 )
( SP_A 20.000000 )
( SP_alpha 1.000000 )
( SigmoidMax 1.000000 )
( SigmoidMin -0.557229 )
( SigmoidScale 0.000005 )

Time spent on saving the results, applying the final transform etc.: 26 ms.
Running elastix with parameter file 0: "/Users/sakinkirti/Programming/Python/CCIPD/racial-disparity-pca/code_matlab/rigid.txt", has finished.


Current time: Mon May 23 13:36:44 2022.
Time used for running elastix with this parameter file:
  10.7s.

-------------------------------------------------------------------------

Total time elapsed: 10.9s.

