
elastix is started at Mon May 23 13:31:55 2022.

which elastix:   /Users/sakinkirti/Programming/Python/CCIPD/racial-disparity-pca/code_matlab/elastix-5.0.0-mac/bin/elastix
elastix runs at: Sakins-MBP.hsd1.ca.comcast.net
  macOS 12.3.1 (x64), 21E258
  with 8192 MB memory, and 2 cores @ 2300 MHz.
-------------------------------------------------------------------------

Running elastix with parameter file 0: "/Users/sakinkirti/Programming/Python/CCIPD/racial-disparity-pca/code_matlab/rigid.txt".

Current time: Mon May 23 13:31:55 2022.
Reading the elastix parameters from file ...

Installing all components.
InstallingComponents was successful.

ELASTIX version: 5.000
Command line options from ElastixBase:
-f        /Users/sakinkirti/Programming/Python/CCIPD/racial-disparity-pca/dataset/to_nifti_cleaned/prostate-001097/T2W.nii.gz
-m        /Users/sakinkirti/Programming/Python/CCIPD/racial-disparity-pca/dataset/to_nifti_cleaned/prostate-001097/ADC.nii.gz
-fMask    unspecified, so no fixed mask used
-mMask    unspecified, so no moving mask used
-out      /Users/sakinkirti/Programming/Python/CCIPD/racial-disparity-pca/dataset/to_nifti_cleaned/prostate-001097/
-p        /Users/sakinkirti/Programming/Python/CCIPD/racial-disparity-pca/code_matlab/rigid.txt
-threads  unspecified, so all available threads are used
Command line options from TransformBase:
-t0       unspecified, so no initial transform used

=============== start of ParameterFile: /Users/sakinkirti/Programming/Python/CCIPD/racial-disparity-pca/code_matlab/rigid.txt ===============
// Example parameter file for rotation registration
// C-style comments: //

// The internal pixel type, used for internal computations
// Leave to float in general. 
// NB: this is not the type of the input images! The pixel 
// type of the input images is automatically read from the 
// images themselves.
// This setting can be changed to "short" to save some memory
// in case of very large 3D images.
(FixedInternalImagePixelType "float")
(MovingInternalImagePixelType "float")

// The dimensions of the fixed and moving image
// Up to elastix 4.5 this had to be specified by the user.
// From elastix 4.6, this is not necessary anymore.
//(FixedImageDimension 3)
//(MovingImageDimension 3)

// Specify whether you want to take into account the so-called
// direction cosines of the images. Recommended: true.
// In some cases, the direction cosines of the image are corrupt,
// due to image format conversions for example. In that case, you 
// may want to set this option to "false".
(UseDirectionCosines "false")

// **************** Main Components **************************

// The following components should usually be left as they are:
(Registration "MultiResolutionRegistration")
(Interpolator "BSplineInterpolator")
(ResampleInterpolator "FinalBSplineInterpolator")
(Resampler "DefaultResampler")

// These may be changed to Fixed/MovingSmoothingImagePyramid.
// See the manual.
(FixedImagePyramid "FixedRecursiveImagePyramid")
(MovingImagePyramid "MovingRecursiveImagePyramid")

// The following components are most important:
// The optimizer AdaptiveStochasticGradientDescent (ASGD) works
// quite ok in general. The Transform and Metric are important
// and need to be chosen careful for each application. See manual.
(Optimizer "AdaptiveStochasticGradientDescent")
(Transform "EulerTransform")
(Metric "AdvancedMattesMutualInformation")

// ***************** Transformation **************************

// Scales the rotations compared to the translations, to make
// sure they are in the same range. In general, it's best to  
// use automatic scales estimation:
(AutomaticScalesEstimation "true")

// Automatically guess an initial translation by aligning the
// geometric centers of the fixed and moving.
(AutomaticTransformInitialization "true")

// Whether transforms are combined by composition or by addition.
// In generally, Compose is the best option in most cases.
// It does not influence the results very much.
(HowToCombineTransforms "Compose")

// ******************* Similarity measure *********************

// Number of grey level bins in each resolution level,
// for the mutual information. 16 or 32 usually works fine.
// You could also employ a hierarchical strategy:
//(NumberOfHistogramBins 16 32 64)
(NumberOfHistogramBins 32)

// If you use a mask, this option is important. 
// If the mask serves as region of interest, set it to false.
// If the mask indicates which pixels are valid, then set it to true.
// If you do not use a mask, the option doesn't matter.
(ErodeMask "false")

// ******************** Multiresolution **********************

// The number of resolutions. 1 Is only enough if the expected
// deformations are small. 3 or 4 mostly works fine. For large
// images and large deformations, 5 or 6 may even be useful.
(NumberOfResolutions 1)

// The downsampling/blurring factors for the image pyramids.
// By default, the images are downsampled by a factor of 2
// compared to the next resolution.
// So, in 2D, with 4 resolutions, the following schedule is used:
//(ImagePyramidSchedule 8 8  4 4  2 2  1 1 )
// And in 3D:
//(ImagePyramidSchedule 8 8 8  4 4 4  2 2 2  1 1 1 )
// You can specify any schedule, for example:
//(ImagePyramidSchedule 4 4  4 3  2 1  1 1 )
// Make sure that the number of elements equals the number
// of resolutions times the image dimension.

// ******************* Optimizer ****************************

// Maximum number of iterations in each resolution level:
// 200-500 works usually fine for rigid registration.
// For more robustness, you may increase this to 1000-2000.
(MaximumNumberOfIterations 500)

// The step size of the optimizer, in mm. By default the voxel size is used.
// which usually works well. In case of unusual high-resolution images
// (eg histology) it is necessary to increase this value a bit, to the size
// of the "smallest visible structure" in the image:
//(MaximumStepLength 1.0)

// **************** Image sampling **********************

// Number of spatial samples used to compute the mutual
// information (and its derivative) in each iteration.
// With an AdaptiveStochasticGradientDescent optimizer,
// in combination with the two options below, around 2000
// samples may already suffice.
(NumberOfSpatialSamples 2000)

// Refresh these spatial samples in every iteration, and select
// them randomly. See the manual for information on other sampling
// strategies.
(NewSamplesEveryIteration "true")
(ImageSampler "Random")

// ************* Interpolation and Resampling ****************

// Order of B-Spline interpolation used during registration/optimisation.
// It may improve accuracy if you set this to 3. Never use 0.
// An order of 1 gives linear interpolation. This is in most 
// applications a good choice.
(BSplineInterpolationOrder 1)

// Order of B-Spline interpolation used for applying the final
// deformation.
// 3 gives good accuracy; recommended in most cases.
// 1 gives worse accuracy (linear interpolation)
// 0 gives worst accuracy, but is appropriate for binary images
// (masks, segmentations); equivalent to nearest neighbor interpolation.
(FinalBSplineInterpolationOrder 3)

//Default pixel value for pixels that come from outside the picture:
(DefaultPixelValue 0)

// Choose whether to generate the deformed moving image.
// You can save some time by setting this to false, if you are
// only interested in the final (nonrigidly) deformed moving image
// for example.
(WriteResultImage "false")

// The pixel type and format of the resulting deformed moving image
(ResultImagePixelType "short")
(ResultImageFormat "nii.gz")




=============== end of ParameterFile: /Users/sakinkirti/Programming/Python/CCIPD/racial-disparity-pca/code_matlab/rigid.txt ===============


Reading images...
Reading images took 142 ms.

WARNING: the fixed pyramid schedule is not fully specified!
  A default pyramid schedule is used.
WARNING: the moving pyramid schedule is not fully specified!
  A default pyramid schedule is used.
WARNING: The parameter "AutomaticTransformInitializationMethod", requested at entry number 0, does not exist at all.
  The default value "GeometricalCenter" is used instead.
Transform parameters are initialized as: [0, 0, 0, -0.09627532958984375, 0.08045196533203125, 1.9318389892578125]
Scales are estimated automatically.
Scales for transform parameters are: [4525.756896972656, 4525.756896972656, 5523.5137939453125, 1, 1, 1]
Initialization of all components (before registration) took: 13 ms.
Preparation of the image pyramids took: 15 ms.

Resolution: 0
WARNING: The parameter "ShowExactMetricValue", requested at entry number 0, does not exist at all.
  The default value "false" is used instead.
WARNING: The parameter "CheckNumberOfSamples", requested at entry number 0, does not exist at all.
  The default value "true" is used instead.
WARNING: The parameter "UseMultiThreadingForMetrics", requested at entry number 0, does not exist at all.
  The default value "true" is used instead.
Setting the fixed masks took: 0 ms.
Setting the moving masks took: 0 ms.
WARNING: The parameter "NumberOfFixedHistogramBins", requested at entry number 0, does not exist at all.
  The default value "32" is used instead.
WARNING: The parameter "NumberOfMovingHistogramBins", requested at entry number 0, does not exist at all.
  The default value "32" is used instead.
WARNING: The parameter "FixedLimitRangeRatio", requested at entry number 0, does not exist at all.
  The default value "0.01" is used instead.
WARNING: The parameter "MovingLimitRangeRatio", requested at entry number 0, does not exist at all.
  The default value "0.01" is used instead.
WARNING: The parameter "FixedKernelBSplineOrder", requested at entry number 0, does not exist at all.
  The default value "0" is used instead.
WARNING: The parameter "MovingKernelBSplineOrder", requested at entry number 0, does not exist at all.
  The default value "3" is used instead.
WARNING: The parameter "UseFastAndLowMemoryVersion", requested at entry number 0, does not exist at all.
  The default value "true" is used instead.
WARNING: The parameter "UseJacobianPreconditioning", requested at entry number 0, does not exist at all.
  The default value "false" is used instead.
WARNING: The parameter "FiniteDifferenceDerivative", requested at entry number 0, does not exist at all.
  The default value "false" is used instead.
WARNING: The parameter "SP_A", requested at entry number 0, does not exist at all.
  The default value "20" is used instead.
WARNING: The parameter "MaximumNumberOfSamplingAttempts", requested at entry number 0, does not exist at all.
  The default value "0" is used instead.
WARNING: The parameter "SigmoidInitialTime", requested at entry number 0, does not exist at all.
  The default value "0" is used instead.
WARNING: The parameter "MaxBandCovSize", requested at entry number 0, does not exist at all.
  The default value "192" is used instead.
WARNING: The parameter "NumberOfBandStructureSamples", requested at entry number 0, does not exist at all.
  The default value "10" is used instead.
WARNING: The parameter "UseAdaptiveStepSizes", requested at entry number 0, does not exist at all.
  The default value "true" is used instead.
WARNING: The parameter "AutomaticParameterEstimation", requested at entry number 0, does not exist at all.
  The default value "true" is used instead.
WARNING: The parameter "UseConstantStep", requested at entry number 0, does not exist at all.
  The default value "false" is used instead.
WARNING: The parameter "MaximumStepLengthRatio", requested at entry number 0, does not exist at all.
  The default value "1" is used instead.
WARNING: The parameter "MaximumStepLength", requested at entry number 0, does not exist at all.
  The default value "1.10156" is used instead.
WARNING: The parameter "NumberOfGradientMeasurements", requested at entry number 0, does not exist at all.
  The default value "0" is used instead.
WARNING: The parameter "NumberOfJacobianMeasurements", requested at entry number 0, does not exist at all.
  The default value "1000" is used instead.
WARNING: The parameter "NumberOfSamplesForExactGradient", requested at entry number 0, does not exist at all.
  The default value "100000" is used instead.
WARNING: The parameter "SigmoidScaleFactor", requested at entry number 0, does not exist at all.
  The default value "0.1" is used instead.
Elastix initialization of all components (for this resolution) took: 1 ms.
  Computing the fixed image extrema took 15 ms.
  Computing the moving image extrema took 16 ms.
Initialization of AdvancedMattesMutualInformation metric took: 97 ms.
Starting automatic parameter estimation for AdaptiveStochasticGradientDescent ...
WARNING: The parameter "ASGDParameterEstimationMethod", requested at entry number 0, does not exist at all.
  The default value "Original" is used instead.
  Computing JacobianTerms ...
  Computing the Jacobian terms took 0.002922s
  NumberOfGradientMeasurements to estimate sigma_i: 6
  Sampling gradients ...
  Sampling the gradients took 1.137489s
Automatic parameter estimation took 1.14s
1:ItNr	2:Metric	3a:Time	3b:StepSize	4:||Gradient||	Time[ms]
0	-0.167506	0.000000	15.155856	0.015544	1249.4
1	-0.220067	0.000000	15.155856	0.011803	41.0
2	-0.211222	0.000000	15.155856	0.011816	47.0
3	-0.194658	0.000000	15.155856	0.018493	30.6
4	-0.194866	0.000000	15.155856	0.014775	22.2
5	-0.199666	0.000000	15.155856	0.016650	16.1
6	-0.180903	0.000000	15.155856	0.011674	16.3
7	-0.190277	0.000000	15.155856	0.015404	17.7
8	-0.186619	0.000000	15.155856	0.012322	10.1
9	-0.197526	0.000000	15.155856	0.012518	17.1
10	-0.175853	0.000000	15.155856	0.009913	14.1
11	-0.182228	0.000000	15.155856	0.008389	16.4
12	-0.166368	0.000000	15.155856	0.004869	11.4
13	-0.209118	0.917922	14.521129	0.020303	17.1
14	-0.201737	1.916480	13.888389	0.013565	13.4
15	-0.199487	1.284499	14.282259	0.009897	9.8
16	-0.177878	0.605900	14.730837	0.013355	15.8
17	-0.157640	1.397836	14.209988	0.013935	11.1
18	-0.177076	0.713486	14.657848	0.008676	14.5
19	-0.198914	0.489675	14.810507	0.009157	15.3
20	-0.178431	0.000000	15.155856	0.010953	16.8
21	-0.194382	0.876494	14.548628	0.006446	15.5
22	-0.179098	0.217177	15.000723	0.006279	17.6
23	-0.197846	0.000000	15.155856	0.007697	11.1
24	-0.195484	0.000000	15.155856	0.008470	7.7
25	-0.186600	0.534890	14.779411	0.012983	13.5
26	-0.188020	0.000000	15.155856	0.009787	13.8
27	-0.181254	0.888516	14.540638	0.013369	8.4
28	-0.200768	1.823225	13.945137	0.014639	23.6
29	-0.177928	1.166568	14.358244	0.017246	10.3
30	-0.183515	0.485942	14.813081	0.016028	12.8
31	-0.188422	1.485942	14.154310	0.008506	11.5
32	-0.168877	2.485841	13.551696	0.009584	8.5
33	-0.189583	1.840609	13.934523	0.011009	18.0
34	-0.168181	2.600585	13.485809	0.012844	27.4
35	-0.172936	1.916142	13.888594	0.013930	15.0
36	-0.175518	2.896879	13.318601	0.008949	6.6
37	-0.178929	2.263001	13.681510	0.009259	8.0
38	-0.196305	2.580589	13.497245	0.008713	11.0
39	-0.184607	3.553928	12.962202	0.018504	7.6
40	-0.212205	4.550900	12.456429	0.008719	13.0
41	-0.199413	5.550828	11.987309	0.012700	10.2
42	-0.176711	6.292632	11.661499	0.007368	7.3
43	-0.171681	7.289334	11.250635	0.011563	11.3
44	-0.206651	7.119176	11.318717	0.011415	9.2
45	-0.177620	6.515428	11.567074	0.005918	9.7
46	-0.177191	6.666430	11.503941	0.011088	10.6
47	-0.184536	7.420027	11.198898	0.013294	6.9
48	-0.169682	8.419866	10.818302	0.009847	8.9
49	-0.151169	9.030912	10.598179	0.008723	6.6
50	-0.193733	8.453601	10.805911	0.011348	10.0
51	-0.204901	9.451991	10.451631	0.006214	16.2
52	-0.212682	9.251139	10.521025	0.014693	7.7
53	-0.166932	10.250918	10.184436	0.009819	9.0
54	-0.209687	9.726412	10.358287	0.010457	10.5
55	-0.185763	9.210390	10.535216	0.009089	13.7
56	-0.194838	8.526104	10.779376	0.012272	7.9
57	-0.166227	7.872251	11.023491	0.015431	12.9
58	-0.194212	7.187804	11.291159	0.013795	17.3
59	-0.188954	6.503362	11.572149	0.010876	10.0
60	-0.177710	5.819322	11.867302	0.016315	8.0
61	-0.216840	6.819319	11.440718	0.007801	16.8
62	-0.189761	6.138949	11.727536	0.012539	11.1
63	-0.184493	7.132951	11.313174	0.010306	15.5
64	-0.155631	8.127998	10.926703	0.012479	14.1
65	-0.208901	7.657155	11.106231	0.010982	7.4
66	-0.190151	8.657148	10.731746	0.008235	16.7
67	-0.207423	8.708249	10.713287	0.012343	9.2
68	-0.174178	8.391519	10.828736	0.017020	8.6
69	-0.196200	7.707072	11.086919	0.009400	13.6
70	-0.146245	8.703045	10.715163	0.008612	10.6
71	-0.176305	8.051664	10.955413	0.010276	6.7
72	-0.200199	7.367240	11.219738	0.014847	13.2
73	-0.191152	8.367239	10.837688	0.011602	9.5
74	-0.173876	7.787394	11.055985	0.017773	8.8
75	-0.183637	8.381951	10.832262	0.010650	12.6
76	-0.202450	7.697549	11.090598	0.012873	11.6
77	-0.195396	7.037521	11.351681	0.005572	8.3
78	-0.189217	7.200580	11.286044	0.007817	11.5
79	-0.174819	6.528174	11.561718	0.014045	12.0
80	-0.175529	5.908845	11.827820	0.015467	7.9
81	-0.208675	6.908773	11.404048	0.012753	13.3
82	-0.172389	6.224327	11.690757	0.012838	13.4
83	-0.218470	7.214195	11.280598	0.011553	7.3
84	-0.161930	6.624358	11.521462	0.009205	15.1
85	-0.197616	7.597541	11.129383	0.008643	9.3
86	-0.175279	7.016219	11.360312	0.011482	8.6
87	-0.188395	6.963905	11.381564	0.018162	12.1
88	-0.166276	7.963743	10.988669	0.009629	10.4
89	-0.161611	7.279536	11.254533	0.011412	9.8
90	-0.235608	8.279509	10.870161	0.013660	12.9
91	-0.192032	8.693716	10.718530	0.011247	11.9
92	-0.170455	9.687435	10.371443	0.013526	12.0
93	-0.181215	10.056240	10.248278	0.009050	10.3
94	-0.199940	9.587009	10.405496	0.012002	9.7
95	-0.192418	10.583740	10.077115	0.008452	15.9
96	-0.201661	9.899314	10.300325	0.006851	11.6
97	-0.205019	10.858685	9.990148	0.013082	7.7
98	-0.198972	11.152567	9.898836	0.012950	14.3
99	-0.189649	12.109646	9.612697	0.007269	10.3
100	-0.188643	13.104053	9.332409	0.015485	16.6
101	-0.179205	14.102116	9.067060	0.008440	9.4
102	-0.160890	13.420456	9.246623	0.014218	9.6
103	-0.185361	14.420391	8.985586	0.012349	13.4
104	-0.170890	15.420264	8.738898	0.008658	10.5
105	-0.207824	15.903536	8.624458	0.011445	10.3
106	-0.175271	15.219295	8.787388	0.010733	12.5
107	-0.191966	14.537635	8.955942	0.017326	13.1
108	-0.171202	15.512385	8.716850	0.005443	14.6
109	-0.186714	14.836333	8.881293	0.012331	11.1
110	-0.183724	14.156446	9.053048	0.011274	8.3
111	-0.206214	15.156402	8.802673	0.009551	13.0
112	-0.168890	14.478045	8.970984	0.009867	12.2
113	-0.209408	15.477236	8.725249	0.013960	8.7
114	-0.158451	15.040812	8.830905	0.010169	12.8
115	-0.179975	14.357001	9.001696	0.008227	11.8
116	-0.219675	15.147190	8.804916	0.015429	8.7
117	-0.189441	16.136759	8.570295	0.013208	14.0
118	-0.185969	17.136750	8.345572	0.009650	10.9
119	-0.139084	18.034826	8.153565	0.009627	16.5
120	-0.205906	18.840332	7.988713	0.009955	11.6
121	-0.195425	18.155898	8.128354	0.013839	7.4
122	-0.193719	18.251812	8.108491	0.009940	12.4
123	-0.176468	17.567399	8.252384	0.015032	11.5
124	-0.181993	17.137173	8.345479	0.010240	8.0
125	-0.199473	18.137060	8.132266	0.016422	13.2
126	-0.181013	17.452614	8.277018	0.027252	12.1
127	-0.211210	18.451262	8.067498	0.010639	8.7
128	-0.197245	17.791029	8.204809	0.010468	13.9
129	-0.186034	17.238127	8.323446	0.005499	12.0
130	-0.175027	16.905421	8.396503	0.014337	13.1
131	-0.204339	17.007911	8.373862	0.015125	11.2
132	-0.173336	16.323465	8.527423	0.012544	13.6
133	-0.183552	15.639054	8.686714	0.012857	15.0
134	-0.186325	16.639051	8.455925	0.016166	15.3
135	-0.196584	17.639049	8.237081	0.008775	14.3
136	-0.183505	16.959678	8.384502	0.010637	14.0
137	-0.167754	16.281283	8.537072	0.009314	17.3
138	-0.207276	15.601747	8.695568	0.010063	14.3
139	-0.196514	14.917524	8.861217	0.009890	9.1
140	-0.188675	14.239488	9.031714	0.006626	13.0
141	-0.183647	15.139860	8.806702	0.015780	13.0
142	-0.159742	14.983604	8.844945	0.010019	13.8
143	-0.176366	14.574677	8.946616	0.008399	12.7
144	-0.200861	15.559114	8.705708	0.008959	12.1
145	-0.177863	14.885291	8.869177	0.010564	11.1
146	-0.184140	14.435917	8.981649	0.007850	12.5
147	-0.197684	13.803516	9.144851	0.013412	15.7
148	-0.194603	14.345474	9.004632	0.011583	11.7
149	-0.183316	15.345464	8.756883	0.015980	7.7
150	-0.189619	14.661023	8.924954	0.011785	14.4
151	-0.178230	15.311784	8.765005	0.012372	12.7
152	-0.204680	15.806368	8.647226	0.008910	13.8
153	-0.176567	15.123290	8.810742	0.010809	14.1
154	-0.192816	16.059510	8.588159	0.011785	10.1
155	-0.187819	15.409844	8.741399	0.012038	13.3
156	-0.176035	16.407247	8.508324	0.010028	12.5
157	-0.173858	15.724578	8.666484	0.015294	15.0
158	-0.168174	16.724560	8.436758	0.010998	8.4
159	-0.178136	17.724336	8.218940	0.010187	10.4
160	-0.198744	18.721507	8.012611	0.010764	11.2
161	-0.178945	19.398247	7.878386	0.010066	9.6
162	-0.181562	18.714416	8.014042	0.004640	11.7
163	-0.163327	18.101662	8.139628	0.008938	12.3
164	-0.164469	18.889657	7.978835	0.014710	12.4
165	-0.191463	18.232107	8.112564	0.010612	12.8
166	-0.198841	18.448485	8.068066	0.010097	11.8
167	-0.198427	17.764126	8.210503	0.010939	11.5
168	-0.182242	18.234274	8.112116	0.014356	18.0
169	-0.206405	18.345957	8.089090	0.013375	11.8
170	-0.203184	19.293237	7.898918	0.008175	13.0
171	-0.205482	20.293203	7.707636	0.008256	12.7
172	-0.213744	21.283606	7.527101	0.014106	9.2
173	-0.195508	20.898152	7.596349	0.010783	15.7
174	-0.199166	21.897963	7.419303	0.008103	12.8
175	-0.198493	21.225560	7.537449	0.014112	15.9
176	-0.179520	20.561393	7.657900	0.011300	11.4
177	-0.181399	20.594028	7.651891	0.006488	9.2
178	-0.191568	19.926896	7.776622	0.008374	19.1
179	-0.199852	20.895061	7.596910	0.013913	12.6
180	-0.183714	20.246132	7.716432	0.011681	13.8
181	-0.195999	21.244945	7.533990	0.007202	12.5
182	-0.191242	22.244859	7.359788	0.009927	13.9
183	-0.222421	21.586736	7.473524	0.011807	10.5
184	-0.170551	22.542058	7.309553	0.007809	15.7
185	-0.175004	23.526247	7.147986	0.010241	14.9
186	-0.185250	23.106159	7.216067	0.011287	11.4
187	-0.197838	22.421722	7.329810	0.020233	14.1
188	-0.203200	23.421069	7.164911	0.011069	11.6
189	-0.190323	24.392308	7.011606	0.011335	9.7
190	-0.159241	25.392298	6.860470	0.006482	11.9
191	-0.210196	24.708030	6.963174	0.006711	10.8
192	-0.173836	24.399872	7.010438	0.006135	9.4
193	-0.188258	24.646223	6.972603	0.009633	15.4
194	-0.171536	24.178783	7.044745	0.005226	15.3
195	-0.208500	23.763853	7.110045	0.005436	18.1
196	-0.214961	23.181843	7.203705	0.018700	13.1
197	-0.178539	22.818365	7.263461	0.010095	19.8
198	-0.197081	22.133935	7.378714	0.015409	13.1
199	-0.200902	23.125256	7.212944	0.015821	14.6
200	-0.202739	24.108139	7.055777	0.009329	16.1
201	-0.197743	23.427799	7.163825	0.015001	13.9
202	-0.181069	23.250140	7.192587	0.007070	14.1
203	-0.187566	22.714526	7.280715	0.008696	8.8
204	-0.197265	23.325484	7.180361	0.008609	14.4
205	-0.189161	23.175673	7.204712	0.006410	14.0
206	-0.177499	23.356360	7.175363	0.010338	10.8
207	-0.192460	22.696586	7.283704	0.014574	16.8
208	-0.206677	23.695468	7.120923	0.006894	10.8
209	-0.206955	24.656268	6.971069	0.015286	13.7
210	-0.178163	24.520259	6.991897	0.008407	10.4
211	-0.209050	25.467356	6.849389	0.013692	17.0
212	-0.158282	26.466989	6.705144	0.017742	11.0
213	-0.174697	27.466989	6.566799	0.014921	10.5
214	-0.202140	28.466955	6.434052	0.013584	17.8
215	-0.213893	27.782509	6.524326	0.012595	10.9
216	-0.183520	28.771509	6.394682	0.012223	14.3
217	-0.187782	28.182574	6.471255	0.009094	13.2
218	-0.173873	27.566386	6.553359	0.007982	16.4
219	-0.193416	26.920539	6.641682	0.015504	13.4
220	-0.206370	27.920311	6.505948	0.011656	16.4
221	-0.218153	28.920310	6.375621	0.017221	12.5
222	-0.212878	28.258716	6.461252	0.014316	9.1
223	-0.208992	29.258716	6.332692	0.013877	16.2
224	-0.192879	28.574270	6.420124	0.010268	10.0
225	-0.188569	28.066606	6.486550	0.022805	17.3
226	-0.187590	27.382160	6.578313	0.010945	13.0
227	-0.201717	28.382160	6.445100	0.007355	16.0
228	-0.201535	27.703167	6.534955	0.007677	15.3
229	-0.195912	27.185956	6.605098	0.012495	35.2
230	-0.201699	27.305045	6.588815	0.023409	14.1
231	-0.170540	26.620717	6.683498	0.008856	11.3
232	-0.191822	27.620716	6.546037	0.011988	15.4
233	-0.214346	27.831124	6.517830	0.009240	11.4
234	-0.219790	27.231918	6.598804	0.016161	18.6
235	-0.199392	28.231915	6.464770	0.017152	11.6
236	-0.202823	27.547489	6.555910	0.012750	14.0
237	-0.193686	26.863042	6.649661	0.015643	14.5
238	-0.176273	27.863041	6.513573	0.011727	19.8
239	-0.218213	28.694915	6.404538	0.009703	14.2
240	-0.186233	28.011125	6.493893	0.011127	20.5
241	-0.194694	29.000821	6.365355	0.018606	13.1
242	-0.181156	30.000484	6.240588	0.011073	19.0
243	-0.198338	29.316045	6.325477	0.012439	15.9
244	-0.184120	30.292423	6.205068	0.007619	15.1
245	-0.183902	29.632957	6.285886	0.006373	11.2
246	-0.197832	29.460426	6.307378	0.016247	8.1
247	-0.207575	30.458284	6.185068	0.016727	14.6
248	-0.210869	31.458284	6.067164	0.016060	11.4
249	-0.216352	32.238712	5.978225	0.016762	12.2
250	-0.194393	31.554266	6.056083	0.010903	15.7
251	-0.198122	30.869954	6.135980	0.014190	8.1
252	-0.179630	31.864963	6.020490	0.008368	14.5
253	-0.190379	32.864754	5.908743	0.006459	11.0
254	-0.186196	32.669001	5.930295	0.011934	11.0
255	-0.224303	32.269972	5.974717	0.008045	11.6
256	-0.190902	31.957501	6.009970	0.011020	11.0
257	-0.172808	32.158722	5.987220	0.010813	14.6
258	-0.184301	32.906156	5.904205	0.012304	13.3
259	-0.197993	32.221731	5.980132	0.015112	6.7
260	-0.180810	31.537366	6.058031	0.008717	15.9
261	-0.176118	32.313404	5.969849	0.015914	12.2
262	-0.196569	33.313403	5.859935	0.016528	14.6
263	-0.192420	32.628956	5.934723	0.008825	15.3
264	-0.183816	33.429501	5.847435	0.006455	10.3
265	-0.206596	33.276658	5.863902	0.009379	15.6
266	-0.190474	32.673873	5.929756	0.013521	14.3
267	-0.194122	33.647965	5.824059	0.011760	16.3
268	-0.189181	34.647148	5.719484	0.013920	13.5
269	-0.186123	35.617548	5.621455	0.015612	20.8
270	-0.202481	34.933121	5.690242	0.019934	14.2
271	-0.179269	35.933121	5.590296	0.013919	14.9
272	-0.176688	36.933121	5.493800	0.007819	13.7
273	-0.184434	37.827621	5.410264	0.013563	20.5
274	-0.186537	38.821994	5.320334	0.014072	12.6
275	-0.178931	39.526707	5.258389	0.006771	21.9
276	-0.196734	40.245885	5.196643	0.009581	11.2
277	-0.205734	41.027533	5.131157	0.011883	41.1
278	-0.193671	40.343380	5.188384	0.015561	10.2
279	-0.173836	41.342063	5.105269	0.005637	16.4
280	-0.182212	42.341550	5.024711	0.011484	15.1
281	-0.181956	43.315343	4.948632	0.013566	10.9
282	-0.190287	44.315257	4.872873	0.006888	12.4
283	-0.188178	43.766720	4.914144	0.014860	24.9
284	-0.207908	43.113791	4.964189	0.011685	9.6
285	-0.202660	43.281238	4.951258	0.022422	17.1
286	-0.180971	42.596791	5.004545	0.012136	12.1
287	-0.178958	43.596789	4.927071	0.011055	17.0
288	-0.179116	44.582790	4.852996	0.011672	14.6
289	-0.171772	45.462823	4.788737	0.010234	15.9
290	-0.192397	45.075521	4.816806	0.014782	12.5
291	-0.174730	46.075482	4.744997	0.007673	14.4
292	-0.163431	45.406472	4.792801	0.006179	17.5
293	-0.203344	46.379242	4.723606	0.009338	15.7
294	-0.183614	45.749014	4.768205	0.012048	9.7
295	-0.184156	46.688806	4.702003	0.015390	11.0
296	-0.200487	47.688806	4.633550	0.013559	18.8
297	-0.189191	48.688806	4.567060	0.013104	9.7
298	-0.183037	49.687886	4.502511	0.002216	29.0
299	-0.175824	49.620377	4.506815	0.007482	20.4
300	-0.181693	49.364080	4.523231	0.009197	10.5
301	-0.193274	49.819750	4.494128	0.021185	16.0
302	-0.206803	49.135374	4.537981	0.012630	17.9
303	-0.192708	48.492515	4.579961	0.005425	17.0
304	-0.200149	47.847176	4.622891	0.007524	17.8
305	-0.172905	48.394633	4.586421	0.011367	13.1
306	-0.197286	49.215118	4.532827	0.011940	15.0
307	-0.185581	50.214884	4.469192	0.012690	14.9
308	-0.198343	51.172957	4.409865	0.005784	12.0
309	-0.169059	52.073568	4.355514	0.010835	13.7
310	-0.183779	51.404420	4.395767	0.011915	11.7
311	-0.215346	50.720816	4.437665	0.007265	16.2
312	-0.151935	50.036811	4.480395	0.008423	15.0
313	-0.194776	49.982475	4.483825	0.009062	17.1
314	-0.194063	50.981506	4.421594	0.013892	11.5
315	-0.177545	50.297236	4.464030	0.010365	17.3
316	-0.174187	49.895461	4.489328	0.007292	11.9
317	-0.185603	49.258256	4.530044	0.007416	13.4
318	-0.183147	48.850382	4.556496	0.014639	11.0
319	-0.184797	48.234744	4.597013	0.013385	13.6
320	-0.201882	47.550306	4.642911	0.011924	40.8
321	-0.195361	46.866957	4.689660	0.012005	8.7
322	-0.195525	46.228117	4.734224	0.010872	18.2
323	-0.196972	47.167962	4.668953	0.010258	18.7
324	-0.155247	46.490754	4.715801	0.008469	29.1
325	-0.218416	45.813806	4.763581	0.012040	22.6
326	-0.186940	46.436698	4.719581	0.019361	15.1
327	-0.156054	47.436698	4.650619	0.008515	16.1
328	-0.212278	46.752312	4.697596	0.003484	10.7
329	-0.186615	46.296116	4.729441	0.013419	19.1
330	-0.206193	45.710705	4.770943	0.009288	8.3
331	-0.196867	45.026366	4.820392	0.011668	15.8
332	-0.150246	44.920987	4.828098	0.013785	11.7
333	-0.206940	44.236562	4.878752	0.016658	15.7
334	-0.182036	43.552116	4.930481	0.007578	15.7
335	-0.183799	44.025313	4.894601	0.011391	7.3
336	-0.181154	45.019084	4.820924	0.010818	15.4
337	-0.181909	46.018985	4.748997	0.006193	11.2
338	-0.178500	46.906460	4.686932	0.010659	12.4
339	-0.180917	46.352244	4.725499	0.016499	8.2
340	-0.185176	46.298370	4.729282	0.004638	9.0
341	-0.185891	47.297812	4.660076	0.008270	8.5
342	-0.181233	46.644768	4.705064	0.009161	7.0
343	-0.180215	46.798449	4.694399	0.009278	9.5
344	-0.202589	47.797011	4.626262	0.007021	8.9
345	-0.170377	47.120539	4.672203	0.015172	9.7
346	-0.189092	46.447293	4.718840	0.009880	8.0
347	-0.191084	45.763876	4.767144	0.012902	10.3
348	-0.199418	46.183891	4.737341	0.015959	9.9
349	-0.173402	45.499445	4.786100	0.017054	8.7
350	-0.182890	44.816458	4.835766	0.008944	9.5
351	-0.176443	45.815898	4.763432	0.012126	7.7
352	-0.200729	46.361669	4.724838	0.012020	19.6
353	-0.168409	46.455438	4.718270	0.005622	15.2
354	-0.172496	46.818253	4.693028	0.009522	22.2
355	-0.174636	46.165451	4.738641	0.008394	9.6
356	-0.173905	47.163205	4.669278	0.007442	16.7
357	-0.165339	47.338249	4.657318	0.008370	12.8
358	-0.196949	46.654811	4.704366	0.009305	20.3
359	-0.184274	47.439042	4.650459	0.010335	8.4
360	-0.188286	46.755958	4.697343	0.008409	14.8
361	-0.172630	47.557435	4.642428	0.010485	11.5
362	-0.165073	48.526330	4.577733	0.014407	14.5
363	-0.184575	49.526114	4.512839	0.009899	10.8
364	-0.199490	50.517354	4.450290	0.009142	12.3
365	-0.192767	51.490424	4.390552	0.010210	15.8
366	-0.199552	50.810521	4.432122	0.014430	11.8
367	-0.188401	50.126335	4.474756	0.013219	14.8
368	-0.206715	49.441889	4.518235	0.009916	14.2
369	-0.155032	49.088179	4.541037	0.009220	9.3
370	-0.178892	48.404672	4.585757	0.010233	13.8
371	-0.187450	48.590292	4.573526	0.015235	9.6
372	-0.203705	49.499934	4.514515	0.012085	13.0
373	-0.183204	50.475829	4.452876	0.005171	16.0
374	-0.174206	49.792753	4.495841	0.011580	15.8
375	-0.188623	49.118315	4.539085	0.014204	11.4
376	-0.184713	48.435384	4.583729	0.017247	12.3
377	-0.197642	47.951473	4.615898	0.010160	14.9
378	-0.182907	47.267598	4.662138	0.005788	11.9
379	-0.191915	46.610640	4.707439	0.016085	17.8
380	-0.193454	45.926306	4.755574	0.016162	14.3
381	-0.193245	46.924633	4.685678	0.012871	14.7
382	-0.191882	46.240693	4.733339	0.011672	15.0
383	-0.188730	45.556306	4.782011	0.014638	15.2
384	-0.180063	44.871869	4.831698	0.007382	14.0
385	-0.209587	45.871820	4.759449	0.016276	18.4
386	-0.194425	46.661535	4.703898	0.014359	14.8
387	-0.194077	47.655609	4.635790	0.009443	16.1
388	-0.187228	46.971188	4.682469	0.012979	14.6
389	-0.158961	47.900753	4.619296	0.021979	15.3
390	-0.187941	47.216312	4.665643	0.017309	19.5
391	-0.196143	46.531865	4.712930	0.004934	18.9
392	-0.202727	46.481339	4.716459	0.011144	13.9
393	-0.187665	47.338228	4.657320	0.019001	13.8
394	-0.176988	46.653967	4.704425	0.013433	11.8
395	-0.171881	45.974153	4.752176	0.011865	8.1
396	-0.166653	46.973780	4.682291	0.017122	14.0
397	-0.197165	46.330828	4.727002	0.012984	13.0
398	-0.193538	47.330771	4.657828	0.008156	14.1
399	-0.189305	48.279299	4.594056	0.016685	13.3
400	-0.176957	49.279297	4.528688	0.014637	10.1
401	-0.193485	48.594851	4.573226	0.014248	13.3
402	-0.183275	49.594851	4.508445	0.006394	11.8
403	-0.194433	48.912314	4.552460	0.013391	19.6
404	-0.164158	49.281928	4.528518	0.015999	13.9
405	-0.177828	50.223095	4.468677	0.009540	31.0
406	-0.203224	51.223090	4.406804	0.011171	16.7
407	-0.180614	50.538663	4.448965	0.011218	16.3
408	-0.181984	51.538663	4.387632	0.006168	22.2
409	-0.155850	51.234886	4.406084	0.008084	13.0
410	-0.187677	50.960247	4.422900	0.014052	18.4
411	-0.188675	50.275840	4.465370	0.014215	13.8
412	-0.188319	49.591397	4.508665	0.007573	17.8
413	-0.171168	49.590817	4.508702	0.018319	24.8
414	-0.200822	48.913853	4.552359	0.010831	17.6
415	-0.170121	49.913852	4.488164	0.020982	18.5
416	-0.173366	50.913852	4.425754	0.010607	14.3
417	-0.189530	50.302154	4.463722	0.015158	17.9
418	-0.216824	49.617708	4.506985	0.020640	12.8
419	-0.223933	50.613489	4.444316	0.015265	22.7
420	-0.194396	49.929170	4.487195	0.019017	21.3
421	-0.189893	49.244723	4.530917	0.012152	18.5
422	-0.179834	50.244548	4.467331	0.010468	10.2
423	-0.192862	50.629175	4.443343	0.011974	12.4
424	-0.190349	49.950132	4.485869	0.009345	10.6
425	-0.174641	49.268160	4.529405	0.006598	16.0
426	-0.177758	48.781421	4.560999	0.014889	12.7
427	-0.183542	49.750053	4.498555	0.015433	14.1
428	-0.175957	50.750053	4.435857	0.014670	11.7
429	-0.199014	50.065606	4.478580	0.013880	15.2
430	-0.182058	50.978549	4.421775	0.011675	14.6
431	-0.190541	51.978549	4.361185	0.009968	10.4
432	-0.157228	51.311281	4.401429	0.012784	15.9
433	-0.172029	52.306585	4.341670	0.016283	14.3
434	-0.194384	53.136671	4.293057	0.013926	19.6
435	-0.191155	54.136671	4.235921	0.011596	15.5
436	-0.201387	55.136444	4.180297	0.008729	22.0
437	-0.196746	54.607973	4.209516	0.008700	9.2
438	-0.190659	54.920229	4.192203	0.018895	24.0
439	-0.194715	55.919674	4.137732	0.006819	8.0
440	-0.183605	56.887448	4.086319	0.010835	16.6
441	-0.172819	56.349707	4.114728	0.007457	13.3
442	-0.169898	55.944012	4.136423	0.011459	15.5
443	-0.181086	55.327776	4.169819	0.018072	12.2
444	-0.194494	56.327691	4.115899	0.009419	20.3
445	-0.208605	55.643787	4.152626	0.012525	14.2
446	-0.199273	56.620216	4.100388	0.009816	15.0
447	-0.174338	57.074956	4.076505	0.009587	15.6
448	-0.209443	58.073735	4.025015	0.012526	10.0
449	-0.208394	59.002851	3.978271	0.010231	16.1
450	-0.179942	58.535466	4.001649	0.010950	13.4
451	-0.199169	57.851808	4.036344	0.006070	13.2
452	-0.153217	57.224642	4.068705	0.009120	19.7
453	-0.192368	58.003469	4.028595	0.016353	18.0
454	-0.177319	57.319107	4.063797	0.011032	16.6
455	-0.213034	58.319106	4.012564	0.009722	26.5
456	-0.184897	57.637174	4.047360	0.008569	27.8
457	-0.174035	57.533925	4.052682	0.008766	16.6
458	-0.155227	57.942829	4.031690	0.008956	15.1
459	-0.182579	58.646759	3.996057	0.010283	19.7
460	-0.203223	59.528395	3.952308	0.010214	14.0
461	-0.190093	60.526133	3.903938	0.005808	14.3
462	-0.191556	60.343201	3.912718	0.020274	10.7
463	-0.185273	60.980237	3.882314	0.012152	11.4
464	-0.189193	60.295791	3.915000	0.016071	21.4
465	-0.191895	59.611433	3.948236	0.008442	11.8
466	-0.194356	58.926990	3.982046	0.010937	12.4
467	-0.198208	58.458109	4.005544	0.013467	15.6
468	-0.198236	57.809564	4.038507	0.008019	14.7
469	-0.197824	57.131725	4.073544	0.012017	16.3
470	-0.195809	58.130838	4.022111	0.010510	20.5
471	-0.190330	57.446511	4.057197	0.009505	12.6
472	-0.186118	57.875322	4.035140	0.008713	15.8
473	-0.197745	57.254289	4.067163	0.011951	15.0
474	-0.205851	56.574104	4.102825	0.012885	23.1
475	-0.202587	55.890036	4.139327	0.012982	23.7
476	-0.207446	55.314598	4.170539	0.007322	10.9
477	-0.171759	54.630851	4.208243	0.007617	14.4
478	-0.171222	53.986391	4.244410	0.019617	17.7
479	-0.189762	53.302293	4.283488	0.017129	14.2
480	-0.158150	54.302293	4.226604	0.014175	24.2
481	-0.162961	53.617846	4.265373	0.011755	15.6
482	-0.179527	54.617828	4.208968	0.012502	20.5
483	-0.196749	55.617732	4.154038	0.014342	18.6
484	-0.181736	54.981175	4.188840	0.005644	14.8
485	-0.180678	55.980294	4.134474	0.014230	17.5
486	-0.195728	55.397082	4.166036	0.010474	15.8
487	-0.196881	54.717920	4.203404	0.008598	17.4
488	-0.184449	55.675495	4.150909	0.007317	42.2
489	-0.196024	54.997936	4.187916	0.016769	12.3
490	-0.226168	55.997207	4.133565	0.017040	17.0
491	-0.170714	55.312761	4.170639	0.013076	16.5
492	-0.166792	56.312761	4.116694	0.004029	16.7
493	-0.185154	55.725741	4.148190	0.007307	12.7
494	-0.180449	55.207196	4.176416	0.014791	16.6
495	-0.191687	54.532674	4.213713	0.015003	9.6
496	-0.211112	55.532671	4.158655	0.014295	17.1
497	-0.185633	56.412106	4.111411	0.011340	15.4
498	-0.182954	55.727800	4.148079	0.012270	17.0
499	-0.204086	56.727785	4.094713	0.017432	16.1
Time spent in resolution 0 (ITK initialization and iterating): 8.643 s.
Stopping condition: Maximum number of iterations has been reached.
Settings of AdaptiveStochasticGradientDescent in resolution 0:
( SP_a 318.272985 )
( SP_A 20.000000 )
( SP_alpha 1.000000 )
( SigmoidMax 1.000000 )
( SigmoidMin -0.684446 )
( SigmoidScale 0.000008 )



=============== start of TransformParameterFile ===============
(Transform "EulerTransform")
(NumberOfParameters 6)
(TransformParameters -0.005469 0.000219 -0.002183 -0.316136 -1.012175 3.488603)
(InitialTransformParametersFileName "NoInitialTransform")
(UseBinaryFormatForTransformationParameters "false")
(HowToCombineTransforms "Compose")

// Image specific
(FixedImageDimension 3)
(MovingImageDimension 3)
(FixedInternalImagePixelType "float")
(MovingInternalImagePixelType "float")
(Size 256 256 45)
(Index 0 0 0)
(Spacing 0.7031250000 0.7031250000 3.0000000000)
(Origin -85.2497558594 -69.5672225952 69.0200653076)
(Direction 0.9999947842 -0.0032296954 -0.0000254364 0.0032297951 0.9999637606 0.0078769197 -0.0000000046 -0.0078769610 0.9999689763)
(UseDirectionCosines "false")

// EulerTransform specific
(CenterOfRotationPoint 4.3986816406 20.0812149048 135.0200653076)
(ComputeZYX "false")

// ResampleInterpolator specific
(ResampleInterpolator "FinalBSplineInterpolator")
(FinalBSplineInterpolationOrder 3)

// Resampler specific
(Resampler "DefaultResampler")
(DefaultPixelValue 0.000000)
(ResultImageFormat "nii.gz")
(ResultImagePixelType "short")
(CompressResultImage "false")

=============== end of TransformParameterFile ===============

Creating the TransformParameterFile took 0.01s

Registration result checksum: 379914460

Skipping applying final transform, no resulting output image generated.

Final metric value  = -0.204086
Settings of AdaptiveStochasticGradientDescent for all resolutions:
( SP_a 318.272985 )
( SP_A 20.000000 )
( SP_alpha 1.000000 )
( SigmoidMax 1.000000 )
( SigmoidMin -0.684446 )
( SigmoidScale 0.000008 )

Time spent on saving the results, applying the final transform etc.: 11 ms.
Running elastix with parameter file 0: "/Users/sakinkirti/Programming/Python/CCIPD/racial-disparity-pca/code_matlab/rigid.txt", has finished.


Current time: Mon May 23 13:32:04 2022.
Time used for running elastix with this parameter file:
  8.9s.

-------------------------------------------------------------------------

Total time elapsed: 9.0s.

