
elastix is started at Mon May 23 08:25:47 2022.

which elastix:   /Users/sakinkirti/Programming/Python/CCIPD/racial-disparity-pca/code_matlab/elastix-5.0.0-mac/bin/elastix
elastix runs at: Sakins-MBP.hsd1.ca.comcast.net
  macOS 12.3.1 (x64), 21E258
  with 8192 MB memory, and 2 cores @ 2300 MHz.
-------------------------------------------------------------------------

Running elastix with parameter file 0: "/Users/sakinkirti/Programming/Python/CCIPD/racial-disparity-pca/code_matlab/rigid.txt".

Current time: Mon May 23 08:25:47 2022.
Reading the elastix parameters from file ...

Installing all components.
InstallingComponents was successful.

ELASTIX version: 5.000
Command line options from ElastixBase:
-f        /Users/sakinkirti/Programming/Python/CCIPD/racial-disparity-pca/dataset/to_nifti_cleaned/prostate-001070/ADC.nii.gz
-m        /Users/sakinkirti/Programming/Python/CCIPD/racial-disparity-pca/dataset/to_nifti_cleaned/prostate-001070/T2W.nii.gz
-fMask    unspecified, so no fixed mask used
-mMask    unspecified, so no moving mask used
-out      /Users/sakinkirti/Programming/Python/CCIPD/racial-disparity-pca/dataset/to_nifti_cleaned/prostate-001070/
-p        /Users/sakinkirti/Programming/Python/CCIPD/racial-disparity-pca/code_matlab/rigid.txt
-threads  unspecified, so all available threads are used
Command line options from TransformBase:
-t0       unspecified, so no initial transform used

=============== start of ParameterFile: /Users/sakinkirti/Programming/Python/CCIPD/racial-disparity-pca/code_matlab/rigid.txt ===============
// Example parameter file for rotation registration
// C-style comments: //

// The internal pixel type, used for internal computations
// Leave to float in general. 
// NB: this is not the type of the input images! The pixel 
// type of the input images is automatically read from the 
// images themselves.
// This setting can be changed to "short" to save some memory
// in case of very large 3D images.
(FixedInternalImagePixelType "float")
(MovingInternalImagePixelType "float")

// The dimensions of the fixed and moving image
// Up to elastix 4.5 this had to be specified by the user.
// From elastix 4.6, this is not necessary anymore.
//(FixedImageDimension 3)
//(MovingImageDimension 3)

// Specify whether you want to take into account the so-called
// direction cosines of the images. Recommended: true.
// In some cases, the direction cosines of the image are corrupt,
// due to image format conversions for example. In that case, you 
// may want to set this option to "false".
(UseDirectionCosines "false")

// **************** Main Components **************************

// The following components should usually be left as they are:
(Registration "MultiResolutionRegistration")
(Interpolator "BSplineInterpolator")
(ResampleInterpolator "FinalBSplineInterpolator")
(Resampler "DefaultResampler")

// These may be changed to Fixed/MovingSmoothingImagePyramid.
// See the manual.
(FixedImagePyramid "FixedRecursiveImagePyramid")
(MovingImagePyramid "MovingRecursiveImagePyramid")

// The following components are most important:
// The optimizer AdaptiveStochasticGradientDescent (ASGD) works
// quite ok in general. The Transform and Metric are important
// and need to be chosen careful for each application. See manual.
(Optimizer "AdaptiveStochasticGradientDescent")
(Transform "EulerTransform")
(Metric "AdvancedMattesMutualInformation")

// ***************** Transformation **************************

// Scales the rotations compared to the translations, to make
// sure they are in the same range. In general, it's best to  
// use automatic scales estimation:
(AutomaticScalesEstimation "true")

// Automatically guess an initial translation by aligning the
// geometric centers of the fixed and moving.
(AutomaticTransformInitialization "true")

// Whether transforms are combined by composition or by addition.
// In generally, Compose is the best option in most cases.
// It does not influence the results very much.
(HowToCombineTransforms "Compose")

// ******************* Similarity measure *********************

// Number of grey level bins in each resolution level,
// for the mutual information. 16 or 32 usually works fine.
// You could also employ a hierarchical strategy:
//(NumberOfHistogramBins 16 32 64)
(NumberOfHistogramBins 32)

// If you use a mask, this option is important. 
// If the mask serves as region of interest, set it to false.
// If the mask indicates which pixels are valid, then set it to true.
// If you do not use a mask, the option doesn't matter.
(ErodeMask "false")

// ******************** Multiresolution **********************

// The number of resolutions. 1 Is only enough if the expected
// deformations are small. 3 or 4 mostly works fine. For large
// images and large deformations, 5 or 6 may even be useful.
(NumberOfResolutions 1)

// The downsampling/blurring factors for the image pyramids.
// By default, the images are downsampled by a factor of 2
// compared to the next resolution.
// So, in 2D, with 4 resolutions, the following schedule is used:
//(ImagePyramidSchedule 8 8  4 4  2 2  1 1 )
// And in 3D:
//(ImagePyramidSchedule 8 8 8  4 4 4  2 2 2  1 1 1 )
// You can specify any schedule, for example:
//(ImagePyramidSchedule 4 4  4 3  2 1  1 1 )
// Make sure that the number of elements equals the number
// of resolutions times the image dimension.

// ******************* Optimizer ****************************

// Maximum number of iterations in each resolution level:
// 200-500 works usually fine for rigid registration.
// For more robustness, you may increase this to 1000-2000.
(MaximumNumberOfIterations 500)

// The step size of the optimizer, in mm. By default the voxel size is used.
// which usually works well. In case of unusual high-resolution images
// (eg histology) it is necessary to increase this value a bit, to the size
// of the "smallest visible structure" in the image:
//(MaximumStepLength 1.0)

// **************** Image sampling **********************

// Number of spatial samples used to compute the mutual
// information (and its derivative) in each iteration.
// With an AdaptiveStochasticGradientDescent optimizer,
// in combination with the two options below, around 2000
// samples may already suffice.
(NumberOfSpatialSamples 2000)

// Refresh these spatial samples in every iteration, and select
// them randomly. See the manual for information on other sampling
// strategies.
(NewSamplesEveryIteration "true")
(ImageSampler "Random")

// ************* Interpolation and Resampling ****************

// Order of B-Spline interpolation used during registration/optimisation.
// It may improve accuracy if you set this to 3. Never use 0.
// An order of 1 gives linear interpolation. This is in most 
// applications a good choice.
(BSplineInterpolationOrder 1)

// Order of B-Spline interpolation used for applying the final
// deformation.
// 3 gives good accuracy; recommended in most cases.
// 1 gives worse accuracy (linear interpolation)
// 0 gives worst accuracy, but is appropriate for binary images
// (masks, segmentations); equivalent to nearest neighbor interpolation.
(FinalBSplineInterpolationOrder 3)

//Default pixel value for pixels that come from outside the picture:
(DefaultPixelValue 0)

// Choose whether to generate the deformed moving image.
// You can save some time by setting this to false, if you are
// only interested in the final (nonrigidly) deformed moving image
// for example.
(WriteResultImage "false")

// The pixel type and format of the resulting deformed moving image
(ResultImagePixelType "short")
(ResultImageFormat "nii.gz")




=============== end of ParameterFile: /Users/sakinkirti/Programming/Python/CCIPD/racial-disparity-pca/code_matlab/rigid.txt ===============


Reading images...
Reading images took 98 ms.

WARNING: the fixed pyramid schedule is not fully specified!
  A default pyramid schedule is used.
WARNING: the moving pyramid schedule is not fully specified!
  A default pyramid schedule is used.
WARNING: The parameter "AutomaticTransformInitializationMethod", requested at entry number 0, does not exist at all.
  The default value "GeometricalCenter" is used instead.
Transform parameters are initialized as: [0, 0, 0, 0.2977379560470581, 0.7025078535079956, -5.9847412109375]
Scales are estimated automatically.
Scales for transform parameters are: [5688.461299543446, 5688.461299543448, 9788.797644982287, 1, 1, 1]
Initialization of all components (before registration) took: 11 ms.
Preparation of the image pyramids took: 13 ms.

Resolution: 0
WARNING: The parameter "ShowExactMetricValue", requested at entry number 0, does not exist at all.
  The default value "false" is used instead.
WARNING: The parameter "CheckNumberOfSamples", requested at entry number 0, does not exist at all.
  The default value "true" is used instead.
WARNING: The parameter "UseMultiThreadingForMetrics", requested at entry number 0, does not exist at all.
  The default value "true" is used instead.
Setting the fixed masks took: 0 ms.
Setting the moving masks took: 0 ms.
WARNING: The parameter "NumberOfFixedHistogramBins", requested at entry number 0, does not exist at all.
  The default value "32" is used instead.
WARNING: The parameter "NumberOfMovingHistogramBins", requested at entry number 0, does not exist at all.
  The default value "32" is used instead.
WARNING: The parameter "FixedLimitRangeRatio", requested at entry number 0, does not exist at all.
  The default value "0.01" is used instead.
WARNING: The parameter "MovingLimitRangeRatio", requested at entry number 0, does not exist at all.
  The default value "0.01" is used instead.
WARNING: The parameter "FixedKernelBSplineOrder", requested at entry number 0, does not exist at all.
  The default value "0" is used instead.
WARNING: The parameter "MovingKernelBSplineOrder", requested at entry number 0, does not exist at all.
  The default value "3" is used instead.
WARNING: The parameter "UseFastAndLowMemoryVersion", requested at entry number 0, does not exist at all.
  The default value "true" is used instead.
WARNING: The parameter "UseJacobianPreconditioning", requested at entry number 0, does not exist at all.
  The default value "false" is used instead.
WARNING: The parameter "FiniteDifferenceDerivative", requested at entry number 0, does not exist at all.
  The default value "false" is used instead.
WARNING: The parameter "SP_A", requested at entry number 0, does not exist at all.
  The default value "20" is used instead.
WARNING: The parameter "MaximumNumberOfSamplingAttempts", requested at entry number 0, does not exist at all.
  The default value "0" is used instead.
WARNING: The parameter "SigmoidInitialTime", requested at entry number 0, does not exist at all.
  The default value "0" is used instead.
WARNING: The parameter "MaxBandCovSize", requested at entry number 0, does not exist at all.
  The default value "192" is used instead.
WARNING: The parameter "NumberOfBandStructureSamples", requested at entry number 0, does not exist at all.
  The default value "10" is used instead.
WARNING: The parameter "UseAdaptiveStepSizes", requested at entry number 0, does not exist at all.
  The default value "true" is used instead.
WARNING: The parameter "AutomaticParameterEstimation", requested at entry number 0, does not exist at all.
  The default value "true" is used instead.
WARNING: The parameter "UseConstantStep", requested at entry number 0, does not exist at all.
  The default value "false" is used instead.
WARNING: The parameter "MaximumStepLengthRatio", requested at entry number 0, does not exist at all.
  The default value "1" is used instead.
WARNING: The parameter "MaximumStepLength", requested at entry number 0, does not exist at all.
  The default value "1.0084" is used instead.
WARNING: The parameter "NumberOfGradientMeasurements", requested at entry number 0, does not exist at all.
  The default value "0" is used instead.
WARNING: The parameter "NumberOfJacobianMeasurements", requested at entry number 0, does not exist at all.
  The default value "1000" is used instead.
WARNING: The parameter "NumberOfSamplesForExactGradient", requested at entry number 0, does not exist at all.
  The default value "100000" is used instead.
WARNING: The parameter "SigmoidScaleFactor", requested at entry number 0, does not exist at all.
  The default value "0.1" is used instead.
Elastix initialization of all components (for this resolution) took: 1 ms.
  Computing the fixed image extrema took 5 ms.
  Computing the moving image extrema took 8 ms.
Initialization of AdvancedMattesMutualInformation metric took: 112 ms.
Starting automatic parameter estimation for AdaptiveStochasticGradientDescent ...
WARNING: The parameter "ASGDParameterEstimationMethod", requested at entry number 0, does not exist at all.
  The default value "Original" is used instead.
  Computing JacobianTerms ...
  Computing the Jacobian terms took 0.003871s
  NumberOfGradientMeasurements to estimate sigma_i: 6
  Sampling gradients ...
  Sampling the gradients took 1.008089s
Automatic parameter estimation took 1.01s
1:ItNr	2:Metric	3a:Time	3b:StepSize	4:||Gradient||	Time[ms]
0	-0.063914	0.000000	2.370395	0.014657	1170.9
1	-0.050266	0.000000	2.370395	0.005890	76.7
2	-0.058475	0.000000	2.370395	0.025725	14.7
3	-0.056224	0.000000	2.370395	0.023421	8.2
4	-0.070264	0.990797	2.263596	0.017903	9.9
5	-0.046362	1.986552	2.165539	0.015232	5.6
6	-0.055154	2.986552	2.075258	0.006732	8.5
7	-0.052411	2.011409	2.163200	0.019268	5.6
8	-0.057686	1.246183	2.237610	0.025483	8.7
9	-0.054584	2.246183	2.141353	0.022080	4.1
10	-0.046109	3.246183	2.053036	0.015180	4.6
11	-0.053809	2.776181	2.093620	0.021442	8.7
12	-0.060429	3.776181	2.009119	0.031128	3.6
13	-0.048719	4.776181	1.931174	0.008365	5.2
14	-0.047525	5.767569	1.859649	0.039098	7.3
15	-0.053903	5.918227	1.849241	0.005566	5.8
16	-0.064301	6.423486	1.815170	0.013217	5.8
17	-0.055115	6.624704	1.801948	0.017429	6.3
18	-0.049026	5.704849	1.864017	0.015525	32.8
19	-0.050791	4.746191	1.933423	0.012728	5.8
20	-0.056565	5.746149	1.861138	0.016920	5.6
21	-0.051720	4.764862	1.932022	0.012486	5.4
22	-0.057228	5.752771	1.860678	0.030475	5.5
23	-0.048853	4.771377	1.931534	0.005075	6.5
24	-0.054483	5.752018	1.860730	0.019485	4.9
25	-0.055243	5.599640	1.871389	0.014476	12.4
26	-0.061149	4.618247	1.943079	0.017800	8.9
27	-0.066339	5.618245	1.870081	0.011550	6.2
28	-0.060941	4.637363	1.941630	0.007865	2.8
29	-0.062987	4.306720	1.966999	0.019636	5.5
30	-0.058470	3.325337	2.046355	0.009694	5.7
31	-0.056227	2.343944	2.132385	0.012199	6.4
32	-0.057946	3.340927	2.045045	0.008422	7.9
33	-0.058359	3.577351	2.025372	0.016826	3.2
34	-0.054378	4.577293	1.946191	0.007470	4.0
35	-0.054377	3.695030	2.015721	0.006102	7.1
36	-0.059403	3.729127	2.012941	0.013669	2.8
37	-0.056657	4.603034	1.944234	0.017194	4.0
38	-0.065734	5.511563	1.877607	0.021100	9.2
39	-0.057228	6.511244	1.809380	0.011437	3.7
40	-0.061144	5.529881	1.876310	0.010410	9.1
41	-0.052823	4.634991	1.941810	0.033861	4.1
42	-0.052138	3.653597	2.019108	0.017193	4.1
43	-0.049789	4.653597	1.940402	0.015028	6.5
44	-0.061115	3.672221	2.017584	0.013382	5.9
45	-0.053934	4.672160	1.938999	0.020685	5.4
46	-0.056021	5.503376	1.878187	0.008494	8.2
47	-0.053074	4.710233	1.936127	0.021164	5.1
48	-0.052657	3.740333	2.012030	0.019728	6.9
49	-0.058968	4.740333	1.933863	0.018024	4.8
50	-0.053962	3.760009	2.010431	0.022372	4.9
51	-0.058425	2.778616	2.093406	0.016141	5.1
52	-0.057999	1.797524	2.183495	0.019362	3.9
53	-0.050239	2.795163	2.091950	0.010767	3.8
54	-0.065434	1.814664	2.181855	0.014711	4.9
55	-0.053349	2.751955	2.095755	0.008485	4.9
56	-0.055663	2.596946	2.109522	0.022482	3.9
57	-0.056015	1.629903	2.199669	0.025522	4.8
58	-0.057318	0.648509	2.299386	0.023515	6.2
59	-0.055484	0.312489	2.335639	0.007103	3.5
60	-0.057738	0.986141	2.264076	0.012314	4.8
61	-0.050668	1.958556	2.168180	0.019518	4.4
62	-0.052649	0.979469	2.264763	0.013633	3.0
63	-0.045747	1.979008	2.166250	0.012301	4.4
64	-0.045538	1.001460	2.262499	0.010469	5.3
65	-0.051419	0.192064	2.348912	0.012706	4.3
66	-0.051782	1.003722	2.262267	0.008668	5.5
67	-0.059786	1.962646	2.167794	0.014790	6.8
68	-0.043691	1.152293	2.247094	0.019167	3.6
69	-0.069658	2.152290	2.150037	0.014406	5.2
70	-0.043474	3.152034	2.061039	0.030053	6.6
71	-0.049720	2.170641	2.148334	0.018787	4.2
72	-0.053907	3.170641	2.059452	0.019723	4.8
73	-0.054087	4.170641	1.977633	0.016600	6.7
74	-0.057854	4.183807	1.976599	0.013578	3.9
75	-0.062632	3.203461	2.056660	0.013225	8.1
76	-0.056435	2.222151	2.143569	0.016086	4.5
77	-0.063628	3.221811	2.055102	0.018537	5.3
78	-0.056152	2.240440	2.141882	0.009120	7.0
79	-0.051440	3.239747	2.053581	0.012963	5.1
80	-0.053588	4.230553	1.972937	0.018817	5.7
81	-0.057285	4.713620	1.935872	0.030079	5.7
82	-0.049819	5.713620	1.863405	0.023568	5.5
83	-0.053961	4.732226	1.934473	0.013409	8.2
84	-0.053624	5.732225	1.862108	0.007228	8.1
85	-0.064920	5.024567	1.912742	0.011035	15.9
86	-0.063553	4.968879	1.916844	0.009455	7.9
87	-0.059194	5.926275	1.848688	0.011999	4.5
88	-0.059934	4.957951	1.917651	0.028823	7.9
89	-0.063964	3.997703	1.991314	0.011774	6.7
90	-0.053475	4.996927	1.914776	0.021961	10.7
91	-0.053457	5.996926	1.843850	0.012320	5.8
92	-0.046053	5.696371	1.864609	0.014190	5.3
93	-0.053019	6.064936	1.839217	0.005865	6.7
94	-0.059769	5.249764	1.896333	0.014662	4.6
95	-0.060447	6.044983	1.840574	0.021418	4.1
96	-0.051622	7.044979	1.774945	0.011053	6.0
97	-0.045804	7.974483	1.718004	0.014289	4.0
98	-0.060422	7.007260	1.777335	0.013466	5.2
99	-0.053228	7.958687	1.718941	0.011202	4.7
100	-0.051565	7.074404	1.773084	0.008023	3.6
101	-0.059459	8.000528	1.716461	0.011138	4.1
102	-0.056690	7.039354	1.775301	0.013553	7.5
103	-0.056310	6.058038	1.839686	0.016342	4.3
104	-0.048346	5.086365	1.908211	0.013783	4.6
105	-0.064578	6.086345	1.837763	0.012733	6.7
106	-0.060386	7.086251	1.772336	0.013741	3.6
107	-0.049178	7.100250	1.771453	0.013164	2.7
108	-0.049153	8.097232	1.710757	0.017380	6.0
109	-0.048023	7.115858	1.770470	0.017497	4.8
110	-0.050139	6.134473	1.834503	0.034129	4.4
111	-0.050588	7.134473	1.769299	0.009532	4.8
112	-0.053095	6.153424	1.833223	0.013277	6.0
113	-0.059107	5.207110	1.899419	0.016731	5.4
114	-0.056552	6.207039	1.829611	0.009801	7.3
115	-0.058819	5.225755	1.898069	0.031036	4.1
116	-0.059101	6.147114	1.833649	0.007201	3.7
117	-0.059417	5.171406	1.902010	0.011996	10.5
118	-0.064732	4.205668	1.974885	0.018691	9.1
119	-0.052956	3.224275	2.054893	0.010357	6.6
120	-0.061338	2.274235	2.138772	0.013515	5.9
121	-0.061766	3.224747	2.054853	0.018870	3.5
122	-0.055165	4.211279	1.974445	0.026563	3.8
123	-0.059435	3.229885	2.054417	0.016979	3.2
124	-0.060353	4.229885	1.972989	0.023317	2.9
125	-0.059071	3.248551	2.052835	0.029825	2.8
126	-0.059149	4.248551	1.971530	0.025508	3.1
127	-0.054825	3.267157	2.051262	0.021779	3.3
128	-0.053014	4.260137	1.970626	0.020237	3.1
129	-0.049811	3.278743	2.050283	0.028852	2.9
130	-0.053471	4.278743	1.969176	0.003580	2.9
131	-0.059884	5.107911	1.906636	0.007163	3.3
132	-0.054927	5.513757	1.877451	0.009582	3.7
133	-0.051504	6.505865	1.809733	0.022875	6.7
134	-0.059874	5.530317	1.876279	0.012553	7.6
135	-0.050151	6.187235	1.830943	0.014449	5.1
136	-0.065554	7.186911	1.766007	0.006119	5.8
137	-0.055286	7.192315	1.765669	0.006773	4.8
138	-0.060518	6.734178	1.794835	0.006925	5.3
139	-0.056701	7.413938	1.751897	0.018845	3.8
140	-0.055999	8.405733	1.692809	0.018154	5.0
141	-0.062146	7.425232	1.751201	0.016025	7.1
142	-0.053640	6.443850	1.813823	0.016155	4.3
143	-0.055019	5.462458	1.881091	0.010445	18.4
144	-0.049070	4.481357	1.953518	0.010165	10.8
145	-0.051203	5.472831	1.880354	0.013473	13.8
146	-0.057043	4.495433	1.952439	0.008308	18.0
147	-0.059373	3.565615	2.026340	0.016316	10.2
148	-0.059391	4.478244	1.953756	0.018938	4.7
149	-0.060044	5.478244	1.879969	0.020505	4.4
150	-0.070172	4.496851	1.952331	0.012636	7.1
151	-0.062717	5.371928	1.887548	0.013005	7.1
152	-0.051264	4.391520	1.960430	0.017348	4.9
153	-0.045233	3.421877	2.038266	0.009828	4.7
154	-0.050142	4.421746	1.958099	0.018862	4.6
155	-0.046822	3.442721	2.036528	0.014824	3.8
156	-0.063213	2.461328	2.121716	0.013021	5.2
157	-0.045003	1.524952	2.209917	0.007902	6.0
158	-0.060066	2.269748	2.139185	0.020271	3.4
159	-0.058490	1.458967	2.216410	0.008228	5.0
160	-0.053480	2.412179	2.126171	0.010450	4.5
161	-0.057538	3.115252	2.064183	0.014559	3.9
162	-0.056201	3.505157	2.031339	0.006738	8.7
163	-0.057940	2.562766	2.112582	0.017210	4.1
164	-0.048104	3.554339	2.027270	0.011527	4.6
165	-0.053684	4.554338	1.947939	0.024259	6.0
166	-0.044340	3.728284	2.013010	0.008517	5.9
167	-0.063981	2.746970	2.096195	0.009318	5.3
168	-0.064874	2.767965	2.094344	0.018190	6.0
169	-0.059140	3.765325	2.009999	0.016140	5.7
170	-0.047525	2.783931	2.092938	0.009696	8.2
171	-0.056176	3.783072	2.008560	0.008504	7.4
172	-0.068586	4.582077	1.945827	0.004741	7.7
173	-0.051933	4.461007	1.955079	0.007726	5.4
174	-0.052672	3.796014	2.007512	0.012414	5.4
175	-0.047445	4.218536	1.973877	0.014795	8.1
176	-0.058322	3.280023	2.050175	0.007278	5.0
177	-0.044491	2.356799	2.131212	0.017696	4.8
178	-0.048540	3.314473	2.047270	0.013184	6.2
179	-0.050382	4.311854	1.966600	0.022025	5.5
180	-0.046671	3.330555	2.045917	0.024758	5.6
181	-0.059753	3.663261	2.018317	0.013847	5.1
182	-0.055523	4.663261	1.939671	0.020616	4.5
183	-0.055738	3.681867	2.016796	0.015665	5.1
184	-0.045561	2.701659	2.100203	0.018155	5.1
185	-0.052274	3.653021	2.019156	0.009328	3.9
186	-0.064737	4.526155	1.950089	0.016374	3.5
187	-0.050640	3.550062	2.027624	0.013951	6.9
188	-0.062146	4.548018	1.948421	0.010712	5.3
189	-0.059258	4.024192	1.989206	0.030873	3.1
190	-0.058058	3.042798	2.070403	0.014336	6.6
191	-0.055999	3.946069	1.995436	0.003430	3.1
192	-0.057728	4.847193	1.925868	0.015821	3.8
193	-0.049597	3.937913	1.996089	0.014269	5.2
194	-0.041586	2.958582	2.077681	0.013228	5.7
195	-0.048039	3.958580	1.994436	0.004589	6.4
196	-0.059713	3.512552	2.030726	0.016144	5.4
197	-0.062300	4.315035	1.966353	0.017741	4.7
198	-0.053229	5.315035	1.891629	0.018110	5.3
199	-0.052644	4.876870	1.923659	0.008744	5.3
200	-0.069672	5.868236	1.852682	0.014400	4.6
201	-0.057214	6.504899	1.809797	0.013331	3.8
202	-0.059528	7.466244	1.748678	0.021036	4.7
203	-0.049195	6.496745	1.810334	0.010781	6.1
204	-0.049750	7.496745	1.746806	0.018457	5.2
205	-0.053740	6.519564	1.808833	0.015222	4.6
206	-0.052658	7.519367	1.745420	0.029278	5.4
207	-0.060173	6.538376	1.807597	0.026667	4.2
208	-0.057526	7.538376	1.744258	0.014973	3.9
209	-0.046573	6.557012	1.806375	0.006167	6.9
210	-0.053046	7.542478	1.744007	0.013479	3.9
211	-0.049114	6.796908	1.790785	0.006789	3.2
212	-0.047952	5.817323	1.856199	0.007528	7.9
213	-0.052656	5.226077	1.898045	0.010016	5.1
214	-0.057689	6.172788	1.831917	0.012925	3.7
215	-0.055982	5.307849	1.892146	0.022332	7.7
216	-0.058632	6.307833	1.822857	0.012837	4.1
217	-0.061683	7.307119	1.758508	0.013934	3.5
218	-0.049267	7.974346	1.718012	0.009613	8.1
219	-0.063842	7.364478	1.754952	0.008996	3.3
220	-0.051250	7.139464	1.768985	0.019784	4.5
221	-0.056022	7.981907	1.717564	0.015608	7.9
222	-0.050353	7.003057	1.777602	0.007800	4.4
223	-0.052135	7.998135	1.716603	0.020595	4.6
224	-0.051753	7.041962	1.775136	0.008963	6.7
225	-0.060193	6.709451	1.796437	0.019505	4.0
226	-0.050025	7.709448	1.733864	0.013820	4.2
227	-0.056122	6.728054	1.795232	0.010215	5.1
228	-0.060091	7.726965	1.732807	0.007798	4.7
229	-0.045760	6.880786	1.785397	0.007217	4.0
230	-0.059062	6.703396	1.796830	0.008636	5.4
231	-0.054241	6.179169	1.831487	0.017477	6.4
232	-0.050070	7.179156	1.766493	0.015929	4.1
233	-0.059796	6.197763	1.830235	0.012188	4.9
234	-0.052944	7.170362	1.767045	0.010079	6.3
235	-0.052418	6.258104	1.826183	0.017395	3.5
236	-0.055177	7.258100	1.761558	0.008862	3.2
237	-0.062387	6.277411	1.824890	0.024070	3.4
238	-0.052480	5.296092	1.892992	0.039359	5.7
239	-0.055685	4.314698	1.966379	0.018492	6.5
240	-0.043465	5.314698	1.891653	0.011537	11.3
241	-0.040796	4.333473	1.964921	0.014666	9.5
242	-0.050191	5.332755	1.890356	0.005351	11.5
243	-0.058120	6.315516	1.822345	0.022180	9.3
244	-0.056936	5.335450	1.890163	0.014692	7.3
245	-0.056100	4.354056	1.963326	0.018612	8.8
246	-0.053422	3.372668	2.042381	0.006382	4.6
247	-0.057426	4.371929	1.961943	0.013250	5.9
248	-0.060925	5.006613	1.914063	0.031256	4.5
249	-0.057292	6.006613	1.843189	0.010667	3.6
250	-0.062513	5.025220	1.912694	0.007509	4.7
251	-0.060496	5.823565	1.855767	0.009650	8.3
252	-0.064262	6.797071	1.790774	0.012658	3.9
253	-0.047235	5.826826	1.855541	0.008874	4.7
254	-0.055889	6.765263	1.792826	0.011715	8.6
255	-0.044432	7.764929	1.730520	0.024380	3.3
256	-0.055833	6.783541	1.791647	0.016692	5.1
257	-0.055656	7.783541	1.729401	0.006554	11.1
258	-0.063660	7.045761	1.774895	0.015049	6.7
259	-0.057242	6.413277	1.815846	0.010374	11.3
260	-0.060649	6.776373	1.792109	0.025999	13.3
261	-0.053228	7.776373	1.729832	0.019441	10.4
262	-0.050777	6.794980	1.790909	0.011502	9.1
263	-0.060165	5.815414	1.856331	0.010434	8.9
264	-0.060096	4.835525	1.926738	0.008856	7.5
265	-0.047148	5.814726	1.856379	0.021823	9.0
266	-0.060793	4.833335	1.926901	0.016393	6.9
267	-0.055793	3.851942	2.002994	0.012654	7.4
268	-0.060104	4.851870	1.925520	0.014145	14.2
269	-0.055775	5.813187	1.856485	0.010275	8.7
270	-0.055932	6.572216	1.805378	0.013352	9.2
271	-0.058757	5.752600	1.860690	0.012619	12.0
272	-0.050583	6.743099	1.794258	0.026352	8.5
273	-0.057023	7.743099	1.731834	0.010929	9.4
274	-0.060693	8.531034	1.685626	0.007616	12.4
275	-0.060688	8.918477	1.663797	0.006699	8.3
276	-0.053597	8.608920	1.681192	0.012884	8.1
277	-0.055614	7.795812	1.728664	0.024423	5.2
278	-0.052632	7.324442	1.757432	0.022451	8.7
279	-0.053639	6.343048	1.820510	0.018328	6.0
280	-0.062043	7.342704	1.756300	0.019093	4.3
281	-0.063193	8.337767	1.696731	0.010586	8.4
282	-0.053941	8.813361	1.669664	0.017460	7.4
283	-0.046491	7.832768	1.726448	0.019022	9.8
284	-0.048763	8.832768	1.668577	0.019468	8.3
285	-0.068309	9.832768	1.614460	0.006845	6.5
286	-0.053445	9.036957	1.657235	0.024444	5.3
287	-0.052389	8.559628	1.683996	0.008380	7.6
288	-0.050340	9.495327	1.632325	0.018267	9.4
289	-0.047673	10.491841	1.580672	0.012101	5.7
290	-0.051241	11.491840	1.532024	0.026701	10.0
291	-0.060730	10.886971	1.561085	0.012920	6.3
292	-0.046174	11.886971	1.513617	0.005513	6.6
293	-0.058054	11.711335	1.521744	0.007900	17.1
294	-0.049812	10.876297	1.561608	0.011849	5.5
295	-0.047756	11.695841	1.522465	0.022430	7.9
296	-0.056395	12.659611	1.478873	0.018072	5.9
297	-0.054315	13.659610	1.436204	0.007756	7.8
298	-0.057336	13.753918	1.432307	0.009996	8.2
299	-0.062801	13.989185	1.422676	0.019441	9.2
300	-0.054222	13.007797	1.463732	0.009639	7.8
301	-0.050842	12.549772	1.483715	0.015807	8.7
302	-0.052473	12.084511	1.504580	0.015659	6.0
303	-0.052662	13.084238	1.460449	0.010706	7.6
304	-0.056174	14.066668	1.419533	0.010607	6.2
305	-0.052888	14.737597	1.392883	0.011934	7.4
306	-0.047597	14.203299	1.414023	0.012354	8.7
307	-0.045467	15.198437	1.375150	0.011802	13.7
308	-0.046970	15.165151	1.376416	0.013285	4.5
309	-0.056103	14.198194	1.414228	0.012402	5.4
310	-0.045286	15.197828	1.375173	0.010222	6.5
311	-0.062506	14.473317	1.403260	0.015424	7.0
312	-0.051655	14.310678	1.409723	0.028589	5.7
313	-0.051912	13.329291	1.450024	0.026178	5.6
314	-0.048186	14.329291	1.408981	0.013398	4.7
315	-0.063606	15.329018	1.370207	0.021400	6.8
316	-0.051712	14.347624	1.408250	0.015194	4.5
317	-0.050187	15.347624	1.369506	0.007483	5.4
318	-0.048321	14.371267	1.407308	0.012227	5.8
319	-0.057384	14.640484	1.396678	0.007893	6.2
320	-0.055180	15.207797	1.374795	0.014732	8.3
321	-0.057866	16.206118	1.337906	0.007157	5.3
322	-0.053431	17.204063	1.302958	0.007869	4.9
323	-0.051389	18.042537	1.274976	0.013205	6.9
324	-0.056287	19.039466	1.243231	0.010645	4.3
325	-0.055930	19.850267	1.218555	0.010128	11.9
326	-0.057928	20.826112	1.190125	0.015678	6.4
327	-0.049676	21.826004	1.162338	0.016975	7.7
328	-0.053930	22.822628	1.135904	0.018599	6.7
329	-0.069384	21.857075	1.161495	0.014028	5.8
330	-0.062847	20.877659	1.188660	0.013434	5.2
331	-0.058959	21.110449	1.182089	0.014162	5.1
332	-0.061759	20.181567	1.208752	0.028145	5.7
333	-0.056990	20.862892	1.189079	0.033327	6.5
334	-0.067337	21.862892	1.161338	0.023091	4.0
335	-0.057219	20.881499	1.188551	0.012413	8.5
336	-0.060345	21.821214	1.162468	0.011885	3.4
337	-0.060044	20.856292	1.189266	0.025809	5.3
338	-0.058872	19.874899	1.217820	0.013500	6.7
339	-0.060467	20.874899	1.188738	0.011194	6.1
340	-0.052518	19.972083	1.214932	0.014115	8.6
341	-0.054706	20.789260	1.191174	0.014466	7.1
342	-0.053741	21.789243	1.163336	0.013369	6.8
343	-0.043588	22.789213	1.136770	0.008252	8.3
344	-0.052082	23.471168	1.119338	0.017681	7.0
345	-0.064809	22.489855	1.144595	0.016361	3.8
346	-0.053279	23.489855	1.118868	0.007093	4.8
347	-0.058493	22.515865	1.143911	0.008080	7.0
348	-0.049569	22.625235	1.141043	0.007951	8.8
349	-0.050929	22.033893	1.156723	0.013313	8.8
350	-0.058792	21.733455	1.164855	0.009178	6.1
351	-0.062991	22.707877	1.138886	0.012631	6.8
352	-0.050317	21.729745	1.164956	0.011809	5.4
353	-0.058329	20.748413	1.192340	0.006006	4.3
354	-0.049727	21.519158	1.170726	0.011437	7.1
355	-0.060519	21.342704	1.175605	0.029119	5.4
356	-0.052666	22.342704	1.148481	0.008428	5.5
357	-0.046976	21.364150	1.175010	0.014445	8.2
358	-0.060733	20.787506	1.191224	0.015525	8.3
359	-0.057217	21.787506	1.163384	0.008053	6.0
360	-0.052620	22.771494	1.137231	0.022306	5.0
361	-0.044481	22.092415	1.155152	0.013744	5.1
362	-0.053538	23.089955	1.129016	0.008328	6.9
363	-0.064445	24.086033	1.104073	0.016386	6.8
364	-0.062342	23.104839	1.128635	0.018221	8.2
365	-0.064158	22.139204	1.153899	0.010479	6.6
366	-0.056858	21.157821	1.180760	0.022364	10.0
367	-0.053822	22.157821	1.153401	0.012201	6.8
368	-0.059418	23.157821	1.127281	0.009491	8.8
369	-0.058770	24.149992	1.102509	0.014895	5.2
370	-0.054732	23.168993	1.126996	0.020697	6.2
371	-0.050935	22.187600	1.152606	0.015144	4.9
372	-0.060400	23.187600	1.126522	0.014308	6.8
373	-0.054765	22.206314	1.152107	0.014608	7.2
374	-0.060584	23.206082	1.126051	0.028908	4.4
375	-0.051727	22.224688	1.151617	0.011513	5.5
376	-0.050322	21.243294	1.178371	0.009652	8.8
377	-0.053806	22.226810	1.151560	0.011306	5.4
378	-0.052060	22.819348	1.135989	0.013373	6.9
379	-0.064607	22.086107	1.155321	0.017141	4.9
380	-0.067385	21.104756	1.182249	0.017626	5.9
381	-0.069965	22.104756	1.154821	0.017082	9.6
382	-0.056947	21.123365	1.181726	0.013672	7.8
383	-0.055566	20.143232	1.209878	0.016518	7.9
384	-0.058532	19.162067	1.239435	0.008200	6.0
385	-0.064412	18.198351	1.269908	0.010030	8.8
386	-0.045386	18.352243	1.264942	0.027323	5.4
387	-0.052818	17.370960	1.297291	0.021264	6.6
388	-0.053933	18.370960	1.264340	0.006818	4.7
389	-0.066938	19.272965	1.236022	0.018383	6.0
390	-0.050396	18.399120	1.263436	0.011761	6.7
391	-0.058763	17.426098	1.295429	0.005767	8.5
392	-0.058610	16.690595	1.320708	0.012830	8.1
393	-0.047426	15.745022	1.354695	0.014716	10.6
394	-0.045805	16.745019	1.318804	0.006770	5.0
395	-0.054043	17.551943	1.291200	0.012338	9.0
396	-0.061668	16.586404	1.324369	0.013446	5.8
397	-0.052433	16.139076	1.340321	0.014532	6.1
398	-0.054394	17.139073	1.305178	0.010213	5.9
399	-0.060111	18.136919	1.271901	0.011597	6.4
400	-0.066275	17.189355	1.303460	0.013922	6.6
401	-0.056605	17.236022	1.301869	0.014138	4.6
402	-0.062323	18.235214	1.268715	0.029087	6.7
403	-0.055572	17.332267	1.298600	0.006248	6.5
404	-0.065214	16.626688	1.322952	0.013398	7.6
405	-0.055506	17.581175	1.290222	0.018377	7.6
406	-0.064754	16.599781	1.323898	0.015599	4.7
407	-0.056280	15.618399	1.359379	0.016228	5.2
408	-0.058528	14.648845	1.396351	0.012918	5.4
409	-0.062644	13.667530	1.435876	0.013081	6.5
410	-0.048681	14.667527	1.395619	0.008755	7.7
411	-0.047207	13.687602	1.435045	0.009037	5.5
412	-0.053110	12.934090	1.466911	0.018718	8.0
413	-0.043995	13.637625	1.437116	0.019856	4.5
414	-0.054810	14.637625	1.396790	0.010807	7.4
415	-0.045639	15.637625	1.358666	0.014149	4.9
416	-0.047431	15.797809	1.352751	0.008995	6.1
417	-0.055907	16.479670	1.328141	0.007954	9.1
418	-0.057489	16.303320	1.334420	0.009190	8.0
419	-0.056289	16.250092	1.336326	0.016920	8.9
420	-0.058895	17.250087	1.301390	0.017050	9.7
421	-0.066014	16.268697	1.335659	0.016065	8.7
422	-0.057558	17.268444	1.300766	0.004888	6.0
423	-0.057912	18.242440	1.268481	0.011118	7.1
424	-0.055832	18.663060	1.255029	0.011293	5.2
425	-0.054772	17.682455	1.286844	0.008016	10.1
426	-0.050829	18.646121	1.255565	0.015467	5.2
427	-0.057930	17.666915	1.287361	0.008538	8.3
428	-0.054174	16.844650	1.315332	0.012568	4.7
429	-0.052041	16.588620	1.324291	0.011709	6.3
430	-0.055935	17.588356	1.289982	0.017697	6.9
431	-0.048026	16.606964	1.323645	0.012611	5.0
432	-0.060977	17.606171	1.289387	0.017288	7.5
433	-0.058381	16.625650	1.322988	0.017631	5.0
434	-0.071972	17.617718	1.289001	0.006749	5.5
435	-0.058082	17.198958	1.303132	0.013517	6.6
436	-0.058890	16.817193	1.316287	0.005717	4.5
437	-0.051709	17.769566	1.283953	0.040468	6.0
438	-0.051172	18.701713	1.253807	0.009817	6.9
439	-0.050163	19.340528	1.233952	0.036118	5.0
440	-0.068101	18.372950	1.264276	0.009913	5.6
441	-0.044790	19.372950	1.232961	0.006819	6.8
442	-0.057538	20.345967	1.203945	0.010543	6.3
443	-0.046995	21.162258	1.180636	0.008595	6.3
444	-0.065187	22.158994	1.153370	0.009625	5.5
445	-0.054864	22.052430	1.156225	0.012857	6.2
446	-0.056288	22.866644	1.134764	0.017273	6.0
447	-0.050027	21.910624	1.160046	0.010187	5.3
448	-0.055310	22.903234	1.133818	0.013325	6.7
449	-0.050209	23.900286	1.108641	0.015825	5.6
450	-0.067464	22.918896	1.133414	0.023404	6.7
451	-0.069779	23.918875	1.108182	0.015551	5.6
452	-0.057177	24.918875	1.084048	0.014519	5.9
453	-0.049637	24.964733	1.082967	0.018257	5.8
454	-0.064297	23.983340	1.106594	0.011748	4.6
455	-0.061192	23.059585	1.129795	0.011927	5.9
456	-0.049838	22.092857	1.155140	0.012068	4.8
457	-0.059529	21.494064	1.171417	0.006351	5.6
458	-0.053584	20.780418	1.191426	0.005437	7.2
459	-0.054441	21.278674	1.177385	0.005688	5.1
460	-0.061170	20.939246	1.186914	0.025497	6.6
461	-0.062664	20.307829	1.205057	0.015597	6.0
462	-0.053210	19.326689	1.234376	0.004091	6.4
463	-0.056107	19.047504	1.242981	0.005851	5.7
464	-0.055267	18.559841	1.258303	0.013683	5.7
465	-0.058749	17.713686	1.285806	0.009608	6.5
466	-0.051179	16.736718	1.319094	0.008900	5.4
467	-0.056071	17.629151	1.288620	0.005145	5.0
468	-0.045684	17.881954	1.280241	0.017598	10.4
469	-0.048694	16.930344	1.312360	0.004127	5.9
470	-0.053994	17.708496	1.285978	0.015637	7.7
471	-0.046970	18.128291	1.272181	0.005638	4.0
472	-0.053875	17.156452	1.304584	0.013044	7.2
473	-0.061656	18.104721	1.272948	0.019099	4.6
474	-0.063401	17.561274	1.290888	0.012886	5.2
475	-0.060097	18.561061	1.258265	0.025399	11.7
476	-0.055426	19.561060	1.227243	0.006682	7.5
477	-0.057240	18.579673	1.257673	0.016396	6.9
478	-0.050688	17.601426	1.289545	0.018760	3.5
479	-0.053869	18.601379	1.256984	0.016093	12.5
480	-0.050033	17.621710	1.288868	0.005143	3.1
481	-0.062554	16.657865	1.321856	0.021657	5.9
482	-0.044540	17.651995	1.287858	0.010393	6.9
483	-0.064312	18.651757	1.255387	0.018620	4.5
484	-0.054943	18.907210	1.247351	0.012300	9.0
485	-0.042153	17.926614	1.278773	0.011953	3.4
486	-0.057072	17.087949	1.306930	0.013758	8.0
487	-0.050047	17.001832	1.309892	0.010118	6.4
488	-0.051220	17.887590	1.280056	0.009147	4.5
489	-0.049930	18.376226	1.264171	0.017840	12.1
490	-0.052456	19.370813	1.233027	0.016762	6.9
491	-0.046827	18.389420	1.263748	0.008903	9.1
492	-0.058262	19.389405	1.232459	0.015927	3.3
493	-0.055644	18.411367	1.263044	0.012198	13.5
494	-0.052852	17.446589	1.294739	0.015219	6.2
495	-0.052147	17.727222	1.285356	0.015830	8.3
496	-0.060319	16.745830	1.318776	0.003309	4.9
497	-0.053346	17.285230	1.300196	0.017450	5.4
498	-0.065266	18.256405	1.268030	0.030896	5.3
499	-0.054963	19.256405	1.236531	0.007543	5.3
Time spent in resolution 0 (ITK initialization and iterating): 4.728 s.
Stopping condition: Maximum number of iterations has been reached.
Settings of AdaptiveStochasticGradientDescent in resolution 0:
( SP_a 49.778285 )
( SP_A 20.000000 )
( SP_alpha 1.000000 )
( SigmoidMax 1.000000 )
( SigmoidMin -0.981394 )
( SigmoidScale 0.000011 )



=============== start of TransformParameterFile ===============
(Transform "EulerTransform")
(NumberOfParameters 6)
(TransformParameters -0.003306 0.000191 0.001106 0.651407 1.159225 -6.272865)
(InitialTransformParametersFileName "NoInitialTransform")
(UseBinaryFormatForTransformationParameters "false")
(HowToCombineTransforms "Compose")

// Image specific
(FixedImageDimension 3)
(MovingImageDimension 3)
(FixedInternalImagePixelType "float")
(MovingInternalImagePixelType "float")
(Size 198 198 30)
(Index 0 0 0)
(Spacing 1.2121212482 1.2121212482 3.2999999523)
(Origin -94.0019149780 -119.3803482056 148.2035064697)
(Direction 1.0000000000 0.0000000000 0.0000000000 0.0000000000 1.0000000000 0.0000000000 0.0000000000 0.0000000000 1.0000000000)
(UseDirectionCosines "false")

// EulerTransform specific
(CenterOfRotationPoint 25.3920279741 0.0135947466 196.0535057783)
(ComputeZYX "false")

// ResampleInterpolator specific
(ResampleInterpolator "FinalBSplineInterpolator")
(FinalBSplineInterpolationOrder 3)

// Resampler specific
(Resampler "DefaultResampler")
(DefaultPixelValue 0.000000)
(ResultImageFormat "nii.gz")
(ResultImagePixelType "short")
(CompressResultImage "false")

=============== end of TransformParameterFile ===============

Creating the TransformParameterFile took 0.00s

Registration result checksum: 1615553511

Skipping applying final transform, no resulting output image generated.

Final metric value  = -0.054963
Settings of AdaptiveStochasticGradientDescent for all resolutions:
( SP_a 49.778285 )
( SP_A 20.000000 )
( SP_alpha 1.000000 )
( SigmoidMax 1.000000 )
( SigmoidMin -0.981394 )
( SigmoidScale 0.000011 )

Time spent on saving the results, applying the final transform etc.: 2 ms.
Running elastix with parameter file 0: "/Users/sakinkirti/Programming/Python/CCIPD/racial-disparity-pca/code_matlab/rigid.txt", has finished.


Current time: Mon May 23 08:25:52 2022.
Time used for running elastix with this parameter file:
  4.9s.

-------------------------------------------------------------------------

Total time elapsed: 5.0s.

