
elastix is started at Mon May 23 08:28:20 2022.

which elastix:   /Users/sakinkirti/Programming/Python/CCIPD/racial-disparity-pca/code_matlab/elastix-5.0.0-mac/bin/elastix
elastix runs at: Sakins-MBP.hsd1.ca.comcast.net
  macOS 12.3.1 (x64), 21E258
  with 8192 MB memory, and 2 cores @ 2300 MHz.
-------------------------------------------------------------------------

Running elastix with parameter file 0: "/Users/sakinkirti/Programming/Python/CCIPD/racial-disparity-pca/code_matlab/rigid.txt".

Current time: Mon May 23 08:28:21 2022.
Reading the elastix parameters from file ...

Installing all components.
InstallingComponents was successful.

ELASTIX version: 5.000
Command line options from ElastixBase:
-f        /Users/sakinkirti/Programming/Python/CCIPD/racial-disparity-pca/dataset/to_nifti_cleaned/prostate-000241/ADC.nii.gz
-m        /Users/sakinkirti/Programming/Python/CCIPD/racial-disparity-pca/dataset/to_nifti_cleaned/prostate-000241/T2W.nii.gz
-fMask    unspecified, so no fixed mask used
-mMask    unspecified, so no moving mask used
-out      /Users/sakinkirti/Programming/Python/CCIPD/racial-disparity-pca/dataset/to_nifti_cleaned/prostate-000241/
-p        /Users/sakinkirti/Programming/Python/CCIPD/racial-disparity-pca/code_matlab/rigid.txt
-threads  unspecified, so all available threads are used
Command line options from TransformBase:
-t0       unspecified, so no initial transform used

=============== start of ParameterFile: /Users/sakinkirti/Programming/Python/CCIPD/racial-disparity-pca/code_matlab/rigid.txt ===============
// Example parameter file for rotation registration
// C-style comments: //

// The internal pixel type, used for internal computations
// Leave to float in general. 
// NB: this is not the type of the input images! The pixel 
// type of the input images is automatically read from the 
// images themselves.
// This setting can be changed to "short" to save some memory
// in case of very large 3D images.
(FixedInternalImagePixelType "float")
(MovingInternalImagePixelType "float")

// The dimensions of the fixed and moving image
// Up to elastix 4.5 this had to be specified by the user.
// From elastix 4.6, this is not necessary anymore.
//(FixedImageDimension 3)
//(MovingImageDimension 3)

// Specify whether you want to take into account the so-called
// direction cosines of the images. Recommended: true.
// In some cases, the direction cosines of the image are corrupt,
// due to image format conversions for example. In that case, you 
// may want to set this option to "false".
(UseDirectionCosines "false")

// **************** Main Components **************************

// The following components should usually be left as they are:
(Registration "MultiResolutionRegistration")
(Interpolator "BSplineInterpolator")
(ResampleInterpolator "FinalBSplineInterpolator")
(Resampler "DefaultResampler")

// These may be changed to Fixed/MovingSmoothingImagePyramid.
// See the manual.
(FixedImagePyramid "FixedRecursiveImagePyramid")
(MovingImagePyramid "MovingRecursiveImagePyramid")

// The following components are most important:
// The optimizer AdaptiveStochasticGradientDescent (ASGD) works
// quite ok in general. The Transform and Metric are important
// and need to be chosen careful for each application. See manual.
(Optimizer "AdaptiveStochasticGradientDescent")
(Transform "EulerTransform")
(Metric "AdvancedMattesMutualInformation")

// ***************** Transformation **************************

// Scales the rotations compared to the translations, to make
// sure they are in the same range. In general, it's best to  
// use automatic scales estimation:
(AutomaticScalesEstimation "true")

// Automatically guess an initial translation by aligning the
// geometric centers of the fixed and moving.
(AutomaticTransformInitialization "true")

// Whether transforms are combined by composition or by addition.
// In generally, Compose is the best option in most cases.
// It does not influence the results very much.
(HowToCombineTransforms "Compose")

// ******************* Similarity measure *********************

// Number of grey level bins in each resolution level,
// for the mutual information. 16 or 32 usually works fine.
// You could also employ a hierarchical strategy:
//(NumberOfHistogramBins 16 32 64)
(NumberOfHistogramBins 32)

// If you use a mask, this option is important. 
// If the mask serves as region of interest, set it to false.
// If the mask indicates which pixels are valid, then set it to true.
// If you do not use a mask, the option doesn't matter.
(ErodeMask "false")

// ******************** Multiresolution **********************

// The number of resolutions. 1 Is only enough if the expected
// deformations are small. 3 or 4 mostly works fine. For large
// images and large deformations, 5 or 6 may even be useful.
(NumberOfResolutions 1)

// The downsampling/blurring factors for the image pyramids.
// By default, the images are downsampled by a factor of 2
// compared to the next resolution.
// So, in 2D, with 4 resolutions, the following schedule is used:
//(ImagePyramidSchedule 8 8  4 4  2 2  1 1 )
// And in 3D:
//(ImagePyramidSchedule 8 8 8  4 4 4  2 2 2  1 1 1 )
// You can specify any schedule, for example:
//(ImagePyramidSchedule 4 4  4 3  2 1  1 1 )
// Make sure that the number of elements equals the number
// of resolutions times the image dimension.

// ******************* Optimizer ****************************

// Maximum number of iterations in each resolution level:
// 200-500 works usually fine for rigid registration.
// For more robustness, you may increase this to 1000-2000.
(MaximumNumberOfIterations 500)

// The step size of the optimizer, in mm. By default the voxel size is used.
// which usually works well. In case of unusual high-resolution images
// (eg histology) it is necessary to increase this value a bit, to the size
// of the "smallest visible structure" in the image:
//(MaximumStepLength 1.0)

// **************** Image sampling **********************

// Number of spatial samples used to compute the mutual
// information (and its derivative) in each iteration.
// With an AdaptiveStochasticGradientDescent optimizer,
// in combination with the two options below, around 2000
// samples may already suffice.
(NumberOfSpatialSamples 2000)

// Refresh these spatial samples in every iteration, and select
// them randomly. See the manual for information on other sampling
// strategies.
(NewSamplesEveryIteration "true")
(ImageSampler "Random")

// ************* Interpolation and Resampling ****************

// Order of B-Spline interpolation used during registration/optimisation.
// It may improve accuracy if you set this to 3. Never use 0.
// An order of 1 gives linear interpolation. This is in most 
// applications a good choice.
(BSplineInterpolationOrder 1)

// Order of B-Spline interpolation used for applying the final
// deformation.
// 3 gives good accuracy; recommended in most cases.
// 1 gives worse accuracy (linear interpolation)
// 0 gives worst accuracy, but is appropriate for binary images
// (masks, segmentations); equivalent to nearest neighbor interpolation.
(FinalBSplineInterpolationOrder 3)

//Default pixel value for pixels that come from outside the picture:
(DefaultPixelValue 0)

// Choose whether to generate the deformed moving image.
// You can save some time by setting this to false, if you are
// only interested in the final (nonrigidly) deformed moving image
// for example.
(WriteResultImage "false")

// The pixel type and format of the resulting deformed moving image
(ResultImagePixelType "short")
(ResultImageFormat "nii.gz")




=============== end of ParameterFile: /Users/sakinkirti/Programming/Python/CCIPD/racial-disparity-pca/code_matlab/rigid.txt ===============


Reading images...
Reading images took 130 ms.

WARNING: the fixed pyramid schedule is not fully specified!
  A default pyramid schedule is used.
WARNING: the moving pyramid schedule is not fully specified!
  A default pyramid schedule is used.
WARNING: The parameter "AutomaticTransformInitializationMethod", requested at entry number 0, does not exist at all.
  The default value "GeometricalCenter" is used instead.
Transform parameters are initialized as: [0, 0, 0, -0.01457977294921875, 6.503177642822266, 17.5408935546875]
Scales are estimated automatically.
Scales for transform parameters are: [4123.515625, 5473.515625, 8488.40625, 1, 1, 1]
Initialization of all components (before registration) took: 11 ms.
Preparation of the image pyramids took: 11 ms.

Resolution: 0
WARNING: The parameter "ShowExactMetricValue", requested at entry number 0, does not exist at all.
  The default value "false" is used instead.
WARNING: The parameter "CheckNumberOfSamples", requested at entry number 0, does not exist at all.
  The default value "true" is used instead.
WARNING: The parameter "UseMultiThreadingForMetrics", requested at entry number 0, does not exist at all.
  The default value "true" is used instead.
Setting the fixed masks took: 0 ms.
Setting the moving masks took: 0 ms.
WARNING: The parameter "NumberOfFixedHistogramBins", requested at entry number 0, does not exist at all.
  The default value "32" is used instead.
WARNING: The parameter "NumberOfMovingHistogramBins", requested at entry number 0, does not exist at all.
  The default value "32" is used instead.
WARNING: The parameter "FixedLimitRangeRatio", requested at entry number 0, does not exist at all.
  The default value "0.01" is used instead.
WARNING: The parameter "MovingLimitRangeRatio", requested at entry number 0, does not exist at all.
  The default value "0.01" is used instead.
WARNING: The parameter "FixedKernelBSplineOrder", requested at entry number 0, does not exist at all.
  The default value "0" is used instead.
WARNING: The parameter "MovingKernelBSplineOrder", requested at entry number 0, does not exist at all.
  The default value "3" is used instead.
WARNING: The parameter "UseFastAndLowMemoryVersion", requested at entry number 0, does not exist at all.
  The default value "true" is used instead.
WARNING: The parameter "UseJacobianPreconditioning", requested at entry number 0, does not exist at all.
  The default value "false" is used instead.
WARNING: The parameter "FiniteDifferenceDerivative", requested at entry number 0, does not exist at all.
  The default value "false" is used instead.
WARNING: The parameter "SP_A", requested at entry number 0, does not exist at all.
  The default value "20" is used instead.
WARNING: The parameter "MaximumNumberOfSamplingAttempts", requested at entry number 0, does not exist at all.
  The default value "0" is used instead.
WARNING: The parameter "SigmoidInitialTime", requested at entry number 0, does not exist at all.
  The default value "0" is used instead.
WARNING: The parameter "MaxBandCovSize", requested at entry number 0, does not exist at all.
  The default value "192" is used instead.
WARNING: The parameter "NumberOfBandStructureSamples", requested at entry number 0, does not exist at all.
  The default value "10" is used instead.
WARNING: The parameter "UseAdaptiveStepSizes", requested at entry number 0, does not exist at all.
  The default value "true" is used instead.
WARNING: The parameter "AutomaticParameterEstimation", requested at entry number 0, does not exist at all.
  The default value "true" is used instead.
WARNING: The parameter "UseConstantStep", requested at entry number 0, does not exist at all.
  The default value "false" is used instead.
WARNING: The parameter "MaximumStepLengthRatio", requested at entry number 0, does not exist at all.
  The default value "1" is used instead.
WARNING: The parameter "MaximumStepLength", requested at entry number 0, does not exist at all.
  The default value "0.6875" is used instead.
WARNING: The parameter "NumberOfGradientMeasurements", requested at entry number 0, does not exist at all.
  The default value "0" is used instead.
WARNING: The parameter "NumberOfJacobianMeasurements", requested at entry number 0, does not exist at all.
  The default value "1000" is used instead.
WARNING: The parameter "NumberOfSamplesForExactGradient", requested at entry number 0, does not exist at all.
  The default value "100000" is used instead.
WARNING: The parameter "SigmoidScaleFactor", requested at entry number 0, does not exist at all.
  The default value "0.1" is used instead.
Elastix initialization of all components (for this resolution) took: 2 ms.
  Computing the fixed image extrema took 7 ms.
  Computing the moving image extrema took 7 ms.
Initialization of AdvancedMattesMutualInformation metric took: 105 ms.
Starting automatic parameter estimation for AdaptiveStochasticGradientDescent ...
WARNING: The parameter "ASGDParameterEstimationMethod", requested at entry number 0, does not exist at all.
  The default value "Original" is used instead.
  Computing JacobianTerms ...
  Computing the Jacobian terms took 0.002335s
  NumberOfGradientMeasurements to estimate sigma_i: 6
  Sampling gradients ...
  Sampling the gradients took 0.344184s
Automatic parameter estimation took 0.35s
1:ItNr	2:Metric	3a:Time	3b:StepSize	4:||Gradient||	Time[ms]
0	-0.069805	0.000000	1.702289	0.029822	455.3
1	-0.075137	0.000000	1.702289	0.019314	2.4
2	-0.064416	1.000000	1.624912	0.012435	5.7
3	-0.063917	1.981857	1.555491	0.014295	2.5
4	-0.074008	1.015211	1.623790	0.008297	1.9
5	-0.070691	0.157061	1.689652	0.022088	2.5
6	-0.082418	0.669756	1.649676	0.012006	3.0
7	-0.070916	0.000000	1.702289	0.014750	3.4
8	-0.067088	0.000000	1.702289	0.023759	2.8
9	-0.084960	0.838831	1.636904	0.026019	4.2
10	-0.069063	0.000000	1.702289	0.016984	2.0
11	-0.085282	0.999999	1.624913	0.017576	1.8
12	-0.074010	1.999411	1.554304	0.010731	3.6
13	-0.059486	1.468530	1.591029	0.010678	3.5
14	-0.063823	0.549223	1.658903	0.005332	2.5
15	-0.076603	0.676708	1.649147	0.013510	2.0
16	-0.081412	0.668992	1.649734	0.026966	3.6
17	-0.062614	0.000000	1.702289	0.010588	2.0
18	-0.060144	0.980572	1.626349	0.032394	3.7
19	-0.060805	1.979912	1.555623	0.013795	3.1
20	-0.063648	2.979912	1.490751	0.023098	2.3
21	-0.060704	3.979841	1.431077	0.026715	2.8
22	-0.072748	4.979809	1.375995	0.029364	2.6
23	-0.064901	5.979809	1.324994	0.010857	1.8
24	-0.068505	5.129061	1.368135	0.019307	3.0
25	-0.084233	4.514399	1.401094	0.012198	4.5
26	-0.066948	4.232415	1.416752	0.014002	3.0
27	-0.067244	3.738148	1.445059	0.020105	3.4
28	-0.069364	4.692582	1.391377	0.009508	3.2
29	-0.072745	4.903458	1.380050	0.011843	4.2
30	-0.070709	4.424317	1.406058	0.008680	2.0
31	-0.059105	5.154821	1.366787	0.010928	3.1
32	-0.064848	5.265737	1.361015	0.016740	4.1
33	-0.064085	5.518768	1.348029	0.021613	3.9
34	-0.078005	4.546847	1.399315	0.037090	3.5
35	-0.065379	5.546847	1.346603	0.009565	3.7
36	-0.071164	4.577281	1.397650	0.019872	2.1
37	-0.065404	3.615208	1.452276	0.058282	3.5
38	-0.077496	4.615208	1.395580	0.012888	3.4
39	-0.062284	3.643284	1.450621	0.014817	2.6
40	-0.068045	2.676949	1.509826	0.024508	3.0
41	-0.083544	3.674320	1.448797	0.018083	3.1
42	-0.076545	2.702416	1.508204	0.011626	1.9
43	-0.076650	2.344730	1.531312	0.023007	6.2
44	-0.059079	3.344057	1.468452	0.007897	2.9
45	-0.067958	2.412189	1.526900	0.020620	2.2
46	-0.062757	3.376591	1.466492	0.009672	1.9
47	-0.074013	2.881339	1.496904	0.014587	4.5
48	-0.061861	3.315377	1.470184	0.016165	4.7
49	-0.079772	2.343646	1.531384	0.013815	2.1
50	-0.066596	1.373070	1.597817	0.019662	2.0
51	-0.076601	2.372832	1.529471	0.008802	3.4
52	-0.069364	1.411779	1.595057	0.026183	5.7
53	-0.068638	1.138384	1.614755	0.024172	3.3
54	-0.063525	0.166460	1.688902	0.009559	2.1
55	-0.081327	1.152618	1.613718	0.032090	2.4
56	-0.065372	2.149825	1.544205	0.018792	2.4
57	-0.070827	3.123748	1.481862	0.010278	5.9
58	-0.064195	4.110506	1.423630	0.031066	3.4
59	-0.071589	3.354252	1.467837	0.016137	2.3
60	-0.071838	4.354252	1.409944	0.030655	3.2
61	-0.061537	3.382329	1.466147	0.010319	6.1
62	-0.093259	2.410412	1.527016	0.019748	2.7
63	-0.061631	3.367430	1.467043	0.015864	3.2
64	-0.076630	2.395599	1.527983	0.012046	3.6
65	-0.056023	3.341950	1.468579	0.020583	5.6
66	-0.063269	3.478574	1.460382	0.010391	2.9
67	-0.067069	4.102380	1.424091	0.021465	2.1
68	-0.067580	5.101244	1.369593	0.025293	3.5
69	-0.076098	4.129320	1.422564	0.019279	5.1
70	-0.065245	5.129320	1.368121	0.010084	3.3
71	-0.063096	4.811824	1.384950	0.011281	4.0
72	-0.074162	5.358929	1.356204	0.016881	6.5
73	-0.058325	4.696060	1.391189	0.014436	3.6
74	-0.086176	3.724200	1.445874	0.010280	7.4
75	-0.073519	3.058521	1.485880	0.025083	4.4
76	-0.076069	4.058236	1.426600	0.028943	4.2
77	-0.082841	5.058236	1.371853	0.010142	4.4
78	-0.075089	6.047394	1.321683	0.008733	3.5
79	-0.079389	5.987929	1.324595	0.012475	3.1
80	-0.085141	6.898069	1.281382	0.029581	3.1
81	-0.094122	5.926150	1.327634	0.011701	3.3
82	-0.062283	4.954233	1.377350	0.029519	4.3
83	-0.063422	5.928365	1.327525	0.015966	3.2
84	-0.077389	6.928365	1.279992	0.015796	2.4
85	-0.067181	7.914472	1.236338	0.014300	2.3
86	-0.073889	6.951199	1.278946	0.017892	2.3
87	-0.063131	5.982881	1.324843	0.020417	2.8
88	-0.072977	6.979900	1.277634	0.013307	4.9
89	-0.069039	7.911057	1.236485	0.016092	3.8
90	-0.067476	6.949667	1.279016	0.015398	4.0
91	-0.076476	6.224927	1.313064	0.014117	7.6
92	-0.068076	5.462806	1.350880	0.014697	3.7
93	-0.067586	4.493633	1.402235	0.025495	2.7
94	-0.065532	5.492730	1.349354	0.036085	3.6
95	-0.089400	4.520807	1.400742	0.005088	2.8
96	-0.087104	4.166920	1.420439	0.019362	2.5
97	-0.080553	3.792121	1.441913	0.021785	2.3
98	-0.067205	2.935161	1.493538	0.015102	2.2
99	-0.067196	1.965613	1.556591	0.014026	2.3
100	-0.055527	2.965099	1.491672	0.015633	2.4
101	-0.053741	3.964581	1.431952	0.015366	2.3
102	-0.076134	4.964474	1.376807	0.026677	2.5
103	-0.063298	3.992552	1.430349	0.013590	2.3
104	-0.061068	3.090315	1.483919	0.024264	2.4
105	-0.082128	4.016497	1.428980	0.031502	2.2
106	-0.068191	3.044574	1.486742	0.014296	2.3
107	-0.069614	2.072650	1.549370	0.017491	2.4
108	-0.069469	3.054559	1.486125	0.024891	7.3
109	-0.062189	2.234046	1.538607	0.024613	4.1
110	-0.080382	1.262137	1.605779	0.022882	4.1
111	-0.073934	0.290650	1.679050	0.014155	5.0
112	-0.059189	0.000000	1.702289	0.027890	2.1
113	-0.060555	0.000000	1.702289	0.015870	3.7
114	-0.051760	0.000000	1.702289	0.007118	2.1
115	-0.078450	0.208504	1.685554	0.008861	6.6
116	-0.080054	0.000000	1.702289	0.024312	2.6
117	-0.077322	0.780874	1.641260	0.021410	2.7
118	-0.063729	1.780869	1.569215	0.016108	3.4
119	-0.065202	0.809899	1.639076	0.023963	2.9
120	-0.068012	1.809281	1.567260	0.005551	4.3
121	-0.072797	1.628645	1.579771	0.022234	3.1
122	-0.074937	2.596907	1.514947	0.019771	3.1
123	-0.064884	1.639286	1.579028	0.005194	3.5
124	-0.068903	1.453922	1.592064	0.015851	3.1
125	-0.076306	0.962587	1.627680	0.021175	5.3
126	-0.081316	1.962586	1.556797	0.018690	2.5
127	-0.078393	2.962584	1.491829	0.022775	3.4
128	-0.072519	3.954537	1.432528	0.022059	6.1
129	-0.076335	2.984339	1.490476	0.015980	3.4
130	-0.080627	3.984316	1.430821	0.016621	3.4
131	-0.075754	4.628594	1.394851	0.017354	2.0
132	-0.076059	3.658747	1.449712	0.019950	6.2
133	-0.075004	4.658732	1.393213	0.026643	3.0
134	-0.068794	3.779137	1.442668	0.008205	2.1
135	-0.067996	4.431312	1.405672	0.017483	2.0
136	-0.068809	4.407533	1.406987	0.018253	4.9
137	-0.065680	5.406302	1.353771	0.028617	5.3
138	-0.086052	4.490971	1.402382	0.015953	2.2
139	-0.069360	3.519047	1.457972	0.023434	2.6
140	-0.074162	4.518922	1.400846	0.029356	2.8
141	-0.062498	5.516033	1.348168	0.014234	8.3
142	-0.062306	6.516027	1.299173	0.014565	4.4
143	-0.066098	5.649053	1.341439	0.014606	2.0
144	-0.065900	6.648075	1.292968	0.011411	5.5
145	-0.062433	6.719848	1.289620	0.011732	4.1
146	-0.071052	6.229902	1.312824	0.026317	2.3
147	-0.084868	7.114689	1.271509	0.016673	3.4
148	-0.063548	6.143467	1.317005	0.021490	2.5
149	-0.067418	7.128636	1.270878	0.012778	6.7
150	-0.068723	7.139840	1.270372	0.020663	2.0
151	-0.062304	6.170392	1.315700	0.018701	2.9
152	-0.069312	5.199843	1.364439	0.018206	4.1
153	-0.078063	4.393562	1.407761	0.013420	4.7
154	-0.062226	5.380974	1.355070	0.022923	3.7
155	-0.072227	5.800951	1.333836	0.020746	3.0
156	-0.067615	6.800908	1.285860	0.032609	2.8
157	-0.075236	5.828984	1.332442	0.020683	3.3
158	-0.082875	6.828978	1.284563	0.028213	4.3
159	-0.072449	5.857055	1.331050	0.019968	4.1
160	-0.080308	6.853293	1.283442	0.014618	3.2
161	-0.071599	5.890019	1.329418	0.023212	4.3
162	-0.064253	6.889992	1.281753	0.038764	4.4
163	-0.062294	7.889992	1.237386	0.017772	2.5
164	-0.084334	8.889992	1.195988	0.023456	2.9
165	-0.071522	7.918091	1.236184	0.012375	4.0
166	-0.060938	8.791630	1.199937	0.014668	3.1
167	-0.074202	9.645357	1.166509	0.025648	3.2
168	-0.063750	10.645202	1.129652	0.008901	2.8
169	-0.072612	11.640167	1.095217	0.011556	2.9
170	-0.080018	12.308952	1.073227	0.031236	3.9
171	-0.076366	11.337102	1.105482	0.007525	3.7
172	-0.069467	11.709446	1.092898	0.032155	2.6
173	-0.063052	12.696044	1.060898	0.029454	3.1
174	-0.055233	13.696044	1.030321	0.010295	4.5
175	-0.091128	14.628978	1.003343	0.019037	4.1
176	-0.075551	14.389899	1.010121	0.016936	2.4
177	-0.070114	15.389773	0.982366	0.013642	3.9
178	-0.071832	14.418436	1.009307	0.015649	4.6
179	-0.080515	14.886977	0.996129	0.024327	4.2
180	-0.079384	13.915094	1.023857	0.012849	2.1
181	-0.076893	13.943880	1.023014	0.036023	2.2
182	-0.072582	12.981946	1.051973	0.020724	3.7
183	-0.081065	13.981946	1.021901	0.016252	4.0
184	-0.087423	13.010032	1.051104	0.019633	3.3
185	-0.073066	12.038683	1.082007	0.016658	2.8
186	-0.079287	13.038680	1.050219	0.015770	2.5
187	-0.052318	12.186681	1.077181	0.027854	3.9
188	-0.060847	13.186680	1.045673	0.016317	3.5
189	-0.066941	12.214757	1.076271	0.019816	4.0
190	-0.076881	13.214721	1.044816	0.027014	2.2
191	-0.073775	12.242831	1.075362	0.020320	4.0
192	-0.077500	11.270908	1.107749	0.011275	5.5
193	-0.085455	12.247538	1.075210	0.012061	2.4
194	-0.071893	11.927799	1.085650	0.015153	3.0
195	-0.072286	10.972384	1.118092	0.009685	2.8
196	-0.073845	10.042030	1.151602	0.015247	4.6
197	-0.065744	9.087950	1.188119	0.020476	4.4
198	-0.073594	10.087504	1.149918	0.018317	2.6
199	-0.075568	11.087465	1.114082	0.015385	3.8
200	-0.074425	12.043497	1.081849	0.024902	3.3
201	-0.064880	13.042602	1.050098	0.023540	3.6
202	-0.075203	12.070679	1.080960	0.018618	3.3
203	-0.068792	13.069546	1.049268	0.015274	4.1
204	-0.078660	14.069490	1.019350	0.013582	2.9
205	-0.072887	13.099728	1.048339	0.012169	5.2
206	-0.067917	12.452990	1.068606	0.007686	3.0
207	-0.082375	11.874112	1.087423	0.016656	2.8
208	-0.057704	12.505257	1.066939	0.014754	4.0
209	-0.067440	13.487782	1.036543	0.019738	3.8
210	-0.066393	12.516999	1.066565	0.011444	4.7
211	-0.072947	11.545245	1.098412	0.012696	3.5
212	-0.063290	12.489302	1.067448	0.011348	4.3
213	-0.069520	11.550329	1.098240	0.020404	2.8
214	-0.059305	10.580629	1.131962	0.011029	3.8
215	-0.079815	11.417487	1.102740	0.017405	2.8
216	-0.069046	11.366915	1.104463	0.012678	2.7
217	-0.084353	12.363866	1.071461	0.016770	3.4
218	-0.076583	11.436515	1.102094	0.014694	4.2
219	-0.071165	12.232733	1.075689	0.007644	2.9
220	-0.076199	11.951861	1.084858	0.007997	3.4
221	-0.073393	11.430177	1.102309	0.017036	3.8
222	-0.074916	11.741891	1.091815	0.019689	4.6
223	-0.066668	10.983446	1.117706	0.025156	3.2
224	-0.069660	10.011522	1.152735	0.023615	3.8
225	-0.068381	9.334595	1.178459	0.014061	3.4
226	-0.068200	10.052610	1.151210	0.017126	4.1
227	-0.053966	9.084128	1.188270	0.021708	3.3
228	-0.073894	8.123327	1.227472	0.008587	2.8
229	-0.088581	9.120758	1.186825	0.019184	3.5
230	-0.067295	8.150408	1.226332	0.013614	2.9
231	-0.076808	9.092029	1.187958	0.022396	4.5
232	-0.080896	8.120113	1.227608	0.037164	3.0
233	-0.081276	9.120113	1.186851	0.035091	2.8
234	-0.075383	8.148190	1.226425	0.027545	3.8
235	-0.064530	7.176403	1.268724	0.037108	4.6
236	-0.066026	8.176403	1.225239	0.010461	3.3
237	-0.073471	7.204529	1.267459	0.020236	4.0
238	-0.067406	6.871540	1.282601	0.024321	5.2
239	-0.067932	5.899616	1.328944	0.013610	4.1
240	-0.077839	6.899610	1.281311	0.011663	2.8
241	-0.057263	5.930702	1.327410	0.017166	3.0
242	-0.074820	4.968453	1.376596	0.023369	4.1
243	-0.066847	4.442408	1.405059	0.024524	5.2
244	-0.067918	5.442408	1.351922	0.024011	2.7
245	-0.074557	4.475907	1.403211	0.012145	3.0
246	-0.072012	5.475340	1.350240	0.011564	4.3
247	-0.074765	6.442918	1.302634	0.012651	5.0
248	-0.068695	6.772086	1.287194	0.007528	2.4
249	-0.075750	7.335020	1.261622	0.025136	4.1
250	-0.069008	8.253304	1.222018	0.021931	3.2
251	-0.064779	7.281381	1.264014	0.016432	4.6
252	-0.062902	8.262225	1.221646	0.019516	2.7
253	-0.066926	9.018813	1.190856	0.011060	3.7
254	-0.078349	8.059183	1.230182	0.012391	2.9
255	-0.076804	7.415762	1.258037	0.021984	4.4
256	-0.087790	6.443880	1.302588	0.027915	2.7
257	-0.083187	5.472048	1.350408	0.020074	3.4
258	-0.073935	4.500125	1.401878	0.024313	3.7
259	-0.101300	3.528224	1.457426	0.044569	5.2
260	-0.071762	4.528224	1.400335	0.029660	4.1
261	-0.061577	5.528224	1.347549	0.022210	2.3
262	-0.059742	6.528221	1.298597	0.021048	7.3
263	-0.063172	7.528182	1.253079	0.017735	3.0
264	-0.068633	6.556413	1.297269	0.015605	4.1
265	-0.073496	5.585762	1.344632	0.016397	3.9
266	-0.067185	4.614376	1.395625	0.015505	4.1
267	-0.061991	5.612820	1.343265	0.015939	3.3
268	-0.076667	5.066235	1.371432	0.035328	3.2
269	-0.071128	4.094460	1.424540	0.015471	3.8
270	-0.079823	5.093624	1.369993	0.008827	4.0
271	-0.062451	4.352393	1.410047	0.013693	3.7
272	-0.062160	5.291274	1.359693	0.016980	2.6
273	-0.060268	4.795254	1.385839	0.030233	3.9
274	-0.071881	3.823331	1.440100	0.030035	3.8
275	-0.076427	3.407835	1.464615	0.016467	3.1
276	-0.071945	2.901388	1.495648	0.011295	2.7
277	-0.072517	2.216497	1.539770	0.013275	2.6
278	-0.079579	3.077009	1.484739	0.027154	3.5
279	-0.079857	4.074543	1.425672	0.017560	3.4
280	-0.089489	3.102664	1.483159	0.025852	2.2
281	-0.080836	4.102664	1.424075	0.017799	5.3
282	-0.068884	5.102637	1.369520	0.018382	3.5
283	-0.069153	4.134194	1.422288	0.015290	4.4
284	-0.071668	3.388233	1.465792	0.016007	4.5
285	-0.063781	2.573576	1.516447	0.020283	4.7
286	-0.067950	1.601658	1.581657	0.012168	5.7
287	-0.067556	0.651463	1.651070	0.022045	2.3
288	-0.060634	0.000000	1.702289	0.031658	3.2
289	-0.100472	0.000000	1.702289	0.018829	3.6
290	-0.069163	0.000000	1.702289	0.013812	5.6
291	-0.067587	0.997955	1.625064	0.011972	2.6
292	-0.083915	1.865853	1.563383	0.018412	3.6
293	-0.059390	2.856228	1.498480	0.017703	3.0
294	-0.076331	1.983217	1.555399	0.028781	5.4
295	-0.071432	1.011294	1.624079	0.031959	4.2
296	-0.074414	2.011294	1.553501	0.028562	4.8
297	-0.074013	1.039370	1.622010	0.018212	5.2
298	-0.070718	2.039107	1.551626	0.017416	2.0
299	-0.071837	1.067535	1.619940	0.014716	3.6
300	-0.076863	1.964564	1.556662	0.007540	2.2
301	-0.055865	2.246934	1.537754	0.012581	8.2
302	-0.066185	1.743138	1.571818	0.026098	3.6
303	-0.070776	0.775784	1.641644	0.020970	2.8
304	-0.084528	0.000000	1.702289	0.013172	6.5
305	-0.061634	0.000000	1.702289	0.027244	4.0
306	-0.073003	0.000000	1.702289	0.012123	5.1
307	-0.068284	0.999130	1.624977	0.019132	8.4
308	-0.073390	1.270009	1.605212	0.011615	3.5
309	-0.069113	0.305626	1.677870	0.013160	1.9
310	-0.056211	0.000000	1.702289	0.013215	3.6
311	-0.070019	0.871153	1.634485	0.009975	6.6
312	-0.071080	0.000000	1.702289	0.013308	3.2
313	-0.080363	0.000000	1.702289	0.022906	2.2
314	-0.062087	0.573339	1.657049	0.008617	4.1
315	-0.069981	0.000000	1.702289	0.026277	7.4
316	-0.080749	0.993646	1.625382	0.026232	3.2
317	-0.072308	1.666690	1.577119	0.013179	4.4
318	-0.073740	0.704503	1.647035	0.012352	4.8
319	-0.065784	1.211904	1.609411	0.012812	3.6
320	-0.067071	0.255706	1.681811	0.024150	3.2
321	-0.081320	0.000000	1.702289	0.040439	3.4
322	-0.070372	0.999780	1.624929	0.014923	3.7
323	-0.074268	1.999780	1.554279	0.016133	5.1
324	-0.072159	2.999195	1.489553	0.013357	2.3
325	-0.071401	2.027996	1.552375	0.014240	3.7
326	-0.075319	1.191914	1.610860	0.024915	4.7
327	-0.074895	0.219999	1.684641	0.009008	4.6
328	-0.055285	0.118832	1.692711	0.016310	4.4
329	-0.081252	0.872988	1.634348	0.019319	5.0
330	-0.078351	1.808947	1.567283	0.019877	7.2
331	-0.075023	2.339255	1.531672	0.014394	4.3
332	-0.061610	2.826299	1.500362	0.017259	6.3
333	-0.062558	2.359575	1.530339	0.018673	4.5
334	-0.076135	3.359258	1.467535	0.011524	3.3
335	-0.073915	4.257179	1.415363	0.030606	4.7
336	-0.065360	3.756585	1.443982	0.003235	4.3
337	-0.085038	4.726494	1.389543	0.012140	2.6
338	-0.066253	5.062474	1.371630	0.023269	4.2
339	-0.062920	5.548098	1.346540	0.024655	5.3
340	-0.083985	6.548098	1.297660	0.017529	4.8
341	-0.068535	5.576366	1.345108	0.019089	2.5
342	-0.071302	6.546498	1.297736	0.013424	2.3
343	-0.066470	5.623059	1.342749	0.019609	2.6
344	-0.076345	5.024935	1.373609	0.007926	2.3
345	-0.072477	5.832828	1.332251	0.018902	2.4
346	-0.071723	4.863504	1.382182	0.016377	2.3
347	-0.062964	3.891787	1.436139	0.013740	3.2
348	-0.071075	2.971449	1.491277	0.022045	3.3
349	-0.073711	2.012430	1.553425	0.021662	3.1
350	-0.069206	1.040520	1.621925	0.007227	3.0
351	-0.060504	1.639230	1.579032	0.013888	3.4
352	-0.071977	0.841069	1.636736	0.014799	3.1
353	-0.077407	0.817629	1.638495	0.010503	3.2
354	-0.075538	1.815284	1.566848	0.009829	2.7
355	-0.061232	1.000947	1.624843	0.020442	4.6
356	-0.078992	0.221979	1.684484	0.020524	5.6
357	-0.078135	1.221169	1.608740	0.015481	8.6
358	-0.070518	0.249246	1.682322	0.017785	4.0
359	-0.063312	0.312980	1.677291	0.016365	2.9
360	-0.082086	1.312513	1.602154	0.019585	7.9
361	-0.058070	2.311720	1.533481	0.013357	4.2
362	-0.065114	1.779817	1.569287	0.021755	2.8
363	-0.080666	2.730723	1.506405	0.020747	4.4
364	-0.066219	1.810237	1.567194	0.018942	4.7
365	-0.080153	1.057127	1.620704	0.012420	4.4
366	-0.070046	2.053288	1.550671	0.021174	2.5
367	-0.064522	1.081773	1.618895	0.013206	4.4
368	-0.080088	0.468197	1.665164	0.021176	4.8
369	-0.063281	0.000000	1.702289	0.013993	3.6
370	-0.067227	0.999876	1.624922	0.016884	4.8
371	-0.067552	0.855621	1.635647	0.030902	4.2
372	-0.064624	1.855621	1.564082	0.018043	3.2
373	-0.062180	2.855620	1.498518	0.015397	3.9
374	-0.061485	2.215004	1.539869	0.013679	3.4
375	-0.060699	1.244349	1.607063	0.020735	3.6
376	-0.064257	1.565406	1.584198	0.028710	3.5
377	-0.078494	2.565406	1.516973	0.010491	3.3
378	-0.063656	3.553984	1.455897	0.020569	4.4
379	-0.070166	4.449308	1.404678	0.018235	2.2
380	-0.078557	3.627663	1.451541	0.025981	3.0
381	-0.069010	2.656569	1.511127	0.013184	4.8
382	-0.081941	1.685527	1.575810	0.009937	3.7
383	-0.073652	0.769649	1.642106	0.013709	3.7
384	-0.090322	1.764586	1.570337	0.025964	3.1
385	-0.060429	2.484006	1.522231	0.018165	4.1
386	-0.073917	3.484004	1.460058	0.015921	4.1
387	-0.076836	4.271693	1.414550	0.019446	3.6
388	-0.072193	5.269841	1.360803	0.029822	3.5
389	-0.060106	6.135142	1.317409	0.014137	3.5
390	-0.082607	7.126569	1.270972	0.019001	4.0
391	-0.081984	6.974327	1.277889	0.011151	4.0
392	-0.082190	6.391761	1.305067	0.019259	3.2
393	-0.063664	5.469597	1.350533	0.017422	3.7
394	-0.060058	6.334463	1.307802	0.019091	2.8
395	-0.077501	5.362557	1.356017	0.013730	5.0
396	-0.065427	6.362485	1.306463	0.020240	2.1
397	-0.070390	5.390802	1.354566	0.024833	2.9
398	-0.069253	6.390801	1.305112	0.019538	4.1
399	-0.072333	7.390801	1.259143	0.028756	3.5
400	-0.066409	6.418879	1.303776	0.022440	4.3
401	-0.061718	5.446955	1.351690	0.014292	3.5
402	-0.075485	4.475686	1.403223	0.012248	3.7
403	-0.077954	3.522757	1.457751	0.017983	3.7
404	-0.066868	4.492170	1.402316	0.013258	3.7
405	-0.067067	3.705649	1.446960	0.019415	3.1
406	-0.067358	4.315730	1.412089	0.020709	3.4
407	-0.066270	3.343832	1.468465	0.013031	2.9
408	-0.073458	4.343821	1.410524	0.022970	4.6
409	-0.074217	5.324768	1.357963	0.014234	2.7
410	-0.069131	6.324631	1.308273	0.023259	3.3
411	-0.079397	7.324584	1.262086	0.009974	4.4
412	-0.071781	6.354275	1.306855	0.016530	4.6
413	-0.061646	5.525433	1.347691	0.015163	2.9
414	-0.073595	5.491350	1.349424	0.043096	3.2
415	-0.069815	6.491350	1.300339	0.024138	3.8
416	-0.079247	5.519427	1.347996	0.017469	5.1
417	-0.077237	6.519352	1.299016	0.023241	2.1
418	-0.067697	6.308005	1.309069	0.021931	3.1
419	-0.054779	7.307633	1.262842	0.012332	2.5
420	-0.069331	8.292802	1.220371	0.020885	6.6
421	-0.058027	9.291990	1.180116	0.027684	2.7
422	-0.076409	10.291990	1.142403	0.017195	2.7
423	-0.078694	11.291990	1.107026	0.031568	3.4
424	-0.082015	10.606989	1.131018	0.009461	5.2
425	-0.072898	11.541830	1.098527	0.027995	3.3
426	-0.067293	12.525821	1.066285	0.018931	3.3
427	-0.076715	11.553898	1.098120	0.014539	3.3
428	-0.069806	10.582176	1.131907	0.007791	5.3
429	-0.057183	9.717346	1.163775	0.013567	4.0
430	-0.066623	10.612685	1.130814	0.019054	3.0
431	-0.059457	11.438686	1.102020	0.016329	2.8
432	-0.066191	10.472632	1.135846	0.020413	4.8
433	-0.075497	11.390607	1.103656	0.024992	4.3
434	-0.066054	12.378612	1.070987	0.019050	2.2
435	-0.068210	11.406689	1.103108	0.012864	3.6
436	-0.073437	11.371715	1.104300	0.025792	2.4
437	-0.073667	11.302690	1.106659	0.009190	6.1
438	-0.066021	10.335209	1.140828	0.024124	3.1
439	-0.062848	9.433096	1.174645	0.018761	2.7
440	-0.084466	8.461184	1.213396	0.019707	3.0
441	-0.083879	9.436891	1.174498	0.013929	4.3
442	-0.068491	8.593672	1.207963	0.024313	3.5
443	-0.081128	9.593653	1.168480	0.030529	3.3
444	-0.062153	10.583861	1.131846	0.011441	3.7
445	-0.091727	11.583844	1.097110	0.049177	3.8
446	-0.065365	12.478723	1.067785	0.014519	4.4
447	-0.060703	13.478383	1.036826	0.013169	2.5
448	-0.068131	14.175457	1.016279	0.012413	2.5
449	-0.078897	13.646891	1.031783	0.007946	3.7
450	-0.063920	14.573952	1.004895	0.014239	4.7
451	-0.052451	15.102993	0.990169	0.006701	3.1
452	-0.061854	15.163996	0.988499	0.019340	3.3
453	-0.074511	14.439092	1.008719	0.010640	4.0
454	-0.073797	15.364795	0.983041	0.010659	4.0
455	-0.076667	15.961692	0.967166	0.019261	3.6
456	-0.080362	15.138520	0.989196	0.014421	3.3
457	-0.063922	14.936724	0.994751	0.027832	3.0
458	-0.068687	15.600992	0.976697	0.029468	4.5
459	-0.082537	16.600992	0.950722	0.021618	4.4
460	-0.060954	17.600992	0.926092	0.018377	2.7
461	-0.066551	16.629093	0.950012	0.014974	2.3
462	-0.061782	16.263581	0.959330	0.013733	4.2
463	-0.084045	17.261747	0.934303	0.022311	4.6
464	-0.071695	16.305812	0.958244	0.007193	2.9
465	-0.067919	15.341823	0.983662	0.013356	3.1
466	-0.080775	15.151133	0.988851	0.025029	4.1
467	-0.072657	16.147482	0.962328	0.017834	3.5
468	-0.071805	15.175702	0.988179	0.038367	3.8
469	-0.066529	16.175662	0.961599	0.018201	2.5
470	-0.068705	17.175602	0.936412	0.012644	2.6
471	-0.068400	16.211401	0.960675	0.014913	6.5
472	-0.071304	15.621261	0.976156	0.012844	3.1
473	-0.078999	16.609255	0.950513	0.007816	2.2
474	-0.058879	15.935928	0.967840	0.013503	3.4
475	-0.080276	16.884171	0.943615	0.018661	3.8
476	-0.075201	16.023974	0.965539	0.032146	4.7
477	-0.078419	15.052051	0.991568	0.013204	2.2
478	-0.076337	14.080841	1.019020	0.021431	4.0
479	-0.077860	15.080739	0.990780	0.011976	3.0
480	-0.074746	14.130260	1.017586	0.027227	5.6
481	-0.069434	13.406626	1.038988	0.009435	2.4
482	-0.056378	12.478811	1.067782	0.016272	3.9
483	-0.064450	11.770437	1.090864	0.017346	3.7
484	-0.074757	10.798519	1.124206	0.009801	5.8
485	-0.077818	11.699016	1.093246	0.023388	2.5
486	-0.066190	10.845504	1.122547	0.006722	3.1
487	-0.093188	9.907484	1.156615	0.027191	2.2
488	-0.087616	8.982908	1.192282	0.015425	4.7
489	-0.075072	8.010987	1.232225	0.015455	4.1
490	-0.085863	7.041749	1.274816	0.029722	2.9
491	-0.077013	8.041747	1.230920	0.013472	3.4
492	-0.070986	8.962076	1.193111	0.028603	4.5
493	-0.084604	8.351395	1.217934	0.034559	3.6
494	-0.074217	9.351395	1.177807	0.010154	2.2
495	-0.058503	8.388467	1.216398	0.016890	3.2
496	-0.074994	9.372506	1.176988	0.047733	4.2
497	-0.057255	8.400582	1.215897	0.020059	3.7
498	-0.084122	7.428659	1.257466	0.033837	2.8
499	-0.066122	6.463029	1.301680	0.023726	2.6
Time spent in resolution 0 (ITK initialization and iterating): 2.447 s.
Stopping condition: Maximum number of iterations has been reached.
Settings of AdaptiveStochasticGradientDescent in resolution 0:
( SP_a 35.748075 )
( SP_A 20.000000 )
( SP_alpha 1.000000 )
( SigmoidMax 1.000000 )
( SigmoidMin -0.971923 )
( SigmoidScale 0.000021 )



=============== start of TransformParameterFile ===============
(Transform "EulerTransform")
(NumberOfParameters 6)
(TransformParameters -0.004329 -0.002982 -0.005403 -0.534541 6.014236 18.029981)
(InitialTransformParametersFileName "NoInitialTransform")
(UseBinaryFormatForTransformationParameters "false")
(HowToCombineTransforms "Compose")

// Image specific
(FixedImageDimension 3)
(MovingImageDimension 3)
(FixedInternalImagePixelType "float")
(MovingInternalImagePixelType "float")
(Size 320 272 24)
(Index 0 0 0)
(Spacing 0.7500000000 0.7500000000 3.5000000000)
(Origin -119.6466751099 -56.3956184387 -74.4055633545)
(Direction 1.0000000000 0.0000000000 0.0000000000 0.0000000000 1.0000000000 0.0000000000 0.0000000000 0.0000000000 1.0000000000)
(UseDirectionCosines "false")

// EulerTransform specific
(CenterOfRotationPoint -0.0216751099 45.2293815613 -34.1555633545)
(ComputeZYX "false")

// ResampleInterpolator specific
(ResampleInterpolator "FinalBSplineInterpolator")
(FinalBSplineInterpolationOrder 3)

// Resampler specific
(Resampler "DefaultResampler")
(DefaultPixelValue 0.000000)
(ResultImageFormat "nii.gz")
(ResultImagePixelType "short")
(CompressResultImage "false")

=============== end of TransformParameterFile ===============

Creating the TransformParameterFile took 0.00s

Registration result checksum: 4144598111

Skipping applying final transform, no resulting output image generated.

Final metric value  = -0.066122
Settings of AdaptiveStochasticGradientDescent for all resolutions:
( SP_a 35.748075 )
( SP_A 20.000000 )
( SP_alpha 1.000000 )
( SigmoidMax 1.000000 )
( SigmoidMin -0.971923 )
( SigmoidScale 0.000021 )

Time spent on saving the results, applying the final transform etc.: 6 ms.
Running elastix with parameter file 0: "/Users/sakinkirti/Programming/Python/CCIPD/racial-disparity-pca/code_matlab/rigid.txt", has finished.


Current time: Mon May 23 08:28:23 2022.
Time used for running elastix with this parameter file:
  2.6s.

-------------------------------------------------------------------------

Total time elapsed: 2.7s.

