
elastix is started at Mon May 23 13:40:57 2022.

which elastix:   /Users/sakinkirti/Programming/Python/CCIPD/racial-disparity-pca/code_matlab/elastix-5.0.0-mac/bin/elastix
elastix runs at: Sakins-MBP.hsd1.ca.comcast.net
  macOS 12.3.1 (x64), 21E258
  with 8192 MB memory, and 2 cores @ 2300 MHz.
-------------------------------------------------------------------------

Running elastix with parameter file 0: "/Users/sakinkirti/Programming/Python/CCIPD/racial-disparity-pca/code_matlab/rigid.txt".

Current time: Mon May 23 13:40:57 2022.
Reading the elastix parameters from file ...

Installing all components.
InstallingComponents was successful.

ELASTIX version: 5.000
Command line options from ElastixBase:
-f        /Users/sakinkirti/Programming/Python/CCIPD/racial-disparity-pca/dataset/to_nifti_cleaned/prostate-00751/T2W.nii.gz
-m        /Users/sakinkirti/Programming/Python/CCIPD/racial-disparity-pca/dataset/to_nifti_cleaned/prostate-00751/ADC.nii.gz
-fMask    unspecified, so no fixed mask used
-mMask    unspecified, so no moving mask used
-out      /Users/sakinkirti/Programming/Python/CCIPD/racial-disparity-pca/dataset/to_nifti_cleaned/prostate-00751/
-p        /Users/sakinkirti/Programming/Python/CCIPD/racial-disparity-pca/code_matlab/rigid.txt
-threads  unspecified, so all available threads are used
Command line options from TransformBase:
-t0       unspecified, so no initial transform used

=============== start of ParameterFile: /Users/sakinkirti/Programming/Python/CCIPD/racial-disparity-pca/code_matlab/rigid.txt ===============
// Example parameter file for rotation registration
// C-style comments: //

// The internal pixel type, used for internal computations
// Leave to float in general. 
// NB: this is not the type of the input images! The pixel 
// type of the input images is automatically read from the 
// images themselves.
// This setting can be changed to "short" to save some memory
// in case of very large 3D images.
(FixedInternalImagePixelType "float")
(MovingInternalImagePixelType "float")

// The dimensions of the fixed and moving image
// Up to elastix 4.5 this had to be specified by the user.
// From elastix 4.6, this is not necessary anymore.
//(FixedImageDimension 3)
//(MovingImageDimension 3)

// Specify whether you want to take into account the so-called
// direction cosines of the images. Recommended: true.
// In some cases, the direction cosines of the image are corrupt,
// due to image format conversions for example. In that case, you 
// may want to set this option to "false".
(UseDirectionCosines "false")

// **************** Main Components **************************

// The following components should usually be left as they are:
(Registration "MultiResolutionRegistration")
(Interpolator "BSplineInterpolator")
(ResampleInterpolator "FinalBSplineInterpolator")
(Resampler "DefaultResampler")

// These may be changed to Fixed/MovingSmoothingImagePyramid.
// See the manual.
(FixedImagePyramid "FixedRecursiveImagePyramid")
(MovingImagePyramid "MovingRecursiveImagePyramid")

// The following components are most important:
// The optimizer AdaptiveStochasticGradientDescent (ASGD) works
// quite ok in general. The Transform and Metric are important
// and need to be chosen careful for each application. See manual.
(Optimizer "AdaptiveStochasticGradientDescent")
(Transform "EulerTransform")
(Metric "AdvancedMattesMutualInformation")

// ***************** Transformation **************************

// Scales the rotations compared to the translations, to make
// sure they are in the same range. In general, it's best to  
// use automatic scales estimation:
(AutomaticScalesEstimation "true")

// Automatically guess an initial translation by aligning the
// geometric centers of the fixed and moving.
(AutomaticTransformInitialization "true")

// Whether transforms are combined by composition or by addition.
// In generally, Compose is the best option in most cases.
// It does not influence the results very much.
(HowToCombineTransforms "Compose")

// ******************* Similarity measure *********************

// Number of grey level bins in each resolution level,
// for the mutual information. 16 or 32 usually works fine.
// You could also employ a hierarchical strategy:
//(NumberOfHistogramBins 16 32 64)
(NumberOfHistogramBins 32)

// If you use a mask, this option is important. 
// If the mask serves as region of interest, set it to false.
// If the mask indicates which pixels are valid, then set it to true.
// If you do not use a mask, the option doesn't matter.
(ErodeMask "false")

// ******************** Multiresolution **********************

// The number of resolutions. 1 Is only enough if the expected
// deformations are small. 3 or 4 mostly works fine. For large
// images and large deformations, 5 or 6 may even be useful.
(NumberOfResolutions 1)

// The downsampling/blurring factors for the image pyramids.
// By default, the images are downsampled by a factor of 2
// compared to the next resolution.
// So, in 2D, with 4 resolutions, the following schedule is used:
//(ImagePyramidSchedule 8 8  4 4  2 2  1 1 )
// And in 3D:
//(ImagePyramidSchedule 8 8 8  4 4 4  2 2 2  1 1 1 )
// You can specify any schedule, for example:
//(ImagePyramidSchedule 4 4  4 3  2 1  1 1 )
// Make sure that the number of elements equals the number
// of resolutions times the image dimension.

// ******************* Optimizer ****************************

// Maximum number of iterations in each resolution level:
// 200-500 works usually fine for rigid registration.
// For more robustness, you may increase this to 1000-2000.
(MaximumNumberOfIterations 500)

// The step size of the optimizer, in mm. By default the voxel size is used.
// which usually works well. In case of unusual high-resolution images
// (eg histology) it is necessary to increase this value a bit, to the size
// of the "smallest visible structure" in the image:
//(MaximumStepLength 1.0)

// **************** Image sampling **********************

// Number of spatial samples used to compute the mutual
// information (and its derivative) in each iteration.
// With an AdaptiveStochasticGradientDescent optimizer,
// in combination with the two options below, around 2000
// samples may already suffice.
(NumberOfSpatialSamples 2000)

// Refresh these spatial samples in every iteration, and select
// them randomly. See the manual for information on other sampling
// strategies.
(NewSamplesEveryIteration "true")
(ImageSampler "Random")

// ************* Interpolation and Resampling ****************

// Order of B-Spline interpolation used during registration/optimisation.
// It may improve accuracy if you set this to 3. Never use 0.
// An order of 1 gives linear interpolation. This is in most 
// applications a good choice.
(BSplineInterpolationOrder 1)

// Order of B-Spline interpolation used for applying the final
// deformation.
// 3 gives good accuracy; recommended in most cases.
// 1 gives worse accuracy (linear interpolation)
// 0 gives worst accuracy, but is appropriate for binary images
// (masks, segmentations); equivalent to nearest neighbor interpolation.
(FinalBSplineInterpolationOrder 3)

//Default pixel value for pixels that come from outside the picture:
(DefaultPixelValue 0)

// Choose whether to generate the deformed moving image.
// You can save some time by setting this to false, if you are
// only interested in the final (nonrigidly) deformed moving image
// for example.
(WriteResultImage "false")

// The pixel type and format of the resulting deformed moving image
(ResultImagePixelType "short")
(ResultImageFormat "nii.gz")




=============== end of ParameterFile: /Users/sakinkirti/Programming/Python/CCIPD/racial-disparity-pca/code_matlab/rigid.txt ===============


Reading images...
Reading images took 130 ms.

WARNING: the fixed pyramid schedule is not fully specified!
  A default pyramid schedule is used.
WARNING: the moving pyramid schedule is not fully specified!
  A default pyramid schedule is used.
WARNING: The parameter "AutomaticTransformInitializationMethod", requested at entry number 0, does not exist at all.
  The default value "GeometricalCenter" is used instead.
Transform parameters are initialized as: [0, 0, 0, -0.2673424482345581, -0.25449836254119873, -16.15985107421875]
Scales are estimated automatically.
Scales for transform parameters are: [3391.2427368164062, 3391.2427368164062, 5481.9854736328125, 1, 1, 1]
Initialization of all components (before registration) took: 10 ms.
Preparation of the image pyramids took: 10 ms.

Resolution: 0
WARNING: The parameter "ShowExactMetricValue", requested at entry number 0, does not exist at all.
  The default value "false" is used instead.
WARNING: The parameter "CheckNumberOfSamples", requested at entry number 0, does not exist at all.
  The default value "true" is used instead.
WARNING: The parameter "UseMultiThreadingForMetrics", requested at entry number 0, does not exist at all.
  The default value "true" is used instead.
Setting the fixed masks took: 0 ms.
Setting the moving masks took: 0 ms.
WARNING: The parameter "NumberOfFixedHistogramBins", requested at entry number 0, does not exist at all.
  The default value "32" is used instead.
WARNING: The parameter "NumberOfMovingHistogramBins", requested at entry number 0, does not exist at all.
  The default value "32" is used instead.
WARNING: The parameter "FixedLimitRangeRatio", requested at entry number 0, does not exist at all.
  The default value "0.01" is used instead.
WARNING: The parameter "MovingLimitRangeRatio", requested at entry number 0, does not exist at all.
  The default value "0.01" is used instead.
WARNING: The parameter "FixedKernelBSplineOrder", requested at entry number 0, does not exist at all.
  The default value "0" is used instead.
WARNING: The parameter "MovingKernelBSplineOrder", requested at entry number 0, does not exist at all.
  The default value "3" is used instead.
WARNING: The parameter "UseFastAndLowMemoryVersion", requested at entry number 0, does not exist at all.
  The default value "true" is used instead.
WARNING: The parameter "UseJacobianPreconditioning", requested at entry number 0, does not exist at all.
  The default value "false" is used instead.
WARNING: The parameter "FiniteDifferenceDerivative", requested at entry number 0, does not exist at all.
  The default value "false" is used instead.
WARNING: The parameter "SP_A", requested at entry number 0, does not exist at all.
  The default value "20" is used instead.
WARNING: The parameter "MaximumNumberOfSamplingAttempts", requested at entry number 0, does not exist at all.
  The default value "0" is used instead.
WARNING: The parameter "SigmoidInitialTime", requested at entry number 0, does not exist at all.
  The default value "0" is used instead.
WARNING: The parameter "MaxBandCovSize", requested at entry number 0, does not exist at all.
  The default value "192" is used instead.
WARNING: The parameter "NumberOfBandStructureSamples", requested at entry number 0, does not exist at all.
  The default value "10" is used instead.
WARNING: The parameter "UseAdaptiveStepSizes", requested at entry number 0, does not exist at all.
  The default value "true" is used instead.
WARNING: The parameter "AutomaticParameterEstimation", requested at entry number 0, does not exist at all.
  The default value "true" is used instead.
WARNING: The parameter "UseConstantStep", requested at entry number 0, does not exist at all.
  The default value "false" is used instead.
WARNING: The parameter "MaximumStepLengthRatio", requested at entry number 0, does not exist at all.
  The default value "1" is used instead.
WARNING: The parameter "MaximumStepLength", requested at entry number 0, does not exist at all.
  The default value "0.957623" is used instead.
WARNING: The parameter "NumberOfGradientMeasurements", requested at entry number 0, does not exist at all.
  The default value "0" is used instead.
WARNING: The parameter "NumberOfJacobianMeasurements", requested at entry number 0, does not exist at all.
  The default value "1000" is used instead.
WARNING: The parameter "NumberOfSamplesForExactGradient", requested at entry number 0, does not exist at all.
  The default value "100000" is used instead.
WARNING: The parameter "SigmoidScaleFactor", requested at entry number 0, does not exist at all.
  The default value "0.1" is used instead.
Elastix initialization of all components (for this resolution) took: 1 ms.
  Computing the fixed image extrema took 10 ms.
  Computing the moving image extrema took 4 ms.
Initialization of AdvancedMattesMutualInformation metric took: 39 ms.
Starting automatic parameter estimation for AdaptiveStochasticGradientDescent ...
WARNING: The parameter "ASGDParameterEstimationMethod", requested at entry number 0, does not exist at all.
  The default value "Original" is used instead.
  Computing JacobianTerms ...
  Computing the Jacobian terms took 0.003138s
  NumberOfGradientMeasurements to estimate sigma_i: 6
  Sampling gradients ...
  Sampling the gradients took 0.573085s
Automatic parameter estimation took 0.58s
1:ItNr	2:Metric	3a:Time	3b:StepSize	4:||Gradient||	Time[ms]
0	-0.182273	0.000000	14.052877	0.031842	621.0
1	-0.177230	0.000000	14.052877	0.024238	9.0
2	-0.157063	0.000000	14.052877	0.009314	2.8
3	-0.157843	0.108953	13.980344	0.028967	4.6
4	-0.159920	0.000000	14.052877	0.017452	9.0
5	-0.158796	0.000000	14.052877	0.017168	6.2
6	-0.177229	0.000000	14.052877	0.025295	3.5
7	-0.165234	1.000000	13.414110	0.013321	7.1
8	-0.169553	0.352869	13.820645	0.018523	3.5
9	-0.176127	1.346472	13.206131	0.019656	4.0
10	-0.181521	0.651035	13.630315	0.026108	8.5
11	-0.188843	0.000000	14.052877	0.013535	4.3
12	-0.179285	0.000000	14.052877	0.012240	5.4
13	-0.187789	0.000000	14.052877	0.011213	6.0
14	-0.157688	0.000000	14.052877	0.021718	3.7
15	-0.145100	0.000000	14.052877	0.014804	3.9
16	-0.187686	0.999441	13.414451	0.019046	8.7
17	-0.188469	1.999441	12.831200	0.015605	4.3
18	-0.154151	2.999441	12.296554	0.020210	3.5
19	-0.148413	3.999441	11.804681	0.025503	6.4
20	-0.187452	4.999441	11.350645	0.023191	4.5
21	-0.158977	5.997084	10.931196	0.008258	3.4
22	-0.176426	5.301860	11.220135	0.013585	6.3
23	-0.171171	6.301826	10.809183	0.019137	4.1
24	-0.150570	7.301805	10.427265	0.021895	3.9
25	-0.175660	6.606867	10.689747	0.025135	7.5
26	-0.153495	5.911430	10.965988	0.012563	3.6
27	-0.159350	5.215994	11.256885	0.012503	3.8
28	-0.187006	6.215994	10.843272	0.010032	6.8
29	-0.188831	5.553026	11.114004	0.024528	5.1
30	-0.181488	4.857589	11.412913	0.013760	3.4
31	-0.189725	5.857589	10.987971	0.014422	5.7
32	-0.177680	6.857589	10.593538	0.011949	6.0
33	-0.162148	6.162186	10.864753	0.010089	5.1
34	-0.196201	5.482865	11.143448	0.012236	6.5
35	-0.174760	6.305865	10.807584	0.015120	4.1
36	-0.178406	5.610434	11.090027	0.020638	5.5
37	-0.160436	4.914997	11.387631	0.018824	5.5
38	-0.153060	5.914997	10.964535	0.015084	4.9
39	-0.188132	5.403913	11.176768	0.033050	4.4
40	-0.189118	4.708477	11.479110	0.020087	11.9
41	-0.175709	5.708477	11.049317	0.010980	5.3
42	-0.174624	5.013040	11.344711	0.012560	30.2
43	-0.195669	6.013013	10.924750	0.019003	14.3
44	-0.162880	5.317749	11.213361	0.011719	4.7
45	-0.139540	4.622313	11.517712	0.017688	14.6
46	-0.200666	3.926876	11.839046	0.019556	11.5
47	-0.172911	3.990749	11.808787	0.013543	5.8
48	-0.168041	3.295690	12.146616	0.012193	15.8
49	-0.159301	3.000438	12.296044	0.011667	11.2
50	-0.202620	3.999482	11.804662	0.017089	16.0
51	-0.191395	3.311776	12.138579	0.023486	4.6
52	-0.142591	2.616339	12.496027	0.023163	12.7
53	-0.201844	3.616339	11.988396	0.017306	6.4
54	-0.144938	4.616339	11.520398	0.025101	13.6
55	-0.161465	5.607958	11.091059	0.027119	15.1
56	-0.174403	6.607958	10.689325	0.020325	16.1
57	-0.178279	6.186987	10.854841	0.012615	10.7
58	-0.185310	5.491551	11.139794	0.018011	4.8
59	-0.166486	6.491547	10.734588	0.022485	15.8
60	-0.145084	5.796111	11.013181	0.024237	12.6
61	-0.182180	6.794674	10.617517	0.020121	5.7
62	-0.146806	7.794674	10.248785	0.022093	13.0
63	-0.180447	8.794674	9.904805	0.009690	13.4
64	-0.195827	8.099237	10.141518	0.014429	5.2
65	-0.189892	9.098046	9.804970	0.024281	15.1
66	-0.170484	10.098046	9.489678	0.013427	10.5
67	-0.163407	11.098046	9.194031	0.016348	5.3
68	-0.178892	10.819267	9.274583	0.010775	13.7
69	-0.170442	11.819176	8.992012	0.018548	10.2
70	-0.186335	11.123744	9.186676	0.006821	6.4
71	-0.156273	12.122554	8.909652	0.008761	13.4
72	-0.182830	11.428255	9.100410	0.014386	6.8
73	-0.192150	10.737590	9.298451	0.013271	10.5
74	-0.181925	10.042506	9.506656	0.005704	13.6
75	-0.196054	10.885047	9.255449	0.015711	5.4
76	-0.186034	11.885001	8.974013	0.021480	11.4
77	-0.157833	12.884984	8.709180	0.017796	4.8
78	-0.193733	12.189550	8.891667	0.014383	14.6
79	-0.179365	11.785892	9.001141	0.029566	11.1
80	-0.190736	12.606558	8.781335	0.014160	5.6
81	-0.151168	13.606558	8.527587	0.013710	12.3
82	-0.214847	12.911133	8.702464	0.013942	5.3
83	-0.160230	13.845745	8.469052	0.005759	10.8
84	-0.174165	13.456677	8.564680	0.018435	7.9
85	-0.167193	14.456120	8.323258	0.018029	6.6
86	-0.189489	13.764459	8.488854	0.024789	4.4
87	-0.178464	14.556136	8.299845	0.027367	8.4
88	-0.160459	13.878747	8.461039	0.016728	4.7
89	-0.184587	13.328989	8.596537	0.014849	9.2
90	-0.195056	14.328989	8.353209	0.022257	7.7
91	-0.194487	15.328884	8.123300	0.022516	9.1
92	-0.177011	16.328880	7.905687	0.027631	4.6
93	-0.157489	17.328880	7.699427	0.013720	4.4
94	-0.182157	18.328880	7.503657	0.015087	10.2
95	-0.157716	17.633446	7.638729	0.010986	4.2
96	-0.156538	17.996137	7.567684	0.013631	8.6
97	-0.176441	17.485695	7.668055	0.017785	4.4
98	-0.192422	18.485531	7.473888	0.007577	5.3
99	-0.174063	19.485061	7.289366	0.018239	9.1
100	-0.184511	20.485061	7.113655	0.020739	8.2
101	-0.170414	21.485061	6.946216	0.016064	5.4
102	-0.167621	20.789624	7.061811	0.021594	5.9
103	-0.192746	20.094188	7.181318	0.013063	22.4
104	-0.171917	21.094177	7.010719	0.009444	4.7
105	-0.206138	22.093672	6.848115	0.015138	13.6
106	-0.181640	21.408201	6.958806	0.023540	17.2
107	-0.158247	22.402553	6.799379	0.017002	11.2
108	-0.179677	21.707574	6.910026	0.010758	8.8
109	-0.176091	22.677046	6.756648	0.027120	14.0
110	-0.152424	23.677046	6.605415	0.015007	16.7
111	-0.144839	22.981609	6.709860	0.014539	11.0
112	-0.180328	23.981609	6.560691	0.016581	7.3
113	-0.164882	23.286172	6.663715	0.010476	14.2
114	-0.165292	24.286172	6.516568	0.013774	10.7
115	-0.177772	25.071594	6.405475	0.031320	18.2
116	-0.197251	24.376158	6.503645	0.026254	15.8
117	-0.184062	25.376158	6.363408	0.010947	20.1
118	-0.171385	24.680895	6.460259	0.010014	14.1
119	-0.184447	25.490337	6.347780	0.008787	15.1
120	-0.170994	24.797619	6.443794	0.007597	4.6
121	-0.158436	24.586830	6.473590	0.019281	8.2
122	-0.176759	23.894110	6.573478	0.023716	4.3
123	-0.157109	23.479524	6.634748	0.014603	4.4
124	-0.161361	24.479524	6.488864	0.014249	11.9
125	-0.160173	24.212121	6.527241	0.016917	4.1
126	-0.187855	23.519778	6.628749	0.022424	8.1
127	-0.160529	24.519778	6.483125	0.014193	4.6
128	-0.184324	25.476030	6.349734	0.016793	8.6
129	-0.166092	26.476030	6.215988	0.008253	6.4
130	-0.174686	27.475858	6.087781	0.024886	4.6
131	-0.165580	28.413800	5.972227	0.013489	9.5
132	-0.180810	29.413760	5.853767	0.014405	4.4
133	-0.182276	30.413759	5.739912	0.016966	9.1
134	-0.174317	31.413408	5.630438	0.032316	5.8
135	-0.164755	30.725876	5.705277	0.015096	8.0
136	-0.192629	31.354286	5.636796	0.018968	5.1
137	-0.164121	32.354286	5.531148	0.020678	4.4
138	-0.170815	33.354281	5.429387	0.022769	7.4
139	-0.171361	34.354281	5.331303	0.015187	4.8
140	-0.204356	34.651645	5.302816	0.029887	4.7
141	-0.176731	33.956224	5.369918	0.017542	10.6
142	-0.174299	33.260787	5.438742	0.021402	6.0
143	-0.201835	34.260787	5.340323	0.012911	8.7
144	-0.130464	33.565363	5.408384	0.013908	5.4
145	-0.183391	34.546505	5.312853	0.012803	6.2
146	-0.165234	35.544606	5.219073	0.014795	6.9
147	-0.178694	36.541739	5.128632	0.016647	9.0
148	-0.168581	35.846302	5.191374	0.017555	5.7
149	-0.177702	35.151073	5.255651	0.028345	5.3
150	-0.174343	34.455636	5.321559	0.021179	8.2
151	-0.187433	35.455636	5.227298	0.008027	5.8
152	-0.161155	34.761193	5.292398	0.009531	6.8
153	-0.183070	35.744176	5.200717	0.013925	5.0
154	-0.165987	36.573740	5.125782	0.020289	3.7
155	-0.162098	36.058357	5.172081	0.017971	9.0
156	-0.179364	37.057684	5.083055	0.016883	6.3
157	-0.166130	38.057684	4.996986	0.028715	15.1
158	-0.156036	39.057684	4.913783	0.026808	11.1
159	-0.186629	40.057684	4.833305	0.015570	7.4
160	-0.153210	39.362247	4.888990	0.011027	10.8
161	-0.153518	38.666847	4.945970	0.010224	12.6
162	-0.161724	37.975522	5.003948	0.017573	5.7
163	-0.162523	37.639738	5.032601	0.021557	14.2
164	-0.177149	36.944302	5.093002	0.011104	9.9
165	-0.185419	36.302633	5.150033	0.012813	4.3
166	-0.182531	35.748157	5.200353	0.014236	10.8
167	-0.173444	35.052720	5.264873	0.015614	8.4
168	-0.167180	34.357284	5.331014	0.012087	9.4
169	-0.154191	35.356499	5.236493	0.018381	5.0
170	-0.173244	34.661062	5.301919	0.014556	10.0
171	-0.163735	35.661062	5.208346	0.022685	4.7
172	-0.177789	36.661062	5.118019	0.009911	8.5
173	-0.172785	37.661056	5.030772	0.013668	4.2
174	-0.162368	38.642115	4.948021	0.017087	4.6
175	-0.165205	39.641659	4.866464	0.020391	10.0
176	-0.165927	38.946222	4.922920	0.007933	5.4
177	-0.146010	38.250788	4.980700	0.011972	10.4
178	-0.170432	38.657144	4.946774	0.026763	4.2
179	-0.149690	37.961707	5.005120	0.023039	9.8
180	-0.179117	37.266270	5.064859	0.011875	5.4
181	-0.152509	38.266270	4.979399	0.015707	8.8
182	-0.166449	37.585189	5.037287	0.021135	4.1
183	-0.175973	38.585128	4.952753	0.028818	5.1
184	-0.135762	39.585128	4.871004	0.021080	26.9
185	-0.162403	38.889691	4.927566	0.013622	16.7
186	-0.182001	38.283497	4.977952	0.012779	13.4
187	-0.174027	39.282761	4.895436	0.019074	5.6
188	-0.178477	38.732812	4.940508	0.019225	14.3
189	-0.190440	39.385339	4.887120	0.016406	12.3
190	-0.184468	40.385339	4.807507	0.019103	7.5
191	-0.144946	41.385339	4.730445	0.013780	13.3
192	-0.176859	40.690037	4.783762	0.020560	11.6
193	-0.162600	41.690037	4.707453	0.009468	5.9
194	-0.164565	42.690036	4.633542	0.025268	12.8
195	-0.169010	43.689898	4.561924	0.022177	6.1
196	-0.169251	42.994463	4.611499	0.013320	7.5
197	-0.190902	42.299109	4.662158	0.020893	4.8
198	-0.158419	43.299109	4.589650	0.019626	14.8
199	-0.182710	43.676622	4.562861	0.011248	12.4
200	-0.169725	42.981457	4.612437	0.013392	5.6
201	-0.148044	42.286068	4.663118	0.007118	7.1
202	-0.181016	41.590701	4.714924	0.017395	6.2
203	-0.165777	40.895354	4.767893	0.014333	6.5
204	-0.205144	40.199918	4.822072	0.009213	7.9
205	-0.147788	41.134289	4.749558	0.013992	11.4
206	-0.161945	40.438853	4.803319	0.020241	8.9
207	-0.177247	39.743463	4.858308	0.011890	11.1
208	-0.175295	40.743453	4.779623	0.016710	14.6
209	-0.146402	41.740170	4.703692	0.026968	5.9
210	-0.171797	42.740170	4.629897	0.014853	14.5
211	-0.176649	42.083054	4.678125	0.010726	14.3
212	-0.166345	43.082958	4.605131	0.018401	16.4
213	-0.158283	44.082947	4.534374	0.021793	9.6
214	-0.183655	43.387510	4.583349	0.014488	6.0
215	-0.182202	42.708208	4.632220	0.015460	15.8
216	-0.168648	42.012771	4.683343	0.014739	9.9
217	-0.158942	43.012771	4.610180	0.020457	4.8
218	-0.154047	42.317335	4.660816	0.018283	6.4
219	-0.174615	41.621898	4.712576	0.008731	7.9
220	-0.165848	41.116865	4.750891	0.015362	9.4
221	-0.177559	42.114846	4.675769	0.018352	5.3
222	-0.182166	43.113787	4.602917	0.027104	15.0
223	-0.175238	42.418350	4.653392	0.019788	4.9
224	-0.177946	41.726331	4.704730	0.012442	10.5
225	-0.181078	42.726331	4.630903	0.010862	4.9
226	-0.177182	43.726012	4.559379	0.012733	12.0
227	-0.157965	43.034649	4.608605	0.005538	8.7
228	-0.166184	43.852124	4.550513	0.008019	7.9
229	-0.173313	44.725774	4.490026	0.021413	13.0
230	-0.153072	44.030337	4.538042	0.010048	10.5
231	-0.187139	43.387480	4.583351	0.012357	8.0
232	-0.170070	42.910506	4.617557	0.007722	11.7
233	-0.181959	43.910375	4.546429	0.003385	12.6
234	-0.167768	44.847022	4.481758	0.014034	8.5
235	-0.198637	45.130264	4.462562	0.012001	13.0
236	-0.191018	45.407725	4.443917	0.010714	11.1
237	-0.177590	46.203099	4.391322	0.020531	6.2
238	-0.169645	47.196572	4.327350	0.009447	13.0
239	-0.183426	47.093274	4.333914	0.016937	12.9
240	-0.157500	48.093260	4.271190	0.013239	7.4
241	-0.171076	47.397824	4.314617	0.012513	15.9
242	-0.180648	46.705185	4.358757	0.016234	30.4
243	-0.172579	47.705116	4.295320	0.025660	11.2
244	-0.175469	48.705116	4.233698	0.013300	8.1
245	-0.178583	49.704886	4.173834	0.028302	10.7
246	-0.177454	50.704856	4.115627	0.019248	10.2
247	-0.181764	51.704526	4.059038	0.013643	18.2
248	-0.166049	52.704451	4.003970	0.017199	9.8
249	-0.156156	53.704272	3.950382	0.015610	7.2
250	-0.171792	53.008835	3.987503	0.015219	13.2
251	-0.171693	52.313703	4.025311	0.009820	5.6
252	-0.179489	52.285146	4.026879	0.015246	9.0
253	-0.182968	51.589710	4.065458	0.011395	6.4
254	-0.197693	52.589704	4.010214	0.021389	12.8
255	-0.174049	51.894267	4.048472	0.007494	12.5
256	-0.158331	51.203275	4.087217	0.011967	5.8
257	-0.161091	50.507904	4.126962	0.010648	14.5
258	-0.182021	50.255422	4.141586	0.015436	9.7
259	-0.165506	51.255420	4.084267	0.015761	7.6
260	-0.171736	50.559984	4.123959	0.017431	12.3
261	-0.179341	49.902455	4.162203	0.017808	15.1
262	-0.161030	49.207018	4.203432	0.015704	7.1
263	-0.182126	50.207018	4.144401	0.017673	13.9
264	-0.174912	49.511582	4.185276	0.010059	10.5
265	-0.178526	49.970857	4.158192	0.014247	6.3
266	-0.152878	49.292062	4.198346	0.016968	13.2
267	-0.170134	50.291731	4.139476	0.023228	12.1
268	-0.160797	49.596296	4.180254	0.020031	6.8
269	-0.182289	48.901038	4.221832	0.014219	15.4
270	-0.202610	49.901025	4.162287	0.012023	11.1
271	-0.175958	50.819248	4.109072	0.009670	12.8
272	-0.161691	51.819126	4.052650	0.012011	12.4
273	-0.161091	52.815947	3.997922	0.020323	8.1
274	-0.174483	52.120511	4.035946	0.016710	13.7
275	-0.176667	51.425074	4.074700	0.010546	13.3
276	-0.176809	52.425073	4.019205	0.023175	6.5
277	-0.181466	53.424849	3.965214	0.014571	16.9
278	-0.166537	52.729412	4.002615	0.012929	11.3
279	-0.180047	52.033975	4.040728	0.014671	14.6
280	-0.162222	52.671932	4.005738	0.029349	12.6
281	-0.187597	51.976495	4.043911	0.017850	8.2
282	-0.159509	52.976495	3.989246	0.015352	15.7
283	-0.173704	53.976495	3.936039	0.018900	8.2
284	-0.160600	53.549445	3.958586	0.018575	6.5
285	-0.184798	52.854283	3.995847	0.016312	13.4
286	-0.178482	53.854219	3.942469	0.018403	9.3
287	-0.168313	54.854219	3.890495	0.012885	8.4
288	-0.181565	54.158856	3.926489	0.016712	13.7
289	-0.170043	53.621041	3.954788	0.019966	6.8
290	-0.187864	54.621041	3.902491	0.012373	7.1
291	-0.198714	55.621036	3.851559	0.015247	6.8
292	-0.148871	56.621036	3.801939	0.013590	11.6
293	-0.186299	57.621036	3.753581	0.012079	5.9
294	-0.169295	58.620346	3.706470	0.022259	9.3
295	-0.174388	59.611225	3.660910	0.011199	16.8
296	-0.179595	58.916931	3.692715	0.017288	12.5
297	-0.158004	58.221673	3.725122	0.018131	17.9
298	-0.186244	57.666981	3.751389	0.024719	15.1
299	-0.177214	56.971598	3.784845	0.023035	17.5
300	-0.202443	56.276161	3.818906	0.020691	13.5
301	-0.160060	55.580852	3.853580	0.017248	6.9
302	-0.183113	56.580852	3.803908	0.028083	15.6
303	-0.144654	55.885415	3.838315	0.009694	10.2
304	-0.181669	56.885415	3.789033	0.013440	13.0
305	-0.180841	56.194700	3.822936	0.015325	7.7
306	-0.154874	57.032279	3.781902	0.022267	10.7
307	-0.168696	56.336842	3.815910	0.020819	5.7
308	-0.191064	55.641405	3.850535	0.012017	12.6
309	-0.151572	55.891738	3.837999	0.015432	13.8
310	-0.180716	55.196954	3.872995	0.016716	6.8
311	-0.166671	54.501737	3.908657	0.022119	16.3
312	-0.155588	53.806300	3.944994	0.016894	15.4
313	-0.176425	53.110864	3.982013	0.025360	16.6
314	-0.176018	52.415427	4.019733	0.025514	14.9
315	-0.173453	53.415427	3.965716	0.016291	15.1
316	-0.174718	54.402645	3.913794	0.014735	10.5
317	-0.165000	55.399263	3.862739	0.023840	8.7
318	-0.174649	56.399254	3.812833	0.015114	13.8
319	-0.173049	55.866044	3.839282	0.011107	10.5
320	-0.206633	56.866042	3.789976	0.012710	6.7
321	-0.164752	56.352884	3.815119	0.017924	17.0
322	-0.169951	57.352879	3.766427	0.017727	16.2
323	-0.195447	56.657442	3.800156	0.020965	9.9
324	-0.174119	55.962006	3.834495	0.021214	30.4
325	-0.176724	55.266569	3.869460	0.017411	15.7
326	-0.196846	54.571132	3.905068	0.013116	19.8
327	-0.197274	55.571132	3.854069	0.011299	13.7
328	-0.158259	55.359550	3.864748	0.010904	17.3
329	-0.176549	55.174943	3.874114	0.010364	10.3
330	-0.154054	54.485107	3.909519	0.015757	13.6
331	-0.191664	53.789688	3.945871	0.014109	14.2
332	-0.137901	54.659194	3.900523	0.013568	7.4
333	-0.206863	55.659194	3.849642	0.012133	13.4
334	-0.181542	54.963799	3.884882	0.017459	13.7
335	-0.193642	54.273176	3.920526	0.006011	6.9
336	-0.159748	55.142642	3.875758	0.023729	13.8
337	-0.178162	54.447825	3.911450	0.016580	11.9
338	-0.168025	54.977724	3.884170	0.023486	12.5
339	-0.183265	55.977724	3.833712	0.014938	8.4
340	-0.160082	56.977711	3.784548	0.015541	10.6
341	-0.195330	57.837487	3.743275	0.016839	6.1
342	-0.167766	58.837487	3.696389	0.015324	14.5
343	-0.170525	58.153253	3.728342	0.014604	10.6
344	-0.175536	57.457816	3.761390	0.011553	13.4
345	-0.152784	56.762840	3.795006	0.006782	8.8
346	-0.160314	57.761095	3.746906	0.007973	10.3
347	-0.157668	57.657759	3.751829	0.010284	7.3
348	-0.162711	56.962928	3.785266	0.016196	13.4
349	-0.164656	57.962928	3.737329	0.013109	9.8
350	-0.170692	57.267870	3.770518	0.016313	6.5
351	-0.157371	58.194871	3.726383	0.016447	24.8
352	-0.128030	57.499435	3.759396	0.020527	16.6
353	-0.155627	58.499435	3.712107	0.016202	20.3
354	-0.179119	59.499435	3.665994	0.008525	18.8
355	-0.182016	58.804023	3.697939	0.012484	13.7
356	-0.188571	58.108591	3.730447	0.011137	14.8
357	-0.149670	59.108589	3.683880	0.011591	16.3
358	-0.157732	60.105341	3.638607	0.016155	25.9
359	-0.164393	59.452765	3.668120	0.015008	9.8
360	-0.170244	59.188015	3.680231	0.012455	27.9
361	-0.185825	58.492579	3.712427	0.021707	12.4
362	-0.169857	59.492579	3.666306	0.017580	13.0
363	-0.169688	60.492579	3.621317	0.010609	17.3
364	-0.195412	59.797143	3.652486	0.013991	14.9
365	-0.172373	59.104517	3.684067	0.015323	9.3
366	-0.187089	58.409086	3.716331	0.014093	14.0
367	-0.176726	59.406806	3.670217	0.008738	10.2
368	-0.180884	58.711568	3.702228	0.012049	7.3
369	-0.182722	59.711559	3.656359	0.012388	9.9
370	-0.181835	60.711558	3.611612	0.025392	10.7
371	-0.160624	60.016121	3.642614	0.013624	14.4
372	-0.182791	59.320684	3.674152	0.027666	12.5
373	-0.162017	60.320684	3.628971	0.017101	6.7
374	-0.146094	61.320684	3.584888	0.008903	14.0
375	-0.141710	62.320674	3.541863	0.016056	11.7
376	-0.145994	61.625327	3.571670	0.020600	6.0
377	-0.165853	60.929890	3.601987	0.014234	13.4
378	-0.180575	61.929890	3.558553	0.023317	12.2
379	-0.169390	61.248404	3.588038	0.025054	7.2
380	-0.206934	62.248404	3.544938	0.014950	15.2
381	-0.206453	61.552967	3.574801	0.012600	12.1
382	-0.170699	61.054878	3.596501	0.011637	15.6
383	-0.150157	60.362052	3.627126	0.018978	11.8
384	-0.170251	59.666615	3.658396	0.020098	8.5
385	-0.158679	60.666615	3.613599	0.014607	14.1
386	-0.151326	61.396121	3.581606	0.011078	13.2
387	-0.161971	62.388750	3.538972	0.020944	5.6
388	-0.198855	63.363979	3.498062	0.018023	16.9
389	-0.161518	62.668542	3.527137	0.027543	12.9
390	-0.161436	61.973105	3.556700	0.018162	14.7
391	-0.158168	61.277668	3.586762	0.020315	14.9
392	-0.179534	60.582232	3.617337	0.016810	5.8
393	-0.164898	59.886799	3.648437	0.016361	17.5
394	-0.176158	60.886799	3.603883	0.023672	9.5
395	-0.141664	60.193545	3.634654	0.017531	14.2
396	-0.176690	59.498108	3.666054	0.010330	18.8
397	-0.180167	60.498108	3.621071	0.013314	28.8
398	-0.140663	59.802742	3.652233	0.015609	9.3
399	-0.187058	59.130539	3.682871	0.019615	20.9
400	-0.180779	58.435103	3.715114	0.019724	15.8
401	-0.180311	59.435102	3.668926	0.024341	15.1
402	-0.177366	58.739666	3.700924	0.010494	6.7
403	-0.179564	59.696825	3.657026	0.011531	12.3
404	-0.181836	60.696523	3.612276	0.013669	11.2
405	-0.164735	61.696441	3.568599	0.011645	7.2
406	-0.152945	61.007339	3.598586	0.006960	10.6
407	-0.158712	62.004779	3.555343	0.014004	13.7
408	-0.181397	62.683386	3.526512	0.013140	8.1
409	-0.187095	63.683378	3.484868	0.018866	12.5
410	-0.163270	62.987941	3.513724	0.017215	16.4
411	-0.178546	62.292504	3.543061	0.019873	10.1
412	-0.159205	61.597068	3.572892	0.020118	8.1
413	-0.179627	60.901631	3.603230	0.018943	15.8
414	-0.156414	61.901628	3.559766	0.020344	29.6
415	-0.145592	62.901628	3.517339	0.012770	16.3
416	-0.165180	63.901197	3.475928	0.015021	20.7
417	-0.159509	63.205760	3.504635	0.012443	12.0
418	-0.141846	64.204089	3.463571	0.024587	18.4
419	-0.143719	63.508652	3.492074	0.009355	13.2
420	-0.168340	62.813223	3.521049	0.017738	13.7
421	-0.202285	62.554408	3.531955	0.008175	12.9
422	-0.188099	63.547321	3.490476	0.011235	8.3
423	-0.188211	64.539587	3.449987	0.018764	17.6
424	-0.162719	64.125971	3.466750	0.016595	11.8
425	-0.164793	63.430534	3.495305	0.009988	16.6
426	-0.179586	62.735098	3.524334	0.021819	12.4
427	-0.175540	63.735051	3.482743	0.010054	15.5
428	-0.179916	63.039614	3.511563	0.014794	13.8
429	-0.177246	62.344177	3.540864	0.012425	5.8
430	-0.162307	61.648741	3.570658	0.016360	15.6
431	-0.163005	60.979632	3.599802	0.014696	12.9
432	-0.194217	60.284841	3.630571	0.012247	17.0
433	-0.177893	59.589405	3.661901	0.020016	13.2
434	-0.163092	60.588306	3.617068	0.014648	8.6
435	-0.182581	59.899465	3.647866	0.018628	13.3
436	-0.180815	59.205094	3.679447	0.017225	12.8
437	-0.168769	58.545471	3.709959	0.015225	15.0
438	-0.177333	59.545471	3.663898	0.016373	14.5
439	-0.169032	60.545471	3.618968	0.021914	6.0
440	-0.182699	59.850034	3.650097	0.024130	18.8
441	-0.154746	60.850034	3.605502	0.031603	8.8
442	-0.173174	60.154597	3.636398	0.014528	24.6
443	-0.172944	61.154594	3.592135	0.017484	7.3
444	-0.171766	61.215362	3.589480	0.021184	16.5
445	-0.176476	60.519925	3.620102	0.015072	13.1
446	-0.180872	61.519925	3.576232	0.017503	20.1
447	-0.159115	62.519922	3.533414	0.011134	11.8
448	-0.190810	63.519861	3.491610	0.012584	16.1
449	-0.156803	62.833726	3.520187	0.017232	16.5
450	-0.158402	63.664697	3.485637	0.015232	27.1
451	-0.174058	62.969261	3.514505	0.023833	22.5
452	-0.194591	62.882384	3.518145	0.031488	32.1
453	-0.145751	63.882384	3.476698	0.008608	10.9
454	-0.184680	64.223777	3.462771	0.012625	6.6
455	-0.171112	65.221462	3.422703	0.007203	13.7
456	-0.165866	64.619121	3.446782	0.017019	6.9
457	-0.177076	65.618707	3.407006	0.009417	6.9
458	-0.182903	64.924619	3.434527	0.019850	16.6
459	-0.161922	65.601198	3.407695	0.020083	11.5
460	-0.167529	66.601198	3.368794	0.011279	7.5
461	-0.168902	65.905761	3.395752	0.018859	12.3
462	-0.180327	65.219664	3.422774	0.019330	13.2
463	-0.160793	66.219664	3.383531	0.012888	21.0
464	-0.197008	65.524232	3.410726	0.009197	27.4
465	-0.185050	66.517908	3.372000	0.014382	8.6
466	-0.164146	65.825899	3.398876	0.019287	48.5
467	-0.182367	65.285893	3.420147	0.015557	38.4
468	-0.177468	66.285893	3.380964	0.021242	27.4
469	-0.166611	67.285893	3.342668	0.013869	25.0
470	-0.195373	66.712856	3.364506	0.020327	30.5
471	-0.153948	67.712856	3.326580	0.008410	17.5
472	-0.166744	68.585047	3.294193	0.019832	27.2
473	-0.164430	67.937510	3.318177	0.026505	18.9
474	-0.153163	67.242074	3.344328	0.013153	15.9
475	-0.178062	66.546693	3.370892	0.014092	17.1
476	-0.156579	65.852029	3.397853	0.010478	21.4
477	-0.182940	65.156596	3.425280	0.022556	46.6
478	-0.167927	66.156593	3.385979	0.010419	15.5
479	-0.172248	65.461156	3.413214	0.017231	9.6
480	-0.157176	64.765720	3.440890	0.017545	11.4
481	-0.182675	64.070283	3.469019	0.023258	17.8
482	-0.198018	65.070282	3.428715	0.013538	15.4
483	-0.168225	64.374845	3.456644	0.017276	15.2
484	-0.194325	63.679409	3.485032	0.025330	11.4
485	-0.158954	64.679409	3.444356	0.012375	14.7
486	-0.139845	63.984703	3.472512	0.013390	16.8
487	-0.199312	64.983511	3.432175	0.019906	6.1
488	-0.195581	64.288074	3.460161	0.021071	15.7
489	-0.171796	63.592686	3.488605	0.021782	13.5
490	-0.182711	62.897249	3.517522	0.013161	12.0
491	-0.172860	62.201861	3.546921	0.017769	10.8
492	-0.159672	63.157387	3.506649	0.014368	9.5
493	-0.152980	62.461984	3.535866	0.027218	12.3
494	-0.163589	61.767871	3.565519	0.019984	15.3
495	-0.185212	61.072434	3.595731	0.013974	8.7
496	-0.201281	62.072434	3.552447	0.031534	12.7
497	-0.165947	61.376997	3.582437	0.013322	13.0
498	-0.187242	62.376997	3.539471	0.007317	11.9
499	-0.203826	63.026522	3.512110	0.022540	9.0
Time spent in resolution 0 (ITK initialization and iterating): 6.556 s.
Stopping condition: Maximum number of iterations has been reached.
Settings of AdaptiveStochasticGradientDescent in resolution 0:
( SP_a 295.110427 )
( SP_A 20.000000 )
( SP_alpha 1.000000 )
( SigmoidMax 1.000000 )
( SigmoidMin -0.695437 )
( SigmoidScale 0.000007 )



=============== start of TransformParameterFile ===============
(Transform "EulerTransform")
(NumberOfParameters 6)
(TransformParameters -0.006368 0.002662 -0.015911 -0.577935 -1.444013 -14.293759)
(InitialTransformParametersFileName "NoInitialTransform")
(UseBinaryFormatForTransformationParameters "false")
(HowToCombineTransforms "Compose")

// Image specific
(FixedImageDimension 3)
(MovingImageDimension 3)
(FixedInternalImagePixelType "float")
(MovingInternalImagePixelType "float")
(Size 256 256 30)
(Index 0 0 0)
(Spacing 0.7031250000 0.7031250000 3.0000000000)
(Origin -71.1124725342 -61.4620323181 11.8186416626)
(Direction 1.0000000000 0.0000000000 0.0000000000 0.0000000000 1.0000000000 0.0000000000 0.0000000000 0.0000000000 1.0000000000)
(UseDirectionCosines "false")

// EulerTransform specific
(CenterOfRotationPoint 18.5359649658 28.1864051819 55.3186416626)
(ComputeZYX "false")

// ResampleInterpolator specific
(ResampleInterpolator "FinalBSplineInterpolator")
(FinalBSplineInterpolationOrder 3)

// Resampler specific
(Resampler "DefaultResampler")
(DefaultPixelValue 0.000000)
(ResultImageFormat "nii.gz")
(ResultImagePixelType "short")
(CompressResultImage "false")

=============== end of TransformParameterFile ===============

Creating the TransformParameterFile took 0.01s

Registration result checksum: 918427811

Skipping applying final transform, no resulting output image generated.

Final metric value  = -0.203826
Settings of AdaptiveStochasticGradientDescent for all resolutions:
( SP_a 295.110427 )
( SP_A 20.000000 )
( SP_alpha 1.000000 )
( SigmoidMax 1.000000 )
( SigmoidMin -0.695437 )
( SigmoidScale 0.000007 )

Time spent on saving the results, applying the final transform etc.: 8 ms.
Running elastix with parameter file 0: "/Users/sakinkirti/Programming/Python/CCIPD/racial-disparity-pca/code_matlab/rigid.txt", has finished.


Current time: Mon May 23 13:41:04 2022.
Time used for running elastix with this parameter file:
  6.7s.

-------------------------------------------------------------------------

Total time elapsed: 6.8s.

