
elastix is started at Mon May 23 08:25:38 2022.

which elastix:   /Users/sakinkirti/Programming/Python/CCIPD/racial-disparity-pca/code_matlab/elastix-5.0.0-mac/bin/elastix
elastix runs at: Sakins-MBP.hsd1.ca.comcast.net
  macOS 12.3.1 (x64), 21E258
  with 8192 MB memory, and 2 cores @ 2300 MHz.
-------------------------------------------------------------------------

Running elastix with parameter file 0: "/Users/sakinkirti/Programming/Python/CCIPD/racial-disparity-pca/code_matlab/rigid.txt".

Current time: Mon May 23 08:25:38 2022.
Reading the elastix parameters from file ...

Installing all components.
InstallingComponents was successful.

ELASTIX version: 5.000
Command line options from ElastixBase:
-f        /Users/sakinkirti/Programming/Python/CCIPD/racial-disparity-pca/dataset/to_nifti_cleaned/prostate-000720b/ADC.nii.gz
-m        /Users/sakinkirti/Programming/Python/CCIPD/racial-disparity-pca/dataset/to_nifti_cleaned/prostate-000720b/T2W.nii.gz
-fMask    unspecified, so no fixed mask used
-mMask    unspecified, so no moving mask used
-out      /Users/sakinkirti/Programming/Python/CCIPD/racial-disparity-pca/dataset/to_nifti_cleaned/prostate-000720b/
-p        /Users/sakinkirti/Programming/Python/CCIPD/racial-disparity-pca/code_matlab/rigid.txt
-threads  unspecified, so all available threads are used
Command line options from TransformBase:
-t0       unspecified, so no initial transform used

=============== start of ParameterFile: /Users/sakinkirti/Programming/Python/CCIPD/racial-disparity-pca/code_matlab/rigid.txt ===============
// Example parameter file for rotation registration
// C-style comments: //

// The internal pixel type, used for internal computations
// Leave to float in general. 
// NB: this is not the type of the input images! The pixel 
// type of the input images is automatically read from the 
// images themselves.
// This setting can be changed to "short" to save some memory
// in case of very large 3D images.
(FixedInternalImagePixelType "float")
(MovingInternalImagePixelType "float")

// The dimensions of the fixed and moving image
// Up to elastix 4.5 this had to be specified by the user.
// From elastix 4.6, this is not necessary anymore.
//(FixedImageDimension 3)
//(MovingImageDimension 3)

// Specify whether you want to take into account the so-called
// direction cosines of the images. Recommended: true.
// In some cases, the direction cosines of the image are corrupt,
// due to image format conversions for example. In that case, you 
// may want to set this option to "false".
(UseDirectionCosines "false")

// **************** Main Components **************************

// The following components should usually be left as they are:
(Registration "MultiResolutionRegistration")
(Interpolator "BSplineInterpolator")
(ResampleInterpolator "FinalBSplineInterpolator")
(Resampler "DefaultResampler")

// These may be changed to Fixed/MovingSmoothingImagePyramid.
// See the manual.
(FixedImagePyramid "FixedRecursiveImagePyramid")
(MovingImagePyramid "MovingRecursiveImagePyramid")

// The following components are most important:
// The optimizer AdaptiveStochasticGradientDescent (ASGD) works
// quite ok in general. The Transform and Metric are important
// and need to be chosen careful for each application. See manual.
(Optimizer "AdaptiveStochasticGradientDescent")
(Transform "EulerTransform")
(Metric "AdvancedMattesMutualInformation")

// ***************** Transformation **************************

// Scales the rotations compared to the translations, to make
// sure they are in the same range. In general, it's best to  
// use automatic scales estimation:
(AutomaticScalesEstimation "true")

// Automatically guess an initial translation by aligning the
// geometric centers of the fixed and moving.
(AutomaticTransformInitialization "true")

// Whether transforms are combined by composition or by addition.
// In generally, Compose is the best option in most cases.
// It does not influence the results very much.
(HowToCombineTransforms "Compose")

// ******************* Similarity measure *********************

// Number of grey level bins in each resolution level,
// for the mutual information. 16 or 32 usually works fine.
// You could also employ a hierarchical strategy:
//(NumberOfHistogramBins 16 32 64)
(NumberOfHistogramBins 32)

// If you use a mask, this option is important. 
// If the mask serves as region of interest, set it to false.
// If the mask indicates which pixels are valid, then set it to true.
// If you do not use a mask, the option doesn't matter.
(ErodeMask "false")

// ******************** Multiresolution **********************

// The number of resolutions. 1 Is only enough if the expected
// deformations are small. 3 or 4 mostly works fine. For large
// images and large deformations, 5 or 6 may even be useful.
(NumberOfResolutions 1)

// The downsampling/blurring factors for the image pyramids.
// By default, the images are downsampled by a factor of 2
// compared to the next resolution.
// So, in 2D, with 4 resolutions, the following schedule is used:
//(ImagePyramidSchedule 8 8  4 4  2 2  1 1 )
// And in 3D:
//(ImagePyramidSchedule 8 8 8  4 4 4  2 2 2  1 1 1 )
// You can specify any schedule, for example:
//(ImagePyramidSchedule 4 4  4 3  2 1  1 1 )
// Make sure that the number of elements equals the number
// of resolutions times the image dimension.

// ******************* Optimizer ****************************

// Maximum number of iterations in each resolution level:
// 200-500 works usually fine for rigid registration.
// For more robustness, you may increase this to 1000-2000.
(MaximumNumberOfIterations 500)

// The step size of the optimizer, in mm. By default the voxel size is used.
// which usually works well. In case of unusual high-resolution images
// (eg histology) it is necessary to increase this value a bit, to the size
// of the "smallest visible structure" in the image:
//(MaximumStepLength 1.0)

// **************** Image sampling **********************

// Number of spatial samples used to compute the mutual
// information (and its derivative) in each iteration.
// With an AdaptiveStochasticGradientDescent optimizer,
// in combination with the two options below, around 2000
// samples may already suffice.
(NumberOfSpatialSamples 2000)

// Refresh these spatial samples in every iteration, and select
// them randomly. See the manual for information on other sampling
// strategies.
(NewSamplesEveryIteration "true")
(ImageSampler "Random")

// ************* Interpolation and Resampling ****************

// Order of B-Spline interpolation used during registration/optimisation.
// It may improve accuracy if you set this to 3. Never use 0.
// An order of 1 gives linear interpolation. This is in most 
// applications a good choice.
(BSplineInterpolationOrder 1)

// Order of B-Spline interpolation used for applying the final
// deformation.
// 3 gives good accuracy; recommended in most cases.
// 1 gives worse accuracy (linear interpolation)
// 0 gives worst accuracy, but is appropriate for binary images
// (masks, segmentations); equivalent to nearest neighbor interpolation.
(FinalBSplineInterpolationOrder 3)

//Default pixel value for pixels that come from outside the picture:
(DefaultPixelValue 0)

// Choose whether to generate the deformed moving image.
// You can save some time by setting this to false, if you are
// only interested in the final (nonrigidly) deformed moving image
// for example.
(WriteResultImage "false")

// The pixel type and format of the resulting deformed moving image
(ResultImagePixelType "short")
(ResultImageFormat "nii.gz")




=============== end of ParameterFile: /Users/sakinkirti/Programming/Python/CCIPD/racial-disparity-pca/code_matlab/rigid.txt ===============


Reading images...
Reading images took 119 ms.

WARNING: the fixed pyramid schedule is not fully specified!
  A default pyramid schedule is used.
WARNING: the moving pyramid schedule is not fully specified!
  A default pyramid schedule is used.
WARNING: The parameter "AutomaticTransformInitializationMethod", requested at entry number 0, does not exist at all.
  The default value "GeometricalCenter" is used instead.
Transform parameters are initialized as: [0, 0, 0, 0.5041618347167969, 5.623088836669922, -1.2074060440063477]
Scales are estimated automatically.
Scales for transform parameters are: [5569.453125, 4219.453125, 8488.40625, 1, 1, 1]
Initialization of all components (before registration) took: 13 ms.
Preparation of the image pyramids took: 18 ms.

Resolution: 0
WARNING: The parameter "ShowExactMetricValue", requested at entry number 0, does not exist at all.
  The default value "false" is used instead.
WARNING: The parameter "CheckNumberOfSamples", requested at entry number 0, does not exist at all.
  The default value "true" is used instead.
WARNING: The parameter "UseMultiThreadingForMetrics", requested at entry number 0, does not exist at all.
  The default value "true" is used instead.
Setting the fixed masks took: 0 ms.
Setting the moving masks took: 0 ms.
WARNING: The parameter "NumberOfFixedHistogramBins", requested at entry number 0, does not exist at all.
  The default value "32" is used instead.
WARNING: The parameter "NumberOfMovingHistogramBins", requested at entry number 0, does not exist at all.
  The default value "32" is used instead.
WARNING: The parameter "FixedLimitRangeRatio", requested at entry number 0, does not exist at all.
  The default value "0.01" is used instead.
WARNING: The parameter "MovingLimitRangeRatio", requested at entry number 0, does not exist at all.
  The default value "0.01" is used instead.
WARNING: The parameter "FixedKernelBSplineOrder", requested at entry number 0, does not exist at all.
  The default value "0" is used instead.
WARNING: The parameter "MovingKernelBSplineOrder", requested at entry number 0, does not exist at all.
  The default value "3" is used instead.
WARNING: The parameter "UseFastAndLowMemoryVersion", requested at entry number 0, does not exist at all.
  The default value "true" is used instead.
WARNING: The parameter "UseJacobianPreconditioning", requested at entry number 0, does not exist at all.
  The default value "false" is used instead.
WARNING: The parameter "FiniteDifferenceDerivative", requested at entry number 0, does not exist at all.
  The default value "false" is used instead.
WARNING: The parameter "SP_A", requested at entry number 0, does not exist at all.
  The default value "20" is used instead.
WARNING: The parameter "MaximumNumberOfSamplingAttempts", requested at entry number 0, does not exist at all.
  The default value "0" is used instead.
WARNING: The parameter "SigmoidInitialTime", requested at entry number 0, does not exist at all.
  The default value "0" is used instead.
WARNING: The parameter "MaxBandCovSize", requested at entry number 0, does not exist at all.
  The default value "192" is used instead.
WARNING: The parameter "NumberOfBandStructureSamples", requested at entry number 0, does not exist at all.
  The default value "10" is used instead.
WARNING: The parameter "UseAdaptiveStepSizes", requested at entry number 0, does not exist at all.
  The default value "true" is used instead.
WARNING: The parameter "AutomaticParameterEstimation", requested at entry number 0, does not exist at all.
  The default value "true" is used instead.
WARNING: The parameter "UseConstantStep", requested at entry number 0, does not exist at all.
  The default value "false" is used instead.
WARNING: The parameter "MaximumStepLengthRatio", requested at entry number 0, does not exist at all.
  The default value "1" is used instead.
WARNING: The parameter "MaximumStepLength", requested at entry number 0, does not exist at all.
  The default value "0.6875" is used instead.
WARNING: The parameter "NumberOfGradientMeasurements", requested at entry number 0, does not exist at all.
  The default value "0" is used instead.
WARNING: The parameter "NumberOfJacobianMeasurements", requested at entry number 0, does not exist at all.
  The default value "1000" is used instead.
WARNING: The parameter "NumberOfSamplesForExactGradient", requested at entry number 0, does not exist at all.
  The default value "100000" is used instead.
WARNING: The parameter "SigmoidScaleFactor", requested at entry number 0, does not exist at all.
  The default value "0.1" is used instead.
Elastix initialization of all components (for this resolution) took: 1 ms.
  Computing the fixed image extrema took 9 ms.
  Computing the moving image extrema took 7 ms.
Initialization of AdvancedMattesMutualInformation metric took: 102 ms.
Starting automatic parameter estimation for AdaptiveStochasticGradientDescent ...
WARNING: The parameter "ASGDParameterEstimationMethod", requested at entry number 0, does not exist at all.
  The default value "Original" is used instead.
  Computing JacobianTerms ...
  Computing the Jacobian terms took 0.004121s
  NumberOfGradientMeasurements to estimate sigma_i: 6
  Sampling gradients ...
  Sampling the gradients took 0.439696s
Automatic parameter estimation took 0.45s
1:ItNr	2:Metric	3a:Time	3b:StepSize	4:||Gradient||	Time[ms]
0	-0.156196	0.000000	3.803189	0.025988	550.9
1	-0.176398	0.000000	3.803189	0.017333	2.2
2	-0.142930	0.153884	3.775522	0.021314	4.0
3	-0.137087	0.000000	3.803189	0.021570	4.1
4	-0.151181	0.189385	3.769197	0.019074	4.0
5	-0.141332	0.000000	3.803189	0.034418	2.1
6	-0.150593	0.000000	3.803189	0.031400	2.0
7	-0.187456	0.999999	3.630316	0.029443	3.3
8	-0.143061	1.999999	3.472477	0.018922	6.2
9	-0.171269	2.999999	3.327790	0.012683	2.1
10	-0.157983	3.778663	3.223215	0.025107	2.0
11	-0.134813	2.915462	3.339553	0.010548	5.0
12	-0.159108	2.052867	3.464513	0.031261	5.3
13	-0.140242	1.782176	3.505677	0.034881	2.7
14	-0.173563	2.782176	3.358270	0.032955	2.1
15	-0.157178	3.782176	3.222758	0.031410	1.9
16	-0.181105	4.782176	3.097759	0.043146	4.4
17	-0.137773	4.162065	3.174102	0.010292	5.2
18	-0.160318	5.105718	3.059367	0.029786	2.8
19	-0.140568	4.243917	3.163810	0.023547	2.3
20	-0.157016	3.380235	3.275890	0.073694	1.9
21	-0.172138	4.380235	3.146817	0.022731	5.4
22	-0.157043	3.516518	3.257679	0.028259	2.9
23	-0.157032	3.062601	3.319132	0.027204	2.0
24	-0.146530	4.062601	3.186699	0.041477	2.7
25	-0.189940	3.199892	3.300302	0.019858	4.4
26	-0.161300	4.199892	3.169337	0.033415	2.8
27	-0.140770	3.336175	3.281821	0.031211	4.6
28	-0.106397	4.336166	3.152291	0.024040	2.0
29	-0.182002	5.336166	3.032596	0.020605	3.3
30	-0.169480	6.336165	2.921659	0.041426	3.9
31	-0.183893	7.336165	2.818552	0.028178	2.5
32	-0.142165	6.472559	2.907154	0.043408	5.0
33	-0.150190	7.472559	2.805050	0.029817	2.3
34	-0.132342	6.608842	2.892804	0.024223	3.1
35	-0.147442	7.608842	2.791688	0.017281	3.0
36	-0.191376	6.745126	2.878594	0.032606	2.6
37	-0.163163	6.916264	2.860947	0.024859	3.9
38	-0.152365	7.916264	2.762008	0.025982	2.3
39	-0.153183	8.916259	2.669684	0.022462	5.9
40	-0.163675	9.602854	2.609788	0.021813	2.8
41	-0.179152	10.602803	2.527211	0.025449	2.2
42	-0.153727	9.894316	2.585167	0.037901	2.1
43	-0.165721	10.894316	2.504113	0.045505	4.4
44	-0.147792	10.030600	2.573813	0.029764	3.7
45	-0.143919	9.166886	2.647504	0.054443	2.1
46	-0.171780	8.303169	2.725540	0.029474	3.0
47	-0.148856	7.439453	2.808316	0.028313	4.7
48	-0.145938	7.860839	2.767312	0.035374	5.3
49	-0.169214	6.997127	2.852684	0.053851	2.5
50	-0.189228	7.997127	2.754306	0.017285	2.0
51	-0.159810	8.877466	2.673150	0.038361	3.6
52	-0.139438	9.877400	2.586583	0.014457	7.2
53	-0.145499	10.618320	2.525971	0.024641	2.7
54	-0.192546	9.760408	2.596421	0.025652	2.0
55	-0.129309	10.728646	2.517188	0.014067	3.6
56	-0.162855	9.874382	2.586836	0.017056	7.4
57	-0.129890	9.501694	2.618443	0.014726	2.8
58	-0.153413	8.998461	2.662369	0.017287	1.9
59	-0.159232	9.996513	2.576643	0.033031	4.0
60	-0.146665	10.931061	2.501231	0.021832	4.2
61	-0.127023	10.123302	2.566147	0.024461	3.9
62	-0.143221	9.259591	2.639393	0.022989	2.1
63	-0.170418	8.395939	2.716939	0.027979	2.0
64	-0.148098	7.632342	2.789397	0.014472	4.5
65	-0.168379	8.632308	2.695266	0.034617	3.1
66	-0.130342	7.771511	2.775904	0.022925	3.3
67	-0.167830	8.771179	2.682694	0.040537	2.7
68	-0.165953	9.771170	2.595513	0.022412	3.1
69	-0.163701	10.771170	2.513819	0.025636	6.6
70	-0.189437	11.771041	2.437120	0.020985	3.0
71	-0.158713	10.909236	2.502942	0.024570	2.0
72	-0.161721	10.046714	2.572477	0.017602	3.7
73	-0.192363	9.183484	2.646048	0.020913	3.7
74	-0.171937	10.183405	2.561201	0.023952	4.7
75	-0.158814	11.183390	2.481620	0.021544	3.2
76	-0.146081	10.319674	2.550057	0.033426	3.1
77	-0.179767	11.319674	2.471156	0.016908	2.7
78	-0.149653	10.455958	2.539009	0.032016	5.8
79	-0.143662	11.455956	2.460780	0.023488	2.3
80	-0.154537	10.594073	2.527910	0.024032	2.9
81	-0.148595	9.845311	2.589274	0.028295	3.9
82	-0.155502	8.981596	2.663866	0.028412	3.8
83	-0.119928	9.981591	2.577884	0.025235	3.7
84	-0.131590	10.981590	2.497279	0.021031	3.4
85	-0.166696	11.911469	2.426721	0.021386	3.9
86	-0.174934	12.825920	2.361117	0.022975	4.0
87	-0.152395	13.213323	2.334382	0.027551	4.4
88	-0.173921	14.172834	2.270700	0.018674	5.3
89	-0.166470	15.163213	2.208514	0.011548	9.8
90	-0.182521	15.150251	2.209306	0.051881	4.1
91	-0.167856	14.329393	2.260638	0.034481	3.9
92	-0.147344	13.465677	2.317290	0.021048	3.7
93	-0.164578	14.465651	2.251952	0.034436	3.0
94	-0.163773	15.465385	2.190213	0.012325	2.4
95	-0.186310	14.601723	2.243345	0.029935	2.3
96	-0.159412	15.588228	2.182859	0.020780	2.4
97	-0.163817	14.733341	2.235082	0.025056	2.2
98	-0.185000	14.028745	2.280041	0.033326	2.2
99	-0.146416	15.028744	2.216757	0.008922	2.3
100	-0.149563	16.028565	2.156901	0.024978	2.2
101	-0.176654	16.675058	2.119889	0.025057	2.4
102	-0.150443	17.643001	2.066790	0.035677	2.6
103	-0.150654	18.643001	2.014655	0.025275	2.6
104	-0.124667	19.378617	1.977952	0.054949	2.5
105	-0.184958	18.890433	2.002158	0.027264	2.6
106	-0.164017	18.899442	2.001706	0.045225	2.4
107	-0.176015	18.035725	2.045997	0.018041	4.2
108	-0.157055	19.008650	1.996242	0.020472	4.2
109	-0.136862	18.145361	2.040266	0.017265	4.6
110	-0.151052	17.283692	2.086187	0.021395	2.2
111	-0.166817	16.492199	2.130229	0.006983	3.7
112	-0.153669	17.454851	2.076902	0.025213	4.8
113	-0.178527	16.644467	2.121612	0.031350	3.8
114	-0.167863	15.780750	2.171434	0.029936	3.5
115	-0.133692	16.403021	2.135308	0.013009	3.2
116	-0.178503	15.564669	2.184266	0.031801	3.5
117	-0.169376	16.564363	2.126136	0.031281	4.1
118	-0.158279	15.700646	2.176173	0.007781	4.3
119	-0.151059	16.584938	2.124972	0.025059	3.2
120	-0.162933	17.562324	2.071114	0.026234	3.2
121	-0.141368	18.273424	2.033613	0.040980	2.9
122	-0.153066	19.273424	1.983118	0.018641	4.1
123	-0.143714	20.273424	1.935070	0.019793	5.0
124	-0.148118	19.421077	1.975874	0.029414	3.1
125	-0.155611	20.403948	1.928970	0.025747	3.4
126	-0.139566	21.403948	1.883479	0.033779	4.5
127	-0.138483	22.403947	1.840085	0.012764	3.2
128	-0.144415	21.598383	1.874882	0.042626	3.2
129	-0.150843	20.734941	1.913671	0.025883	3.9
130	-0.188981	19.871225	1.954112	0.033532	2.9
131	-0.173333	19.007508	1.996299	0.023734	4.2
132	-0.153409	20.007508	1.947618	0.014718	2.1
133	-0.177336	20.385486	1.929830	0.021113	3.2
134	-0.153855	19.522139	1.970946	0.035613	5.3
135	-0.177785	18.658529	2.013866	0.044015	3.7
136	-0.168823	19.658438	1.964339	0.030716	3.3
137	-0.180268	20.658438	1.917186	0.021380	2.5
138	-0.130456	19.794757	1.957775	0.032581	8.5
139	-0.164932	18.935591	1.999894	0.030396	2.3
140	-0.159986	18.071875	2.044104	0.011642	3.5
141	-0.189934	19.070965	1.993138	0.025626	2.6
142	-0.177303	18.230219	2.035853	0.012753	4.6
143	-0.134070	17.384736	2.080696	0.027208	3.4
144	-0.174174	17.795515	2.058665	0.039479	4.6
145	-0.164478	16.931798	2.105541	0.021531	6.3
146	-0.166317	16.068085	2.154602	0.040990	4.5
147	-0.144438	17.068085	2.098003	0.015735	3.5
148	-0.165110	18.059586	2.044747	0.013816	3.0
149	-0.182214	17.585096	2.069891	0.016905	5.1
150	-0.201246	16.799342	2.112919	0.022186	3.0
151	-0.178845	17.799228	2.058468	0.013635	3.3
152	-0.174306	18.795046	2.006957	0.021811	3.2
153	-0.153495	17.931439	2.051477	0.018803	5.6
154	-0.159762	18.916694	2.000841	0.021454	4.3
155	-0.153560	19.853665	1.954952	0.028226	2.0
156	-0.142057	20.844123	1.908678	0.017562	3.6
157	-0.153337	19.980406	1.948906	0.024429	5.1
158	-0.146981	19.700089	1.962329	0.010169	2.7
159	-0.153699	20.680269	1.916181	0.020612	3.9
160	-0.137004	21.102364	1.896971	0.040458	2.8
161	-0.151476	22.102358	1.852960	0.013687	4.6
162	-0.142483	21.238641	1.890851	0.029303	3.4
163	-0.146199	20.374934	1.930322	0.033642	4.1
164	-0.153544	21.368836	1.885040	0.023333	4.5
165	-0.169910	22.008792	1.856991	0.011449	4.5
166	-0.164632	21.588290	1.875327	0.016583	3.3
167	-0.156558	21.289427	1.888580	0.032050	3.8
168	-0.160041	22.289417	1.844953	0.038671	2.9
169	-0.155791	21.425701	1.882514	0.062963	5.7
170	-0.132457	22.425701	1.839163	0.034492	2.3
171	-0.142745	23.425701	1.797765	0.023497	2.0
172	-0.185900	24.419481	1.758430	0.022462	4.9
173	-0.115532	23.762179	1.784251	0.030660	5.9
174	-0.132285	24.762176	1.745261	0.017985	3.5
175	-0.133610	23.921260	1.777932	0.013144	5.2
176	-0.139654	23.372938	1.799902	0.033337	5.9
177	-0.161739	22.510514	1.835578	0.030001	2.6
178	-0.163995	23.510513	1.794339	0.021289	2.2
179	-0.163808	24.510511	1.754912	0.025188	3.2
180	-0.161050	23.646805	1.788862	0.024950	7.3
181	-0.152362	22.783089	1.824151	0.024365	2.4
182	-0.186314	21.919376	1.860860	0.023762	4.4
183	-0.169684	21.560766	1.876539	0.017901	3.5
184	-0.169728	21.422984	1.882634	0.028016	2.9
185	-0.187345	20.559267	1.921761	0.013552	6.2
186	-0.158518	21.033239	1.900091	0.047050	4.5
187	-0.175799	21.190653	1.893001	0.023848	4.7
188	-0.132884	22.190653	1.849172	0.028152	3.2
189	-0.167639	21.653986	1.872438	0.031715	4.5
190	-0.165106	21.236867	1.890930	0.025328	3.2
191	-0.128619	22.236867	1.847196	0.017444	4.2
192	-0.161359	21.404890	1.883437	0.031259	2.5
193	-0.171275	22.404889	1.840045	0.025623	4.1
194	-0.149441	21.541469	1.877391	0.053964	2.5
195	-0.153378	22.541469	1.834273	0.035206	4.4
196	-0.163681	23.541469	1.793092	0.028093	4.0
197	-0.162568	22.677752	1.828550	0.015193	3.5
198	-0.178899	21.856737	1.863580	0.035424	3.3
199	-0.162624	20.993106	1.901906	0.027722	2.8
200	-0.146560	20.239397	1.936666	0.016587	4.1
201	-0.133723	19.376863	1.978038	0.025946	3.3
202	-0.176524	20.376341	1.930257	0.031996	2.6
203	-0.140095	19.512625	1.971409	0.027918	3.2
204	-0.150265	20.511623	1.923966	0.026119	4.6
205	-0.156431	21.511620	1.878709	0.025551	4.0
206	-0.178047	22.511612	1.835532	0.051583	2.3
207	-0.147940	23.509319	1.794387	0.041122	2.8
208	-0.136429	24.509319	1.754958	0.017113	4.2
209	-0.138214	23.645603	1.788910	0.021182	3.3
210	-0.171530	23.052989	1.812975	0.022368	2.8
211	-0.138236	22.877894	1.820209	0.034222	3.2
212	-0.175684	22.014212	1.856757	0.032675	3.5
213	-0.197189	21.150495	1.894805	0.024158	5.4
214	-0.142991	20.286879	1.934439	0.013715	2.7
215	-0.160555	21.135410	1.895483	0.020949	4.7
216	-0.157807	21.684047	1.871120	0.018889	3.5
217	-0.139548	22.683015	1.828330	0.027606	5.1
218	-0.163940	23.682288	1.787441	0.018753	2.2
219	-0.153007	24.682263	1.748314	0.023546	2.5
220	-0.109965	25.662216	1.711598	0.013362	3.8
221	-0.129343	26.661840	1.675700	0.027899	3.6
222	-0.157876	27.660836	1.641299	0.036508	4.1
223	-0.141865	26.797120	1.670958	0.016578	2.1
224	-0.173911	25.933404	1.701708	0.021775	4.1
225	-0.141734	25.181361	1.729420	0.028405	3.9
226	-0.153307	24.522653	1.754444	0.024342	3.9
227	-0.160654	25.488675	1.717987	0.020022	2.3
228	-0.148894	24.625151	1.750503	0.025003	3.7
229	-0.157556	23.774000	1.783780	0.012057	3.9
230	-0.175739	22.986344	1.815722	0.026362	3.1
231	-0.169013	22.129375	1.851800	0.022488	3.7
232	-0.176364	21.304324	1.887915	0.022174	2.7
233	-0.155035	20.440608	1.927263	0.033549	2.6
234	-0.179870	21.440608	1.881852	0.022366	3.8
235	-0.165667	22.440608	1.838532	0.033746	4.5
236	-0.158691	21.576900	1.875828	0.028070	3.0
237	-0.147078	20.716377	1.914523	0.018118	3.9
238	-0.161516	21.582126	1.875598	0.035248	4.2
239	-0.142889	22.582123	1.832562	0.023553	3.9
240	-0.143211	21.718407	1.869615	0.036567	2.7
241	-0.167341	22.446583	1.838279	0.018476	3.9
242	-0.190635	21.582870	1.875565	0.021535	3.0
243	-0.136531	20.719487	1.914380	0.018584	4.2
244	-0.147851	21.719445	1.869569	0.023951	2.8
245	-0.173195	22.706165	1.827361	0.019852	2.8
246	-0.161031	21.842700	1.864191	0.017771	3.8
247	-0.174591	22.765991	1.824863	0.023658	5.5
248	-0.189651	23.126575	1.809951	0.027729	3.5
249	-0.146542	22.374627	1.841329	0.027813	2.8
250	-0.143366	21.510910	1.878740	0.018776	4.0
251	-0.156318	20.685902	1.915923	0.011458	6.9
252	-0.169664	20.147106	1.941010	0.012013	4.2
253	-0.136536	21.094167	1.897340	0.020684	3.4
254	-0.147053	21.876148	1.862736	0.027344	6.1
255	-0.171946	21.012433	1.901032	0.011243	3.8
256	-0.164549	22.005223	1.857146	0.026267	3.3
257	-0.171877	21.145968	1.895008	0.021269	5.2
258	-0.141444	22.133072	1.851641	0.047115	9.0
259	-0.175587	21.269356	1.889477	0.036918	4.0
260	-0.156062	22.267593	1.845884	0.022769	4.2
261	-0.149959	21.403877	1.883482	0.034808	3.8
262	-0.143685	20.540160	1.922644	0.032681	3.0
263	-0.171264	21.539917	1.877459	0.036094	6.2
264	-0.160230	20.718094	1.914444	0.030486	2.6
265	-0.164710	19.854377	1.954918	0.019392	4.6
266	-0.150942	19.000048	1.996672	0.020681	2.7
267	-0.133651	19.996922	1.948121	0.023318	6.9
268	-0.152580	19.418649	1.975993	0.034211	2.9
269	-0.170179	20.320315	1.932874	0.022913	4.2
270	-0.150592	19.456614	1.974138	0.017862	6.4
271	-0.142685	18.592935	2.017202	0.020383	3.7
272	-0.155333	19.592899	1.967511	0.027428	2.3
273	-0.142594	20.592752	1.920213	0.070245	3.1
274	-0.156940	21.575793	1.875877	0.019394	4.7
275	-0.144764	22.575793	1.832829	0.020309	3.6
276	-0.151378	23.570087	1.791941	0.023166	3.5
277	-0.146038	22.706717	1.827338	0.005439	3.4
278	-0.167959	22.299662	1.844517	0.020255	6.1
279	-0.121238	21.758935	1.867843	0.011485	10.7
280	-0.167935	21.732336	1.869005	0.026590	7.4
281	-0.181367	22.625200	1.830753	0.012490	4.7
282	-0.169684	21.761506	1.867730	0.030418	3.3
283	-0.127257	22.761484	1.825051	0.022443	5.8
284	-0.169784	21.917176	1.860956	0.028137	2.7
285	-0.160191	22.916881	1.818594	0.034341	4.0
286	-0.152953	22.383121	1.840968	0.034847	2.8
287	-0.145543	21.519405	1.878365	0.019699	5.8
288	-0.160031	20.655688	1.917312	0.017432	4.0
289	-0.155186	21.626793	1.873633	0.018063	4.2
290	-0.160017	22.104528	1.852867	0.056484	5.8
291	-0.163385	21.375372	1.884749	0.024580	5.0
292	-0.168368	20.511656	1.923965	0.026448	3.9
293	-0.151905	20.210083	1.938044	0.026395	2.8
294	-0.150518	21.210083	1.892130	0.019058	6.3
295	-0.151962	22.207530	1.848450	0.023520	2.9
296	-0.139608	22.339772	1.842810	0.034016	3.6
297	-0.165482	23.323143	1.801925	0.021110	2.3
298	-0.142987	24.282702	1.763741	0.049681	7.4
299	-0.153716	25.282701	1.725633	0.016385	3.7
300	-0.140573	26.282701	1.689137	0.015307	4.9
301	-0.143747	26.893150	1.667607	0.025759	5.2
302	-0.174864	27.304735	1.653398	0.038602	4.0
303	-0.167637	28.304606	1.619868	0.020445	2.5
304	-0.171345	27.441186	1.648741	0.026067	3.6
305	-0.149366	26.577513	1.678670	0.052162	6.6
306	-0.186446	27.577513	1.644114	0.025881	2.8
307	-0.158752	28.577273	1.610959	0.022273	2.9
308	-0.149477	27.713561	1.639522	0.031104	3.0
309	-0.171453	26.849844	1.669116	0.017552	4.9
310	-0.179772	25.986128	1.699799	0.027047	3.5
311	-0.148978	26.947488	1.665717	0.019638	3.6
312	-0.165268	27.880367	1.633927	0.016251	4.2
313	-0.174648	28.878422	1.601233	0.032558	4.8
314	-0.168170	28.014726	1.629448	0.024943	3.0
315	-0.159505	27.151712	1.658653	0.024465	3.0
316	-0.177118	26.288024	1.688947	0.030581	4.4
317	-0.176519	25.424307	1.720369	0.022398	5.2
318	-0.161072	26.424307	1.684093	0.018364	2.8
319	-0.142136	25.560776	1.715327	0.025617	3.5
320	-0.167608	24.697063	1.747748	0.017485	4.4
321	-0.139988	24.545460	1.753566	0.053322	4.5
322	-0.139390	25.423661	1.720393	0.016950	3.1
323	-0.178227	24.559945	1.753008	0.028313	3.8
324	-0.158395	24.884600	1.740605	0.028224	5.1
325	-0.119215	24.020884	1.773998	0.019619	3.9
326	-0.148016	25.020838	1.735452	0.016952	3.1
327	-0.139317	25.568352	1.715048	0.022607	3.9
328	-0.172413	26.568044	1.679004	0.017602	4.8
329	-0.143060	25.704328	1.710055	0.029522	3.4
330	-0.147559	26.704328	1.674208	0.014393	3.8
331	-0.147263	25.840620	1.705079	0.023968	3.8
332	-0.156976	24.977496	1.737088	0.066629	5.4
333	-0.169765	25.977496	1.700111	0.020336	4.5
334	-0.127279	25.113780	1.731954	0.011390	3.5
335	-0.134904	24.525768	1.754324	0.040359	3.2
336	-0.160096	23.662052	1.788251	0.024613	4.4
337	-0.160387	22.798336	1.823516	0.033310	3.4
338	-0.134021	21.934619	1.860200	0.017225	3.1
339	-0.176886	21.070903	1.898389	0.037897	3.9
340	-0.151472	22.070903	1.854314	0.013081	4.4
341	-0.163940	21.460441	1.880973	0.010060	4.3
342	-0.170446	22.398680	1.840308	0.020983	3.2
343	-0.161702	21.674708	1.871529	0.014569	4.5
344	-0.156910	20.811045	1.910188	0.035565	5.3
345	-0.154925	21.811022	1.865570	0.035127	3.7
346	-0.150336	20.947306	1.903983	0.022006	3.8
347	-0.144428	20.083589	1.944011	0.016992	5.1
348	-0.144471	19.219964	1.985754	0.024004	3.9
349	-0.186835	20.214605	1.937831	0.023842	2.7
350	-0.169218	21.214605	1.891927	0.020486	4.9
351	-0.147362	20.369958	1.930554	0.037838	4.5
352	-0.170034	19.886251	1.953394	0.021495	2.6
353	-0.159799	20.886251	1.906758	0.042386	4.0
354	-0.132567	21.886251	1.862298	0.019678	3.9
355	-0.177756	21.071175	1.898377	0.021770	5.8
356	-0.179169	20.208017	1.938141	0.027821	4.5
357	-0.144723	21.207491	1.892246	0.024638	4.4
358	-0.180058	22.207491	1.848452	0.023693	5.1
359	-0.163749	23.095488	1.811227	0.020834	3.4
360	-0.153581	22.231772	1.847414	0.033116	3.7
361	-0.165344	23.231771	1.805647	0.032640	5.3
362	-0.182905	23.064477	1.812502	0.016843	3.5
363	-0.147208	22.204260	1.848590	0.025501	6.6
364	-0.207143	22.312934	1.843952	0.026192	9.1
365	-0.128121	21.832064	1.864654	0.012838	5.3
366	-0.169631	22.763312	1.824975	0.031516	4.9
367	-0.129001	21.899689	1.861714	0.017118	4.9
368	-0.157066	21.035973	1.899967	0.029055	19.0
369	-0.156415	21.563898	1.876401	0.020050	8.7
370	-0.138384	20.701688	1.915197	0.021599	5.0
371	-0.157116	21.171950	1.893841	0.022095	4.6
372	-0.171041	22.126892	1.851906	0.022410	5.6
373	-0.127428	21.340751	1.886291	0.039072	3.6
374	-0.148526	20.477200	1.925563	0.064413	4.7
375	-0.193000	21.477200	1.880231	0.028885	3.5
376	-0.151670	20.613484	1.919257	0.023392	4.5
377	-0.172137	21.613484	1.874218	0.026314	5.9
378	-0.139123	20.749767	1.912992	0.044206	2.7
379	-0.171138	21.749767	1.868243	0.032520	6.3
380	-0.149663	20.951724	1.903782	0.013223	5.6
381	-0.151816	20.088205	1.943793	0.026778	5.4
382	-0.164597	20.640276	1.918022	0.025843	7.1
383	-0.174367	21.640276	1.873040	0.034067	3.7
384	-0.144931	22.640276	1.830120	0.026709	4.5
385	-0.169018	23.630040	1.789534	0.027312	5.9
386	-0.141785	22.813279	1.822894	0.019243	4.9
387	-0.185249	23.811361	1.782293	0.015507	3.8
388	-0.175711	24.744381	1.745940	0.023863	7.8
389	-0.172452	23.881743	1.779498	0.015960	4.5
390	-0.141519	24.146299	1.769070	0.040723	3.5
391	-0.166926	24.832003	1.742602	0.026095	7.0
392	-0.173187	25.832003	1.705393	0.042527	3.0
393	-0.152120	26.804829	1.670688	0.020467	3.4
394	-0.161051	27.804829	1.636456	0.025139	2.8
395	-0.161955	26.947496	1.665717	0.028660	7.2
396	-0.161890	26.110018	1.695329	0.024867	2.8
397	-0.159975	25.247464	1.726948	0.023272	3.7
398	-0.178557	25.922047	1.702120	0.035337	5.8
399	-0.166343	26.921748	1.666612	0.024674	4.8
400	-0.147705	26.058038	1.697201	0.030394	4.5
401	-0.167969	27.055484	1.661974	0.018290	4.9
402	-0.173528	28.051070	1.628241	0.026994	4.1
403	-0.161431	28.786430	1.604191	0.025475	3.6
404	-0.159428	27.922713	1.632513	0.023168	3.3
405	-0.143393	28.921801	1.599841	0.025623	6.7
406	-0.141802	28.080343	1.627270	0.019355	2.7
407	-0.152999	29.080343	1.594777	0.064691	3.0
408	-0.139329	30.080342	1.563556	0.028683	4.3
409	-0.159644	29.442008	1.583342	0.037684	7.3
410	-0.165508	30.441916	1.552566	0.027126	4.1
411	-0.141357	31.441916	1.522960	0.034782	3.7
412	-0.136174	30.578199	1.548463	0.029506	5.0
413	-0.148379	29.714483	1.574835	0.018649	3.4
414	-0.150776	28.850823	1.602119	0.027823	4.1
415	-0.126562	27.987106	1.630367	0.025623	4.3
416	-0.152151	28.987105	1.597751	0.026578	4.7
417	-0.119842	29.810712	1.571853	0.025961	3.5
418	-0.137412	30.802774	1.541751	0.014316	3.8
419	-0.145921	31.620208	1.517800	0.018716	4.8
420	-0.176995	31.066033	1.533955	0.020592	5.3
421	-0.144307	30.203650	1.559790	0.017295	4.5
422	-0.167788	29.339944	1.586552	0.033808	7.7
423	-0.174191	28.476227	1.614249	0.026598	3.2
424	-0.156516	29.476227	1.582269	0.027312	4.7
425	-0.167694	30.476227	1.551531	0.026334	4.4
426	-0.167683	29.612511	1.578008	0.016852	3.9
427	-0.177986	28.780128	1.604394	0.026960	4.5
428	-0.163152	29.779325	1.572824	0.041576	3.6
429	-0.196353	30.779325	1.542449	0.020652	5.8
430	-0.148954	31.760453	1.513766	0.023444	4.3
431	-0.161760	30.896828	1.538956	0.017009	3.9
432	-0.154086	30.208008	1.559658	0.018052	6.1
433	-0.125642	30.211912	1.559539	0.020347	3.7
434	-0.155662	31.173596	1.530793	0.044380	4.6
435	-0.151305	30.309879	1.556561	0.026458	5.0
436	-0.147906	29.446302	1.583207	0.014961	4.0
437	-0.159647	28.803129	1.603653	0.043672	2.6
438	-0.135914	28.608614	1.609941	0.036953	3.7
439	-0.152753	29.608614	1.578130	0.008607	5.1
440	-0.166823	29.988119	1.566384	0.040911	5.1
441	-0.145948	30.155773	1.561250	0.033941	4.0
442	-0.134579	29.292057	1.588063	0.026417	3.4
443	-0.163750	28.428761	1.615799	0.017671	5.9
444	-0.183277	27.565045	1.644536	0.027307	3.5
445	-0.164858	26.701380	1.674311	0.028350	4.0
446	-0.158891	25.837963	1.705176	0.025514	5.6
447	-0.171950	24.974246	1.737211	0.017425	4.6
448	-0.149150	24.111065	1.770452	0.020093	3.6
449	-0.143230	23.690296	1.787121	0.010643	4.2
450	-0.151415	22.900890	1.819256	0.020309	5.2
451	-0.165497	23.096794	1.811174	0.030603	3.8
452	-0.143060	22.234918	1.847279	0.036817	5.1
453	-0.156752	23.234918	1.805518	0.036307	3.8
454	-0.175951	22.371201	1.841474	0.021520	3.6
455	-0.139381	21.523827	1.878170	0.012470	2.7
456	-0.176303	20.680710	1.916161	0.026598	4.5
457	-0.183160	21.680456	1.871277	0.025960	4.6
458	-0.169717	20.845031	1.908637	0.026201	3.7
459	-0.160419	19.981324	1.948862	0.012073	4.6
460	-0.148856	19.118256	1.990788	0.024234	5.2
461	-0.149034	18.256074	2.034512	0.036042	3.6
462	-0.166881	17.392536	2.080273	0.012947	4.5
463	-0.134692	16.532015	2.127969	0.031633	7.2
464	-0.158102	15.668333	2.178091	0.027509	4.1
465	-0.157370	16.668332	2.120268	0.030395	6.4
466	-0.169634	15.804616	2.170026	0.031214	6.7
467	-0.156178	16.804443	2.112634	0.026698	2.9
468	-0.168061	15.943148	2.161888	0.027346	3.5
469	-0.124731	16.943145	2.104911	0.017865	5.8
470	-0.160019	16.142205	2.150302	0.022534	5.6
471	-0.143045	15.287291	2.200962	0.021723	2.6
472	-0.156210	14.424327	2.254579	0.035983	4.2
473	-0.143858	15.392218	2.194616	0.039135	6.3
474	-0.158972	16.392218	2.135925	0.026942	3.1
475	-0.173674	15.528501	2.186429	0.022437	2.2
476	-0.189925	16.528501	2.128168	0.016686	4.2
477	-0.170758	15.694171	2.176557	0.034759	6.0
478	-0.177290	14.835577	2.228706	0.036849	2.3
479	-0.178722	13.971861	2.283749	0.029545	3.0
480	-0.168567	14.941541	2.222135	0.027752	4.8
481	-0.133151	14.077825	2.276850	0.008916	7.9
482	-0.137690	14.683284	2.238218	0.021336	5.3
483	-0.180141	15.391017	2.194689	0.023749	8.1
484	-0.152604	16.390978	2.135995	0.043807	4.1
485	-0.154425	17.376219	2.081158	0.009894	3.7
486	-0.164193	16.512864	2.129055	0.017325	6.1
487	-0.146685	17.101538	2.096161	0.019050	5.2
488	-0.156005	16.288224	2.141882	0.012626	5.8
489	-0.135039	17.108013	2.095805	0.019791	6.3
490	-0.174699	16.273802	2.142710	0.019917	4.0
491	-0.151242	17.270805	2.086890	0.022307	7.6
492	-0.181103	18.269969	2.033792	0.012729	3.2
493	-0.168535	19.251048	1.984221	0.019437	4.0
494	-0.153390	19.825630	1.956295	0.022788	3.0
495	-0.175975	20.681554	1.916122	0.022698	6.8
496	-0.158817	20.144828	1.941118	0.036480	3.0
497	-0.157390	19.281111	1.982740	0.023957	4.3
498	-0.170887	19.080900	1.992644	0.018380	4.0
499	-0.144666	18.217202	2.036529	0.019019	6.1
Time spent in resolution 0 (ITK initialization and iterating): 2.786 s.
Stopping condition: Maximum number of iterations has been reached.
Settings of AdaptiveStochasticGradientDescent in resolution 0:
( SP_a 79.866959 )
( SP_A 20.000000 )
( SP_alpha 1.000000 )
( SigmoidMax 1.000000 )
( SigmoidMin -0.863716 )
( SigmoidScale 0.000024 )



=============== start of TransformParameterFile ===============
(Transform "EulerTransform")
(NumberOfParameters 6)
(TransformParameters -0.005767 0.011103 -0.001568 0.448339 4.884934 -1.511223)
(InitialTransformParametersFileName "NoInitialTransform")
(UseBinaryFormatForTransformationParameters "false")
(HowToCombineTransforms "Compose")

// Image specific
(FixedImageDimension 3)
(MovingImageDimension 3)
(FixedInternalImagePixelType "float")
(MovingInternalImagePixelType "float")
(Size 272 320 30)
(Index 0 0 0)
(Spacing 0.7500000000 0.7500000000 3.0000000000)
(Origin -66.7195205688 -86.8615493774 4.7249445915)
(Direction 0.9978014684 -0.0000000000 0.0662738983 -0.0000000000 1.0000000000 0.0000000000 -0.0662738983 -0.0000000000 0.9978014684)
(UseDirectionCosines "false")

// EulerTransform specific
(CenterOfRotationPoint 34.9054794312 32.7634506226 48.2249445915)
(ComputeZYX "false")

// ResampleInterpolator specific
(ResampleInterpolator "FinalBSplineInterpolator")
(FinalBSplineInterpolationOrder 3)

// Resampler specific
(Resampler "DefaultResampler")
(DefaultPixelValue 0.000000)
(ResultImageFormat "nii.gz")
(ResultImagePixelType "short")
(CompressResultImage "false")

=============== end of TransformParameterFile ===============

Creating the TransformParameterFile took 0.00s

Registration result checksum: 636076194

Skipping applying final transform, no resulting output image generated.

Final metric value  = -0.144666
Settings of AdaptiveStochasticGradientDescent for all resolutions:
( SP_a 79.866959 )
( SP_A 20.000000 )
( SP_alpha 1.000000 )
( SigmoidMax 1.000000 )
( SigmoidMin -0.863716 )
( SigmoidScale 0.000024 )

Time spent on saving the results, applying the final transform etc.: 4 ms.
Running elastix with parameter file 0: "/Users/sakinkirti/Programming/Python/CCIPD/racial-disparity-pca/code_matlab/rigid.txt", has finished.


Current time: Mon May 23 08:25:41 2022.
Time used for running elastix with this parameter file:
  3.0s.

-------------------------------------------------------------------------

Total time elapsed: 3.1s.

