
elastix is started at Mon May 23 13:35:46 2022.

which elastix:   /Users/sakinkirti/Programming/Python/CCIPD/racial-disparity-pca/code_matlab/elastix-5.0.0-mac/bin/elastix
elastix runs at: Sakins-MBP.hsd1.ca.comcast.net
  macOS 12.3.1 (x64), 21E258
  with 8192 MB memory, and 2 cores @ 2300 MHz.
-------------------------------------------------------------------------

Running elastix with parameter file 0: "/Users/sakinkirti/Programming/Python/CCIPD/racial-disparity-pca/code_matlab/rigid.txt".

Current time: Mon May 23 13:35:46 2022.
Reading the elastix parameters from file ...

Installing all components.
InstallingComponents was successful.

ELASTIX version: 5.000
Command line options from ElastixBase:
-f        /Users/sakinkirti/Programming/Python/CCIPD/racial-disparity-pca/dataset/to_nifti_cleaned/prostate-001244/T2W.nii.gz
-m        /Users/sakinkirti/Programming/Python/CCIPD/racial-disparity-pca/dataset/to_nifti_cleaned/prostate-001244/ADC.nii.gz
-fMask    unspecified, so no fixed mask used
-mMask    unspecified, so no moving mask used
-out      /Users/sakinkirti/Programming/Python/CCIPD/racial-disparity-pca/dataset/to_nifti_cleaned/prostate-001244/
-p        /Users/sakinkirti/Programming/Python/CCIPD/racial-disparity-pca/code_matlab/rigid.txt
-threads  unspecified, so all available threads are used
Command line options from TransformBase:
-t0       unspecified, so no initial transform used

=============== start of ParameterFile: /Users/sakinkirti/Programming/Python/CCIPD/racial-disparity-pca/code_matlab/rigid.txt ===============
// Example parameter file for rotation registration
// C-style comments: //

// The internal pixel type, used for internal computations
// Leave to float in general. 
// NB: this is not the type of the input images! The pixel 
// type of the input images is automatically read from the 
// images themselves.
// This setting can be changed to "short" to save some memory
// in case of very large 3D images.
(FixedInternalImagePixelType "float")
(MovingInternalImagePixelType "float")

// The dimensions of the fixed and moving image
// Up to elastix 4.5 this had to be specified by the user.
// From elastix 4.6, this is not necessary anymore.
//(FixedImageDimension 3)
//(MovingImageDimension 3)

// Specify whether you want to take into account the so-called
// direction cosines of the images. Recommended: true.
// In some cases, the direction cosines of the image are corrupt,
// due to image format conversions for example. In that case, you 
// may want to set this option to "false".
(UseDirectionCosines "false")

// **************** Main Components **************************

// The following components should usually be left as they are:
(Registration "MultiResolutionRegistration")
(Interpolator "BSplineInterpolator")
(ResampleInterpolator "FinalBSplineInterpolator")
(Resampler "DefaultResampler")

// These may be changed to Fixed/MovingSmoothingImagePyramid.
// See the manual.
(FixedImagePyramid "FixedRecursiveImagePyramid")
(MovingImagePyramid "MovingRecursiveImagePyramid")

// The following components are most important:
// The optimizer AdaptiveStochasticGradientDescent (ASGD) works
// quite ok in general. The Transform and Metric are important
// and need to be chosen careful for each application. See manual.
(Optimizer "AdaptiveStochasticGradientDescent")
(Transform "EulerTransform")
(Metric "AdvancedMattesMutualInformation")

// ***************** Transformation **************************

// Scales the rotations compared to the translations, to make
// sure they are in the same range. In general, it's best to  
// use automatic scales estimation:
(AutomaticScalesEstimation "true")

// Automatically guess an initial translation by aligning the
// geometric centers of the fixed and moving.
(AutomaticTransformInitialization "true")

// Whether transforms are combined by composition or by addition.
// In generally, Compose is the best option in most cases.
// It does not influence the results very much.
(HowToCombineTransforms "Compose")

// ******************* Similarity measure *********************

// Number of grey level bins in each resolution level,
// for the mutual information. 16 or 32 usually works fine.
// You could also employ a hierarchical strategy:
//(NumberOfHistogramBins 16 32 64)
(NumberOfHistogramBins 32)

// If you use a mask, this option is important. 
// If the mask serves as region of interest, set it to false.
// If the mask indicates which pixels are valid, then set it to true.
// If you do not use a mask, the option doesn't matter.
(ErodeMask "false")

// ******************** Multiresolution **********************

// The number of resolutions. 1 Is only enough if the expected
// deformations are small. 3 or 4 mostly works fine. For large
// images and large deformations, 5 or 6 may even be useful.
(NumberOfResolutions 1)

// The downsampling/blurring factors for the image pyramids.
// By default, the images are downsampled by a factor of 2
// compared to the next resolution.
// So, in 2D, with 4 resolutions, the following schedule is used:
//(ImagePyramidSchedule 8 8  4 4  2 2  1 1 )
// And in 3D:
//(ImagePyramidSchedule 8 8 8  4 4 4  2 2 2  1 1 1 )
// You can specify any schedule, for example:
//(ImagePyramidSchedule 4 4  4 3  2 1  1 1 )
// Make sure that the number of elements equals the number
// of resolutions times the image dimension.

// ******************* Optimizer ****************************

// Maximum number of iterations in each resolution level:
// 200-500 works usually fine for rigid registration.
// For more robustness, you may increase this to 1000-2000.
(MaximumNumberOfIterations 500)

// The step size of the optimizer, in mm. By default the voxel size is used.
// which usually works well. In case of unusual high-resolution images
// (eg histology) it is necessary to increase this value a bit, to the size
// of the "smallest visible structure" in the image:
//(MaximumStepLength 1.0)

// **************** Image sampling **********************

// Number of spatial samples used to compute the mutual
// information (and its derivative) in each iteration.
// With an AdaptiveStochasticGradientDescent optimizer,
// in combination with the two options below, around 2000
// samples may already suffice.
(NumberOfSpatialSamples 2000)

// Refresh these spatial samples in every iteration, and select
// them randomly. See the manual for information on other sampling
// strategies.
(NewSamplesEveryIteration "true")
(ImageSampler "Random")

// ************* Interpolation and Resampling ****************

// Order of B-Spline interpolation used during registration/optimisation.
// It may improve accuracy if you set this to 3. Never use 0.
// An order of 1 gives linear interpolation. This is in most 
// applications a good choice.
(BSplineInterpolationOrder 1)

// Order of B-Spline interpolation used for applying the final
// deformation.
// 3 gives good accuracy; recommended in most cases.
// 1 gives worse accuracy (linear interpolation)
// 0 gives worst accuracy, but is appropriate for binary images
// (masks, segmentations); equivalent to nearest neighbor interpolation.
(FinalBSplineInterpolationOrder 3)

//Default pixel value for pixels that come from outside the picture:
(DefaultPixelValue 0)

// Choose whether to generate the deformed moving image.
// You can save some time by setting this to false, if you are
// only interested in the final (nonrigidly) deformed moving image
// for example.
(WriteResultImage "false")

// The pixel type and format of the resulting deformed moving image
(ResultImagePixelType "short")
(ResultImageFormat "nii.gz")




=============== end of ParameterFile: /Users/sakinkirti/Programming/Python/CCIPD/racial-disparity-pca/code_matlab/rigid.txt ===============


Reading images...
Reading images took 666 ms.

WARNING: the fixed pyramid schedule is not fully specified!
  A default pyramid schedule is used.
WARNING: the moving pyramid schedule is not fully specified!
  A default pyramid schedule is used.
WARNING: The parameter "AutomaticTransformInitializationMethod", requested at entry number 0, does not exist at all.
  The default value "GeometricalCenter" is used instead.
Transform parameters are initialized as: [0, 0, 0, -0.0000029355287551879883, 0.000004693865776062012, 5.699997782707214]
Scales are estimated automatically.
Scales for transform parameters are: [3753.9387610829563, 3753.938761082969, 5479.877522165825, 1, 1, 1]
Initialization of all components (before registration) took: 15 ms.
Preparation of the image pyramids took: 65 ms.

Resolution: 0
WARNING: The parameter "ShowExactMetricValue", requested at entry number 0, does not exist at all.
  The default value "false" is used instead.
WARNING: The parameter "CheckNumberOfSamples", requested at entry number 0, does not exist at all.
  The default value "true" is used instead.
WARNING: The parameter "UseMultiThreadingForMetrics", requested at entry number 0, does not exist at all.
  The default value "true" is used instead.
Setting the fixed masks took: 0 ms.
Setting the moving masks took: 0 ms.
WARNING: The parameter "NumberOfFixedHistogramBins", requested at entry number 0, does not exist at all.
  The default value "32" is used instead.
WARNING: The parameter "NumberOfMovingHistogramBins", requested at entry number 0, does not exist at all.
  The default value "32" is used instead.
WARNING: The parameter "FixedLimitRangeRatio", requested at entry number 0, does not exist at all.
  The default value "0.01" is used instead.
WARNING: The parameter "MovingLimitRangeRatio", requested at entry number 0, does not exist at all.
  The default value "0.01" is used instead.
WARNING: The parameter "FixedKernelBSplineOrder", requested at entry number 0, does not exist at all.
  The default value "0" is used instead.
WARNING: The parameter "MovingKernelBSplineOrder", requested at entry number 0, does not exist at all.
  The default value "3" is used instead.
WARNING: The parameter "UseFastAndLowMemoryVersion", requested at entry number 0, does not exist at all.
  The default value "true" is used instead.
WARNING: The parameter "UseJacobianPreconditioning", requested at entry number 0, does not exist at all.
  The default value "false" is used instead.
WARNING: The parameter "FiniteDifferenceDerivative", requested at entry number 0, does not exist at all.
  The default value "false" is used instead.
WARNING: The parameter "SP_A", requested at entry number 0, does not exist at all.
  The default value "20" is used instead.
WARNING: The parameter "MaximumNumberOfSamplingAttempts", requested at entry number 0, does not exist at all.
  The default value "0" is used instead.
WARNING: The parameter "SigmoidInitialTime", requested at entry number 0, does not exist at all.
  The default value "0" is used instead.
WARNING: The parameter "MaxBandCovSize", requested at entry number 0, does not exist at all.
  The default value "192" is used instead.
WARNING: The parameter "NumberOfBandStructureSamples", requested at entry number 0, does not exist at all.
  The default value "10" is used instead.
WARNING: The parameter "UseAdaptiveStepSizes", requested at entry number 0, does not exist at all.
  The default value "true" is used instead.
WARNING: The parameter "AutomaticParameterEstimation", requested at entry number 0, does not exist at all.
  The default value "true" is used instead.
WARNING: The parameter "UseConstantStep", requested at entry number 0, does not exist at all.
  The default value "false" is used instead.
WARNING: The parameter "MaximumStepLengthRatio", requested at entry number 0, does not exist at all.
  The default value "1" is used instead.
WARNING: The parameter "MaximumStepLength", requested at entry number 0, does not exist at all.
  The default value "0.851136" is used instead.
WARNING: The parameter "NumberOfGradientMeasurements", requested at entry number 0, does not exist at all.
  The default value "0" is used instead.
WARNING: The parameter "NumberOfJacobianMeasurements", requested at entry number 0, does not exist at all.
  The default value "1000" is used instead.
WARNING: The parameter "NumberOfSamplesForExactGradient", requested at entry number 0, does not exist at all.
  The default value "100000" is used instead.
WARNING: The parameter "SigmoidScaleFactor", requested at entry number 0, does not exist at all.
  The default value "0.1" is used instead.
Elastix initialization of all components (for this resolution) took: 1 ms.
  Computing the fixed image extrema took 102 ms.
  Computing the moving image extrema took 7 ms.
Initialization of AdvancedMattesMutualInformation metric took: 145 ms.
Starting automatic parameter estimation for AdaptiveStochasticGradientDescent ...
WARNING: The parameter "ASGDParameterEstimationMethod", requested at entry number 0, does not exist at all.
  The default value "Original" is used instead.
  Computing JacobianTerms ...
  Computing the Jacobian terms took 0.008743s
  NumberOfGradientMeasurements to estimate sigma_i: 6
  Sampling gradients ...
  Sampling the gradients took 1.212013s
Automatic parameter estimation took 1.22s
1:ItNr	2:Metric	3a:Time	3b:StepSize	4:||Gradient||	Time[ms]
0	-0.261304	0.000000	10.901778	0.011052	1378.6
1	-0.256840	0.000000	10.901778	0.021816	19.2
2	-0.272406	0.000000	10.901778	0.014148	4.5
3	-0.255223	0.000000	10.901778	0.028005	14.9
4	-0.270739	0.999184	10.406628	0.017753	17.5
5	-0.262708	0.408005	10.694006	0.009215	13.8
6	-0.261042	0.000000	10.901778	0.012999	18.6
7	-0.239147	0.000000	10.901778	0.009177	28.5
8	-0.257047	0.000000	10.901778	0.020317	6.1
9	-0.254431	0.000000	10.901778	0.011840	13.0
10	-0.260586	0.000000	10.901778	0.012527	15.1
11	-0.253374	0.000000	10.901778	0.010619	8.1
12	-0.248478	0.364921	10.715572	0.008281	17.6
13	-0.266594	1.338314	10.248640	0.010621	12.6
14	-0.271107	1.828727	10.028476	0.018170	15.6
15	-0.260390	1.968612	9.967400	0.015071	12.3
16	-0.255350	1.373528	10.232509	0.008138	13.9
17	-0.280666	0.807559	10.498073	0.008316	14.8
18	-0.286210	0.562672	10.617299	0.012410	9.3
19	-0.251443	0.118895	10.840403	0.014431	13.4
20	-0.258055	0.675688	10.561941	0.009313	13.2
21	-0.269607	0.433203	10.681434	0.027628	12.7
22	-0.295559	0.000000	10.901778	0.011168	12.0
23	-0.273612	0.999795	10.406339	0.024074	33.1
24	-0.287098	0.404691	10.695662	0.017334	9.7
25	-0.265309	1.014156	10.399551	0.023028	13.9
26	-0.302248	0.419109	10.688462	0.019125	13.6
27	-0.270439	1.419109	10.211706	0.011122	8.5
28	-0.264795	2.419108	9.775664	0.012313	12.8
29	-0.265013	3.419036	9.375364	0.010447	12.9
30	-0.260809	3.073335	9.509997	0.012885	13.9
31	-0.270346	2.481247	9.749795	0.011858	14.2
32	-0.250909	3.465602	9.357519	0.014630	18.6
33	-0.232048	3.529666	9.333080	0.017389	12.5
34	-0.261075	2.955610	9.556732	0.017474	9.3
35	-0.264224	3.955533	9.173811	0.011431	10.7
36	-0.291605	4.955520	8.820372	0.013453	15.2
37	-0.261473	4.388372	9.017409	0.010152	17.1
38	-0.255940	5.338513	8.692113	0.016967	13.3
39	-0.264125	5.281516	8.710964	0.011364	18.4
40	-0.281168	6.267128	8.396093	0.014372	12.1
41	-0.253746	7.264192	8.099907	0.014799	20.7
42	-0.274094	6.972171	8.184468	0.016990	11.5
43	-0.253903	6.377113	8.362362	0.020504	17.4
44	-0.254858	7.377042	8.067696	0.018340	11.2
45	-0.287188	8.377023	7.793075	0.014983	12.2
46	-0.258452	7.910291	7.918887	0.014214	11.5
47	-0.290594	8.893795	7.658356	0.015214	12.4
48	-0.251229	8.421003	7.781425	0.018021	12.8
49	-0.251332	9.421003	7.525634	0.015178	11.1
50	-0.312158	10.123830	7.355693	0.019199	9.9
51	-0.291329	11.123759	7.126729	0.012125	17.7
52	-0.274346	10.528657	7.261246	0.019740	10.2
53	-0.264007	11.528657	7.038020	0.014928	11.0
54	-0.281643	12.528657	6.828109	0.018244	11.7
55	-0.233498	11.933557	6.951491	0.012757	14.6
56	-0.259852	11.338453	7.079415	0.009230	12.2
57	-0.269197	12.334855	6.867807	0.014043	11.2
58	-0.269960	13.064678	6.720666	0.010182	8.5
59	-0.260205	13.457149	6.644117	0.011785	12.1
60	-0.256993	14.316824	6.482388	0.013578	10.8
61	-0.285185	15.147485	6.333424	0.012471	9.1
62	-0.271526	14.555185	6.438930	0.006158	16.9
63	-0.290426	15.500853	6.272109	0.011031	14.5
64	-0.238412	15.569290	6.260371	0.025105	17.4
65	-0.255667	16.569290	6.093736	0.027042	16.0
66	-0.254754	15.974185	6.191816	0.017961	16.6
67	-0.312968	16.974185	6.028762	0.014771	11.8
68	-0.267906	17.924448	5.881582	0.015083	13.8
69	-0.271479	18.924447	5.734264	0.011807	11.4
70	-0.278686	19.104071	5.708581	0.012079	11.8
71	-0.293990	20.078267	5.573198	0.025653	15.9
72	-0.282581	19.483162	5.655125	0.014035	13.3
73	-0.244673	18.888058	5.739496	0.021563	14.9
74	-0.251191	18.292953	5.826422	0.015226	12.3
75	-0.295186	19.246995	5.688309	0.007568	7.8
76	-0.232071	18.708112	5.765505	0.008702	14.6
77	-0.303541	18.279512	5.828416	0.012254	12.7
78	-0.251618	18.889719	5.739257	0.019111	16.3
79	-0.274331	18.526310	5.792024	0.012804	12.0
80	-0.263653	18.557789	5.787415	0.015388	14.5
81	-0.252214	19.106214	5.708276	0.009852	14.3
82	-0.260960	20.105828	5.569462	0.021726	10.5
83	-0.279409	19.510723	5.651277	0.011898	13.3
84	-0.262414	18.915619	5.735533	0.016458	12.8
85	-0.265338	18.338008	5.819749	0.014042	12.0
86	-0.262437	19.332564	5.676241	0.017655	15.2
87	-0.261146	19.761664	5.616487	0.008982	7.4
88	-0.263849	20.761622	5.482003	0.015672	12.9
89	-0.260206	20.449943	5.523224	0.013833	7.0
90	-0.284618	21.449857	5.393124	0.022082	12.4
91	-0.272843	22.448029	5.269223	0.012144	13.4
92	-0.250538	21.852924	5.342397	0.019297	17.6
93	-0.269077	21.299227	5.412329	0.019023	14.2
94	-0.275402	20.704365	5.489529	0.017639	12.1
95	-0.257282	21.704365	5.360982	0.010732	7.9
96	-0.277903	21.115305	5.435965	0.010543	13.9
97	-0.244932	22.061102	5.316569	0.018750	13.1
98	-0.269606	23.045333	5.197766	0.019275	8.1
99	-0.276675	24.045330	5.082377	0.012424	14.0
100	-0.286627	25.045324	4.972000	0.010638	12.6
101	-0.287479	25.341829	4.940188	0.006397	13.3
102	-0.259131	26.114384	4.859181	0.013148	8.1
103	-0.250871	25.554092	4.917663	0.009183	19.2
104	-0.258085	24.975920	4.979505	0.005998	8.1
105	-0.298138	24.433569	5.038947	0.012898	13.2
106	-0.286501	24.700845	5.009477	0.009962	19.1
107	-0.279573	24.105803	5.075563	0.008941	13.1
108	-0.244901	25.104902	4.965575	0.012448	10.7
109	-0.286241	26.085882	4.862123	0.027011	11.6
110	-0.257464	25.656924	4.906824	0.015564	70.6
111	-0.276723	25.061819	4.970219	0.014903	16.1
112	-0.263886	26.059349	4.864864	0.023266	6.8
113	-0.264049	27.059349	4.763638	0.015581	63.5
114	-0.274350	28.059311	4.666542	0.018010	15.4
115	-0.248568	29.004000	4.578381	0.012324	15.9
116	-0.274653	30.003390	4.488669	0.016692	13.3
117	-0.268855	30.962622	4.405808	0.018268	12.8
118	-0.272535	30.367517	4.456850	0.016560	42.9
119	-0.258373	29.773216	4.509018	0.018453	10.0
120	-0.290483	29.214278	4.559208	0.017086	8.9
121	-0.263493	29.763159	4.509911	0.020457	10.0
122	-0.260224	30.763159	4.422785	0.013937	15.2
123	-0.257915	30.170613	4.474000	0.017187	11.5
124	-0.268690	29.575518	4.526643	0.017449	10.6
125	-0.283664	30.575518	4.438876	0.021769	10.4
126	-0.276096	31.575518	4.354448	0.013718	72.8
127	-0.247742	32.574026	4.273290	0.009085	9.8
128	-0.259787	32.067089	4.314111	0.008371	8.0
129	-0.260858	31.631135	4.349846	0.015490	7.3
130	-0.272536	31.681753	4.345667	0.013206	10.0
131	-0.252664	31.926892	4.325539	0.010577	9.7
132	-0.259002	31.331819	4.374725	0.014432	12.2
133	-0.259903	30.753516	4.423609	0.015532	9.5
134	-0.277434	31.709511	4.343378	0.019953	10.9
135	-0.277196	31.114406	4.392976	0.024962	10.8
136	-0.288068	30.531051	4.442707	0.016348	17.9
137	-0.267554	29.935946	4.494612	0.011195	12.0
138	-0.270845	30.934685	4.408178	0.015090	16.1
139	-0.256445	31.915474	4.326472	0.012367	17.3
140	-0.273906	32.915471	4.246227	0.010873	18.6
141	-0.279400	32.393327	4.287752	0.012003	24.9
142	-0.264873	33.375160	4.210329	0.018616	12.5
143	-0.273338	34.375154	4.134297	0.010584	11.9
144	-0.278172	33.962698	4.165322	0.008728	36.2
145	-0.264846	33.857585	4.173303	0.008556	14.1
146	-0.245371	34.749242	4.106555	0.013137	11.2
147	-0.267930	34.164676	4.150071	0.013201	9.5
148	-0.246774	35.164238	4.076212	0.011848	52.8
149	-0.253826	34.569790	4.119816	0.015872	9.3
150	-0.259138	34.171064	4.149591	0.009730	15.2
151	-0.288209	35.171031	4.075719	0.013551	11.3
152	-0.250190	36.061635	4.012106	0.011657	13.3
153	-0.286604	35.466552	4.054389	0.023959	19.2
154	-0.265750	34.878748	4.097038	0.009577	14.8
155	-0.242893	34.283643	4.141141	0.020668	8.5
156	-0.241593	34.364321	4.135106	0.017263	12.3
157	-0.270274	33.769217	4.180037	0.011464	12.0
158	-0.253676	33.174114	4.225954	0.012525	7.7
159	-0.286974	34.173610	4.149399	0.012794	28.0
160	-0.263098	33.686917	4.186327	0.015477	12.8
161	-0.246659	34.686912	4.111152	0.012877	16.2
162	-0.290019	35.686787	4.038637	0.020633	15.8
163	-0.247236	36.682074	3.968951	0.014990	17.5
164	-0.262945	36.139547	4.006636	0.017732	31.3
165	-0.278448	35.544443	4.048803	0.013074	73.6
166	-0.256866	36.544442	3.978444	0.011692	13.6
167	-0.218153	37.535180	3.911107	0.014128	21.9
168	-0.284399	36.940080	3.951278	0.014768	13.5
169	-0.269855	37.939945	3.884248	0.012689	18.4
170	-0.267239	37.344842	3.923866	0.017892	12.9
171	-0.256764	36.749800	3.964297	0.019793	16.9
172	-0.287945	37.707056	3.899656	0.011538	14.9
173	-0.266842	38.707055	3.834343	0.008083	17.8
174	-0.257001	39.691327	3.772159	0.016215	8.7
175	-0.241520	39.136228	3.806979	0.016064	6.5
176	-0.245212	40.126169	3.745324	0.015166	9.8
177	-0.230885	41.126168	3.685039	0.010878	7.1
178	-0.269480	40.536576	3.720346	0.019821	10.0
179	-0.271668	40.085821	3.747798	0.017569	8.7
180	-0.260092	39.526083	3.782458	0.017129	8.7
181	-0.258932	40.526083	3.720980	0.016431	10.3
182	-0.255173	39.931273	3.757304	0.011264	7.6
183	-0.244759	39.336182	3.794362	0.018054	8.1
184	-0.270043	38.767068	3.830493	0.010986	6.4
185	-0.287703	38.240524	3.864539	0.007084	11.4
186	-0.295099	37.771884	3.895355	0.017803	9.9
187	-0.269810	37.177762	3.935135	0.013089	11.1
188	-0.263617	38.176651	3.868711	0.010727	13.4
189	-0.262981	37.582069	3.907976	0.018478	13.4
190	-0.252607	38.581763	3.842406	0.013429	15.5
191	-0.279795	39.580075	3.779086	0.020279	16.8
192	-0.261499	40.580074	3.717718	0.016241	10.2
193	-0.261945	41.580073	3.658310	0.022081	10.5
194	-0.274013	42.580022	3.600775	0.006559	11.9
195	-0.265909	43.572140	3.545451	0.004323	12.5
196	-0.297359	44.155702	3.513696	0.011100	9.4
197	-0.274234	44.998736	3.468814	0.017187	24.6
198	-0.244966	44.608902	3.489425	0.012711	66.0
199	-0.269632	45.293993	3.453365	0.009760	20.5
200	-0.247972	46.286965	3.402402	0.017448	14.6
201	-0.270707	47.286943	3.352578	0.019514	17.3
202	-0.280107	48.286943	3.304192	0.022758	16.7
203	-0.254454	49.286721	3.257192	0.023570	20.4
204	-0.289780	48.780317	3.280830	0.013083	11.9
205	-0.295033	48.185225	3.309050	0.015552	20.1
206	-0.269848	49.182140	3.262046	0.011456	16.5
207	-0.281072	48.626400	3.288082	0.010999	24.3
208	-0.266935	49.624888	3.241596	0.026635	10.9
209	-0.267376	49.031654	3.269055	0.021606	6.9
210	-0.251642	50.031654	3.223033	0.010181	10.3
211	-0.282828	51.010321	3.179230	0.030813	7.9
212	-0.255441	52.010321	3.135685	0.012601	10.9
213	-0.270956	51.424451	3.161050	0.009708	7.5
214	-0.261209	52.409449	3.118636	0.012243	10.8
215	-0.300438	53.404824	3.076915	0.014068	10.7
216	-0.279549	54.402454	3.036205	0.014436	8.2
217	-0.240011	53.807357	3.060359	0.023508	10.7
218	-0.260988	53.219086	3.084615	0.018001	16.4
219	-0.271913	54.219086	3.043607	0.013718	17.5
220	-0.248143	53.624029	3.067877	0.016535	17.7
221	-0.279945	54.331455	3.039067	0.013939	29.9
222	-0.276183	54.125269	3.047408	0.017355	16.3
223	-0.278178	53.530172	3.071740	0.011681	19.6
224	-0.262154	54.508430	3.031944	0.015942	18.2
225	-0.258264	54.310463	3.039914	0.016011	14.3
226	-0.274877	55.310463	3.000078	0.018378	13.1
227	-0.291202	54.715362	3.023658	0.021489	15.4
228	-0.254626	55.715218	2.984249	0.017855	12.7
229	-0.275461	56.714242	2.945887	0.017994	14.6
230	-0.288780	57.526729	2.915406	0.021606	16.5
231	-0.275966	57.663287	2.910345	0.011454	19.8
232	-0.272951	58.663283	2.873812	0.015546	17.8
233	-0.274353	59.646508	2.838776	0.018461	13.7
234	-0.284306	60.643073	2.804124	0.014742	16.6
235	-0.255474	60.720805	2.801457	0.018613	12.2
236	-0.272459	60.169270	2.820493	0.014756	8.7
237	-0.281686	59.574165	2.841324	0.007439	13.3
238	-0.265565	60.557950	2.807051	0.018028	16.2
239	-0.268719	60.095267	2.823067	0.014656	13.2
240	-0.278034	59.500162	2.843936	0.020308	15.1
241	-0.265332	58.905525	2.865100	0.013572	15.6
242	-0.276018	59.896666	2.829997	0.019012	19.3
243	-0.274554	59.301561	2.850970	0.017271	14.8
244	-0.261633	60.301561	2.815903	0.012122	23.5
245	-0.273772	61.179025	2.785837	0.008964	11.4
246	-0.253599	61.159683	2.786492	0.015498	17.7
247	-0.273718	62.158414	2.753027	0.015653	16.9
248	-0.255226	61.593165	2.771868	0.018471	23.1
249	-0.266634	62.592043	2.738746	0.018940	19.6
250	-0.272754	63.592043	2.706370	0.015367	18.4
251	-0.251713	64.245537	2.685623	0.017271	17.4
252	-0.243596	65.245537	2.654483	0.011301	24.0
253	-0.260979	66.245501	2.624059	0.014177	16.8
254	-0.260330	67.244317	2.594358	0.013640	15.3
255	-0.276626	66.649213	2.611973	0.025892	16.2
256	-0.253169	67.649212	2.582508	0.012687	10.3
257	-0.254925	67.206750	2.595463	0.015701	16.1
258	-0.284050	68.206743	2.566368	0.010782	10.8
259	-0.285730	67.626178	2.583180	0.015097	13.6
260	-0.263303	68.365487	2.561809	0.011110	15.0
261	-0.294453	68.110938	2.569127	0.007839	13.3
262	-0.278732	67.517815	2.586342	0.012929	9.7
263	-0.259434	68.281605	2.564216	0.014349	15.3
264	-0.282974	69.241111	2.536952	0.009289	16.1
265	-0.276483	68.652682	2.553603	0.013748	12.6
266	-0.245996	68.059633	2.570607	0.017040	16.1
267	-0.289481	67.465714	2.587865	0.009851	13.6
268	-0.263206	68.452849	2.559307	0.016288	15.0
269	-0.281037	69.112354	2.540577	0.016967	12.3
270	-0.294824	70.111616	2.512713	0.018922	20.3
271	-0.241662	71.108793	2.485510	0.009510	16.6
272	-0.245466	70.513822	2.501669	0.007760	16.4
273	-0.282801	71.421403	2.477103	0.020396	22.2
274	-0.266730	71.128332	2.484983	0.009250	23.3
275	-0.290595	70.536729	2.501043	0.019123	12.3
276	-0.264308	69.951188	2.517145	0.017336	21.7
277	-0.295125	70.944605	2.489949	0.036073	28.9
278	-0.249169	70.349500	2.506170	0.014327	15.4
279	-0.284367	71.349500	2.479032	0.011503	18.6
280	-0.270820	72.318004	2.453303	0.009624	22.2
281	-0.299553	72.927977	2.437371	0.023790	41.8
282	-0.298069	73.923488	2.411809	0.018138	24.9
283	-0.290376	74.919165	2.386774	0.014888	10.7
284	-0.290736	74.324069	2.401674	0.014392	14.0
285	-0.277569	75.324067	2.376741	0.022705	10.0
286	-0.276517	74.728963	2.391516	0.014811	9.0
287	-0.270856	74.859458	2.388260	0.013725	11.8
288	-0.281073	74.264484	2.403176	0.021355	15.8
289	-0.247268	75.264484	2.378212	0.008044	7.0
290	-0.290127	75.582541	2.370380	0.028878	11.5
291	-0.244405	76.566638	2.346472	0.023908	30.5
292	-0.265134	75.971533	2.360872	0.027154	26.8
293	-0.276088	75.376428	2.375449	0.018594	30.6
294	-0.278320	76.376428	2.351055	0.006983	22.6
295	-0.251780	77.032144	2.335329	0.014525	14.8
296	-0.285651	77.882294	2.315251	0.017074	8.6
297	-0.261925	78.882277	2.292072	0.022115	11.1
298	-0.272200	79.457565	2.278946	0.017177	15.6
299	-0.269811	80.226812	2.261627	0.007635	10.3
300	-0.254211	79.633385	2.274964	0.014178	15.2
301	-0.276254	79.641516	2.274780	0.021912	20.5
302	-0.246197	79.070586	2.287759	0.014039	15.2
303	-0.277051	78.533422	2.300105	0.011515	11.6
304	-0.272113	79.511975	2.277712	0.019162	17.7
305	-0.258471	79.371329	2.280904	0.019505	15.8
306	-0.297068	80.371329	2.258403	0.012379	24.3
307	-0.261505	79.776224	2.271740	0.015279	16.4
308	-0.280828	80.768951	2.249579	0.014699	13.3
309	-0.274414	80.173847	2.262811	0.016753	79.4
310	-0.267791	81.173847	2.240665	0.018886	16.5
311	-0.256565	80.578765	2.253791	0.024053	33.4
312	-0.273801	81.578645	2.231823	0.017916	29.5
313	-0.258022	80.983540	2.244846	0.012387	20.5
314	-0.296090	81.983540	2.223048	0.012825	21.2
315	-0.278783	81.390508	2.235923	0.017354	15.5
316	-0.258369	82.376876	2.214589	0.016269	21.4
317	-0.264665	81.781771	2.227412	0.010663	13.7
318	-0.281702	81.572726	2.231951	0.014476	17.6
319	-0.298934	80.979967	2.244925	0.018294	12.8
320	-0.288344	80.384865	2.258102	0.016488	13.6
321	-0.264536	79.790024	2.271429	0.012909	14.1
322	-0.237506	80.789989	2.249114	0.015910	8.3
323	-0.297108	81.789650	2.227241	0.013406	13.0
324	-0.317870	81.194972	2.240202	0.019041	10.2
325	-0.281701	80.600075	2.253319	0.010743	9.8
326	-0.251881	81.599947	2.231359	0.015460	12.3
327	-0.242999	82.585880	2.210121	0.019033	10.6
328	-0.288966	81.990775	2.222892	0.009634	46.6
329	-0.272328	81.518422	2.233134	0.011032	17.4
330	-0.278810	80.982495	2.244869	0.011112	21.4
331	-0.260473	80.405360	2.257645	0.012918	16.5
332	-0.254265	79.931700	2.268240	0.017986	17.0
333	-0.270995	80.931700	2.245988	0.021387	17.3
334	-0.280244	80.635134	2.252541	0.016571	20.0
335	-0.280399	81.635134	2.230594	0.019099	9.8
336	-0.249995	82.635134	2.209071	0.018354	28.3
337	-0.238188	82.041342	2.221801	0.014165	18.2
338	-0.260961	82.670186	2.208324	0.009744	15.5
339	-0.269521	83.621173	2.188251	0.020699	26.7
340	-0.286060	83.035168	2.200576	0.012376	9.4
341	-0.244800	82.440063	2.213237	0.009035	15.6
342	-0.271134	81.983118	2.223057	0.018701	12.9
343	-0.239820	81.388924	2.235958	0.013584	23.5
344	-0.275571	80.793824	2.249030	0.018239	11.8
345	-0.246626	81.793786	2.227152	0.009885	22.4
346	-0.254199	81.198703	2.240120	0.012697	9.7
347	-0.260060	81.009718	2.244270	0.011670	24.4
348	-0.283693	80.415615	2.257417	0.006996	18.8
349	-0.269862	81.319312	2.237479	0.021237	15.4
350	-0.275908	80.805368	2.248775	0.011367	20.5
351	-0.251038	81.786344	2.227313	0.017188	13.4
352	-0.277283	81.209352	2.239886	0.012833	18.3
353	-0.295163	80.617024	2.252943	0.020454	16.5
354	-0.276744	80.021919	2.266214	0.022726	17.6
355	-0.276293	81.021853	2.244003	0.018218	11.3
356	-0.253491	80.426749	2.257169	0.025286	15.4
357	-0.275821	81.426749	2.235132	0.012628	11.5
358	-0.270663	80.831649	2.248194	0.015240	14.8
359	-0.254905	80.236619	2.261408	0.010827	11.0
360	-0.291682	81.231047	2.239411	0.013763	11.7
361	-0.273559	82.229489	2.217751	0.016730	16.0
362	-0.269078	81.867406	2.225558	0.017798	57.7
363	-0.294137	81.351397	2.236778	0.012490	12.6
364	-0.278091	82.351396	2.215135	0.017612	8.8
365	-0.279291	81.756292	2.227964	0.015045	17.3
366	-0.267183	81.163540	2.240891	0.012091	18.9
367	-0.255561	80.569747	2.253991	0.010057	17.2
368	-0.268572	80.891723	2.246869	0.011130	31.7
369	-0.295599	80.303316	2.259919	0.023631	16.4
370	-0.251534	79.708216	2.273274	0.021593	18.0
371	-0.244338	79.113111	2.286787	0.010426	15.4
372	-0.299004	80.113110	2.264171	0.007154	16.4
373	-0.254943	79.541596	2.277041	0.019614	17.0
374	-0.258292	78.993125	2.289531	0.016138	23.4
375	-0.288783	79.993125	2.266861	0.008346	24.1
376	-0.269010	80.939238	2.245822	0.010627	19.1
377	-0.256695	80.346434	2.258958	0.014050	19.1
378	-0.270818	81.344650	2.236925	0.008805	16.8
379	-0.260257	81.261714	2.238739	0.009799	17.6
380	-0.256704	80.672494	2.251714	0.011588	11.8
381	-0.264302	81.605126	2.231247	0.020467	14.8
382	-0.271357	81.010021	2.244263	0.015856	10.5
383	-0.264962	81.601471	2.231326	0.016734	8.3
384	-0.282046	82.572576	2.210405	0.010972	14.7
385	-0.258588	83.569048	2.189341	0.014220	9.9
386	-0.266058	84.561336	2.168761	0.014784	10.7
387	-0.233073	83.966371	2.181054	0.014603	12.3
388	-0.272329	83.373047	2.193453	0.019414	10.2
389	-0.266644	84.341473	2.173288	0.015078	13.4
390	-0.281999	83.746369	2.185635	0.014986	49.4
391	-0.274137	83.151273	2.198123	0.007963	15.9
392	-0.262302	82.563176	2.210606	0.011402	16.6
393	-0.290024	82.649219	2.208770	0.016084	18.7
394	-0.289562	83.649152	2.187665	0.019738	16.6
395	-0.268600	84.183170	2.176559	0.020649	17.6
396	-0.290281	85.183170	2.156060	0.018078	15.9
397	-0.284522	84.588065	2.168212	0.024142	21.2
398	-0.284116	83.992960	2.180502	0.013232	16.8
399	-0.264525	83.397858	2.192931	0.018621	24.1
400	-0.269094	83.121894	2.198744	0.006024	23.0
401	-0.260188	82.528612	2.211344	0.023452	18.5
402	-0.266774	81.933844	2.224121	0.014351	17.9
403	-0.269987	82.933844	2.202722	0.011830	13.2
404	-0.283280	82.338759	2.215406	0.008427	19.2
405	-0.302767	81.771759	2.227629	0.019101	13.5
406	-0.266108	81.264737	2.238673	0.013914	19.8
407	-0.253769	80.669632	2.251777	0.015926	15.7
408	-0.291371	81.335890	2.237117	0.026557	36.8
409	-0.279864	80.740785	2.250202	0.015154	19.4
410	-0.285152	81.740785	2.228300	0.011147	17.9
411	-0.278628	81.146039	2.241275	0.012760	13.9
412	-0.258449	80.710934	2.250863	0.017286	17.8
413	-0.299907	81.706268	2.229049	0.013179	13.0
414	-0.260630	82.706267	2.207555	0.011377	14.9
415	-0.295537	83.487603	2.191048	0.011085	18.1
416	-0.269331	84.486981	2.170290	0.015050	19.7
417	-0.265482	85.483782	2.149974	0.020082	18.4
418	-0.276967	84.906732	2.161688	0.020394	23.2
419	-0.256397	85.906732	2.141468	0.010696	30.9
420	-0.285825	85.311655	2.153455	0.017143	22.2
421	-0.256087	84.728164	2.165339	0.011270	14.5
422	-0.280458	84.134247	2.177571	0.015074	14.3
423	-0.272273	85.092198	2.157909	0.018308	15.3
424	-0.278168	85.672083	2.146179	0.010641	15.5
425	-0.264862	85.076985	2.158219	0.017063	15.4
426	-0.260489	86.076981	2.138063	0.012595	14.2
427	-0.278675	85.655554	2.146511	0.021384	16.0
428	-0.259472	86.655437	2.126575	0.019735	13.5
429	-0.255886	87.648828	2.107131	0.018317	14.5
430	-0.257015	88.648826	2.087914	0.015203	12.7
431	-0.269228	89.648784	2.069045	0.015376	16.0
432	-0.270795	90.648762	2.050514	0.015393	12.1
433	-0.268080	90.133868	2.060014	0.010269	15.4
434	-0.259851	89.756730	2.067029	0.016616	11.4
435	-0.253280	89.161901	2.078190	0.013726	10.8
436	-0.285391	89.334709	2.074935	0.011775	14.3
437	-0.268077	89.466217	2.072465	0.017284	27.1
438	-0.246777	88.871115	2.083690	0.014295	17.1
439	-0.254039	88.276010	2.095037	0.011369	24.2
440	-0.312281	87.681324	2.106501	0.028049	25.0
441	-0.262115	87.100051	2.117828	0.010097	13.3
442	-0.264345	86.504949	2.129552	0.011364	18.5
443	-0.252268	85.924760	2.141107	0.025366	14.8
444	-0.257662	86.839437	2.122946	0.016936	21.2
445	-0.268801	86.244344	2.134726	0.020017	14.6
446	-0.262672	87.244344	2.115005	0.010929	25.3
447	-0.262058	88.113721	2.098154	0.012911	18.5
448	-0.252765	88.139526	2.097657	0.008228	21.0
449	-0.255485	89.110003	2.079169	0.009467	17.4
450	-0.264305	88.529182	2.090195	0.008294	10.5
451	-0.256730	89.149672	2.078421	0.015575	14.0
452	-0.301410	89.738311	2.067372	0.023473	15.9
453	-0.260934	89.143206	2.078543	0.009358	11.6
454	-0.218112	88.548101	2.089834	0.017805	19.8
455	-0.244004	88.253204	2.095475	0.005493	54.8
456	-0.256462	88.440299	2.091892	0.020304	23.4
457	-0.241742	89.297746	2.075630	0.018966	16.9
458	-0.278127	89.126036	2.078867	0.021338	30.7
459	-0.260624	90.126035	2.060159	0.011036	19.0
460	-0.241922	89.538433	2.071111	0.016363	15.1
461	-0.256377	89.799490	2.066231	0.013678	8.1
462	-0.244709	90.799486	2.047749	0.011019	12.1
463	-0.236686	90.216729	2.058479	0.012489	12.8
464	-0.257561	91.216615	2.040138	0.008331	11.8
465	-0.272872	92.191391	2.022568	0.007720	9.8
466	-0.260082	91.999463	2.026004	0.028146	12.3
467	-0.258146	92.999463	2.008232	0.015282	13.4
468	-0.297455	92.404367	2.018770	0.014104	10.4
469	-0.293888	91.810393	2.029399	0.020796	9.5
470	-0.265681	92.810393	2.011568	0.010801	16.1
471	-0.259623	92.215288	2.022142	0.019895	19.3
472	-0.263152	91.620187	2.032827	0.015415	28.9
473	-0.243019	91.550512	2.034085	0.013871	26.0
474	-0.259217	92.539156	2.016373	0.018520	31.1
475	-0.246930	91.944137	2.026996	0.020807	23.0
476	-0.250196	91.349042	2.037733	0.011224	12.9
477	-0.284499	92.014066	2.025742	0.014241	11.3
478	-0.277125	91.455238	2.035809	0.012742	10.6
479	-0.254879	91.161320	2.041143	0.013668	12.4
480	-0.290300	92.101551	2.024175	0.021965	18.3
481	-0.283272	91.506446	2.034882	0.009803	14.1
482	-0.273421	91.171955	2.040950	0.010607	14.6
483	-0.286003	92.029024	2.025474	0.011445	10.3
484	-0.261574	92.102930	2.024150	0.019423	35.5
485	-0.250056	91.580090	2.033551	0.011139	39.8
486	-0.254852	92.573544	2.015763	0.007179	20.2
487	-0.269284	92.013697	2.025749	0.019045	13.6
488	-0.268567	91.418613	2.036472	0.006181	20.0
489	-0.246163	90.824364	2.047294	0.014522	19.6
490	-0.288463	90.850289	2.046819	0.014390	15.2
491	-0.280078	90.261290	2.057655	0.009873	21.6
492	-0.259982	90.488195	2.053467	0.018485	16.7
493	-0.269137	91.434684	2.036181	0.015234	21.4
494	-0.289661	92.434609	2.018232	0.011200	19.9
495	-0.248076	92.163528	2.023066	0.010900	15.1
496	-0.260387	92.442568	2.018090	0.018066	20.7
497	-0.295440	92.011037	2.025796	0.015278	15.1
498	-0.251179	92.956939	2.008981	0.012570	17.4
499	-0.267075	93.915536	1.992223	0.007748	15.2
Time spent in resolution 0 (ITK initialization and iterating): 9.962 s.
Stopping condition: Maximum number of iterations has been reached.
Settings of AdaptiveStochasticGradientDescent in resolution 0:
( SP_a 228.937337 )
( SP_A 20.000000 )
( SP_alpha 1.000000 )
( SigmoidMax 1.000000 )
( SigmoidMin -0.595105 )
( SigmoidScale 0.000010 )



=============== start of TransformParameterFile ===============
(Transform "EulerTransform")
(NumberOfParameters 6)
(TransformParameters 0.014027 -0.002240 -0.006103 0.713799 0.042921 3.911246)
(InitialTransformParametersFileName "NoInitialTransform")
(UseBinaryFormatForTransformationParameters "false")
(HowToCombineTransforms "Compose")

// Image specific
(FixedImageDimension 3)
(MovingImageDimension 3)
(FixedInternalImagePixelType "float")
(MovingInternalImagePixelType "float")
(Size 800 800 31)
(Index 0 0 0)
(Spacing 0.2249999940 0.2249999940 3.0000000000)
(Origin -89.8317718506 -110.0208663940 70.1474304199)
(Direction 1.0000000000 0.0000000000 0.0000000000 0.0000000000 1.0000000000 0.0000000000 0.0000000000 0.0000000000 1.0000000000)
(UseDirectionCosines "false")

// EulerTransform specific
(CenterOfRotationPoint 0.0557257682 -20.1333687752 115.1474304199)
(ComputeZYX "false")

// ResampleInterpolator specific
(ResampleInterpolator "FinalBSplineInterpolator")
(FinalBSplineInterpolationOrder 3)

// Resampler specific
(Resampler "DefaultResampler")
(DefaultPixelValue 0.000000)
(ResultImageFormat "nii.gz")
(ResultImagePixelType "short")
(CompressResultImage "false")

=============== end of TransformParameterFile ===============

Creating the TransformParameterFile took 0.01s

Registration result checksum: 3076341207

Skipping applying final transform, no resulting output image generated.

Final metric value  = -0.267075
Settings of AdaptiveStochasticGradientDescent for all resolutions:
( SP_a 228.937337 )
( SP_A 20.000000 )
( SP_alpha 1.000000 )
( SigmoidMax 1.000000 )
( SigmoidMin -0.595105 )
( SigmoidScale 0.000010 )

Time spent on saving the results, applying the final transform etc.: 40 ms.
Running elastix with parameter file 0: "/Users/sakinkirti/Programming/Python/CCIPD/racial-disparity-pca/code_matlab/rigid.txt", has finished.


Current time: Mon May 23 13:35:57 2022.
Time used for running elastix with this parameter file:
  10.8s.

-------------------------------------------------------------------------

Total time elapsed: 10.9s.

