
elastix is started at Mon May 23 13:33:47 2022.

which elastix:   /Users/sakinkirti/Programming/Python/CCIPD/racial-disparity-pca/code_matlab/elastix-5.0.0-mac/bin/elastix
elastix runs at: Sakins-MBP.hsd1.ca.comcast.net
  macOS 12.3.1 (x64), 21E258
  with 8192 MB memory, and 2 cores @ 2300 MHz.
-------------------------------------------------------------------------

Running elastix with parameter file 0: "/Users/sakinkirti/Programming/Python/CCIPD/racial-disparity-pca/code_matlab/rigid.txt".

Current time: Mon May 23 13:33:47 2022.
Reading the elastix parameters from file ...

Installing all components.
InstallingComponents was successful.

ELASTIX version: 5.000
Command line options from ElastixBase:
-f        /Users/sakinkirti/Programming/Python/CCIPD/racial-disparity-pca/dataset/to_nifti_cleaned/prostate-000680/T2W.nii.gz
-m        /Users/sakinkirti/Programming/Python/CCIPD/racial-disparity-pca/dataset/to_nifti_cleaned/prostate-000680/ADC.nii.gz
-fMask    unspecified, so no fixed mask used
-mMask    unspecified, so no moving mask used
-out      /Users/sakinkirti/Programming/Python/CCIPD/racial-disparity-pca/dataset/to_nifti_cleaned/prostate-000680/
-p        /Users/sakinkirti/Programming/Python/CCIPD/racial-disparity-pca/code_matlab/rigid.txt
-threads  unspecified, so all available threads are used
Command line options from TransformBase:
-t0       unspecified, so no initial transform used

=============== start of ParameterFile: /Users/sakinkirti/Programming/Python/CCIPD/racial-disparity-pca/code_matlab/rigid.txt ===============
// Example parameter file for rotation registration
// C-style comments: //

// The internal pixel type, used for internal computations
// Leave to float in general. 
// NB: this is not the type of the input images! The pixel 
// type of the input images is automatically read from the 
// images themselves.
// This setting can be changed to "short" to save some memory
// in case of very large 3D images.
(FixedInternalImagePixelType "float")
(MovingInternalImagePixelType "float")

// The dimensions of the fixed and moving image
// Up to elastix 4.5 this had to be specified by the user.
// From elastix 4.6, this is not necessary anymore.
//(FixedImageDimension 3)
//(MovingImageDimension 3)

// Specify whether you want to take into account the so-called
// direction cosines of the images. Recommended: true.
// In some cases, the direction cosines of the image are corrupt,
// due to image format conversions for example. In that case, you 
// may want to set this option to "false".
(UseDirectionCosines "false")

// **************** Main Components **************************

// The following components should usually be left as they are:
(Registration "MultiResolutionRegistration")
(Interpolator "BSplineInterpolator")
(ResampleInterpolator "FinalBSplineInterpolator")
(Resampler "DefaultResampler")

// These may be changed to Fixed/MovingSmoothingImagePyramid.
// See the manual.
(FixedImagePyramid "FixedRecursiveImagePyramid")
(MovingImagePyramid "MovingRecursiveImagePyramid")

// The following components are most important:
// The optimizer AdaptiveStochasticGradientDescent (ASGD) works
// quite ok in general. The Transform and Metric are important
// and need to be chosen careful for each application. See manual.
(Optimizer "AdaptiveStochasticGradientDescent")
(Transform "EulerTransform")
(Metric "AdvancedMattesMutualInformation")

// ***************** Transformation **************************

// Scales the rotations compared to the translations, to make
// sure they are in the same range. In general, it's best to  
// use automatic scales estimation:
(AutomaticScalesEstimation "true")

// Automatically guess an initial translation by aligning the
// geometric centers of the fixed and moving.
(AutomaticTransformInitialization "true")

// Whether transforms are combined by composition or by addition.
// In generally, Compose is the best option in most cases.
// It does not influence the results very much.
(HowToCombineTransforms "Compose")

// ******************* Similarity measure *********************

// Number of grey level bins in each resolution level,
// for the mutual information. 16 or 32 usually works fine.
// You could also employ a hierarchical strategy:
//(NumberOfHistogramBins 16 32 64)
(NumberOfHistogramBins 32)

// If you use a mask, this option is important. 
// If the mask serves as region of interest, set it to false.
// If the mask indicates which pixels are valid, then set it to true.
// If you do not use a mask, the option doesn't matter.
(ErodeMask "false")

// ******************** Multiresolution **********************

// The number of resolutions. 1 Is only enough if the expected
// deformations are small. 3 or 4 mostly works fine. For large
// images and large deformations, 5 or 6 may even be useful.
(NumberOfResolutions 1)

// The downsampling/blurring factors for the image pyramids.
// By default, the images are downsampled by a factor of 2
// compared to the next resolution.
// So, in 2D, with 4 resolutions, the following schedule is used:
//(ImagePyramidSchedule 8 8  4 4  2 2  1 1 )
// And in 3D:
//(ImagePyramidSchedule 8 8 8  4 4 4  2 2 2  1 1 1 )
// You can specify any schedule, for example:
//(ImagePyramidSchedule 4 4  4 3  2 1  1 1 )
// Make sure that the number of elements equals the number
// of resolutions times the image dimension.

// ******************* Optimizer ****************************

// Maximum number of iterations in each resolution level:
// 200-500 works usually fine for rigid registration.
// For more robustness, you may increase this to 1000-2000.
(MaximumNumberOfIterations 500)

// The step size of the optimizer, in mm. By default the voxel size is used.
// which usually works well. In case of unusual high-resolution images
// (eg histology) it is necessary to increase this value a bit, to the size
// of the "smallest visible structure" in the image:
//(MaximumStepLength 1.0)

// **************** Image sampling **********************

// Number of spatial samples used to compute the mutual
// information (and its derivative) in each iteration.
// With an AdaptiveStochasticGradientDescent optimizer,
// in combination with the two options below, around 2000
// samples may already suffice.
(NumberOfSpatialSamples 2000)

// Refresh these spatial samples in every iteration, and select
// them randomly. See the manual for information on other sampling
// strategies.
(NewSamplesEveryIteration "true")
(ImageSampler "Random")

// ************* Interpolation and Resampling ****************

// Order of B-Spline interpolation used during registration/optimisation.
// It may improve accuracy if you set this to 3. Never use 0.
// An order of 1 gives linear interpolation. This is in most 
// applications a good choice.
(BSplineInterpolationOrder 1)

// Order of B-Spline interpolation used for applying the final
// deformation.
// 3 gives good accuracy; recommended in most cases.
// 1 gives worse accuracy (linear interpolation)
// 0 gives worst accuracy, but is appropriate for binary images
// (masks, segmentations); equivalent to nearest neighbor interpolation.
(FinalBSplineInterpolationOrder 3)

//Default pixel value for pixels that come from outside the picture:
(DefaultPixelValue 0)

// Choose whether to generate the deformed moving image.
// You can save some time by setting this to false, if you are
// only interested in the final (nonrigidly) deformed moving image
// for example.
(WriteResultImage "false")

// The pixel type and format of the resulting deformed moving image
(ResultImagePixelType "short")
(ResultImageFormat "nii.gz")




=============== end of ParameterFile: /Users/sakinkirti/Programming/Python/CCIPD/racial-disparity-pca/code_matlab/rigid.txt ===============


Reading images...
Reading images took 808 ms.

WARNING: the fixed pyramid schedule is not fully specified!
  A default pyramid schedule is used.
WARNING: the moving pyramid schedule is not fully specified!
  A default pyramid schedule is used.
WARNING: The parameter "AutomaticTransformInitializationMethod", requested at entry number 0, does not exist at all.
  The default value "GeometricalCenter" is used instead.
Transform parameters are initialized as: [0, 0, 0, -0.000007048249244689941, 0.000008210539817810059, 5.699994206428528]
Scales are estimated automatically.
Scales for transform parameters are: [3753.9389222539157, 3753.9389222539285, 5479.877522165825, 1, 1, 1]
Initialization of all components (before registration) took: 25 ms.
Preparation of the image pyramids took: 252 ms.

Resolution: 0
WARNING: The parameter "ShowExactMetricValue", requested at entry number 0, does not exist at all.
  The default value "false" is used instead.
WARNING: The parameter "CheckNumberOfSamples", requested at entry number 0, does not exist at all.
  The default value "true" is used instead.
WARNING: The parameter "UseMultiThreadingForMetrics", requested at entry number 0, does not exist at all.
  The default value "true" is used instead.
Setting the fixed masks took: 0 ms.
Setting the moving masks took: 0 ms.
WARNING: The parameter "NumberOfFixedHistogramBins", requested at entry number 0, does not exist at all.
  The default value "32" is used instead.
WARNING: The parameter "NumberOfMovingHistogramBins", requested at entry number 0, does not exist at all.
  The default value "32" is used instead.
WARNING: The parameter "FixedLimitRangeRatio", requested at entry number 0, does not exist at all.
  The default value "0.01" is used instead.
WARNING: The parameter "MovingLimitRangeRatio", requested at entry number 0, does not exist at all.
  The default value "0.01" is used instead.
WARNING: The parameter "FixedKernelBSplineOrder", requested at entry number 0, does not exist at all.
  The default value "0" is used instead.
WARNING: The parameter "MovingKernelBSplineOrder", requested at entry number 0, does not exist at all.
  The default value "3" is used instead.
WARNING: The parameter "UseFastAndLowMemoryVersion", requested at entry number 0, does not exist at all.
  The default value "true" is used instead.
WARNING: The parameter "UseJacobianPreconditioning", requested at entry number 0, does not exist at all.
  The default value "false" is used instead.
WARNING: The parameter "FiniteDifferenceDerivative", requested at entry number 0, does not exist at all.
  The default value "false" is used instead.
WARNING: The parameter "SP_A", requested at entry number 0, does not exist at all.
  The default value "20" is used instead.
WARNING: The parameter "MaximumNumberOfSamplingAttempts", requested at entry number 0, does not exist at all.
  The default value "0" is used instead.
WARNING: The parameter "SigmoidInitialTime", requested at entry number 0, does not exist at all.
  The default value "0" is used instead.
WARNING: The parameter "MaxBandCovSize", requested at entry number 0, does not exist at all.
  The default value "192" is used instead.
WARNING: The parameter "NumberOfBandStructureSamples", requested at entry number 0, does not exist at all.
  The default value "10" is used instead.
WARNING: The parameter "UseAdaptiveStepSizes", requested at entry number 0, does not exist at all.
  The default value "true" is used instead.
WARNING: The parameter "AutomaticParameterEstimation", requested at entry number 0, does not exist at all.
  The default value "true" is used instead.
WARNING: The parameter "UseConstantStep", requested at entry number 0, does not exist at all.
  The default value "false" is used instead.
WARNING: The parameter "MaximumStepLengthRatio", requested at entry number 0, does not exist at all.
  The default value "1" is used instead.
WARNING: The parameter "MaximumStepLength", requested at entry number 0, does not exist at all.
  The default value "0.841667" is used instead.
WARNING: The parameter "NumberOfGradientMeasurements", requested at entry number 0, does not exist at all.
  The default value "0" is used instead.
WARNING: The parameter "NumberOfJacobianMeasurements", requested at entry number 0, does not exist at all.
  The default value "1000" is used instead.
WARNING: The parameter "NumberOfSamplesForExactGradient", requested at entry number 0, does not exist at all.
  The default value "100000" is used instead.
WARNING: The parameter "SigmoidScaleFactor", requested at entry number 0, does not exist at all.
  The default value "0.1" is used instead.
Elastix initialization of all components (for this resolution) took: 13 ms.
  Computing the fixed image extrema took 112 ms.
  Computing the moving image extrema took 11 ms.
Initialization of AdvancedMattesMutualInformation metric took: 195 ms.
Starting automatic parameter estimation for AdaptiveStochasticGradientDescent ...
WARNING: The parameter "ASGDParameterEstimationMethod", requested at entry number 0, does not exist at all.
  The default value "Original" is used instead.
  Computing JacobianTerms ...
  Computing the Jacobian terms took 0.007835s
  NumberOfGradientMeasurements to estimate sigma_i: 6
  Sampling gradients ...
  Sampling the gradients took 1.246014s
Automatic parameter estimation took 1.25s
1:ItNr	2:Metric	3a:Time	3b:StepSize	4:||Gradient||	Time[ms]
0	-0.113270	0.000000	16.437261	0.018859	1458.2
1	-0.094989	0.000000	16.437261	0.002911	7.4
2	-0.108982	0.000000	16.437261	0.014839	12.1
3	-0.113401	0.000000	16.437261	0.014864	3.5
4	-0.123963	0.206988	16.276827	0.020092	8.7
5	-0.109069	0.000000	16.437261	0.014354	7.8
6	-0.115342	0.000000	16.437261	0.017756	10.1
7	-0.108966	0.000000	16.437261	0.011001	7.0
8	-0.121297	0.000000	16.437261	0.023265	7.5
9	-0.127003	0.999855	15.690216	0.021969	8.9
10	-0.128944	0.484468	16.066606	0.010430	9.9
11	-0.122403	0.000000	16.437261	0.007644	5.1
12	-0.134260	0.000000	16.437261	0.014268	13.4
13	-0.119012	0.000000	16.437261	0.010813	9.6
14	-0.119611	0.000000	16.437261	0.013120	7.1
15	-0.143686	0.000000	16.437261	0.012664	12.9
16	-0.118631	0.000000	16.437261	0.015051	15.7
17	-0.127053	0.000000	16.437261	0.013409	5.4
18	-0.133073	0.000000	16.437261	0.017352	17.1
19	-0.122686	0.999994	15.690117	0.015705	13.0
20	-0.128142	0.484607	16.066502	0.014476	8.4
21	-0.123495	0.000000	16.437261	0.010086	11.9
22	-0.135216	0.000000	16.437261	0.021296	143.7
23	-0.140319	0.000000	16.437261	0.018435	16.2
24	-0.136979	0.000000	16.437261	0.010324	14.9
25	-0.135681	0.000000	16.437261	0.018535	12.8
26	-0.141314	0.000000	16.437261	0.014546	10.3
27	-0.145298	0.999872	15.690205	0.015291	13.9
28	-0.150924	0.484485	16.066594	0.020235	43.5
29	-0.124731	1.484485	15.352030	0.021135	11.3
30	-0.146915	0.969177	15.712126	0.017481	11.1
31	-0.126948	0.453790	16.089580	0.012857	12.1
32	-0.153759	1.453511	15.373208	0.016665	14.1
33	-0.141830	0.938124	15.734367	0.013174	13.2
34	-0.150309	1.938124	15.048418	0.014683	11.2
35	-0.144058	2.938124	14.419780	0.022439	11.1
36	-0.139111	2.422737	14.737069	0.014889	16.6
37	-0.131571	3.422737	14.133653	0.012877	16.8
38	-0.133260	2.907361	14.438335	0.012387	17.5
39	-0.132707	3.907325	13.858673	0.025681	21.9
40	-0.146802	4.907325	13.323741	0.008098	9.2
41	-0.141864	4.391938	13.594176	0.012492	16.4
42	-0.137966	5.391744	13.079184	0.014385	21.2
43	-0.147025	5.908486	12.828016	0.023971	32.2
44	-0.112759	5.393100	13.078513	0.017412	10.1
45	-0.126525	4.878758	13.338449	0.013304	6.6
46	-0.140195	4.868782	13.343592	0.019645	9.1
47	-0.133037	4.462237	13.556644	0.013225	11.0
48	-0.140514	5.383015	13.083512	0.020634	7.0
49	-0.154631	6.374582	12.609598	0.013462	10.0
50	-0.154015	7.374227	12.165353	0.008394	6.3
51	-0.141748	6.858840	12.390411	0.019443	8.3
52	-0.140186	7.858835	11.961068	0.015642	11.9
53	-0.126632	8.858835	11.560481	0.009700	9.6
54	-0.122927	8.544878	11.683327	0.017092	36.8
55	-0.145775	9.544878	11.300830	0.016688	14.9
56	-0.142277	10.544878	10.942584	0.016035	14.0
57	-0.138006	10.029492	11.124336	0.020880	13.2
58	-0.141917	9.514105	11.312227	0.011142	10.5
59	-0.129529	8.998720	11.506574	0.008643	14.0
60	-0.148860	9.688881	11.247803	0.019868	13.6
61	-0.143965	9.174532	11.439531	0.012527	10.1
62	-0.155936	8.659146	11.638315	0.010814	6.3
63	-0.134660	8.143759	11.844131	0.013233	9.7
64	-0.140100	8.855117	11.561920	0.014277	6.1
65	-0.142447	9.855117	11.187204	0.008899	6.3
66	-0.156432	10.855117	10.836014	0.012005	6.9
67	-0.148876	10.354105	11.009164	0.008028	7.6
68	-0.128130	11.062800	10.765825	0.009112	7.1
69	-0.143925	10.547515	10.941670	0.018845	5.6
70	-0.141011	11.547379	10.605539	0.011360	8.0
71	-0.163373	12.547379	10.289403	0.013191	7.9
72	-0.153439	12.032022	10.449935	0.017547	10.6
73	-0.145150	13.032022	10.142873	0.007979	6.5
74	-0.135621	14.031896	9.853377	0.014644	7.2
75	-0.148601	15.031892	9.579916	0.011846	5.3
76	-0.147342	14.516530	9.718925	0.008307	7.8
77	-0.141668	14.484385	9.727729	0.008593	7.7
78	-0.145457	15.299011	9.509418	0.014632	12.6
79	-0.148339	16.298928	9.254488	0.017069	13.6
80	-0.137704	15.783541	9.384156	0.010196	14.5
81	-0.148949	16.783541	9.135790	0.015748	7.5
82	-0.137812	16.268159	9.262129	0.009411	13.9
83	-0.132639	16.018160	9.324680	0.009932	12.2
84	-0.158012	17.017933	9.079465	0.009607	8.3
85	-0.147623	18.017553	8.846851	0.011317	14.9
86	-0.142587	18.930981	8.644478	0.014837	15.0
87	-0.148005	18.416060	8.757407	0.016515	16.3
88	-0.132677	17.900673	8.873432	0.016638	11.5
89	-0.129019	17.509178	8.963642	0.007102	15.0
90	-0.150945	18.509153	8.736773	0.019331	10.2
91	-0.138288	19.492134	8.524680	0.008669	12.4
92	-0.162507	18.976747	8.634582	0.009957	15.6
93	-0.143018	18.461360	8.747354	0.014011	13.8
94	-0.137268	18.725601	8.689170	0.012198	17.7
95	-0.134732	19.719272	8.477128	0.012571	14.1
96	-0.160373	19.857721	8.448403	0.016043	11.6
97	-0.136018	20.194121	8.379411	0.018848	10.2
98	-0.147272	19.678734	8.485576	0.016613	10.8
99	-0.126111	19.163347	8.594465	0.012817	14.1
100	-0.139040	18.647960	8.706185	0.008408	8.9
101	-0.137093	19.643316	8.492971	0.011458	9.5
102	-0.148634	20.374226	8.342935	0.019714	11.6
103	-0.143197	21.374226	8.146048	0.012047	6.8
104	-0.135968	22.374226	7.958240	0.015466	10.0
105	-0.149338	21.858846	8.053938	0.013793	7.3
106	-0.149356	21.513352	8.119390	0.013606	9.1
107	-0.139280	20.997965	8.219029	0.016221	12.2
108	-0.119670	21.997965	8.027880	0.009632	13.6
109	-0.138998	21.482579	8.125271	0.026236	11.9
110	-0.147134	20.967192	8.225056	0.017023	11.1
111	-0.139589	20.451805	8.327321	0.010194	14.7
112	-0.125670	21.451805	8.131162	0.009229	12.7
113	-0.152099	20.936648	8.231046	0.016457	16.4
114	-0.141796	20.421749	8.333363	0.020800	12.0
115	-0.147526	19.906363	8.438357	0.011503	15.9
116	-0.132138	19.409064	8.542204	0.014041	12.9
117	-0.137562	20.409064	8.335916	0.014598	10.8
118	-0.129176	21.409064	8.139356	0.011777	12.7
119	-0.138656	22.409064	7.951853	0.009492	12.5
120	-0.154461	21.893677	8.047398	0.010026	16.1
121	-0.167730	22.893629	7.864068	0.015434	17.5
122	-0.142593	22.453507	7.943720	0.016337	26.9
123	-0.137995	23.453507	7.765023	0.017684	20.1
124	-0.138096	22.938121	7.856105	0.005235	12.7
125	-0.128372	22.423091	7.949284	0.013916	8.0
126	-0.135382	21.907705	8.044767	0.016460	12.2
127	-0.147550	21.806817	8.063727	0.013326	13.9
128	-0.118756	22.806817	7.879652	0.012725	7.0
129	-0.128549	22.291430	7.973460	0.007075	11.8
130	-0.128821	21.776154	8.069507	0.017710	10.6
131	-0.143112	22.292607	7.973243	0.014259	7.8
132	-0.148636	22.932553	7.857100	0.009827	11.9
133	-0.129091	22.417167	7.950369	0.015132	11.3
134	-0.132957	21.901780	8.045878	0.018395	7.1
135	-0.139688	21.386685	8.143654	0.016228	27.4
136	-0.126987	22.386685	7.955954	0.008959	9.8
137	-0.147425	21.871298	8.051599	0.013861	17.8
138	-0.140086	21.355912	8.149570	0.010262	10.3
139	-0.144351	20.840525	8.249956	0.021211	13.7
140	-0.142908	20.399057	8.337931	0.020024	14.7
141	-0.137680	19.883670	8.443041	0.028284	17.7
142	-0.145352	19.368283	8.550834	0.011101	12.8
143	-0.147777	18.852897	8.661415	0.011249	14.1
144	-0.137556	18.337527	8.774890	0.015996	12.9
145	-0.149432	17.822141	8.891382	0.017593	9.9
146	-0.136163	18.822141	8.668105	0.014356	14.0
147	-0.139671	18.310190	8.780993	0.007071	11.1
148	-0.125863	19.040628	8.620806	0.014407	12.4
149	-0.135569	20.003298	8.418408	0.020047	13.8
150	-0.152984	19.487912	8.525569	0.014864	16.2
151	-0.120915	20.487912	8.320074	0.016694	9.5
152	-0.147646	19.972655	8.424704	0.012993	11.4
153	-0.135137	19.466467	8.530087	0.011147	14.2
154	-0.147326	18.951872	8.639958	0.012997	12.4
155	-0.131722	18.437320	8.752686	0.006931	7.1
156	-0.132655	17.927310	8.867360	0.017129	13.2
157	-0.138392	18.927310	8.645273	0.019495	12.8
158	-0.146571	18.411923	8.758326	0.023204	10.5
159	-0.138313	19.411923	8.541600	0.014871	14.8
160	-0.141520	18.896536	8.651941	0.012601	9.3
161	-0.152561	18.427868	8.754785	0.013270	13.6
162	-0.145842	17.912483	8.870739	0.013248	14.3
163	-0.138638	17.398191	8.989551	0.006531	10.2
164	-0.117132	18.398117	8.761395	0.009668	22.2
165	-0.126679	17.936349	8.865302	0.013802	9.6
166	-0.133569	18.936241	8.643339	0.022120	14.3
167	-0.128707	18.420857	8.756341	0.013113	15.2
168	-0.135558	17.905474	8.872337	0.010952	12.8
169	-0.150124	18.376583	8.766187	0.017546	14.4
170	-0.143364	17.861196	8.882446	0.012898	9.0
171	-0.140356	18.861196	8.659612	0.011934	8.6
172	-0.150640	19.376132	8.549172	0.016259	6.5
173	-0.149870	20.376132	8.342551	0.014946	7.9
174	-0.140243	19.860802	8.447766	0.017309	7.6
175	-0.136691	20.860802	8.245960	0.011966	9.7
176	-0.146447	21.860802	8.053570	0.014268	10.3
177	-0.150297	22.860802	7.869954	0.022710	6.4
178	-0.135381	22.345415	7.963529	0.011475	10.2
179	-0.126844	23.345415	7.783950	0.012466	9.2
180	-0.143237	24.343322	7.612642	0.009271	6.9
181	-0.138571	25.335810	7.449584	0.018093	6.6
182	-0.141623	26.335405	7.292269	0.012506	9.1
183	-0.138866	27.335405	7.141400	0.011916	7.6
184	-0.140002	26.820018	7.218368	0.013172	6.1
185	-0.158250	27.819879	7.070531	0.018015	10.5
186	-0.135845	28.819879	6.928609	0.006733	11.0
187	-0.149233	28.304970	7.000967	0.007784	10.8
188	-0.135350	29.175756	6.879468	0.010622	9.9
189	-0.135751	28.661076	6.950765	0.012519	11.9
190	-0.143654	29.246564	6.869773	0.023199	14.7
191	-0.167539	30.246561	6.735720	0.010105	12.8
192	-0.137456	31.246561	6.606798	0.009830	8.7
193	-0.143989	30.934139	6.646543	0.011582	13.4
194	-0.147849	31.934139	6.520981	0.015542	12.0
195	-0.134366	32.934132	6.400075	0.008010	8.4
196	-0.151360	32.418745	6.461823	0.007640	13.0
197	-0.156742	33.378881	6.347731	0.010135	9.6
198	-0.151871	34.036847	6.271843	0.020648	16.0
199	-0.141138	33.521460	6.331131	0.015379	12.1
200	-0.157049	33.006074	6.391549	0.009880	12.9
201	-0.147026	32.672036	6.431328	0.014485	8.1
202	-0.144839	33.672036	6.313694	0.022238	14.2
203	-0.130756	33.205385	6.368048	0.014553	14.6
204	-0.138133	34.205385	6.252696	0.014302	15.9
205	-0.143079	33.690013	6.311618	0.005564	15.3
206	-0.154337	34.689990	6.198286	0.012572	15.5
207	-0.142863	35.494112	6.110061	0.016830	14.1
208	-0.146409	36.494112	6.003788	0.009535	14.4
209	-0.140525	37.446323	5.905974	0.014142	10.1
210	-0.159790	36.935660	5.958031	0.013239	16.9
211	-0.155588	36.420591	6.011476	0.022910	11.2
212	-0.132102	35.905204	6.065921	0.016572	15.1
213	-0.152582	35.389817	6.121362	0.019246	11.3
214	-0.143954	34.874430	6.177826	0.015900	15.0
215	-0.157939	35.017309	6.162068	0.012190	13.2
216	-0.148251	34.501922	6.219289	0.011105	14.0
217	-0.140820	33.986924	6.277538	0.013442	9.0
218	-0.135850	33.471537	6.336933	0.018315	12.5
219	-0.140387	34.469365	6.222939	0.024939	14.3
220	-0.149825	33.953978	6.281301	0.017019	14.2
221	-0.124306	34.953978	6.169043	0.009991	10.6
222	-0.130539	34.438591	6.226394	0.011608	14.0
223	-0.146996	35.153857	6.147084	0.006990	13.1
224	-0.151946	36.147693	6.040182	0.018668	13.4
225	-0.150772	35.632306	6.095151	0.011084	12.7
226	-0.141577	36.632306	5.989392	0.004544	16.1
227	-0.130447	37.198411	5.931133	0.016951	10.7
228	-0.156338	36.898407	5.961865	0.014560	12.9
229	-0.127064	36.383021	6.015412	0.016328	15.9
230	-0.137596	37.383021	5.912378	0.006070	12.3
231	-0.137697	36.873203	5.964461	0.008399	15.0
232	-0.128886	37.865194	5.863949	0.015412	12.0
233	-0.127527	37.513181	5.899226	0.017071	13.0
234	-0.143382	36.997886	5.951639	0.008516	17.7
235	-0.140884	36.482601	6.004991	0.009912	18.2
236	-0.131581	37.482391	5.902332	0.014694	13.1
237	-0.146939	36.967005	5.954810	0.011623	14.8
238	-0.153401	37.702299	5.880221	0.008131	10.3
239	-0.138329	37.758688	5.874578	0.010704	11.9
240	-0.132545	38.757414	5.776396	0.016890	15.2
241	-0.139936	38.242027	5.826649	0.014899	11.2
242	-0.134130	37.726640	5.877784	0.013312	13.7
243	-0.150898	37.288247	5.921991	0.018502	15.5
244	-0.136810	36.849697	5.966885	0.009126	11.8
245	-0.142679	37.849050	5.865558	0.015810	18.5
246	-0.134528	38.849050	5.767552	0.027550	10.4
247	-0.137021	38.335129	5.817506	0.007206	17.4
248	-0.127496	37.819742	5.868480	0.013620	12.6
249	-0.145625	37.323833	5.918378	0.011346	14.7
250	-0.135358	38.323833	5.818614	0.011307	15.6
251	-0.131262	37.834325	5.867026	0.015424	16.5
252	-0.136652	37.319375	5.918830	0.012587	12.7
253	-0.132058	38.319370	5.819052	0.015894	10.4
254	-0.151814	37.924164	5.858080	0.009410	13.3
255	-0.131940	37.410807	5.909565	0.017086	12.5
256	-0.124936	38.410807	5.810096	0.009742	16.5
257	-0.135932	39.410807	5.713919	0.009729	10.7
258	-0.141305	39.831011	5.674449	0.015527	18.3
259	-0.137434	40.831010	5.582676	0.015825	13.3
260	-0.143949	41.830921	5.493831	0.015346	14.4
261	-0.120912	41.315534	5.539269	0.012145	17.2
262	-0.148312	40.801381	5.585352	0.013430	17.2
263	-0.142492	41.628206	5.511614	0.011347	14.2
264	-0.140033	41.112823	5.557347	0.020684	10.2
265	-0.125179	42.112823	5.469292	0.017110	15.5
266	-0.143759	43.112823	5.383985	0.016476	10.1
267	-0.140485	43.945713	5.314939	0.016660	16.7
268	-0.154485	43.430326	5.357454	0.008817	12.6
269	-0.147185	42.914939	5.400654	0.011179	13.7
270	-0.125902	42.399931	5.444525	0.006685	15.3
271	-0.130520	41.884548	5.489146	0.012706	14.2
272	-0.152732	41.369164	5.534506	0.019088	21.6
273	-0.142612	41.394758	5.532235	0.016275	25.0
274	-0.130938	40.879371	5.578313	0.014315	14.4
275	-0.150123	41.879368	5.489598	0.012549	22.6
276	-0.140412	42.879368	5.403662	0.014563	26.4
277	-0.149096	42.363982	5.447614	0.008618	21.4
278	-0.144017	41.848658	5.492281	0.012131	15.0
279	-0.145384	41.505189	5.522461	0.009613	17.8
280	-0.138372	42.505188	5.435501	0.015359	34.1
281	-0.153137	43.505187	5.351236	0.013162	16.0
282	-0.129119	44.505186	5.269544	0.011713	24.5
283	-0.141781	45.425723	5.196518	0.022137	10.8
284	-0.155810	46.345635	5.125536	0.013226	15.1
285	-0.135057	45.830557	5.165040	0.016552	17.3
286	-0.145055	45.315181	5.205180	0.013775	22.4
287	-0.156676	44.799794	5.245951	0.009807	14.2
288	-0.127704	44.284422	5.287364	0.014331	18.6
289	-0.139825	44.287893	5.287083	0.014041	19.4
290	-0.133424	45.287893	5.207323	0.016183	15.4
291	-0.138095	44.772507	5.248127	0.014530	17.3
292	-0.146383	44.257120	5.289576	0.009591	14.2
293	-0.152643	43.759322	5.330236	0.028453	14.8
294	-0.149623	44.759322	5.249180	0.010903	16.2
295	-0.159051	44.421247	5.276306	0.014148	10.5
296	-0.148830	45.403653	5.198245	0.004827	16.3
297	-0.138377	46.236702	5.133840	0.014717	12.6
298	-0.141311	46.045161	5.148507	0.020450	16.9
299	-0.145624	45.530284	5.188351	0.014854	10.0
300	-0.135277	45.014897	5.228857	0.011813	16.3
301	-0.149911	46.014897	5.150832	0.010869	12.4
302	-0.143965	47.014897	5.075101	0.017178	18.2
303	-0.134986	46.499510	5.113852	0.013933	10.9
304	-0.127771	46.563601	5.109001	0.009238	18.9
305	-0.154343	47.553464	5.035230	0.014038	11.2
306	-0.155775	48.544101	4.963505	0.016044	15.0
307	-0.140158	49.544101	4.893145	0.016722	16.2
308	-0.165053	49.028714	4.929156	0.017761	12.1
309	-0.156810	50.028714	4.859760	0.013212	12.5
310	-0.124634	51.028714	4.792290	0.015196	12.1
311	-0.131643	51.584362	4.755604	0.014181	16.0
312	-0.141472	52.584362	4.690976	0.006846	14.1
313	-0.135985	52.068977	4.724063	0.014899	14.5
314	-0.156218	51.610688	4.753880	0.007539	13.8
315	-0.126406	52.610688	4.689298	0.010863	13.0
316	-0.139518	53.610680	4.626449	0.011006	12.8
317	-0.146201	54.594419	4.566243	0.011582	11.4
318	-0.130391	55.594311	4.506633	0.020577	15.2
319	-0.143914	55.078925	4.537163	0.012163	14.3
320	-0.139316	54.804338	4.553598	0.014919	11.5
321	-0.143311	55.804329	4.494310	0.018197	7.8
322	-0.151696	55.288943	4.524673	0.018331	7.3
323	-0.153147	54.773556	4.555448	0.011245	11.7
324	-0.134577	55.773556	4.496112	0.017038	13.7
325	-0.130003	55.258357	4.526487	0.022893	7.3
326	-0.127949	54.742970	4.557287	0.014078	20.2
327	-0.142693	55.742961	4.497904	0.021037	12.8
328	-0.146715	55.227575	4.528315	0.012451	24.3
329	-0.130994	54.712684	4.559110	0.014689	17.3
330	-0.130698	55.707627	4.499976	0.020428	16.1
331	-0.156648	55.192240	4.530415	0.022041	16.7
332	-0.143661	56.192240	4.471725	0.015909	19.3
333	-0.140803	57.192217	4.414538	0.018214	25.5
334	-0.153689	56.676830	4.443828	0.021565	10.5
335	-0.131328	56.164114	4.473355	0.012706	23.1
336	-0.153129	57.164114	4.416125	0.012792	16.7
337	-0.146208	58.164113	4.360340	0.005384	18.4
338	-0.128357	57.650996	4.388787	0.008642	15.0
339	-0.149663	57.298635	4.408538	0.010457	14.0
340	-0.139949	56.788781	4.437433	0.012359	15.5
341	-0.132742	56.779639	4.437954	0.007847	20.6
342	-0.133121	57.664315	4.388044	0.010218	28.0
343	-0.143129	58.662916	4.333039	0.014247	7.3
344	-0.145878	59.659445	4.279505	0.011198	19.0
345	-0.145645	59.165305	4.305884	0.017508	12.8
346	-0.145061	58.650024	4.333740	0.008511	16.9
347	-0.142989	58.134637	4.361965	0.015378	13.7
348	-0.140922	57.619250	4.390559	0.010661	21.1
349	-0.144698	58.613541	4.335726	0.018030	15.5
350	-0.157444	59.612678	4.281988	0.017683	15.8
351	-0.139498	60.612675	4.229521	0.005089	15.9
352	-0.153134	61.030865	4.207959	0.006002	22.3
353	-0.137988	61.691327	4.174349	0.013657	10.6
354	-0.141003	61.210310	4.198774	0.016909	15.6
355	-0.129693	60.694923	4.225262	0.011220	13.5
356	-0.161414	60.179537	4.252087	0.007107	16.7
357	-0.157657	59.664155	4.279255	0.019789	11.4
358	-0.125755	60.663826	4.226871	0.004398	15.5
359	-0.132723	60.148440	4.253717	0.012285	21.6
360	-0.145221	61.119910	4.203396	0.012352	13.6
361	-0.143463	60.604523	4.229943	0.010614	14.6
362	-0.123760	61.600050	4.178962	0.011105	20.8
363	-0.132792	62.599728	4.128991	0.016662	15.1
364	-0.143992	62.084341	4.154603	0.007700	23.9
365	-0.156426	61.568955	4.180536	0.009497	9.8
366	-0.127695	62.547633	4.131565	0.012135	23.2
367	-0.145758	63.005122	4.109065	0.007275	15.9
368	-0.132090	62.514399	4.133209	0.013358	16.3
369	-0.133486	62.733952	4.122372	0.013157	9.4
370	-0.132639	62.218569	4.147902	0.011227	14.2
371	-0.126091	61.703182	4.173751	0.020347	12.8
372	-0.150339	62.699203	4.124083	0.016284	17.0
373	-0.141528	63.699203	4.075392	0.019023	16.6
374	-0.131731	64.699203	4.027838	0.018919	13.6
375	-0.135480	65.699199	3.981380	0.014614	12.2
376	-0.149096	66.699199	3.935982	0.018283	8.9
377	-0.139121	67.699199	3.891608	0.011941	14.9
378	-0.152692	67.184542	3.914320	0.017870	15.2
379	-0.155807	66.691516	3.936327	0.016509	16.6
380	-0.136527	67.691516	3.891945	0.021112	18.5
381	-0.159099	68.691516	3.848552	0.023996	19.5
382	-0.143364	68.176129	3.870795	0.016770	13.4
383	-0.130669	69.176129	3.827870	0.009255	18.5
384	-0.136591	70.176129	3.785887	0.013801	20.0
385	-0.131196	69.660742	3.807409	0.011097	13.2
386	-0.134095	69.151741	3.828905	0.010946	15.4
387	-0.141625	68.636354	3.850921	0.010539	17.0
388	-0.143001	68.121536	3.873166	0.017896	14.3
389	-0.129736	67.606169	3.895694	0.007550	19.0
390	-0.131235	68.605899	3.852229	0.011605	21.0
391	-0.133793	69.021352	3.834451	0.011006	25.4
392	-0.139796	68.505965	3.856531	0.027589	20.5
393	-0.138185	68.033765	3.876984	0.011241	17.3
394	-0.155846	67.518378	3.899557	0.020917	12.5
395	-0.142400	68.516774	3.856065	0.016462	17.4
396	-0.136810	69.516774	3.813464	0.014106	15.7
397	-0.133699	70.516774	3.771795	0.015291	23.7
398	-0.160630	70.001390	3.793156	0.010150	16.0
399	-0.146266	69.486579	3.814737	0.016682	14.8
400	-0.138966	70.486550	3.773041	0.011214	23.6
401	-0.133336	69.971268	3.794412	0.013042	18.6
402	-0.148667	69.455881	3.816031	0.016623	22.0
403	-0.146128	70.455881	3.774306	0.011615	13.4
404	-0.151041	69.940509	3.795696	0.006242	16.0
405	-0.137943	70.506413	3.772222	0.009186	18.6
406	-0.140008	71.196090	3.744004	0.012567	19.1
407	-0.151103	72.040955	3.710006	0.009909	14.3
408	-0.156876	73.040935	3.670556	0.016458	17.9
409	-0.153239	74.040935	3.631935	0.014570	26.7
410	-0.147817	75.040935	3.594118	0.007833	19.0
411	-0.133533	76.040934	3.557081	0.020805	15.9
412	-0.131015	75.626870	3.572324	0.011590	18.9
413	-0.142046	75.111483	3.591480	0.012928	14.9
414	-0.130524	76.111483	3.554497	0.007770	14.1
415	-0.132796	75.596104	3.573462	0.012834	16.3
416	-0.136145	76.595811	3.536858	0.012747	18.4
417	-0.144422	76.080424	3.555634	0.008979	12.2
418	-0.146493	76.885045	3.526407	0.020609	16.3
419	-0.124706	76.614214	3.536191	0.008415	13.6
420	-0.153804	76.121937	3.554114	0.012001	18.0
421	-0.147727	75.611214	3.572903	0.007501	11.3
422	-0.132604	75.304393	3.584286	0.017562	20.5
423	-0.147481	74.789010	3.603571	0.018412	14.0
424	-0.156055	75.789010	3.566340	0.015224	17.7
425	-0.151893	75.273631	3.585431	0.021810	12.0
426	-0.140420	76.238907	3.549839	0.020568	15.9
427	-0.124369	77.238907	3.513704	0.021566	15.1
428	-0.147722	78.238907	3.478298	0.014286	14.5
429	-0.153730	77.764611	3.495002	0.012915	18.0
430	-0.149705	77.257679	3.513033	0.009789	17.3
431	-0.165435	77.943413	3.488686	0.013963	19.4
432	-0.148465	77.824258	3.492892	0.011901	23.7
433	-0.133949	77.308872	3.511204	0.011546	21.9
434	-0.149961	76.793485	3.529708	0.023904	20.9
435	-0.138922	76.278126	3.548408	0.005125	17.1
436	-0.159737	75.926629	3.561276	0.012446	17.3
437	-0.141136	76.888769	3.526273	0.006643	16.0
438	-0.136361	77.668129	3.498419	0.008380	16.6
439	-0.133642	78.481193	3.469827	0.004311	15.9
440	-0.125670	78.656032	3.463739	0.013807	12.1
441	-0.140586	79.587228	3.431673	0.010178	17.6
442	-0.165249	80.587195	3.397894	0.007720	17.5
443	-0.150902	81.457766	3.369022	0.010734	17.7
444	-0.142185	81.070919	3.381791	0.014574	17.8
445	-0.156015	80.555532	3.398953	0.011153	15.0
446	-0.148618	81.555532	3.365810	0.014597	17.8
447	-0.148894	82.555530	3.333308	0.008658	12.8
448	-0.135815	82.051349	3.349616	0.008544	15.8
449	-0.128389	81.641854	3.362980	0.012798	16.1
450	-0.134979	81.230306	3.376518	0.012447	14.8
451	-0.155086	82.230306	3.343810	0.020267	16.1
452	-0.122050	81.714919	3.360588	0.012567	16.3
453	-0.138366	82.714495	3.328199	0.011892	15.5
454	-0.142500	83.714495	3.296415	0.018694	16.6
455	-0.144928	84.714495	3.265233	0.012545	15.1
456	-0.156154	85.714495	3.234635	0.010623	10.1
457	-0.157335	85.199109	3.250333	0.021819	26.4
458	-0.128595	86.199109	3.220013	0.009753	15.1
459	-0.149284	87.199109	3.190253	0.010991	15.5
460	-0.164418	86.683722	3.205521	0.014644	13.2
461	-0.137081	86.168336	3.220937	0.015495	14.2
462	-0.132141	85.652949	3.236502	0.012286	12.3
463	-0.133475	85.140198	3.252137	0.011090	18.3
464	-0.138488	86.139786	3.221796	0.015529	8.7
465	-0.148726	85.624454	3.237367	0.010701	16.1
466	-0.139283	85.109069	3.253091	0.009712	15.3
467	-0.139350	86.107036	3.222781	0.011374	19.3
468	-0.137807	87.107035	3.192970	0.012917	12.4
469	-0.150388	88.104492	3.163779	0.016277	23.0
470	-0.141134	89.104489	3.135045	0.013228	11.6
471	-0.141787	90.095577	3.107077	0.009974	12.0
472	-0.159945	89.580190	3.121558	0.015722	12.7
473	-0.140045	90.410632	3.098290	0.008831	16.8
474	-0.153536	89.905062	3.112414	0.012749	16.8
475	-0.147725	90.501170	3.095775	0.018688	15.4
476	-0.129539	89.985784	3.110150	0.009023	17.8
477	-0.141326	89.470462	3.124659	0.013691	15.1
478	-0.130247	89.060298	3.136303	0.009217	9.8
479	-0.149482	88.575925	3.150167	0.017571	17.0
480	-0.149579	88.060887	3.165044	0.012195	10.6
481	-0.141134	89.060887	3.136287	0.012509	14.0
482	-0.137003	90.060682	3.108053	0.016706	14.9
483	-0.145746	89.556662	3.122222	0.009302	14.5
484	-0.142939	89.041275	3.136846	0.011152	15.5
485	-0.154051	90.031945	3.108857	0.013224	10.0
486	-0.147777	89.516558	3.123355	0.009802	16.4
487	-0.140527	89.001171	3.137989	0.010063	11.7
488	-0.142033	88.485897	3.152758	0.010733	26.3
489	-0.133619	89.485897	3.124222	0.010883	10.6
490	-0.151385	90.195640	3.104281	0.008746	21.3
491	-0.156850	89.681462	3.118702	0.011270	12.0
492	-0.144227	90.636877	3.092011	0.011113	16.9
493	-0.122138	91.636877	3.064560	0.011060	10.2
494	-0.143649	92.636254	3.037609	0.015042	24.1
495	-0.141298	93.636254	3.011111	0.013190	16.5
496	-0.132122	93.337489	3.018979	0.010539	16.4
497	-0.148084	94.337376	2.992807	0.017127	17.5
498	-0.131350	95.337376	2.967082	0.013449	12.3
499	-0.152469	94.822374	2.980275	0.012975	19.5
Time spent in resolution 0 (ITK initialization and iterating): 9.019 s.
Stopping condition: Maximum number of iterations has been reached.
Settings of AdaptiveStochasticGradientDescent in resolution 0:
( SP_a 345.182485 )
( SP_A 20.000000 )
( SP_alpha 1.000000 )
( SigmoidMax 1.000000 )
( SigmoidMin -0.515387 )
( SigmoidScale 0.000005 )



=============== start of TransformParameterFile ===============
(Transform "EulerTransform")
(NumberOfParameters 6)
(TransformParameters 0.002577 0.001767 0.001959 1.022765 -3.613366 2.283510)
(InitialTransformParametersFileName "NoInitialTransform")
(UseBinaryFormatForTransformationParameters "false")
(HowToCombineTransforms "Compose")

// Image specific
(FixedImageDimension 3)
(MovingImageDimension 3)
(FixedInternalImagePixelType "float")
(MovingInternalImagePixelType "float")
(Size 800 800 31)
(Index 0 0 0)
(Spacing 0.2249999940 0.2249999940 3.0000002384)
(Origin -89.8874969482 -143.0670776367 84.0751800537)
(Direction 1.0000000000 0.0000000000 0.0000000000 0.0000000000 1.0000000000 0.0000000000 0.0000000000 0.0000000000 1.0000000000)
(UseDirectionCosines "false")

// EulerTransform specific
(CenterOfRotationPoint 0.0000006706 -53.1795800179 129.0751836300)
(ComputeZYX "false")

// ResampleInterpolator specific
(ResampleInterpolator "FinalBSplineInterpolator")
(FinalBSplineInterpolationOrder 3)

// Resampler specific
(Resampler "DefaultResampler")
(DefaultPixelValue 0.000000)
(ResultImageFormat "nii.gz")
(ResultImagePixelType "short")
(CompressResultImage "false")

=============== end of TransformParameterFile ===============

Creating the TransformParameterFile took 0.00s

Registration result checksum: 3928332462

Skipping applying final transform, no resulting output image generated.

Final metric value  = -0.152469
Settings of AdaptiveStochasticGradientDescent for all resolutions:
( SP_a 345.182485 )
( SP_A 20.000000 )
( SP_alpha 1.000000 )
( SigmoidMax 1.000000 )
( SigmoidMin -0.515387 )
( SigmoidScale 0.000005 )

Time spent on saving the results, applying the final transform etc.: 31 ms.
Running elastix with parameter file 0: "/Users/sakinkirti/Programming/Python/CCIPD/racial-disparity-pca/code_matlab/rigid.txt", has finished.


Current time: Mon May 23 13:33:57 2022.
Time used for running elastix with this parameter file:
  10.2s.

-------------------------------------------------------------------------

Total time elapsed: 10.3s.

