
elastix is started at Mon May 23 08:25:18 2022.

which elastix:   /Users/sakinkirti/Programming/Python/CCIPD/racial-disparity-pca/code_matlab/elastix-5.0.0-mac/bin/elastix
elastix runs at: Sakins-MBP.hsd1.ca.comcast.net
  macOS 12.3.1 (x64), 21E258
  with 8192 MB memory, and 2 cores @ 2300 MHz.
-------------------------------------------------------------------------

Running elastix with parameter file 0: "/Users/sakinkirti/Programming/Python/CCIPD/racial-disparity-pca/code_matlab/rigid.txt".

Current time: Mon May 23 08:25:19 2022.
Reading the elastix parameters from file ...

Installing all components.
InstallingComponents was successful.

ELASTIX version: 5.000
Command line options from ElastixBase:
-f        /Users/sakinkirti/Programming/Python/CCIPD/racial-disparity-pca/dataset/to_nifti_cleaned/prostate-000947/ADC.nii.gz
-m        /Users/sakinkirti/Programming/Python/CCIPD/racial-disparity-pca/dataset/to_nifti_cleaned/prostate-000947/T2W.nii.gz
-fMask    unspecified, so no fixed mask used
-mMask    unspecified, so no moving mask used
-out      /Users/sakinkirti/Programming/Python/CCIPD/racial-disparity-pca/dataset/to_nifti_cleaned/prostate-000947/
-p        /Users/sakinkirti/Programming/Python/CCIPD/racial-disparity-pca/code_matlab/rigid.txt
-threads  unspecified, so all available threads are used
Command line options from TransformBase:
-t0       unspecified, so no initial transform used

=============== start of ParameterFile: /Users/sakinkirti/Programming/Python/CCIPD/racial-disparity-pca/code_matlab/rigid.txt ===============
// Example parameter file for rotation registration
// C-style comments: //

// The internal pixel type, used for internal computations
// Leave to float in general. 
// NB: this is not the type of the input images! The pixel 
// type of the input images is automatically read from the 
// images themselves.
// This setting can be changed to "short" to save some memory
// in case of very large 3D images.
(FixedInternalImagePixelType "float")
(MovingInternalImagePixelType "float")

// The dimensions of the fixed and moving image
// Up to elastix 4.5 this had to be specified by the user.
// From elastix 4.6, this is not necessary anymore.
//(FixedImageDimension 3)
//(MovingImageDimension 3)

// Specify whether you want to take into account the so-called
// direction cosines of the images. Recommended: true.
// In some cases, the direction cosines of the image are corrupt,
// due to image format conversions for example. In that case, you 
// may want to set this option to "false".
(UseDirectionCosines "false")

// **************** Main Components **************************

// The following components should usually be left as they are:
(Registration "MultiResolutionRegistration")
(Interpolator "BSplineInterpolator")
(ResampleInterpolator "FinalBSplineInterpolator")
(Resampler "DefaultResampler")

// These may be changed to Fixed/MovingSmoothingImagePyramid.
// See the manual.
(FixedImagePyramid "FixedRecursiveImagePyramid")
(MovingImagePyramid "MovingRecursiveImagePyramid")

// The following components are most important:
// The optimizer AdaptiveStochasticGradientDescent (ASGD) works
// quite ok in general. The Transform and Metric are important
// and need to be chosen careful for each application. See manual.
(Optimizer "AdaptiveStochasticGradientDescent")
(Transform "EulerTransform")
(Metric "AdvancedMattesMutualInformation")

// ***************** Transformation **************************

// Scales the rotations compared to the translations, to make
// sure they are in the same range. In general, it's best to  
// use automatic scales estimation:
(AutomaticScalesEstimation "true")

// Automatically guess an initial translation by aligning the
// geometric centers of the fixed and moving.
(AutomaticTransformInitialization "true")

// Whether transforms are combined by composition or by addition.
// In generally, Compose is the best option in most cases.
// It does not influence the results very much.
(HowToCombineTransforms "Compose")

// ******************* Similarity measure *********************

// Number of grey level bins in each resolution level,
// for the mutual information. 16 or 32 usually works fine.
// You could also employ a hierarchical strategy:
//(NumberOfHistogramBins 16 32 64)
(NumberOfHistogramBins 32)

// If you use a mask, this option is important. 
// If the mask serves as region of interest, set it to false.
// If the mask indicates which pixels are valid, then set it to true.
// If you do not use a mask, the option doesn't matter.
(ErodeMask "false")

// ******************** Multiresolution **********************

// The number of resolutions. 1 Is only enough if the expected
// deformations are small. 3 or 4 mostly works fine. For large
// images and large deformations, 5 or 6 may even be useful.
(NumberOfResolutions 1)

// The downsampling/blurring factors for the image pyramids.
// By default, the images are downsampled by a factor of 2
// compared to the next resolution.
// So, in 2D, with 4 resolutions, the following schedule is used:
//(ImagePyramidSchedule 8 8  4 4  2 2  1 1 )
// And in 3D:
//(ImagePyramidSchedule 8 8 8  4 4 4  2 2 2  1 1 1 )
// You can specify any schedule, for example:
//(ImagePyramidSchedule 4 4  4 3  2 1  1 1 )
// Make sure that the number of elements equals the number
// of resolutions times the image dimension.

// ******************* Optimizer ****************************

// Maximum number of iterations in each resolution level:
// 200-500 works usually fine for rigid registration.
// For more robustness, you may increase this to 1000-2000.
(MaximumNumberOfIterations 500)

// The step size of the optimizer, in mm. By default the voxel size is used.
// which usually works well. In case of unusual high-resolution images
// (eg histology) it is necessary to increase this value a bit, to the size
// of the "smallest visible structure" in the image:
//(MaximumStepLength 1.0)

// **************** Image sampling **********************

// Number of spatial samples used to compute the mutual
// information (and its derivative) in each iteration.
// With an AdaptiveStochasticGradientDescent optimizer,
// in combination with the two options below, around 2000
// samples may already suffice.
(NumberOfSpatialSamples 2000)

// Refresh these spatial samples in every iteration, and select
// them randomly. See the manual for information on other sampling
// strategies.
(NewSamplesEveryIteration "true")
(ImageSampler "Random")

// ************* Interpolation and Resampling ****************

// Order of B-Spline interpolation used during registration/optimisation.
// It may improve accuracy if you set this to 3. Never use 0.
// An order of 1 gives linear interpolation. This is in most 
// applications a good choice.
(BSplineInterpolationOrder 1)

// Order of B-Spline interpolation used for applying the final
// deformation.
// 3 gives good accuracy; recommended in most cases.
// 1 gives worse accuracy (linear interpolation)
// 0 gives worst accuracy, but is appropriate for binary images
// (masks, segmentations); equivalent to nearest neighbor interpolation.
(FinalBSplineInterpolationOrder 3)

//Default pixel value for pixels that come from outside the picture:
(DefaultPixelValue 0)

// Choose whether to generate the deformed moving image.
// You can save some time by setting this to false, if you are
// only interested in the final (nonrigidly) deformed moving image
// for example.
(WriteResultImage "false")

// The pixel type and format of the resulting deformed moving image
(ResultImagePixelType "short")
(ResultImageFormat "nii.gz")




=============== end of ParameterFile: /Users/sakinkirti/Programming/Python/CCIPD/racial-disparity-pca/code_matlab/rigid.txt ===============


Reading images...
Reading images took 103 ms.

WARNING: the fixed pyramid schedule is not fully specified!
  A default pyramid schedule is used.
WARNING: the moving pyramid schedule is not fully specified!
  A default pyramid schedule is used.
WARNING: The parameter "AutomaticTransformInitializationMethod", requested at entry number 0, does not exist at all.
  The default value "GeometricalCenter" is used instead.
Transform parameters are initialized as: [0, 0, 0, 0.58282470703125, 7.11419677734375, 5.673370361328125]
Scales are estimated automatically.
Scales for transform parameters are: [5986.44140625, 5986.44140625, 9592.3828125, 1, 1, 1]
Initialization of all components (before registration) took: 15 ms.
Preparation of the image pyramids took: 12 ms.

Resolution: 0
WARNING: The parameter "ShowExactMetricValue", requested at entry number 0, does not exist at all.
  The default value "false" is used instead.
WARNING: The parameter "CheckNumberOfSamples", requested at entry number 0, does not exist at all.
  The default value "true" is used instead.
WARNING: The parameter "UseMultiThreadingForMetrics", requested at entry number 0, does not exist at all.
  The default value "true" is used instead.
Setting the fixed masks took: 0 ms.
Setting the moving masks took: 0 ms.
WARNING: The parameter "NumberOfFixedHistogramBins", requested at entry number 0, does not exist at all.
  The default value "32" is used instead.
WARNING: The parameter "NumberOfMovingHistogramBins", requested at entry number 0, does not exist at all.
  The default value "32" is used instead.
WARNING: The parameter "FixedLimitRangeRatio", requested at entry number 0, does not exist at all.
  The default value "0.01" is used instead.
WARNING: The parameter "MovingLimitRangeRatio", requested at entry number 0, does not exist at all.
  The default value "0.01" is used instead.
WARNING: The parameter "FixedKernelBSplineOrder", requested at entry number 0, does not exist at all.
  The default value "0" is used instead.
WARNING: The parameter "MovingKernelBSplineOrder", requested at entry number 0, does not exist at all.
  The default value "3" is used instead.
WARNING: The parameter "UseFastAndLowMemoryVersion", requested at entry number 0, does not exist at all.
  The default value "true" is used instead.
WARNING: The parameter "UseJacobianPreconditioning", requested at entry number 0, does not exist at all.
  The default value "false" is used instead.
WARNING: The parameter "FiniteDifferenceDerivative", requested at entry number 0, does not exist at all.
  The default value "false" is used instead.
WARNING: The parameter "SP_A", requested at entry number 0, does not exist at all.
  The default value "20" is used instead.
WARNING: The parameter "MaximumNumberOfSamplingAttempts", requested at entry number 0, does not exist at all.
  The default value "0" is used instead.
WARNING: The parameter "SigmoidInitialTime", requested at entry number 0, does not exist at all.
  The default value "0" is used instead.
WARNING: The parameter "MaxBandCovSize", requested at entry number 0, does not exist at all.
  The default value "192" is used instead.
WARNING: The parameter "NumberOfBandStructureSamples", requested at entry number 0, does not exist at all.
  The default value "10" is used instead.
WARNING: The parameter "UseAdaptiveStepSizes", requested at entry number 0, does not exist at all.
  The default value "true" is used instead.
WARNING: The parameter "AutomaticParameterEstimation", requested at entry number 0, does not exist at all.
  The default value "true" is used instead.
WARNING: The parameter "UseConstantStep", requested at entry number 0, does not exist at all.
  The default value "false" is used instead.
WARNING: The parameter "MaximumStepLengthRatio", requested at entry number 0, does not exist at all.
  The default value "1" is used instead.
WARNING: The parameter "MaximumStepLength", requested at entry number 0, does not exist at all.
  The default value "1.28906" is used instead.
WARNING: The parameter "NumberOfGradientMeasurements", requested at entry number 0, does not exist at all.
  The default value "0" is used instead.
WARNING: The parameter "NumberOfJacobianMeasurements", requested at entry number 0, does not exist at all.
  The default value "1000" is used instead.
WARNING: The parameter "NumberOfSamplesForExactGradient", requested at entry number 0, does not exist at all.
  The default value "100000" is used instead.
WARNING: The parameter "SigmoidScaleFactor", requested at entry number 0, does not exist at all.
  The default value "0.1" is used instead.
Elastix initialization of all components (for this resolution) took: 2 ms.
  Computing the fixed image extrema took 2 ms.
  Computing the moving image extrema took 11 ms.
Initialization of AdvancedMattesMutualInformation metric took: 143 ms.
Starting automatic parameter estimation for AdaptiveStochasticGradientDescent ...
WARNING: The parameter "ASGDParameterEstimationMethod", requested at entry number 0, does not exist at all.
  The default value "Original" is used instead.
  Computing JacobianTerms ...
  Computing the Jacobian terms took 0.002917s
  NumberOfGradientMeasurements to estimate sigma_i: 6
  Sampling gradients ...
  Sampling the gradients took 0.394400s
Automatic parameter estimation took 0.40s
1:ItNr	2:Metric	3a:Time	3b:StepSize	4:||Gradient||	Time[ms]
0	-0.124977	0.000000	8.607534	0.018071	544.4
1	-0.146189	0.000000	8.607534	0.038689	3.6
2	-0.127444	1.000000	8.216282	0.019727	5.8
3	-0.140842	0.125049	8.556582	0.044589	3.4
4	-0.134703	0.000000	8.607534	0.024398	2.5
5	-0.140308	0.000000	8.607534	0.032657	2.2
6	-0.139848	0.000000	8.607534	0.013469	2.1
7	-0.145364	0.974421	8.225846	0.022162	5.9
8	-0.133863	0.099471	8.566955	0.014965	2.9
9	-0.136487	0.000000	8.607534	0.016011	2.0
10	-0.138813	0.000000	8.607534	0.014941	2.1
11	-0.110602	0.999960	8.216297	0.016248	4.4
12	-0.145664	0.125509	8.556396	0.015904	3.4
13	-0.153557	1.112722	8.174399	0.041130	4.3
14	-0.115471	0.602861	8.367328	0.015617	2.0
15	-0.143532	1.602853	7.997142	0.009802	3.6
16	-0.139399	0.748656	8.311236	0.032861	4.1
17	-0.136036	1.748367	7.945986	0.025041	2.5
18	-0.152723	2.748367	7.611396	0.018882	3.9
19	-0.156972	1.873416	7.902546	0.028703	2.1
20	-0.143029	0.998465	8.216856	0.014224	3.7
21	-0.158249	1.838170	7.914742	0.024525	5.4
22	-0.177354	0.963220	8.230042	0.016997	3.2
23	-0.133570	0.088269	8.571505	0.030980	2.3
24	-0.149215	0.000000	8.607534	0.018813	2.2
25	-0.162229	0.000000	8.607534	0.028208	3.0
26	-0.159264	0.998743	8.216752	0.029072	4.6
27	-0.138923	0.123792	8.557091	0.027471	3.4
28	-0.146403	1.123792	8.170309	0.015708	3.7
29	-0.139225	0.249416	8.506503	0.022689	3.6
30	-0.161765	0.000000	8.607534	0.040009	3.0
31	-0.140475	1.000000	8.216282	0.033407	3.9
32	-0.137344	2.000000	7.859053	0.020856	3.0
33	-0.128916	2.999999	7.531593	0.033732	2.0
34	-0.151205	3.999968	7.230338	0.037770	4.0
35	-0.143556	4.997874	6.952807	0.016640	3.9
36	-0.144940	5.997874	6.695276	0.020202	3.2
37	-0.149261	6.997761	6.456167	0.033348	2.3
38	-0.179469	7.997761	6.233523	0.032912	4.4
39	-0.157948	8.997761	6.025724	0.035009	3.6
40	-0.136236	8.122810	6.206757	0.011775	4.3
41	-0.175617	7.249119	6.398720	0.024286	3.2
42	-0.092114	6.374172	6.603240	0.019945	5.3
43	-0.126252	7.374172	6.370520	0.028948	4.0
44	-0.145932	6.499237	6.573208	0.015198	2.6
45	-0.148256	5.624287	6.789223	0.017671	4.6
46	-0.156247	6.619981	6.544473	0.022854	5.9
47	-0.148716	5.745044	6.758569	0.016145	3.3
48	-0.154312	4.870093	6.987150	0.023901	3.6
49	-0.172498	5.870093	6.727115	0.030696	9.1
50	-0.121216	4.995142	6.953538	0.032876	2.9
51	-0.142415	5.995142	6.695953	0.022835	11.0
52	-0.151531	6.995138	6.456772	0.014608	4.0
53	-0.153435	6.129964	6.662678	0.023741	3.1
54	-0.132537	7.129961	6.425825	0.029765	3.4
55	-0.156269	6.255010	6.632110	0.019987	5.8
56	-0.147160	5.380059	6.852078	0.026883	5.8
57	-0.170042	4.505108	7.087138	0.038133	6.4
58	-0.149423	5.498266	6.821511	0.022199	5.2
59	-0.135636	4.623315	7.054443	0.020380	5.1
60	-0.162112	3.748365	7.303845	0.024323	8.4
61	-0.180248	2.873414	7.571528	0.011299	5.2
62	-0.151525	3.873321	7.267152	0.027546	20.2
63	-0.158589	4.873321	6.986278	0.019404	6.0
64	-0.157896	5.873182	6.726342	0.020488	6.7
65	-0.175173	5.541105	6.810501	0.015126	4.2
66	-0.203551	6.539257	6.563656	0.022890	8.0
67	-0.147007	7.539231	6.333675	0.017850	4.0
68	-0.177740	8.502947	6.126785	0.014829	3.8
69	-0.165226	7.628455	6.313935	0.028820	13.9
70	-0.145461	8.611028	6.104422	0.033342	2.9
71	-0.140805	9.611028	5.905003	0.014783	8.7
72	-0.133458	10.611028	5.718201	0.030384	3.3
73	-0.155694	9.792808	5.870144	0.029474	5.0
74	-0.172079	8.917858	6.041817	0.025969	9.6
75	-0.146682	8.042907	6.223833	0.015878	4.1
76	-0.151379	7.167999	6.417148	0.024604	5.1
77	-0.173370	6.323046	6.615595	0.030142	5.5
78	-0.144368	7.312358	6.384428	0.025421	4.4
79	-0.151250	8.312358	6.166621	0.026514	5.6
80	-0.187425	7.437408	6.356353	0.009383	4.8
81	-0.131284	8.428670	6.142249	0.030076	4.2
82	-0.152504	7.615519	6.316790	0.008322	5.7
83	-0.142084	6.740572	6.516023	0.019643	5.5
84	-0.155709	6.530273	6.565798	0.023115	4.1
85	-0.176163	5.655322	6.781318	0.024492	10.3
86	-0.177947	6.607256	6.547489	0.028450	4.3
87	-0.173228	7.514626	6.339140	0.023293	6.5
88	-0.158711	8.514626	6.124361	0.019413	5.0
89	-0.121329	9.494182	5.927630	0.015989	4.1
90	-0.138766	8.621961	6.102169	0.019499	6.2
91	-0.178327	7.747435	6.287803	0.014249	5.5
92	-0.155511	6.872501	6.485181	0.025094	5.2
93	-0.143176	5.997554	6.695355	0.037138	5.5
94	-0.176923	5.122603	6.919610	0.023420	5.6
95	-0.150198	6.122603	6.664486	0.010428	5.3
96	-0.174385	6.402855	6.596328	0.040529	4.0
97	-0.126765	5.542407	6.810167	0.024586	6.4
98	-0.158390	6.542407	6.562906	0.023826	4.4
99	-0.164022	5.667456	6.778232	0.034468	6.9
100	-0.181907	6.667456	6.533243	0.060551	5.1
101	-0.178443	7.667456	6.305345	0.016471	6.7
102	-0.162878	6.792505	6.503847	0.065298	5.9
103	-0.206984	7.792505	6.277961	0.045604	6.1
104	-0.154046	6.917554	6.474715	0.015034	5.7
105	-0.181360	6.042604	6.684202	0.024351	5.2
106	-0.182839	7.042464	6.445875	0.021155	6.0
107	-0.134000	6.952596	6.466599	0.033717	5.3
108	-0.181465	7.952596	6.243247	0.040661	2.7
109	-0.158395	7.077645	6.437798	0.014498	5.5
110	-0.157982	6.299889	6.621207	0.014127	7.7
111	-0.175055	5.425730	6.840235	0.025147	2.8
112	-0.162117	6.425730	6.590826	0.023957	5.1
113	-0.156180	5.551569	6.807817	0.014098	7.2
114	-0.152141	6.551569	6.560723	0.028424	4.7
115	-0.167219	5.681097	6.774767	0.023143	5.5
116	-0.164482	6.681097	6.530024	0.013287	5.6
117	-0.144768	7.679851	6.302620	0.037976	4.8
118	-0.192596	6.804900	6.500948	0.032987	5.0
119	-0.152074	5.930006	6.712149	0.014819	5.6
120	-0.206445	6.929906	6.471852	0.033191	5.5
121	-0.191899	6.054957	6.681150	0.015045	7.0
122	-0.166224	5.288063	6.876057	0.019120	6.9
123	-0.179234	6.287949	6.624104	0.028900	6.2
124	-0.192761	7.287949	6.389937	0.015336	10.2
125	-0.194991	6.420784	6.592015	0.037289	4.8
126	-0.156226	5.566939	6.803878	0.028506	5.8
127	-0.179363	4.691988	7.035587	0.010977	5.2
128	-0.189106	3.817048	7.283631	0.017181	6.2
129	-0.191771	2.952529	7.546519	0.008045	6.7
130	-0.151662	3.754975	7.301894	0.021543	4.5
131	-0.187841	3.599566	7.348025	0.015741	7.7
132	-0.143767	4.597635	7.061520	0.028159	4.1
133	-0.163017	5.597635	6.796026	0.025870	7.1
134	-0.162295	4.727429	7.025895	0.027577	6.1
135	-0.142912	3.885427	7.263617	0.021774	4.8
136	-0.168513	4.885427	6.983011	0.025830	9.3
137	-0.173457	5.880366	6.724545	0.009138	5.5
138	-0.137090	6.113985	6.666605	0.031546	5.9
139	-0.202613	5.239050	6.888901	0.013230	6.3
140	-0.163529	4.365226	7.126221	0.022218	2.4
141	-0.172902	5.364428	6.856140	0.018971	10.9
142	-0.148689	4.670957	7.041351	0.015428	6.5
143	-0.154752	4.019545	7.224680	0.022979	6.5
144	-0.171908	3.144594	7.486488	0.037397	4.6
145	-0.172997	4.144594	7.188750	0.019397	4.1
146	-0.203435	5.144594	6.913789	0.011198	5.6
147	-0.184142	4.989525	6.955041	0.028524	3.7
148	-0.138440	4.114574	7.197343	0.026194	4.0
149	-0.187345	3.239623	7.457138	0.021881	6.9
150	-0.153707	2.364673	7.736390	0.013164	4.6
151	-0.140367	1.489722	8.037370	0.015428	4.8
152	-0.180934	0.614840	8.362690	0.036958	6.9
153	-0.135742	1.614840	7.992903	0.013472	5.2
154	-0.177295	2.611843	7.655405	0.020599	3.8
155	-0.175039	2.852433	7.578188	0.043317	5.9
156	-0.165689	3.852433	7.273260	0.026310	3.7
157	-0.154342	4.852433	6.991923	0.014632	3.0
158	-0.180543	5.852433	6.731539	0.023804	3.8
159	-0.168440	5.122793	6.919559	0.012427	6.7
160	-0.182083	4.248947	7.159040	0.025864	4.1
161	-0.176540	4.729072	7.025446	0.029954	5.2
162	-0.180600	5.729072	6.762607	0.019379	5.8
163	-0.177710	4.854121	6.991466	0.030725	4.9
164	-0.161777	5.854121	6.731116	0.012691	5.5
165	-0.171788	6.854089	6.489468	0.019473	3.8
166	-0.191826	7.736359	6.290227	0.022955	4.2
167	-0.163205	6.862043	6.487615	0.038890	5.3
168	-0.164191	5.987092	6.697951	0.016455	5.4
169	-0.153088	6.987047	6.458638	0.021604	4.3
170	-0.146558	6.135599	6.661294	0.011452	6.3
171	-0.162969	5.266262	6.881764	0.022124	5.6
172	-0.172509	5.012297	6.948953	0.013974	5.0
173	-0.159420	4.272129	7.152473	0.022502	6.1
174	-0.198358	3.397181	7.408980	0.025384	3.4
175	-0.159370	2.522230	7.684570	0.018954	5.4
176	-0.200064	1.647280	7.981454	0.018342	5.4
177	-0.175409	2.647268	7.643937	0.033211	5.2
178	-0.165833	1.772318	7.937629	0.023550	5.6
179	-0.189661	2.772315	7.603728	0.030412	4.3
180	-0.195696	1.897364	7.894280	0.019788	6.9
181	-0.173028	2.897320	7.563953	0.019055	4.9
182	-0.165059	2.022369	7.851417	0.011411	3.1
183	-0.162939	1.147513	8.161558	0.018539	3.4
184	-0.156429	2.146360	7.809358	0.019427	5.3
185	-0.191932	3.146359	7.485941	0.025952	5.6
186	-0.174532	2.271409	7.767395	0.037669	4.9
187	-0.171174	1.396458	8.070839	0.022551	4.6
188	-0.170803	1.520680	8.026321	0.028037	5.6
189	-0.156419	2.520672	7.685079	0.009823	5.5
190	-0.212330	3.520497	7.371719	0.018234	4.3
191	-0.162815	4.406054	7.114769	0.029424	4.8
192	-0.189578	5.406054	6.845332	0.022036	4.3
193	-0.148889	6.406054	6.595558	0.020364	5.0
194	-0.170803	5.531103	6.813068	0.015387	5.7
195	-0.146504	4.656153	7.045414	0.018519	2.8
196	-0.162722	3.796183	7.289760	0.031224	5.8
197	-0.181345	2.921232	7.556392	0.009987	7.3
198	-0.170350	3.215767	7.464484	0.013298	5.8
199	-0.191923	2.341684	7.744009	0.024456	6.2
200	-0.162655	3.341683	7.425872	0.018983	5.1
201	-0.122559	2.466776	7.702729	0.019641	5.5
202	-0.157631	1.591875	8.001028	0.024111	5.8
203	-0.186270	0.716924	8.323380	0.025157	3.9
204	-0.181201	0.000000	8.607534	0.021673	3.4
205	-0.208112	0.000000	8.607534	0.027426	6.8
206	-0.163326	1.000000	8.216282	0.016007	4.1
207	-0.148189	0.125058	8.556578	0.022843	4.0
208	-0.148993	0.000000	8.607534	0.021192	9.7
209	-0.179627	0.999999	8.216283	0.037079	4.3
210	-0.184972	0.125048	8.556582	0.033779	5.8
211	-0.158939	0.000000	8.607534	0.044283	5.2
212	-0.180627	0.842990	8.275342	0.022554	3.5
213	-0.153250	0.000000	8.607534	0.013591	5.1
214	-0.190417	0.999816	8.216351	0.030431	4.3
215	-0.198394	0.205794	8.524001	0.019995	4.1
216	-0.190568	0.000000	8.607534	0.022258	3.2
217	-0.201835	1.000000	8.216282	0.026711	4.8
218	-0.184217	0.125049	8.556582	0.024447	3.6
219	-0.162807	1.075711	8.188104	0.030028	4.5
220	-0.201662	2.075711	7.833267	0.018229	5.7
221	-0.139762	1.200764	8.141982	0.028877	5.2
222	-0.186350	0.325817	8.476028	0.022956	5.3
223	-0.136214	0.000000	8.607534	0.017773	6.9
224	-0.170158	1.000000	8.216282	0.027464	5.7
225	-0.138824	0.125049	8.556582	0.016495	7.5
226	-0.150699	0.879148	8.261666	0.027095	6.9
227	-0.160480	1.874184	7.902280	0.023236	4.2
228	-0.148296	0.999233	8.216569	0.045839	6.0
229	-0.149102	1.981006	7.865548	0.023408	4.4
230	-0.192567	1.106055	8.176864	0.018814	3.7
231	-0.159718	2.106054	7.822981	0.024089	2.4
232	-0.187091	3.023429	7.524247	0.022145	6.0
233	-0.150149	4.023429	7.223559	0.018934	3.4
234	-0.157331	5.023411	6.945985	0.026798	3.9
235	-0.168868	6.023409	6.688949	0.035382	2.6
236	-0.135047	5.148458	6.912768	0.025640	4.2
237	-0.152114	4.273508	7.152083	0.016742	3.7
238	-0.159724	3.434529	7.397655	0.024744	2.9
239	-0.142134	2.559579	7.672387	0.024667	2.8
240	-0.139790	1.684629	7.968313	0.014213	3.6
241	-0.153046	2.684628	7.631879	0.018672	4.4
242	-0.153084	3.684598	7.322713	0.036445	3.3
243	-0.148505	4.684572	7.037618	0.025948	6.1
244	-0.178128	5.684572	6.773885	0.012601	4.1
245	-0.158405	6.086898	6.673271	0.034120	3.0
246	-0.168569	6.443617	6.586530	0.013597	3.7
247	-0.162038	7.443617	6.354966	0.013502	4.0
248	-0.134715	6.570674	6.556177	0.023082	3.4
249	-0.163170	7.316471	6.383501	0.024751	3.5
250	-0.166082	6.441520	6.587034	0.039442	3.5
251	-0.149095	7.441520	6.355434	0.024096	4.9
252	-0.152047	6.574211	6.555336	0.025266	2.9
253	-0.173333	7.574211	6.325921	0.036272	3.3
254	-0.171369	6.699261	6.525742	0.029504	3.6
255	-0.161990	7.697814	6.298675	0.029217	5.4
256	-0.149397	8.697814	6.086583	0.015339	3.4
257	-0.134072	9.697786	5.888314	0.041615	2.9
258	-0.174130	8.822835	6.061067	0.027008	2.7
259	-0.168309	9.822835	5.864425	0.021292	4.7
260	-0.169227	10.822835	5.680142	0.025336	3.1
261	-0.180999	11.822835	5.507087	0.035272	3.2
262	-0.182635	10.947884	5.657909	0.017768	2.4
263	-0.172092	10.073532	5.817112	0.017240	4.0
264	-0.179692	11.073532	5.635744	0.033624	4.3
265	-0.161681	10.212475	5.791217	0.018014	2.9
266	-0.155936	11.212261	5.611472	0.036583	3.8
267	-0.166890	10.337331	5.768143	0.016601	4.4
268	-0.189082	9.462381	5.933818	0.018743	3.8
269	-0.192272	10.332729	5.768990	0.020822	2.5
270	-0.195364	11.332687	5.590572	0.011165	4.2
271	-0.144159	12.318647	5.425137	0.027611	4.6
272	-0.150254	11.465443	5.567711	0.034040	3.2
273	-0.181558	12.465443	5.401339	0.042954	2.3
274	-0.153855	13.465443	5.244622	0.010544	4.1
275	-0.189921	14.417641	5.103621	0.027459	3.2
276	-0.166660	13.542690	5.232893	0.033852	4.8
277	-0.178005	12.688015	5.365654	0.017056	3.7
278	-0.137405	11.813067	5.508727	0.010185	2.2
279	-0.154115	12.761557	5.353966	0.016413	3.8
280	-0.152796	13.743846	5.202597	0.030541	3.9
281	-0.169616	14.743843	5.057045	0.015592	3.7
282	-0.172865	15.743843	4.919415	0.033466	3.1
283	-0.209177	15.619173	4.936163	0.025651	3.3
284	-0.174883	16.619173	4.804949	0.023975	4.8
285	-0.178767	15.744222	4.919364	0.032619	4.4
286	-0.170494	14.869271	5.039361	0.034111	3.3
287	-0.145922	13.994320	5.165359	0.018932	4.0
288	-0.181733	13.125240	5.296907	0.028849	5.3
289	-0.168863	12.250927	5.436186	0.034163	3.0
290	-0.153135	13.250927	5.277469	0.035273	2.8
291	-0.147085	12.375976	5.415818	0.023591	3.7
292	-0.172622	13.363355	5.260203	0.024968	4.9
293	-0.153804	14.359968	5.111945	0.019915	3.2
294	-0.159958	14.349843	5.113409	0.020095	3.3
295	-0.167225	13.474892	5.243184	0.033788	3.9
296	-0.142440	12.599943	5.379718	0.011898	4.9
297	-0.155558	13.599913	5.224239	0.025101	4.1
298	-0.153894	14.206130	5.134282	0.052373	2.0
299	-0.203784	15.173518	4.996976	0.021940	3.7
300	-0.138921	14.298568	5.120837	0.029434	5.4
301	-0.155870	15.298568	4.979762	0.018631	4.4
302	-0.160482	14.423617	5.102760	0.017160	2.1
303	-0.170117	15.416936	4.963576	0.020264	4.3
304	-0.188422	16.416923	4.830921	0.017532	5.0
305	-0.164743	15.568128	4.943054	0.024748	3.4
306	-0.123842	14.893828	5.035914	0.015802	2.8
307	-0.127840	15.893828	4.899416	0.030706	3.7
308	-0.148926	16.893828	4.770123	0.034764	5.3
309	-0.167819	17.893828	4.647478	0.021231	2.4
310	-0.114832	18.893828	4.530982	0.036539	4.1
311	-0.172115	18.018877	4.632584	0.034402	2.5
312	-0.170278	19.018877	4.516824	0.017971	4.9
313	-0.162643	20.018877	4.406708	0.028381	4.0
314	-0.159056	19.143926	4.502754	0.025300	3.2
315	-0.170123	19.930217	4.416254	0.025834	2.7
316	-0.158323	19.055266	4.512720	0.027715	5.6
317	-0.163114	20.055266	4.402802	0.017972	2.3
318	-0.176879	19.907895	4.418663	0.059851	5.8
319	-0.129070	20.907895	4.313226	0.022902	6.4
320	-0.190240	20.032944	4.405197	0.023605	4.7
321	-0.182643	19.157993	4.501177	0.029211	5.1
322	-0.175003	18.283042	4.601431	0.018509	5.4
323	-0.187596	19.246840	4.491240	0.023265	2.5
324	-0.162824	18.371891	4.591047	0.013672	3.7
325	-0.134313	17.496941	4.695392	0.019693	4.6
326	-0.151159	18.496915	4.576515	0.027633	6.1
327	-0.147358	19.496915	4.463506	0.024571	3.9
328	-0.184492	18.621964	4.562071	0.036805	3.5
329	-0.172207	17.747013	4.665088	0.023216	5.6
330	-0.179274	18.747013	4.547718	0.020497	2.4
331	-0.175182	17.879392	4.649204	0.017031	3.4
332	-0.164624	18.879390	4.532622	0.018677	4.3
333	-0.152272	18.004795	4.634256	0.029334	4.7
334	-0.187492	19.004795	4.518414	0.040210	4.9
335	-0.167986	18.129844	4.619446	0.016295	2.9
336	-0.168040	17.254894	4.725100	0.014110	6.7
337	-0.159718	18.254891	4.604731	0.016416	3.8
338	-0.157202	19.195482	4.496978	0.024769	3.4
339	-0.157878	20.189641	4.388439	0.030263	3.4
340	-0.178198	21.189641	4.284422	0.030135	3.2
341	-0.168667	22.189641	4.185221	0.029161	5.5
342	-0.169881	21.314690	4.271760	0.038641	2.6
343	-0.181480	22.314690	4.173139	0.030072	3.3
344	-0.186468	21.439739	4.259174	0.030608	2.5
345	-0.138690	20.564796	4.348830	0.028493	8.0
346	-0.186532	19.689845	4.442342	0.018005	3.7
347	-0.165688	18.814894	4.539965	0.049646	4.6
348	-0.210767	19.814758	4.428746	0.038667	5.9
349	-0.159280	20.814758	4.322833	0.015988	3.1
350	-0.151630	19.939808	4.415219	0.030012	2.9
351	-0.159965	19.064857	4.511640	0.034303	3.8
352	-0.163543	20.064857	4.401774	0.014228	4.3
353	-0.168927	21.007111	4.303038	0.032768	4.0
354	-0.168661	22.004585	4.203231	0.032185	3.4
355	-0.173251	23.004585	4.107713	0.022211	3.7
356	-0.189847	24.004585	4.016440	0.026173	3.9
357	-0.155397	23.555200	4.056950	0.015081	4.3
358	-0.157697	22.701514	4.136200	0.013757	3.2
359	-0.150313	23.622705	4.050813	0.021474	3.2
360	-0.136182	22.749465	4.131667	0.010730	3.0
361	-0.186699	23.703171	4.043521	0.028779	4.4
362	-0.165416	22.831340	4.123949	0.027607	2.7
363	-0.183058	21.956389	4.207947	0.025160	3.2
364	-0.152386	22.752195	4.131409	0.021117	4.5
365	-0.141372	22.752718	4.131360	0.029447	4.6
366	-0.151223	21.877767	4.215663	0.029031	2.6
367	-0.176979	22.877767	4.119586	0.028308	3.3
368	-0.180564	23.877767	4.027790	0.019886	3.9
369	-0.185270	23.002817	4.107878	0.038718	4.9
370	-0.172447	24.002817	4.016598	0.026131	2.3
371	-0.164119	24.211373	3.998070	0.026157	3.4
372	-0.176239	25.207585	3.911873	0.025536	2.6
373	-0.142337	24.332634	3.987375	0.032631	6.4
374	-0.164221	25.332229	3.901349	0.033570	2.5
375	-0.163660	26.332229	3.818925	0.028580	3.1
376	-0.164917	27.277267	3.744168	0.019789	3.6
377	-0.158773	26.402317	3.813278	0.012741	6.3
378	-0.195923	25.527461	3.884979	0.029335	2.5
379	-0.171824	26.391814	3.814123	0.038790	3.4
380	-0.128341	25.518978	3.885688	0.020636	3.4
381	-0.164392	24.662487	3.958571	0.036846	5.6
382	-0.185032	25.662487	3.873737	0.022397	4.9
383	-0.190195	26.662487	3.792463	0.012872	7.2
384	-0.125974	25.787569	3.863381	0.018446	5.9
385	-0.167938	24.912674	3.937000	0.021170	2.4
386	-0.175179	25.912674	3.853078	0.028428	5.5
387	-0.173151	26.912674	3.772660	0.026927	4.5
388	-0.181543	27.851408	3.700164	0.033641	3.4
389	-0.197911	28.851408	3.625940	0.019979	3.5
390	-0.185004	29.850626	3.554690	0.034056	2.7
391	-0.191973	28.975735	3.616920	0.037732	3.4
392	-0.164053	28.100784	3.681371	0.025172	2.5
393	-0.164207	27.580528	3.720796	0.035937	2.4
394	-0.159414	28.567603	3.646701	0.022881	2.6
395	-0.140389	27.692652	3.712228	0.030873	2.3
396	-0.168470	28.692652	3.637524	0.009928	2.4
397	-0.182440	29.581095	3.573632	0.022392	2.4
398	-0.162103	28.743435	3.633810	0.024256	2.4
399	-0.183254	27.886493	3.697508	0.033710	2.4
400	-0.146520	28.886492	3.623390	0.025029	2.4
401	-0.148120	28.011541	3.688074	0.035949	2.3
402	-0.122450	28.394814	3.659457	0.014585	2.3
403	-0.172961	28.160829	3.676875	0.019909	4.4
404	-0.156893	29.160634	3.603587	0.015918	4.6
405	-0.170371	28.286688	3.667485	0.027653	4.5
406	-0.185960	27.444429	3.731249	0.053675	3.2
407	-0.138339	28.444429	3.655785	0.016729	5.8
408	-0.185150	29.444429	3.583314	0.025783	3.5
409	-0.173693	30.444200	3.513675	0.012186	4.7
410	-0.174320	31.397356	3.449758	0.012442	7.2
411	-0.192578	30.522627	3.508327	0.020619	3.2
412	-0.143729	29.647903	3.568918	0.023017	2.1
413	-0.158052	28.777973	3.631289	0.017163	3.6
414	-0.197501	29.776659	3.559868	0.030519	8.1
415	-0.140486	28.901708	3.622285	0.023857	2.6
416	-0.137938	28.026758	3.686930	0.018762	2.3
417	-0.172892	27.759246	3.707158	0.028876	4.8
418	-0.158630	28.368901	3.661378	0.019639	4.5
419	-0.186878	27.493950	3.727438	0.019379	2.7
420	-0.153913	28.493950	3.652127	0.023156	3.0
421	-0.161536	29.477320	3.580979	0.018031	3.8
422	-0.209939	28.639191	3.641442	0.012346	5.3
423	-0.167147	27.764245	3.706778	0.020961	3.8
424	-0.166763	28.763196	3.632367	0.028645	2.5
425	-0.184271	29.719903	3.563852	0.016258	3.1
426	-0.141635	28.844966	3.626409	0.016187	5.6
427	-0.149056	29.838043	3.555570	0.016932	2.7
428	-0.175672	28.963093	3.617835	0.024317	3.4
429	-0.131243	28.088143	3.682319	0.023327	2.4
430	-0.151724	29.087836	3.608825	0.013170	5.1
431	-0.185231	29.810498	3.557497	0.039206	4.6
432	-0.190370	30.618786	3.501791	0.015364	2.8
433	-0.158113	31.403057	3.449383	0.017453	3.1
434	-0.139722	32.403054	3.384792	0.042566	4.4
435	-0.168469	33.403054	3.322575	0.031311	5.0
436	-0.182800	34.403054	3.262604	0.032704	2.3
437	-0.186283	35.403054	3.204759	0.031381	4.4
438	-0.172547	34.528103	3.255256	0.028725	3.5
439	-0.215447	35.309306	3.210095	0.025944	6.4
440	-0.167411	34.441488	3.260342	0.012683	6.5
441	-0.183428	35.441481	3.202577	0.019696	5.1
442	-0.165551	36.430523	3.147424	0.013011	6.3
443	-0.154329	35.555807	3.196104	0.020951	3.5
444	-0.153353	35.019289	3.226714	0.024931	3.1
445	-0.140380	34.144338	3.277911	0.011438	6.9
446	-0.154956	33.269432	3.330756	0.016422	5.4
447	-0.161051	34.134429	3.278500	0.024670	3.6
448	-0.182763	35.134161	3.220111	0.008363	5.8
449	-0.160324	36.118650	3.164609	0.016913	4.3
450	-0.158303	36.569584	3.139821	0.016016	2.5
451	-0.180528	37.510958	3.089305	0.016354	4.9
452	-0.172954	36.735271	3.130811	0.021180	4.0
453	-0.147321	37.735268	3.077507	0.014336	3.8
454	-0.177982	37.517389	3.088966	0.032695	3.3
455	-0.154440	38.517389	3.037066	0.020963	4.3
456	-0.159894	37.642439	3.082379	0.020618	5.5
457	-0.179496	38.642364	3.030702	0.018185	2.7
458	-0.179693	39.641426	2.980771	0.027493	3.3
459	-0.169353	40.641423	2.932415	0.019369	4.6
460	-0.158722	39.766472	2.974637	0.015786	4.9
461	-0.161399	40.766448	2.926479	0.039518	2.4
462	-0.147703	39.891497	2.968530	0.015999	3.4
463	-0.205925	39.016546	3.011806	0.023828	4.9
464	-0.147961	38.141600	3.056363	0.021214	4.0
465	-0.187749	37.266650	3.102259	0.053766	2.5
466	-0.156489	38.266650	3.049915	0.025930	3.7
467	-0.157973	39.266650	2.999308	0.031125	2.6
468	-0.184448	38.392106	3.043472	0.014467	5.8
469	-0.177700	37.517157	3.088978	0.023658	3.0
470	-0.158114	38.517157	3.037077	0.022440	2.8
471	-0.168937	37.642206	3.082391	0.021990	3.0
472	-0.193819	37.818898	3.073132	0.019483	5.3
473	-0.183795	37.132466	3.109419	0.024552	2.4
474	-0.174619	36.263027	3.156630	0.015630	3.3
475	-0.110500	37.261542	3.102531	0.016599	5.0
476	-0.167181	36.386591	3.149834	0.034391	4.1
477	-0.158566	35.511641	3.198601	0.020436	3.8
478	-0.180300	34.636690	3.248903	0.020556	3.5
479	-0.186119	35.636690	3.191539	0.023677	4.4
480	-0.127228	34.761739	3.241617	0.013518	3.9
481	-0.197254	33.886789	3.293292	0.043231	2.7
482	-0.157436	33.470136	3.318483	0.011201	3.2
483	-0.175178	32.595185	3.372658	0.022917	5.3
484	-0.182020	33.595181	3.310882	0.009615	4.4
485	-0.181428	34.506654	3.256514	0.014748	2.1
486	-0.194288	33.775809	3.299964	0.013769	3.6
487	-0.140513	34.773391	3.240940	0.018038	2.3
488	-0.154089	35.515191	3.198401	0.010981	6.4
489	-0.162283	36.355235	3.151556	0.024890	2.7
490	-0.164121	35.583021	3.194566	0.013572	3.2
491	-0.176111	36.583019	3.139089	0.017173	2.6
492	-0.181805	36.331911	3.152838	0.012565	6.7
493	-0.160897	35.495646	3.199507	0.031780	3.1
494	-0.186709	34.620696	3.249837	0.032535	2.5
495	-0.186827	33.745745	3.301777	0.019701	3.3
496	-0.151604	34.745745	3.242547	0.021065	6.8
497	-0.185446	35.741553	3.185641	0.031698	3.1
498	-0.147259	34.866602	3.235533	0.010533	2.7
499	-0.206376	33.992842	3.286941	0.043447	2.7
Time spent in resolution 0 (ITK initialization and iterating): 3.086 s.
Stopping condition: Maximum number of iterations has been reached.
Settings of AdaptiveStochasticGradientDescent in resolution 0:
( SP_a 180.758214 )
( SP_A 20.000000 )
( SP_alpha 1.000000 )
( SigmoidMax 1.000000 )
( SigmoidMin -0.874951 )
( SigmoidScale 0.000015 )



=============== start of TransformParameterFile ===============
(Transform "EulerTransform")
(NumberOfParameters 6)
(TransformParameters -0.012552 -0.004152 0.000693 -0.417053 1.762965 4.996580)
(InitialTransformParametersFileName "NoInitialTransform")
(UseBinaryFormatForTransformationParameters "false")
(HowToCombineTransforms "Compose")

// Image specific
(FixedImageDimension 3)
(MovingImageDimension 3)
(FixedInternalImagePixelType "float")
(MovingInternalImagePixelType "float")
(Size 128 128 40)
(Index 0 0 0)
(Spacing 1.8750000000 1.8750000000 3.0000000000)
(Origin -132.0181121826 -120.7393188477 130.7410430908)
(Direction 1.0000000000 0.0000000000 0.0000000000 0.0000000000 1.0000000000 0.0000000000 0.0000000000 0.0000000000 1.0000000000)
(UseDirectionCosines "false")

// EulerTransform specific
(CenterOfRotationPoint -12.9556121826 -1.6768188477 189.2410430908)
(ComputeZYX "false")

// ResampleInterpolator specific
(ResampleInterpolator "FinalBSplineInterpolator")
(FinalBSplineInterpolationOrder 3)

// Resampler specific
(Resampler "DefaultResampler")
(DefaultPixelValue 0.000000)
(ResultImageFormat "nii.gz")
(ResultImagePixelType "short")
(CompressResultImage "false")

=============== end of TransformParameterFile ===============

Creating the TransformParameterFile took 0.00s

Registration result checksum: 4204533485

Skipping applying final transform, no resulting output image generated.

Final metric value  = -0.206376
Settings of AdaptiveStochasticGradientDescent for all resolutions:
( SP_a 180.758214 )
( SP_A 20.000000 )
( SP_alpha 1.000000 )
( SigmoidMax 1.000000 )
( SigmoidMin -0.874951 )
( SigmoidScale 0.000015 )

Time spent on saving the results, applying the final transform etc.: 5 ms.
Running elastix with parameter file 0: "/Users/sakinkirti/Programming/Python/CCIPD/racial-disparity-pca/code_matlab/rigid.txt", has finished.


Current time: Mon May 23 08:25:22 2022.
Time used for running elastix with this parameter file:
  3.2s.

-------------------------------------------------------------------------

Total time elapsed: 3.3s.

