
elastix is started at Mon May 23 17:54:59 2022.

which elastix:   /Users/sakinkirti/Programming/Python/CCIPD/racial-disparity-pca/code_matlab/elastix-5.0.0-mac/bin/elastix
elastix runs at: Sakins-MBP.hsd1.ca.comcast.net
  macOS 12.3.1 (x64), 21E258
  with 8192 MB memory, and 2 cores @ 2300 MHz.
-------------------------------------------------------------------------

Running elastix with parameter file 0: "/Users/sakinkirti/Programming/Python/CCIPD/racial-disparity-pca/code_matlab/rigid.txt".

Current time: Mon May 23 17:54:59 2022.
Reading the elastix parameters from file ...

Installing all components.
InstallingComponents was successful.

ELASTIX version: 5.000
Command line options from ElastixBase:
-f        /Users/sakinkirti/Programming/Python/CCIPD/racial-disparity-pca/dataset/to_nifti_cleaned/prostate-000458/T2W.nii.gz
-m        /Users/sakinkirti/Programming/Python/CCIPD/racial-disparity-pca/dataset/to_nifti_cleaned/prostate-000458/ADC.nii.gz
-fMask    unspecified, so no fixed mask used
-mMask    unspecified, so no moving mask used
-out      /Users/sakinkirti/Programming/Python/CCIPD/racial-disparity-pca/dataset/to_nifti_cleaned/prostate-000458/
-p        /Users/sakinkirti/Programming/Python/CCIPD/racial-disparity-pca/code_matlab/rigid.txt
-threads  unspecified, so all available threads are used
Command line options from TransformBase:
-t0       unspecified, so no initial transform used

=============== start of ParameterFile: /Users/sakinkirti/Programming/Python/CCIPD/racial-disparity-pca/code_matlab/rigid.txt ===============
// Example parameter file for rotation registration
// C-style comments: //

// The internal pixel type, used for internal computations
// Leave to float in general. 
// NB: this is not the type of the input images! The pixel 
// type of the input images is automatically read from the 
// images themselves.
// This setting can be changed to "short" to save some memory
// in case of very large 3D images.
(FixedInternalImagePixelType "float")
(MovingInternalImagePixelType "float")

// The dimensions of the fixed and moving image
// Up to elastix 4.5 this had to be specified by the user.
// From elastix 4.6, this is not necessary anymore.
//(FixedImageDimension 3)
//(MovingImageDimension 3)

// Specify whether you want to take into account the so-called
// direction cosines of the images. Recommended: true.
// In some cases, the direction cosines of the image are corrupt,
// due to image format conversions for example. In that case, you 
// may want to set this option to "false".
(UseDirectionCosines "false")

// **************** Main Components **************************

// The following components should usually be left as they are:
(Registration "MultiResolutionRegistration")
(Interpolator "BSplineInterpolator")
(ResampleInterpolator "FinalBSplineInterpolator")
(Resampler "DefaultResampler")

// These may be changed to Fixed/MovingSmoothingImagePyramid.
// See the manual.
(FixedImagePyramid "FixedRecursiveImagePyramid")
(MovingImagePyramid "MovingRecursiveImagePyramid")

// The following components are most important:
// The optimizer AdaptiveStochasticGradientDescent (ASGD) works
// quite ok in general. The Transform and Metric are important
// and need to be chosen careful for each application. See manual.
(Optimizer "AdaptiveStochasticGradientDescent")
(Transform "EulerTransform")
(Metric "AdvancedMattesMutualInformation")

// ***************** Transformation **************************

// Scales the rotations compared to the translations, to make
// sure they are in the same range. In general, it's best to  
// use automatic scales estimation:
(AutomaticScalesEstimation "true")

// Automatically guess an initial translation by aligning the
// geometric centers of the fixed and moving.
(AutomaticTransformInitialization "true")

// Whether transforms are combined by composition or by addition.
// In generally, Compose is the best option in most cases.
// It does not influence the results very much.
(HowToCombineTransforms "Compose")

// ******************* Similarity measure *********************

// Number of grey level bins in each resolution level,
// for the mutual information. 16 or 32 usually works fine.
// You could also employ a hierarchical strategy:
//(NumberOfHistogramBins 16 32 64)
(NumberOfHistogramBins 32)

// If you use a mask, this option is important. 
// If the mask serves as region of interest, set it to false.
// If the mask indicates which pixels are valid, then set it to true.
// If you do not use a mask, the option doesn't matter.
(ErodeMask "false")

// ******************** Multiresolution **********************

// The number of resolutions. 1 Is only enough if the expected
// deformations are small. 3 or 4 mostly works fine. For large
// images and large deformations, 5 or 6 may even be useful.
(NumberOfResolutions 1)

// The downsampling/blurring factors for the image pyramids.
// By default, the images are downsampled by a factor of 2
// compared to the next resolution.
// So, in 2D, with 4 resolutions, the following schedule is used:
//(ImagePyramidSchedule 8 8  4 4  2 2  1 1 )
// And in 3D:
//(ImagePyramidSchedule 8 8 8  4 4 4  2 2 2  1 1 1 )
// You can specify any schedule, for example:
//(ImagePyramidSchedule 4 4  4 3  2 1  1 1 )
// Make sure that the number of elements equals the number
// of resolutions times the image dimension.

// ******************* Optimizer ****************************

// Maximum number of iterations in each resolution level:
// 200-500 works usually fine for rigid registration.
// For more robustness, you may increase this to 1000-2000.
(MaximumNumberOfIterations 500)

// The step size of the optimizer, in mm. By default the voxel size is used.
// which usually works well. In case of unusual high-resolution images
// (eg histology) it is necessary to increase this value a bit, to the size
// of the "smallest visible structure" in the image:
//(MaximumStepLength 1.0)

// **************** Image sampling **********************

// Number of spatial samples used to compute the mutual
// information (and its derivative) in each iteration.
// With an AdaptiveStochasticGradientDescent optimizer,
// in combination with the two options below, around 2000
// samples may already suffice.
(NumberOfSpatialSamples 2000)

// Refresh these spatial samples in every iteration, and select
// them randomly. See the manual for information on other sampling
// strategies.
(NewSamplesEveryIteration "true")
(ImageSampler "Random")

// ************* Interpolation and Resampling ****************

// Order of B-Spline interpolation used during registration/optimisation.
// It may improve accuracy if you set this to 3. Never use 0.
// An order of 1 gives linear interpolation. This is in most 
// applications a good choice.
(BSplineInterpolationOrder 1)

// Order of B-Spline interpolation used for applying the final
// deformation.
// 3 gives good accuracy; recommended in most cases.
// 1 gives worse accuracy (linear interpolation)
// 0 gives worst accuracy, but is appropriate for binary images
// (masks, segmentations); equivalent to nearest neighbor interpolation.
(FinalBSplineInterpolationOrder 3)

//Default pixel value for pixels that come from outside the picture:
(DefaultPixelValue 0)

// Choose whether to generate the deformed moving image.
// You can save some time by setting this to false, if you are
// only interested in the final (nonrigidly) deformed moving image
// for example.
(WriteResultImage "true")

// The pixel type and format of the resulting deformed moving image
(ResultImagePixelType "short")
(ResultImageFormat "nii.gz")




=============== end of ParameterFile: /Users/sakinkirti/Programming/Python/CCIPD/racial-disparity-pca/code_matlab/rigid.txt ===============


Reading images...
Reading images took 104 ms.

WARNING: the fixed pyramid schedule is not fully specified!
  A default pyramid schedule is used.
WARNING: the moving pyramid schedule is not fully specified!
  A default pyramid schedule is used.
WARNING: The parameter "AutomaticTransformInitializationMethod", requested at entry number 0, does not exist at all.
  The default value "GeometricalCenter" is used instead.
Transform parameters are initialized as: [0, 0, 0, 0.24310302734375, -0.0625, -8.140384674072266]
Scales are estimated automatically.
Scales for transform parameters are: [2815.97265625, 2815.97265625, 4331.4453125, 1, 1, 1]
Initialization of all components (before registration) took: 10 ms.
Preparation of the image pyramids took: 10 ms.

Resolution: 0
WARNING: The parameter "ShowExactMetricValue", requested at entry number 0, does not exist at all.
  The default value "false" is used instead.
WARNING: The parameter "CheckNumberOfSamples", requested at entry number 0, does not exist at all.
  The default value "true" is used instead.
WARNING: The parameter "UseMultiThreadingForMetrics", requested at entry number 0, does not exist at all.
  The default value "true" is used instead.
Setting the fixed masks took: 0 ms.
Setting the moving masks took: 0 ms.
WARNING: The parameter "NumberOfFixedHistogramBins", requested at entry number 0, does not exist at all.
  The default value "32" is used instead.
WARNING: The parameter "NumberOfMovingHistogramBins", requested at entry number 0, does not exist at all.
  The default value "32" is used instead.
WARNING: The parameter "FixedLimitRangeRatio", requested at entry number 0, does not exist at all.
  The default value "0.01" is used instead.
WARNING: The parameter "MovingLimitRangeRatio", requested at entry number 0, does not exist at all.
  The default value "0.01" is used instead.
WARNING: The parameter "FixedKernelBSplineOrder", requested at entry number 0, does not exist at all.
  The default value "0" is used instead.
WARNING: The parameter "MovingKernelBSplineOrder", requested at entry number 0, does not exist at all.
  The default value "3" is used instead.
WARNING: The parameter "UseFastAndLowMemoryVersion", requested at entry number 0, does not exist at all.
  The default value "true" is used instead.
WARNING: The parameter "UseJacobianPreconditioning", requested at entry number 0, does not exist at all.
  The default value "false" is used instead.
WARNING: The parameter "FiniteDifferenceDerivative", requested at entry number 0, does not exist at all.
  The default value "false" is used instead.
WARNING: The parameter "SP_A", requested at entry number 0, does not exist at all.
  The default value "20" is used instead.
WARNING: The parameter "MaximumNumberOfSamplingAttempts", requested at entry number 0, does not exist at all.
  The default value "0" is used instead.
WARNING: The parameter "SigmoidInitialTime", requested at entry number 0, does not exist at all.
  The default value "0" is used instead.
WARNING: The parameter "MaxBandCovSize", requested at entry number 0, does not exist at all.
  The default value "192" is used instead.
WARNING: The parameter "NumberOfBandStructureSamples", requested at entry number 0, does not exist at all.
  The default value "10" is used instead.
WARNING: The parameter "UseAdaptiveStepSizes", requested at entry number 0, does not exist at all.
  The default value "true" is used instead.
WARNING: The parameter "AutomaticParameterEstimation", requested at entry number 0, does not exist at all.
  The default value "true" is used instead.
WARNING: The parameter "UseConstantStep", requested at entry number 0, does not exist at all.
  The default value "false" is used instead.
WARNING: The parameter "MaximumStepLengthRatio", requested at entry number 0, does not exist at all.
  The default value "1" is used instead.
WARNING: The parameter "MaximumStepLength", requested at entry number 0, does not exist at all.
  The default value "0.6875" is used instead.
WARNING: The parameter "NumberOfGradientMeasurements", requested at entry number 0, does not exist at all.
  The default value "0" is used instead.
WARNING: The parameter "NumberOfJacobianMeasurements", requested at entry number 0, does not exist at all.
  The default value "1000" is used instead.
WARNING: The parameter "NumberOfSamplesForExactGradient", requested at entry number 0, does not exist at all.
  The default value "100000" is used instead.
WARNING: The parameter "SigmoidScaleFactor", requested at entry number 0, does not exist at all.
  The default value "0.1" is used instead.
Elastix initialization of all components (for this resolution) took: 2 ms.
  Computing the fixed image extrema took 7 ms.
  Computing the moving image extrema took 8 ms.
Initialization of AdvancedMattesMutualInformation metric took: 77 ms.
Starting automatic parameter estimation for AdaptiveStochasticGradientDescent ...
WARNING: The parameter "ASGDParameterEstimationMethod", requested at entry number 0, does not exist at all.
  The default value "Original" is used instead.
  Computing JacobianTerms ...
  Computing the Jacobian terms took 0.002925s
  NumberOfGradientMeasurements to estimate sigma_i: 6
  Sampling gradients ...
  Sampling the gradients took 0.575092s
Automatic parameter estimation took 0.58s
1:ItNr	2:Metric	3a:Time	3b:StepSize	4:||Gradient||	Time[ms]
0	-0.108698	0.000000	4.458847	0.014371	661.0
1	-0.090280	0.000000	4.458847	0.019144	6.4
2	-0.108038	0.000000	4.458847	0.013255	7.8
3	-0.104912	0.000000	4.458847	0.010095	4.4
4	-0.129252	0.000000	4.458847	0.008535	4.6
5	-0.111438	0.712253	4.312579	0.017068	4.4
6	-0.109009	0.000000	4.458847	0.009316	4.2
7	-0.098540	0.990607	4.257991	0.009969	3.8
8	-0.107613	0.081347	4.441642	0.015101	5.4
9	-0.109286	1.081271	4.240507	0.017295	4.4
10	-0.111758	0.149648	4.427298	0.010440	4.4
11	-0.109231	0.000000	4.458847	0.011303	4.0
12	-0.101927	0.000000	4.458847	0.018737	5.4
13	-0.117431	0.000000	4.458847	0.035231	4.3
14	-0.122829	0.000000	4.458847	0.009035	3.5
15	-0.116975	0.000000	4.458847	0.016857	4.9
16	-0.149658	0.997987	4.256562	0.006603	4.3
17	-0.126388	0.881773	4.279169	0.016533	4.8
18	-0.101281	1.146022	4.228109	0.012939	5.3
19	-0.123060	0.213880	4.413893	0.017028	4.2
20	-0.114361	0.000000	4.458847	0.017488	3.6
21	-0.109162	0.941624	4.267496	0.023179	4.6
22	-0.100704	0.049262	4.448412	0.016326	5.2
23	-0.123003	0.752943	4.304512	0.014676	4.5
24	-0.099104	0.000000	4.458847	0.014777	10.1
25	-0.113799	0.000000	4.458847	0.008612	6.7
26	-0.104303	0.000000	4.458847	0.008766	9.8
27	-0.089041	0.000000	4.458847	0.012666	8.6
28	-0.130191	0.000000	4.458847	0.020577	8.8
29	-0.114386	0.000000	4.458847	0.009292	7.7
30	-0.121119	0.000000	4.458847	0.019930	7.7
31	-0.122842	0.000000	4.458847	0.019664	9.1
32	-0.127780	1.000000	4.256173	0.020131	8.0
33	-0.105822	0.068149	4.444424	0.021736	9.3
34	-0.136613	0.000000	4.458847	0.022659	6.1
35	-0.107750	1.000000	4.256173	0.012690	7.8
36	-0.128909	2.000000	4.071122	0.018385	8.5
37	-0.105859	2.999997	3.901492	0.018062	9.8
38	-0.105869	2.067824	4.059152	0.026163	6.5
39	-0.127992	3.067824	3.890497	0.018939	8.3
40	-0.108122	3.993207	3.746450	0.013098	5.1
41	-0.105078	4.993008	3.602346	0.014710	4.5
42	-0.106835	4.853284	3.621814	0.012707	4.8
43	-0.112423	5.853022	3.486974	0.011089	5.3
44	-0.106192	4.934210	3.610513	0.009385	4.2
45	-0.113004	4.002858	3.745004	0.017640	5.0
46	-0.103352	5.002636	3.601012	0.008867	4.8
47	-0.121363	5.763691	3.498613	0.008990	4.6
48	-0.094388	6.717848	3.378177	0.015789	5.4
49	-0.104262	7.707445	3.261725	0.011358	4.4
50	-0.128431	7.959388	3.233349	0.024061	4.5
51	-0.111204	7.993441	3.229551	0.019918	4.9
52	-0.110840	7.061268	3.336834	0.011039	4.7
53	-0.127946	6.129770	3.451404	0.008634	4.7
54	-0.104402	7.049371	3.338249	0.019783	4.0
55	-0.102083	6.281272	3.432237	0.017320	4.9
56	-0.118398	5.349261	3.553640	0.012791	5.2
57	-0.102346	6.328514	3.426304	0.016395	3.8
58	-0.107465	7.328501	3.305357	0.009733	5.9
59	-0.108892	6.396477	3.417804	0.015529	5.7
60	-0.103765	6.986911	3.345700	0.013862	4.3
61	-0.105122	6.087405	3.456802	0.027739	5.9
62	-0.089592	5.458096	3.539022	0.006414	4.9
63	-0.100337	4.529246	3.667785	0.008067	4.2
64	-0.109095	3.840846	3.769429	0.014413	7.2
65	-0.115383	4.818712	3.626664	0.019787	6.2
66	-0.107596	3.886542	3.762507	0.022834	10.3
67	-0.119664	2.954444	3.908911	0.019515	6.3
68	-0.104969	2.022271	4.067183	0.008702	7.9
69	-0.105450	2.236462	4.029692	0.018928	7.0
70	-0.124913	1.368009	4.186148	0.021974	9.9
71	-0.113704	2.368008	4.007008	0.017234	6.0
72	-0.116698	3.367288	3.842684	0.008707	7.8
73	-0.136001	4.362463	3.691905	0.012395	7.3
74	-0.110064	3.435233	3.831999	0.010109	7.4
75	-0.116215	4.435192	3.681348	0.011649	7.8
76	-0.116912	5.187408	3.575604	0.008937	8.1
77	-0.111887	4.274970	3.704685	0.014510	6.5
78	-0.121591	5.255245	3.566365	0.013128	6.4
79	-0.093492	4.338051	3.695462	0.022280	7.0
80	-0.112596	5.335306	3.555523	0.009427	6.1
81	-0.122530	4.403133	3.685994	0.009258	8.1
82	-0.129200	3.707783	3.789729	0.017702	5.6
83	-0.105663	4.707708	3.642324	0.008813	9.0
84	-0.100264	5.452061	3.539830	0.023833	5.7
85	-0.118584	4.775036	3.632810	0.015281	8.1
86	-0.117092	3.842864	3.769122	0.012051	6.2
87	-0.112929	2.910709	3.916061	0.011882	7.4
88	-0.110458	3.910472	3.758893	0.017468	7.9
89	-0.138703	4.718381	3.640812	0.006582	7.4
90	-0.108191	5.669757	3.510936	0.019123	7.4
91	-0.109891	4.744564	3.637109	0.020391	7.2
92	-0.111436	3.950805	3.752817	0.008056	9.2
93	-0.122011	4.950638	3.608227	0.023931	7.8
94	-0.108340	4.373664	3.690275	0.025013	6.7
95	-0.110175	3.441492	3.831018	0.017934	5.8
96	-0.105559	4.441477	3.680439	0.013185	7.1
97	-0.094325	3.509405	3.820403	0.018544	6.1
98	-0.139833	2.694705	3.951760	0.012621	7.2
99	-0.111995	1.864106	4.095318	0.013597	6.0
100	-0.094425	0.932045	4.269360	0.019664	5.0
101	-0.121739	1.931933	4.083206	0.014057	7.4
102	-0.104288	1.545248	4.153239	0.007264	5.6
103	-0.109166	2.492421	3.985787	0.019248	7.6
104	-0.118613	3.384109	3.840034	0.008231	5.8
105	-0.106856	4.376905	3.689804	0.022000	6.6
106	-0.115598	3.446432	3.830244	0.011743	7.5
107	-0.104097	4.446417	3.679724	0.011473	7.0
108	-0.114879	3.532532	3.816801	0.016631	7.4
109	-0.094725	4.532526	3.667314	0.018177	5.5
110	-0.106333	3.600353	3.806279	0.013513	6.7
111	-0.117912	2.672147	3.955526	0.019465	6.1
112	-0.127876	1.739977	4.117673	0.013271	6.5
113	-0.137980	0.807804	4.293683	0.027777	7.3
114	-0.102513	1.807804	4.105428	0.007422	4.9
115	-0.115450	2.807715	3.933002	0.016005	7.5
116	-0.126768	3.803078	3.775168	0.013986	6.0
117	-0.129379	2.870955	3.922583	0.019733	8.6
118	-0.112116	1.939274	4.081899	0.016347	5.4
119	-0.111458	1.007102	4.254799	0.019555	4.7
120	-0.097295	2.002746	4.070636	0.016335	7.9
121	-0.097578	1.629832	4.137715	0.013325	5.4
122	-0.111861	0.701131	4.314789	0.015843	7.0
123	-0.135879	1.701131	4.124719	0.020398	6.7
124	-0.112145	2.701085	3.950697	0.012329	6.3
125	-0.111884	2.732545	3.945460	0.016214	6.9
126	-0.113937	3.732545	3.785935	0.011008	5.6
127	-0.137488	4.728715	3.639350	0.011546	5.6
128	-0.110198	3.802862	3.775201	0.016154	6.1
129	-0.109415	4.802547	3.628936	0.009182	5.8
130	-0.130608	5.754187	3.499856	0.016993	7.7
131	-0.108993	4.865530	3.620100	0.010943	5.5
132	-0.107301	4.380821	3.689234	0.013387	6.9
133	-0.128317	3.448668	3.829894	0.011954	6.0
134	-0.109988	4.448666	3.679399	0.020551	5.4
135	-0.107654	3.516511	3.819295	0.012820	8.6
136	-0.141093	2.584364	3.970249	0.018944	5.6
137	-0.101306	1.652210	4.133627	0.014514	6.2
138	-0.100297	1.695638	4.125718	0.022392	6.9
139	-0.123255	0.764889	4.302149	0.012314	7.3
140	-0.119900	0.000000	4.458847	0.017508	7.3
141	-0.101551	0.999864	4.256199	0.017698	6.4
142	-0.100986	0.067692	4.444521	0.018120	7.1
143	-0.106559	1.067692	4.243117	0.005663	5.1
144	-0.103487	0.615409	4.331900	0.013390	9.9
145	-0.120848	0.000000	4.458847	0.021346	6.6
146	-0.115760	0.999774	4.256216	0.017713	7.1
147	-0.119010	1.997638	4.071540	0.017406	6.5
148	-0.112794	1.065541	4.243530	0.010569	5.7
149	-0.108709	2.065501	4.059561	0.026440	6.4
150	-0.111228	1.133328	4.230534	0.022391	4.6
151	-0.118258	2.133328	4.047658	0.014569	5.7
152	-0.094406	1.201156	4.217609	0.016996	4.6
153	-0.135167	0.268983	4.402458	0.009464	4.4
154	-0.119578	0.000000	4.458847	0.021562	3.8
155	-0.124981	0.000000	4.458847	0.019643	5.5
156	-0.122307	0.000000	4.458847	0.006657	3.8
157	-0.113471	0.550140	4.345020	0.015202	4.4
158	-0.112447	0.000000	4.458847	0.031899	4.2
159	-0.118767	0.986167	4.258850	0.025871	5.2
160	-0.110819	0.053995	4.447412	0.013399	5.0
161	-0.101208	1.053995	4.245752	0.026080	5.3
162	-0.118762	2.053995	4.061587	0.006509	5.0
163	-0.097691	1.537023	4.154755	0.022090	4.6
164	-0.112486	2.224212	4.031818	0.012764	8.3
165	-0.127610	1.292039	4.200414	0.012274	4.9
166	-0.131099	2.292038	4.020077	0.018741	4.4
167	-0.109045	1.366182	4.186490	0.012425	4.7
168	-0.118846	0.434010	4.368562	0.011318	4.2
169	-0.095633	0.000000	4.458847	0.012746	5.6
170	-0.105062	0.554951	4.344051	0.017750	8.0
171	-0.116792	1.554951	4.151452	0.013737	5.3
172	-0.137254	0.623125	4.330354	0.012115	7.7
173	-0.095652	1.615809	4.140281	0.015152	6.6
174	-0.098557	1.630456	4.137601	0.015645	5.3
175	-0.117602	0.848039	4.285776	0.016473	6.8
176	-0.099319	1.848039	4.098198	0.005508	6.2
177	-0.110498	0.992820	4.257562	0.022273	6.6
178	-0.121980	1.267031	4.205132	0.014381	5.6
179	-0.111540	0.334858	4.388864	0.009551	5.4
180	-0.120809	0.262959	4.403705	0.018417	7.7
181	-0.111093	0.000000	4.458847	0.011527	5.7
182	-0.098747	0.000000	4.458847	0.021804	6.5
183	-0.101244	0.000000	4.458847	0.010310	6.0
184	-0.097575	0.000000	4.458847	0.009942	5.9
185	-0.104847	0.989541	4.258197	0.024122	7.7
186	-0.126190	1.989474	4.072986	0.019736	5.9
187	-0.105068	2.977874	3.905092	0.013720	7.0
188	-0.130301	2.045702	4.063048	0.015502	5.6
189	-0.119905	3.041570	3.894746	0.017098	7.9
190	-0.120747	4.027972	3.741246	0.008071	6.3
191	-0.125162	5.027854	3.597523	0.023219	5.9
192	-0.118471	4.095683	3.731152	0.018377	7.5
193	-0.103234	5.095678	3.588173	0.015548	6.0
194	-0.099696	4.179342	3.718755	0.015596	6.7
195	-0.110501	5.179341	3.576706	0.009657	6.5
196	-0.105049	6.178338	3.445236	0.010759	5.8
197	-0.112147	5.254173	3.566511	0.020218	7.0
198	-0.110411	6.254163	3.435651	0.018170	5.9
199	-0.118029	5.322058	3.557313	0.020398	7.7
200	-0.104619	5.504200	3.532866	0.021093	5.9
201	-0.104001	4.572028	3.661649	0.018241	6.7
202	-0.128830	5.572022	3.523849	0.011763	6.9
203	-0.106932	6.571938	3.396054	0.008988	5.7
204	-0.130815	6.347039	3.423983	0.018566	6.4
205	-0.118058	6.279410	3.432471	0.009728	6.0
206	-0.134316	5.347239	3.553913	0.009646	5.9
207	-0.125213	4.697500	3.643771	0.017054	6.5
208	-0.117725	5.618695	3.517670	0.011956	5.0
209	-0.105850	4.686522	3.645328	0.020984	8.5
210	-0.109752	5.686300	3.508759	0.011019	5.6
211	-0.132815	6.652482	3.386162	0.014392	7.2
212	-0.126292	7.647274	3.268576	0.017738	6.8
213	-0.139748	8.647273	3.158327	0.015713	6.2
214	-0.125711	7.715101	3.260856	0.016546	7.6
215	-0.132765	7.799184	3.251335	0.005659	6.4
216	-0.103009	8.797873	3.142365	0.014821	8.6
217	-0.110473	8.151509	3.212039	0.011151	5.3
218	-0.103678	7.219338	3.318143	0.007549	6.9
219	-0.110465	8.210091	3.205598	0.011049	6.3
220	-0.100952	8.822725	3.139746	0.019861	8.1
221	-0.106285	7.890553	3.241052	0.015430	6.9
222	-0.097011	6.958381	3.349114	0.014845	6.4
223	-0.119390	7.958275	3.233473	0.015819	6.5
224	-0.109165	7.027109	3.340901	0.021046	5.8
225	-0.114554	6.095051	3.455827	0.009967	6.9
226	-0.116219	5.219681	3.571203	0.016113	4.9
227	-0.115706	6.183910	3.444530	0.014494	4.0
228	-0.124153	5.251742	3.566841	0.012212	5.1
229	-0.123946	4.321535	3.697872	0.008028	5.1
230	-0.123956	3.445029	3.830464	0.013945	4.3
231	-0.121412	4.444850	3.679951	0.019789	4.3
232	-0.124162	3.512678	3.819893	0.020460	5.2
233	-0.136457	2.580524	3.970896	0.007653	4.8
234	-0.105241	1.649317	4.134155	0.009840	5.3
235	-0.139531	2.296047	4.019386	0.021923	5.0
236	-0.103431	3.294512	3.854195	0.017164	6.0
237	-0.123818	4.294512	3.701823	0.012005	5.4
238	-0.128274	3.362348	3.843464	0.013708	5.5
239	-0.133425	2.434246	3.995682	0.022749	4.9
240	-0.111831	1.502073	4.161207	0.012635	5.2
241	-0.086886	2.236385	4.029706	0.021620	5.1
242	-0.127968	3.236175	3.863472	0.007730	4.3
243	-0.139724	4.235653	3.710457	0.009113	5.8
244	-0.099133	4.964856	3.606251	0.019963	6.3
245	-0.146326	4.235140	3.710532	0.018853	4.9
246	-0.110851	3.302967	3.852854	0.010403	5.7
247	-0.128460	2.372766	4.006192	0.017113	5.2
248	-0.116227	1.440748	4.172579	0.010884	6.4
249	-0.097679	0.675616	4.319868	0.012590	9.0
250	-0.098042	1.670688	4.130258	0.015166	5.9
251	-0.129045	0.741648	4.306748	0.019165	6.9
252	-0.118001	1.741648	4.117371	0.028248	6.3
253	-0.112709	0.809475	4.293354	0.011411	8.6
254	-0.096036	0.000000	4.458847	0.016267	6.0
255	-0.123220	0.000000	4.458847	0.015125	9.7
256	-0.116727	0.000000	4.458847	0.018266	5.0
257	-0.130181	0.000000	4.458847	0.015372	6.5
258	-0.111813	0.000000	4.458847	0.011220	9.6
259	-0.119784	0.999997	4.256173	0.016236	8.9
260	-0.105727	1.971292	4.076209	0.010573	7.1
261	-0.114565	2.964447	3.907280	0.009732	5.9
262	-0.129268	3.853406	3.767524	0.023423	7.3
263	-0.104022	2.921234	3.914338	0.018595	5.6
264	-0.108749	3.921234	3.757270	0.020501	11.5
265	-0.111787	2.989062	3.903270	0.016491	5.5
266	-0.107885	2.056889	4.061077	0.014376	6.8
267	-0.122569	1.134967	4.230221	0.017228	6.2
268	-0.109440	2.134967	4.047371	0.019972	7.6
269	-0.116576	3.134960	3.879675	0.006200	6.3
270	-0.104793	4.131082	3.725896	0.006529	5.4
271	-0.114335	4.714779	3.641322	0.013166	7.2
272	-0.125335	4.668470	3.647892	0.010772	5.9
273	-0.098972	5.668465	3.511106	0.014051	5.9
274	-0.099818	5.066988	3.592122	0.008183	6.2
275	-0.130899	4.178213	3.718921	0.014136	5.7
276	-0.114544	3.317821	3.850501	0.011739	7.0
277	-0.123881	2.524780	3.980305	0.016195	5.7
278	-0.116934	3.486888	3.823916	0.027618	5.6
279	-0.104785	4.486888	3.673881	0.010760	8.7
280	-0.103620	3.866080	3.765603	0.008287	12.8
281	-0.108897	2.976486	3.905318	0.010681	9.6
282	-0.107883	3.541076	3.815472	0.008287	7.8
283	-0.104692	3.373781	3.841661	0.012002	5.2
284	-0.122598	3.462853	3.827673	0.018703	6.3
285	-0.122184	2.536147	3.978383	0.018997	6.5
286	-0.126653	3.536147	3.816239	0.006274	6.9
287	-0.116317	4.531689	3.667434	0.019307	7.7
288	-0.121208	5.531585	3.529220	0.019606	8.6
289	-0.114427	4.599412	3.657732	0.013695	4.8
290	-0.131257	5.599407	3.520221	0.016411	6.9
291	-0.138405	6.555760	3.398048	0.008111	4.7
292	-0.106731	5.641486	3.514661	0.016884	4.9
293	-0.111281	6.524597	3.401895	0.016270	5.6
294	-0.104367	7.524597	3.282633	0.014488	9.1
295	-0.129871	6.592777	3.393489	0.019007	4.7
296	-0.120610	5.660604	3.512141	0.023473	4.4
297	-0.101024	4.728435	3.639389	0.018545	6.4
298	-0.103876	3.796263	3.776206	0.012155	7.2
299	-0.132442	2.871254	3.922534	0.014638	8.4
300	-0.107732	3.871174	3.764832	0.016847	6.9
301	-0.115485	4.871174	3.619310	0.014619	6.1
302	-0.126049	5.870977	3.484644	0.003021	3.9
303	-0.112925	5.971316	3.471681	0.020936	4.0
304	-0.118690	6.635484	3.388245	0.015388	4.4
305	-0.115933	7.634944	3.269984	0.013320	3.4
306	-0.110148	6.704837	3.379763	0.014373	3.6
307	-0.115441	7.704830	3.262022	0.013782	3.5
308	-0.126837	6.772681	3.371507	0.012633	6.2
309	-0.119760	5.911802	3.479358	0.017314	5.9
310	-0.136184	6.523520	3.402028	0.014162	6.8
311	-0.141858	5.591586	3.521257	0.012012	6.8
312	-0.093610	4.659419	3.649178	0.010948	7.2
313	-0.104299	5.658211	3.512456	0.021980	7.2
314	-0.141272	6.658211	3.385461	0.013503	6.0
315	-0.104279	7.658191	3.267331	0.025940	6.0
316	-0.111727	8.658191	3.157165	0.017376	5.2
317	-0.104281	7.726018	3.259616	0.008723	10.5
318	-0.120928	8.401777	3.184699	0.015550	5.8
319	-0.121514	7.583101	3.275915	0.019644	4.7
320	-0.144476	8.583101	3.165178	0.020820	8.0
321	-0.125998	9.583100	3.061684	0.023592	8.0
322	-0.112272	8.650928	3.157938	0.009672	6.2
323	-0.128443	7.719191	3.260391	0.014503	4.6
324	-0.112307	7.090284	3.333387	0.014510	6.7
325	-0.124771	6.657224	3.385582	0.026149	6.7
326	-0.111718	7.657224	3.267441	0.019208	5.7
327	-0.126608	8.125823	3.214872	0.014196	7.4
328	-0.106458	7.193683	3.321162	0.014006	6.4
329	-0.135104	8.193658	3.207402	0.013437	7.5
330	-0.125036	7.261535	3.313189	0.020176	6.8
331	-0.135064	8.261535	3.199962	0.026754	5.8
332	-0.107116	9.261535	3.094218	0.013021	6.8
333	-0.114248	8.619847	3.161252	0.010924	5.9
334	-0.133841	7.687679	3.263973	0.022507	7.2
335	-0.128150	6.755506	3.373594	0.018711	6.3
336	-0.110509	7.755506	3.256274	0.016579	6.9
337	-0.135739	6.836213	3.363812	0.023459	5.6
338	-0.127046	5.908837	3.479742	0.011801	7.8
339	-0.130835	6.908837	3.355059	0.013516	7.4
340	-0.138576	5.979348	3.470647	0.018380	6.9
341	-0.113143	6.979293	3.346610	0.016066	6.6
342	-0.118279	7.813821	3.249683	0.015170	5.4
343	-0.127280	6.884169	3.358027	0.006834	8.2
344	-0.126757	7.884075	3.241779	0.028556	5.0
345	-0.107670	6.951903	3.349890	0.017893	5.8
346	-0.134831	7.951903	3.234185	0.008910	6.5
347	-0.116179	8.951882	3.126207	0.015368	6.4
348	-0.120785	9.951786	3.025215	0.022017	6.1
349	-0.104563	10.951757	2.930537	0.011645	6.2
350	-0.111963	11.949979	2.841756	0.011519	5.2
351	-0.129595	12.933074	2.759426	0.010128	7.4
352	-0.101573	12.434122	2.800606	0.011003	5.2
353	-0.121529	13.434070	2.719278	0.021987	7.1
354	-0.111048	14.433504	2.642578	0.013025	7.3
355	-0.133318	15.319670	2.578101	0.007092	5.7
356	-0.100923	14.389950	2.645830	0.015513	7.0
357	-0.120550	13.458373	2.717360	0.011518	7.2
358	-0.121326	14.448348	2.641471	0.010457	6.2
359	-0.117340	15.087532	2.594686	0.010222	6.7
360	-0.134487	15.680773	2.552721	0.024383	7.5
361	-0.133912	15.727553	2.549470	0.014078	8.7
362	-0.125787	14.795380	2.615863	0.010811	8.6
363	-0.110696	15.055937	2.596959	0.022298	4.7
364	-0.124859	16.055286	2.526921	0.017260	7.7
365	-0.111777	15.123114	2.592130	0.014497	7.2
366	-0.136118	16.123106	2.522305	0.014310	6.1
367	-0.109089	17.122996	2.456150	0.019087	8.0
368	-0.127240	16.192153	2.517622	0.007705	6.3
369	-0.113693	15.283590	2.580665	0.005475	8.4
370	-0.119705	14.462813	2.640394	0.013553	6.2
371	-0.117016	13.542973	2.710705	0.019035	6.8
372	-0.114780	13.259637	2.733123	0.007632	5.6
373	-0.115068	12.336999	2.808765	0.016599	7.6
374	-0.110799	11.427169	2.887572	0.018247	7.8
375	-0.138290	12.427160	2.801189	0.011766	6.3
376	-0.111195	13.425932	2.719920	0.009516	7.0
377	-0.110940	14.136664	2.664903	0.009019	6.2
378	-0.138928	13.276094	2.731811	0.019598	6.8
379	-0.091877	14.103707	2.667405	0.017926	5.6
380	-0.124697	15.103626	2.593529	0.012232	5.3
381	-0.134405	14.171453	2.662267	0.011132	6.8
382	-0.105702	15.170794	2.588713	0.008524	6.5
383	-0.115946	16.152076	2.520338	0.024236	8.0
384	-0.120967	15.219912	2.585202	0.010881	4.9
385	-0.116776	16.219911	2.515745	0.013340	6.3
386	-0.106918	15.537950	2.562700	0.011405	7.3
387	-0.123113	14.605784	2.629792	0.008081	6.1
388	-0.122788	13.735892	2.695650	0.010415	7.7
389	-0.140975	14.162404	2.662952	0.014402	5.7
390	-0.128568	13.230243	2.735470	0.010238	6.6
391	-0.115623	12.298966	2.811973	0.007424	6.7
392	-0.120752	11.881142	2.847705	0.010459	6.1
393	-0.120111	10.957921	2.929971	0.008723	6.3
394	-0.116213	11.720481	2.861688	0.014421	6.0
395	-0.106096	12.626707	2.784566	0.013575	6.8
396	-0.112790	11.999440	2.837497	0.007945	5.1
397	-0.111966	11.091631	2.917764	0.019246	6.5
398	-0.106140	11.734899	2.860427	0.016617	6.3
399	-0.116152	12.223439	2.818366	0.015002	6.6
400	-0.127228	13.219088	2.736362	0.019595	6.0
401	-0.112341	12.286915	2.812991	0.012528	6.5
402	-0.116675	12.543715	2.791456	0.027330	6.5
403	-0.130494	13.543715	2.710646	0.020050	7.6
404	-0.131804	14.543715	2.634384	0.020324	6.3
405	-0.116194	13.611543	2.705334	0.013793	7.1
406	-0.123873	14.531098	2.635320	0.009956	5.7
407	-0.120289	13.625328	2.704257	0.018019	6.0
408	-0.135286	12.695412	2.778889	0.017788	6.2
409	-0.125316	11.763240	2.857953	0.012439	5.6
410	-0.130793	10.862814	2.938717	0.020522	7.9
411	-0.132724	9.935364	3.026821	0.020339	5.7
412	-0.113612	10.935364	2.932041	0.007212	8.6
413	-0.127686	10.003404	3.020178	0.015693	6.1
414	-0.108185	9.187864	3.101769	0.010123	5.4
415	-0.125719	10.187401	3.002360	0.019744	7.6
416	-0.130809	9.264294	3.093936	0.012045	7.2
417	-0.095100	10.257897	2.995588	0.019075	8.0
418	-0.107159	9.325725	3.087669	0.018878	7.7
419	-0.125065	8.393552	3.185590	0.009502	6.0
420	-0.133493	7.461578	3.289902	0.008111	7.5
421	-0.143538	6.740960	3.375362	0.019388	6.3
422	-0.127479	7.469690	3.288964	0.010411	7.3
423	-0.117519	6.537530	3.400298	0.016504	6.4
424	-0.093532	7.537190	3.281185	0.019992	7.3
425	-0.115153	6.605731	3.391897	0.010699	6.5
426	-0.126189	5.673585	3.510432	0.013709	6.5
427	-0.107163	4.741443	3.637550	0.013094	4.6
428	-0.118541	5.741421	3.501527	0.020907	5.1
429	-0.136295	4.809363	3.627978	0.019719	6.6
430	-0.115282	3.881386	3.763287	0.010181	4.0
431	-0.102219	2.949213	3.909765	0.018971	4.8
432	-0.132064	3.845786	3.768679	0.013691	4.4
433	-0.107132	4.845774	3.622867	0.015148	5.1
434	-0.124214	3.937939	3.754753	0.016403	4.5
435	-0.112467	4.936929	3.610134	0.011030	5.1
436	-0.122945	4.140519	3.724497	0.025168	5.6
437	-0.116600	3.760847	3.781607	0.018564	4.4
438	-0.124612	2.828683	3.929541	0.016573	5.1
439	-0.113834	1.896512	4.089522	0.015327	4.8
440	-0.124777	0.964342	4.263082	0.014672	4.2
441	-0.115026	1.860024	4.096050	0.019841	4.1
442	-0.133251	0.927852	4.270176	0.022714	5.2
443	-0.134827	1.927647	4.083969	0.026260	5.1
444	-0.105532	2.927647	3.913289	0.012206	4.7
445	-0.115080	3.927647	3.756303	0.017256	4.4
446	-0.128440	2.995476	3.902227	0.010833	5.2
447	-0.124658	3.991343	3.746729	0.014891	3.9
448	-0.126610	3.112639	3.883266	0.016483	5.4
449	-0.112632	2.180706	4.039385	0.016085	5.0
450	-0.136723	2.301527	4.018440	0.017201	5.8
451	-0.125298	3.220492	3.865974	0.011696	6.1
452	-0.113539	2.778845	3.937777	0.021867	6.4
453	-0.112321	3.778649	3.778890	0.016696	4.7
454	-0.108216	4.778649	3.632300	0.018338	4.9
455	-0.111210	5.778649	3.496659	0.021933	3.7
456	-0.093777	4.846477	3.622768	0.007972	3.6
457	-0.122276	5.845030	3.488012	0.014810	3.4
458	-0.133026	6.844974	3.362754	0.016098	3.9
459	-0.130900	6.404336	3.416824	0.016096	3.5
460	-0.101226	7.402540	3.296740	0.009869	3.3
461	-0.112621	6.964307	3.348404	0.008157	6.2
462	-0.124630	6.203271	3.442079	0.012475	5.8
463	-0.102415	5.286998	3.562057	0.017890	5.2
464	-0.115156	6.286991	3.431518	0.015354	5.6
465	-0.124428	5.354840	3.552888	0.012854	5.6
466	-0.124265	4.423974	3.682972	0.018063	5.8
467	-0.139955	3.491802	3.823149	0.015792	7.3
468	-0.117356	2.560319	3.974301	0.013501	6.2
469	-0.111695	3.555464	3.813237	0.016034	7.5
470	-0.127403	3.064584	3.891021	0.012139	7.2
471	-0.104017	2.238001	4.029426	0.026279	7.0
472	-0.111640	3.036908	3.895501	0.021163	6.5
473	-0.125043	4.036908	3.739910	0.014265	6.5
474	-0.100639	5.036908	3.596272	0.021034	6.1
475	-0.119679	6.036908	3.463258	0.013469	5.9
476	-0.118869	7.036819	3.339744	0.007737	7.0
477	-0.121475	8.034195	3.225018	0.022220	6.6
478	-0.127434	8.839873	3.137942	0.011442	5.7
479	-0.116812	7.907703	3.239130	0.020565	6.2
480	-0.096473	7.719114	3.260400	0.013768	6.2
481	-0.124698	6.786946	3.369776	0.012559	5.6
482	-0.125797	5.856312	3.486547	0.010498	7.0
483	-0.105243	4.931060	3.610951	0.015240	6.4
484	-0.144080	4.229510	3.711360	0.015467	7.3
485	-0.126127	3.297378	3.853741	0.014749	6.4
486	-0.110634	2.371810	4.006356	0.013348	7.5
487	-0.125000	1.721244	4.121068	0.020201	6.8
488	-0.134066	0.789097	4.297369	0.012207	7.0
489	-0.097682	1.789097	4.108798	0.013214	5.5
490	-0.122641	0.860126	4.283406	0.019395	5.0
491	-0.121492	0.000000	4.458847	0.011626	4.6
492	-0.118971	0.000000	4.458847	0.015560	4.7
493	-0.125294	0.515801	4.351955	0.016969	4.4
494	-0.101419	1.515799	4.158671	0.006020	4.9
495	-0.117350	2.515402	3.981892	0.011098	4.5
496	-0.122836	2.821371	3.930748	0.019813	4.2
497	-0.119270	3.337742	3.847349	0.015596	5.5
498	-0.138020	4.316497	3.698608	0.012860	4.8
499	-0.113947	3.384508	3.839971	0.012283	4.8
Time spent in resolution 0 (ITK initialization and iterating): 3.981 s.
Stopping condition: Maximum number of iterations has been reached.
Settings of AdaptiveStochasticGradientDescent in resolution 0:
( SP_a 93.635796 )
( SP_A 20.000000 )
( SP_alpha 1.000000 )
( SigmoidMax 1.000000 )
( SigmoidMin -0.932172 )
( SigmoidScale 0.000009 )



=============== start of TransformParameterFile ===============
(Transform "EulerTransform")
(NumberOfParameters 6)
(TransformParameters -0.017561 0.011267 -0.012604 4.457426 0.968878 -8.300729)
(InitialTransformParametersFileName "NoInitialTransform")
(UseBinaryFormatForTransformationParameters "false")
(HowToCombineTransforms "Compose")

// Image specific
(FixedImageDimension 3)
(MovingImageDimension 3)
(FixedInternalImagePixelType "float")
(MovingInternalImagePixelType "float")
(Size 256 256 30)
(Index 0 0 0)
(Spacing 0.6250000000 0.6250000000 3.0000000000)
(Origin -74.7312088013 -61.5430908203 -9.9454765320)
(Direction 0.9971851331 -0.0000000000 0.0749787329 -0.0000000000 1.0000000000 0.0000000000 -0.0749787278 -0.0000000000 0.9971851335)
(UseDirectionCosines "false")

// EulerTransform specific
(CenterOfRotationPoint 4.9562911987 18.1444091797 33.5545234680)
(ComputeZYX "false")

// ResampleInterpolator specific
(ResampleInterpolator "FinalBSplineInterpolator")
(FinalBSplineInterpolationOrder 3)

// Resampler specific
(Resampler "DefaultResampler")
(DefaultPixelValue 0.000000)
(ResultImageFormat "nii.gz")
(ResultImagePixelType "short")
(CompressResultImage "false")

=============== end of TransformParameterFile ===============

Creating the TransformParameterFile took 0.00s

Registration result checksum: 1283029139

Applying final transform ...
  Applying final transform took 1.09s

Final metric value  = -0.113947
Settings of AdaptiveStochasticGradientDescent for all resolutions:
( SP_a 93.635796 )
( SP_A 20.000000 )
( SP_alpha 1.000000 )
( SigmoidMax 1.000000 )
( SigmoidMin -0.932172 )
( SigmoidScale 0.000009 )

Time spent on saving the results, applying the final transform etc.: 1096 ms.
Running elastix with parameter file 0: "/Users/sakinkirti/Programming/Python/CCIPD/racial-disparity-pca/code_matlab/rigid.txt", has finished.


Current time: Mon May 23 17:55:04 2022.
Time used for running elastix with this parameter file:
  5.2s.

-------------------------------------------------------------------------

Total time elapsed: 5.3s.

