
elastix is started at Mon May 23 17:54:33 2022.

which elastix:   /Users/sakinkirti/Programming/Python/CCIPD/racial-disparity-pca/code_matlab/elastix-5.0.0-mac/bin/elastix
elastix runs at: Sakins-MBP.hsd1.ca.comcast.net
  macOS 12.3.1 (x64), 21E258
  with 8192 MB memory, and 2 cores @ 2300 MHz.
-------------------------------------------------------------------------

Running elastix with parameter file 0: "/Users/sakinkirti/Programming/Python/CCIPD/racial-disparity-pca/code_matlab/rigid.txt".

Current time: Mon May 23 17:54:33 2022.
Reading the elastix parameters from file ...

Installing all components.
InstallingComponents was successful.

ELASTIX version: 5.000
Command line options from ElastixBase:
-f        /Users/sakinkirti/Programming/Python/CCIPD/racial-disparity-pca/dataset/to_nifti_cleaned/prostate-001137/T2W.nii.gz
-m        /Users/sakinkirti/Programming/Python/CCIPD/racial-disparity-pca/dataset/to_nifti_cleaned/prostate-001137/ADC.nii.gz
-fMask    unspecified, so no fixed mask used
-mMask    unspecified, so no moving mask used
-out      /Users/sakinkirti/Programming/Python/CCIPD/racial-disparity-pca/dataset/to_nifti_cleaned/prostate-001137/
-p        /Users/sakinkirti/Programming/Python/CCIPD/racial-disparity-pca/code_matlab/rigid.txt
-threads  unspecified, so all available threads are used
Command line options from TransformBase:
-t0       unspecified, so no initial transform used

=============== start of ParameterFile: /Users/sakinkirti/Programming/Python/CCIPD/racial-disparity-pca/code_matlab/rigid.txt ===============
// Example parameter file for rotation registration
// C-style comments: //

// The internal pixel type, used for internal computations
// Leave to float in general. 
// NB: this is not the type of the input images! The pixel 
// type of the input images is automatically read from the 
// images themselves.
// This setting can be changed to "short" to save some memory
// in case of very large 3D images.
(FixedInternalImagePixelType "float")
(MovingInternalImagePixelType "float")

// The dimensions of the fixed and moving image
// Up to elastix 4.5 this had to be specified by the user.
// From elastix 4.6, this is not necessary anymore.
//(FixedImageDimension 3)
//(MovingImageDimension 3)

// Specify whether you want to take into account the so-called
// direction cosines of the images. Recommended: true.
// In some cases, the direction cosines of the image are corrupt,
// due to image format conversions for example. In that case, you 
// may want to set this option to "false".
(UseDirectionCosines "false")

// **************** Main Components **************************

// The following components should usually be left as they are:
(Registration "MultiResolutionRegistration")
(Interpolator "BSplineInterpolator")
(ResampleInterpolator "FinalBSplineInterpolator")
(Resampler "DefaultResampler")

// These may be changed to Fixed/MovingSmoothingImagePyramid.
// See the manual.
(FixedImagePyramid "FixedRecursiveImagePyramid")
(MovingImagePyramid "MovingRecursiveImagePyramid")

// The following components are most important:
// The optimizer AdaptiveStochasticGradientDescent (ASGD) works
// quite ok in general. The Transform and Metric are important
// and need to be chosen careful for each application. See manual.
(Optimizer "AdaptiveStochasticGradientDescent")
(Transform "EulerTransform")
(Metric "AdvancedMattesMutualInformation")

// ***************** Transformation **************************

// Scales the rotations compared to the translations, to make
// sure they are in the same range. In general, it's best to  
// use automatic scales estimation:
(AutomaticScalesEstimation "true")

// Automatically guess an initial translation by aligning the
// geometric centers of the fixed and moving.
(AutomaticTransformInitialization "true")

// Whether transforms are combined by composition or by addition.
// In generally, Compose is the best option in most cases.
// It does not influence the results very much.
(HowToCombineTransforms "Compose")

// ******************* Similarity measure *********************

// Number of grey level bins in each resolution level,
// for the mutual information. 16 or 32 usually works fine.
// You could also employ a hierarchical strategy:
//(NumberOfHistogramBins 16 32 64)
(NumberOfHistogramBins 32)

// If you use a mask, this option is important. 
// If the mask serves as region of interest, set it to false.
// If the mask indicates which pixels are valid, then set it to true.
// If you do not use a mask, the option doesn't matter.
(ErodeMask "false")

// ******************** Multiresolution **********************

// The number of resolutions. 1 Is only enough if the expected
// deformations are small. 3 or 4 mostly works fine. For large
// images and large deformations, 5 or 6 may even be useful.
(NumberOfResolutions 1)

// The downsampling/blurring factors for the image pyramids.
// By default, the images are downsampled by a factor of 2
// compared to the next resolution.
// So, in 2D, with 4 resolutions, the following schedule is used:
//(ImagePyramidSchedule 8 8  4 4  2 2  1 1 )
// And in 3D:
//(ImagePyramidSchedule 8 8 8  4 4 4  2 2 2  1 1 1 )
// You can specify any schedule, for example:
//(ImagePyramidSchedule 4 4  4 3  2 1  1 1 )
// Make sure that the number of elements equals the number
// of resolutions times the image dimension.

// ******************* Optimizer ****************************

// Maximum number of iterations in each resolution level:
// 200-500 works usually fine for rigid registration.
// For more robustness, you may increase this to 1000-2000.
(MaximumNumberOfIterations 500)

// The step size of the optimizer, in mm. By default the voxel size is used.
// which usually works well. In case of unusual high-resolution images
// (eg histology) it is necessary to increase this value a bit, to the size
// of the "smallest visible structure" in the image:
//(MaximumStepLength 1.0)

// **************** Image sampling **********************

// Number of spatial samples used to compute the mutual
// information (and its derivative) in each iteration.
// With an AdaptiveStochasticGradientDescent optimizer,
// in combination with the two options below, around 2000
// samples may already suffice.
(NumberOfSpatialSamples 2000)

// Refresh these spatial samples in every iteration, and select
// them randomly. See the manual for information on other sampling
// strategies.
(NewSamplesEveryIteration "true")
(ImageSampler "Random")

// ************* Interpolation and Resampling ****************

// Order of B-Spline interpolation used during registration/optimisation.
// It may improve accuracy if you set this to 3. Never use 0.
// An order of 1 gives linear interpolation. This is in most 
// applications a good choice.
(BSplineInterpolationOrder 1)

// Order of B-Spline interpolation used for applying the final
// deformation.
// 3 gives good accuracy; recommended in most cases.
// 1 gives worse accuracy (linear interpolation)
// 0 gives worst accuracy, but is appropriate for binary images
// (masks, segmentations); equivalent to nearest neighbor interpolation.
(FinalBSplineInterpolationOrder 3)

//Default pixel value for pixels that come from outside the picture:
(DefaultPixelValue 0)

// Choose whether to generate the deformed moving image.
// You can save some time by setting this to false, if you are
// only interested in the final (nonrigidly) deformed moving image
// for example.
(WriteResultImage "true")

// The pixel type and format of the resulting deformed moving image
(ResultImagePixelType "short")
(ResultImageFormat "nii.gz")




=============== end of ParameterFile: /Users/sakinkirti/Programming/Python/CCIPD/racial-disparity-pca/code_matlab/rigid.txt ===============


Reading images...
Reading images took 106 ms.

WARNING: the fixed pyramid schedule is not fully specified!
  A default pyramid schedule is used.
WARNING: the moving pyramid schedule is not fully specified!
  A default pyramid schedule is used.
WARNING: The parameter "AutomaticTransformInitializationMethod", requested at entry number 0, does not exist at all.
  The default value "GeometricalCenter" is used instead.
Transform parameters are initialized as: [0, 0, 0, -0.09627532958984375, -0.8043136596679688, -5.643245697021484]
Scales are estimated automatically.
Scales for transform parameters are: [4525.756896972656, 4525.756896972656, 5523.5137939453125, 1, 1, 1]
Initialization of all components (before registration) took: 12 ms.
Preparation of the image pyramids took: 11 ms.

Resolution: 0
WARNING: The parameter "ShowExactMetricValue", requested at entry number 0, does not exist at all.
  The default value "false" is used instead.
WARNING: The parameter "CheckNumberOfSamples", requested at entry number 0, does not exist at all.
  The default value "true" is used instead.
WARNING: The parameter "UseMultiThreadingForMetrics", requested at entry number 0, does not exist at all.
  The default value "true" is used instead.
Setting the fixed masks took: 0 ms.
Setting the moving masks took: 0 ms.
WARNING: The parameter "NumberOfFixedHistogramBins", requested at entry number 0, does not exist at all.
  The default value "32" is used instead.
WARNING: The parameter "NumberOfMovingHistogramBins", requested at entry number 0, does not exist at all.
  The default value "32" is used instead.
WARNING: The parameter "FixedLimitRangeRatio", requested at entry number 0, does not exist at all.
  The default value "0.01" is used instead.
WARNING: The parameter "MovingLimitRangeRatio", requested at entry number 0, does not exist at all.
  The default value "0.01" is used instead.
WARNING: The parameter "FixedKernelBSplineOrder", requested at entry number 0, does not exist at all.
  The default value "0" is used instead.
WARNING: The parameter "MovingKernelBSplineOrder", requested at entry number 0, does not exist at all.
  The default value "3" is used instead.
WARNING: The parameter "UseFastAndLowMemoryVersion", requested at entry number 0, does not exist at all.
  The default value "true" is used instead.
WARNING: The parameter "UseJacobianPreconditioning", requested at entry number 0, does not exist at all.
  The default value "false" is used instead.
WARNING: The parameter "FiniteDifferenceDerivative", requested at entry number 0, does not exist at all.
  The default value "false" is used instead.
WARNING: The parameter "SP_A", requested at entry number 0, does not exist at all.
  The default value "20" is used instead.
WARNING: The parameter "MaximumNumberOfSamplingAttempts", requested at entry number 0, does not exist at all.
  The default value "0" is used instead.
WARNING: The parameter "SigmoidInitialTime", requested at entry number 0, does not exist at all.
  The default value "0" is used instead.
WARNING: The parameter "MaxBandCovSize", requested at entry number 0, does not exist at all.
  The default value "192" is used instead.
WARNING: The parameter "NumberOfBandStructureSamples", requested at entry number 0, does not exist at all.
  The default value "10" is used instead.
WARNING: The parameter "UseAdaptiveStepSizes", requested at entry number 0, does not exist at all.
  The default value "true" is used instead.
WARNING: The parameter "AutomaticParameterEstimation", requested at entry number 0, does not exist at all.
  The default value "true" is used instead.
WARNING: The parameter "UseConstantStep", requested at entry number 0, does not exist at all.
  The default value "false" is used instead.
WARNING: The parameter "MaximumStepLengthRatio", requested at entry number 0, does not exist at all.
  The default value "1" is used instead.
WARNING: The parameter "MaximumStepLength", requested at entry number 0, does not exist at all.
  The default value "1.10156" is used instead.
WARNING: The parameter "NumberOfGradientMeasurements", requested at entry number 0, does not exist at all.
  The default value "0" is used instead.
WARNING: The parameter "NumberOfJacobianMeasurements", requested at entry number 0, does not exist at all.
  The default value "1000" is used instead.
WARNING: The parameter "NumberOfSamplesForExactGradient", requested at entry number 0, does not exist at all.
  The default value "100000" is used instead.
WARNING: The parameter "SigmoidScaleFactor", requested at entry number 0, does not exist at all.
  The default value "0.1" is used instead.
Elastix initialization of all components (for this resolution) took: 2 ms.
  Computing the fixed image extrema took 11 ms.
  Computing the moving image extrema took 5 ms.
Initialization of AdvancedMattesMutualInformation metric took: 56 ms.
Starting automatic parameter estimation for AdaptiveStochasticGradientDescent ...
WARNING: The parameter "ASGDParameterEstimationMethod", requested at entry number 0, does not exist at all.
  The default value "Original" is used instead.
  Computing JacobianTerms ...
  Computing the Jacobian terms took 0.004244s
  NumberOfGradientMeasurements to estimate sigma_i: 6
  Sampling gradients ...
  Sampling the gradients took 0.825610s
Automatic parameter estimation took 0.83s
1:ItNr	2:Metric	3a:Time	3b:StepSize	4:||Gradient||	Time[ms]
0	-0.119408	0.000000	14.974451	0.016665	893.4
1	-0.114727	0.000000	14.974451	0.016211	5.8
2	-0.100034	0.000000	14.974451	0.024424	7.3
3	-0.117666	0.000000	14.974451	0.018511	7.0
4	-0.110100	0.000000	14.974451	0.018417	5.8
5	-0.131342	0.000000	14.974451	0.013558	8.8
6	-0.117548	0.000000	14.974451	0.014477	6.3
7	-0.136176	0.000000	14.974451	0.009855	9.3
8	-0.146866	0.000000	14.974451	0.008388	6.2
9	-0.123680	0.000000	14.974451	0.013848	8.9
10	-0.105091	0.808892	14.419048	0.010056	5.2
11	-0.130406	1.380611	14.050710	0.013498	6.3
12	-0.129290	0.603185	14.556348	0.016625	7.3
13	-0.130948	0.000000	14.974451	0.005712	5.9
14	-0.118237	0.000000	14.974451	0.020271	8.8
15	-0.144453	0.000000	14.974451	0.019506	8.5
16	-0.121336	0.000000	14.974451	0.007978	8.5
17	-0.123690	0.000000	14.974451	0.009095	8.5
18	-0.129121	0.931655	14.338338	0.015533	7.6
19	-0.145681	0.154231	14.865276	0.027963	5.3
20	-0.130870	0.000000	14.974451	0.018412	7.8
21	-0.126099	1.000000	14.293794	0.008686	7.2
22	-0.130985	1.979302	13.684640	0.007558	8.1
23	-0.119244	2.734720	13.249091	0.022054	6.7
24	-0.136455	3.730230	12.715752	0.015771	7.5
25	-0.146387	3.049548	13.075650	0.017302	6.2
26	-0.130652	2.272120	13.512455	0.014163	10.2
27	-0.134091	1.494691	13.979453	0.017450	5.1
28	-0.120113	0.717266	14.479883	0.017108	8.6
29	-0.127888	0.000000	14.974451	0.015636	6.5
30	-0.133088	0.000000	14.974451	0.014252	9.4
31	-0.149787	1.000000	14.293794	0.009639	5.3
32	-0.111035	0.222572	14.817406	0.020355	7.4
33	-0.139491	0.000000	14.974451	0.011473	7.6
34	-0.147212	0.000000	14.974451	0.011860	9.0
35	-0.136956	0.000000	14.974451	0.008562	6.5
36	-0.150304	0.394949	14.698024	0.010507	13.0
37	-0.132264	1.394913	14.041737	0.010077	5.7
38	-0.130357	0.701610	14.490329	0.008040	9.8
39	-0.151226	0.691768	14.496904	0.016300	5.6
40	-0.152614	0.000000	14.974451	0.011769	10.0
41	-0.156618	1.000000	14.293794	0.007953	7.8
42	-0.137017	0.453942	14.657608	0.006294	9.2
43	-0.145684	0.794604	14.428501	0.011340	5.1
44	-0.136114	0.017305	14.962122	0.013653	12.7
45	-0.132871	0.000000	14.974451	0.011368	8.3
46	-0.149574	0.000000	14.974451	0.016868	6.8
47	-0.134957	0.000000	14.974451	0.010827	5.6
48	-0.157328	0.417300	14.682685	0.014170	8.8
49	-0.143561	1.216098	14.154757	0.013683	6.3
50	-0.138761	0.438670	14.668050	0.009193	11.4
51	-0.137638	0.000000	14.974451	0.015332	8.0
52	-0.142627	0.000000	14.974451	0.012928	7.0
53	-0.145644	1.000000	14.293794	0.009763	5.0
54	-0.146836	1.999964	13.672346	0.009250	6.1
55	-0.131752	1.223030	14.150342	0.014825	6.3
56	-0.137099	2.095191	13.615972	0.025986	10.7
57	-0.145769	1.317763	14.090278	0.010821	7.6
58	-0.135645	0.540334	14.598821	0.011230	11.8
59	-0.145535	0.000000	14.974451	0.008008	9.4
60	-0.142452	0.000000	14.974451	0.018205	9.1
61	-0.138362	0.999762	14.293949	0.011708	3.9
62	-0.132643	1.999762	13.672466	0.018007	5.8
63	-0.127684	1.222725	14.150536	0.008898	3.6
64	-0.142758	2.001710	13.671309	0.022351	3.6
65	-0.149689	1.224281	14.149545	0.015355	6.7
66	-0.165007	2.224281	13.540289	0.012665	7.3
67	-0.154670	3.224178	12.981389	0.015764	5.8
68	-0.154680	2.448165	13.411006	0.012570	7.9
69	-0.143212	1.673328	13.869313	0.016721	5.3
70	-0.139059	0.895947	14.361720	0.009250	8.7
71	-0.155295	1.430535	14.019437	0.009171	5.5
72	-0.150420	2.430020	13.421392	0.012134	9.5
73	-0.154386	1.677425	13.866807	0.015136	6.6
74	-0.145993	0.899997	14.359065	0.011518	7.7
75	-0.147891	0.584457	14.568978	0.012159	6.2
76	-0.146892	1.569555	13.933083	0.015229	5.2
77	-0.169524	0.792126	14.430142	0.014454	8.3
78	-0.138925	0.014697	14.963978	0.021733	9.8
79	-0.143293	1.014697	14.284251	0.011189	8.5
80	-0.141615	2.014116	13.663939	0.011884	6.7
81	-0.164075	1.236707	14.141639	0.007254	6.1
82	-0.140278	0.520738	14.612114	0.018357	5.7
83	-0.167065	1.520738	13.963284	0.010872	9.0
84	-0.118097	2.520738	13.369626	0.011986	6.6
85	-0.155836	2.941237	13.134805	0.018066	8.6
86	-0.163085	3.826564	12.666411	0.012930	5.8
87	-0.143352	4.826350	12.176071	0.011362	8.4
88	-0.145873	4.048921	12.553973	0.013201	6.3
89	-0.141583	5.048921	12.072034	0.011056	5.9
90	-0.143162	6.048921	11.625731	0.016427	6.1
91	-0.139567	5.272755	11.969185	0.013441	7.0
92	-0.156859	4.602779	12.282396	0.014168	5.5
93	-0.150727	3.837880	12.660641	0.010382	7.1
94	-0.146066	4.582617	12.292076	0.010403	7.1
95	-0.155734	4.645318	12.262023	0.019070	6.3
96	-0.144630	5.645318	11.801828	0.009911	6.1
97	-0.161681	6.645209	11.374972	0.007736	6.7
98	-0.144489	5.868680	11.703719	0.019772	6.0
99	-0.164874	5.091254	12.052448	0.025341	7.3
100	-0.139447	4.313825	12.422598	0.012826	8.1
101	-0.138340	3.536396	12.816205	0.016819	7.6
102	-0.159437	2.772768	13.227886	0.012133	6.2
103	-0.111612	2.816883	13.203385	0.014628	7.8
104	-0.165353	2.042881	13.646882	0.010473	6.5
105	-0.156369	2.994006	13.105918	0.007713	6.0
106	-0.158015	3.993327	12.581897	0.009449	6.8
107	-0.125617	3.738192	12.711660	0.007406	5.6
108	-0.157592	4.733000	12.220242	0.021347	6.7
109	-0.139237	3.955767	12.600834	0.018135	5.9
110	-0.147370	4.954164	12.116109	0.007284	6.3
111	-0.155701	4.178367	12.489431	0.007083	7.3
112	-0.154100	3.586295	12.790193	0.012766	6.0
113	-0.155318	3.247916	12.968680	0.013703	6.8
114	-0.121621	4.247720	12.455124	0.011482	6.6
115	-0.144840	3.470294	12.850825	0.011014	6.6
116	-0.163941	4.388377	12.386120	0.014925	6.8
117	-0.164438	4.138260	12.509357	0.013451	5.6
118	-0.160114	5.138260	12.030773	0.009521	7.3
119	-0.137222	6.136483	11.588218	0.013450	5.8
120	-0.145707	5.405265	11.909120	0.009711	5.7
121	-0.154052	6.389298	11.481254	0.013917	6.8
122	-0.140015	5.611869	11.816662	0.010623	6.9
123	-0.174161	4.834441	12.172258	0.013967	6.1
124	-0.143924	5.834441	11.718652	0.012430	5.6
125	-0.150427	5.090370	12.052856	0.015651	6.4
126	-0.133750	6.066799	11.618052	0.016011	6.9
127	-0.165821	7.066787	11.204114	0.003291	5.9
128	-0.141725	6.291993	11.522188	0.017589	7.1
129	-0.131283	6.380183	11.485076	0.010305	6.3
130	-0.156215	7.379460	11.080671	0.014743	6.3
131	-0.157542	6.636832	11.378420	0.018220	6.6
132	-0.147365	5.860140	11.707440	0.012442	6.0
133	-0.158041	6.576230	11.403425	0.009307	6.5
134	-0.154776	5.816394	11.726539	0.009362	6.0
135	-0.147489	6.810539	11.307349	0.014249	6.8
136	-0.168339	6.033111	11.632530	0.016548	6.0
137	-0.149730	7.033111	11.217573	0.015573	6.2
138	-0.142934	8.024530	10.834404	0.008065	6.0
139	-0.148634	7.465706	11.047099	0.022234	6.5
140	-0.159936	6.883047	11.277945	0.010786	4.7
141	-0.156763	6.262780	11.534534	0.013396	7.5
142	-0.179616	7.137769	11.175850	0.016616	5.5
143	-0.154435	6.360340	11.493405	0.009332	7.0
144	-0.167990	7.358116	11.089011	0.010696	6.7
145	-0.150813	6.580716	11.401570	0.012592	8.4
146	-0.153942	6.479092	11.443736	0.015792	6.1
147	-0.178411	7.479088	11.041908	0.007022	8.4
148	-0.150955	6.792401	11.314728	0.008942	5.6
149	-0.153349	6.435888	11.461757	0.004502	9.9
150	-0.134450	7.184896	11.157163	0.015419	8.3
151	-0.149349	6.550271	11.414170	0.010646	7.5
152	-0.151464	5.772953	11.745566	0.006248	8.5
153	-0.165707	6.723820	11.342718	0.013201	7.8
154	-0.147631	7.723748	10.947856	0.006732	5.7
155	-0.135745	7.795858	10.920441	0.019675	9.4
156	-0.158270	8.564920	10.636372	0.011864	9.3
157	-0.162348	9.564919	10.288379	0.019347	8.0
158	-0.164752	10.564919	9.962436	0.018485	7.4
159	-0.142720	11.564919	9.656510	0.016416	7.3
160	-0.140886	12.564916	9.368815	0.009834	7.7
161	-0.157779	12.066868	9.509926	0.013714	7.8
162	-0.147963	13.063232	9.231757	0.012069	6.6
163	-0.167139	14.063228	8.968469	0.011305	6.5
164	-0.147129	15.063193	8.719790	0.012188	5.7
165	-0.153601	14.285764	8.911908	0.014363	5.6
166	-0.121893	15.285658	8.666330	0.016880	6.8
167	-0.154685	14.508231	8.856073	0.009233	7.2
168	-0.145805	13.951866	8.997044	0.015555	6.7
169	-0.151161	14.951809	8.746805	0.006928	7.7
170	-0.145940	15.951094	8.510261	0.017404	8.4
171	-0.166602	15.173990	8.693082	0.008962	6.6
172	-0.148950	14.396561	8.884012	0.013993	6.8
173	-0.150564	14.580857	8.837996	0.010649	6.5
174	-0.162754	13.924932	9.003982	0.006293	5.6
175	-0.135370	14.910147	8.756953	0.014971	6.4
176	-0.143254	15.910121	8.519709	0.013662	7.0
177	-0.157934	15.132693	8.703018	0.017347	5.4
178	-0.144847	16.132693	8.468642	0.010544	4.4
179	-0.142649	17.131701	8.246773	0.012410	4.6
180	-0.162261	16.441818	8.398723	0.016873	4.2
181	-0.155104	15.664389	8.576809	0.018209	4.7
182	-0.142666	16.664389	8.349093	0.011749	4.7
183	-0.163775	15.887178	8.525007	0.009632	4.2
184	-0.176092	15.110089	8.708466	0.008951	4.3
185	-0.134747	15.306290	8.661405	0.024228	5.4
186	-0.150558	16.306290	8.429235	0.004403	5.0
187	-0.154052	17.300471	8.210434	0.014403	5.1
188	-0.155148	16.676494	8.346410	0.005982	5.8
189	-0.137309	15.901610	8.521674	0.023557	4.6
190	-0.132907	15.131722	8.703252	0.006357	4.6
191	-0.166568	14.354351	8.894619	0.009609	4.7
192	-0.152488	14.246936	8.921725	0.023604	4.3
193	-0.151655	15.246936	8.675588	0.020893	4.6
194	-0.148140	16.246936	8.442667	0.014842	6.4
195	-0.170464	15.469508	8.622641	0.013698	5.2
196	-0.161113	14.692079	8.810455	0.012790	5.5
197	-0.157527	13.916302	9.006208	0.010026	5.2
198	-0.153635	13.149057	9.208555	0.024638	4.0
199	-0.148412	12.468482	9.395809	0.014631	4.0
200	-0.158737	13.468482	9.123218	0.012920	4.6
201	-0.162431	12.693023	9.333193	0.014178	7.9
202	-0.152104	12.406137	9.413344	0.008910	6.9
203	-0.144650	11.629006	9.637544	0.008533	6.7
204	-0.156207	10.896428	9.858893	0.012575	7.4
205	-0.162232	10.162860	10.090969	0.016462	7.3
206	-0.156252	9.397662	10.344989	0.012342	5.3
207	-0.166798	8.620376	10.616458	0.010935	5.2
208	-0.155078	9.619794	10.269941	0.015553	4.1
209	-0.142568	8.863717	10.529951	0.009737	3.7
210	-0.177292	8.088142	10.810710	0.014615	3.6
211	-0.125563	9.088135	10.451411	0.013146	4.7
212	-0.159981	10.088135	10.115225	0.010769	4.0
213	-0.162196	11.088132	9.799993	0.016405	4.1
214	-0.144008	12.002530	9.528465	0.009276	4.9
215	-0.168829	13.002335	9.248290	0.023248	7.3
216	-0.167488	13.861579	9.020345	0.008550	5.1
217	-0.132733	13.175509	9.201428	0.010987	6.8
218	-0.143757	12.399387	9.415247	0.009583	6.0
219	-0.163533	11.927808	9.550088	0.015633	7.4
220	-0.139822	12.927803	9.268607	0.014112	4.9
221	-0.167203	12.150374	9.485971	0.012705	5.5
222	-0.159007	13.150335	9.208210	0.002777	6.9
223	-0.145862	12.768170	9.312423	0.007379	6.2
224	-0.156462	12.831640	9.294952	0.010426	5.4
225	-0.188541	13.797031	9.037078	0.017059	6.5
226	-0.144230	14.791833	8.785900	0.025366	5.9
227	-0.155733	14.014405	8.980974	0.026399	7.9
228	-0.126568	15.014405	8.731603	0.012685	7.5
229	-0.154234	14.236976	8.924247	0.010533	6.0
230	-0.171333	15.236955	8.677977	0.008672	5.7
231	-0.133765	16.228950	8.446746	0.009634	6.6
232	-0.144086	17.161941	8.240238	0.010020	6.7
233	-0.140522	18.159085	8.030409	0.009906	5.6
234	-0.139748	18.838424	7.893472	0.020049	6.0
235	-0.159385	18.073090	8.048083	0.009919	6.5
236	-0.157179	18.250264	8.011754	0.009911	7.3
237	-0.147052	17.472848	8.173647	0.009966	6.5
238	-0.155655	16.702153	8.340730	0.013921	5.9
239	-0.150628	15.924799	8.516322	0.014700	6.6
240	-0.151547	15.149538	8.698962	0.017765	4.9
241	-0.154650	16.149538	8.464802	0.014525	4.6
242	-0.151703	17.149538	8.242917	0.017747	5.9
243	-0.155183	18.146680	8.032954	0.010836	5.2
244	-0.156090	19.146680	7.832864	0.015001	4.3
245	-0.161392	20.145085	7.642796	0.012682	5.6
246	-0.164670	20.614901	7.556511	0.019914	4.8
247	-0.144087	19.837476	7.700365	0.012136	3.9
248	-0.133674	19.060047	7.849803	0.011225	5.1
249	-0.126727	20.060044	7.658625	0.013590	5.2
250	-0.125897	19.285432	7.805886	0.013177	4.1
251	-0.137118	20.284961	7.616901	0.005994	5.2
252	-0.128620	21.279131	7.437794	0.007554	4.3
253	-0.151657	20.610110	7.557382	0.019677	4.2
254	-0.150062	21.606127	7.380710	0.010038	4.5
255	-0.154235	22.606127	7.211452	0.009834	5.3
256	-0.127432	21.829001	7.342302	0.014973	4.0
257	-0.162219	22.829001	7.174781	0.013480	4.9
258	-0.154495	22.051573	7.304343	0.011968	5.9
259	-0.145305	21.279550	7.437720	0.010268	4.4
260	-0.135682	22.110584	7.294345	0.018839	4.7
261	-0.142709	23.093943	7.131670	0.014947	4.4
262	-0.158121	24.093943	6.973519	0.021237	5.9
263	-0.164110	25.093943	6.822230	0.016075	4.8
264	-0.149373	26.093943	6.677366	0.017519	6.7
265	-0.158440	25.494868	6.763402	0.011712	5.2
266	-0.135236	24.717440	6.878414	0.009369	5.1
267	-0.143323	25.483194	6.765100	0.012012	6.7
268	-0.145461	26.483126	6.622636	0.016938	5.5
269	-0.159639	27.476974	6.486863	0.018774	5.6
270	-0.162134	28.476935	6.355759	0.011099	7.0
271	-0.145084	27.701700	6.456930	0.010551	5.3
272	-0.155647	26.924275	6.561674	0.008280	7.6
273	-0.137436	27.492550	6.484779	0.011701	3.5
274	-0.138679	27.457932	6.489412	0.021887	5.6
275	-0.137124	28.457932	6.358201	0.009243	6.9
276	-0.139854	27.681907	6.459555	0.012454	4.8
277	-0.163110	28.633851	6.335665	0.010657	6.6
278	-0.132239	29.633691	6.210558	0.013304	6.9
279	-0.149475	30.633691	6.090277	0.019094	5.5
280	-0.132517	31.633691	5.974566	0.008447	6.9
281	-0.157349	30.856262	6.064137	0.018266	5.3
282	-0.153310	31.855595	5.949483	0.009184	5.8
283	-0.172421	31.078167	6.038298	0.011413	8.0
284	-0.146114	31.415844	5.999397	0.015672	7.3
285	-0.173476	30.638425	6.089718	0.015080	6.3
286	-0.150100	31.579337	5.980742	0.015404	5.7
287	-0.145730	32.579336	5.869119	0.016756	7.5
288	-0.128439	33.579336	5.761585	0.009063	5.8
289	-0.138142	32.801963	5.844833	0.011580	6.1
290	-0.149681	33.798240	5.738569	0.010135	5.9
291	-0.161679	33.021307	5.821101	0.015571	5.5
292	-0.173812	32.243879	5.906096	0.016848	6.5
293	-0.140695	33.243873	5.797216	0.011490	6.5
294	-0.157845	32.466444	5.881511	0.019325	5.9
295	-0.144819	31.700605	5.966980	0.010071	7.1
296	-0.139400	32.700509	5.855875	0.015244	5.5
297	-0.159089	33.699490	5.748929	0.017825	6.4
298	-0.160307	33.427013	5.777710	0.015514	6.7
299	-0.159773	34.427013	5.673470	0.016379	7.3
300	-0.146207	33.649584	5.754179	0.012042	5.9
301	-0.164306	34.637854	5.651970	0.010319	6.8
302	-0.158516	34.904323	5.625030	0.010316	6.8
303	-0.129035	34.126999	5.704346	0.010320	5.8
304	-0.173144	33.349676	5.785931	0.017180	5.3
305	-0.166665	34.349388	5.681426	0.019652	6.4
306	-0.165558	35.349388	5.580601	0.013688	6.3
307	-0.164040	34.571960	5.658672	0.015060	6.9
308	-0.154461	33.794543	5.738956	0.007530	6.1
309	-0.150066	34.790994	5.636456	0.015890	8.2
310	-0.142306	34.013640	5.716100	0.006484	5.4
311	-0.150216	33.446704	5.775620	0.015722	6.6
312	-0.126769	33.536597	5.766100	0.009148	8.9
313	-0.167408	34.536597	5.662275	0.019282	6.1
314	-0.143382	33.789964	5.739436	0.019408	6.9
315	-0.145994	33.016378	5.821632	0.014158	6.6
316	-0.154497	34.016378	5.715816	0.012822	7.0
317	-0.158138	33.238999	5.797737	0.015991	6.1
318	-0.134142	34.238862	5.692794	0.009009	6.2
319	-0.142340	35.237297	5.591724	0.018431	7.3
320	-0.142831	34.879224	5.627556	0.018887	5.1
321	-0.188247	34.102127	5.706921	0.019419	11.4
322	-0.130183	33.324747	5.788586	0.011772	5.1
323	-0.147284	32.552222	5.872090	0.021755	7.0
324	-0.154195	31.774801	5.958591	0.011752	5.7
325	-0.142252	30.997373	6.047680	0.013168	4.3
326	-0.139102	30.220000	6.139466	0.012504	7.6
327	-0.148983	29.445513	6.233725	0.012138	6.1
328	-0.162793	28.668095	6.331297	0.012417	7.3
329	-0.173046	27.959215	6.422968	0.018193	6.3
330	-0.181639	27.181989	6.526577	0.012356	5.9
331	-0.155735	27.739086	6.451977	0.009994	6.4
332	-0.142930	28.739084	6.322261	0.019283	5.5
333	-0.174399	27.961684	6.422644	0.019661	8.5
334	-0.154964	28.953093	6.295175	0.022902	5.1
335	-0.149491	28.520001	6.350232	0.018537	6.3
336	-0.130276	27.742572	6.451516	0.008575	6.3
337	-0.141682	26.965143	6.556083	0.007147	6.6
338	-0.144965	27.916213	6.428614	0.007447	8.2
339	-0.160682	27.213880	6.522260	0.011473	6.0
340	-0.140541	26.932602	6.560534	0.015014	7.6
341	-0.147208	27.928116	6.427051	0.014416	5.9
342	-0.146980	28.181217	6.393975	0.018132	5.8
343	-0.122520	29.181217	6.266557	0.011818	8.0
344	-0.152790	28.403788	6.365169	0.014485	8.2
345	-0.169439	27.626373	6.466933	0.022162	7.0
346	-0.160870	26.882902	6.567344	0.012133	5.6
347	-0.160695	26.105475	6.675731	0.008056	7.5
348	-0.138932	26.838501	6.573439	0.017425	6.1
349	-0.162550	26.062308	6.681854	0.016478	7.2
350	-0.153782	27.062308	6.542829	0.009428	7.8
351	-0.141134	26.289728	6.649720	0.020678	7.1
352	-0.158315	27.289728	6.512016	0.014547	6.7
353	-0.159718	28.289728	6.379899	0.007782	6.5
354	-0.157748	29.289678	6.253042	0.007658	6.2
355	-0.141162	30.031282	6.162171	0.017855	6.4
356	-0.159500	31.031279	6.043739	0.013744	5.3
357	-0.149620	32.026307	5.930330	0.017041	6.3
358	-0.163774	33.026306	5.820562	0.016282	6.4
359	-0.162531	32.248878	5.905542	0.013192	7.2
360	-0.139814	33.248861	5.796683	0.009879	5.3
361	-0.144053	33.401864	5.780380	0.011516	5.7
362	-0.153677	34.128908	5.704148	0.011858	8.0
363	-0.146154	35.128908	5.602523	0.009167	6.1
364	-0.162224	35.095648	5.605844	0.011850	7.8
365	-0.142109	35.553722	5.560438	0.017253	8.8
366	-0.158224	34.777542	5.637815	0.017254	6.1
367	-0.165833	35.777527	5.538520	0.019096	5.6
368	-0.141981	35.000098	5.615409	0.018784	7.1
369	-0.146075	34.222689	5.694461	0.010001	6.5
370	-0.152383	35.222689	5.593177	0.010928	6.1
371	-0.137715	34.450028	5.671115	0.008380	6.5
372	-0.154880	33.688127	5.750123	0.007975	5.6
373	-0.172843	34.295544	5.686959	0.014280	5.4
374	-0.139372	33.519025	5.767958	0.007648	5.7
375	-0.170206	34.518936	5.664076	0.014519	4.1
376	-0.153862	33.741521	5.744515	0.020361	4.8
377	-0.158822	34.741470	5.641464	0.016880	5.1
378	-0.140368	35.741470	5.542040	0.012308	4.3
379	-0.169146	36.669405	5.452865	0.012887	5.3
380	-0.150595	37.669394	5.359924	0.011676	7.0
381	-0.138664	38.253402	5.307096	0.012408	4.4
382	-0.143876	39.253388	5.219017	0.010721	5.2
383	-0.163085	38.475959	5.287237	0.019392	5.7
384	-0.155906	39.475958	5.199810	0.004879	5.0
385	-0.139175	40.417720	5.120077	0.022517	4.7
386	-0.153547	40.118326	5.145158	0.013549	5.6
387	-0.136323	39.340983	5.211441	0.011174	4.3
388	-0.150603	39.992707	5.155755	0.018885	4.5
389	-0.137714	40.992707	5.072588	0.012292	4.4
390	-0.174930	41.988455	4.992399	0.020525	5.6
391	-0.147904	42.988455	4.914378	0.019021	4.7
392	-0.152223	42.211026	4.974820	0.020079	4.6
393	-0.129283	43.163765	4.900951	0.015427	5.5
394	-0.160248	44.163748	4.825743	0.012934	4.5
395	-0.147914	43.386867	4.883969	0.015274	4.1
396	-0.147281	43.616635	4.866602	0.011517	5.1
397	-0.155356	44.610741	4.792866	0.009419	4.3
398	-0.150146	43.866105	4.847886	0.017409	4.2
399	-0.116686	44.866012	4.774290	0.008063	4.8
400	-0.145640	44.088659	4.831310	0.007751	4.4
401	-0.150234	44.241453	4.819995	0.006752	4.1
402	-0.154252	43.468116	4.877814	0.015906	6.2
403	-0.148486	44.446703	4.804879	0.016328	5.1
404	-0.139156	45.446244	4.732600	0.012238	4.7
405	-0.142004	44.668838	4.788626	0.005820	5.3
406	-0.139480	44.304280	4.815358	0.010455	4.5
407	-0.144927	44.749318	4.782764	0.010563	4.7
408	-0.144584	45.746895	4.711282	0.020236	5.8
409	-0.151831	46.746895	4.641740	0.012896	3.6
410	-0.168123	45.969466	4.695625	0.015991	3.9
411	-0.154789	45.192038	4.750775	0.008715	4.6
412	-0.135115	44.417498	4.807024	0.016757	4.9
413	-0.162584	43.640070	4.864838	0.008453	4.6
414	-0.139627	44.605465	4.793251	0.008087	3.9
415	-0.146883	45.603968	4.721392	0.009930	5.9
416	-0.160243	46.579780	4.653218	0.012453	4.1
417	-0.179772	47.571275	4.585936	0.018591	4.1
418	-0.157411	48.571275	4.520019	0.021710	4.6
419	-0.145916	47.793846	4.571099	0.012681	4.8
420	-0.154835	47.016417	4.623347	0.015819	5.4
421	-0.152299	46.239121	4.676793	0.014018	7.1
422	-0.163304	45.938579	4.697791	0.008232	6.0
423	-0.182173	45.161172	4.752991	0.004981	5.1
424	-0.140940	46.139265	4.683749	0.010355	6.4
425	-0.153367	45.445982	4.732618	0.017869	6.1
426	-0.134812	44.668553	4.788646	0.009923	6.2
427	-0.156648	45.663606	4.717169	0.022802	7.9
428	-0.142984	46.663514	4.647460	0.014261	5.7
429	-0.178644	45.886085	4.701478	0.008386	7.3
430	-0.157726	45.392601	4.736423	0.016979	5.7
431	-0.155245	46.390429	4.666293	0.003752	6.1
432	-0.127118	46.743388	4.641980	0.008911	6.2
433	-0.165975	46.175787	4.681203	0.016144	5.8
434	-0.144120	46.804756	4.637779	0.007087	6.2
435	-0.133721	46.243658	4.676478	0.007366	5.1
436	-0.136743	46.287766	4.673412	0.010273	4.6
437	-0.167996	47.266063	4.606439	0.009856	6.6
438	-0.162124	48.252878	4.540800	0.008799	7.5
439	-0.151260	49.248414	4.476449	0.013582	6.8
440	-0.147197	49.525624	4.458854	0.021488	3.8
441	-0.151409	50.522331	4.396717	0.016147	5.3
442	-0.136776	51.520802	4.336183	0.012342	5.7
443	-0.164657	51.799174	4.319602	0.012477	4.7
444	-0.133541	51.675366	4.326961	0.005563	5.1
445	-0.146940	51.627329	4.329823	0.012857	4.9
446	-0.152654	52.617282	4.271599	0.013868	4.6
447	-0.149787	51.839854	4.317190	0.012227	5.0
448	-0.140948	51.083453	4.362492	0.012817	4.9
449	-0.157915	50.306024	4.410055	0.015852	4.7
450	-0.111259	49.606756	4.453731	0.010231	4.1
451	-0.145423	48.843575	4.502397	0.011175	5.6
452	-0.145694	48.066221	4.553072	0.006273	4.0
453	-0.130575	48.477441	4.526123	0.016302	4.8
454	-0.143432	47.700022	4.577342	0.011151	5.4
455	-0.163226	48.690899	4.512260	0.018940	5.2
456	-0.146839	47.947234	4.560930	0.008400	5.1
457	-0.136650	48.823450	4.503694	0.013766	5.0
458	-0.159839	48.046111	4.554398	0.015316	5.3
459	-0.138650	48.677898	4.513102	0.017578	4.4
460	-0.163455	49.677898	4.449248	0.008068	4.8
461	-0.150384	48.943990	4.495933	0.013354	5.5
462	-0.155431	48.166573	4.546466	0.014274	4.7
463	-0.133063	47.389144	4.598149	0.010350	8.7
464	-0.153240	48.389143	4.531883	0.014540	7.0
465	-0.174268	49.389138	4.467500	0.011733	7.3
466	-0.145520	48.703504	4.511444	0.015581	7.4
467	-0.145784	49.353762	4.469746	0.018378	6.4
468	-0.154122	50.353762	4.407104	0.013136	7.3
469	-0.146973	51.197184	4.355620	0.010299	8.0
470	-0.148167	52.194407	4.296277	0.016111	7.8
471	-0.156774	52.801675	4.260926	0.015357	6.2
472	-0.156262	52.024247	4.306288	0.011093	7.1
473	-0.159315	53.024247	4.248114	0.009220	6.3
474	-0.162815	53.961062	4.195024	0.016372	8.0
475	-0.161447	53.276909	4.233664	0.006075	6.1
476	-0.141259	54.270248	4.177792	0.006869	8.1
477	-0.167629	54.770420	4.150214	0.018704	6.3
478	-0.141422	53.993017	4.193237	0.012996	7.0
479	-0.163333	53.216928	4.237086	0.008018	7.0
480	-0.141943	53.948753	4.195713	0.016309	5.4
481	-0.180743	54.910921	4.142533	0.019360	6.0
482	-0.158045	55.910921	4.088671	0.010130	4.9
483	-0.175959	55.167995	4.128551	0.014057	4.1
484	-0.169841	54.391107	4.171095	0.014872	4.8
485	-0.168986	53.614200	4.214526	0.012309	4.4
486	-0.122864	54.614199	4.158789	0.009756	5.1
487	-0.139050	53.836772	4.201991	0.013364	5.1
488	-0.170912	53.061538	4.245975	0.020341	6.6
489	-0.152547	53.844634	4.201550	0.014348	5.4
490	-0.138003	53.067206	4.245651	0.011394	7.8
491	-0.142227	54.066955	4.189107	0.012145	5.1
492	-0.162474	54.172602	4.183219	0.010995	5.1
493	-0.165963	55.156663	4.129166	0.018815	6.7
494	-0.144914	54.379234	4.171752	0.015698	5.7
495	-0.167598	53.601806	4.215226	0.013919	6.6
496	-0.172487	52.824377	4.259616	0.010175	6.5
497	-0.147259	52.046948	4.304950	0.006191	7.0
498	-0.154087	52.987541	4.250222	0.015422	6.8
499	-0.146729	53.789895	4.204625	0.014312	4.6
Time spent in resolution 0 (ITK initialization and iterating): 4.221 s.
Stopping condition: Maximum number of iterations has been reached.
Settings of AdaptiveStochasticGradientDescent in resolution 0:
( SP_a 314.463473 )
( SP_A 20.000000 )
( SP_alpha 1.000000 )
( SigmoidMax 1.000000 )
( SigmoidMin -0.777429 )
( SigmoidScale 0.000006 )



=============== start of TransformParameterFile ===============
(Transform "EulerTransform")
(NumberOfParameters 6)
(TransformParameters -0.009633 -0.020515 -0.001650 -1.040097 -1.289013 -11.656222)
(InitialTransformParametersFileName "NoInitialTransform")
(UseBinaryFormatForTransformationParameters "false")
(HowToCombineTransforms "Compose")

// Image specific
(FixedImageDimension 3)
(MovingImageDimension 3)
(FixedInternalImagePixelType "float")
(MovingInternalImagePixelType "float")
(Size 256 256 45)
(Index 0 0 0)
(Spacing 0.7031250000 0.7031250000 3.0000000000)
(Origin -91.9230651855 -74.1057968140 69.1602554321)
(Direction 0.9999947842 -0.0032296954 -0.0000254364 0.0032297951 0.9999637606 0.0078769197 -0.0000000046 -0.0078769610 0.9999689763)
(UseDirectionCosines "false")

// EulerTransform specific
(CenterOfRotationPoint -2.2746276855 15.5426406860 135.1602554321)
(ComputeZYX "false")

// ResampleInterpolator specific
(ResampleInterpolator "FinalBSplineInterpolator")
(FinalBSplineInterpolationOrder 3)

// Resampler specific
(Resampler "DefaultResampler")
(DefaultPixelValue 0.000000)
(ResultImageFormat "nii.gz")
(ResultImagePixelType "short")
(CompressResultImage "false")

=============== end of TransformParameterFile ===============

Creating the TransformParameterFile took 0.01s

Registration result checksum: 1402298813

Applying final transform ...
  Applying final transform took 1.46s

Final metric value  = -0.146729
Settings of AdaptiveStochasticGradientDescent for all resolutions:
( SP_a 314.463473 )
( SP_A 20.000000 )
( SP_alpha 1.000000 )
( SigmoidMax 1.000000 )
( SigmoidMin -0.777429 )
( SigmoidScale 0.000006 )

Time spent on saving the results, applying the final transform etc.: 1465 ms.
Running elastix with parameter file 0: "/Users/sakinkirti/Programming/Python/CCIPD/racial-disparity-pca/code_matlab/rigid.txt", has finished.


Current time: Mon May 23 17:54:39 2022.
Time used for running elastix with this parameter file:
  5.8s.

-------------------------------------------------------------------------

Total time elapsed: 5.9s.

