
elastix is started at Mon May 23 17:50:20 2022.

which elastix:   /Users/sakinkirti/Programming/Python/CCIPD/racial-disparity-pca/code_matlab/elastix-5.0.0-mac/bin/elastix
elastix runs at: Sakins-MBP.hsd1.ca.comcast.net
  macOS 12.3.1 (x64), 21E258
  with 8192 MB memory, and 2 cores @ 2300 MHz.
-------------------------------------------------------------------------

Running elastix with parameter file 0: "/Users/sakinkirti/Programming/Python/CCIPD/racial-disparity-pca/code_matlab/rigid.txt".

Current time: Mon May 23 17:50:20 2022.
Reading the elastix parameters from file ...

Installing all components.
InstallingComponents was successful.

ELASTIX version: 5.000
Command line options from ElastixBase:
-f        /Users/sakinkirti/Programming/Python/CCIPD/racial-disparity-pca/dataset/to_nifti_cleaned/prostate-001197/T2W.nii.gz
-m        /Users/sakinkirti/Programming/Python/CCIPD/racial-disparity-pca/dataset/to_nifti_cleaned/prostate-001197/ADC.nii.gz
-fMask    unspecified, so no fixed mask used
-mMask    unspecified, so no moving mask used
-out      /Users/sakinkirti/Programming/Python/CCIPD/racial-disparity-pca/dataset/to_nifti_cleaned/prostate-001197/
-p        /Users/sakinkirti/Programming/Python/CCIPD/racial-disparity-pca/code_matlab/rigid.txt
-threads  unspecified, so all available threads are used
Command line options from TransformBase:
-t0       unspecified, so no initial transform used

=============== start of ParameterFile: /Users/sakinkirti/Programming/Python/CCIPD/racial-disparity-pca/code_matlab/rigid.txt ===============
// Example parameter file for rotation registration
// C-style comments: //

// The internal pixel type, used for internal computations
// Leave to float in general. 
// NB: this is not the type of the input images! The pixel 
// type of the input images is automatically read from the 
// images themselves.
// This setting can be changed to "short" to save some memory
// in case of very large 3D images.
(FixedInternalImagePixelType "float")
(MovingInternalImagePixelType "float")

// The dimensions of the fixed and moving image
// Up to elastix 4.5 this had to be specified by the user.
// From elastix 4.6, this is not necessary anymore.
//(FixedImageDimension 3)
//(MovingImageDimension 3)

// Specify whether you want to take into account the so-called
// direction cosines of the images. Recommended: true.
// In some cases, the direction cosines of the image are corrupt,
// due to image format conversions for example. In that case, you 
// may want to set this option to "false".
(UseDirectionCosines "false")

// **************** Main Components **************************

// The following components should usually be left as they are:
(Registration "MultiResolutionRegistration")
(Interpolator "BSplineInterpolator")
(ResampleInterpolator "FinalBSplineInterpolator")
(Resampler "DefaultResampler")

// These may be changed to Fixed/MovingSmoothingImagePyramid.
// See the manual.
(FixedImagePyramid "FixedRecursiveImagePyramid")
(MovingImagePyramid "MovingRecursiveImagePyramid")

// The following components are most important:
// The optimizer AdaptiveStochasticGradientDescent (ASGD) works
// quite ok in general. The Transform and Metric are important
// and need to be chosen careful for each application. See manual.
(Optimizer "AdaptiveStochasticGradientDescent")
(Transform "EulerTransform")
(Metric "AdvancedMattesMutualInformation")

// ***************** Transformation **************************

// Scales the rotations compared to the translations, to make
// sure they are in the same range. In general, it's best to  
// use automatic scales estimation:
(AutomaticScalesEstimation "true")

// Automatically guess an initial translation by aligning the
// geometric centers of the fixed and moving.
(AutomaticTransformInitialization "true")

// Whether transforms are combined by composition or by addition.
// In generally, Compose is the best option in most cases.
// It does not influence the results very much.
(HowToCombineTransforms "Compose")

// ******************* Similarity measure *********************

// Number of grey level bins in each resolution level,
// for the mutual information. 16 or 32 usually works fine.
// You could also employ a hierarchical strategy:
//(NumberOfHistogramBins 16 32 64)
(NumberOfHistogramBins 32)

// If you use a mask, this option is important. 
// If the mask serves as region of interest, set it to false.
// If the mask indicates which pixels are valid, then set it to true.
// If you do not use a mask, the option doesn't matter.
(ErodeMask "false")

// ******************** Multiresolution **********************

// The number of resolutions. 1 Is only enough if the expected
// deformations are small. 3 or 4 mostly works fine. For large
// images and large deformations, 5 or 6 may even be useful.
(NumberOfResolutions 1)

// The downsampling/blurring factors for the image pyramids.
// By default, the images are downsampled by a factor of 2
// compared to the next resolution.
// So, in 2D, with 4 resolutions, the following schedule is used:
//(ImagePyramidSchedule 8 8  4 4  2 2  1 1 )
// And in 3D:
//(ImagePyramidSchedule 8 8 8  4 4 4  2 2 2  1 1 1 )
// You can specify any schedule, for example:
//(ImagePyramidSchedule 4 4  4 3  2 1  1 1 )
// Make sure that the number of elements equals the number
// of resolutions times the image dimension.

// ******************* Optimizer ****************************

// Maximum number of iterations in each resolution level:
// 200-500 works usually fine for rigid registration.
// For more robustness, you may increase this to 1000-2000.
(MaximumNumberOfIterations 500)

// The step size of the optimizer, in mm. By default the voxel size is used.
// which usually works well. In case of unusual high-resolution images
// (eg histology) it is necessary to increase this value a bit, to the size
// of the "smallest visible structure" in the image:
//(MaximumStepLength 1.0)

// **************** Image sampling **********************

// Number of spatial samples used to compute the mutual
// information (and its derivative) in each iteration.
// With an AdaptiveStochasticGradientDescent optimizer,
// in combination with the two options below, around 2000
// samples may already suffice.
(NumberOfSpatialSamples 2000)

// Refresh these spatial samples in every iteration, and select
// them randomly. See the manual for information on other sampling
// strategies.
(NewSamplesEveryIteration "true")
(ImageSampler "Random")

// ************* Interpolation and Resampling ****************

// Order of B-Spline interpolation used during registration/optimisation.
// It may improve accuracy if you set this to 3. Never use 0.
// An order of 1 gives linear interpolation. This is in most 
// applications a good choice.
(BSplineInterpolationOrder 1)

// Order of B-Spline interpolation used for applying the final
// deformation.
// 3 gives good accuracy; recommended in most cases.
// 1 gives worse accuracy (linear interpolation)
// 0 gives worst accuracy, but is appropriate for binary images
// (masks, segmentations); equivalent to nearest neighbor interpolation.
(FinalBSplineInterpolationOrder 3)

//Default pixel value for pixels that come from outside the picture:
(DefaultPixelValue 0)

// Choose whether to generate the deformed moving image.
// You can save some time by setting this to false, if you are
// only interested in the final (nonrigidly) deformed moving image
// for example.
(WriteResultImage "true")

// The pixel type and format of the resulting deformed moving image
(ResultImagePixelType "short")
(ResultImageFormat "nii.gz")




=============== end of ParameterFile: /Users/sakinkirti/Programming/Python/CCIPD/racial-disparity-pca/code_matlab/rigid.txt ===============


Reading images...
Reading images took 86 ms.

WARNING: the fixed pyramid schedule is not fully specified!
  A default pyramid schedule is used.
WARNING: the moving pyramid schedule is not fully specified!
  A default pyramid schedule is used.
WARNING: The parameter "AutomaticTransformInitializationMethod", requested at entry number 0, does not exist at all.
  The default value "GeometricalCenter" is used instead.
Transform parameters are initialized as: [0, 0, 0, -0.25450217723846436, -0.25450217723846436, -18]
Scales are estimated automatically.
Scales for transform parameters are: [3391.2427368164062, 3391.2427368164062, 5481.9854736328125, 1, 1, 1]
Initialization of all components (before registration) took: 14 ms.
Preparation of the image pyramids took: 9 ms.

Resolution: 0
WARNING: The parameter "ShowExactMetricValue", requested at entry number 0, does not exist at all.
  The default value "false" is used instead.
WARNING: The parameter "CheckNumberOfSamples", requested at entry number 0, does not exist at all.
  The default value "true" is used instead.
WARNING: The parameter "UseMultiThreadingForMetrics", requested at entry number 0, does not exist at all.
  The default value "true" is used instead.
Setting the fixed masks took: 0 ms.
Setting the moving masks took: 0 ms.
WARNING: The parameter "NumberOfFixedHistogramBins", requested at entry number 0, does not exist at all.
  The default value "32" is used instead.
WARNING: The parameter "NumberOfMovingHistogramBins", requested at entry number 0, does not exist at all.
  The default value "32" is used instead.
WARNING: The parameter "FixedLimitRangeRatio", requested at entry number 0, does not exist at all.
  The default value "0.01" is used instead.
WARNING: The parameter "MovingLimitRangeRatio", requested at entry number 0, does not exist at all.
  The default value "0.01" is used instead.
WARNING: The parameter "FixedKernelBSplineOrder", requested at entry number 0, does not exist at all.
  The default value "0" is used instead.
WARNING: The parameter "MovingKernelBSplineOrder", requested at entry number 0, does not exist at all.
  The default value "3" is used instead.
WARNING: The parameter "UseFastAndLowMemoryVersion", requested at entry number 0, does not exist at all.
  The default value "true" is used instead.
WARNING: The parameter "UseJacobianPreconditioning", requested at entry number 0, does not exist at all.
  The default value "false" is used instead.
WARNING: The parameter "FiniteDifferenceDerivative", requested at entry number 0, does not exist at all.
  The default value "false" is used instead.
WARNING: The parameter "SP_A", requested at entry number 0, does not exist at all.
  The default value "20" is used instead.
WARNING: The parameter "MaximumNumberOfSamplingAttempts", requested at entry number 0, does not exist at all.
  The default value "0" is used instead.
WARNING: The parameter "SigmoidInitialTime", requested at entry number 0, does not exist at all.
  The default value "0" is used instead.
WARNING: The parameter "MaxBandCovSize", requested at entry number 0, does not exist at all.
  The default value "192" is used instead.
WARNING: The parameter "NumberOfBandStructureSamples", requested at entry number 0, does not exist at all.
  The default value "10" is used instead.
WARNING: The parameter "UseAdaptiveStepSizes", requested at entry number 0, does not exist at all.
  The default value "true" is used instead.
WARNING: The parameter "AutomaticParameterEstimation", requested at entry number 0, does not exist at all.
  The default value "true" is used instead.
WARNING: The parameter "UseConstantStep", requested at entry number 0, does not exist at all.
  The default value "false" is used instead.
WARNING: The parameter "MaximumStepLengthRatio", requested at entry number 0, does not exist at all.
  The default value "1" is used instead.
WARNING: The parameter "MaximumStepLength", requested at entry number 0, does not exist at all.
  The default value "0.957623" is used instead.
WARNING: The parameter "NumberOfGradientMeasurements", requested at entry number 0, does not exist at all.
  The default value "0" is used instead.
WARNING: The parameter "NumberOfJacobianMeasurements", requested at entry number 0, does not exist at all.
  The default value "1000" is used instead.
WARNING: The parameter "NumberOfSamplesForExactGradient", requested at entry number 0, does not exist at all.
  The default value "100000" is used instead.
WARNING: The parameter "SigmoidScaleFactor", requested at entry number 0, does not exist at all.
  The default value "0.1" is used instead.
Elastix initialization of all components (for this resolution) took: 2 ms.
  Computing the fixed image extrema took 13 ms.
  Computing the moving image extrema took 6 ms.
Initialization of AdvancedMattesMutualInformation metric took: 51 ms.
Starting automatic parameter estimation for AdaptiveStochasticGradientDescent ...
WARNING: The parameter "ASGDParameterEstimationMethod", requested at entry number 0, does not exist at all.
  The default value "Original" is used instead.
  Computing JacobianTerms ...
  Computing the Jacobian terms took 0.001903s
  NumberOfGradientMeasurements to estimate sigma_i: 6
  Sampling gradients ...
  Sampling the gradients took 0.648731s
Automatic parameter estimation took 0.65s
1:ItNr	2:Metric	3a:Time	3b:StepSize	4:||Gradient||	Time[ms]
0	-0.048489	0.000000	17.883662	0.004388	707.0
1	-0.053097	0.000000	17.883662	0.012729	7.8
2	-0.049758	0.000000	17.883662	0.010463	6.1
3	-0.052850	1.000000	17.070768	0.010321	18.5
4	-0.046906	0.126339	17.776715	0.011582	15.5
5	-0.046502	0.000000	17.883662	0.007075	12.6
6	-0.061640	0.000000	17.883662	0.013287	24.9
7	-0.051898	0.000000	17.883662	0.009465	15.1
8	-0.068221	1.000000	17.070768	0.009987	7.3
9	-0.058358	2.000000	16.328561	0.009341	8.7
10	-0.048819	1.202333	16.915200	0.011941	9.1
11	-0.043715	0.329038	17.607775	0.012851	4.6
12	-0.052926	1.329038	16.819216	0.010797	7.7
13	-0.056829	0.455924	17.503646	0.012081	9.7
14	-0.058732	0.000000	17.883662	0.010760	6.5
15	-0.047394	0.000000	17.883662	0.004759	5.2
16	-0.061100	0.998627	17.071833	0.019938	8.9
17	-0.049106	0.140881	17.764487	0.010933	9.1
18	-0.052093	1.140880	16.962149	0.009799	5.9
19	-0.051408	2.140359	16.229519	0.020441	6.1
20	-0.050959	1.266697	16.866305	0.009737	7.6
21	-0.053383	0.393036	17.555100	0.010303	7.4
22	-0.044992	0.000000	17.883662	0.007764	9.2
23	-0.048455	0.000000	17.883662	0.008991	7.5
24	-0.042049	0.999903	17.070843	0.008515	7.5
25	-0.048961	1.247712	16.880698	0.007735	8.0
26	-0.041963	2.113049	16.248696	0.006380	12.4
27	-0.053837	1.239388	16.887016	0.012499	5.5
28	-0.051359	0.365727	17.577539	0.010245	10.1
29	-0.063190	1.365727	16.791625	0.012957	7.1
30	-0.049271	2.365727	16.072982	0.009074	7.0
31	-0.047811	1.636649	16.590658	0.006793	8.8
32	-0.061936	1.200592	16.916526	0.012280	9.9
33	-0.051441	2.200582	16.187391	0.009974	9.6
34	-0.048736	3.200582	15.518507	0.008346	11.4
35	-0.045790	4.200582	14.902708	0.012795	8.7
36	-0.051568	3.326920	15.437914	0.010860	5.6
37	-0.042054	2.453259	16.012994	0.011540	5.7
38	-0.048125	3.453259	15.358153	0.015081	6.0
39	-0.074366	3.968835	15.041026	0.012417	8.3
40	-0.052205	4.968835	14.461831	0.007297	8.2
41	-0.050149	5.968835	13.925588	0.012765	7.4
42	-0.050608	6.965506	13.429290	0.021943	6.9
43	-0.055870	7.965506	12.965660	0.008723	8.3
44	-0.050776	7.091845	13.368894	0.004060	5.0
45	-0.040727	6.218411	13.797899	0.005495	13.9
46	-0.055793	5.351609	14.251763	0.011412	13.2
47	-0.054802	6.331575	13.740770	0.012895	5.4
48	-0.044299	5.458113	14.194395	0.008710	5.8
49	-0.075159	6.458106	13.677451	0.006069	7.8
50	-0.047233	5.584456	14.126936	0.017344	3.9
51	-0.043956	5.302174	14.278550	0.009701	4.9
52	-0.051856	6.302174	13.755567	0.005191	4.7
53	-0.056087	7.243242	13.297231	0.011743	4.6
54	-0.049649	8.243242	12.842519	0.006740	4.7
55	-0.049391	7.369581	13.238014	0.008065	3.9
56	-0.047374	8.078092	12.915459	0.010460	3.5
57	-0.052988	9.078092	12.486061	0.012205	3.5
58	-0.051619	10.078092	12.084297	0.014893	5.6
59	-0.059728	9.204431	12.433835	0.016244	4.2
60	-0.051137	10.204431	12.035371	0.014968	4.1
61	-0.055193	9.330770	12.382043	0.010400	4.1
62	-0.037653	10.313769	11.993347	0.011508	5.5
63	-0.048172	9.441113	12.337161	0.007278	6.3
64	-0.050957	9.346293	12.375709	0.005398	4.4
65	-0.047648	8.475685	12.741244	0.013333	5.4
66	-0.056463	7.602058	13.130415	0.004980	3.7
67	-0.054715	8.602058	12.686851	0.005155	6.8
68	-0.047761	9.600895	12.272742	0.009400	6.5
69	-0.049170	10.600894	11.884376	0.007422	6.3
70	-0.047511	11.600894	11.519834	0.006968	5.4
71	-0.052731	12.590565	11.180428	0.017775	4.5
72	-0.039372	12.011825	11.376435	0.013950	9.5
73	-0.058296	11.138164	11.685699	0.012065	5.6
74	-0.060387	10.264503	12.012246	0.007918	7.1
75	-0.045217	11.264503	11.639941	0.004841	6.3
76	-0.056231	10.404398	11.958736	0.010238	6.4
77	-0.061898	9.530738	12.300944	0.014230	5.4
78	-0.056133	8.657076	12.663315	0.006680	4.8
79	-0.040645	7.783415	13.047684	0.008189	4.8
80	-0.033958	6.909754	13.456116	0.010153	5.9
81	-0.040019	7.909740	12.990670	0.014672	6.4
82	-0.047070	8.909740	12.556341	0.013549	5.5
83	-0.057434	8.036078	12.934147	0.010244	5.1
84	-0.051109	7.162417	13.335393	0.015449	5.9
85	-0.053570	6.289032	13.762192	0.008275	6.3
86	-0.046102	5.415371	14.217362	0.013330	5.7
87	-0.048057	4.541709	14.703671	0.013870	5.7
88	-0.036991	3.668048	15.224427	0.009131	6.1
89	-0.057890	4.668048	14.631299	0.015205	4.8
90	-0.054925	3.794387	15.146852	0.015111	5.8
91	-0.049354	4.794387	14.559637	0.011784	6.4
92	-0.052297	5.794387	14.016253	0.008122	5.0
93	-0.045944	6.794387	13.511969	0.011869	6.0
94	-0.060078	6.325826	13.743661	0.012045	6.4
95	-0.042429	7.325820	13.258465	0.016553	5.5
96	-0.037505	6.452159	13.680414	0.004693	5.3
97	-0.047948	7.441745	13.204425	0.008536	5.4
98	-0.052047	6.837156	13.491209	0.009748	6.1
99	-0.055814	5.963494	13.928347	0.009637	7.7
100	-0.062214	6.963494	13.430256	0.011661	6.5
101	-0.046939	6.089833	13.863389	0.009000	6.0
102	-0.053455	5.216214	14.325368	0.015383	5.8
103	-0.049212	4.342552	14.819222	0.008306	5.6
104	-0.057008	3.468891	15.348341	0.003970	6.2
105	-0.041502	4.468860	14.745729	0.009610	4.7
106	-0.053855	4.195417	14.905763	0.012003	5.6
107	-0.060658	5.176767	14.346955	0.008605	4.7
108	-0.055491	6.176753	13.819050	0.014193	4.4
109	-0.050379	5.303092	14.278051	0.003788	7.3
110	-0.040956	6.303089	13.755106	0.007750	6.1
111	-0.058926	7.302783	13.269257	0.010797	6.6
112	-0.053893	6.429122	13.691904	0.009735	5.7
113	-0.049275	5.555461	14.142360	0.008862	5.5
114	-0.045425	5.151721	14.360695	0.010396	8.6
115	-0.051818	4.278060	14.857030	0.007358	6.9
116	-0.049319	5.278056	14.291654	0.013376	5.9
117	-0.048046	5.421705	14.213954	0.006689	7.0
118	-0.043021	6.421699	13.695610	0.007568	5.1
119	-0.043442	5.549315	14.145634	0.008488	5.7
120	-0.046591	4.676089	14.626717	0.011666	4.8
121	-0.046756	3.802428	15.141941	0.005318	5.7
122	-0.052386	2.971495	15.666812	0.009640	5.8
123	-0.052388	2.141791	16.228515	0.010575	6.2
124	-0.050010	1.268130	16.865219	0.013005	5.9
125	-0.055103	0.394469	17.553925	0.009166	7.0
126	-0.055557	0.000000	17.883662	0.010593	6.6
127	-0.053274	0.000000	17.883662	0.012720	6.4
128	-0.056370	0.910448	17.140539	0.008760	4.9
129	-0.053701	1.890588	16.406607	0.009541	6.3
130	-0.050162	1.016927	17.057644	0.011709	5.9
131	-0.043921	0.143266	17.762483	0.008685	4.7
132	-0.055112	1.143264	16.960322	0.006823	6.9
133	-0.055998	2.143263	16.227483	0.006616	5.4
134	-0.040549	1.269602	16.864105	0.011201	6.0
135	-0.059730	0.396052	17.552626	0.008432	7.0
136	-0.044160	0.000000	17.883662	0.007840	6.8
137	-0.045817	0.999966	17.070794	0.007319	7.9
138	-0.051552	1.999966	16.328585	0.008062	6.0
139	-0.050401	1.126304	16.973322	0.012914	6.1
140	-0.050790	0.252695	17.671025	0.009498	7.0
141	-0.054928	0.000000	17.883662	0.005239	5.5
142	-0.051173	0.999574	17.071099	0.010871	6.7
143	-0.053503	1.999574	16.328863	0.007861	6.1
144	-0.034185	2.999574	15.648482	0.008322	5.2
145	-0.058524	3.985766	15.030834	0.006970	5.3
146	-0.055070	4.985766	14.452408	0.008476	6.2
147	-0.070906	4.112105	14.955214	0.014568	5.6
148	-0.059514	3.640200	15.241633	0.017782	9.8
149	-0.046534	4.640200	14.647190	0.015452	6.4
150	-0.051859	3.766539	15.163883	0.013716	7.5
151	-0.052861	4.766539	14.575372	0.009170	5.5
152	-0.041619	5.766539	14.030835	0.009802	6.4
153	-0.057415	6.766539	13.525521	0.022428	6.7
154	-0.051306	5.892878	13.964921	0.021511	6.4
155	-0.053419	5.019216	14.433828	0.012183	5.2
156	-0.048487	6.019211	13.899625	0.011515	5.5
157	-0.066585	5.145550	14.364085	0.006858	8.0
158	-0.057185	6.145549	13.834935	0.012682	5.9
159	-0.045262	5.271888	14.295010	0.013002	6.9
160	-0.047621	6.271888	13.770843	0.010460	5.0
161	-0.050131	5.398227	14.226596	0.009892	5.7
162	-0.049006	4.867027	14.518750	0.015847	7.4
163	-0.056794	5.867027	13.978357	0.014493	5.6
164	-0.052567	6.867027	13.476748	0.006348	5.9
165	-0.056085	5.993365	13.912933	0.014648	6.0
166	-0.052295	6.823340	13.497908	0.011453	5.7
167	-0.052953	7.823337	13.029612	0.012263	4.7
168	-0.050232	8.823337	12.592719	0.015381	6.8
169	-0.054395	9.823337	12.184174	0.014069	6.7
170	-0.052838	8.949676	12.539598	0.009663	8.9
171	-0.042795	9.949676	12.134437	0.010485	7.9
172	-0.054958	9.076015	12.486924	0.016518	7.0
173	-0.054104	10.076015	12.085105	0.020022	7.1
174	-0.041198	11.076015	11.708340	0.005196	6.2
175	-0.056791	10.832389	11.797949	0.007898	6.1
176	-0.038636	11.829106	11.439754	0.008884	5.5
177	-0.053385	10.993557	11.738516	0.012477	5.7
178	-0.043158	11.993557	11.382734	0.007739	6.1
179	-0.060744	11.954824	11.396113	0.011329	6.5
180	-0.048781	12.954824	11.060487	0.008172	5.5
181	-0.050585	12.081163	11.352591	0.012018	6.0
182	-0.067285	13.081163	11.019486	0.005248	7.2
183	-0.058056	12.212116	11.307828	0.019205	8.7
184	-0.052582	11.338455	11.613322	0.008982	6.7
185	-0.060916	10.464794	11.935781	0.009505	5.2
186	-0.065372	9.591133	12.276659	0.005819	3.9
187	-0.041389	8.851074	12.581018	0.015752	4.9
188	-0.051570	7.977413	12.960332	0.010906	8.0
189	-0.048550	8.977413	12.527996	0.011064	5.1
190	-0.063518	8.105349	12.903364	0.009706	5.8
191	-0.047047	7.231688	13.302673	0.005841	3.6
192	-0.060565	8.231406	12.847719	0.012097	4.5
193	-0.050166	9.231406	12.422740	0.009608	4.4
194	-0.055776	9.597794	12.273986	0.013758	5.6
195	-0.040773	8.724157	12.634737	0.013296	4.5
196	-0.057067	7.850496	13.017346	0.009254	4.2
197	-0.048563	8.843052	12.584400	0.013781	4.9
198	-0.055823	7.969390	12.963921	0.010524	4.2
199	-0.047543	8.969390	12.531349	0.013519	4.1
200	-0.042699	9.969390	12.126713	0.012976	4.2
201	-0.039542	9.095729	12.478744	0.008558	4.0
202	-0.059990	10.095729	12.077443	0.012493	3.3
203	-0.045511	9.222068	12.426578	0.009679	3.8
204	-0.058422	8.348407	12.796500	0.008458	4.9
205	-0.048633	7.492687	13.180817	0.009963	3.9
206	-0.055521	6.619026	13.597760	0.009693	4.3
207	-0.044556	7.468266	13.192124	0.011492	4.8
208	-0.043076	8.467310	12.744866	0.013263	3.6
209	-0.046347	9.467310	12.326553	0.009588	3.6
210	-0.059656	10.467310	11.934827	0.006021	4.0
211	-0.045624	9.593653	12.275648	0.008823	5.1
212	-0.040771	8.719992	12.636508	0.007153	5.3
213	-0.066432	9.705790	12.230817	0.021145	4.1
214	-0.063114	10.705790	11.845057	0.009891	5.1
215	-0.050214	11.705790	11.482887	0.009827	4.3
216	-0.040587	12.705748	11.142221	0.019948	6.1
217	-0.047775	11.832087	11.438715	0.013942	5.0
218	-0.038368	12.832087	11.100613	0.012961	5.3
219	-0.065093	13.748307	10.807919	0.010262	3.8
220	-0.054803	12.874646	11.086666	0.007939	4.9
221	-0.045030	12.000985	11.380172	0.006777	4.1
222	-0.058807	11.127566	11.689553	0.010520	3.5
223	-0.055869	10.253907	12.016318	0.009483	5.1
224	-0.069972	11.253907	11.643764	0.013775	6.2
225	-0.063859	12.253906	11.293618	0.007875	9.3
226	-0.045510	13.253901	10.963916	0.008403	6.0
227	-0.039581	12.380240	11.250875	0.008440	7.6
228	-0.055417	13.380240	10.923626	0.006461	8.2
229	-0.045347	14.332475	10.629227	0.009408	7.1
230	-0.049313	13.458814	10.898718	0.008459	8.7
231	-0.050367	12.585153	11.182230	0.013247	17.1
232	-0.055149	13.585153	10.858905	0.006109	12.0
233	-0.053251	14.584983	10.553803	0.015682	7.4
234	-0.050466	15.584980	10.265330	0.006148	6.3
235	-0.058236	16.584980	9.992207	0.010280	11.5
236	-0.059278	17.584980	9.733241	0.006835	9.1
237	-0.057874	16.711329	9.958729	0.009361	6.9
238	-0.041293	16.738057	9.951675	0.011794	5.3
239	-0.055718	17.738057	9.694779	0.010805	4.9
240	-0.041294	17.170263	9.838992	0.015987	5.2
241	-0.046420	16.303831	10.067516	0.014410	5.0
242	-0.043947	15.430169	10.308953	0.014081	4.8
243	-0.068124	16.430169	10.033535	0.009914	3.8
244	-0.047222	17.430169	9.772450	0.007888	3.8
245	-0.052178	18.430167	9.524608	0.021647	4.0
246	-0.056823	19.430167	9.289027	0.013129	4.4
247	-0.061464	18.556506	9.494188	0.012838	3.8
248	-0.035835	17.682845	9.708616	0.010702	3.6
249	-0.044861	18.682845	9.463961	0.012425	4.1
250	-0.050379	19.191213	9.344254	0.006915	3.5
251	-0.049086	20.191213	9.117403	0.008932	3.3
252	-0.050938	19.317558	9.314971	0.012936	3.4
253	-0.059761	18.444489	9.521150	0.007247	3.3
254	-0.053447	17.570845	9.736808	0.010257	3.4
255	-0.061745	18.570845	9.490748	0.003357	3.3
256	-0.043316	17.697215	9.705011	0.005210	3.4
257	-0.063710	16.825143	9.928764	0.010277	3.4
258	-0.054573	17.825143	9.673033	0.007198	4.3
259	-0.046315	18.825055	9.430167	0.006120	6.0
260	-0.046132	19.825053	9.199177	0.007616	5.3
261	-0.060058	18.951392	9.400346	0.005516	4.8
262	-0.044902	19.654722	9.237719	0.014699	5.7
263	-0.051211	19.000460	9.388815	0.009526	5.6
264	-0.044910	20.000460	9.159822	0.009332	4.4
265	-0.042967	21.000460	8.941733	0.005948	10.0
266	-0.053554	20.126801	9.131683	0.007096	6.7
267	-0.046865	19.253240	9.329855	0.010412	8.8
268	-0.044755	20.253240	9.103695	0.012797	8.8
269	-0.046671	21.253240	8.888239	0.005912	6.9
270	-0.062379	20.379579	9.075900	0.012174	7.1
271	-0.074816	21.351765	8.867562	0.008177	6.4
272	-0.051534	20.700871	9.005972	0.013542	7.9
273	-0.045614	19.915322	9.178882	0.008786	8.4
274	-0.040361	19.041664	9.379153	0.009244	5.8
275	-0.057545	18.168003	9.588360	0.012245	7.3
276	-0.064483	19.168003	9.349653	0.016159	6.2
277	-0.065847	18.294341	9.557531	0.005507	8.7
278	-0.066717	19.294341	9.320338	0.008987	6.3
279	-0.058964	20.293132	9.094900	0.011499	5.2
280	-0.060060	19.440626	9.286624	0.015151	6.5
281	-0.048516	20.440626	9.062530	0.016136	4.8
282	-0.046023	21.440626	8.848995	0.017761	4.1
283	-0.056530	22.440626	8.645292	0.012605	4.8
284	-0.051230	21.566964	8.822732	0.015340	5.2
285	-0.052115	22.566964	8.620222	0.016591	5.2
286	-0.057127	21.693303	8.796623	0.011654	5.9
287	-0.041281	22.693303	8.595297	0.010282	4.9
288	-0.039824	22.823270	8.569805	0.010544	5.9
289	-0.057541	22.012606	8.731322	0.006138	5.1
290	-0.032816	21.154892	8.908975	0.009035	5.4
291	-0.051609	21.760203	8.782860	0.017056	5.3
292	-0.042517	22.760203	8.582156	0.010363	4.1
293	-0.052728	23.760203	8.390420	0.006824	5.1
294	-0.051794	22.886543	8.557450	0.009988	5.2
295	-0.054228	23.886542	8.366804	0.013556	4.8
296	-0.041423	24.886542	8.184467	0.008699	4.3
297	-0.054109	24.049200	8.336594	0.006356	4.4
298	-0.041965	25.049148	8.155567	0.012969	4.7
299	-0.048290	24.175487	8.313289	0.006871	3.9
300	-0.046917	25.175487	8.133253	0.009613	3.7
301	-0.049027	26.175487	7.960848	0.010363	6.9
302	-0.042937	27.175485	7.795602	0.008995	6.4
303	-0.054980	26.301824	7.939586	0.017320	3.6
304	-0.060931	27.301824	7.775212	0.016668	6.1
305	-0.066073	26.428210	7.918429	0.007086	6.6
306	-0.039730	27.428210	7.754920	0.013307	6.2
307	-0.033258	26.554549	7.897392	0.005927	6.4
308	-0.061381	26.743373	7.866158	0.014348	4.9
309	-0.057663	27.706184	7.710662	0.011960	6.4
310	-0.056893	28.706184	7.555537	0.014206	5.1
311	-0.062399	29.706184	7.406531	0.014510	7.2
312	-0.050278	28.832522	7.536381	0.008939	5.5
313	-0.061359	29.832522	7.388122	0.010842	6.7
314	-0.060462	28.958861	7.517323	0.011603	6.3
315	-0.041056	29.958861	7.369806	0.006812	5.0
316	-0.050596	29.269160	7.470921	0.015043	6.1
317	-0.046386	30.269160	7.325201	0.008250	5.5
318	-0.058113	31.269160	7.185057	0.013966	5.5
319	-0.059334	31.558780	7.145465	0.015791	7.2
320	-0.051237	30.685119	7.266248	0.008323	5.5
321	-0.063948	31.588236	7.141462	0.010492	5.7
322	-0.050867	30.714575	7.262109	0.005635	5.7
323	-0.054023	31.714575	7.124347	0.006564	4.4
324	-0.062482	30.953071	7.228772	0.005924	5.1
325	-0.048023	31.953071	7.092259	0.015854	4.5
326	-0.060616	31.079410	7.211236	0.009892	3.4
327	-0.056427	32.079410	7.075378	0.011219	3.9
328	-0.053387	31.205748	7.193784	0.010915	5.2
329	-0.061233	30.332185	7.316207	0.010133	3.9
330	-0.047211	29.561627	7.427706	0.007474	4.1
331	-0.067499	28.925905	7.522285	0.020380	4.2
332	-0.044488	29.925905	7.374575	0.006393	4.1
333	-0.057223	30.925905	7.232554	0.010939	4.1
334	-0.056086	31.925905	7.095899	0.007579	4.2
335	-0.051685	31.993204	7.086888	0.012762	3.3
336	-0.054724	32.993204	6.955633	0.011516	5.2
337	-0.048689	33.993204	6.829151	0.009082	3.5
338	-0.061450	33.122612	6.939002	0.009164	3.9
339	-0.056265	34.122612	6.813119	0.010164	4.0
340	-0.057259	35.122291	6.691760	0.011205	4.2
341	-0.052472	36.122291	6.574612	0.016399	3.5
342	-0.048165	37.122291	6.461495	0.009184	3.7
343	-0.064905	38.122291	6.352205	0.011131	4.6
344	-0.051884	39.122291	6.246550	0.008018	4.6
345	-0.058080	40.122291	6.144352	0.007199	4.3
346	-0.055716	41.084931	6.049083	0.010465	4.1
347	-0.058246	40.211270	6.135421	0.019411	4.9
348	-0.049755	39.337609	6.224259	0.006831	4.3
349	-0.052963	40.337041	6.122840	0.020263	4.2
350	-0.046814	41.337040	6.024619	0.011370	5.0
351	-0.037186	40.463379	6.110255	0.011429	5.0
352	-0.040004	39.589717	6.198360	0.003293	5.7
353	-0.062109	38.716057	6.289044	0.017247	5.5
354	-0.042163	37.842473	6.382412	0.005476	5.6
355	-0.058433	36.968812	6.478603	0.010213	6.2
356	-0.049017	36.884693	6.488017	0.010844	5.7
357	-0.053667	36.011032	6.587443	0.009119	5.7
358	-0.059208	37.010717	6.473923	0.015847	5.3
359	-0.052660	38.010717	6.364215	0.007098	5.8
360	-0.071519	37.137056	6.459854	0.016000	5.6
361	-0.050898	38.137032	6.350621	0.006721	5.3
362	-0.044952	37.263371	6.445849	0.016330	5.6
363	-0.054835	38.263371	6.337083	0.010689	4.4
364	-0.057910	37.389710	6.431902	0.006212	7.7
365	-0.052450	36.516049	6.529602	0.016080	5.5
366	-0.047552	35.642388	6.630315	0.014927	5.6
367	-0.042045	34.768727	6.734185	0.007475	5.5
368	-0.056407	35.768727	6.615560	0.009449	5.1
369	-0.053760	36.768652	6.501050	0.016964	4.0
370	-0.043379	35.894990	6.600878	0.007299	6.2
371	-0.056102	36.749554	6.503200	0.005238	5.2
372	-0.056553	35.881837	6.602405	0.015082	4.2
373	-0.042589	35.008176	6.705394	0.006824	4.4
374	-0.052347	36.008176	6.587773	0.010295	4.2
375	-0.060324	37.008175	6.474206	0.006962	3.3
376	-0.055994	36.134513	6.573206	0.019809	4.0
377	-0.045221	35.260852	6.675279	0.006040	5.2
378	-0.059300	36.260811	6.558707	0.012443	3.9
379	-0.059935	36.085197	6.578884	0.009935	4.6
380	-0.058547	35.214324	6.680804	0.008452	4.0
381	-0.052087	36.210181	6.564512	0.014532	5.0
382	-0.038898	35.336520	6.666313	0.009151	4.6
383	-0.050106	36.336520	6.550047	0.012720	5.1
384	-0.049273	37.336520	6.437767	0.015083	5.5
385	-0.060526	36.462858	6.535646	0.018174	5.0
386	-0.049894	37.462858	6.423855	0.009045	4.5
387	-0.044574	38.462858	6.315823	0.010974	4.7
388	-0.070757	37.591195	6.409784	0.015403	4.1
389	-0.058018	36.717534	6.506808	0.007795	3.7
390	-0.048861	35.843872	6.606814	0.008016	4.5
391	-0.045483	36.843872	6.492596	0.016902	5.1
392	-0.053097	37.843872	6.382260	0.018151	3.3
393	-0.056749	38.843872	6.275612	0.005921	5.7
394	-0.060866	37.970211	6.368587	0.001292	4.4
395	-0.067111	37.264641	6.445709	0.009215	4.4
396	-0.061622	38.235933	6.340018	0.011499	5.5
397	-0.052776	39.235933	6.234765	0.012578	7.1
398	-0.056632	40.235933	6.132950	0.017932	7.6
399	-0.051539	39.362272	6.221716	0.007892	6.7
400	-0.047221	39.473702	6.210252	0.014556	4.3
401	-0.044715	38.600040	6.301286	0.010282	5.6
402	-0.055466	39.600040	6.197304	0.013363	6.3
403	-0.042720	38.726408	6.287954	0.010791	5.5
404	-0.060539	39.726408	6.184408	0.009767	6.5
405	-0.050972	38.852747	6.274681	0.007188	5.3
406	-0.043275	39.852719	6.171571	0.007042	6.7
407	-0.049042	40.847108	6.072344	0.012962	6.6
408	-0.051046	40.356226	6.120926	0.008862	5.4
409	-0.056206	39.482565	6.209341	0.014362	6.6
410	-0.061753	40.482565	6.108348	0.011960	4.9
411	-0.050615	41.482565	6.010587	0.016859	5.4
412	-0.062553	42.482565	5.915906	0.015838	4.7
413	-0.052708	41.608903	5.998458	0.007343	5.3
414	-0.033612	42.608841	5.904162	0.006230	4.5
415	-0.047599	43.596188	5.813917	0.012860	5.6
416	-0.047478	44.596075	5.725295	0.015991	6.1
417	-0.054160	43.722414	5.802579	0.007746	4.3
418	-0.051769	44.720924	5.714419	0.021059	5.1
419	-0.056035	43.847263	5.791407	0.013863	5.7
420	-0.050448	42.973602	5.870498	0.008785	5.9
421	-0.053677	43.973602	5.780146	0.013186	5.2
422	-0.042771	44.973602	5.692533	0.007983	3.1
423	-0.067719	45.973565	5.607539	0.011087	2.9
424	-0.046589	46.971732	5.525192	0.010783	3.1
425	-0.046127	46.098070	5.597134	0.009371	3.7
426	-0.049219	47.098068	5.514942	0.010343	3.6
427	-0.046593	46.224407	5.586615	0.013371	2.9
428	-0.044159	45.351223	5.660135	0.005571	3.2
429	-0.051533	46.351223	5.576096	0.009583	2.9
430	-0.046877	47.021166	5.521177	0.006367	3.2
431	-0.043789	48.021166	5.441184	0.008767	4.0
432	-0.053832	48.700223	5.388174	0.012560	4.9
433	-0.047454	47.826562	5.456569	0.006935	4.8
434	-0.046179	46.954529	5.526591	0.011538	5.7
435	-0.054687	46.081285	5.598535	0.008351	4.4
436	-0.065492	45.207624	5.672412	0.010640	5.7
437	-0.045199	44.333971	5.748264	0.012438	5.4
438	-0.056442	43.460310	5.826173	0.009632	5.4
439	-0.057884	43.667195	5.807533	0.010061	5.6
440	-0.040820	44.188216	5.761116	0.010942	6.1
441	-0.047899	45.188216	5.674075	0.006119	4.9
442	-0.067188	46.188215	5.589625	0.018373	5.7
443	-0.052861	45.314554	5.663265	0.020197	6.3
444	-0.045288	46.314554	5.579134	0.006871	8.0
445	-0.067517	47.314554	5.497465	0.010047	5.4
446	-0.055267	46.441807	5.568607	0.009964	5.1
447	-0.053762	45.568146	5.641691	0.015980	6.6
448	-0.060573	44.694486	5.716719	0.006825	6.6
449	-0.047028	43.820825	5.793769	0.008656	5.7
450	-0.063513	44.820824	5.705746	0.013319	8.1
451	-0.056727	43.947162	5.782499	0.007452	4.9
452	-0.057002	43.073501	5.861345	0.010045	6.1
453	-0.053969	44.073491	5.771273	0.009998	6.1
454	-0.052185	45.073490	5.683927	0.013276	5.5
455	-0.044685	46.071089	5.599386	0.008330	7.7
456	-0.059253	47.065893	5.517549	0.018171	5.2
457	-0.057761	46.192232	5.589290	0.006499	7.1
458	-0.047257	47.192232	5.507327	0.011041	5.3
459	-0.062441	46.529707	5.561358	0.008546	4.8
460	-0.062916	45.657100	5.634162	0.011330	6.1
461	-0.047029	44.783438	5.708989	0.015789	6.1
462	-0.063254	43.909792	5.785828	0.008494	5.0
463	-0.060074	43.036131	5.864766	0.007421	5.9
464	-0.045087	42.394702	5.924105	0.018961	5.1
465	-0.057145	43.394702	5.832109	0.010391	4.5
466	-0.057153	44.394702	5.742925	0.018241	6.1
467	-0.052294	43.521040	5.820689	0.010684	5.1
468	-0.051532	44.521040	5.731852	0.012037	5.5
469	-0.058674	43.647379	5.809314	0.008646	6.1
470	-0.050183	44.646965	5.720857	0.006190	4.3
471	-0.049915	43.773303	5.798020	0.006424	7.9
472	-0.053235	44.535903	5.730552	0.010168	6.7
473	-0.050927	45.535903	5.644425	0.006727	4.4
474	-0.047733	46.528722	5.561439	0.019572	5.9
475	-0.057856	47.528722	5.480285	0.009324	6.3
476	-0.063291	48.528722	5.401464	0.010310	5.2
477	-0.053131	47.655060	5.470200	0.010652	6.1
478	-0.060950	46.781460	5.540702	0.009219	5.4
479	-0.046746	47.750415	5.462613	0.003386	6.1
480	-0.047496	46.882865	5.532426	0.007618	7.0
481	-0.053827	47.857102	5.454149	0.011791	6.6
482	-0.064002	46.983453	5.524240	0.007940	7.4
483	-0.050444	46.531926	5.561176	0.014689	6.5
484	-0.066959	45.658265	5.634064	0.011416	6.6
485	-0.049987	44.784603	5.708887	0.010822	5.6
486	-0.043607	45.784603	5.623405	0.015990	4.4
487	-0.049785	44.910942	5.697945	0.015988	7.7
488	-0.049262	45.910942	5.612787	0.014760	6.6
489	-0.042876	45.094519	5.682119	0.005267	4.2
490	-0.040110	44.221513	5.758175	0.010296	6.3
491	-0.048364	45.171336	5.675522	0.008821	4.6
492	-0.058863	44.297678	5.751459	0.009679	4.9
493	-0.051261	43.424017	5.829455	0.008279	6.7
494	-0.044982	42.550356	5.909596	0.005092	5.5
495	-0.066493	41.741998	5.985734	0.014510	4.8
496	-0.043341	40.868547	6.070239	0.010093	6.6
497	-0.060973	41.868547	5.973685	0.006026	4.8
498	-0.050198	42.868547	5.880154	0.007643	4.8
499	-0.060123	41.994888	5.961704	0.014737	5.7
Time spent in resolution 0 (ITK initialization and iterating): 3.902 s.
Stopping condition: Maximum number of iterations has been reached.
Settings of AdaptiveStochasticGradientDescent in resolution 0:
( SP_a 375.556899 )
( SP_A 20.000000 )
( SP_alpha 1.000000 )
( SigmoidMax 1.000000 )
( SigmoidMin -0.873661 )
( SigmoidScale 0.000002 )



=============== start of TransformParameterFile ===============
(Transform "EulerTransform")
(NumberOfParameters 6)
(TransformParameters 0.037962 0.002838 -0.001326 -1.419560 0.980090 -19.553380)
(InitialTransformParametersFileName "NoInitialTransform")
(UseBinaryFormatForTransformationParameters "false")
(HowToCombineTransforms "Compose")

// Image specific
(FixedImageDimension 3)
(MovingImageDimension 3)
(FixedInternalImagePixelType "float")
(MovingInternalImagePixelType "float")
(Size 256 256 30)
(Index 0 0 0)
(Spacing 0.7031250000 0.7031250000 3.0000000000)
(Origin -87.4601135254 -92.2188339233 156.2217407227)
(Direction 1.0000000000 0.0000000000 0.0000000000 0.0000000000 1.0000000000 0.0000000000 0.0000000000 0.0000000000 1.0000000000)
(UseDirectionCosines "false")

// EulerTransform specific
(CenterOfRotationPoint 2.1883239746 -2.5703964233 199.7217407227)
(ComputeZYX "false")

// ResampleInterpolator specific
(ResampleInterpolator "FinalBSplineInterpolator")
(FinalBSplineInterpolationOrder 3)

// Resampler specific
(Resampler "DefaultResampler")
(DefaultPixelValue 0.000000)
(ResultImageFormat "nii.gz")
(ResultImagePixelType "short")
(CompressResultImage "false")

=============== end of TransformParameterFile ===============

Creating the TransformParameterFile took 0.00s

Registration result checksum: 1858838742

Applying final transform ...
  Applying final transform took 0.94s

Final metric value  = -0.060123
Settings of AdaptiveStochasticGradientDescent for all resolutions:
( SP_a 375.556899 )
( SP_A 20.000000 )
( SP_alpha 1.000000 )
( SigmoidMax 1.000000 )
( SigmoidMin -0.873661 )
( SigmoidScale 0.000002 )

Time spent on saving the results, applying the final transform etc.: 940 ms.
Running elastix with parameter file 0: "/Users/sakinkirti/Programming/Python/CCIPD/racial-disparity-pca/code_matlab/rigid.txt", has finished.


Current time: Mon May 23 17:50:25 2022.
Time used for running elastix with this parameter file:
  5.0s.

-------------------------------------------------------------------------

Total time elapsed: 5.1s.

