
elastix is started at Mon May 23 17:52:21 2022.

which elastix:   /Users/sakinkirti/Programming/Python/CCIPD/racial-disparity-pca/code_matlab/elastix-5.0.0-mac/bin/elastix
elastix runs at: Sakins-MBP.hsd1.ca.comcast.net
  macOS 12.3.1 (x64), 21E258
  with 8192 MB memory, and 2 cores @ 2300 MHz.
-------------------------------------------------------------------------

Running elastix with parameter file 0: "/Users/sakinkirti/Programming/Python/CCIPD/racial-disparity-pca/code_matlab/rigid.txt".

Current time: Mon May 23 17:52:21 2022.
Reading the elastix parameters from file ...

Installing all components.
InstallingComponents was successful.

ELASTIX version: 5.000
Command line options from ElastixBase:
-f        /Users/sakinkirti/Programming/Python/CCIPD/racial-disparity-pca/dataset/to_nifti_cleaned/prostate-000999/T2W.nii.gz
-m        /Users/sakinkirti/Programming/Python/CCIPD/racial-disparity-pca/dataset/to_nifti_cleaned/prostate-000999/ADC.nii.gz
-fMask    unspecified, so no fixed mask used
-mMask    unspecified, so no moving mask used
-out      /Users/sakinkirti/Programming/Python/CCIPD/racial-disparity-pca/dataset/to_nifti_cleaned/prostate-000999/
-p        /Users/sakinkirti/Programming/Python/CCIPD/racial-disparity-pca/code_matlab/rigid.txt
-threads  unspecified, so all available threads are used
Command line options from TransformBase:
-t0       unspecified, so no initial transform used

=============== start of ParameterFile: /Users/sakinkirti/Programming/Python/CCIPD/racial-disparity-pca/code_matlab/rigid.txt ===============
// Example parameter file for rotation registration
// C-style comments: //

// The internal pixel type, used for internal computations
// Leave to float in general. 
// NB: this is not the type of the input images! The pixel 
// type of the input images is automatically read from the 
// images themselves.
// This setting can be changed to "short" to save some memory
// in case of very large 3D images.
(FixedInternalImagePixelType "float")
(MovingInternalImagePixelType "float")

// The dimensions of the fixed and moving image
// Up to elastix 4.5 this had to be specified by the user.
// From elastix 4.6, this is not necessary anymore.
//(FixedImageDimension 3)
//(MovingImageDimension 3)

// Specify whether you want to take into account the so-called
// direction cosines of the images. Recommended: true.
// In some cases, the direction cosines of the image are corrupt,
// due to image format conversions for example. In that case, you 
// may want to set this option to "false".
(UseDirectionCosines "false")

// **************** Main Components **************************

// The following components should usually be left as they are:
(Registration "MultiResolutionRegistration")
(Interpolator "BSplineInterpolator")
(ResampleInterpolator "FinalBSplineInterpolator")
(Resampler "DefaultResampler")

// These may be changed to Fixed/MovingSmoothingImagePyramid.
// See the manual.
(FixedImagePyramid "FixedRecursiveImagePyramid")
(MovingImagePyramid "MovingRecursiveImagePyramid")

// The following components are most important:
// The optimizer AdaptiveStochasticGradientDescent (ASGD) works
// quite ok in general. The Transform and Metric are important
// and need to be chosen careful for each application. See manual.
(Optimizer "AdaptiveStochasticGradientDescent")
(Transform "EulerTransform")
(Metric "AdvancedMattesMutualInformation")

// ***************** Transformation **************************

// Scales the rotations compared to the translations, to make
// sure they are in the same range. In general, it's best to  
// use automatic scales estimation:
(AutomaticScalesEstimation "true")

// Automatically guess an initial translation by aligning the
// geometric centers of the fixed and moving.
(AutomaticTransformInitialization "true")

// Whether transforms are combined by composition or by addition.
// In generally, Compose is the best option in most cases.
// It does not influence the results very much.
(HowToCombineTransforms "Compose")

// ******************* Similarity measure *********************

// Number of grey level bins in each resolution level,
// for the mutual information. 16 or 32 usually works fine.
// You could also employ a hierarchical strategy:
//(NumberOfHistogramBins 16 32 64)
(NumberOfHistogramBins 32)

// If you use a mask, this option is important. 
// If the mask serves as region of interest, set it to false.
// If the mask indicates which pixels are valid, then set it to true.
// If you do not use a mask, the option doesn't matter.
(ErodeMask "false")

// ******************** Multiresolution **********************

// The number of resolutions. 1 Is only enough if the expected
// deformations are small. 3 or 4 mostly works fine. For large
// images and large deformations, 5 or 6 may even be useful.
(NumberOfResolutions 1)

// The downsampling/blurring factors for the image pyramids.
// By default, the images are downsampled by a factor of 2
// compared to the next resolution.
// So, in 2D, with 4 resolutions, the following schedule is used:
//(ImagePyramidSchedule 8 8  4 4  2 2  1 1 )
// And in 3D:
//(ImagePyramidSchedule 8 8 8  4 4 4  2 2 2  1 1 1 )
// You can specify any schedule, for example:
//(ImagePyramidSchedule 4 4  4 3  2 1  1 1 )
// Make sure that the number of elements equals the number
// of resolutions times the image dimension.

// ******************* Optimizer ****************************

// Maximum number of iterations in each resolution level:
// 200-500 works usually fine for rigid registration.
// For more robustness, you may increase this to 1000-2000.
(MaximumNumberOfIterations 500)

// The step size of the optimizer, in mm. By default the voxel size is used.
// which usually works well. In case of unusual high-resolution images
// (eg histology) it is necessary to increase this value a bit, to the size
// of the "smallest visible structure" in the image:
//(MaximumStepLength 1.0)

// **************** Image sampling **********************

// Number of spatial samples used to compute the mutual
// information (and its derivative) in each iteration.
// With an AdaptiveStochasticGradientDescent optimizer,
// in combination with the two options below, around 2000
// samples may already suffice.
(NumberOfSpatialSamples 2000)

// Refresh these spatial samples in every iteration, and select
// them randomly. See the manual for information on other sampling
// strategies.
(NewSamplesEveryIteration "true")
(ImageSampler "Random")

// ************* Interpolation and Resampling ****************

// Order of B-Spline interpolation used during registration/optimisation.
// It may improve accuracy if you set this to 3. Never use 0.
// An order of 1 gives linear interpolation. This is in most 
// applications a good choice.
(BSplineInterpolationOrder 1)

// Order of B-Spline interpolation used for applying the final
// deformation.
// 3 gives good accuracy; recommended in most cases.
// 1 gives worse accuracy (linear interpolation)
// 0 gives worst accuracy, but is appropriate for binary images
// (masks, segmentations); equivalent to nearest neighbor interpolation.
(FinalBSplineInterpolationOrder 3)

//Default pixel value for pixels that come from outside the picture:
(DefaultPixelValue 0)

// Choose whether to generate the deformed moving image.
// You can save some time by setting this to false, if you are
// only interested in the final (nonrigidly) deformed moving image
// for example.
(WriteResultImage "true")

// The pixel type and format of the resulting deformed moving image
(ResultImagePixelType "short")
(ResultImageFormat "nii.gz")




=============== end of ParameterFile: /Users/sakinkirti/Programming/Python/CCIPD/racial-disparity-pca/code_matlab/rigid.txt ===============


Reading images...
Reading images took 84 ms.

WARNING: the fixed pyramid schedule is not fully specified!
  A default pyramid schedule is used.
WARNING: the moving pyramid schedule is not fully specified!
  A default pyramid schedule is used.
WARNING: The parameter "AutomaticTransformInitializationMethod", requested at entry number 0, does not exist at all.
  The default value "GeometricalCenter" is used instead.
Transform parameters are initialized as: [0, 0, 0, 4.302154541015625, 2.8395233154296875, -23.25560760498047]
Scales are estimated automatically.
Scales for transform parameters are: [4039.2427368164062, 4039.2427368164062, 5481.9854736328125, 1, 1, 1]
Initialization of all components (before registration) took: 13 ms.
Preparation of the image pyramids took: 8 ms.

Resolution: 0
WARNING: The parameter "ShowExactMetricValue", requested at entry number 0, does not exist at all.
  The default value "false" is used instead.
WARNING: The parameter "CheckNumberOfSamples", requested at entry number 0, does not exist at all.
  The default value "true" is used instead.
WARNING: The parameter "UseMultiThreadingForMetrics", requested at entry number 0, does not exist at all.
  The default value "true" is used instead.
Setting the fixed masks took: 0 ms.
Setting the moving masks took: 0 ms.
WARNING: The parameter "NumberOfFixedHistogramBins", requested at entry number 0, does not exist at all.
  The default value "32" is used instead.
WARNING: The parameter "NumberOfMovingHistogramBins", requested at entry number 0, does not exist at all.
  The default value "32" is used instead.
WARNING: The parameter "FixedLimitRangeRatio", requested at entry number 0, does not exist at all.
  The default value "0.01" is used instead.
WARNING: The parameter "MovingLimitRangeRatio", requested at entry number 0, does not exist at all.
  The default value "0.01" is used instead.
WARNING: The parameter "FixedKernelBSplineOrder", requested at entry number 0, does not exist at all.
  The default value "0" is used instead.
WARNING: The parameter "MovingKernelBSplineOrder", requested at entry number 0, does not exist at all.
  The default value "3" is used instead.
WARNING: The parameter "UseFastAndLowMemoryVersion", requested at entry number 0, does not exist at all.
  The default value "true" is used instead.
WARNING: The parameter "UseJacobianPreconditioning", requested at entry number 0, does not exist at all.
  The default value "false" is used instead.
WARNING: The parameter "FiniteDifferenceDerivative", requested at entry number 0, does not exist at all.
  The default value "false" is used instead.
WARNING: The parameter "SP_A", requested at entry number 0, does not exist at all.
  The default value "20" is used instead.
WARNING: The parameter "MaximumNumberOfSamplingAttempts", requested at entry number 0, does not exist at all.
  The default value "0" is used instead.
WARNING: The parameter "SigmoidInitialTime", requested at entry number 0, does not exist at all.
  The default value "0" is used instead.
WARNING: The parameter "MaxBandCovSize", requested at entry number 0, does not exist at all.
  The default value "192" is used instead.
WARNING: The parameter "NumberOfBandStructureSamples", requested at entry number 0, does not exist at all.
  The default value "10" is used instead.
WARNING: The parameter "UseAdaptiveStepSizes", requested at entry number 0, does not exist at all.
  The default value "true" is used instead.
WARNING: The parameter "AutomaticParameterEstimation", requested at entry number 0, does not exist at all.
  The default value "true" is used instead.
WARNING: The parameter "UseConstantStep", requested at entry number 0, does not exist at all.
  The default value "false" is used instead.
WARNING: The parameter "MaximumStepLengthRatio", requested at entry number 0, does not exist at all.
  The default value "1" is used instead.
WARNING: The parameter "MaximumStepLength", requested at entry number 0, does not exist at all.
  The default value "1.28906" is used instead.
WARNING: The parameter "NumberOfGradientMeasurements", requested at entry number 0, does not exist at all.
  The default value "0" is used instead.
WARNING: The parameter "NumberOfJacobianMeasurements", requested at entry number 0, does not exist at all.
  The default value "1000" is used instead.
WARNING: The parameter "NumberOfSamplesForExactGradient", requested at entry number 0, does not exist at all.
  The default value "100000" is used instead.
WARNING: The parameter "SigmoidScaleFactor", requested at entry number 0, does not exist at all.
  The default value "0.1" is used instead.
Elastix initialization of all components (for this resolution) took: 1 ms.
  Computing the fixed image extrema took 9 ms.
  Computing the moving image extrema took 3 ms.
Initialization of AdvancedMattesMutualInformation metric took: 32 ms.
Starting automatic parameter estimation for AdaptiveStochasticGradientDescent ...
WARNING: The parameter "ASGDParameterEstimationMethod", requested at entry number 0, does not exist at all.
  The default value "Original" is used instead.
  Computing JacobianTerms ...
  Computing the Jacobian terms took 0.002641s
  NumberOfGradientMeasurements to estimate sigma_i: 6
  Sampling gradients ...
  Sampling the gradients took 0.620775s
Automatic parameter estimation took 0.62s
1:ItNr	2:Metric	3a:Time	3b:StepSize	4:||Gradient||	Time[ms]
0	-0.161886	0.000000	14.637394	0.014979	661.5
1	-0.144625	0.000000	14.637394	0.017464	8.1
2	-0.138243	0.000000	14.637394	0.015155	4.8
3	-0.149117	0.000000	14.637394	0.007397	5.2
4	-0.154168	0.000000	14.637394	0.015458	6.6
5	-0.134127	0.000000	14.637394	0.006697	5.0
6	-0.159276	0.912969	14.027550	0.023508	8.6
7	-0.148353	0.053859	14.599949	0.007154	5.3
8	-0.150893	1.053855	13.937938	0.014392	5.6
9	-0.157274	2.047665	13.336938	0.014599	7.3
10	-0.141782	1.188554	13.853326	0.009912	4.5
11	-0.149198	0.329444	14.411312	0.010904	7.6
12	-0.138570	1.296737	13.786110	0.018337	5.7
13	-0.145778	0.437704	14.338535	0.014125	10.1
14	-0.151677	0.000000	14.637394	0.009862	9.3
15	-0.144374	0.000000	14.637394	0.014145	9.4
16	-0.121637	0.912760	14.027684	0.009087	4.5
17	-0.162281	1.757464	13.507009	0.015030	5.8
18	-0.151702	0.899068	14.036455	0.015214	4.8
19	-0.139414	0.039968	14.609588	0.012964	4.5
20	-0.131493	0.000000	14.637394	0.012621	4.8
21	-0.135912	0.000000	14.637394	0.008847	11.5
22	-0.145654	0.000000	14.637394	0.016114	12.1
23	-0.155958	0.000000	14.637394	0.016832	13.8
24	-0.161218	0.000000	14.637394	0.018944	11.6
25	-0.154731	0.000000	14.637394	0.010548	7.8
26	-0.147832	0.000000	14.637394	0.014397	3.4
27	-0.156980	1.000000	13.972058	0.008828	3.7
28	-0.132941	1.999998	13.364578	0.012028	4.5
29	-0.161802	1.140990	13.883086	0.010284	3.5
30	-0.143837	2.140990	13.283151	0.010053	5.6
31	-0.144013	2.514577	13.072116	0.018882	7.6
32	-0.171985	1.657841	13.566397	0.016011	5.4
33	-0.178128	0.798731	14.101063	0.015618	6.5
34	-0.151347	0.000000	14.637394	0.013101	7.1
35	-0.145329	0.000000	14.637394	0.015468	5.6
36	-0.179688	0.000000	14.637394	0.008689	8.8
37	-0.164741	0.000000	14.637394	0.011987	5.2
38	-0.134024	0.999996	13.972061	0.015008	7.4
39	-0.150706	0.140886	14.539848	0.018755	5.7
40	-0.149643	0.000000	14.637394	0.009403	6.9
41	-0.163543	0.000000	14.637394	0.014698	7.7
42	-0.142393	0.000000	14.637394	0.016611	4.2
43	-0.154874	0.997934	13.973370	0.015370	8.9
44	-0.164112	1.776656	13.495628	0.009122	4.8
45	-0.160828	1.373255	13.738961	0.008605	5.7
46	-0.172956	0.584298	14.241152	0.008394	6.5
47	-0.183245	0.000000	14.637394	0.019356	5.7
48	-0.178642	0.966273	13.993511	0.005030	6.3
49	-0.162770	0.540546	14.270078	0.017056	5.2
50	-0.166581	0.000000	14.637394	0.017588	6.6
51	-0.156474	0.000000	14.637394	0.011957	7.6
52	-0.181395	0.999904	13.972119	0.017779	6.4
53	-0.160314	1.999904	13.364633	0.021174	7.7
54	-0.169769	1.140795	13.883209	0.013553	4.9
55	-0.167059	0.281684	14.443653	0.015333	7.2
56	-0.162274	1.281679	13.795426	0.010309	6.5
57	-0.170864	0.460574	14.323255	0.009963	12.1
58	-0.161289	1.388093	13.729855	0.011263	7.4
59	-0.167604	0.584289	14.241158	0.009412	7.5
60	-0.167821	0.000000	14.637394	0.008825	6.4
61	-0.138710	0.000000	14.637394	0.010410	7.1
62	-0.196564	0.995671	13.974808	0.016492	8.3
63	-0.159583	0.852252	14.066526	0.012404	7.5
64	-0.190988	0.156961	14.528801	0.016789	5.8
65	-0.171154	0.000000	14.637394	0.007324	7.2
66	-0.166861	0.000000	14.637394	0.006831	6.5
67	-0.188121	0.000000	14.637394	0.008630	6.6
68	-0.177643	0.854513	14.065071	0.012926	8.1
69	-0.181444	0.009213	14.630975	0.007922	5.0
70	-0.157748	0.966669	13.993258	0.011838	7.1
71	-0.168950	0.814576	14.090820	0.013656	5.8
72	-0.175230	0.000000	14.637394	0.010929	5.2
73	-0.204286	0.000000	14.637394	0.015330	9.4
74	-0.179229	0.000000	14.637394	0.013020	5.3
75	-0.171560	0.000000	14.637394	0.011686	6.6
76	-0.200927	0.000000	14.637394	0.017151	5.4
77	-0.162063	0.000000	14.637394	0.010046	5.5
78	-0.163222	0.999903	13.972119	0.009219	6.3
79	-0.180082	1.999715	13.364742	0.018228	5.7
80	-0.171788	2.999644	12.807909	0.014352	5.9
81	-0.146428	2.140534	13.283413	0.011640	6.4
82	-0.178725	1.281425	13.795584	0.012324	5.0
83	-0.156948	2.280773	13.203396	0.008972	7.3
84	-0.167784	3.280568	12.659723	0.010425	5.4
85	-0.166431	2.431238	13.118610	0.009435	6.1
86	-0.174317	3.430048	12.582262	0.018060	5.7
87	-0.203590	3.791218	12.398958	0.019606	5.1
88	-0.192264	4.791218	11.918215	0.008913	5.5
89	-0.158253	3.932335	12.328780	0.015965	5.4
90	-0.173293	3.074548	12.768060	0.014567	5.0
91	-0.161951	4.074548	12.258856	0.006573	5.8
92	-0.143358	5.073983	11.788965	0.015887	5.9
93	-0.193376	6.073927	11.353553	0.009224	6.0
94	-0.175755	7.006181	10.975622	0.012448	5.8
95	-0.160450	6.159326	11.317853	0.013036	4.8
96	-0.148811	5.300216	11.687557	0.015762	5.4
97	-0.199094	4.441305	12.082134	0.011121	6.4
98	-0.176327	3.582261	12.504353	0.010089	5.7
99	-0.166693	2.723180	12.957170	0.008488	5.8
100	-0.192154	3.722207	12.433569	0.012550	4.9
101	-0.158420	3.720365	12.434496	0.011559	5.4
102	-0.176211	2.868284	12.878398	0.016763	5.0
103	-0.168324	2.009174	13.359248	0.012536	4.7
104	-0.184341	1.150094	13.877380	0.007467	5.3
105	-0.182382	0.295189	14.434494	0.010493	4.3
106	-0.168594	1.286854	13.792224	0.016545	5.6
107	-0.153908	0.469605	14.317230	0.019271	6.8
108	-0.204379	0.000000	14.637394	0.006671	6.4
109	-0.181391	0.993572	13.976141	0.005265	6.2
110	-0.173280	1.789946	13.487758	0.017730	6.9
111	-0.166889	2.789826	12.920871	0.010207	6.1
112	-0.174878	1.930716	13.404958	0.009300	6.0
113	-0.173685	1.071616	13.926722	0.007550	6.3
114	-0.159438	0.217078	14.487634	0.011474	5.7
115	-0.181233	1.202754	13.844466	0.014264	6.1
116	-0.178194	0.343643	14.401725	0.012962	7.8
117	-0.144503	0.000000	14.637394	0.013977	5.7
118	-0.153701	0.999563	13.972335	0.012267	7.5
119	-0.197457	1.994438	13.367810	0.010442	5.7
120	-0.160973	1.163342	13.869085	0.015278	6.6
121	-0.171665	2.163180	13.270426	0.014231	6.0
122	-0.189681	3.163180	12.721226	0.013223	4.5
123	-0.170790	2.306971	13.188555	0.008493	7.7
124	-0.181989	1.453138	13.690081	0.013169	8.4
125	-0.185113	0.670420	14.184555	0.012022	5.9
126	-0.184935	1.669631	13.559341	0.014969	5.7
127	-0.176961	0.810521	14.093440	0.021152	7.6
128	-0.167489	1.810521	13.475592	0.013651	6.3
129	-0.168956	2.810521	12.909641	0.012934	5.0
130	-0.186494	3.810520	12.389312	0.025649	6.2
131	-0.183440	4.810471	11.909324	0.011568	7.6
132	-0.152901	5.810364	11.465166	0.020012	5.8
133	-0.207114	4.951263	11.844713	0.011085	7.6
134	-0.178523	4.712651	11.954632	0.008666	4.8
135	-0.165739	3.856634	12.366327	0.004923	7.0
136	-0.199712	4.834530	11.898234	0.012876	5.9
137	-0.170958	5.820392	11.460879	0.007681	6.7
138	-0.154437	6.802467	11.056043	0.016958	7.6
139	-0.182702	5.949395	11.406018	0.010802	5.3
140	-0.161495	6.949395	10.997922	0.013846	6.2
141	-0.169281	6.090521	11.346599	0.011023	4.2
142	-0.187078	5.231420	11.718210	0.015772	5.6
143	-0.168093	4.373061	12.114631	0.008355	6.8
144	-0.141626	3.514035	12.539155	0.012671	6.4
145	-0.184591	2.660400	12.991550	0.014507	6.8
146	-0.177031	3.660400	12.464732	0.012183	6.4
147	-0.166952	4.660147	11.979093	0.011654	7.2
148	-0.214783	3.802129	12.393504	0.009430	5.9
149	-0.172738	2.952259	12.833248	0.013781	5.6
150	-0.180139	3.937866	12.326045	0.009058	6.7
151	-0.172560	3.078879	12.765763	0.011410	6.2
152	-0.177280	2.267117	13.211146	0.013878	6.0
153	-0.164176	1.649819	13.571202	0.010288	6.1
154	-0.192135	2.649680	12.997439	0.008363	5.4
155	-0.160350	2.638797	13.003423	0.016230	5.9
156	-0.150783	2.156264	13.274389	0.014210	5.7
157	-0.193455	1.297154	13.785852	0.012327	6.9
158	-0.178218	0.438056	14.338300	0.014350	7.0
159	-0.181308	0.000000	14.637394	0.012421	4.8
160	-0.199519	0.000000	14.637394	0.013550	6.2
161	-0.175305	0.688127	14.172975	0.010289	6.0
162	-0.172694	0.000000	14.637394	0.017474	4.2
163	-0.193410	0.999990	13.972064	0.014297	6.2
164	-0.168618	1.999990	13.364583	0.014768	5.7
165	-0.171644	1.140882	13.883154	0.006591	5.3
166	-0.175927	1.505325	13.658335	0.007317	6.7
167	-0.172318	1.338274	13.760476	0.011774	5.2
168	-0.188523	2.326810	13.177339	0.011833	5.7
169	-0.161521	3.326810	12.635659	0.019694	7.1
170	-0.173812	2.467699	13.098228	0.010961	5.1
171	-0.161133	3.467699	12.562900	0.008156	6.3
172	-0.160892	4.460974	12.072801	0.014342	6.4
173	-0.177145	3.604858	12.492869	0.007235	6.1
174	-0.180710	2.984192	12.816161	0.011659	5.5
175	-0.171909	3.102612	12.753194	0.011310	5.8
176	-0.185564	2.243501	13.224568	0.002696	6.6
177	-0.174119	3.102415	12.753298	0.008097	6.1
178	-0.180561	3.522839	12.534653	0.012511	3.2
179	-0.165262	4.151096	12.221546	0.016074	3.5
180	-0.171868	5.150759	11.754354	0.017610	4.4
181	-0.144659	6.150759	11.321425	0.013874	3.6
182	-0.136556	7.117869	10.932026	0.017875	3.5
183	-0.165874	6.348843	11.239425	0.017729	3.4
184	-0.194272	5.489733	11.603940	0.009577	3.2
185	-0.173773	4.641141	11.987972	0.012794	3.2
186	-0.157813	3.789106	12.400015	0.004711	3.5
187	-0.177540	3.020586	12.796743	0.013035	5.7
188	-0.173671	3.372616	12.611911	0.009951	7.0
189	-0.171481	2.578390	13.036737	0.013985	5.7
190	-0.188891	1.934670	13.402646	0.011577	5.8
191	-0.167756	1.427935	13.705464	0.018469	6.4
192	-0.165084	2.427634	13.120628	0.008815	5.8
193	-0.163558	1.568675	13.619996	0.011168	5.2
194	-0.166366	0.709907	14.158756	0.007373	6.7
195	-0.151442	1.709860	13.535322	0.012078	5.2
196	-0.180216	2.205572	13.246184	0.009752	6.4
197	-0.178976	1.347307	13.754913	0.006209	4.5
198	-0.161213	1.114936	13.899442	0.008136	6.6
199	-0.161218	1.907525	13.418528	0.007862	6.8
200	-0.152627	2.906715	12.857696	0.004757	5.4
201	-0.159737	3.858728	12.365285	0.013561	4.9
202	-0.152042	4.856612	11.888072	0.013778	5.1
203	-0.171818	5.856605	11.445426	0.016679	5.8
204	-0.194067	6.855679	11.034923	0.023818	5.4
205	-0.143523	7.855679	10.652505	0.014758	6.0
206	-0.196126	7.498890	10.785868	0.011514	5.4
207	-0.171327	6.641775	11.120316	0.011853	4.0
208	-0.184173	7.641772	10.732062	0.010159	5.0
209	-0.146363	8.505424	10.417924	0.011563	6.1
210	-0.145200	9.500911	10.077905	0.016677	4.1
211	-0.174973	8.641801	10.369993	0.021100	5.0
212	-0.186936	8.208240	10.523923	0.012827	4.4
213	-0.182541	9.208240	10.175544	0.015755	7.8
214	-0.165682	8.349454	10.473288	0.011769	5.6
215	-0.168905	9.322590	10.137171	0.005793	6.5
216	-0.157778	10.321855	9.813763	0.010984	8.2
217	-0.190067	10.430660	9.779790	0.018039	6.4
218	-0.160440	11.430646	9.478234	0.008310	5.6
219	-0.199704	10.571676	9.736109	0.011399	3.7
220	-0.186669	9.716038	10.007322	0.017519	4.4
221	-0.153139	8.858940	10.294581	0.009648	4.3
222	-0.179372	9.858940	9.960980	0.008851	5.3
223	-0.168475	9.000453	10.246021	0.012555	4.4
224	-0.169421	8.166429	10.539009	0.014641	4.6
225	-0.201391	7.307376	10.858840	0.017392	5.5
226	-0.149376	7.454818	10.802574	0.011668	3.1
227	-0.154086	6.595707	11.138880	0.008826	3.9
228	-0.180886	5.809716	11.465443	0.009577	5.6
229	-0.149150	6.809468	11.053260	0.011397	4.0
230	-0.174721	5.975228	11.395095	0.008876	4.4
231	-0.192432	5.116119	11.769945	0.018094	3.6
232	-0.140416	6.112330	11.337472	0.006450	5.2
233	-0.183777	6.869683	11.029378	0.015559	3.8
234	-0.167406	6.010618	11.380164	0.011218	3.7
235	-0.159750	5.151508	11.754017	0.014864	5.4
236	-0.159947	4.292719	12.153113	0.016584	4.8
237	-0.178021	5.292719	11.690889	0.009834	4.0
238	-0.148839	6.292719	11.262537	0.008668	4.7
239	-0.199632	6.092052	11.345958	0.011480	5.2
240	-0.173253	5.630998	11.542387	0.019476	4.3
241	-0.195264	6.630998	11.124653	0.016431	4.6
242	-0.173278	5.771887	11.481644	0.015818	5.0
243	-0.150264	4.913521	11.861965	0.014934	4.4
244	-0.163912	5.909427	11.422959	0.013370	3.9
245	-0.180984	5.050316	11.799675	0.011810	6.1
246	-0.164856	5.853147	11.446899	0.011446	4.1
247	-0.184149	6.853039	11.035969	0.013901	4.1
248	-0.207862	5.993928	11.387200	0.010832	3.9
249	-0.177181	5.274812	11.698857	0.013220	5.7
250	-0.162312	4.444785	12.080482	0.005147	3.6
251	-0.170053	3.939323	12.325325	0.012166	3.7
252	-0.167941	3.080549	12.764878	0.008380	6.0
253	-0.150105	4.004451	12.293222	0.015932	4.5
254	-0.144249	5.004448	11.820488	0.016735	3.2
255	-0.181096	6.004444	11.382766	0.019435	4.9
256	-0.187184	5.145334	11.756793	0.011959	5.9
257	-0.186079	4.875161	11.879550	0.012722	5.4
258	-0.177673	5.875093	11.437552	0.013542	4.7
259	-0.166278	5.016045	11.815219	0.008992	5.6
260	-0.187051	4.156938	12.218708	0.015955	4.2
261	-0.187497	4.781717	11.922607	0.005561	5.0
262	-0.190979	4.103929	12.244508	0.011579	4.7
263	-0.201756	3.260646	12.670119	0.012135	4.1
264	-0.145958	4.228996	12.183809	0.009323	5.9
265	-0.185588	4.392762	12.105232	0.018468	4.5
266	-0.173244	4.987399	11.828243	0.012399	4.6
267	-0.161104	4.128288	12.232639	0.009359	3.7
268	-0.167782	3.279179	12.660448	0.012195	4.8
269	-0.178341	2.422668	13.123410	0.015031	4.3
270	-0.169959	1.563561	13.623083	0.009974	5.1
271	-0.185698	0.705039	14.161931	0.010995	4.7
272	-0.171277	0.000000	14.637394	0.016069	5.9
273	-0.167739	0.000000	14.637394	0.009359	5.6
274	-0.203203	0.000000	14.637394	0.012681	4.9
275	-0.161975	0.000000	14.637394	0.011850	5.3
276	-0.207231	0.000000	14.637394	0.010547	3.7
277	-0.159930	0.000000	14.637394	0.012712	5.7
278	-0.199975	0.000000	14.637394	0.007076	6.1
279	-0.200117	0.000000	14.637394	0.014112	5.8
280	-0.193212	0.160891	14.526102	0.013507	6.4
281	-0.147243	0.450168	14.330204	0.014334	5.5
282	-0.164652	1.450168	13.691892	0.007622	7.5
283	-0.165655	2.449049	13.108646	0.012505	6.8
284	-0.170458	3.232411	12.684882	0.022527	8.5
285	-0.180418	2.373300	13.151128	0.013998	7.1
286	-0.164044	1.514190	13.652957	0.011844	6.3
287	-0.174185	2.489069	13.086312	0.013449	5.9
288	-0.183393	3.489069	12.551938	0.013983	6.3
289	-0.192896	2.630375	13.008057	0.019043	6.3
290	-0.173416	3.629702	12.480268	0.015560	5.0
291	-0.186686	4.627890	11.994170	0.005160	7.1
292	-0.163956	3.796296	12.396419	0.004764	6.1
293	-0.178354	4.175396	12.209749	0.007944	5.7
294	-0.189414	3.878559	12.355429	0.006596	7.0
295	-0.162171	4.261047	12.168350	0.012054	6.3
296	-0.199336	5.247878	11.710862	0.013714	5.6
297	-0.171086	6.247877	11.281072	0.015112	6.5
298	-0.185594	7.247634	10.881806	0.009814	5.8
299	-0.158010	6.403057	11.217189	0.011297	6.8
300	-0.192265	7.239676	10.884872	0.020979	5.5
301	-0.151176	7.732805	10.698060	0.017620	5.2
302	-0.148195	6.873695	11.027791	0.013051	7.0
303	-0.173760	6.014585	11.378493	0.016770	5.1
304	-0.168438	7.014095	10.972522	0.015632	6.2
305	-0.203111	6.154989	11.319661	0.013547	6.2
306	-0.180443	7.144306	10.921757	0.012740	5.9
307	-0.178706	6.285321	11.265591	0.012833	6.8
308	-0.180812	5.427053	11.631462	0.014749	4.2
309	-0.171348	4.567943	12.022292	0.015930	6.0
310	-0.166907	5.566194	11.570542	0.010730	6.2
311	-0.156407	6.566194	11.150805	0.008904	4.6
312	-0.185105	7.026702	10.967586	0.020919	6.2
313	-0.166651	6.588097	11.141953	0.009142	6.2
314	-0.181106	5.728990	11.500070	0.012135	5.5
315	-0.180612	6.723878	11.087384	0.013415	6.2
316	-0.159828	5.864770	11.441947	0.011233	5.0
317	-0.171622	6.811604	11.052411	0.009133	5.6
318	-0.184874	5.953331	11.404352	0.011430	8.3
319	-0.158399	6.953247	10.996407	0.012204	4.7
320	-0.182481	6.094137	11.345085	0.010133	7.5
321	-0.176236	5.235157	11.716540	0.013841	7.2
322	-0.152415	4.435338	12.084969	0.022133	6.3
323	-0.165370	5.422230	11.633586	0.014854	5.8
324	-0.196849	4.565277	12.023545	0.014934	5.1
325	-0.161652	5.565277	11.570942	0.011078	7.6
326	-0.167412	4.707000	11.957260	0.010856	7.8
327	-0.164395	4.378944	12.111823	0.010824	6.1
328	-0.190309	5.378201	11.653004	0.016331	5.5
329	-0.170348	4.521008	12.044402	0.020519	9.0
330	-0.156583	5.521008	11.590256	0.007972	5.7
331	-0.169280	4.661921	11.978264	0.015818	6.5
332	-0.191341	5.603593	11.554277	0.013808	6.1
333	-0.152409	4.833693	11.898619	0.012771	5.7
334	-0.170161	3.990669	12.300002	0.015745	5.7
335	-0.188632	3.131559	12.737895	0.019286	5.0
336	-0.177901	2.272448	13.208119	0.017815	4.3
337	-0.191438	3.272448	12.663958	0.011396	5.5
338	-0.184528	2.413353	13.128631	0.017404	4.9
339	-0.172637	1.554243	13.628711	0.009859	5.5
340	-0.165049	0.695133	14.168398	0.007909	5.2
341	-0.177749	0.000000	14.637394	0.011179	5.0
342	-0.150681	0.955556	14.000341	0.007577	5.0
343	-0.192655	1.955336	13.390581	0.017381	6.5
344	-0.156854	2.955309	12.831614	0.013527	5.6
345	-0.176141	3.955276	12.317446	0.009031	4.2
346	-0.183848	4.955266	11.842887	0.017687	5.3
347	-0.168377	4.099748	12.246548	0.006697	5.1
348	-0.169371	5.099747	11.777327	0.017211	4.3
349	-0.163318	6.098504	11.343256	0.013621	5.7
350	-0.189748	5.483753	11.606560	0.013881	4.7
351	-0.198907	4.689951	11.965195	0.007567	5.8
352	-0.190013	5.689902	11.516913	0.014364	4.5
353	-0.173880	5.158924	11.750685	0.008966	4.0
354	-0.182515	5.593492	11.558665	0.009415	3.8
355	-0.195464	6.592959	11.139989	0.013252	4.9
356	-0.193579	6.353322	11.237585	0.012492	5.2
357	-0.177763	5.597975	11.556717	0.018696	7.5
358	-0.194863	4.738866	11.942456	0.014541	7.5
359	-0.184509	5.738866	11.495823	0.012555	4.8
360	-0.183287	6.738865	11.081393	0.007673	9.3
361	-0.162069	7.738666	10.695878	0.019401	7.1
362	-0.183946	6.882490	11.024312	0.009377	6.8
363	-0.161190	6.646972	11.118225	0.005145	5.9
364	-0.181872	6.028819	11.372501	0.017993	6.8
365	-0.188668	7.003275	10.976761	0.009349	6.9
366	-0.173687	6.144237	11.324145	0.008785	4.8
367	-0.165326	5.441553	11.625084	0.016035	7.5
368	-0.177466	6.438790	11.202581	0.013190	5.8
369	-0.158761	5.587008	11.561484	0.008587	5.9
370	-0.165785	6.586048	11.142780	0.012948	6.2
371	-0.165316	5.758623	11.487335	0.014031	4.9
372	-0.162139	4.935641	11.851848	0.009501	6.6
373	-0.193551	4.084268	12.254106	0.014335	6.6
374	-0.169735	5.084267	11.784317	0.009727	4.8
375	-0.185378	4.984782	11.829434	0.015496	6.7
376	-0.181630	4.125685	12.233906	0.020198	5.3
377	-0.196286	5.125685	11.765635	0.010431	7.2
378	-0.163753	6.121119	11.333797	0.006202	7.1
379	-0.171291	7.029664	10.966427	0.006591	6.1
380	-0.175259	7.654665	10.727233	0.011457	5.7
381	-0.189637	8.621041	10.377261	0.012348	5.8
382	-0.185293	9.087131	10.216503	0.006103	6.4
383	-0.174618	9.208620	10.175416	0.011389	9.4
384	-0.159796	8.450918	10.437205	0.009951	8.0
385	-0.193100	8.533780	10.407922	0.019434	7.1
386	-0.193960	7.870669	10.646974	0.019070	6.7
387	-0.184392	7.011558	10.973515	0.009514	6.0
388	-0.143297	8.010590	10.595623	0.008727	5.6
389	-0.136225	7.160331	10.915542	0.015179	7.1
390	-0.164729	8.160324	10.541216	0.012099	7.3
391	-0.142304	9.160324	10.191710	0.024751	5.5
392	-0.191527	10.160324	9.864637	0.010439	7.1
393	-0.170710	11.160324	9.557903	0.007756	4.7
394	-0.216764	12.118389	9.281408	0.012060	5.5
395	-0.202325	13.114788	9.010323	0.012392	5.2
396	-0.165533	12.263120	9.241024	0.014022	4.5
397	-0.177104	11.404048	9.486014	0.014395	4.4
398	-0.159919	12.404046	9.202037	0.007163	4.9
399	-0.171892	12.097937	9.287143	0.012550	5.4
400	-0.149220	11.407916	9.484882	0.011366	5.0
401	-0.157882	12.407883	9.200980	0.020670	5.0
402	-0.177526	11.548772	9.443836	0.011370	5.0
403	-0.193682	10.690525	9.699595	0.013937	5.1
404	-0.189905	9.862101	9.959959	0.011020	4.9
405	-0.202094	9.010810	10.242485	0.014156	5.1
406	-0.167232	8.151805	10.544296	0.005746	4.6
407	-0.198198	7.292883	10.864402	0.006815	6.6
408	-0.173450	6.593477	11.139780	0.009995	4.5
409	-0.162745	6.979226	10.986196	0.010424	5.2
410	-0.182332	7.801514	10.672539	0.013835	4.9
411	-0.187897	7.025123	10.968204	0.010701	5.2
412	-0.162618	6.166012	11.315068	0.006127	4.3
413	-0.160287	5.351073	11.665000	0.011871	5.1
414	-0.227887	5.197800	11.733247	0.017730	5.5
415	-0.163442	4.338690	12.131064	0.013369	5.4
416	-0.190426	3.595673	12.497534	0.011586	5.3
417	-0.183677	4.593760	12.010165	0.024260	4.0
418	-0.181930	3.734650	12.427315	0.012947	4.6
419	-0.180497	3.439789	12.577247	0.010264	4.7
420	-0.161344	4.043604	12.274003	0.012234	4.0
421	-0.167977	4.771421	11.927370	0.016048	4.0
422	-0.147970	3.926112	12.331858	0.006232	4.4
423	-0.149244	3.134684	12.736246	0.012690	4.6
424	-0.166207	4.134277	12.229724	0.016665	4.4
425	-0.188861	3.275167	12.662540	0.008907	5.3
426	-0.179522	4.275167	12.161553	0.015444	5.4
427	-0.149103	3.416873	12.589051	0.011149	4.1
428	-0.157262	4.416873	12.093749	0.014494	5.5
429	-0.160516	5.416871	11.635946	0.023020	5.4
430	-0.157339	6.416871	11.211537	0.015167	3.5
431	-0.172865	5.557760	11.574217	0.008904	4.5
432	-0.190285	4.699023	11.960971	0.009716	4.9
433	-0.197338	5.698964	11.513004	0.014087	3.6
434	-0.181445	4.839854	11.895782	0.014455	3.2
435	-0.156095	3.984877	12.302853	0.013213	4.8
436	-0.171709	3.396526	12.599551	0.017783	4.1
437	-0.167566	4.396516	12.103443	0.010450	4.8
438	-0.182059	5.396516	11.644918	0.016501	4.2
439	-0.163303	6.396514	11.219868	0.010863	4.2
440	-0.183194	7.396514	10.824754	0.010841	4.2
441	-0.200071	8.395058	10.457039	0.005136	3.9
442	-0.181650	8.453246	10.436380	0.010431	4.4
443	-0.166260	9.332119	10.133986	0.008436	4.9
444	-0.186115	9.712502	10.008474	0.016582	4.3
445	-0.182865	10.712104	9.692995	0.017289	2.9
446	-0.175900	11.616752	9.424153	0.004881	4.9
447	-0.168581	10.758413	9.678861	0.012315	4.1
448	-0.180386	9.923712	9.940116	0.014131	3.9
449	-0.179017	9.064601	10.224159	0.013222	4.5
450	-0.168819	8.205516	10.524905	0.018642	5.1
451	-0.208070	9.205514	10.176462	0.014818	4.5
452	-0.173612	8.346404	10.474376	0.012176	4.6
453	-0.168589	9.110951	10.208421	0.014812	4.7
454	-0.182140	10.110862	9.880320	0.010730	3.9
455	-0.170292	11.110571	9.572713	0.016004	3.6
456	-0.199333	10.289742	9.823835	0.015916	9.5
457	-0.186440	9.432005	10.100724	0.010781	3.2
458	-0.191801	10.431965	9.779384	0.011388	3.4
459	-0.181334	9.573539	10.053964	0.005026	4.7
460	-0.187413	9.098002	10.212813	0.012962	4.8
461	-0.198742	10.097671	9.884511	0.013084	3.8
462	-0.172716	10.890168	9.638873	0.009777	4.0
463	-0.191781	11.889138	9.346103	0.011999	5.5
464	-0.195215	12.889137	9.070319	0.018742	4.4
465	-0.181244	13.883125	8.811862	0.006045	4.4
466	-0.156853	13.024015	9.034362	0.006292	6.3
467	-0.182400	12.231910	9.249702	0.014951	6.4
468	-0.183494	11.383660	9.491987	0.017555	5.6
469	-0.154907	10.524549	9.750663	0.009218	6.1
470	-0.188011	11.149269	9.561190	0.011916	6.5
471	-0.177609	11.874406	9.350291	0.014490	7.2
472	-0.181844	12.730947	9.112856	0.020659	6.8
473	-0.174094	13.730947	8.850472	0.008007	6.8
474	-0.175770	13.290033	8.964275	0.008951	5.6
475	-0.176103	14.243022	8.721876	0.023918	7.5
476	-0.176831	15.243022	8.481226	0.013686	5.4
477	-0.179560	14.386260	8.686571	0.005175	5.5
478	-0.157676	15.383838	8.448401	0.011533	6.6
479	-0.161585	14.530318	8.651352	0.016680	5.1
480	-0.155862	15.530315	8.414525	0.013355	5.5
481	-0.169585	16.524268	8.191639	0.016246	7.4
482	-0.152604	17.122967	8.062994	0.006285	5.2
483	-0.157499	18.091977	7.863129	0.011169	7.1
484	-0.167388	18.906072	7.702719	0.007358	4.1
485	-0.164721	18.054119	7.870752	0.014810	4.9
486	-0.155654	17.793356	7.923658	0.016016	4.8
487	-0.198971	18.793356	7.724537	0.011436	4.8
488	-0.174875	19.793356	7.535180	0.005461	4.1
489	-0.173281	18.939110	7.696348	0.007526	3.8
490	-0.162288	18.108280	7.859851	0.008654	4.9
491	-0.192966	17.297150	8.026322	0.013815	4.4
492	-0.149771	18.168083	7.847851	0.014737	5.0
493	-0.170454	17.308973	8.023845	0.008523	4.8
494	-0.185437	18.308657	7.819786	0.007403	4.2
495	-0.179772	18.593788	7.763472	0.007280	5.4
496	-0.153821	17.768679	7.928701	0.013516	4.4
497	-0.151090	16.937711	8.102367	0.014704	4.2
498	-0.200163	16.081579	8.289433	0.011906	4.1
499	-0.212723	15.417493	8.440594	0.004699	5.0
Time spent in resolution 0 (ITK initialization and iterating): 3.717 s.
Stopping condition: Maximum number of iterations has been reached.
Settings of AdaptiveStochasticGradientDescent in resolution 0:
( SP_a 307.385271 )
( SP_A 20.000000 )
( SP_alpha 1.000000 )
( SigmoidMax 1.000000 )
( SigmoidMin -0.859110 )
( SigmoidScale 0.000006 )



=============== start of TransformParameterFile ===============
(Transform "EulerTransform")
(NumberOfParameters 6)
(TransformParameters 0.008105 -0.001771 0.004148 0.084933 0.503517 -28.248793)
(InitialTransformParametersFileName "NoInitialTransform")
(UseBinaryFormatForTransformationParameters "false")
(HowToCombineTransforms "Compose")

// Image specific
(FixedImageDimension 3)
(MovingImageDimension 3)
(FixedInternalImagePixelType "float")
(MovingInternalImagePixelType "float")
(Size 256 256 38)
(Index 0 0 0)
(Spacing 0.7031250000 0.7031250000 3.0000000000)
(Origin -82.0341491699 -93.3302536011 67.2588043213)
(Direction 1.0000000000 0.0000000000 0.0000000000 0.0000000000 1.0000000000 0.0000000000 0.0000000000 0.0000000000 1.0000000000)
(UseDirectionCosines "false")

// EulerTransform specific
(CenterOfRotationPoint 7.6142883301 -3.6818161011 122.7588043213)
(ComputeZYX "false")

// ResampleInterpolator specific
(ResampleInterpolator "FinalBSplineInterpolator")
(FinalBSplineInterpolationOrder 3)

// Resampler specific
(Resampler "DefaultResampler")
(DefaultPixelValue 0.000000)
(ResultImageFormat "nii.gz")
(ResultImagePixelType "short")
(CompressResultImage "false")

=============== end of TransformParameterFile ===============

Creating the TransformParameterFile took 0.00s

Registration result checksum: 1904015274

Applying final transform ...
  Applying final transform took 1.15s

Final metric value  = -0.212723
Settings of AdaptiveStochasticGradientDescent for all resolutions:
( SP_a 307.385271 )
( SP_A 20.000000 )
( SP_alpha 1.000000 )
( SigmoidMax 1.000000 )
( SigmoidMin -0.859110 )
( SigmoidScale 0.000006 )

Time spent on saving the results, applying the final transform etc.: 1149 ms.
Running elastix with parameter file 0: "/Users/sakinkirti/Programming/Python/CCIPD/racial-disparity-pca/code_matlab/rigid.txt", has finished.


Current time: Mon May 23 17:52:26 2022.
Time used for running elastix with this parameter file:
  5.0s.

-------------------------------------------------------------------------

Total time elapsed: 5.1s.

