
elastix is started at Mon May 23 13:34:13 2022.

which elastix:   /Users/sakinkirti/Programming/Python/CCIPD/racial-disparity-pca/code_matlab/elastix-5.0.0-mac/bin/elastix
elastix runs at: Sakins-MBP.hsd1.ca.comcast.net
  macOS 12.3.1 (x64), 21E258
  with 8192 MB memory, and 2 cores @ 2300 MHz.
-------------------------------------------------------------------------

Running elastix with parameter file 0: "/Users/sakinkirti/Programming/Python/CCIPD/racial-disparity-pca/code_matlab/rigid.txt".

Current time: Mon May 23 13:34:13 2022.
Reading the elastix parameters from file ...

Installing all components.
InstallingComponents was successful.

ELASTIX version: 5.000
Command line options from ElastixBase:
-f        /Users/sakinkirti/Programming/Python/CCIPD/racial-disparity-pca/dataset/to_nifti_cleaned/prostate-001013/T2W.nii.gz
-m        /Users/sakinkirti/Programming/Python/CCIPD/racial-disparity-pca/dataset/to_nifti_cleaned/prostate-001013/ADC.nii.gz
-fMask    unspecified, so no fixed mask used
-mMask    unspecified, so no moving mask used
-out      /Users/sakinkirti/Programming/Python/CCIPD/racial-disparity-pca/dataset/to_nifti_cleaned/prostate-001013/
-p        /Users/sakinkirti/Programming/Python/CCIPD/racial-disparity-pca/code_matlab/rigid.txt
-threads  unspecified, so all available threads are used
Command line options from TransformBase:
-t0       unspecified, so no initial transform used

=============== start of ParameterFile: /Users/sakinkirti/Programming/Python/CCIPD/racial-disparity-pca/code_matlab/rigid.txt ===============
// Example parameter file for rotation registration
// C-style comments: //

// The internal pixel type, used for internal computations
// Leave to float in general. 
// NB: this is not the type of the input images! The pixel 
// type of the input images is automatically read from the 
// images themselves.
// This setting can be changed to "short" to save some memory
// in case of very large 3D images.
(FixedInternalImagePixelType "float")
(MovingInternalImagePixelType "float")

// The dimensions of the fixed and moving image
// Up to elastix 4.5 this had to be specified by the user.
// From elastix 4.6, this is not necessary anymore.
//(FixedImageDimension 3)
//(MovingImageDimension 3)

// Specify whether you want to take into account the so-called
// direction cosines of the images. Recommended: true.
// In some cases, the direction cosines of the image are corrupt,
// due to image format conversions for example. In that case, you 
// may want to set this option to "false".
(UseDirectionCosines "false")

// **************** Main Components **************************

// The following components should usually be left as they are:
(Registration "MultiResolutionRegistration")
(Interpolator "BSplineInterpolator")
(ResampleInterpolator "FinalBSplineInterpolator")
(Resampler "DefaultResampler")

// These may be changed to Fixed/MovingSmoothingImagePyramid.
// See the manual.
(FixedImagePyramid "FixedRecursiveImagePyramid")
(MovingImagePyramid "MovingRecursiveImagePyramid")

// The following components are most important:
// The optimizer AdaptiveStochasticGradientDescent (ASGD) works
// quite ok in general. The Transform and Metric are important
// and need to be chosen careful for each application. See manual.
(Optimizer "AdaptiveStochasticGradientDescent")
(Transform "EulerTransform")
(Metric "AdvancedMattesMutualInformation")

// ***************** Transformation **************************

// Scales the rotations compared to the translations, to make
// sure they are in the same range. In general, it's best to  
// use automatic scales estimation:
(AutomaticScalesEstimation "true")

// Automatically guess an initial translation by aligning the
// geometric centers of the fixed and moving.
(AutomaticTransformInitialization "true")

// Whether transforms are combined by composition or by addition.
// In generally, Compose is the best option in most cases.
// It does not influence the results very much.
(HowToCombineTransforms "Compose")

// ******************* Similarity measure *********************

// Number of grey level bins in each resolution level,
// for the mutual information. 16 or 32 usually works fine.
// You could also employ a hierarchical strategy:
//(NumberOfHistogramBins 16 32 64)
(NumberOfHistogramBins 32)

// If you use a mask, this option is important. 
// If the mask serves as region of interest, set it to false.
// If the mask indicates which pixels are valid, then set it to true.
// If you do not use a mask, the option doesn't matter.
(ErodeMask "false")

// ******************** Multiresolution **********************

// The number of resolutions. 1 Is only enough if the expected
// deformations are small. 3 or 4 mostly works fine. For large
// images and large deformations, 5 or 6 may even be useful.
(NumberOfResolutions 1)

// The downsampling/blurring factors for the image pyramids.
// By default, the images are downsampled by a factor of 2
// compared to the next resolution.
// So, in 2D, with 4 resolutions, the following schedule is used:
//(ImagePyramidSchedule 8 8  4 4  2 2  1 1 )
// And in 3D:
//(ImagePyramidSchedule 8 8 8  4 4 4  2 2 2  1 1 1 )
// You can specify any schedule, for example:
//(ImagePyramidSchedule 4 4  4 3  2 1  1 1 )
// Make sure that the number of elements equals the number
// of resolutions times the image dimension.

// ******************* Optimizer ****************************

// Maximum number of iterations in each resolution level:
// 200-500 works usually fine for rigid registration.
// For more robustness, you may increase this to 1000-2000.
(MaximumNumberOfIterations 500)

// The step size of the optimizer, in mm. By default the voxel size is used.
// which usually works well. In case of unusual high-resolution images
// (eg histology) it is necessary to increase this value a bit, to the size
// of the "smallest visible structure" in the image:
//(MaximumStepLength 1.0)

// **************** Image sampling **********************

// Number of spatial samples used to compute the mutual
// information (and its derivative) in each iteration.
// With an AdaptiveStochasticGradientDescent optimizer,
// in combination with the two options below, around 2000
// samples may already suffice.
(NumberOfSpatialSamples 2000)

// Refresh these spatial samples in every iteration, and select
// them randomly. See the manual for information on other sampling
// strategies.
(NewSamplesEveryIteration "true")
(ImageSampler "Random")

// ************* Interpolation and Resampling ****************

// Order of B-Spline interpolation used during registration/optimisation.
// It may improve accuracy if you set this to 3. Never use 0.
// An order of 1 gives linear interpolation. This is in most 
// applications a good choice.
(BSplineInterpolationOrder 1)

// Order of B-Spline interpolation used for applying the final
// deformation.
// 3 gives good accuracy; recommended in most cases.
// 1 gives worse accuracy (linear interpolation)
// 0 gives worst accuracy, but is appropriate for binary images
// (masks, segmentations); equivalent to nearest neighbor interpolation.
(FinalBSplineInterpolationOrder 3)

//Default pixel value for pixels that come from outside the picture:
(DefaultPixelValue 0)

// Choose whether to generate the deformed moving image.
// You can save some time by setting this to false, if you are
// only interested in the final (nonrigidly) deformed moving image
// for example.
(WriteResultImage "false")

// The pixel type and format of the resulting deformed moving image
(ResultImagePixelType "short")
(ResultImageFormat "nii.gz")




=============== end of ParameterFile: /Users/sakinkirti/Programming/Python/CCIPD/racial-disparity-pca/code_matlab/rigid.txt ===============


Reading images...
Reading images took 127 ms.

WARNING: the fixed pyramid schedule is not fully specified!
  A default pyramid schedule is used.
WARNING: the moving pyramid schedule is not fully specified!
  A default pyramid schedule is used.
WARNING: The parameter "AutomaticTransformInitializationMethod", requested at entry number 0, does not exist at all.
  The default value "GeometricalCenter" is used instead.
Transform parameters are initialized as: [0, 0, 0, -0.5859375, -0.5859375, -18]
Scales are estimated automatically.
Scales for transform parameters are: [3391.2427368164062, 3391.2427368164062, 5481.9854736328125, 1, 1, 1]
Initialization of all components (before registration) took: 19 ms.
Preparation of the image pyramids took: 17 ms.

Resolution: 0
WARNING: The parameter "ShowExactMetricValue", requested at entry number 0, does not exist at all.
  The default value "false" is used instead.
WARNING: The parameter "CheckNumberOfSamples", requested at entry number 0, does not exist at all.
  The default value "true" is used instead.
WARNING: The parameter "UseMultiThreadingForMetrics", requested at entry number 0, does not exist at all.
  The default value "true" is used instead.
Setting the fixed masks took: 0 ms.
Setting the moving masks took: 0 ms.
WARNING: The parameter "NumberOfFixedHistogramBins", requested at entry number 0, does not exist at all.
  The default value "32" is used instead.
WARNING: The parameter "NumberOfMovingHistogramBins", requested at entry number 0, does not exist at all.
  The default value "32" is used instead.
WARNING: The parameter "FixedLimitRangeRatio", requested at entry number 0, does not exist at all.
  The default value "0.01" is used instead.
WARNING: The parameter "MovingLimitRangeRatio", requested at entry number 0, does not exist at all.
  The default value "0.01" is used instead.
WARNING: The parameter "FixedKernelBSplineOrder", requested at entry number 0, does not exist at all.
  The default value "0" is used instead.
WARNING: The parameter "MovingKernelBSplineOrder", requested at entry number 0, does not exist at all.
  The default value "3" is used instead.
WARNING: The parameter "UseFastAndLowMemoryVersion", requested at entry number 0, does not exist at all.
  The default value "true" is used instead.
WARNING: The parameter "UseJacobianPreconditioning", requested at entry number 0, does not exist at all.
  The default value "false" is used instead.
WARNING: The parameter "FiniteDifferenceDerivative", requested at entry number 0, does not exist at all.
  The default value "false" is used instead.
WARNING: The parameter "SP_A", requested at entry number 0, does not exist at all.
  The default value "20" is used instead.
WARNING: The parameter "MaximumNumberOfSamplingAttempts", requested at entry number 0, does not exist at all.
  The default value "0" is used instead.
WARNING: The parameter "SigmoidInitialTime", requested at entry number 0, does not exist at all.
  The default value "0" is used instead.
WARNING: The parameter "MaxBandCovSize", requested at entry number 0, does not exist at all.
  The default value "192" is used instead.
WARNING: The parameter "NumberOfBandStructureSamples", requested at entry number 0, does not exist at all.
  The default value "10" is used instead.
WARNING: The parameter "UseAdaptiveStepSizes", requested at entry number 0, does not exist at all.
  The default value "true" is used instead.
WARNING: The parameter "AutomaticParameterEstimation", requested at entry number 0, does not exist at all.
  The default value "true" is used instead.
WARNING: The parameter "UseConstantStep", requested at entry number 0, does not exist at all.
  The default value "false" is used instead.
WARNING: The parameter "MaximumStepLengthRatio", requested at entry number 0, does not exist at all.
  The default value "1" is used instead.
WARNING: The parameter "MaximumStepLength", requested at entry number 0, does not exist at all.
  The default value "1.28906" is used instead.
WARNING: The parameter "NumberOfGradientMeasurements", requested at entry number 0, does not exist at all.
  The default value "0" is used instead.
WARNING: The parameter "NumberOfJacobianMeasurements", requested at entry number 0, does not exist at all.
  The default value "1000" is used instead.
WARNING: The parameter "NumberOfSamplesForExactGradient", requested at entry number 0, does not exist at all.
  The default value "100000" is used instead.
WARNING: The parameter "SigmoidScaleFactor", requested at entry number 0, does not exist at all.
  The default value "0.1" is used instead.
Elastix initialization of all components (for this resolution) took: 2 ms.
  Computing the fixed image extrema took 17 ms.
  Computing the moving image extrema took 9 ms.
Initialization of AdvancedMattesMutualInformation metric took: 52 ms.
Starting automatic parameter estimation for AdaptiveStochasticGradientDescent ...
WARNING: The parameter "ASGDParameterEstimationMethod", requested at entry number 0, does not exist at all.
  The default value "Original" is used instead.
  Computing JacobianTerms ...
  Computing the Jacobian terms took 0.003260s
  NumberOfGradientMeasurements to estimate sigma_i: 6
  Sampling gradients ...
  Sampling the gradients took 0.993114s
Automatic parameter estimation took 1.00s
1:ItNr	2:Metric	3a:Time	3b:StepSize	4:||Gradient||	Time[ms]
0	-0.059730	0.000000	7.031209	0.009572	1062.2
1	-0.064230	0.000000	7.031209	0.018178	20.2
2	-0.075655	0.999279	6.711828	0.017000	8.1
3	-0.067188	0.068885	7.008220	0.020092	7.9
4	-0.054432	1.068713	6.690711	0.015366	13.3
5	-0.052523	2.068694	6.400683	0.011574	5.0
6	-0.065391	3.066677	6.135263	0.017232	12.9
7	-0.074101	2.269768	6.345374	0.015337	23.5
8	-0.072087	1.394734	6.593308	0.022515	26.7
9	-0.073296	2.394734	6.311479	0.014144	11.0
10	-0.052448	3.394734	6.052756	0.009460	5.7
11	-0.061695	2.688636	6.233174	0.016906	10.5
12	-0.082861	3.635744	5.993543	0.027609	8.7
13	-0.061165	3.441833	6.041093	0.015980	7.6
14	-0.054277	2.512141	6.279963	0.008630	12.5
15	-0.062194	1.581885	6.538665	0.016069	18.8
16	-0.063348	0.666634	6.814874	0.019913	5.4
17	-0.060859	1.575394	6.540545	0.013417	11.9
18	-0.065317	2.574450	6.263365	0.021726	9.1
19	-0.067395	1.755190	6.488866	0.009186	8.6
20	-0.069949	0.835347	6.762218	0.031516	15.6
21	-0.063946	1.209937	6.648167	0.018241	12.8
22	-0.060632	0.279528	6.938847	0.027432	5.0
23	-0.051879	0.000000	7.031209	0.021785	15.5
24	-0.058805	0.000000	7.031209	0.016916	13.6
25	-0.052203	0.650862	6.819839	0.009802	6.5
26	-0.063858	1.029398	6.702652	0.016090	9.0
27	-0.067491	0.718982	6.798449	0.016050	14.9
28	-0.062518	1.626724	6.525708	0.011861	7.8
29	-0.063428	2.626354	6.249605	0.021371	9.0
30	-0.069221	3.626354	5.995828	0.022823	13.6
31	-0.049311	4.626354	5.761857	0.008427	7.3
32	-0.063472	5.424518	5.587818	0.012697	10.9
33	-0.069621	6.049490	5.458712	0.019383	12.1
34	-0.071413	5.120244	5.652910	0.018467	5.4
35	-0.061800	4.190766	5.861488	0.017653	11.9
36	-0.065141	3.260874	6.086153	0.009363	17.1
37	-0.065756	4.189446	5.861796	0.022415	84.7
38	-0.071428	5.159336	5.644462	0.010433	12.1
39	-0.072251	6.068748	5.454829	0.019930	59.0
40	-0.080495	6.804385	5.310507	0.012088	32.7
41	-0.061872	7.793046	5.128161	0.014065	33.5
42	-0.060132	8.402497	5.021865	0.013597	29.1
43	-0.058597	7.545951	5.172551	0.012509	22.7
44	-0.060490	6.768811	5.317310	0.019039	6.1
45	-0.063589	7.744241	5.136869	0.013857	16.8
46	-0.062689	8.700916	4.971408	0.015964	16.5
47	-0.070204	9.531955	4.836093	0.017476	17.9
48	-0.070772	10.514211	4.685359	0.017885	13.0
49	-0.059623	11.412057	4.555570	0.017299	10.7
50	-0.077007	10.481647	4.690205	0.021718	9.4
51	-0.061992	9.551238	4.833041	0.012387	9.4
52	-0.057508	8.826591	4.950461	0.013428	25.1
53	-0.058773	9.825955	4.789970	0.016830	8.1
54	-0.070637	10.812445	4.641435	0.023743	6.8
55	-0.062302	9.882164	4.781251	0.016583	9.9
56	-0.074339	9.693406	4.810655	0.019840	13.1
57	-0.064882	8.762997	4.961039	0.021646	8.2
58	-0.072239	9.762790	4.799805	0.014572	18.0
59	-0.067951	8.832381	4.949501	0.014701	13.0
60	-0.069172	9.634989	4.819828	0.016701	14.4
61	-0.061121	8.912372	4.936265	0.016088	11.2
62	-0.053670	7.981979	5.094731	0.012492	8.1
63	-0.076043	7.104102	5.253873	0.018260	11.6
64	-0.060598	8.104102	5.073353	0.012919	11.6
65	-0.079952	7.182953	5.239174	0.015696	4.4
66	-0.064920	7.968347	5.097128	0.019593	11.4
67	-0.076656	8.966308	4.927380	0.017176	10.4
68	-0.058867	8.035898	5.085270	0.013648	7.2
69	-0.073247	7.107363	5.253263	0.022213	15.8
70	-0.072913	8.103408	5.073474	0.014964	11.8
71	-0.060112	9.103407	4.904939	0.020832	5.9
72	-0.065425	10.078570	4.751035	0.019431	12.6
73	-0.062095	9.148176	4.897656	0.026306	19.7
74	-0.070944	10.147982	4.740448	0.014215	18.2
75	-0.058416	11.147982	4.592991	0.019680	11.1
76	-0.077201	10.217573	4.729880	0.029733	15.1
77	-0.076539	11.217573	4.583070	0.022755	15.1
78	-0.073774	10.287164	4.719360	0.012508	5.2
79	-0.063436	9.356780	4.864000	0.027284	12.0
80	-0.058547	10.349073	4.710040	0.009471	12.7
81	-0.069489	9.418683	4.854102	0.028343	3.9
82	-0.075422	8.488274	5.007258	0.015263	14.8
83	-0.061593	7.557930	5.170381	0.026793	6.6
84	-0.060913	8.555619	4.995848	0.018706	8.6
85	-0.073306	9.555565	4.832356	0.024220	6.7
86	-0.069052	10.358933	4.708559	0.015291	10.5
87	-0.067113	11.351096	4.564154	0.013918	6.6
88	-0.062274	12.347078	4.427836	0.013395	10.9
89	-0.067692	11.417545	4.554799	0.005329	14.6
90	-0.063576	10.597894	4.672950	0.014608	7.9
91	-0.072955	9.734481	4.804226	0.018945	6.9
92	-0.066245	9.021010	4.918402	0.025734	8.9
93	-0.066168	8.137413	5.067553	0.022317	9.8
94	-0.062562	9.133240	4.900083	0.024943	7.9
95	-0.068216	10.133240	4.742693	0.025822	6.4
96	-0.073349	11.133235	4.595099	0.028155	13.0
97	-0.076355	12.133235	4.456413	0.009590	11.7
98	-0.077140	13.123767	4.327054	0.005327	8.8
99	-0.067291	13.616912	4.265412	0.013542	10.7
100	-0.081575	13.094758	4.330736	0.017347	15.1
101	-0.062328	14.094750	4.207335	0.021402	7.9
102	-0.068451	15.094750	4.090772	0.015939	12.8
103	-0.070437	14.164341	4.199009	0.017478	8.0
104	-0.065793	15.047865	4.096092	0.009821	9.1
105	-0.068279	15.505023	4.044796	0.015594	14.8
106	-0.065437	16.504418	3.937013	0.019595	8.2
107	-0.069266	15.574442	4.037119	0.018643	8.9
108	-0.056733	14.644228	4.142477	0.024661	7.7
109	-0.059826	15.635876	4.030349	0.022990	11.1
110	-0.080088	14.715673	4.134190	0.005353	5.6
111	-0.065394	15.629988	4.030997	0.010660	13.4
112	-0.069191	14.893816	4.113672	0.016248	13.5
113	-0.076659	15.631903	4.030787	0.022888	7.3
114	-0.072201	14.793841	4.125162	0.031374	15.4
115	-0.081889	13.873905	4.233979	0.016494	7.4
116	-0.068373	14.873905	4.115955	0.023762	7.1
117	-0.054575	15.872985	4.004433	0.006790	16.7
118	-0.063636	14.945239	4.107787	0.013633	9.4
119	-0.062000	14.628282	4.144331	0.020070	9.7
120	-0.056547	15.628277	4.031186	0.017549	18.0
121	-0.086674	16.628277	3.924054	0.009851	5.4
122	-0.066827	15.698272	4.023497	0.029708	12.2
123	-0.070336	16.654032	3.921370	0.026273	12.6
124	-0.072569	17.654021	3.819923	0.017282	5.3
125	-0.082701	18.653834	3.723609	0.034107	17.7
126	-0.063263	19.523445	3.643703	0.012781	12.1
127	-0.068457	20.523445	3.555952	0.011626	10.9
128	-0.070457	20.803442	3.532135	0.024423	16.8
129	-0.058307	21.800332	3.449865	0.017660	6.8
130	-0.082152	22.800332	3.371102	0.014753	15.5
131	-0.061710	23.800131	3.295869	0.009732	11.1
132	-0.072974	23.422779	3.323866	0.023100	9.4
133	-0.064737	22.809481	3.370398	0.013534	11.7
134	-0.081160	23.778154	3.297487	0.012890	10.8
135	-0.091066	22.852532	3.367089	0.017551	3.9
136	-0.079492	21.966590	3.436516	0.010694	12.3
137	-0.071242	22.966578	3.358355	0.013043	9.5
138	-0.068146	22.037642	3.430843	0.020136	8.1
139	-0.070959	22.826764	3.369069	0.018629	13.7
140	-0.084742	23.825409	3.294011	0.016774	5.8
141	-0.067565	24.581862	3.239345	0.026041	8.3
142	-0.071456	23.651454	3.306844	0.008021	6.1
143	-0.066856	23.490295	3.318822	0.009322	10.4
144	-0.053384	24.409366	3.251650	0.021439	6.6
145	-0.074931	24.927657	3.214956	0.015661	7.3
146	-0.071247	24.252941	3.262890	0.016645	7.9
147	-0.061521	25.252941	3.192346	0.012802	9.6
148	-0.078847	26.251432	3.124887	0.024884	7.9
149	-0.050784	25.321347	3.187631	0.012406	9.5
150	-0.069522	24.390938	3.252971	0.020650	6.2
151	-0.056552	24.633810	3.235658	0.019210	9.7
152	-0.067896	25.632725	3.166347	0.013345	6.0
153	-0.074792	26.401329	3.115005	0.022966	5.9
154	-0.071366	25.472978	3.177231	0.008760	11.2
155	-0.066813	26.291438	3.122243	0.022550	10.2
156	-0.077902	27.291363	3.057594	0.009916	8.5
157	-0.066658	26.360956	3.117661	0.010049	9.5
158	-0.060849	25.580069	3.169926	0.014477	12.8
159	-0.065673	24.677720	3.232547	0.020729	10.4
160	-0.066271	25.677663	3.163299	0.018847	12.9
161	-0.077556	26.568682	3.104046	0.018066	14.5
162	-0.071269	25.638276	3.165970	0.011600	7.4
163	-0.070186	26.638273	3.099512	0.021108	10.0
164	-0.076757	27.382174	3.051855	0.009477	21.3
165	-0.067237	28.373191	2.990598	0.012443	18.5
166	-0.055410	28.362871	2.991224	0.017262	15.6
167	-0.071294	27.762537	3.028050	0.023129	15.8
168	-0.068134	26.832138	3.086949	0.018407	12.6
169	-0.085173	26.137728	3.132425	0.018674	6.2
170	-0.074003	27.137727	3.067353	0.005724	11.4
171	-0.080538	28.127646	3.005546	0.028006	12.3
172	-0.063163	27.405868	3.050361	0.016467	4.0
173	-0.068825	28.405858	2.988621	0.015858	7.8
174	-0.079837	27.501118	3.044371	0.023454	13.6
175	-0.071940	28.500484	2.982908	0.024320	10.0
176	-0.072418	27.570075	3.040049	0.014894	8.2
177	-0.084978	28.570074	2.978720	0.012558	12.5
178	-0.069760	27.639677	3.035698	0.018365	9.4
179	-0.077733	26.709632	3.094876	0.019233	8.9
180	-0.063255	25.779222	3.156431	0.019897	12.5
181	-0.067994	26.779222	3.090368	0.009048	11.8
182	-0.070348	27.719655	3.030715	0.016908	8.5
183	-0.078830	28.516234	2.981959	0.015134	16.3
184	-0.069455	29.516234	2.922929	0.016749	7.9
185	-0.065966	28.585826	2.977774	0.017836	8.4
186	-0.070738	27.719321	3.030736	0.012951	16.9
187	-0.070371	26.949961	3.079364	0.018698	9.0
188	-0.069733	27.949451	3.016487	0.015275	8.4
189	-0.075087	28.289809	2.995657	0.024167	8.5
190	-0.061644	27.413889	3.049856	0.012671	13.8
191	-0.070444	28.395897	2.989224	0.012428	7.4
192	-0.083649	27.465785	3.046590	0.003082	13.2
193	-0.066400	28.262782	2.997301	0.009032	8.1
194	-0.062556	27.740858	3.029396	0.017083	6.7
195	-0.073918	28.736747	2.968738	0.015273	11.8
196	-0.063762	29.736746	2.910226	0.004284	13.3
197	-0.060833	29.011195	2.952447	0.012533	6.1
198	-0.070346	29.373015	2.931240	0.021220	12.0
199	-0.057020	30.372817	2.874193	0.014970	11.7
200	-0.069590	31.372817	2.819313	0.016640	3.8
201	-0.075661	30.442410	2.870305	0.012854	13.6
202	-0.079984	31.375634	2.819162	0.021633	10.2
203	-0.070105	32.200333	2.775460	0.017729	8.3
204	-0.062568	32.908469	2.739002	0.008388	8.0
205	-0.077055	33.908061	2.689139	0.012801	8.1
206	-0.067365	33.638751	2.702393	0.016782	9.5
207	-0.063872	32.708499	2.749200	0.013169	6.9
208	-0.077586	33.661813	2.701253	0.011151	11.3
209	-0.059134	34.660741	2.652774	0.020733	8.6
210	-0.060071	33.730337	2.697871	0.016827	8.5
211	-0.064952	34.730337	2.649462	0.012906	7.1
212	-0.069739	33.801966	2.694345	0.025917	15.5
213	-0.072973	32.871575	2.740877	0.015745	9.8
214	-0.064083	31.941166	2.789047	0.009679	14.6
215	-0.073058	32.541001	2.757800	0.009536	9.0
216	-0.065708	33.340793	2.717211	0.005123	9.9
217	-0.077746	34.196500	2.675086	0.023375	10.8
218	-0.065305	34.556071	2.657772	0.013089	12.2
219	-0.068498	33.626664	2.702991	0.016723	8.5
220	-0.067824	32.696255	2.749826	0.011212	7.5
221	-0.084261	31.770934	2.798044	0.018607	10.8
222	-0.069337	32.759641	2.746584	0.014088	8.0
223	-0.078832	33.725889	2.698090	0.014627	7.0
224	-0.079932	34.516291	2.659677	0.023578	11.0
225	-0.089149	33.586909	2.704960	0.010756	11.8
226	-0.070769	34.586905	2.656298	0.011462	5.0
227	-0.070405	35.573577	2.609971	0.008452	9.9
228	-0.077405	34.681499	2.651785	0.014314	10.3
229	-0.078458	35.628764	2.607427	0.026541	8.8
230	-0.072534	34.698624	2.650970	0.026320	7.4
231	-0.080559	35.698624	2.604215	0.011782	13.6
232	-0.059679	34.768214	2.647662	0.013876	13.4
233	-0.074253	35.764963	2.601171	0.011534	14.8
234	-0.071444	35.246700	2.625139	0.014854	13.1
235	-0.057906	34.319851	2.669121	0.019927	7.4
236	-0.071505	34.832663	2.644606	0.015963	13.7
237	-0.079582	35.805164	2.599330	0.014565	10.0
238	-0.078650	34.956890	2.638735	0.016688	10.0
239	-0.065860	35.955540	2.592467	0.019573	22.3
240	-0.071218	35.025130	2.635521	0.015929	8.8
241	-0.072881	34.094858	2.680021	0.022335	16.1
242	-0.076925	33.164629	2.726048	0.014916	8.1
243	-0.078824	33.756661	2.696574	0.015514	12.9
244	-0.064187	34.704441	2.650693	0.015906	7.3
245	-0.079924	35.704438	2.603948	0.014817	11.0
246	-0.054225	34.783745	2.646925	0.016872	7.8
247	-0.070091	35.396849	2.618150	0.011601	14.0
248	-0.054807	36.336849	2.575227	0.014161	11.0
249	-0.076909	37.272460	2.533879	0.013237	8.2
250	-0.077886	38.160319	2.495852	0.012841	12.5
251	-0.071394	39.102962	2.456707	0.011235	11.7
252	-0.084151	40.098647	2.416672	0.017660	7.2
253	-0.064009	39.169344	2.453997	0.014181	9.8
254	-0.088290	39.943484	2.422825	0.015637	15.0
255	-0.061049	40.922177	2.384532	0.016994	14.3
256	-0.062523	40.757656	2.390884	0.006790	9.4
257	-0.061387	40.290845	2.409094	0.014634	10.6
258	-0.065702	39.376109	2.445593	0.013859	15.9
259	-0.073582	40.375414	2.405774	0.016132	11.2
260	-0.073450	41.375394	2.367206	0.024325	5.5
261	-0.077173	42.375284	2.329858	0.019813	12.2
262	-0.067971	43.375284	2.293666	0.027191	8.6
263	-0.066142	42.449507	2.327132	0.012354	7.6
264	-0.067724	43.449384	2.291029	0.020347	8.5
265	-0.069731	42.550757	2.323424	0.009847	11.0
266	-0.084233	43.550496	2.287440	0.017279	12.2
267	-0.080232	42.621356	2.320846	0.013881	8.3
268	-0.061561	42.022575	2.342897	0.018984	10.8
269	-0.062649	41.092550	2.377989	0.011834	11.3
270	-0.072726	42.090476	2.340375	0.027588	5.7
271	-0.066857	43.090476	2.303858	0.007927	12.7
272	-0.062877	44.076514	2.268950	0.015278	14.0
273	-0.070374	44.830393	2.242967	0.016116	4.9
274	-0.082279	43.901793	2.275059	0.022263	11.3
275	-0.070108	43.167658	2.301087	0.022488	14.4
276	-0.055527	42.237619	2.334930	0.010598	4.3
277	-0.072483	41.307353	2.369791	0.018675	16.5
278	-0.077774	40.788826	2.389678	0.015480	11.1
279	-0.080830	39.859081	2.426185	0.010560	6.5
280	-0.069894	40.833464	2.387953	0.019446	10.7
281	-0.076159	39.903213	2.424427	0.015728	9.1
282	-0.056943	40.163501	2.414109	0.017863	8.1
283	-0.076227	39.233212	2.451395	0.018027	7.1
284	-0.076457	38.303240	2.489837	0.004205	10.7
285	-0.078541	39.208207	2.452413	0.024666	11.1
286	-0.082757	40.057001	2.418320	0.016800	7.7
287	-0.078253	39.126591	2.455742	0.004716	9.7
288	-0.081969	38.821556	2.468264	0.011246	9.8
289	-0.060782	38.374976	2.486829	0.011605	9.2
290	-0.077805	39.374167	2.445672	0.014014	6.5
291	-0.074649	39.967092	2.421887	0.015273	9.9
292	-0.080655	39.165411	2.454157	0.019643	5.6
293	-0.074412	40.163097	2.414125	0.017573	6.8
294	-0.080617	41.163097	2.375290	0.028943	5.5
295	-0.065276	42.163056	2.337686	0.016710	11.2
296	-0.057639	41.238397	2.372416	0.012180	12.5
297	-0.061680	40.372649	2.405883	0.010245	7.6
298	-0.076316	40.017085	2.419902	0.016780	11.1
299	-0.069160	39.095010	2.457032	0.022870	11.3
300	-0.063181	40.095009	2.416816	0.016621	3.8
301	-0.063216	39.164600	2.454190	0.014293	12.2
302	-0.071221	40.164212	2.414081	0.009646	9.0
303	-0.073854	41.153295	2.375665	0.017623	12.6
304	-0.074529	41.619681	2.357971	0.004291	11.5
305	-0.075511	42.549014	2.323488	0.014299	16.5
306	-0.067995	41.882720	2.348107	0.016299	7.1
307	-0.078260	42.882479	2.311360	0.021057	14.1
308	-0.076249	42.536219	2.323956	0.012881	9.9
309	-0.067837	43.141212	2.302036	0.009120	8.7
310	-0.078877	44.112058	2.267712	0.014176	12.2
311	-0.069627	43.631786	2.284563	0.018160	12.0
312	-0.071183	42.701382	2.317931	0.015285	5.8
313	-0.080656	41.779653	2.351962	0.017845	13.5
314	-0.077880	42.779653	2.315086	0.011170	10.8
315	-0.062790	43.733991	2.280956	0.013842	13.7
316	-0.071369	44.724694	2.246574	0.012860	7.7
317	-0.073790	43.794678	2.278820	0.020940	9.6
318	-0.068151	42.910658	2.310341	0.016876	6.9
319	-0.072000	41.980249	2.344471	0.027333	13.3
320	-0.060041	41.049839	2.379626	0.015180	11.0
321	-0.064167	42.049839	2.341884	0.013560	4.1
322	-0.073892	41.119650	2.376951	0.010217	13.3
323	-0.070395	40.225627	2.411660	0.012203	7.6
324	-0.071901	39.412941	2.444102	0.011435	8.9
325	-0.077910	40.394775	2.405015	0.014627	10.2
326	-0.062746	41.394403	2.366484	0.009181	11.6
327	-0.074685	42.351835	2.330720	0.011394	7.3
328	-0.077471	43.331870	2.295214	0.020092	8.5
329	-0.064617	44.257788	2.262648	0.015236	13.4
330	-0.078147	45.257787	2.228499	0.010407	9.6
331	-0.058214	45.740599	2.212377	0.010555	8.6
332	-0.082795	44.871846	2.241555	0.011546	11.0
333	-0.074005	45.236837	2.229203	0.017155	9.0
334	-0.062148	44.308776	2.260881	0.014029	6.9
335	-0.067762	43.865870	2.276319	0.017159	11.1
336	-0.074116	44.863765	2.241830	0.026144	10.2
337	-0.075787	45.863765	2.208302	0.010743	7.3
338	-0.065389	44.933428	2.239462	0.015203	6.5
339	-0.069563	45.873536	2.207979	0.019889	5.5
340	-0.061652	46.390894	2.191029	0.044739	11.1
341	-0.075399	45.460486	2.221702	0.013428	5.7
342	-0.081779	46.460486	2.188768	0.021088	6.7
343	-0.073387	47.460485	2.156797	0.023799	7.4
344	-0.069803	46.632533	2.183201	0.017544	6.6
345	-0.069893	45.702124	2.213653	0.008270	7.7
346	-0.079777	44.776718	2.244797	0.017227	6.9
347	-0.068975	45.104594	2.233663	0.011863	5.9
348	-0.078440	44.174312	2.265546	0.013062	5.5
349	-0.082353	43.334190	2.295131	0.009701	6.9
350	-0.064085	43.764261	2.279890	0.011750	7.7
351	-0.061646	44.756596	2.245484	0.020269	7.1
352	-0.073284	45.741725	2.212340	0.007215	6.8
353	-0.067438	46.726923	2.180158	0.020505	5.3
354	-0.065890	45.796852	2.210514	0.015527	7.8
355	-0.078219	46.796849	2.177909	0.013391	20.4
356	-0.070181	47.796795	2.146254	0.008528	5.4
357	-0.070304	48.661802	2.119603	0.027548	18.3
358	-0.060838	49.661775	2.089608	0.007421	8.2
359	-0.061477	49.199923	2.103355	0.022852	9.5
360	-0.080596	48.271375	2.131550	0.013683	8.0
361	-0.086152	49.271375	2.101217	0.019538	10.5
362	-0.068795	50.271191	2.071740	0.015339	9.1
363	-0.065434	49.340857	2.099141	0.010217	13.1
364	-0.059588	48.419989	2.126987	0.012664	9.5
365	-0.069926	47.630004	2.151470	0.009095	8.0
366	-0.069481	46.707497	2.180783	0.013246	12.5
367	-0.067175	47.352479	2.160205	0.010261	10.9
368	-0.078478	48.339549	2.129454	0.023670	4.6
369	-0.078280	49.334735	2.099324	0.015500	11.0
370	-0.073677	48.404430	2.127463	0.011810	7.7
371	-0.070163	47.478599	2.156227	0.015425	11.1
372	-0.085945	46.550562	2.185850	0.015783	8.0
373	-0.073067	45.620163	2.216377	0.017667	12.5
374	-0.079446	46.620156	2.183600	0.009081	9.5
375	-0.071468	47.620103	2.151780	0.016658	7.7
376	-0.082797	46.739406	2.179756	0.013065	9.5
377	-0.062621	47.738977	2.148059	0.008681	13.7
378	-0.067963	48.732999	2.117439	0.013710	6.8
379	-0.076060	49.602705	2.091356	0.019598	12.7
380	-0.079895	48.679708	2.119059	0.014447	9.2
381	-0.058846	49.665621	2.089494	0.009400	5.0
382	-0.071018	49.352805	2.098785	0.012170	22.0
383	-0.078149	50.339363	2.069760	0.019745	10.9
384	-0.075987	49.432620	2.096406	0.009251	8.0
385	-0.076670	48.537772	2.123384	0.013787	8.0
386	-0.072271	49.531929	2.093454	0.030852	21.2
387	-0.069392	48.601520	2.121439	0.018601	11.7
388	-0.055959	49.601509	2.091391	0.012659	15.1
389	-0.057312	48.825058	2.114647	0.024536	15.3
390	-0.069596	49.824697	2.084801	0.026013	9.9
391	-0.077197	50.715088	2.058917	0.012546	7.2
392	-0.078814	51.715086	2.030602	0.019812	10.4
393	-0.062686	50.839226	2.055359	0.021274	9.4
394	-0.063362	49.913413	2.082193	0.016670	7.6
395	-0.073809	50.913335	2.053241	0.012896	8.3
396	-0.068769	49.994303	2.079820	0.027503	12.8
397	-0.060670	50.909117	2.053361	0.010929	6.3
398	-0.049789	51.907477	2.025243	0.014242	11.1
399	-0.060266	50.979568	2.051351	0.009505	13.5
400	-0.076067	51.978661	2.023268	0.009426	9.3
401	-0.099341	52.255445	2.015623	0.012765	12.5
402	-0.070682	53.114866	1.992251	0.014081	11.7
403	-0.067245	52.803017	2.000669	0.009754	7.0
404	-0.073133	53.672227	1.977380	0.010879	15.2
405	-0.064885	53.391365	1.984846	0.011404	9.9
406	-0.066104	52.751045	2.002079	0.015079	5.1
407	-0.053474	53.465611	1.982867	0.012268	8.9
408	-0.071744	54.463079	1.956657	0.017473	10.0
409	-0.072715	55.462826	1.931074	0.015053	8.6
410	-0.077276	56.050800	1.916338	0.015722	19.2
411	-0.086393	57.050381	1.891796	0.020980	11.3
412	-0.064508	56.464179	1.906112	0.016250	5.7
413	-0.067929	57.464179	1.881819	0.012835	13.5
414	-0.073206	56.543519	1.904162	0.015328	10.6
415	-0.068753	55.613114	1.927286	0.008498	6.9
416	-0.077243	54.889048	1.945674	0.011158	11.0
417	-0.072541	55.866320	1.920937	0.032013	12.5
418	-0.077173	54.935911	1.944474	0.017251	5.6
419	-0.066238	54.005501	1.968594	0.024864	12.2
420	-0.075625	55.005501	1.942693	0.012735	9.1
421	-0.076425	56.005501	1.917465	0.008051	5.5
422	-0.068547	55.207816	1.937536	0.017503	11.4
423	-0.065364	55.824555	1.921982	0.011734	14.3
424	-0.068281	55.739285	1.924117	0.023120	8.0
425	-0.085197	54.808876	1.947732	0.013437	18.8
426	-0.070965	53.878467	1.971934	0.010616	12.4
427	-0.080294	54.168454	1.964326	0.017254	14.0
428	-0.068312	55.168172	1.938544	0.021132	13.0
429	-0.085030	55.504143	1.930031	0.014718	13.1
430	-0.068027	54.630440	1.952327	0.020778	12.7
431	-0.072749	55.630421	1.926851	0.015772	5.7
432	-0.077568	56.630421	1.902030	0.027814	13.5
433	-0.078285	57.630421	1.877840	0.015614	11.8
434	-0.061607	56.700011	1.900326	0.006360	7.3
435	-0.068138	56.770162	1.898612	0.020044	9.7
436	-0.064205	57.769348	1.874528	0.013439	9.9
437	-0.075930	58.594628	1.855092	0.017813	6.5
438	-0.075730	57.664219	1.877034	0.013793	11.2
439	-0.068769	56.733859	1.899499	0.008781	10.6
440	-0.073950	57.728260	1.875507	0.018108	11.3
441	-0.067259	57.186940	1.888492	0.015142	25.1
442	-0.063071	58.177576	1.864864	0.012362	6.6
443	-0.067935	59.176856	1.841621	0.006761	13.5
444	-0.060077	59.518428	1.833809	0.016480	13.6
445	-0.077309	58.704608	1.852533	0.019273	6.9
446	-0.075003	57.774478	1.874406	0.016987	9.6
447	-0.058233	56.844289	1.896804	0.010703	7.5
448	-0.086116	56.490262	1.905470	0.007788	11.4
449	-0.076034	55.673600	1.925766	0.022921	10.1
450	-0.063917	56.475745	1.905827	0.007040	5.9
451	-0.078603	55.556449	1.928713	0.020638	11.6
452	-0.071321	56.523892	1.904644	0.010157	13.8
453	-0.088825	56.609524	1.902542	0.009611	4.8
454	-0.058531	56.626249	1.902132	0.013085	15.1
455	-0.065128	55.895128	1.920218	0.013906	13.4
456	-0.073561	54.964728	1.943736	0.016492	5.4
457	-0.071493	55.962945	1.918526	0.007437	13.2
458	-0.074475	56.754455	1.898996	0.016024	13.7
459	-0.065416	57.518053	1.880528	0.015412	5.4
460	-0.076419	56.732324	1.899536	0.013385	14.0
461	-0.066618	55.801944	1.922547	0.012005	11.8
462	-0.067698	56.743669	1.899259	0.013069	5.8
463	-0.076201	57.571033	1.879260	0.012194	14.7
464	-0.077819	58.570900	1.855646	0.015721	12.2
465	-0.075764	59.290032	1.839025	0.016209	5.2
466	-0.074926	60.285634	1.816500	0.014491	12.2
467	-0.067395	61.211940	1.796033	0.017920	34.2
468	-0.066416	62.208511	1.774523	0.024221	10.8
469	-0.063604	61.278101	1.794589	0.009075	9.1
470	-0.062263	62.277957	1.773043	0.027731	10.7
471	-0.077215	61.663691	1.786218	0.015386	8.0
472	-0.075015	62.663691	1.764868	0.012934	15.2
473	-0.069799	63.655757	1.744186	0.017922	13.9
474	-0.066356	64.655756	1.723823	0.006220	4.2
475	-0.083483	63.745588	1.742337	0.011534	14.2
476	-0.059336	62.974588	1.758334	0.016817	16.1
477	-0.074711	63.454751	1.748337	0.013213	6.1
478	-0.066687	64.418852	1.728604	0.018723	13.7
479	-0.068908	63.488443	1.747640	0.010429	11.6
480	-0.071615	64.488101	1.727204	0.018345	6.0
481	-0.064728	65.444985	1.708085	0.009952	12.8
482	-0.069483	66.326102	1.690850	0.012741	13.2
483	-0.073230	66.187190	1.693544	0.008053	4.9
484	-0.053396	67.157083	1.674912	0.015406	16.5
485	-0.073700	66.226896	1.692774	0.015701	12.0
486	-0.051801	65.296487	1.711024	0.012132	14.2
487	-0.062248	66.294877	1.691455	0.018561	12.9
488	-0.072035	67.293940	1.672316	0.008237	7.0
489	-0.064791	66.503215	1.687428	0.016396	10.9
490	-0.067596	66.857118	1.680631	0.019704	12.7
491	-0.091417	67.857118	1.661717	0.018603	4.8
492	-0.064773	67.405439	1.670207	0.013193	12.4
493	-0.083463	68.405439	1.651526	0.016000	8.2
494	-0.076106	67.527400	1.667906	0.005566	6.6
495	-0.064719	68.072774	1.657694	0.015835	10.9
496	-0.074866	69.035898	1.639961	0.018651	9.3
497	-0.072010	68.107541	1.657047	0.010085	9.1
498	-0.072965	67.179138	1.674493	0.017195	13.1
499	-0.063879	67.972964	1.659553	0.012472	9.3
Time spent in resolution 0 (ITK initialization and iterating): 6.840 s.
Stopping condition: Maximum number of iterations has been reached.
Settings of AdaptiveStochasticGradientDescent in resolution 0:
( SP_a 147.655384 )
( SP_A 20.000000 )
( SP_alpha 1.000000 )
( SigmoidMax 1.000000 )
( SigmoidMin -0.930410 )
( SigmoidScale 0.000013 )



=============== start of TransformParameterFile ===============
(Transform "EulerTransform")
(NumberOfParameters 6)
(TransformParameters -0.012510 -0.000355 0.010181 1.107934 -0.993977 -19.015276)
(InitialTransformParametersFileName "NoInitialTransform")
(UseBinaryFormatForTransformationParameters "false")
(HowToCombineTransforms "Compose")

// Image specific
(FixedImageDimension 3)
(MovingImageDimension 3)
(FixedInternalImagePixelType "float")
(MovingInternalImagePixelType "float")
(Size 256 256 30)
(Index 0 0 0)
(Spacing 0.7031250000 0.7031250000 3.0000000000)
(Origin -87.0326919556 -88.0722122192 166.3611907959)
(Direction 1.0000000000 0.0000000000 0.0000000000 0.0000000000 1.0000000000 0.0000000000 0.0000000000 0.0000000000 1.0000000000)
(UseDirectionCosines "false")

// EulerTransform specific
(CenterOfRotationPoint 2.6157455444 1.5762252808 209.8611907959)
(ComputeZYX "false")

// ResampleInterpolator specific
(ResampleInterpolator "FinalBSplineInterpolator")
(FinalBSplineInterpolationOrder 3)

// Resampler specific
(Resampler "DefaultResampler")
(DefaultPixelValue 0.000000)
(ResultImageFormat "nii.gz")
(ResultImagePixelType "short")
(CompressResultImage "false")

=============== end of TransformParameterFile ===============

Creating the TransformParameterFile took 0.01s

Registration result checksum: 2153936468

Skipping applying final transform, no resulting output image generated.

Final metric value  = -0.063879
Settings of AdaptiveStochasticGradientDescent for all resolutions:
( SP_a 147.655384 )
( SP_A 20.000000 )
( SP_alpha 1.000000 )
( SigmoidMax 1.000000 )
( SigmoidMin -0.930410 )
( SigmoidScale 0.000013 )

Time spent on saving the results, applying the final transform etc.: 7 ms.
Running elastix with parameter file 0: "/Users/sakinkirti/Programming/Python/CCIPD/racial-disparity-pca/code_matlab/rigid.txt", has finished.


Current time: Mon May 23 13:34:20 2022.
Time used for running elastix with this parameter file:
  7.0s.

-------------------------------------------------------------------------

Total time elapsed: 7.2s.

