
elastix is started at Mon May 23 13:36:02 2022.

which elastix:   /Users/sakinkirti/Programming/Python/CCIPD/racial-disparity-pca/code_matlab/elastix-5.0.0-mac/bin/elastix
elastix runs at: Sakins-MBP.hsd1.ca.comcast.net
  macOS 12.3.1 (x64), 21E258
  with 8192 MB memory, and 2 cores @ 2300 MHz.
-------------------------------------------------------------------------

Running elastix with parameter file 0: "/Users/sakinkirti/Programming/Python/CCIPD/racial-disparity-pca/code_matlab/rigid.txt".

Current time: Mon May 23 13:36:02 2022.
Reading the elastix parameters from file ...

Installing all components.
InstallingComponents was successful.

ELASTIX version: 5.000
Command line options from ElastixBase:
-f        /Users/sakinkirti/Programming/Python/CCIPD/racial-disparity-pca/dataset/to_nifti_cleaned/prostate-000166/T2W.nii.gz
-m        /Users/sakinkirti/Programming/Python/CCIPD/racial-disparity-pca/dataset/to_nifti_cleaned/prostate-000166/ADC.nii.gz
-fMask    unspecified, so no fixed mask used
-mMask    unspecified, so no moving mask used
-out      /Users/sakinkirti/Programming/Python/CCIPD/racial-disparity-pca/dataset/to_nifti_cleaned/prostate-000166/
-p        /Users/sakinkirti/Programming/Python/CCIPD/racial-disparity-pca/code_matlab/rigid.txt
-threads  unspecified, so all available threads are used
Command line options from TransformBase:
-t0       unspecified, so no initial transform used

=============== start of ParameterFile: /Users/sakinkirti/Programming/Python/CCIPD/racial-disparity-pca/code_matlab/rigid.txt ===============
// Example parameter file for rotation registration
// C-style comments: //

// The internal pixel type, used for internal computations
// Leave to float in general. 
// NB: this is not the type of the input images! The pixel 
// type of the input images is automatically read from the 
// images themselves.
// This setting can be changed to "short" to save some memory
// in case of very large 3D images.
(FixedInternalImagePixelType "float")
(MovingInternalImagePixelType "float")

// The dimensions of the fixed and moving image
// Up to elastix 4.5 this had to be specified by the user.
// From elastix 4.6, this is not necessary anymore.
//(FixedImageDimension 3)
//(MovingImageDimension 3)

// Specify whether you want to take into account the so-called
// direction cosines of the images. Recommended: true.
// In some cases, the direction cosines of the image are corrupt,
// due to image format conversions for example. In that case, you 
// may want to set this option to "false".
(UseDirectionCosines "false")

// **************** Main Components **************************

// The following components should usually be left as they are:
(Registration "MultiResolutionRegistration")
(Interpolator "BSplineInterpolator")
(ResampleInterpolator "FinalBSplineInterpolator")
(Resampler "DefaultResampler")

// These may be changed to Fixed/MovingSmoothingImagePyramid.
// See the manual.
(FixedImagePyramid "FixedRecursiveImagePyramid")
(MovingImagePyramid "MovingRecursiveImagePyramid")

// The following components are most important:
// The optimizer AdaptiveStochasticGradientDescent (ASGD) works
// quite ok in general. The Transform and Metric are important
// and need to be chosen careful for each application. See manual.
(Optimizer "AdaptiveStochasticGradientDescent")
(Transform "EulerTransform")
(Metric "AdvancedMattesMutualInformation")

// ***************** Transformation **************************

// Scales the rotations compared to the translations, to make
// sure they are in the same range. In general, it's best to  
// use automatic scales estimation:
(AutomaticScalesEstimation "true")

// Automatically guess an initial translation by aligning the
// geometric centers of the fixed and moving.
(AutomaticTransformInitialization "true")

// Whether transforms are combined by composition or by addition.
// In generally, Compose is the best option in most cases.
// It does not influence the results very much.
(HowToCombineTransforms "Compose")

// ******************* Similarity measure *********************

// Number of grey level bins in each resolution level,
// for the mutual information. 16 or 32 usually works fine.
// You could also employ a hierarchical strategy:
//(NumberOfHistogramBins 16 32 64)
(NumberOfHistogramBins 32)

// If you use a mask, this option is important. 
// If the mask serves as region of interest, set it to false.
// If the mask indicates which pixels are valid, then set it to true.
// If you do not use a mask, the option doesn't matter.
(ErodeMask "false")

// ******************** Multiresolution **********************

// The number of resolutions. 1 Is only enough if the expected
// deformations are small. 3 or 4 mostly works fine. For large
// images and large deformations, 5 or 6 may even be useful.
(NumberOfResolutions 1)

// The downsampling/blurring factors for the image pyramids.
// By default, the images are downsampled by a factor of 2
// compared to the next resolution.
// So, in 2D, with 4 resolutions, the following schedule is used:
//(ImagePyramidSchedule 8 8  4 4  2 2  1 1 )
// And in 3D:
//(ImagePyramidSchedule 8 8 8  4 4 4  2 2 2  1 1 1 )
// You can specify any schedule, for example:
//(ImagePyramidSchedule 4 4  4 3  2 1  1 1 )
// Make sure that the number of elements equals the number
// of resolutions times the image dimension.

// ******************* Optimizer ****************************

// Maximum number of iterations in each resolution level:
// 200-500 works usually fine for rigid registration.
// For more robustness, you may increase this to 1000-2000.
(MaximumNumberOfIterations 500)

// The step size of the optimizer, in mm. By default the voxel size is used.
// which usually works well. In case of unusual high-resolution images
// (eg histology) it is necessary to increase this value a bit, to the size
// of the "smallest visible structure" in the image:
//(MaximumStepLength 1.0)

// **************** Image sampling **********************

// Number of spatial samples used to compute the mutual
// information (and its derivative) in each iteration.
// With an AdaptiveStochasticGradientDescent optimizer,
// in combination with the two options below, around 2000
// samples may already suffice.
(NumberOfSpatialSamples 2000)

// Refresh these spatial samples in every iteration, and select
// them randomly. See the manual for information on other sampling
// strategies.
(NewSamplesEveryIteration "true")
(ImageSampler "Random")

// ************* Interpolation and Resampling ****************

// Order of B-Spline interpolation used during registration/optimisation.
// It may improve accuracy if you set this to 3. Never use 0.
// An order of 1 gives linear interpolation. This is in most 
// applications a good choice.
(BSplineInterpolationOrder 1)

// Order of B-Spline interpolation used for applying the final
// deformation.
// 3 gives good accuracy; recommended in most cases.
// 1 gives worse accuracy (linear interpolation)
// 0 gives worst accuracy, but is appropriate for binary images
// (masks, segmentations); equivalent to nearest neighbor interpolation.
(FinalBSplineInterpolationOrder 3)

//Default pixel value for pixels that come from outside the picture:
(DefaultPixelValue 0)

// Choose whether to generate the deformed moving image.
// You can save some time by setting this to false, if you are
// only interested in the final (nonrigidly) deformed moving image
// for example.
(WriteResultImage "false")

// The pixel type and format of the resulting deformed moving image
(ResultImagePixelType "short")
(ResultImageFormat "nii.gz")




=============== end of ParameterFile: /Users/sakinkirti/Programming/Python/CCIPD/racial-disparity-pca/code_matlab/rigid.txt ===============


Reading images...
Reading images took 141 ms.

WARNING: the fixed pyramid schedule is not fully specified!
  A default pyramid schedule is used.
WARNING: the moving pyramid schedule is not fully specified!
  A default pyramid schedule is used.
WARNING: The parameter "AutomaticTransformInitializationMethod", requested at entry number 0, does not exist at all.
  The default value "GeometricalCenter" is used instead.
Transform parameters are initialized as: [0, 0, 0, -0.33170318603515625, 7.108734130859375, -7.9477691650390625]
Scales are estimated automatically.
Scales for transform parameters are: [2815.97265625, 2815.97265625, 4331.4453125, 1, 1, 1]
Initialization of all components (before registration) took: 12 ms.
Preparation of the image pyramids took: 16 ms.

Resolution: 0
WARNING: The parameter "ShowExactMetricValue", requested at entry number 0, does not exist at all.
  The default value "false" is used instead.
WARNING: The parameter "CheckNumberOfSamples", requested at entry number 0, does not exist at all.
  The default value "true" is used instead.
WARNING: The parameter "UseMultiThreadingForMetrics", requested at entry number 0, does not exist at all.
  The default value "true" is used instead.
Setting the fixed masks took: 0 ms.
Setting the moving masks took: 0 ms.
WARNING: The parameter "NumberOfFixedHistogramBins", requested at entry number 0, does not exist at all.
  The default value "32" is used instead.
WARNING: The parameter "NumberOfMovingHistogramBins", requested at entry number 0, does not exist at all.
  The default value "32" is used instead.
WARNING: The parameter "FixedLimitRangeRatio", requested at entry number 0, does not exist at all.
  The default value "0.01" is used instead.
WARNING: The parameter "MovingLimitRangeRatio", requested at entry number 0, does not exist at all.
  The default value "0.01" is used instead.
WARNING: The parameter "FixedKernelBSplineOrder", requested at entry number 0, does not exist at all.
  The default value "0" is used instead.
WARNING: The parameter "MovingKernelBSplineOrder", requested at entry number 0, does not exist at all.
  The default value "3" is used instead.
WARNING: The parameter "UseFastAndLowMemoryVersion", requested at entry number 0, does not exist at all.
  The default value "true" is used instead.
WARNING: The parameter "UseJacobianPreconditioning", requested at entry number 0, does not exist at all.
  The default value "false" is used instead.
WARNING: The parameter "FiniteDifferenceDerivative", requested at entry number 0, does not exist at all.
  The default value "false" is used instead.
WARNING: The parameter "SP_A", requested at entry number 0, does not exist at all.
  The default value "20" is used instead.
WARNING: The parameter "MaximumNumberOfSamplingAttempts", requested at entry number 0, does not exist at all.
  The default value "0" is used instead.
WARNING: The parameter "SigmoidInitialTime", requested at entry number 0, does not exist at all.
  The default value "0" is used instead.
WARNING: The parameter "MaxBandCovSize", requested at entry number 0, does not exist at all.
  The default value "192" is used instead.
WARNING: The parameter "NumberOfBandStructureSamples", requested at entry number 0, does not exist at all.
  The default value "10" is used instead.
WARNING: The parameter "UseAdaptiveStepSizes", requested at entry number 0, does not exist at all.
  The default value "true" is used instead.
WARNING: The parameter "AutomaticParameterEstimation", requested at entry number 0, does not exist at all.
  The default value "true" is used instead.
WARNING: The parameter "UseConstantStep", requested at entry number 0, does not exist at all.
  The default value "false" is used instead.
WARNING: The parameter "MaximumStepLengthRatio", requested at entry number 0, does not exist at all.
  The default value "1" is used instead.
WARNING: The parameter "MaximumStepLength", requested at entry number 0, does not exist at all.
  The default value "0.6875" is used instead.
WARNING: The parameter "NumberOfGradientMeasurements", requested at entry number 0, does not exist at all.
  The default value "0" is used instead.
WARNING: The parameter "NumberOfJacobianMeasurements", requested at entry number 0, does not exist at all.
  The default value "1000" is used instead.
WARNING: The parameter "NumberOfSamplesForExactGradient", requested at entry number 0, does not exist at all.
  The default value "100000" is used instead.
WARNING: The parameter "SigmoidScaleFactor", requested at entry number 0, does not exist at all.
  The default value "0.1" is used instead.
Elastix initialization of all components (for this resolution) took: 1 ms.
  Computing the fixed image extrema took 9 ms.
  Computing the moving image extrema took 10 ms.
Initialization of AdvancedMattesMutualInformation metric took: 102 ms.
Starting automatic parameter estimation for AdaptiveStochasticGradientDescent ...
WARNING: The parameter "ASGDParameterEstimationMethod", requested at entry number 0, does not exist at all.
  The default value "Original" is used instead.
  Computing JacobianTerms ...
  Computing the Jacobian terms took 0.004364s
  NumberOfGradientMeasurements to estimate sigma_i: 6
  Sampling gradients ...
  Sampling the gradients took 0.759660s
Automatic parameter estimation took 0.76s
1:ItNr	2:Metric	3a:Time	3b:StepSize	4:||Gradient||	Time[ms]
0	-0.074890	0.000000	4.417067	0.016555	872.9
1	-0.068216	0.000000	4.417067	0.015397	9.2
2	-0.078863	0.955087	4.224916	0.019728	5.8
3	-0.066940	0.019951	4.412874	0.011218	14.1
4	-0.081100	1.012085	4.213976	0.010529	10.8
5	-0.075696	0.087682	4.398701	0.018315	7.1
6	-0.095982	0.000000	4.417067	0.022142	7.8
7	-0.084771	0.000000	4.417067	0.011742	6.7
8	-0.074313	1.000000	4.216291	0.015580	7.1
9	-0.075364	1.886722	4.052935	0.014196	6.7
10	-0.083305	2.853606	3.888653	0.019125	7.5
11	-0.081505	3.853521	3.732204	0.010084	7.5
12	-0.091138	4.484623	3.639779	0.012100	4.8
13	-0.080383	3.550718	3.778236	0.004473	7.8
14	-0.075505	3.922890	3.721815	0.024303	4.6
15	-0.079550	4.455999	3.643872	0.017887	7.2
16	-0.085087	3.520862	3.782836	0.027119	6.7
17	-0.082315	4.520785	3.634622	0.008345	7.0
18	-0.069480	3.585649	3.772868	0.018524	6.4
19	-0.075420	2.650823	3.921994	0.016614	5.8
20	-0.066957	1.715699	4.083449	0.008228	8.7
21	-0.073313	0.780616	4.258759	0.010907	4.6
22	-0.078226	1.765888	4.074447	0.011557	4.8
23	-0.067780	0.830894	4.248951	0.014990	13.2
24	-0.081677	1.816599	4.065391	0.019546	12.8
25	-0.089397	2.816585	3.894698	0.020261	5.4
26	-0.083989	2.678405	3.917426	0.018684	14.8
27	-0.085747	1.743277	4.078498	0.018006	12.5
28	-0.077567	2.742677	3.906821	0.012372	6.5
29	-0.067779	1.807540	4.067006	0.017738	23.4
30	-0.082816	1.117404	4.193910	0.011252	7.1
31	-0.076414	0.361314	4.342355	0.015794	26.7
32	-0.074502	1.325124	4.154888	0.020485	5.4
33	-0.088070	0.389987	4.336534	0.012829	17.6
34	-0.081080	0.000000	4.417067	0.008522	12.7
35	-0.065538	0.000000	4.417067	0.020264	16.5
36	-0.084046	0.999760	4.216337	0.011204	12.9
37	-0.087356	1.999760	4.033016	0.011178	6.3
38	-0.083201	1.239023	4.170975	0.014422	17.0
39	-0.085635	2.239016	3.991494	0.024532	11.4
40	-0.087797	1.303879	4.158846	0.016915	16.2
41	-0.087622	2.303879	3.980384	0.007882	11.2
42	-0.079394	1.368944	4.146749	0.015086	10.1
43	-0.083177	0.437006	4.327022	0.018792	11.9
44	-0.074985	0.000000	4.417067	0.015154	13.4
45	-0.081189	0.000000	4.417067	0.013603	13.7
46	-0.078301	0.999999	4.216291	0.024415	13.5
47	-0.092510	1.911062	4.048629	0.023708	6.9
48	-0.085909	2.911062	3.879309	0.005705	14.1
49	-0.083237	3.891598	3.726494	0.020289	12.7
50	-0.086680	3.201541	3.832748	0.012589	15.6
51	-0.081302	4.201468	3.680674	0.015481	19.6
52	-0.078506	5.091737	3.555087	0.017573	6.8
53	-0.089747	5.758069	3.466558	0.013765	13.3
54	-0.083337	6.758066	3.341674	0.012411	13.3
55	-0.075352	5.838542	3.456164	0.018624	13.8
56	-0.078145	4.903470	3.580926	0.015852	12.9
57	-0.074916	5.796111	3.461637	0.025086	7.2
58	-0.081407	4.927658	3.577585	0.011996	15.1
59	-0.079246	3.996374	3.710874	0.013115	10.8
60	-0.089623	4.996353	3.568131	0.024333	10.6
61	-0.088049	4.061373	3.701250	0.019399	11.9
62	-0.074567	5.061373	3.559229	0.013158	12.1
63	-0.093990	6.061113	3.427738	0.023372	7.3
64	-0.095170	5.125996	3.550425	0.010032	12.8
65	-0.078245	6.125996	3.419539	0.008894	10.7
66	-0.093548	6.977407	3.315475	0.018341	9.0
67	-0.072033	6.195639	3.410782	0.026705	15.6
68	-0.089149	5.260502	3.532240	0.017694	10.2
69	-0.077614	4.325365	3.662668	0.014889	7.5
70	-0.080270	3.390229	3.803097	0.007202	11.7
71	-0.083785	2.795132	3.898209	0.010932	11.2
72	-0.085284	2.298462	3.981310	0.019852	12.9
73	-0.079755	3.298418	3.817467	0.010868	9.4
74	-0.077645	4.298416	3.666569	0.022145	11.8
75	-0.087743	5.298416	3.527148	0.019907	13.0
76	-0.089294	6.298416	3.397941	0.021065	11.1
77	-0.079912	5.363288	3.518469	0.022880	7.4
78	-0.077579	6.363288	3.389885	0.020533	12.8
79	-0.088517	7.363288	3.270368	0.019116	11.4
80	-0.087514	6.428151	3.381868	0.022522	7.4
81	-0.082195	5.493014	3.501240	0.011883	14.2
82	-0.081661	4.667280	3.613877	0.016429	12.7
83	-0.074306	5.667196	3.478371	0.006607	9.2
84	-0.082126	6.511728	3.371595	0.016251	11.6
85	-0.086447	5.576665	3.490220	0.018326	12.6
86	-0.087334	4.641577	3.617500	0.014664	13.3
87	-0.081108	4.295821	3.666946	0.020916	9.3
88	-0.081321	3.386177	3.803729	0.013350	9.9
89	-0.081368	4.386177	3.653894	0.023471	11.4
90	-0.082902	3.451372	3.793587	0.021608	13.0
91	-0.076375	4.450767	3.644621	0.020211	8.0
92	-0.086687	3.515631	3.783643	0.011236	13.8
93	-0.084993	4.515424	3.635385	0.017392	13.2
94	-0.081544	4.283111	3.668789	0.018734	7.7
95	-0.073731	3.347974	3.809697	0.018057	12.4
96	-0.074621	2.412837	3.961861	0.024512	11.4
97	-0.094134	1.477700	4.126685	0.032629	7.6
98	-0.075062	0.542564	4.305820	0.006588	15.2
99	-0.076726	0.000000	4.417067	0.025898	12.8
100	-0.100915	0.000000	4.417067	0.018529	13.9
101	-0.070761	0.000000	4.417067	0.014763	18.9
102	-0.082425	0.000000	4.417067	0.012793	14.1
103	-0.103368	0.000000	4.417067	0.017173	12.4
104	-0.078222	0.000000	4.417067	0.013313	8.3
105	-0.103253	1.000000	4.216291	0.006150	12.4
106	-0.076068	0.191902	4.377068	0.011339	14.2
107	-0.073922	0.000000	4.417067	0.010048	7.8
108	-0.083622	0.501764	4.313990	0.009647	13.2
109	-0.079775	1.368669	4.146800	0.018530	13.9
110	-0.089912	0.433532	4.327723	0.021774	14.0
111	-0.078037	1.433532	4.134810	0.016011	7.5
112	-0.088880	0.498414	4.314662	0.029551	7.5
113	-0.080536	0.000000	4.417067	0.009619	16.1
114	-0.083619	0.000000	4.417067	0.010883	13.0
115	-0.087085	0.998923	4.216497	0.021567	28.7
116	-0.079296	0.063788	4.403690	0.011557	19.7
117	-0.089605	1.063788	4.204101	0.024069	13.2
118	-0.089572	0.229058	4.369407	0.011293	8.4
119	-0.096306	0.000000	4.417067	0.014078	15.2
120	-0.089404	0.000000	4.417067	0.012887	14.1
121	-0.088282	0.000000	4.417067	0.021920	10.6
122	-0.077961	0.999998	4.216291	0.016733	7.5
123	-0.081414	0.098850	4.396372	0.014347	9.4
124	-0.076616	1.098836	4.197434	0.023066	6.8
125	-0.087774	0.163734	4.382894	0.022550	11.5
126	-0.085134	1.162972	4.185287	0.011681	10.6
127	-0.076631	1.750150	4.077265	0.017033	7.2
128	-0.089577	2.748585	3.905850	0.034326	12.0
129	-0.079973	1.813448	4.065953	0.016181	11.5
130	-0.082778	2.813448	3.895211	0.029306	6.6
131	-0.078113	1.878311	4.054425	0.009771	10.9
132	-0.078157	2.875881	3.885025	0.014600	11.5
133	-0.082925	1.942531	4.043076	0.015086	7.6
134	-0.091219	2.851505	3.888996	0.007586	17.0
135	-0.084261	2.639499	3.923873	0.006891	11.4
136	-0.091883	1.847278	4.059932	0.010037	14.2
137	-0.077242	1.216501	4.175203	0.015040	14.4
138	-0.083050	1.745307	4.078134	0.010620	6.6
139	-0.091745	0.910268	4.233558	0.017674	24.7
140	-0.087778	0.000000	4.417067	0.020794	11.0
141	-0.095464	0.000000	4.417067	0.019364	16.3
142	-0.071338	1.000000	4.216291	0.016191	10.8
143	-0.090069	0.064879	4.403462	0.026735	13.1
144	-0.090885	1.064879	4.203893	0.014458	13.4
145	-0.082817	0.149999	4.385740	0.016481	8.8
146	-0.096000	1.149971	4.187744	0.018852	24.9
147	-0.089636	2.149971	4.006847	0.016172	6.4
148	-0.087521	3.149970	3.840932	0.012533	13.9
149	-0.089669	2.412474	3.961922	0.010366	13.3
150	-0.078896	1.478905	4.126464	0.009192	9.7
151	-0.099306	1.331002	4.153795	0.011568	22.9
152	-0.088079	2.325374	3.976717	0.025964	13.2
153	-0.102178	3.325371	3.813237	0.016386	10.5
154	-0.083686	4.321168	3.663275	0.016871	10.5
155	-0.075130	3.387937	3.803454	0.005492	12.9
156	-0.099831	4.374376	3.655593	0.011151	9.4
157	-0.075132	4.763743	3.600346	0.014875	9.0
158	-0.080220	4.986521	3.569481	0.016762	18.4
159	-0.097444	5.986521	3.437212	0.014211	9.6
160	-0.086905	6.986119	3.314443	0.013463	12.8
161	-0.085435	6.050983	3.429021	0.026076	13.3
162	-0.076184	5.116937	3.551657	0.017530	7.2
163	-0.091043	4.187439	3.682724	0.012740	14.2
164	-0.090275	5.187259	3.542119	0.017041	13.1
165	-0.102515	6.151989	3.416265	0.012660	7.6
166	-0.085352	7.090339	3.302146	0.018352	13.7
167	-0.082371	8.032106	3.195028	0.016724	12.2
168	-0.100755	9.032106	3.088641	0.011511	14.6
169	-0.079801	10.032104	2.989111	0.013752	16.2
170	-0.092853	11.031803	2.895822	0.013741	16.6
171	-0.096684	10.097121	2.982861	0.012110	14.3
172	-0.089609	9.170547	3.074469	0.018126	8.9
173	-0.079000	8.235721	3.172776	0.009897	16.2
174	-0.089344	9.198004	3.071673	0.022215	13.2
175	-0.078819	8.264132	3.169696	0.012013	14.0
176	-0.089119	8.801091	3.112584	0.014013	14.1
177	-0.101279	9.036873	3.088151	0.018023	14.8
178	-0.096826	9.786130	3.012993	0.019447	12.9
179	-0.081882	10.786130	2.918204	0.018275	10.5
180	-0.081651	9.850998	3.006658	0.015725	12.5
181	-0.092860	8.915862	3.100643	0.022335	12.0
182	-0.081058	9.915859	3.000350	0.016837	8.9
183	-0.079702	10.915859	2.906342	0.010068	23.1
184	-0.070793	11.668790	2.839358	0.014509	18.7
185	-0.086762	10.733819	2.923014	0.016684	13.3
186	-0.084412	9.811527	3.010510	0.011944	7.9
187	-0.097443	10.068445	2.985614	0.009128	16.4
188	-0.095016	10.830021	2.914180	0.014118	10.5
189	-0.089846	11.809711	2.827163	0.014591	16.0
190	-0.084407	11.319279	2.870064	0.016772	13.4
191	-0.082983	10.384146	2.955581	0.018769	14.7
192	-0.087773	11.384146	2.864315	0.009273	15.9
193	-0.090494	10.841803	2.913101	0.016260	8.6
194	-0.086027	9.957700	2.996295	0.022979	17.3
195	-0.089067	10.950887	2.903156	0.018746	12.7
196	-0.088282	11.950887	2.815050	0.023358	15.0
197	-0.083023	11.015750	2.897274	0.012034	13.8
198	-0.077754	12.015750	2.809520	0.017867	15.3
199	-0.083474	13.015750	2.726925	0.017950	16.0
200	-0.084072	12.080618	2.804011	0.012596	11.5
201	-0.117682	11.145481	2.885581	0.011168	15.6
202	-0.106376	10.220509	2.971073	0.010739	9.7
203	-0.098374	11.208884	2.879901	0.010159	21.7
204	-0.096585	12.071991	2.804742	0.007475	6.0
205	-0.094120	11.396959	2.863182	0.019246	16.4
206	-0.076965	12.316356	2.784170	0.016958	11.9
207	-0.081492	13.310114	2.703529	0.008461	6.8
208	-0.100237	12.375125	2.779267	0.011488	11.5
209	-0.080131	12.778165	2.746105	0.012308	6.5
210	-0.089613	12.737143	2.749444	0.009868	8.8
211	-0.088465	13.230895	2.709786	0.017951	8.1
212	-0.096796	12.295764	2.785892	0.017769	10.3
213	-0.080149	11.360799	2.866382	0.014748	9.4
214	-0.105908	10.445990	2.949769	0.012274	7.4
215	-0.098569	11.445354	2.858912	0.023495	18.5
216	-0.088667	12.298314	2.785679	0.014262	12.1
217	-0.089657	13.298313	2.704460	0.013330	25.1
218	-0.084483	14.297495	2.627903	0.025740	10.4
219	-0.091600	13.375884	2.698357	0.016850	19.9
220	-0.084529	14.375881	2.622080	0.019997	24.8
221	-0.087794	13.440744	2.693275	0.018170	10.2
222	-0.075644	14.440744	2.617281	0.007939	14.8
223	-0.103942	13.505672	2.688207	0.022652	14.7
224	-0.097251	13.699593	2.673184	0.008346	24.1
225	-0.085544	12.764644	2.747205	0.011894	10.4
226	-0.085598	11.831367	2.825298	0.011819	17.4
227	-0.100313	10.898261	2.907945	0.025578	12.4
228	-0.084764	11.896310	2.819720	0.015069	20.0
229	-0.093781	10.961174	2.902221	0.019021	12.0
230	-0.076232	10.026304	2.989670	0.010403	15.2
231	-0.095875	11.026304	2.896319	0.026599	21.6
232	-0.094297	10.179246	2.975005	0.020294	20.3
233	-0.089322	11.179246	2.882554	0.007218	6.8
234	-0.084347	10.270520	2.966321	0.015348	18.2
235	-0.094511	9.657641	3.025621	0.011394	10.5
236	-0.089370	10.647098	2.931024	0.016997	14.9
237	-0.074108	11.647098	2.841245	0.007162	14.4
238	-0.092428	12.578592	2.762427	0.017145	5.7
239	-0.098669	11.645524	2.841382	0.010636	8.5
240	-0.090407	10.710640	2.925151	0.012341	11.2
241	-0.091133	9.777598	3.013828	0.016756	11.2
242	-0.086429	9.123704	3.079249	0.011456	12.4
243	-0.103420	8.188567	3.177902	0.019890	9.3
244	-0.085502	7.253430	3.283084	0.019583	11.1
245	-0.089927	6.318294	3.395468	0.007184	12.0
246	-0.094730	5.383295	3.515800	0.010316	7.7
247	-0.103374	5.285770	3.528845	0.013513	10.7
248	-0.093957	4.350665	3.659013	0.014990	14.4
249	-0.093353	3.416108	3.799066	0.008762	15.5
250	-0.094355	4.415443	3.649687	0.024387	15.8
251	-0.092381	3.480652	3.789049	0.020022	17.6
252	-0.092346	4.282557	3.668869	0.015703	17.9
253	-0.079661	3.347558	3.809762	0.008892	16.9
254	-0.102285	2.450710	3.955462	0.016707	14.8
255	-0.100181	1.853847	4.058765	0.015453	12.4
256	-0.115159	2.853821	3.888618	0.017993	15.6
257	-0.078617	1.918684	4.047283	0.019622	15.2
258	-0.091755	2.918684	3.878073	0.024816	19.5
259	-0.094915	1.983565	4.035858	0.015254	14.8
260	-0.091346	1.048428	4.207030	0.023120	16.1
261	-0.099007	0.774203	4.260013	0.016553	15.2
262	-0.092857	0.000000	4.417067	0.009274	16.2
263	-0.098100	0.000000	4.417067	0.010781	16.5
264	-0.081195	0.148039	4.386147	0.015314	9.6
265	-0.099946	0.000000	4.417067	0.013185	14.9
266	-0.084972	0.994278	4.217388	0.016740	10.2
267	-0.093472	1.993063	4.034191	0.015668	16.0
268	-0.087175	2.993060	3.866051	0.010573	13.5
269	-0.105059	3.992351	3.711471	0.006397	11.5
270	-0.094316	4.970939	3.571623	0.020899	16.9
271	-0.099098	5.420062	3.510908	0.025387	7.9
272	-0.094593	4.484925	3.639736	0.012847	15.5
273	-0.083385	3.560608	3.776714	0.027362	11.3
274	-0.086457	2.628955	3.925624	0.010392	10.2
275	-0.091516	3.628954	3.766234	0.007322	10.4
276	-0.093775	3.451333	3.793593	0.008044	15.5
277	-0.093349	2.521158	3.943615	0.010827	14.9
278	-0.098183	1.645710	4.096069	0.015835	13.7
279	-0.092624	2.239590	3.991396	0.019225	13.6
280	-0.096456	1.304461	4.158738	0.015081	12.4
281	-0.104769	0.379743	4.338611	0.019457	9.2
282	-0.093611	1.379743	4.144748	0.007666	18.1
283	-0.108427	0.600573	4.294256	0.021720	20.9
284	-0.084082	0.000000	4.417067	0.023566	18.3
285	-0.091840	0.000000	4.417067	0.014291	9.6
286	-0.098935	1.000000	4.216291	0.012741	26.3
287	-0.082268	0.064864	4.403465	0.017751	19.5
288	-0.094426	0.000000	4.417067	0.016960	13.6
289	-0.109874	0.000000	4.417067	0.019878	18.1
290	-0.089766	0.000000	4.417067	0.015719	14.8
291	-0.103111	0.000000	4.417067	0.018717	27.6
292	-0.086896	0.000000	4.417067	0.015768	14.6
293	-0.085250	0.883393	4.238758	0.013551	19.6
294	-0.086445	0.000000	4.417067	0.030322	15.0
295	-0.081250	0.000000	4.417067	0.013173	16.5
296	-0.112732	0.999343	4.216417	0.015658	13.4
297	-0.081475	1.641309	4.096865	0.011968	9.2
298	-0.084839	0.707415	4.273121	0.018917	11.2
299	-0.088201	1.706526	4.085099	0.018843	13.1
300	-0.098354	2.706525	3.912779	0.015829	11.7
301	-0.103211	3.671830	3.759689	0.013233	8.0
302	-0.086110	4.671808	3.613240	0.011474	13.1
303	-0.113706	3.754258	3.747169	0.021695	10.6
304	-0.100891	2.844333	3.890165	0.016110	9.2
305	-0.097477	1.909197	4.048959	0.022308	14.3
306	-0.085613	2.908712	3.879690	0.016446	13.7
307	-0.098888	1.977134	4.036987	0.008770	17.2
308	-0.084664	1.662941	4.092955	0.015160	14.0
309	-0.091430	0.728573	4.268959	0.013844	16.4
310	-0.084888	1.402184	4.140596	0.020108	17.8
311	-0.096558	0.467047	4.320967	0.013010	23.9
312	-0.106736	0.000000	4.417067	0.019708	8.6
313	-0.081030	0.999752	4.216338	0.022408	17.9
314	-0.101953	0.064624	4.403516	0.014280	11.3
315	-0.109891	0.455193	4.323354	0.016475	18.4
316	-0.088209	0.984939	4.219179	0.025072	13.4
317	-0.079438	0.067971	4.402816	0.023360	18.6
318	-0.088318	1.067971	4.203304	0.016017	17.6
319	-0.082418	0.132836	4.389302	0.013666	22.5
320	-0.093768	0.000000	4.417067	0.015955	7.6
321	-0.094774	0.000000	4.417067	0.015627	16.4
322	-0.083473	0.583391	4.297675	0.017426	10.5
323	-0.112618	1.583391	4.107373	0.020342	15.9
324	-0.092638	2.312776	3.978865	0.007276	14.5
325	-0.093369	3.164702	3.838591	0.013045	7.0
326	-0.100732	4.157734	3.687073	0.014865	16.2
327	-0.088915	3.224695	3.829084	0.017496	11.5
328	-0.098758	4.223705	3.677430	0.011557	12.8
329	-0.102384	5.223695	3.537198	0.010624	11.7
330	-0.099136	5.677928	3.476972	0.020247	27.0
331	-0.100509	6.677927	3.351349	0.027699	11.9
332	-0.090562	5.742790	3.468539	0.006385	18.1
333	-0.085943	6.714282	3.346953	0.016138	13.8
334	-0.094918	5.798422	3.461338	0.011500	14.3
335	-0.093932	6.798395	3.336826	0.010536	16.0
336	-0.105101	5.863497	3.452953	0.021051	8.6
337	-0.086284	4.928361	3.577488	0.017619	26.1
338	-0.079223	3.993224	3.711342	0.012540	32.0
339	-0.094427	4.977835	3.570675	0.019459	24.1
340	-0.104694	4.043318	3.703918	0.017803	16.8
341	-0.095680	3.108181	3.847590	0.011190	24.7
342	-0.109931	2.173044	4.002858	0.012769	18.4
343	-0.112024	1.237915	4.171182	0.010482	13.1
344	-0.111097	0.304422	4.353950	0.026113	6.9
345	-0.108505	0.000000	4.417067	0.014169	12.8
346	-0.084714	1.000000	4.216291	0.019158	10.9
347	-0.099327	0.064864	4.403465	0.017821	10.8
348	-0.112213	0.000000	4.417067	0.021931	20.3
349	-0.095608	0.999999	4.216291	0.016881	12.2
350	-0.108578	0.064862	4.403466	0.015373	9.0
351	-0.085491	1.064862	4.203897	0.015884	13.1
352	-0.086440	0.129750	4.389943	0.014308	18.4
353	-0.097660	0.632640	4.287891	0.018540	7.3
354	-0.098479	1.631927	4.098564	0.022652	26.1
355	-0.081159	2.631927	3.925131	0.007493	16.1
356	-0.110248	3.588430	3.772441	0.016277	17.4
357	-0.097930	2.653303	3.921583	0.015860	14.4
358	-0.094923	3.567915	3.775591	0.017804	19.4
359	-0.082861	2.632778	3.924989	0.021513	16.9
360	-0.096622	3.632778	3.765649	0.018144	15.6
361	-0.101201	2.697641	3.914246	0.024651	16.0
362	-0.098283	1.762504	4.075052	0.011230	15.3
363	-0.104974	0.827368	4.249637	0.019266	15.6
364	-0.088979	0.070490	4.402290	0.017372	17.0
365	-0.097867	0.929409	4.229863	0.012485	18.2
366	-0.103194	1.929404	4.045391	0.010885	23.5
367	-0.094177	2.929341	3.876346	0.016050	20.6
368	-0.095927	3.111085	3.847127	0.014555	9.1
369	-0.097039	3.988924	3.711981	0.016667	23.9
370	-0.086524	4.988801	3.569168	0.024650	8.0
371	-0.082118	4.053664	3.702388	0.015961	16.5
372	-0.104792	5.053664	3.560282	0.030658	10.6
373	-0.093256	6.053664	3.428682	0.017930	20.8
374	-0.111800	5.118528	3.551441	0.008781	15.7
375	-0.096262	6.116701	3.420711	0.026874	17.5
376	-0.090329	5.287037	3.528675	0.008851	8.7
377	-0.095587	6.286239	3.399457	0.012718	24.2
378	-0.095846	6.201081	3.410100	0.021927	11.2
379	-0.102442	7.201081	3.289179	0.018321	17.1
380	-0.120797	8.201081	3.176540	0.012608	7.3
381	-0.097715	7.278647	3.280157	0.014289	19.0
382	-0.100775	7.800544	3.220717	0.015940	14.7
383	-0.105024	8.800539	3.112642	0.010212	19.7
384	-0.102830	9.792589	3.012361	0.018718	10.8
385	-0.089250	10.790588	2.917794	0.012190	16.2
386	-0.102038	9.855457	3.006223	0.009440	11.9
387	-0.091246	8.965704	3.095485	0.011659	15.4
388	-0.099769	8.058694	3.192105	0.012917	15.5
389	-0.092798	7.123612	3.298239	0.009274	14.8
390	-0.086323	6.215848	3.408250	0.013076	13.4
391	-0.089208	5.582419	3.489464	0.006168	6.7
392	-0.111589	4.666579	3.613976	0.020868	15.8
393	-0.083443	5.128356	3.550105	0.024488	13.7
394	-0.079837	4.193220	3.681880	0.010043	16.6
395	-0.105019	5.193220	3.541313	0.022006	16.1
396	-0.102052	6.186913	3.411877	0.013686	14.1
397	-0.102137	7.009992	3.311618	0.012920	16.3
398	-0.117674	8.009528	3.197515	0.005955	18.5
399	-0.093318	7.075455	3.303897	0.017551	15.6
400	-0.090755	6.357533	3.390598	0.024046	17.4
401	-0.095007	7.357492	3.271037	0.021335	15.0
402	-0.104432	6.422355	3.382583	0.020886	16.9
403	-0.084272	5.487291	3.501996	0.013678	14.0
404	-0.095908	4.552154	3.630160	0.016923	18.6
405	-0.104193	3.618777	3.767791	0.018793	10.5
406	-0.105091	4.618777	3.620719	0.015805	9.7
407	-0.102039	5.618777	3.484698	0.027757	13.3
408	-0.088713	6.618777	3.358527	0.018677	11.0
409	-0.091969	5.737282	3.469253	0.006384	20.8
410	-0.089886	6.546956	3.367283	0.012273	15.3
411	-0.100082	7.539988	3.250121	0.031542	19.8
412	-0.106006	6.604851	3.360221	0.021333	25.2
413	-0.088661	7.604851	3.242751	0.015356	8.7
414	-0.100917	6.698804	3.348823	0.018701	25.5
415	-0.082303	5.767524	3.465334	0.011070	23.5
416	-0.091490	5.088100	3.555583	0.019994	13.1
417	-0.105466	6.080061	3.425339	0.014432	27.3
418	-0.086423	7.080038	3.303357	0.012869	17.0
419	-0.079381	8.079982	3.189768	0.027866	17.1
420	-0.094416	9.044756	3.087341	0.011863	15.9
421	-0.093597	10.006892	2.991541	0.019271	17.8
422	-0.090698	9.071772	3.084567	0.010390	16.0
423	-0.080984	10.071586	2.985313	0.018668	15.1
424	-0.108689	11.060180	2.893259	0.015599	16.6
425	-0.093976	12.060180	2.805744	0.017430	15.0
426	-0.087354	11.125043	2.887417	0.012583	7.9
427	-0.088972	11.678159	2.838544	0.023612	13.7
428	-0.095976	12.677936	2.754278	0.012657	9.6
429	-0.070025	13.677935	2.674854	0.014866	8.2
430	-0.098074	12.742799	2.748984	0.022690	14.5
431	-0.096478	13.742798	2.669860	0.010086	9.5
432	-0.097477	12.807661	2.743709	0.018958	14.4
433	-0.095021	11.899206	2.819472	0.020776	14.7
434	-0.093339	10.964069	2.901958	0.017512	9.1
435	-0.104998	11.964068	2.813925	0.024554	13.9
436	-0.098513	12.964066	2.731075	0.021400	15.0
437	-0.102296	12.028929	2.808399	0.021389	19.7
438	-0.100096	11.093793	2.890229	0.015540	11.6
439	-0.108958	12.082395	2.803860	0.026468	30.9
440	-0.097218	13.082395	2.721593	0.011315	17.0
441	-0.109759	12.147259	2.798373	0.009975	13.9
442	-0.095419	11.269047	2.874532	0.012837	17.8
443	-0.106405	10.630745	2.932539	0.011261	14.0
444	-0.096455	10.767325	2.919931	0.016480	16.0
445	-0.087642	11.655011	2.840556	0.021268	15.3
446	-0.099087	10.720005	2.924287	0.015277	9.2
447	-0.086085	11.720005	2.834914	0.016749	23.8
448	-0.109197	10.785495	2.918262	0.017809	17.9
449	-0.096078	11.785495	2.829251	0.013650	17.0
450	-0.100219	12.784624	2.745580	0.017030	16.3
451	-0.100810	12.233137	2.791142	0.018778	14.7
452	-0.090927	11.298000	2.871955	0.017416	17.0
453	-0.098887	11.258032	2.875513	0.011107	15.3
454	-0.099822	10.774065	2.919312	0.017852	15.6
455	-0.098646	11.774065	2.830238	0.028674	16.4
456	-0.080355	10.838952	2.913362	0.019032	17.6
457	-0.089258	9.903816	3.001519	0.002516	17.1
458	-0.098794	10.857112	2.911701	0.010680	12.8
459	-0.095102	10.333182	2.960389	0.014629	16.6
460	-0.078308	9.400425	3.051220	0.028428	29.0
461	-0.089527	8.465289	3.148057	0.021671	11.2
462	-0.107439	7.530152	3.251241	0.024405	17.1
463	-0.098657	6.595015	3.361419	0.011843	24.6
464	-0.094108	5.660345	3.479265	0.024786	15.7
465	-0.105832	4.725214	3.605739	0.013895	18.8
466	-0.089582	5.724797	3.470874	0.012930	16.1
467	-0.092639	6.723790	3.345805	0.015641	31.3
468	-0.090402	5.789552	3.462484	0.018931	17.2
469	-0.099706	4.854422	3.587719	0.018758	16.9
470	-0.101936	5.854422	3.454120	0.014791	29.5
471	-0.094024	4.919286	3.578741	0.009965	16.3
472	-0.088879	3.984287	3.712669	0.018041	18.4
473	-0.080781	4.982521	3.570031	0.029885	19.1
474	-0.085976	5.982505	3.437724	0.013815	12.5
475	-0.094668	6.982505	3.314871	0.016097	28.8
476	-0.102965	6.080297	3.425309	0.010905	9.6
477	-0.100370	7.004483	3.312270	0.022766	21.9
478	-0.091783	8.004480	3.198071	0.018068	9.6
479	-0.077143	9.004434	3.091490	0.012777	17.4
480	-0.093074	8.070954	3.190759	0.015382	10.9
481	-0.094256	8.974211	3.094607	0.018949	18.2
482	-0.099236	9.768151	3.014754	0.014788	13.1
483	-0.094323	8.833087	3.109246	0.022872	18.3
484	-0.087162	7.898089	3.209845	0.021102	12.0
485	-0.098883	8.898089	3.102486	0.017762	18.4
486	-0.109992	7.984154	3.200314	0.027189	13.9
487	-0.112963	7.049028	3.307009	0.013533	16.0
488	-0.107335	8.030414	3.195214	0.015219	13.1
489	-0.109732	7.129932	3.297498	0.023942	14.3
490	-0.102715	6.217937	3.407988	0.013265	13.7
491	-0.097036	5.315768	3.524822	0.018528	11.0
492	-0.096775	6.315768	3.395782	0.015250	20.6
493	-0.104976	7.315768	3.275857	0.022422	9.1
494	-0.101043	8.315768	3.164113	0.011190	24.8
495	-0.099278	7.381138	3.268311	0.021050	23.5
496	-0.095179	8.330582	3.162515	0.011924	16.3
497	-0.103858	7.395445	3.266665	0.017463	22.0
498	-0.099059	6.460309	3.377908	0.015925	8.7
499	-0.102834	5.525172	3.496995	0.024946	25.5
Time spent in resolution 0 (ITK initialization and iterating): 8.199 s.
Stopping condition: Maximum number of iterations has been reached.
Settings of AdaptiveStochasticGradientDescent in resolution 0:
( SP_a 92.758399 )
( SP_A 20.000000 )
( SP_alpha 1.000000 )
( SigmoidMax 1.000000 )
( SigmoidMin -0.935137 )
( SigmoidScale 0.000009 )



=============== start of TransformParameterFile ===============
(Transform "EulerTransform")
(NumberOfParameters 6)
(TransformParameters -0.024076 0.011611 -0.014602 1.551205 1.848557 -8.372904)
(InitialTransformParametersFileName "NoInitialTransform")
(UseBinaryFormatForTransformationParameters "false")
(HowToCombineTransforms "Compose")

// Image specific
(FixedImageDimension 3)
(MovingImageDimension 3)
(FixedInternalImagePixelType "float")
(MovingInternalImagePixelType "float")
(Size 256 256 30)
(Index 0 0 0)
(Spacing 0.6250000000 0.6250000000 3.0000000000)
(Origin -68.0628662109 -78.1520233154 -33.6415824890)
(Direction 1.0000000000 0.0000000000 0.0000000000 0.0000000000 1.0000000000 0.0000000000 0.0000000000 0.0000000000 1.0000000000)
(UseDirectionCosines "false")

// EulerTransform specific
(CenterOfRotationPoint 11.6246337891 1.5354766846 9.8584175110)
(ComputeZYX "false")

// ResampleInterpolator specific
(ResampleInterpolator "FinalBSplineInterpolator")
(FinalBSplineInterpolationOrder 3)

// Resampler specific
(Resampler "DefaultResampler")
(DefaultPixelValue 0.000000)
(ResultImageFormat "nii.gz")
(ResultImagePixelType "short")
(CompressResultImage "false")

=============== end of TransformParameterFile ===============

Creating the TransformParameterFile took 0.00s

Registration result checksum: 4229491034

Skipping applying final transform, no resulting output image generated.

Final metric value  = -0.102834
Settings of AdaptiveStochasticGradientDescent for all resolutions:
( SP_a 92.758399 )
( SP_A 20.000000 )
( SP_alpha 1.000000 )
( SigmoidMax 1.000000 )
( SigmoidMin -0.935137 )
( SigmoidScale 0.000009 )

Time spent on saving the results, applying the final transform etc.: 6 ms.
Running elastix with parameter file 0: "/Users/sakinkirti/Programming/Python/CCIPD/racial-disparity-pca/code_matlab/rigid.txt", has finished.


Current time: Mon May 23 13:36:10 2022.
Time used for running elastix with this parameter file:
  8.4s.

-------------------------------------------------------------------------

Total time elapsed: 8.5s.

