
elastix is started at Mon May 23 17:51:43 2022.

which elastix:   /Users/sakinkirti/Programming/Python/CCIPD/racial-disparity-pca/code_matlab/elastix-5.0.0-mac/bin/elastix
elastix runs at: Sakins-MBP.hsd1.ca.comcast.net
  macOS 12.3.1 (x64), 21E258
  with 8192 MB memory, and 2 cores @ 2300 MHz.
-------------------------------------------------------------------------

Running elastix with parameter file 0: "/Users/sakinkirti/Programming/Python/CCIPD/racial-disparity-pca/code_matlab/rigid.txt".

Current time: Mon May 23 17:51:43 2022.
Reading the elastix parameters from file ...

Installing all components.
InstallingComponents was successful.

ELASTIX version: 5.000
Command line options from ElastixBase:
-f        /Users/sakinkirti/Programming/Python/CCIPD/racial-disparity-pca/dataset/to_nifti_cleaned/prostate-000995/T2W.nii.gz
-m        /Users/sakinkirti/Programming/Python/CCIPD/racial-disparity-pca/dataset/to_nifti_cleaned/prostate-000995/ADC.nii.gz
-fMask    unspecified, so no fixed mask used
-mMask    unspecified, so no moving mask used
-out      /Users/sakinkirti/Programming/Python/CCIPD/racial-disparity-pca/dataset/to_nifti_cleaned/prostate-000995/
-p        /Users/sakinkirti/Programming/Python/CCIPD/racial-disparity-pca/code_matlab/rigid.txt
-threads  unspecified, so all available threads are used
Command line options from TransformBase:
-t0       unspecified, so no initial transform used

=============== start of ParameterFile: /Users/sakinkirti/Programming/Python/CCIPD/racial-disparity-pca/code_matlab/rigid.txt ===============
// Example parameter file for rotation registration
// C-style comments: //

// The internal pixel type, used for internal computations
// Leave to float in general. 
// NB: this is not the type of the input images! The pixel 
// type of the input images is automatically read from the 
// images themselves.
// This setting can be changed to "short" to save some memory
// in case of very large 3D images.
(FixedInternalImagePixelType "float")
(MovingInternalImagePixelType "float")

// The dimensions of the fixed and moving image
// Up to elastix 4.5 this had to be specified by the user.
// From elastix 4.6, this is not necessary anymore.
//(FixedImageDimension 3)
//(MovingImageDimension 3)

// Specify whether you want to take into account the so-called
// direction cosines of the images. Recommended: true.
// In some cases, the direction cosines of the image are corrupt,
// due to image format conversions for example. In that case, you 
// may want to set this option to "false".
(UseDirectionCosines "false")

// **************** Main Components **************************

// The following components should usually be left as they are:
(Registration "MultiResolutionRegistration")
(Interpolator "BSplineInterpolator")
(ResampleInterpolator "FinalBSplineInterpolator")
(Resampler "DefaultResampler")

// These may be changed to Fixed/MovingSmoothingImagePyramid.
// See the manual.
(FixedImagePyramid "FixedRecursiveImagePyramid")
(MovingImagePyramid "MovingRecursiveImagePyramid")

// The following components are most important:
// The optimizer AdaptiveStochasticGradientDescent (ASGD) works
// quite ok in general. The Transform and Metric are important
// and need to be chosen careful for each application. See manual.
(Optimizer "AdaptiveStochasticGradientDescent")
(Transform "EulerTransform")
(Metric "AdvancedMattesMutualInformation")

// ***************** Transformation **************************

// Scales the rotations compared to the translations, to make
// sure they are in the same range. In general, it's best to  
// use automatic scales estimation:
(AutomaticScalesEstimation "true")

// Automatically guess an initial translation by aligning the
// geometric centers of the fixed and moving.
(AutomaticTransformInitialization "true")

// Whether transforms are combined by composition or by addition.
// In generally, Compose is the best option in most cases.
// It does not influence the results very much.
(HowToCombineTransforms "Compose")

// ******************* Similarity measure *********************

// Number of grey level bins in each resolution level,
// for the mutual information. 16 or 32 usually works fine.
// You could also employ a hierarchical strategy:
//(NumberOfHistogramBins 16 32 64)
(NumberOfHistogramBins 32)

// If you use a mask, this option is important. 
// If the mask serves as region of interest, set it to false.
// If the mask indicates which pixels are valid, then set it to true.
// If you do not use a mask, the option doesn't matter.
(ErodeMask "false")

// ******************** Multiresolution **********************

// The number of resolutions. 1 Is only enough if the expected
// deformations are small. 3 or 4 mostly works fine. For large
// images and large deformations, 5 or 6 may even be useful.
(NumberOfResolutions 1)

// The downsampling/blurring factors for the image pyramids.
// By default, the images are downsampled by a factor of 2
// compared to the next resolution.
// So, in 2D, with 4 resolutions, the following schedule is used:
//(ImagePyramidSchedule 8 8  4 4  2 2  1 1 )
// And in 3D:
//(ImagePyramidSchedule 8 8 8  4 4 4  2 2 2  1 1 1 )
// You can specify any schedule, for example:
//(ImagePyramidSchedule 4 4  4 3  2 1  1 1 )
// Make sure that the number of elements equals the number
// of resolutions times the image dimension.

// ******************* Optimizer ****************************

// Maximum number of iterations in each resolution level:
// 200-500 works usually fine for rigid registration.
// For more robustness, you may increase this to 1000-2000.
(MaximumNumberOfIterations 500)

// The step size of the optimizer, in mm. By default the voxel size is used.
// which usually works well. In case of unusual high-resolution images
// (eg histology) it is necessary to increase this value a bit, to the size
// of the "smallest visible structure" in the image:
//(MaximumStepLength 1.0)

// **************** Image sampling **********************

// Number of spatial samples used to compute the mutual
// information (and its derivative) in each iteration.
// With an AdaptiveStochasticGradientDescent optimizer,
// in combination with the two options below, around 2000
// samples may already suffice.
(NumberOfSpatialSamples 2000)

// Refresh these spatial samples in every iteration, and select
// them randomly. See the manual for information on other sampling
// strategies.
(NewSamplesEveryIteration "true")
(ImageSampler "Random")

// ************* Interpolation and Resampling ****************

// Order of B-Spline interpolation used during registration/optimisation.
// It may improve accuracy if you set this to 3. Never use 0.
// An order of 1 gives linear interpolation. This is in most 
// applications a good choice.
(BSplineInterpolationOrder 1)

// Order of B-Spline interpolation used for applying the final
// deformation.
// 3 gives good accuracy; recommended in most cases.
// 1 gives worse accuracy (linear interpolation)
// 0 gives worst accuracy, but is appropriate for binary images
// (masks, segmentations); equivalent to nearest neighbor interpolation.
(FinalBSplineInterpolationOrder 3)

//Default pixel value for pixels that come from outside the picture:
(DefaultPixelValue 0)

// Choose whether to generate the deformed moving image.
// You can save some time by setting this to false, if you are
// only interested in the final (nonrigidly) deformed moving image
// for example.
(WriteResultImage "true")

// The pixel type and format of the resulting deformed moving image
(ResultImagePixelType "short")
(ResultImageFormat "nii.gz")




=============== end of ParameterFile: /Users/sakinkirti/Programming/Python/CCIPD/racial-disparity-pca/code_matlab/rigid.txt ===============


Reading images...
Reading images took 66 ms.

WARNING: the fixed pyramid schedule is not fully specified!
  A default pyramid schedule is used.
WARNING: the moving pyramid schedule is not fully specified!
  A default pyramid schedule is used.
WARNING: The parameter "AutomaticTransformInitializationMethod", requested at entry number 0, does not exist at all.
  The default value "GeometricalCenter" is used instead.
Transform parameters are initialized as: [0, 0, 0, -0.5859375, -0.5859375, -12]
Scales are estimated automatically.
Scales for transform parameters are: [3391.2427368164062, 3391.2427368164062, 5481.9854736328125, 1, 1, 1]
Initialization of all components (before registration) took: 9 ms.
Preparation of the image pyramids took: 7 ms.

Resolution: 0
WARNING: The parameter "ShowExactMetricValue", requested at entry number 0, does not exist at all.
  The default value "false" is used instead.
WARNING: The parameter "CheckNumberOfSamples", requested at entry number 0, does not exist at all.
  The default value "true" is used instead.
WARNING: The parameter "UseMultiThreadingForMetrics", requested at entry number 0, does not exist at all.
  The default value "true" is used instead.
Setting the fixed masks took: 0 ms.
Setting the moving masks took: 0 ms.
WARNING: The parameter "NumberOfFixedHistogramBins", requested at entry number 0, does not exist at all.
  The default value "32" is used instead.
WARNING: The parameter "NumberOfMovingHistogramBins", requested at entry number 0, does not exist at all.
  The default value "32" is used instead.
WARNING: The parameter "FixedLimitRangeRatio", requested at entry number 0, does not exist at all.
  The default value "0.01" is used instead.
WARNING: The parameter "MovingLimitRangeRatio", requested at entry number 0, does not exist at all.
  The default value "0.01" is used instead.
WARNING: The parameter "FixedKernelBSplineOrder", requested at entry number 0, does not exist at all.
  The default value "0" is used instead.
WARNING: The parameter "MovingKernelBSplineOrder", requested at entry number 0, does not exist at all.
  The default value "3" is used instead.
WARNING: The parameter "UseFastAndLowMemoryVersion", requested at entry number 0, does not exist at all.
  The default value "true" is used instead.
WARNING: The parameter "UseJacobianPreconditioning", requested at entry number 0, does not exist at all.
  The default value "false" is used instead.
WARNING: The parameter "FiniteDifferenceDerivative", requested at entry number 0, does not exist at all.
  The default value "false" is used instead.
WARNING: The parameter "SP_A", requested at entry number 0, does not exist at all.
  The default value "20" is used instead.
WARNING: The parameter "MaximumNumberOfSamplingAttempts", requested at entry number 0, does not exist at all.
  The default value "0" is used instead.
WARNING: The parameter "SigmoidInitialTime", requested at entry number 0, does not exist at all.
  The default value "0" is used instead.
WARNING: The parameter "MaxBandCovSize", requested at entry number 0, does not exist at all.
  The default value "192" is used instead.
WARNING: The parameter "NumberOfBandStructureSamples", requested at entry number 0, does not exist at all.
  The default value "10" is used instead.
WARNING: The parameter "UseAdaptiveStepSizes", requested at entry number 0, does not exist at all.
  The default value "true" is used instead.
WARNING: The parameter "AutomaticParameterEstimation", requested at entry number 0, does not exist at all.
  The default value "true" is used instead.
WARNING: The parameter "UseConstantStep", requested at entry number 0, does not exist at all.
  The default value "false" is used instead.
WARNING: The parameter "MaximumStepLengthRatio", requested at entry number 0, does not exist at all.
  The default value "1" is used instead.
WARNING: The parameter "MaximumStepLength", requested at entry number 0, does not exist at all.
  The default value "1.28906" is used instead.
WARNING: The parameter "NumberOfGradientMeasurements", requested at entry number 0, does not exist at all.
  The default value "0" is used instead.
WARNING: The parameter "NumberOfJacobianMeasurements", requested at entry number 0, does not exist at all.
  The default value "1000" is used instead.
WARNING: The parameter "NumberOfSamplesForExactGradient", requested at entry number 0, does not exist at all.
  The default value "100000" is used instead.
WARNING: The parameter "SigmoidScaleFactor", requested at entry number 0, does not exist at all.
  The default value "0.1" is used instead.
Elastix initialization of all components (for this resolution) took: 1 ms.
  Computing the fixed image extrema took 8 ms.
  Computing the moving image extrema took 2 ms.
Initialization of AdvancedMattesMutualInformation metric took: 24 ms.
Starting automatic parameter estimation for AdaptiveStochasticGradientDescent ...
WARNING: The parameter "ASGDParameterEstimationMethod", requested at entry number 0, does not exist at all.
  The default value "Original" is used instead.
  Computing JacobianTerms ...
  Computing the Jacobian terms took 0.002962s
  NumberOfGradientMeasurements to estimate sigma_i: 6
  Sampling gradients ...
  Sampling the gradients took 0.509256s
Automatic parameter estimation took 0.51s
1:ItNr	2:Metric	3a:Time	3b:StepSize	4:||Gradient||	Time[ms]
0	-0.091912	0.000000	15.252341	0.014454	541.2
1	-0.109354	0.000000	15.252341	0.016947	3.8
2	-0.091376	0.000000	15.252341	0.022591	4.5
3	-0.103616	0.000000	15.252341	0.006785	7.4
4	-0.103630	0.000000	15.252341	0.013809	5.6
5	-0.116145	0.000000	15.252341	0.008630	5.8
6	-0.097455	0.000000	15.252341	0.019649	8.1
7	-0.089706	0.000000	15.252341	0.011387	3.9
8	-0.097200	0.000000	15.252341	0.017419	6.7
9	-0.098036	0.000000	15.252341	0.020258	6.0
10	-0.101631	0.000000	15.252341	0.010239	4.8
11	-0.093464	0.970789	14.578409	0.024734	8.0
12	-0.112463	1.967661	13.945658	0.018984	6.9
13	-0.119229	2.967166	13.364081	0.018703	8.4
14	-0.099698	2.119438	13.854106	0.012106	5.9
15	-0.106331	1.271710	14.381435	0.014330	8.3
16	-0.109242	2.271668	13.763481	0.008004	5.9
17	-0.102282	3.271612	13.196452	0.010729	7.7
18	-0.101713	4.066612	12.777920	0.017319	8.0
19	-0.100133	3.218887	13.225181	0.015543	5.6
20	-0.107088	4.218884	12.700767	0.012367	7.5
21	-0.112263	3.371156	13.142551	0.014115	5.4
22	-0.103402	2.528302	13.613356	0.012866	7.6
23	-0.118095	1.683658	14.120260	0.019730	4.0
24	-0.115119	2.683658	13.524058	0.011992	4.3
25	-0.099242	1.845155	14.020441	0.017564	4.4
26	-0.113864	2.845155	13.432463	0.008475	5.1
27	-0.109141	3.837392	12.895845	0.017455	4.6
28	-0.110448	4.837392	12.396730	0.013076	4.5
29	-0.115570	5.837392	11.934810	0.008834	4.4
30	-0.128429	6.829464	11.509354	0.008154	5.0
31	-0.113583	7.829417	11.110150	0.018792	4.1
32	-0.111152	8.692286	10.787285	0.017804	5.2
33	-0.111475	8.594174	10.823048	0.023193	4.1
34	-0.120745	9.594174	10.469286	0.019761	4.2
35	-0.087344	10.585933	10.140563	0.011355	5.9
36	-0.133158	9.738205	10.420230	0.017668	4.4
37	-0.117640	10.738205	10.091911	0.011535	4.3
38	-0.092394	11.738201	9.783652	0.017327	4.7
39	-0.127738	12.738160	9.493676	0.015485	3.4
40	-0.100028	11.890432	9.738369	0.014310	3.9
41	-0.111792	12.890395	9.451031	0.012526	7.0
42	-0.102258	12.042667	9.693502	0.013733	5.8
43	-0.095627	11.923980	9.728446	0.008404	5.1
44	-0.109355	11.566630	9.835195	0.012017	5.0
45	-0.096453	12.537949	9.550350	0.013295	4.7
46	-0.112762	11.690221	9.798011	0.020327	4.0
47	-0.122049	12.689140	9.507490	0.025135	5.4
48	-0.101796	13.689140	9.233413	0.010845	5.0
49	-0.105449	12.841412	9.464710	0.014274	4.1
50	-0.114186	11.993684	9.707893	0.014069	4.5
51	-0.100362	12.993381	9.422398	0.017180	4.2
52	-0.113964	12.761790	9.487031	0.015741	4.3
53	-0.103593	13.761790	9.214116	0.009168	3.4
54	-0.096900	14.677609	8.977596	0.013395	5.0
55	-0.098038	13.829881	9.196103	0.014534	4.6
56	-0.094212	12.982153	9.425511	0.030765	2.9
57	-0.107089	13.982153	9.156073	0.014485	4.5
58	-0.093531	13.134425	9.383464	0.017827	4.1
59	-0.117298	14.134425	9.116391	0.027084	5.4
60	-0.091960	13.286697	9.341791	0.016754	3.9
61	-0.099164	14.286697	9.077051	0.019177	5.8
62	-0.103667	13.438969	9.300486	0.016069	5.0
63	-0.098865	12.601452	9.532301	0.011586	4.3
64	-0.122350	11.753725	9.779015	0.025491	4.4
65	-0.106999	12.118331	9.671356	0.015825	3.8
66	-0.112745	11.270603	9.925416	0.014398	4.8
67	-0.109581	10.422876	10.193184	0.010921	5.3
68	-0.102565	10.349657	10.216991	0.012289	3.6
69	-0.099368	11.087946	9.981915	0.018248	4.4
70	-0.137300	10.240218	10.252783	0.013062	3.6
71	-0.102841	11.235301	9.936286	0.010891	5.3
72	-0.100266	12.235283	9.637323	0.009614	4.4
73	-0.107474	12.071977	9.684911	0.012730	4.1
74	-0.113599	12.700064	9.504408	0.011236	4.0
75	-0.092837	12.163751	9.658110	0.026046	4.6
76	-0.128124	13.074687	9.399915	0.009899	5.0
77	-0.103150	12.226959	9.639737	0.023014	4.0
78	-0.106712	13.226959	9.358096	0.017598	4.9
79	-0.115169	12.379230	9.595762	0.018596	4.7
80	-0.086158	13.379228	9.316648	0.015984	6.7
81	-0.106390	12.581953	9.537836	0.017566	6.9
82	-0.099101	13.382477	9.315767	0.005458	4.5
83	-0.102559	14.344079	9.062314	0.009486	4.6
84	-0.102392	15.343130	8.813197	0.013819	4.0
85	-0.102450	16.213499	8.607069	0.007263	3.4
86	-0.096026	15.760557	8.713120	0.010651	5.7
87	-0.095406	14.912992	8.918755	0.015349	4.9
88	-0.109261	15.601943	8.750879	0.010319	4.3
89	-0.106037	14.754218	8.958360	0.006057	4.8
90	-0.127403	15.621789	8.746136	0.016906	4.3
91	-0.107440	16.621788	8.513661	0.006298	3.8
92	-0.097694	16.714004	8.492844	0.013569	4.6
93	-0.113659	15.877039	8.685598	0.012611	4.7
94	-0.099763	15.029311	8.889961	0.009761	4.6
95	-0.110921	14.205932	9.097875	0.017870	3.9
96	-0.096027	15.205709	8.846648	0.019410	5.5
97	-0.095945	16.205709	8.608871	0.016922	4.4
98	-0.140475	15.357981	8.809597	0.011713	4.6
99	-0.118800	14.510253	9.019906	0.016489	4.9
100	-0.101274	15.510253	8.772855	0.012738	4.9
101	-0.106506	14.662525	8.981393	0.010523	3.9
102	-0.107418	15.573109	8.757778	0.016961	4.9
103	-0.102157	14.731452	8.964068	0.010372	3.9
104	-0.107070	15.701595	8.727118	0.008811	4.4
105	-0.110754	16.181673	8.614436	0.019819	4.2
106	-0.127431	17.181401	8.388879	0.014176	5.0
107	-0.123758	16.333673	8.579364	0.016704	4.3
108	-0.117946	17.251661	8.373471	0.006873	5.1
109	-0.101053	18.228040	8.165056	0.007314	5.2
110	-0.109454	19.191570	7.969312	0.010230	4.4
111	-0.109239	18.345146	8.140754	0.020515	4.0
112	-0.104329	18.759588	8.055897	0.022276	5.1
113	-0.107237	17.911860	8.231402	0.009344	6.1
114	-0.118638	18.911860	8.025162	0.019612	3.6
115	-0.103526	19.911860	7.829005	0.006307	6.2
116	-0.104047	19.064188	7.994650	0.015690	4.9
117	-0.104752	20.023286	7.807740	0.009451	4.2
118	-0.106473	21.002652	7.625689	0.017320	5.0
119	-0.101922	20.155051	7.782742	0.013767	6.7
120	-0.104090	21.151115	7.598830	0.015685	7.2
121	-0.106885	22.151111	7.422733	0.018344	8.1
122	-0.110366	21.303383	7.571479	0.009187	6.9
123	-0.110027	22.288956	7.399096	0.011723	8.7
124	-0.096376	21.455580	7.544336	0.025169	6.3
125	-0.114042	20.607852	7.698046	0.035433	10.3
126	-0.110644	19.760124	7.858150	0.016137	7.1
127	-0.124434	20.760124	7.669976	0.013639	8.2
128	-0.118224	19.927157	7.826079	0.016303	5.7
129	-0.092704	19.113856	7.984751	0.006473	8.3
130	-0.106654	18.266320	8.157096	0.012677	8.8
131	-0.113027	17.422376	8.336266	0.016659	7.3
132	-0.106201	16.574659	8.524340	0.014243	6.9
133	-0.115462	17.572808	8.303755	0.009169	10.5
134	-0.103678	18.418159	8.125675	0.005184	5.6
135	-0.101222	17.658361	8.285379	0.013771	4.2
136	-0.118242	16.870374	8.457776	0.021330	3.5
137	-0.107396	16.022646	8.651439	0.016734	4.3
138	-0.103889	17.021503	8.424158	0.012966	4.1
139	-0.112689	18.021503	8.208273	0.021527	4.7
140	-0.124664	17.173775	8.390555	0.016940	5.3
141	-0.096659	18.173775	8.176367	0.006939	4.0
142	-0.103713	18.687650	8.070499	0.013495	3.6
143	-0.121716	19.687592	7.872158	0.013158	4.5
144	-0.104086	18.843351	8.038961	0.019927	4.5
145	-0.112359	19.843351	7.842137	0.012343	4.4
146	-0.115987	20.843307	7.654729	0.009098	4.0
147	-0.124304	21.843266	7.476068	0.014689	4.5
148	-0.088532	22.843140	7.305571	0.010864	4.3
149	-0.095277	21.995412	7.449612	0.013231	3.7
150	-0.119261	22.995412	7.280285	0.004872	5.1
151	-0.117731	23.360215	7.220415	0.012563	4.4
152	-0.111150	22.692659	7.330732	0.011823	4.2
153	-0.108354	23.382966	7.216714	0.024325	3.6
154	-0.105780	24.368647	7.059923	0.009136	3.7
155	-0.110685	25.368621	6.907671	0.013492	3.7
156	-0.099307	25.750131	6.851300	0.012482	3.2
157	-0.124811	26.400584	6.757283	0.015918	3.9
158	-0.112875	26.241638	6.780018	0.013395	4.2
159	-0.109046	27.068462	6.663395	0.010174	3.4
160	-0.104267	26.298497	6.771868	0.013484	4.3
161	-0.099818	27.297657	6.631774	0.015719	3.5
162	-0.105015	26.569800	6.733246	0.014622	5.5
163	-0.116367	27.569749	6.594622	0.015210	6.5
164	-0.113371	26.722021	6.711768	0.010233	6.4
165	-0.111126	25.875165	6.833025	0.016385	6.4
166	-0.103731	25.285449	6.920083	0.003307	5.8
167	-0.107059	25.736841	6.853248	0.018432	6.1
168	-0.109486	24.897511	6.978574	0.014817	6.3
169	-0.106288	24.049782	7.109894	0.015364	7.1
170	-0.108444	25.049764	6.955501	0.012541	7.1
171	-0.112830	24.202154	7.085927	0.010713	7.1
172	-0.098793	23.680066	7.168726	0.014517	6.1
173	-0.103994	22.833432	7.307189	0.010300	6.4
174	-0.107890	23.756940	7.156413	0.014681	6.5
175	-0.104631	22.909301	7.294563	0.013555	3.6
176	-0.102336	23.909301	7.132134	0.010422	3.6
177	-0.119831	24.756791	7.000035	0.023848	3.9
178	-0.099022	25.736059	6.853363	0.012574	5.0
179	-0.121413	26.736059	6.709795	0.010146	6.8
180	-0.108097	27.736058	6.572119	0.009678	7.3
181	-0.099244	27.008780	6.671679	0.009959	6.7
182	-0.106901	26.183983	6.788303	0.016838	5.5
183	-0.122729	25.341030	6.911783	0.019028	6.0
184	-0.098177	24.493303	7.040578	0.011845	5.3
185	-0.105525	25.493300	6.889147	0.010875	6.2
186	-0.095993	25.277928	6.921208	0.014492	7.1
187	-0.113807	26.257174	6.777789	0.018950	6.0
188	-0.124172	25.409446	6.901594	0.010863	6.2
189	-0.100342	26.409361	6.756032	0.013267	5.2
190	-0.117070	26.294566	6.772430	0.012668	4.3
191	-0.096812	26.494608	6.743906	0.010065	6.4
192	-0.111552	25.647140	6.866426	0.022687	7.7
193	-0.082670	26.646440	6.722415	0.015425	7.1
194	-0.098443	27.646440	6.584226	0.013085	5.0
195	-0.094872	26.798711	6.701000	0.013026	6.7
196	-0.112738	27.798643	6.563690	0.004664	6.0
197	-0.113557	28.792437	6.432687	0.008102	5.5
198	-0.110393	29.724356	6.314504	0.027357	8.8
199	-0.096884	30.724223	6.192440	0.005133	5.3
200	-0.097743	31.466948	6.104780	0.010921	6.3
201	-0.098405	30.722194	6.192683	0.008630	6.2
202	-0.112890	31.707622	6.076904	0.017740	5.4
203	-0.090366	32.707619	5.963756	0.009597	5.8
204	-0.119312	33.663445	5.859476	0.019250	5.7
205	-0.114528	34.663414	5.754213	0.010529	5.1
206	-0.118202	33.816097	5.843159	0.015892	6.3
207	-0.113507	32.968369	5.934942	0.023093	5.5
208	-0.094709	33.968369	5.826972	0.011893	5.5
209	-0.102943	34.968369	5.722860	0.008654	7.0
210	-0.128319	34.129189	5.809974	0.027219	4.6
211	-0.114683	33.551263	5.871526	0.018865	6.3
212	-0.110341	32.703535	5.964210	0.014493	5.4
213	-0.111544	33.702262	5.855318	0.007257	5.5
214	-0.102430	34.702141	5.750213	0.012475	5.7
215	-0.124999	34.272311	5.794930	0.012759	6.4
216	-0.116422	33.427886	5.884836	0.015284	4.7
217	-0.110877	32.604351	5.975246	0.011864	6.4
218	-0.085596	33.604351	5.865817	0.013611	6.8
219	-0.115844	34.604330	5.760328	0.016428	6.0
220	-0.099455	35.604330	5.658563	0.019771	6.9
221	-0.095235	34.756602	5.744596	0.013559	6.3
222	-0.123127	35.756430	5.643399	0.011258	7.7
223	-0.101946	36.756430	5.545688	0.013153	5.6
224	-0.112643	35.980096	5.621246	0.007366	5.8
225	-0.107112	36.980091	5.524296	0.009888	5.7
226	-0.122277	36.142509	5.605269	0.012786	6.8
227	-0.116926	36.946176	5.527529	0.019389	6.3
228	-0.131998	36.098449	5.609595	0.009683	5.1
229	-0.100923	35.363980	5.682692	0.011078	5.4
230	-0.109621	36.363864	5.583640	0.015184	5.4
231	-0.112424	37.363864	5.487970	0.005031	5.6
232	-0.104772	38.357406	5.396111	0.007934	6.6
233	-0.120594	37.517429	5.473569	0.015633	5.7
234	-0.109623	38.514661	5.381853	0.018315	5.8
235	-0.116160	37.667788	5.459540	0.027778	6.7
236	-0.101896	38.667788	5.368041	0.018286	4.9
237	-0.111927	37.820060	5.445407	0.014097	5.4
238	-0.133231	38.655094	5.369184	0.021864	6.2
239	-0.087409	39.655094	5.280664	0.015835	5.1
240	-0.096230	38.912378	5.346127	0.017134	5.6
241	-0.095348	39.912378	5.258359	0.011433	5.7
242	-0.082657	40.912378	5.173427	0.013038	5.0
243	-0.111210	40.064650	5.245247	0.012495	5.9
244	-0.111492	41.064396	5.160755	0.015442	6.2
245	-0.112945	42.064381	5.078923	0.011007	4.9
246	-0.111677	41.217522	5.148054	0.012992	7.0
247	-0.098669	42.198894	5.068113	0.013322	4.9
248	-0.095505	41.351166	5.137020	0.017436	6.1
249	-0.107955	42.351166	5.055932	0.007356	7.1
250	-0.096304	41.504291	5.124435	0.005309	5.1
251	-0.119488	40.787124	5.183914	0.014321	5.8
252	-0.115038	41.731102	5.105907	0.017584	6.5
253	-0.118032	41.038538	5.162906	0.019267	5.4
254	-0.100513	42.038538	5.081005	0.015819	6.2
255	-0.110483	43.038538	5.001663	0.019840	5.0
256	-0.102726	44.038538	4.924759	0.010732	6.0
257	-0.110826	45.038538	4.850185	0.021562	7.1
258	-0.113229	44.453509	4.893537	0.007372	6.8
259	-0.117877	45.453509	4.819898	0.021396	6.3
260	-0.120403	46.453509	4.748443	0.008451	5.1
261	-0.112123	45.605782	4.808879	0.020391	5.6
262	-0.104597	44.762230	4.870564	0.008111	6.3
263	-0.111053	45.762230	4.797610	0.011882	6.4
264	-0.106168	46.762099	4.726819	0.009480	7.8
265	-0.102621	45.946119	4.784432	0.015546	7.1
266	-0.116058	45.154854	4.841658	0.015240	7.9
267	-0.114352	46.154854	4.769561	0.017577	5.0
268	-0.121376	45.312916	4.830117	0.011116	5.0
269	-0.097348	44.467585	4.892485	0.012332	7.0
270	-0.101594	44.952966	4.856478	0.012892	5.9
271	-0.112705	44.105238	4.919714	0.013926	5.6
272	-0.122114	43.257545	4.984616	0.026154	6.8
273	-0.105431	42.410110	5.051232	0.009913	6.6
274	-0.128010	43.410110	4.972809	0.011334	6.2
275	-0.121550	42.562511	5.039121	0.017391	5.3
276	-0.110385	41.715615	5.107168	0.013125	6.7
277	-0.110195	42.715615	5.027012	0.011743	7.0
278	-0.108860	42.050721	5.080024	0.013497	6.4
279	-0.091724	41.202993	5.149256	0.015458	6.5
280	-0.103739	40.355375	5.220393	0.009335	4.6
281	-0.104889	40.031694	5.248079	0.016117	3.4
282	-0.102760	41.029963	5.163620	0.016167	4.5
283	-0.114177	42.029963	5.081697	0.012332	4.7
284	-0.091224	43.029955	5.002333	0.009855	4.5
285	-0.107009	44.029955	4.925410	0.011957	4.6
286	-0.134628	43.583697	4.959443	0.010884	5.7
287	-0.123301	44.577500	4.884284	0.015752	4.6
288	-0.101084	44.493988	4.890512	0.022657	5.4
289	-0.101188	43.646260	4.954643	0.011347	5.3
290	-0.110389	42.798547	5.020477	0.020387	4.0
291	-0.098246	43.798543	4.942999	0.010195	4.6
292	-0.101864	42.952330	5.008405	0.010725	5.2
293	-0.103530	43.952275	4.931300	0.014067	4.7
294	-0.108228	43.104565	4.996511	0.016072	5.0
295	-0.122555	42.261196	5.063122	0.010927	4.9
296	-0.108284	43.261190	4.984333	0.024073	4.4
297	-0.096681	44.260876	4.907981	0.011934	4.1
298	-0.123415	43.416239	4.972336	0.015695	5.2
299	-0.108503	44.416239	4.896325	0.014005	4.7
300	-0.114244	43.568511	4.960609	0.015668	4.4
301	-0.098009	42.720797	5.026603	0.016513	5.0
302	-0.104622	43.218831	4.987620	0.014224	4.3
303	-0.109982	42.371103	5.054341	0.014675	3.9
304	-0.124288	43.369072	4.975979	0.018738	6.6
305	-0.118008	42.521378	5.042384	0.015344	5.0
306	-0.116642	43.521378	4.964233	0.009256	6.2
307	-0.083843	42.673750	5.030317	0.018319	6.7
308	-0.111912	41.840661	5.097005	0.014120	6.3
309	-0.106472	42.141058	5.072756	0.012944	5.9
310	-0.104589	43.122213	4.995136	0.012637	7.0
311	-0.116521	42.274485	5.062059	0.014107	5.8
312	-0.090758	41.426761	5.130799	0.012324	8.6
313	-0.104769	40.609578	5.198853	0.012177	6.8
314	-0.113413	41.609488	5.115825	0.019105	6.5
315	-0.086019	40.761760	5.186043	0.014674	5.2
316	-0.125033	39.914032	5.258216	0.017439	5.0
317	-0.124887	39.066304	5.332427	0.013543	6.2
318	-0.112205	40.066299	5.245105	0.022407	6.1
319	-0.114118	41.066299	5.160597	0.014224	5.5
320	-0.101938	40.218571	5.232059	0.011922	7.7
321	-0.115360	41.218571	5.147967	0.005562	5.2
322	-0.096536	42.218307	5.066557	0.011181	5.4
323	-0.086245	43.212597	4.988105	0.011787	7.6
324	-0.118805	42.520217	5.042476	0.016800	5.7
325	-0.116357	43.455257	4.969326	0.020506	6.1
326	-0.112347	44.455257	4.893406	0.006946	5.4
327	-0.105661	45.454845	4.819801	0.012990	6.8
328	-0.115751	45.539453	4.813673	0.016133	4.8
329	-0.110949	45.469818	4.818716	0.012400	6.7
330	-0.093285	44.622570	4.880930	0.019674	7.5
331	-0.113633	44.136911	4.917322	0.014733	5.7
332	-0.106381	45.136911	4.842971	0.030928	7.4
333	-0.097387	44.289183	4.905853	0.014066	5.2
334	-0.118207	43.503400	4.965617	0.006078	6.0
335	-0.101023	43.651745	4.954223	0.014193	5.7
336	-0.115646	43.151238	4.992876	0.027590	6.0
337	-0.105258	42.303527	5.059736	0.019653	6.5
338	-0.100945	41.455799	5.128413	0.013861	6.4
339	-0.107105	42.455799	5.047595	0.013315	6.2
340	-0.106886	43.365810	4.976231	0.016795	8.2
341	-0.098412	42.518082	5.042645	0.018424	5.6
342	-0.113292	43.518029	4.964491	0.008884	6.8
343	-0.110005	44.464781	4.892694	0.016459	4.2
344	-0.093660	44.029043	4.925479	0.010275	5.2
345	-0.116208	45.026916	4.851039	0.005001	6.4
346	-0.102425	45.842668	4.791837	0.022891	5.3
347	-0.099741	46.842664	4.721205	0.013153	6.0
348	-0.102914	45.994936	4.780946	0.011513	6.0
349	-0.118166	46.994936	4.710633	0.015172	5.2
350	-0.095172	47.994936	4.642357	0.012233	6.6
351	-0.096785	48.994936	4.576033	0.005039	6.1
352	-0.112950	48.222507	4.627096	0.020821	6.2
353	-0.138886	47.686183	4.663225	0.011407	5.6
354	-0.087599	48.686183	4.596308	0.009711	5.3
355	-0.088715	48.776457	4.590361	0.011172	6.9
356	-0.097782	47.930199	4.646717	0.011644	6.5
357	-0.106127	48.930199	4.580269	0.014979	5.4
358	-0.108534	48.085139	4.636296	0.013913	6.3
359	-0.103460	47.538360	4.673283	0.023685	5.3
360	-0.123848	46.690633	4.731809	0.005295	5.7
361	-0.104385	47.690483	4.662934	0.014744	5.8
362	-0.109568	47.267083	4.691854	0.019415	5.6
363	-0.103552	46.419355	4.750849	0.017017	5.9
364	-0.111830	47.419355	4.681412	0.014712	5.2
365	-0.097358	46.571629	4.740143	0.017303	4.9
366	-0.091535	47.571629	4.671016	0.009404	4.9
367	-0.101447	46.724114	4.729470	0.012300	5.0
368	-0.129126	47.724114	4.660652	0.018896	5.4
369	-0.108653	48.724093	4.593809	0.008955	5.1
370	-0.108152	47.876365	4.650349	0.017131	6.2
371	-0.099012	47.591310	4.669675	0.016849	5.6
372	-0.121334	46.744376	4.728055	0.010614	6.1
373	-0.114167	47.744360	4.659279	0.014297	5.5
374	-0.128272	46.896790	4.717442	0.015230	5.2
375	-0.116607	47.820331	4.654136	0.012626	5.4
376	-0.090336	48.820327	4.587477	0.006596	5.9
377	-0.093877	47.975782	4.643647	0.015714	4.7
378	-0.115480	47.128325	4.701410	0.015768	7.3
379	-0.104154	46.280607	4.760646	0.010376	6.6
380	-0.127396	46.837258	4.721582	0.009382	6.8
381	-0.107216	47.836427	4.653047	0.009573	5.7
382	-0.089272	48.745436	4.592403	0.012728	5.4
383	-0.099252	49.009517	4.575080	0.009851	6.5
384	-0.098196	48.170637	4.630565	0.014494	6.5
385	-0.096911	49.168486	4.564715	0.013102	8.0
386	-0.112395	50.167994	4.500607	0.013881	7.8
387	-0.088987	49.320902	4.554822	0.014086	5.7
388	-0.126495	48.473174	4.610401	0.006523	7.0
389	-0.092483	49.473013	4.544990	0.015905	4.9
390	-0.115768	48.659958	4.598038	0.014851	6.4
391	-0.104015	49.654559	4.533312	0.017259	6.8
392	-0.095104	48.806831	4.588364	0.020239	5.5
393	-0.113754	49.796814	4.524203	0.010083	6.5
394	-0.132967	48.950102	4.578966	0.010959	5.0
395	-0.100637	49.949806	4.514447	0.019426	5.6
396	-0.098922	49.106358	4.568760	0.014818	6.4
397	-0.113192	48.258654	4.624681	0.017430	6.4
398	-0.116298	49.258621	4.558859	0.031053	6.7
399	-0.111657	50.258560	4.494887	0.013251	5.9
400	-0.108941	51.258560	4.432681	0.013107	6.4
401	-0.087564	50.812302	4.460227	0.025914	6.1
402	-0.097296	51.812302	4.398970	0.014592	6.3
403	-0.115184	52.812302	4.339374	0.007803	6.6
404	-0.128777	51.964728	4.389781	0.014886	5.9
405	-0.097363	52.960488	4.330679	0.008828	5.4
406	-0.104071	52.516223	4.356850	0.012722	6.1
407	-0.109254	53.513156	4.298558	0.014018	6.2
408	-0.103606	52.666196	4.347980	0.018877	6.4
409	-0.101087	53.666145	4.289751	0.009967	6.8
410	-0.113710	54.422457	4.246735	0.011779	5.4
411	-0.101843	53.598252	4.293655	0.012947	6.2
412	-0.112432	54.598252	4.236859	0.028212	5.4
413	-0.112448	53.750524	4.284909	0.012279	5.1
414	-0.093651	52.902796	4.334060	0.012148	6.1
415	-0.101372	52.063550	4.383843	0.018128	5.4
416	-0.112177	53.063550	4.324653	0.014205	6.1
417	-0.089610	54.063530	4.267041	0.007772	6.1
418	-0.109678	55.062607	4.210994	0.011963	5.9
419	-0.092229	56.060486	4.156464	0.015220	6.1
420	-0.128646	57.060486	4.103218	0.004457	6.6
421	-0.105447	56.221665	4.147789	0.014516	5.0
422	-0.097014	55.386792	4.193122	0.013631	6.4
423	-0.100688	56.386792	4.138938	0.005982	5.7
424	-0.102647	55.547836	4.184301	0.013531	4.8
425	-0.113526	56.115581	4.153495	0.017738	5.5
426	-0.110754	55.268992	4.199599	0.013121	5.6
427	-0.114455	54.421264	4.246802	0.016287	4.5
428	-0.115196	53.743728	4.285298	0.014325	6.1
429	-0.121725	52.896000	4.334459	0.011467	4.7
430	-0.102055	53.597491	4.293699	0.013607	6.0
431	-0.093540	52.749763	4.343053	0.008511	6.2
432	-0.097468	53.747376	4.285089	0.008815	6.3
433	-0.123176	54.746101	4.228589	0.013462	7.8
434	-0.106379	53.902323	4.276225	0.017871	4.5
435	-0.114633	54.902157	4.219895	0.011441	4.9
436	-0.112788	55.902156	4.165022	0.012688	5.5
437	-0.089621	55.054429	4.211446	0.014443	5.5
438	-0.094615	56.054421	4.156791	0.019039	5.1
439	-0.104792	55.206693	4.203032	0.015423	6.3
440	-0.104430	56.206693	4.148593	0.020042	5.5
441	-0.106734	57.206693	4.095547	0.022971	6.3
442	-0.121151	58.206693	4.043840	0.006072	5.4
443	-0.117364	57.360031	4.087532	0.018431	5.4
444	-0.101570	58.213102	4.043512	0.015456	6.8
445	-0.102866	57.365375	4.087254	0.010931	6.2
446	-0.104152	56.537025	4.130919	0.008835	6.6
447	-0.112988	57.537018	4.078321	0.005801	7.1
448	-0.104068	58.230876	4.042605	0.009279	6.2
449	-0.089505	57.725646	4.068549	0.012386	5.8
450	-0.118460	56.889707	4.112214	0.009806	5.6
451	-0.108270	56.041979	4.157463	0.019073	5.1
452	-0.115038	57.041508	4.104215	0.016511	6.6
453	-0.104057	58.041508	4.052291	0.025556	6.6
454	-0.102703	59.041508	4.001663	0.012575	5.8
455	-0.106892	58.193780	4.044499	0.009993	7.4
456	-0.096991	57.350908	4.088008	0.011673	5.4
457	-0.108051	56.503181	4.132723	0.014734	7.1
458	-0.109723	55.656037	4.178394	0.016306	5.6
459	-0.109850	55.920007	4.164055	0.018298	7.6
460	-0.122823	56.920007	4.110615	0.009155	6.4
461	-0.107460	57.919996	4.058530	0.007261	4.7
462	-0.095850	57.075025	4.102453	0.006490	5.1
463	-0.107765	56.235613	4.147040	0.011022	5.3
464	-0.096834	55.450333	4.189637	0.010104	5.3
465	-0.103572	56.367053	4.139994	0.014649	6.2
466	-0.108656	55.519327	4.185860	0.010947	4.7
467	-0.114492	54.673543	4.232644	0.016690	5.5
468	-0.123331	53.825816	4.280597	0.020083	7.6
469	-0.099819	52.978088	4.329649	0.009079	4.9
470	-0.094959	53.977333	4.271947	0.008775	6.5
471	-0.109227	53.680098	4.288949	0.014704	6.3
472	-0.106814	53.090572	4.323076	0.019079	4.2
473	-0.114260	54.089404	4.265571	0.012253	5.7
474	-0.105781	53.241677	4.314277	0.023620	5.6
475	-0.100557	52.490712	4.358362	0.015621	4.6
476	-0.119883	53.490712	4.299854	0.020208	6.3
477	-0.097657	54.490712	4.242895	0.016508	5.4
478	-0.118825	55.481659	4.187921	0.021485	4.4
479	-0.120018	56.481659	4.133871	0.019249	7.5
480	-0.109109	57.481658	4.081198	0.019728	5.6
481	-0.103071	56.634095	4.125754	0.017358	5.9
482	-0.127781	55.786367	4.171302	0.014617	7.5
483	-0.096980	54.941955	4.217684	0.016856	7.1
484	-0.115117	55.941951	4.162868	0.010392	6.1
485	-0.099003	55.097456	4.209065	0.020478	5.8
486	-0.110164	54.269395	4.255370	0.017239	6.7
487	-0.116532	55.266627	4.199729	0.012333	5.7
488	-0.107869	54.418899	4.246935	0.007609	6.5
489	-0.100657	55.417157	4.191456	0.014082	6.4
490	-0.107459	56.416349	4.137358	0.014511	5.2
491	-0.107078	55.568658	4.183163	0.012633	6.6
492	-0.103670	54.735209	4.229197	0.023887	5.3
493	-0.101469	55.700448	4.175975	0.019560	4.7
494	-0.104588	54.852720	4.222646	0.009403	8.7
495	-0.131469	55.852719	4.167701	0.023496	5.1
496	-0.105794	56.851922	4.114210	0.019533	7.7
497	-0.110948	57.851922	4.062034	0.008931	5.9
498	-0.092697	57.008118	4.105972	0.013035	6.9
499	-0.121388	56.164553	4.150859	0.010942	6.1
Time spent in resolution 0 (ITK initialization and iterating): 3.561 s.
Stopping condition: Maximum number of iterations has been reached.
Settings of AdaptiveStochasticGradientDescent in resolution 0:
( SP_a 320.299157 )
( SP_A 20.000000 )
( SP_alpha 1.000000 )
( SigmoidMax 1.000000 )
( SigmoidMin -0.847728 )
( SigmoidScale 0.000006 )



=============== start of TransformParameterFile ===============
(Transform "EulerTransform")
(NumberOfParameters 6)
(TransformParameters -0.009521 -0.002791 -0.010140 0.760963 0.708100 -13.136108)
(InitialTransformParametersFileName "NoInitialTransform")
(UseBinaryFormatForTransformationParameters "false")
(HowToCombineTransforms "Compose")

// Image specific
(FixedImageDimension 3)
(MovingImageDimension 3)
(FixedInternalImagePixelType "float")
(MovingInternalImagePixelType "float")
(Size 256 256 30)
(Index 0 0 0)
(Spacing 0.7031250000 0.7031250000 3.0000000000)
(Origin -109.0019226074 -86.0334014893 79.5829772949)
(Direction 1.0000000000 0.0000000000 0.0000000000 0.0000000000 1.0000000000 0.0000000000 0.0000000000 0.0000000000 1.0000000000)
(UseDirectionCosines "false")

// EulerTransform specific
(CenterOfRotationPoint -19.3534851074 3.6150360107 123.0829772949)
(ComputeZYX "false")

// ResampleInterpolator specific
(ResampleInterpolator "FinalBSplineInterpolator")
(FinalBSplineInterpolationOrder 3)

// Resampler specific
(Resampler "DefaultResampler")
(DefaultPixelValue 0.000000)
(ResultImageFormat "nii.gz")
(ResultImagePixelType "short")
(CompressResultImage "false")

=============== end of TransformParameterFile ===============

Creating the TransformParameterFile took 0.00s

Registration result checksum: 1247623668

Applying final transform ...
  Applying final transform took 0.93s

Final metric value  = -0.121388
Settings of AdaptiveStochasticGradientDescent for all resolutions:
( SP_a 320.299157 )
( SP_A 20.000000 )
( SP_alpha 1.000000 )
( SigmoidMax 1.000000 )
( SigmoidMin -0.847728 )
( SigmoidScale 0.000006 )

Time spent on saving the results, applying the final transform etc.: 933 ms.
Running elastix with parameter file 0: "/Users/sakinkirti/Programming/Python/CCIPD/racial-disparity-pca/code_matlab/rigid.txt", has finished.


Current time: Mon May 23 17:51:47 2022.
Time used for running elastix with this parameter file:
  4.6s.

-------------------------------------------------------------------------

Total time elapsed: 4.7s.

