
elastix is started at Mon May 23 08:24:55 2022.

which elastix:   /Users/sakinkirti/Programming/Python/CCIPD/racial-disparity-pca/code_matlab/elastix-5.0.0-mac/bin/elastix
elastix runs at: Sakins-MBP.hsd1.ca.comcast.net
  macOS 12.3.1 (x64), 21E258
  with 8192 MB memory, and 2 cores @ 2300 MHz.
-------------------------------------------------------------------------

Running elastix with parameter file 0: "/Users/sakinkirti/Programming/Python/CCIPD/racial-disparity-pca/code_matlab/rigid.txt".

Current time: Mon May 23 08:24:55 2022.
Reading the elastix parameters from file ...

Installing all components.
InstallingComponents was successful.

ELASTIX version: 5.000
Command line options from ElastixBase:
-f        /Users/sakinkirti/Programming/Python/CCIPD/racial-disparity-pca/dataset/to_nifti_cleaned/prostate-001195/ADC.nii.gz
-m        /Users/sakinkirti/Programming/Python/CCIPD/racial-disparity-pca/dataset/to_nifti_cleaned/prostate-001195/T2W.nii.gz
-fMask    unspecified, so no fixed mask used
-mMask    unspecified, so no moving mask used
-out      /Users/sakinkirti/Programming/Python/CCIPD/racial-disparity-pca/dataset/to_nifti_cleaned/prostate-001195/
-p        /Users/sakinkirti/Programming/Python/CCIPD/racial-disparity-pca/code_matlab/rigid.txt
-threads  unspecified, so all available threads are used
Command line options from TransformBase:
-t0       unspecified, so no initial transform used

=============== start of ParameterFile: /Users/sakinkirti/Programming/Python/CCIPD/racial-disparity-pca/code_matlab/rigid.txt ===============
// Example parameter file for rotation registration
// C-style comments: //

// The internal pixel type, used for internal computations
// Leave to float in general. 
// NB: this is not the type of the input images! The pixel 
// type of the input images is automatically read from the 
// images themselves.
// This setting can be changed to "short" to save some memory
// in case of very large 3D images.
(FixedInternalImagePixelType "float")
(MovingInternalImagePixelType "float")

// The dimensions of the fixed and moving image
// Up to elastix 4.5 this had to be specified by the user.
// From elastix 4.6, this is not necessary anymore.
//(FixedImageDimension 3)
//(MovingImageDimension 3)

// Specify whether you want to take into account the so-called
// direction cosines of the images. Recommended: true.
// In some cases, the direction cosines of the image are corrupt,
// due to image format conversions for example. In that case, you 
// may want to set this option to "false".
(UseDirectionCosines "false")

// **************** Main Components **************************

// The following components should usually be left as they are:
(Registration "MultiResolutionRegistration")
(Interpolator "BSplineInterpolator")
(ResampleInterpolator "FinalBSplineInterpolator")
(Resampler "DefaultResampler")

// These may be changed to Fixed/MovingSmoothingImagePyramid.
// See the manual.
(FixedImagePyramid "FixedRecursiveImagePyramid")
(MovingImagePyramid "MovingRecursiveImagePyramid")

// The following components are most important:
// The optimizer AdaptiveStochasticGradientDescent (ASGD) works
// quite ok in general. The Transform and Metric are important
// and need to be chosen careful for each application. See manual.
(Optimizer "AdaptiveStochasticGradientDescent")
(Transform "EulerTransform")
(Metric "AdvancedMattesMutualInformation")

// ***************** Transformation **************************

// Scales the rotations compared to the translations, to make
// sure they are in the same range. In general, it's best to  
// use automatic scales estimation:
(AutomaticScalesEstimation "true")

// Automatically guess an initial translation by aligning the
// geometric centers of the fixed and moving.
(AutomaticTransformInitialization "true")

// Whether transforms are combined by composition or by addition.
// In generally, Compose is the best option in most cases.
// It does not influence the results very much.
(HowToCombineTransforms "Compose")

// ******************* Similarity measure *********************

// Number of grey level bins in each resolution level,
// for the mutual information. 16 or 32 usually works fine.
// You could also employ a hierarchical strategy:
//(NumberOfHistogramBins 16 32 64)
(NumberOfHistogramBins 32)

// If you use a mask, this option is important. 
// If the mask serves as region of interest, set it to false.
// If the mask indicates which pixels are valid, then set it to true.
// If you do not use a mask, the option doesn't matter.
(ErodeMask "false")

// ******************** Multiresolution **********************

// The number of resolutions. 1 Is only enough if the expected
// deformations are small. 3 or 4 mostly works fine. For large
// images and large deformations, 5 or 6 may even be useful.
(NumberOfResolutions 1)

// The downsampling/blurring factors for the image pyramids.
// By default, the images are downsampled by a factor of 2
// compared to the next resolution.
// So, in 2D, with 4 resolutions, the following schedule is used:
//(ImagePyramidSchedule 8 8  4 4  2 2  1 1 )
// And in 3D:
//(ImagePyramidSchedule 8 8 8  4 4 4  2 2 2  1 1 1 )
// You can specify any schedule, for example:
//(ImagePyramidSchedule 4 4  4 3  2 1  1 1 )
// Make sure that the number of elements equals the number
// of resolutions times the image dimension.

// ******************* Optimizer ****************************

// Maximum number of iterations in each resolution level:
// 200-500 works usually fine for rigid registration.
// For more robustness, you may increase this to 1000-2000.
(MaximumNumberOfIterations 500)

// The step size of the optimizer, in mm. By default the voxel size is used.
// which usually works well. In case of unusual high-resolution images
// (eg histology) it is necessary to increase this value a bit, to the size
// of the "smallest visible structure" in the image:
//(MaximumStepLength 1.0)

// **************** Image sampling **********************

// Number of spatial samples used to compute the mutual
// information (and its derivative) in each iteration.
// With an AdaptiveStochasticGradientDescent optimizer,
// in combination with the two options below, around 2000
// samples may already suffice.
(NumberOfSpatialSamples 2000)

// Refresh these spatial samples in every iteration, and select
// them randomly. See the manual for information on other sampling
// strategies.
(NewSamplesEveryIteration "true")
(ImageSampler "Random")

// ************* Interpolation and Resampling ****************

// Order of B-Spline interpolation used during registration/optimisation.
// It may improve accuracy if you set this to 3. Never use 0.
// An order of 1 gives linear interpolation. This is in most 
// applications a good choice.
(BSplineInterpolationOrder 1)

// Order of B-Spline interpolation used for applying the final
// deformation.
// 3 gives good accuracy; recommended in most cases.
// 1 gives worse accuracy (linear interpolation)
// 0 gives worst accuracy, but is appropriate for binary images
// (masks, segmentations); equivalent to nearest neighbor interpolation.
(FinalBSplineInterpolationOrder 3)

//Default pixel value for pixels that come from outside the picture:
(DefaultPixelValue 0)

// Choose whether to generate the deformed moving image.
// You can save some time by setting this to false, if you are
// only interested in the final (nonrigidly) deformed moving image
// for example.
(WriteResultImage "false")

// The pixel type and format of the resulting deformed moving image
(ResultImagePixelType "short")
(ResultImageFormat "nii.gz")




=============== end of ParameterFile: /Users/sakinkirti/Programming/Python/CCIPD/racial-disparity-pca/code_matlab/rigid.txt ===============


Reading images...
Reading images took 522 ms.

WARNING: the fixed pyramid schedule is not fully specified!
  A default pyramid schedule is used.
WARNING: the moving pyramid schedule is not fully specified!
  A default pyramid schedule is used.
WARNING: The parameter "AutomaticTransformInitializationMethod", requested at entry number 0, does not exist at all.
  The default value "GeometricalCenter" is used instead.
Transform parameters are initialized as: [0, 0, 0, -0.21687786281108856, 10.400508001446724, -0.9059990644454956]
Scales are estimated automatically.
Scales for transform parameters are: [6681.819838182415, 6681.819838182426, 11775.514722260674, 1, 1, 1]
Initialization of all components (before registration) took: 9 ms.
Preparation of the image pyramids took: 80 ms.

Resolution: 0
WARNING: The parameter "ShowExactMetricValue", requested at entry number 0, does not exist at all.
  The default value "false" is used instead.
WARNING: The parameter "CheckNumberOfSamples", requested at entry number 0, does not exist at all.
  The default value "true" is used instead.
WARNING: The parameter "UseMultiThreadingForMetrics", requested at entry number 0, does not exist at all.
  The default value "true" is used instead.
Setting the fixed masks took: 0 ms.
Setting the moving masks took: 0 ms.
WARNING: The parameter "NumberOfFixedHistogramBins", requested at entry number 0, does not exist at all.
  The default value "32" is used instead.
WARNING: The parameter "NumberOfMovingHistogramBins", requested at entry number 0, does not exist at all.
  The default value "32" is used instead.
WARNING: The parameter "FixedLimitRangeRatio", requested at entry number 0, does not exist at all.
  The default value "0.01" is used instead.
WARNING: The parameter "MovingLimitRangeRatio", requested at entry number 0, does not exist at all.
  The default value "0.01" is used instead.
WARNING: The parameter "FixedKernelBSplineOrder", requested at entry number 0, does not exist at all.
  The default value "0" is used instead.
WARNING: The parameter "MovingKernelBSplineOrder", requested at entry number 0, does not exist at all.
  The default value "3" is used instead.
WARNING: The parameter "UseFastAndLowMemoryVersion", requested at entry number 0, does not exist at all.
  The default value "true" is used instead.
WARNING: The parameter "UseJacobianPreconditioning", requested at entry number 0, does not exist at all.
  The default value "false" is used instead.
WARNING: The parameter "FiniteDifferenceDerivative", requested at entry number 0, does not exist at all.
  The default value "false" is used instead.
WARNING: The parameter "SP_A", requested at entry number 0, does not exist at all.
  The default value "20" is used instead.
WARNING: The parameter "MaximumNumberOfSamplingAttempts", requested at entry number 0, does not exist at all.
  The default value "0" is used instead.
WARNING: The parameter "SigmoidInitialTime", requested at entry number 0, does not exist at all.
  The default value "0" is used instead.
WARNING: The parameter "MaxBandCovSize", requested at entry number 0, does not exist at all.
  The default value "192" is used instead.
WARNING: The parameter "NumberOfBandStructureSamples", requested at entry number 0, does not exist at all.
  The default value "10" is used instead.
WARNING: The parameter "UseAdaptiveStepSizes", requested at entry number 0, does not exist at all.
  The default value "true" is used instead.
WARNING: The parameter "AutomaticParameterEstimation", requested at entry number 0, does not exist at all.
  The default value "true" is used instead.
WARNING: The parameter "UseConstantStep", requested at entry number 0, does not exist at all.
  The default value "false" is used instead.
WARNING: The parameter "MaximumStepLengthRatio", requested at entry number 0, does not exist at all.
  The default value "1" is used instead.
WARNING: The parameter "MaximumStepLength", requested at entry number 0, does not exist at all.
  The default value "0.851136" is used instead.
WARNING: The parameter "NumberOfGradientMeasurements", requested at entry number 0, does not exist at all.
  The default value "0" is used instead.
WARNING: The parameter "NumberOfJacobianMeasurements", requested at entry number 0, does not exist at all.
  The default value "1000" is used instead.
WARNING: The parameter "NumberOfSamplesForExactGradient", requested at entry number 0, does not exist at all.
  The default value "100000" is used instead.
WARNING: The parameter "SigmoidScaleFactor", requested at entry number 0, does not exist at all.
  The default value "0.1" is used instead.
Elastix initialization of all components (for this resolution) took: 1 ms.
  Computing the fixed image extrema took 4 ms.
  Computing the moving image extrema took 89 ms.
Initialization of AdvancedMattesMutualInformation metric took: 774 ms.
Starting automatic parameter estimation for AdaptiveStochasticGradientDescent ...
WARNING: The parameter "ASGDParameterEstimationMethod", requested at entry number 0, does not exist at all.
  The default value "Original" is used instead.
  Computing JacobianTerms ...
  Computing the Jacobian terms took 0.001326s
  NumberOfGradientMeasurements to estimate sigma_i: 6
  Sampling gradients ...
  Sampling the gradients took 0.464756s
Automatic parameter estimation took 0.47s
1:ItNr	2:Metric	3a:Time	3b:StepSize	4:||Gradient||	Time[ms]
0	-0.113813	0.000000	1.324231	0.026918	1245.2
1	-0.133593	0.000000	1.324231	0.028739	5.0
2	-0.105597	0.000000	1.324231	0.019818	3.6
3	-0.096465	0.000000	1.324231	0.014619	2.4
4	-0.111143	0.000000	1.324231	0.017826	4.3
5	-0.125978	0.579013	1.288699	0.037724	4.5
6	-0.127590	0.653928	1.284241	0.019476	2.4
7	-0.094049	1.634839	1.228586	0.040056	4.3
8	-0.120043	0.697635	1.281654	0.052223	2.8
9	-0.131256	1.697567	1.225191	0.047343	5.0
10	-0.109451	0.731897	1.279633	0.047201	3.4
11	-0.101423	0.000000	1.324231	0.020623	3.8
12	-0.118374	0.967269	1.265922	0.022106	2.2
13	-0.093319	0.102900	1.317774	0.014583	2.5
14	-0.096212	0.799105	1.275688	0.007310	3.0
15	-0.148739	1.166278	1.254557	0.020146	4.8
16	-0.125934	1.278814	1.248220	0.023292	3.4
17	-0.144480	0.933113	1.267894	0.014670	2.9
18	-0.130124	0.433598	1.297442	0.024740	3.2
19	-0.121198	1.361887	1.243583	0.036597	3.3
20	-0.127694	0.477576	1.294785	0.023149	2.2
21	-0.110623	1.142099	1.255927	0.015486	3.0
22	-0.110527	2.001824	1.208985	0.036330	2.9
23	-0.103429	2.995754	1.158907	0.016153	1.8
24	-0.108549	2.426198	1.187083	0.030467	4.4
25	-0.132407	3.420284	1.138760	0.024006	2.2
26	-0.132847	3.756695	1.123286	0.031806	5.0
27	-0.110999	4.331493	1.097798	0.033021	2.1
28	-0.101616	3.375193	1.140867	0.029954	8.3
29	-0.125154	2.774660	1.169685	0.044365	2.7
30	-0.121532	1.809552	1.219176	0.022900	2.0
31	-0.106695	1.266368	1.248917	0.029057	1.8
32	-0.118688	0.383157	1.300503	0.053158	2.9
33	-0.104606	0.000000	1.324231	0.064040	5.0
34	-0.112518	0.000000	1.324231	0.016087	3.0
35	-0.111980	0.878774	1.271042	0.020203	4.8
36	-0.105670	1.604201	1.230251	0.021984	2.3
37	-0.106723	2.146985	1.201403	0.015413	3.1
38	-0.143276	2.715010	1.172627	0.018633	2.1
39	-0.116782	3.564965	1.132053	0.019110	2.0
40	-0.119537	2.649350	1.175882	0.034561	2.1
41	-0.119861	1.684180	1.225914	0.025691	2.5
42	-0.104643	2.660147	1.175346	0.032921	2.2
43	-0.116969	3.660063	1.127688	0.026593	2.1
44	-0.144801	3.743643	1.123879	0.038331	2.2
45	-0.116570	4.743302	1.080236	0.047068	2.3
46	-0.111134	5.743276	1.039845	0.057620	2.4
47	-0.110118	4.777967	1.078784	0.018650	2.1
48	-0.115963	4.369785	1.096141	0.041367	2.0
49	-0.124034	5.369079	1.054601	0.010859	2.0
50	-0.127784	6.352339	1.016690	0.040067	3.0
51	-0.114519	6.485449	1.011766	0.025303	3.9
52	-0.119139	7.473548	0.976656	0.017712	4.0
53	-0.110925	6.904249	0.996581	0.027551	4.8
54	-0.135872	7.891000	0.962544	0.019367	4.0
55	-0.110018	8.069719	0.956626	0.011155	1.8
56	-0.111417	8.573779	0.940321	0.033923	2.7
57	-0.120015	9.423155	0.914069	0.020968	1.8
58	-0.136997	8.540226	0.941389	0.032632	5.8
59	-0.112726	9.424800	0.914019	0.027907	3.6
60	-0.138501	8.461946	0.943891	0.024883	2.1
61	-0.112665	7.497346	0.975840	0.040538	3.4
62	-0.126281	6.600283	1.007557	0.027343	2.5
63	-0.096511	5.769656	1.038820	0.020889	4.6
64	-0.100508	5.040287	1.067916	0.021597	3.7
65	-0.099559	4.738637	1.080432	0.007270	1.9
66	-0.117508	4.168410	1.104911	0.052307	3.0
67	-0.119566	3.393748	1.139999	0.018541	2.9
68	-0.147340	4.167895	1.104934	0.032578	2.8
69	-0.106576	4.112411	1.107375	0.018679	3.8
70	-0.109286	5.102756	1.065361	0.049084	3.6
71	-0.130975	4.247542	1.101448	0.026778	2.1
72	-0.111422	4.972885	1.070688	0.015832	2.9
73	-0.138176	5.035892	1.068097	0.059637	3.4
74	-0.117932	4.073203	1.109106	0.062443	2.0
75	-0.124521	5.073203	1.066568	0.036418	3.2
76	-0.101908	6.073203	1.027173	0.018595	1.9
77	-0.115475	6.114435	1.025611	0.043310	4.0
78	-0.090368	7.097617	0.989723	0.023639	2.6
79	-0.116423	6.135556	1.024812	0.076158	3.3
80	-0.120171	7.135556	0.988388	0.033469	2.4
81	-0.131193	6.169883	1.023518	0.025323	1.8
82	-0.100283	5.248090	1.059462	0.024493	3.8
83	-0.111302	4.536730	1.088975	0.007627	4.9
84	-0.111157	3.960540	1.114113	0.062573	2.5
85	-0.123070	3.680777	1.126741	0.022701	1.8
86	-0.123587	4.680745	1.082868	0.059457	3.0
87	-0.154605	3.719540	1.124974	0.008778	3.1
88	-0.122748	2.802646	1.168309	0.021674	3.5
89	-0.109263	3.470736	1.136413	0.020581	2.4
90	-0.123965	4.392368	1.095166	0.032825	3.0
91	-0.107264	3.487282	1.135645	0.029333	3.2
92	-0.116334	4.485249	1.091174	0.028620	3.4
93	-0.126829	5.184876	1.062020	0.034676	4.0
94	-0.120437	4.219305	1.102681	0.032932	2.5
95	-0.114077	3.360076	1.141575	0.017063	3.2
96	-0.107801	2.483784	1.184173	0.009231	3.8
97	-0.115833	3.145570	1.151716	0.047741	3.5
98	-0.121236	3.379133	1.140683	0.073042	2.6
99	-0.106351	4.379039	1.095741	0.022285	2.4
100	-0.126926	3.422427	1.138660	0.026683	5.6
101	-0.114899	2.506411	1.183033	0.022520	4.9
102	-0.120023	3.487853	1.135618	0.031037	4.4
103	-0.123246	3.081160	1.154797	0.016335	4.3
104	-0.119235	3.540427	1.133185	0.042411	4.1
105	-0.143347	2.578672	1.179407	0.026462	2.9
106	-0.102855	3.574778	1.131601	0.031566	3.1
107	-0.105317	4.523937	1.089520	0.018133	1.9
108	-0.107029	5.482514	1.050084	0.011663	3.9
109	-0.107889	4.891979	1.074033	0.059567	5.4
110	-0.112988	3.928008	1.115567	0.017478	3.6
111	-0.121484	2.962581	1.160512	0.021996	3.5
112	-0.117374	2.596097	1.178536	0.023029	3.0
113	-0.117434	1.924241	1.213076	0.089763	3.5
114	-0.098105	2.924241	1.162371	0.030900	3.3
115	-0.123604	1.958569	1.211262	0.027137	2.0
116	-0.133491	1.009379	1.263500	0.024094	1.9
117	-0.098592	1.282844	1.247994	0.028573	3.9
118	-0.136499	0.322721	1.304189	0.081179	4.6
119	-0.127990	1.318519	1.245999	0.071744	2.2
120	-0.111220	0.352847	1.302349	0.027538	3.6
121	-0.106981	1.352846	1.244086	0.028302	2.2
122	-0.116615	2.286511	1.194204	0.025019	4.3
123	-0.104316	1.322748	1.245763	0.025557	3.6
124	-0.130754	2.321409	1.192417	0.054738	3.5
125	-0.107369	1.355745	1.243924	0.033708	3.6
126	-0.120161	2.354634	1.190721	0.045516	3.5
127	-0.080235	3.351638	1.141970	0.011180	4.4
128	-0.107096	4.018144	1.111547	0.027638	2.7
129	-0.131403	4.177541	1.104510	0.019222	3.7
130	-0.101572	5.091094	1.065837	0.053081	3.0
131	-0.108553	6.090884	1.026502	0.037624	5.4
132	-0.119872	5.125211	1.064445	0.067175	2.2
133	-0.125673	4.159539	1.105301	0.024579	1.8
134	-0.101458	5.159532	1.063049	0.024282	4.3
135	-0.102131	5.602289	1.045356	0.027819	6.3
136	-0.105439	4.670350	1.083306	0.027493	2.4
137	-0.104723	3.714723	1.125194	0.038573	1.9
138	-0.116550	3.827588	1.120079	0.017422	3.4
139	-0.133459	2.985252	1.159415	0.020157	6.9
140	-0.130049	3.880897	1.117679	0.031163	4.3
141	-0.107278	2.959606	1.160656	0.019761	3.0
142	-0.122253	2.125824	1.202502	0.023469	3.4
143	-0.113745	1.673309	1.226502	0.020575	3.0
144	-0.122008	1.265749	1.248952	0.024296	5.2
145	-0.120685	1.692564	1.225461	0.031596	3.2
146	-0.121506	0.727837	1.279872	0.039522	2.6
147	-0.120212	1.722371	1.223853	0.017837	3.9
148	-0.135785	0.757290	1.278139	0.037134	4.9
149	-0.123361	1.756638	1.222011	0.037876	2.8
150	-0.113546	0.999708	1.264056	0.026913	3.0
151	-0.143661	0.034057	1.322087	0.018026	4.4
152	-0.113339	1.023019	1.262718	0.019067	3.3
153	-0.121742	0.964198	1.266099	0.041495	3.3
154	-0.135926	1.479466	1.237078	0.021449	4.0
155	-0.113279	2.355877	1.190658	0.028731	4.9
156	-0.105670	1.402635	1.241321	0.019853	3.6
157	-0.112422	0.798213	1.275740	0.021311	3.2
158	-0.113906	1.500437	1.235925	0.038110	3.7
159	-0.109269	0.534931	1.291337	0.028237	4.4
160	-0.114901	0.000000	1.324231	0.015264	4.6
161	-0.147656	0.000000	1.324231	0.031401	3.4
162	-0.109457	0.649419	1.284508	0.032855	4.9
163	-0.102750	0.062894	1.320277	0.015981	3.7
164	-0.142534	0.000000	1.324231	0.033094	4.4
165	-0.127527	0.961823	1.266236	0.065822	4.5
166	-0.103363	1.961823	1.211091	0.037948	4.0
167	-0.123492	0.996189	1.264258	0.025064	6.4
168	-0.122315	0.031246	1.322264	0.033053	3.0
169	-0.119538	1.028839	1.262384	0.027429	5.1
170	-0.105520	2.028752	1.207571	0.062102	5.7
171	-0.117732	1.063080	1.260425	0.018391	2.3
172	-0.110451	1.678245	1.226235	0.019283	3.1
173	-0.127494	2.285310	1.194266	0.028032	3.8
174	-0.137661	1.331705	1.245263	0.036240	2.1
175	-0.111871	0.390643	1.300047	0.024084	4.0
176	-0.120536	0.000000	1.324231	0.009670	2.6
177	-0.103811	0.000000	1.324231	0.022167	3.4
178	-0.116355	0.809074	1.275105	0.015901	3.0
179	-0.121788	1.158662	1.254988	0.020153	4.4
180	-0.119598	0.362282	1.301773	0.023514	2.7
181	-0.121512	0.000000	1.324231	0.039370	2.7
182	-0.132746	0.000000	1.324231	0.074707	5.4
183	-0.109058	0.000000	1.324231	0.021899	5.1
184	-0.115698	0.000000	1.324231	0.049159	2.0
185	-0.112793	0.000000	1.324231	0.070543	1.8
186	-0.144646	0.000000	1.324231	0.011939	3.8
187	-0.105128	0.000000	1.324231	0.026923	6.3
188	-0.108144	0.864922	1.271848	0.019401	2.0
189	-0.132459	0.000000	1.324231	0.041450	2.6
190	-0.121151	0.000000	1.324231	0.019401	2.7
191	-0.118975	0.000000	1.324231	0.020301	4.9
192	-0.110315	0.000000	1.324231	0.052448	4.8
193	-0.120875	0.962947	1.266171	0.022184	2.2
194	-0.109758	1.961027	1.211133	0.068427	1.9
195	-0.116833	2.961026	1.160587	0.017820	5.3
196	-0.144797	3.960626	1.114109	0.016847	5.3
197	-0.097043	3.966043	1.113867	0.011303	2.1
198	-0.099653	4.066057	1.109423	0.013136	1.9
199	-0.119301	4.217777	1.102748	0.024041	4.2
200	-0.110640	3.837666	1.119624	0.036398	6.4
201	-0.108087	2.872080	1.164911	0.042275	3.9
202	-0.129493	3.872076	1.118075	0.029729	2.7
203	-0.107314	2.907182	1.163201	0.030517	4.7
204	-0.117653	3.907029	1.116506	0.092589	5.1
205	-0.108457	4.905724	1.073464	0.044232	2.5
206	-0.120436	3.940052	1.115028	0.041140	3.3
207	-0.109213	4.939173	1.072079	0.029410	3.5
208	-0.121239	5.802019	1.037566	0.044437	2.3
209	-0.130579	6.801994	1.000247	0.059033	4.2
210	-0.106898	5.836322	1.036239	0.022666	2.3
211	-0.102140	4.870650	1.074919	0.015863	3.2
212	-0.114028	5.258772	1.059031	0.023437	2.5
213	-0.125275	4.828616	1.076668	0.026025	5.6
214	-0.111155	4.805448	1.077635	0.025380	2.5
215	-0.109980	5.619063	1.044697	0.051225	2.4
216	-0.117855	4.748680	1.080011	0.024538	2.9
217	-0.129905	5.748677	1.039635	0.015195	4.8
218	-0.128304	6.696283	1.004064	0.048705	4.9
219	-0.108405	5.734423	1.040189	0.036406	3.6
220	-0.119487	4.768750	1.079170	0.030247	2.4
221	-0.121118	3.803208	1.121180	0.053288	4.7
222	-0.140824	3.264551	1.146069	0.021725	5.1
223	-0.146640	2.298880	1.193570	0.020755	3.6
224	-0.120356	1.372365	1.243000	0.016735	2.0
225	-0.106181	0.481294	1.294561	0.016107	6.3
226	-0.132157	0.860208	1.272122	0.014910	3.3
227	-0.116553	0.954531	1.266657	0.057248	1.9
228	-0.121610	0.116979	1.316895	0.030682	3.4
229	-0.122084	0.000000	1.324231	0.029481	3.8
230	-0.109905	0.983139	1.265008	0.024903	4.5
231	-0.124103	1.980151	1.210125	0.013459	2.9
232	-0.150235	1.092613	1.258740	0.028380	2.4
233	-0.094436	0.809594	1.275074	0.019336	2.8
234	-0.115766	0.000000	1.324231	0.017265	3.7
235	-0.124160	0.000000	1.324231	0.030747	3.9
236	-0.117387	0.000000	1.324231	0.029512	2.6
237	-0.123356	0.999814	1.264049	0.023050	2.2
238	-0.124273	1.963637	1.210995	0.012767	5.1
239	-0.123270	2.451297	1.185813	0.026816	5.0
240	-0.105116	2.186947	1.199332	0.010970	2.7
241	-0.125755	2.166063	1.200413	0.054368	2.7
242	-0.134132	1.423481	1.240167	0.030369	4.0
243	-0.109530	2.411693	1.187819	0.018492	2.9
244	-0.121676	2.868721	1.165075	0.016255	3.8
245	-0.100580	2.496431	1.183535	0.036252	2.1
246	-0.111197	3.441086	1.137791	0.016288	3.4
247	-0.111059	2.491803	1.183768	0.038648	3.7
248	-0.104570	3.488645	1.135581	0.032951	5.3
249	-0.133543	2.577836	1.179449	0.033472	1.9
250	-0.110836	1.612164	1.229818	0.010421	3.1
251	-0.120456	1.798597	1.219762	0.022706	2.3
252	-0.115313	1.985534	1.209841	0.043922	6.0
253	-0.128020	2.985526	1.159401	0.113938	3.1
254	-0.108617	3.985526	1.112998	0.033322	3.1
255	-0.122473	3.019854	1.157744	0.026596	3.0
256	-0.112642	4.019265	1.111498	0.017272	4.2
257	-0.110579	4.953749	1.071477	0.082098	4.7
258	-0.110051	5.946066	1.032019	0.039549	2.1
259	-0.135024	4.982991	1.070271	0.077865	3.0
260	-0.116057	4.032958	1.110890	0.023584	2.3
261	-0.118049	5.032958	1.068217	0.010171	4.8
262	-0.109190	4.296461	1.099318	0.026266	3.0
263	-0.105480	4.182141	1.104308	0.068431	3.0
264	-0.095022	3.987548	1.112908	0.010353	3.8
265	-0.113844	3.856680	1.118768	0.005202	5.4
266	-0.141036	3.626073	1.129244	0.025038	2.5
267	-0.116299	4.169122	1.104880	0.058887	1.8
268	-0.105970	3.652366	1.128040	0.025533	3.4
269	-0.115626	4.652366	1.084066	0.027517	5.2
270	-0.142323	4.085014	1.108584	0.034441	3.8
271	-0.120652	3.119348	1.152969	0.065911	1.8
272	-0.108164	4.119348	1.107069	0.040539	2.8
273	-0.101704	5.119348	1.064684	0.018322	5.0
274	-0.104645	6.118545	1.025455	0.024935	4.9
275	-0.100031	6.719153	1.003236	0.039416	2.0
276	-0.118147	5.753543	1.039446	0.048556	1.9
277	-0.124046	4.788464	1.078345	0.030422	4.4
278	-0.120130	5.788464	1.038091	0.028373	5.3
279	-0.115055	4.828394	1.076678	0.013668	2.9
280	-0.123457	3.963416	1.113984	0.067802	1.7
281	-0.131737	3.000150	1.158695	0.024525	3.0
282	-0.120236	4.000088	1.112350	0.037140	4.2
283	-0.105029	4.999708	1.069583	0.034694	3.5
284	-0.136483	4.034039	1.110842	0.070021	2.7
285	-0.117407	5.034039	1.068173	0.014825	3.7
286	-0.125892	5.949240	1.031897	0.074380	2.4
287	-0.131581	6.839896	0.998885	0.040123	3.7
288	-0.111371	5.874223	1.034778	0.035905	3.4
289	-0.117486	6.874223	0.997655	0.017525	4.0
290	-0.121543	5.910648	1.033377	0.058026	2.4
291	-0.110655	6.885870	0.997238	0.016251	2.5
292	-0.126284	7.838506	0.964296	0.020692	3.9
293	-0.144921	8.595649	0.939626	0.071122	4.1
294	-0.122325	7.629982	0.971319	0.030770	3.2
295	-0.118633	6.664309	1.005225	0.038718	2.7
296	-0.123458	5.698637	1.041583	0.063556	3.9
297	-0.131395	6.698637	1.003979	0.061745	2.7
298	-0.129972	7.698637	0.968996	0.031839	3.4
299	-0.097396	6.732965	1.002736	0.070818	3.0
300	-0.114057	7.732965	0.967838	0.019456	2.7
301	-0.133930	6.767293	1.001497	0.029254	4.0
302	-0.125929	7.765951	0.966728	0.032881	2.3
303	-0.129847	6.800294	1.000308	0.025893	3.5
304	-0.121964	6.261000	1.020097	0.018916	2.7
305	-0.125707	5.919710	1.033029	0.021324	2.7
306	-0.096394	5.992524	1.030243	0.036702	4.3
307	-0.126875	6.896797	0.996847	0.041071	4.1
308	-0.130813	7.896796	0.962351	0.051104	3.0
309	-0.113698	6.931145	0.995622	0.016403	3.3
310	-0.125534	5.984560	1.030547	0.047992	2.4
311	-0.126231	6.974284	0.994086	0.044047	4.9
312	-0.131676	6.008611	1.029629	0.021892	2.9
313	-0.142845	6.957999	0.994665	0.034172	2.6
314	-0.113167	7.714435	0.968462	0.051124	3.3
315	-0.119845	6.748763	1.002165	0.016385	3.1
316	-0.129009	7.742002	0.967534	0.029545	3.9
317	-0.123218	8.235110	0.951214	0.019133	2.7
318	-0.109006	7.292331	0.982911	0.069996	2.2
319	-0.135820	8.292325	0.949356	0.043971	4.0
320	-0.122704	7.326653	0.981720	0.028695	4.0
321	-0.107946	7.283827	0.983207	0.027805	3.7
322	-0.132550	6.318682	1.017943	0.051222	2.7
323	-0.116958	6.753717	1.001987	0.029491	2.8
324	-0.131127	7.724619	0.968119	0.019687	4.4
325	-0.106221	6.786816	1.000793	0.027578	2.5
326	-0.132714	7.585663	0.972825	0.010124	4.1
327	-0.119316	8.333354	0.948028	0.075104	2.1
328	-0.140771	8.256934	0.950505	0.023818	3.0
329	-0.102501	7.291966	0.982924	0.013707	5.4
330	-0.133724	6.900467	0.996716	0.027030	2.8
331	-0.137553	6.287892	1.019091	0.037062	3.2
332	-0.106019	5.328562	1.056224	0.045176	3.2
333	-0.119243	6.326699	1.017644	0.024840	4.0
334	-0.121115	5.362438	1.054866	0.013432	3.2
335	-0.119500	5.185868	1.061979	0.022139	2.6
336	-0.105748	5.163224	1.062899	0.023394	2.3
337	-0.169677	4.260530	1.100882	0.016217	3.1
338	-0.119692	4.880278	1.074519	0.014065	4.7
339	-0.110043	5.501954	1.049313	0.030969	2.3
340	-0.142390	6.471697	1.012273	0.037624	3.4
341	-0.116585	6.149749	1.024277	0.046891	4.3
342	-0.101590	5.184076	1.062052	0.038326	4.3
343	-0.120165	4.218410	1.102720	0.034701	3.2
344	-0.098075	3.252936	1.146618	0.022299	2.1
345	-0.113387	4.252592	1.101228	0.030163	3.9
346	-0.149213	3.287622	1.144980	0.031953	3.0
347	-0.124191	4.287605	1.099703	0.045305	4.7
348	-0.132910	5.287527	1.057872	0.031352	2.0
349	-0.114265	4.321855	1.098215	0.017275	3.4
350	-0.128390	5.247208	1.059498	0.033039	3.8
351	-0.115607	5.309658	1.056983	0.013596	4.0
352	-0.105312	5.806817	1.037380	0.037094	5.4
353	-0.117092	5.004719	1.069377	0.022550	3.8
354	-0.097160	6.004662	1.029780	0.025286	5.3
355	-0.111197	6.839773	0.998889	0.027034	4.6
356	-0.142742	6.798190	1.000384	0.029548	3.6
357	-0.124351	7.788560	0.965969	0.030103	11.1
358	-0.128979	6.825670	0.999396	0.047032	7.4
359	-0.120716	5.869668	1.034953	0.026363	3.6
360	-0.122145	4.903997	1.073535	0.070295	3.5
361	-0.140129	5.565259	1.046813	0.032160	2.3
362	-0.124535	4.599586	1.086301	0.031046	4.4
363	-0.103135	3.649872	1.128154	0.039092	1.8
364	-0.116305	4.649798	1.084174	0.039450	5.5
365	-0.117036	5.649798	1.043492	0.019697	3.1
366	-0.110755	6.552639	1.009299	0.022655	2.2
367	-0.111099	5.977846	1.030803	0.023427	1.9
368	-0.126620	5.520775	1.048569	0.041690	6.3
369	-0.141198	6.447308	1.013172	0.030094	6.1
370	-0.117437	7.182661	0.986736	0.018755	2.2
371	-0.112020	6.296449	1.018772	0.042883	2.6
372	-0.109385	7.296413	0.982770	0.027384	8.2
373	-0.116092	6.330741	1.017494	0.034049	3.4
374	-0.116465	5.600130	1.045440	0.044091	2.9
375	-0.125755	4.634458	1.084823	0.044105	8.9
376	-0.127738	3.668785	1.127289	0.046406	2.2
377	-0.111857	2.703113	1.173215	0.024559	4.1
378	-0.139363	2.595501	1.178566	0.023252	3.5
379	-0.118206	3.503028	1.134915	0.051962	5.6
380	-0.110821	2.935775	1.161811	0.009748	2.1
381	-0.135724	2.341321	1.191400	0.016102	4.6
382	-0.130133	2.268988	1.195104	0.016439	4.1
383	-0.127760	1.585356	1.231278	0.030037	4.7
384	-0.106461	1.829709	1.218099	0.027814	3.5
385	-0.131749	0.915411	1.268918	0.018119	4.1
386	-0.126973	0.140808	1.315411	0.039894	5.0
387	-0.117427	1.139916	1.256050	0.033353	3.2
388	-0.136130	0.226630	1.310093	0.028309	1.9
389	-0.113519	0.000000	1.324231	0.023986	3.3
390	-0.111770	0.000000	1.324231	0.019324	4.1
391	-0.137850	0.699645	1.281535	0.032600	2.6
392	-0.121291	1.564818	1.232399	0.028457	2.4
393	-0.140638	0.809596	1.275074	0.019330	4.0
394	-0.117929	0.000000	1.324231	0.031424	3.3
395	-0.099676	0.800940	1.275580	0.028954	4.2
396	-0.148615	0.000000	1.324231	0.042444	1.9
397	-0.107175	0.000000	1.324231	0.058534	4.0
398	-0.124453	0.000000	1.324231	0.044555	3.1
399	-0.116831	1.000000	1.264039	0.038528	4.7
400	-0.117159	0.034328	1.322070	0.023022	3.9
401	-0.133998	0.000000	1.324231	0.022703	2.0
402	-0.113399	0.000000	1.324231	0.039797	2.4
403	-0.137765	0.929962	1.268076	0.017907	3.9
404	-0.134961	0.021399	1.322883	0.018260	3.8
405	-0.110256	0.000000	1.324231	0.036360	2.6
406	-0.113127	0.000000	1.324231	0.046624	2.8
407	-0.121134	0.000000	1.324231	0.060021	2.4
408	-0.119776	0.999927	1.264043	0.033066	4.1
409	-0.114826	0.034256	1.322074	0.018743	3.4
410	-0.131881	1.028403	1.262409	0.052682	3.2
411	-0.150872	2.027076	1.207659	0.032656	2.7
412	-0.138283	3.026634	1.157418	0.016038	2.6
413	-0.155830	2.225444	1.197344	0.030821	4.2
414	-0.115018	1.316288	1.246124	0.014886	3.6
415	-0.132547	0.381617	1.300596	0.024263	3.4
416	-0.141521	1.356379	1.243889	0.039191	4.1
417	-0.115768	0.476616	1.294843	0.020059	3.8
418	-0.112361	0.000000	1.324231	0.020696	4.7
419	-0.130534	0.000000	1.324231	0.021415	3.1
420	-0.113426	0.316087	1.304595	0.028462	3.9
421	-0.100819	0.000000	1.324231	0.021486	6.6
422	-0.134622	0.000000	1.324231	0.041379	2.8
423	-0.112168	0.777639	1.276945	0.024650	2.8
424	-0.124711	0.000000	1.324231	0.008608	3.6
425	-0.133130	0.000000	1.324231	0.042173	3.7
426	-0.105078	0.646176	1.284700	0.019480	4.1
427	-0.120001	0.000000	1.324231	0.047907	2.9
428	-0.135559	0.987744	1.264743	0.062268	2.8
429	-0.123721	0.022072	1.322841	0.045959	3.7
430	-0.121390	0.000000	1.324231	0.022186	4.2
431	-0.107745	0.000000	1.324231	0.012584	2.6
432	-0.117995	0.000000	1.324231	0.021822	4.6
433	-0.110772	0.000000	1.324231	0.021108	3.1
434	-0.130212	0.261904	1.307919	0.056970	5.1
435	-0.111741	0.000000	1.324231	0.024636	2.3
436	-0.128195	0.999942	1.264042	0.015569	3.3
437	-0.120751	1.747209	1.222517	0.082137	5.0
438	-0.122522	2.746754	1.171059	0.045034	3.4
439	-0.116811	1.781409	1.220682	0.030553	4.1
440	-0.120133	0.816230	1.274686	0.018666	2.8
441	-0.090310	0.509741	1.292849	0.012892	2.9
442	-0.123003	0.128842	1.316156	0.041037	3.2
443	-0.113179	0.589394	1.288079	0.040075	3.8
444	-0.108151	1.160373	1.254891	0.030069	3.9
445	-0.119341	2.003035	1.208921	0.057885	4.1
446	-0.124489	1.037421	1.261892	0.027074	3.1
447	-0.134955	2.037324	1.207122	0.021393	3.8
448	-0.132232	3.005927	1.158416	0.021316	2.4
449	-0.116060	2.107614	1.203450	0.020822	4.1
450	-0.140385	1.190059	1.253212	0.020219	3.7
451	-0.106832	1.763308	1.221653	0.033986	3.7
452	-0.146911	1.491285	1.236428	0.073687	2.3
453	-0.125309	2.486288	1.184046	0.035591	4.1
454	-0.122335	1.520767	1.234809	0.026324	4.9
455	-0.117551	2.520683	1.182315	0.035837	4.4
456	-0.134778	1.555279	1.232920	0.024679	3.3
457	-0.136471	0.589826	1.288054	0.034453	3.5
458	-0.115564	0.000000	1.324231	0.053808	4.6
459	-0.130285	0.000000	1.324231	0.029096	4.6
460	-0.113073	0.000000	1.324231	0.028909	2.6
461	-0.109730	0.000000	1.324231	0.029537	5.1
462	-0.122500	0.982293	1.265057	0.030071	2.9
463	-0.131406	1.940269	1.212229	0.032095	4.5
464	-0.125024	2.940164	1.161598	0.063907	3.6
465	-0.120332	3.940164	1.115023	0.006468	3.3
466	-0.125714	3.175125	1.150309	0.019104	3.1
467	-0.133311	2.776049	1.169616	0.019673	4.0
468	-0.115734	1.996116	1.209285	0.018161	3.1
469	-0.124561	2.458577	1.185445	0.012328	3.7
470	-0.100439	1.720726	1.223942	0.018523	4.4
471	-0.112436	2.530632	1.181815	0.017126	2.5
472	-0.115004	3.204742	1.148901	0.021353	3.0
473	-0.125307	4.076466	1.108962	0.031392	3.7
474	-0.127032	3.261633	1.146207	0.029917	4.4
475	-0.108219	3.126598	1.152622	0.048593	1.8
476	-0.120128	2.162372	1.200605	0.013350	3.1
477	-0.111748	3.161941	1.150936	0.031408	2.2
478	-0.115508	4.146708	1.105864	0.022616	4.7
479	-0.119940	3.563350	1.132128	0.013833	6.5
480	-0.141348	3.669928	1.127237	0.023267	5.2
481	-0.117023	3.911960	1.116285	0.023197	7.7
482	-0.141906	3.059901	1.155817	0.010212	3.5
483	-0.135619	2.869474	1.165038	0.026898	3.3
484	-0.131498	2.163914	1.200525	0.045269	9.2
485	-0.111147	3.163908	1.150842	0.021987	8.3
486	-0.127025	4.114527	1.107282	0.069382	12.1
487	-0.122604	5.114495	1.064882	0.018893	11.2
488	-0.128903	4.148947	1.105766	0.020937	8.9
489	-0.120596	4.578157	1.087211	0.020107	12.2
490	-0.130321	4.394235	1.095085	0.043552	15.1
491	-0.123779	5.215080	1.060796	0.036152	4.7
492	-0.140395	6.215052	1.021819	0.014379	5.3
493	-0.129645	5.731638	1.040297	0.038980	7.6
494	-0.148729	4.777984	1.078783	0.049085	5.7
495	-0.154836	5.777984	1.038497	0.022436	4.7
496	-0.112199	4.944971	1.071840	0.028720	5.2
497	-0.119853	4.427238	1.093664	0.040922	5.4
498	-0.147313	3.466555	1.136607	0.027484	4.3
499	-0.135462	2.501195	1.183295	0.029001	4.4
Time spent in resolution 0 (ITK initialization and iterating): 3.262 s.
Stopping condition: Maximum number of iterations has been reached.
Settings of AdaptiveStochasticGradientDescent in resolution 0:
( SP_a 27.808852 )
( SP_A 20.000000 )
( SP_alpha 1.000000 )
( SigmoidMax 1.000000 )
( SigmoidMin -0.965672 )
( SigmoidScale 0.000071 )



=============== start of TransformParameterFile ===============
(Transform "EulerTransform")
(NumberOfParameters 6)
(TransformParameters 0.000015 0.001938 0.002184 0.453406 8.388575 -0.337415)
(InitialTransformParametersFileName "NoInitialTransform")
(UseBinaryFormatForTransformationParameters "false")
(HowToCombineTransforms "Compose")

// Image specific
(FixedImageDimension 3)
(MovingImageDimension 3)
(FixedInternalImagePixelType "float")
(MovingInternalImagePixelType "float")
(Size 176 176 30)
(Index 0 0 0)
(Spacing 1.4772727489 1.4772727489 3.2999999523)
(Origin -129.2613677979 -167.5736083984 79.3302383423)
(Direction 1.0000000000 0.0000000000 0.0000000000 0.0000000000 1.0000000000 0.0000000000 0.0000000000 0.0000000000 1.0000000000)
(UseDirectionCosines "false")

// EulerTransform specific
(CenterOfRotationPoint -0.0000022650 -38.3122428656 127.1802376509)
(ComputeZYX "false")

// ResampleInterpolator specific
(ResampleInterpolator "FinalBSplineInterpolator")
(FinalBSplineInterpolationOrder 3)

// Resampler specific
(Resampler "DefaultResampler")
(DefaultPixelValue 0.000000)
(ResultImageFormat "nii.gz")
(ResultImagePixelType "short")
(CompressResultImage "false")

=============== end of TransformParameterFile ===============

Creating the TransformParameterFile took 0.00s

Registration result checksum: 1343174737

Skipping applying final transform, no resulting output image generated.

Final metric value  = -0.135462
Settings of AdaptiveStochasticGradientDescent for all resolutions:
( SP_a 27.808852 )
( SP_A 20.000000 )
( SP_alpha 1.000000 )
( SigmoidMax 1.000000 )
( SigmoidMin -0.965672 )
( SigmoidScale 0.000071 )

Time spent on saving the results, applying the final transform etc.: 5 ms.
Running elastix with parameter file 0: "/Users/sakinkirti/Programming/Python/CCIPD/racial-disparity-pca/code_matlab/rigid.txt", has finished.


Current time: Mon May 23 08:24:59 2022.
Time used for running elastix with this parameter file:
  3.9s.

-------------------------------------------------------------------------

Total time elapsed: 4.0s.

