
elastix is started at Mon May 23 13:34:23 2022.

which elastix:   /Users/sakinkirti/Programming/Python/CCIPD/racial-disparity-pca/code_matlab/elastix-5.0.0-mac/bin/elastix
elastix runs at: Sakins-MBP.hsd1.ca.comcast.net
  macOS 12.3.1 (x64), 21E258
  with 8192 MB memory, and 2 cores @ 2300 MHz.
-------------------------------------------------------------------------

Running elastix with parameter file 0: "/Users/sakinkirti/Programming/Python/CCIPD/racial-disparity-pca/code_matlab/rigid.txt".

Current time: Mon May 23 13:34:23 2022.
Reading the elastix parameters from file ...

Installing all components.
InstallingComponents was successful.

ELASTIX version: 5.000
Command line options from ElastixBase:
-f        /Users/sakinkirti/Programming/Python/CCIPD/racial-disparity-pca/dataset/to_nifti_cleaned/prostate-001123/T2W.nii.gz
-m        /Users/sakinkirti/Programming/Python/CCIPD/racial-disparity-pca/dataset/to_nifti_cleaned/prostate-001123/ADC.nii.gz
-fMask    unspecified, so no fixed mask used
-mMask    unspecified, so no moving mask used
-out      /Users/sakinkirti/Programming/Python/CCIPD/racial-disparity-pca/dataset/to_nifti_cleaned/prostate-001123/
-p        /Users/sakinkirti/Programming/Python/CCIPD/racial-disparity-pca/code_matlab/rigid.txt
-threads  unspecified, so all available threads are used
Command line options from TransformBase:
-t0       unspecified, so no initial transform used

=============== start of ParameterFile: /Users/sakinkirti/Programming/Python/CCIPD/racial-disparity-pca/code_matlab/rigid.txt ===============
// Example parameter file for rotation registration
// C-style comments: //

// The internal pixel type, used for internal computations
// Leave to float in general. 
// NB: this is not the type of the input images! The pixel 
// type of the input images is automatically read from the 
// images themselves.
// This setting can be changed to "short" to save some memory
// in case of very large 3D images.
(FixedInternalImagePixelType "float")
(MovingInternalImagePixelType "float")

// The dimensions of the fixed and moving image
// Up to elastix 4.5 this had to be specified by the user.
// From elastix 4.6, this is not necessary anymore.
//(FixedImageDimension 3)
//(MovingImageDimension 3)

// Specify whether you want to take into account the so-called
// direction cosines of the images. Recommended: true.
// In some cases, the direction cosines of the image are corrupt,
// due to image format conversions for example. In that case, you 
// may want to set this option to "false".
(UseDirectionCosines "false")

// **************** Main Components **************************

// The following components should usually be left as they are:
(Registration "MultiResolutionRegistration")
(Interpolator "BSplineInterpolator")
(ResampleInterpolator "FinalBSplineInterpolator")
(Resampler "DefaultResampler")

// These may be changed to Fixed/MovingSmoothingImagePyramid.
// See the manual.
(FixedImagePyramid "FixedRecursiveImagePyramid")
(MovingImagePyramid "MovingRecursiveImagePyramid")

// The following components are most important:
// The optimizer AdaptiveStochasticGradientDescent (ASGD) works
// quite ok in general. The Transform and Metric are important
// and need to be chosen careful for each application. See manual.
(Optimizer "AdaptiveStochasticGradientDescent")
(Transform "EulerTransform")
(Metric "AdvancedMattesMutualInformation")

// ***************** Transformation **************************

// Scales the rotations compared to the translations, to make
// sure they are in the same range. In general, it's best to  
// use automatic scales estimation:
(AutomaticScalesEstimation "true")

// Automatically guess an initial translation by aligning the
// geometric centers of the fixed and moving.
(AutomaticTransformInitialization "true")

// Whether transforms are combined by composition or by addition.
// In generally, Compose is the best option in most cases.
// It does not influence the results very much.
(HowToCombineTransforms "Compose")

// ******************* Similarity measure *********************

// Number of grey level bins in each resolution level,
// for the mutual information. 16 or 32 usually works fine.
// You could also employ a hierarchical strategy:
//(NumberOfHistogramBins 16 32 64)
(NumberOfHistogramBins 32)

// If you use a mask, this option is important. 
// If the mask serves as region of interest, set it to false.
// If the mask indicates which pixels are valid, then set it to true.
// If you do not use a mask, the option doesn't matter.
(ErodeMask "false")

// ******************** Multiresolution **********************

// The number of resolutions. 1 Is only enough if the expected
// deformations are small. 3 or 4 mostly works fine. For large
// images and large deformations, 5 or 6 may even be useful.
(NumberOfResolutions 1)

// The downsampling/blurring factors for the image pyramids.
// By default, the images are downsampled by a factor of 2
// compared to the next resolution.
// So, in 2D, with 4 resolutions, the following schedule is used:
//(ImagePyramidSchedule 8 8  4 4  2 2  1 1 )
// And in 3D:
//(ImagePyramidSchedule 8 8 8  4 4 4  2 2 2  1 1 1 )
// You can specify any schedule, for example:
//(ImagePyramidSchedule 4 4  4 3  2 1  1 1 )
// Make sure that the number of elements equals the number
// of resolutions times the image dimension.

// ******************* Optimizer ****************************

// Maximum number of iterations in each resolution level:
// 200-500 works usually fine for rigid registration.
// For more robustness, you may increase this to 1000-2000.
(MaximumNumberOfIterations 500)

// The step size of the optimizer, in mm. By default the voxel size is used.
// which usually works well. In case of unusual high-resolution images
// (eg histology) it is necessary to increase this value a bit, to the size
// of the "smallest visible structure" in the image:
//(MaximumStepLength 1.0)

// **************** Image sampling **********************

// Number of spatial samples used to compute the mutual
// information (and its derivative) in each iteration.
// With an AdaptiveStochasticGradientDescent optimizer,
// in combination with the two options below, around 2000
// samples may already suffice.
(NumberOfSpatialSamples 2000)

// Refresh these spatial samples in every iteration, and select
// them randomly. See the manual for information on other sampling
// strategies.
(NewSamplesEveryIteration "true")
(ImageSampler "Random")

// ************* Interpolation and Resampling ****************

// Order of B-Spline interpolation used during registration/optimisation.
// It may improve accuracy if you set this to 3. Never use 0.
// An order of 1 gives linear interpolation. This is in most 
// applications a good choice.
(BSplineInterpolationOrder 1)

// Order of B-Spline interpolation used for applying the final
// deformation.
// 3 gives good accuracy; recommended in most cases.
// 1 gives worse accuracy (linear interpolation)
// 0 gives worst accuracy, but is appropriate for binary images
// (masks, segmentations); equivalent to nearest neighbor interpolation.
(FinalBSplineInterpolationOrder 3)

//Default pixel value for pixels that come from outside the picture:
(DefaultPixelValue 0)

// Choose whether to generate the deformed moving image.
// You can save some time by setting this to false, if you are
// only interested in the final (nonrigidly) deformed moving image
// for example.
(WriteResultImage "false")

// The pixel type and format of the resulting deformed moving image
(ResultImagePixelType "short")
(ResultImageFormat "nii.gz")




=============== end of ParameterFile: /Users/sakinkirti/Programming/Python/CCIPD/racial-disparity-pca/code_matlab/rigid.txt ===============


Reading images...
Reading images took 95 ms.

WARNING: the fixed pyramid schedule is not fully specified!
  A default pyramid schedule is used.
WARNING: the moving pyramid schedule is not fully specified!
  A default pyramid schedule is used.
WARNING: The parameter "AutomaticTransformInitializationMethod", requested at entry number 0, does not exist at all.
  The default value "GeometricalCenter" is used instead.
Transform parameters are initialized as: [0, 0, 0, -2.28985595703125, -1.77569580078125, -12.680496215820312]
Scales are estimated automatically.
Scales for transform parameters are: [3391.2427368164062, 3391.2427368164062, 5481.9854736328125, 1, 1, 1]
Initialization of all components (before registration) took: 14 ms.
Preparation of the image pyramids took: 13 ms.

Resolution: 0
WARNING: The parameter "ShowExactMetricValue", requested at entry number 0, does not exist at all.
  The default value "false" is used instead.
WARNING: The parameter "CheckNumberOfSamples", requested at entry number 0, does not exist at all.
  The default value "true" is used instead.
WARNING: The parameter "UseMultiThreadingForMetrics", requested at entry number 0, does not exist at all.
  The default value "true" is used instead.
Setting the fixed masks took: 0 ms.
Setting the moving masks took: 0 ms.
WARNING: The parameter "NumberOfFixedHistogramBins", requested at entry number 0, does not exist at all.
  The default value "32" is used instead.
WARNING: The parameter "NumberOfMovingHistogramBins", requested at entry number 0, does not exist at all.
  The default value "32" is used instead.
WARNING: The parameter "FixedLimitRangeRatio", requested at entry number 0, does not exist at all.
  The default value "0.01" is used instead.
WARNING: The parameter "MovingLimitRangeRatio", requested at entry number 0, does not exist at all.
  The default value "0.01" is used instead.
WARNING: The parameter "FixedKernelBSplineOrder", requested at entry number 0, does not exist at all.
  The default value "0" is used instead.
WARNING: The parameter "MovingKernelBSplineOrder", requested at entry number 0, does not exist at all.
  The default value "3" is used instead.
WARNING: The parameter "UseFastAndLowMemoryVersion", requested at entry number 0, does not exist at all.
  The default value "true" is used instead.
WARNING: The parameter "UseJacobianPreconditioning", requested at entry number 0, does not exist at all.
  The default value "false" is used instead.
WARNING: The parameter "FiniteDifferenceDerivative", requested at entry number 0, does not exist at all.
  The default value "false" is used instead.
WARNING: The parameter "SP_A", requested at entry number 0, does not exist at all.
  The default value "20" is used instead.
WARNING: The parameter "MaximumNumberOfSamplingAttempts", requested at entry number 0, does not exist at all.
  The default value "0" is used instead.
WARNING: The parameter "SigmoidInitialTime", requested at entry number 0, does not exist at all.
  The default value "0" is used instead.
WARNING: The parameter "MaxBandCovSize", requested at entry number 0, does not exist at all.
  The default value "192" is used instead.
WARNING: The parameter "NumberOfBandStructureSamples", requested at entry number 0, does not exist at all.
  The default value "10" is used instead.
WARNING: The parameter "UseAdaptiveStepSizes", requested at entry number 0, does not exist at all.
  The default value "true" is used instead.
WARNING: The parameter "AutomaticParameterEstimation", requested at entry number 0, does not exist at all.
  The default value "true" is used instead.
WARNING: The parameter "UseConstantStep", requested at entry number 0, does not exist at all.
  The default value "false" is used instead.
WARNING: The parameter "MaximumStepLengthRatio", requested at entry number 0, does not exist at all.
  The default value "1" is used instead.
WARNING: The parameter "MaximumStepLength", requested at entry number 0, does not exist at all.
  The default value "1.28906" is used instead.
WARNING: The parameter "NumberOfGradientMeasurements", requested at entry number 0, does not exist at all.
  The default value "0" is used instead.
WARNING: The parameter "NumberOfJacobianMeasurements", requested at entry number 0, does not exist at all.
  The default value "1000" is used instead.
WARNING: The parameter "NumberOfSamplesForExactGradient", requested at entry number 0, does not exist at all.
  The default value "100000" is used instead.
WARNING: The parameter "SigmoidScaleFactor", requested at entry number 0, does not exist at all.
  The default value "0.1" is used instead.
Elastix initialization of all components (for this resolution) took: 3 ms.
  Computing the fixed image extrema took 10 ms.
  Computing the moving image extrema took 5 ms.
Initialization of AdvancedMattesMutualInformation metric took: 41 ms.
Starting automatic parameter estimation for AdaptiveStochasticGradientDescent ...
WARNING: The parameter "ASGDParameterEstimationMethod", requested at entry number 0, does not exist at all.
  The default value "Original" is used instead.
  Computing JacobianTerms ...
  Computing the Jacobian terms took 0.004387s
  NumberOfGradientMeasurements to estimate sigma_i: 6
  Sampling gradients ...
  Sampling the gradients took 0.718759s
Automatic parameter estimation took 0.72s
1:ItNr	2:Metric	3a:Time	3b:StepSize	4:||Gradient||	Time[ms]
0	-0.082904	0.000000	15.249904	0.025472	777.2
1	-0.110264	0.000000	15.249904	0.020372	5.3
2	-0.099637	0.000000	15.249904	0.014562	8.5
3	-0.108385	0.000000	15.249904	0.010634	4.1
4	-0.105335	0.893566	14.627493	0.016284	11.9
5	-0.105471	0.137487	15.150712	0.011697	3.6
6	-0.098289	0.000000	15.249904	0.014763	6.3
7	-0.094117	0.999696	14.556927	0.015593	9.6
8	-0.097184	0.243616	15.075022	0.012447	8.2
9	-0.119890	1.232685	14.404377	0.013106	7.5
10	-0.103883	0.764937	14.713940	0.018678	10.4
11	-0.104678	0.806413	14.685954	0.015776	7.4
12	-0.105125	0.050333	15.213440	0.015716	12.0
13	-0.114010	0.000000	15.249904	0.019041	4.3
14	-0.120615	1.000000	14.556726	0.013635	7.7
15	-0.116103	1.973009	13.940184	0.010485	8.5
16	-0.091311	1.217035	14.414524	0.012048	8.5
17	-0.126831	2.194161	13.807267	0.009917	5.0
18	-0.119167	1.439049	14.271905	0.016451	6.4
19	-0.099476	0.718723	14.745249	0.021448	6.3
20	-0.096733	0.000000	15.249904	0.019649	4.7
21	-0.103698	1.000000	14.556726	0.013495	8.0
22	-0.108921	0.243919	15.074807	0.012752	7.5
23	-0.107735	0.000000	15.249904	0.010656	5.7
24	-0.117670	0.881665	14.635449	0.010232	6.3
25	-0.098142	1.881211	13.996112	0.015137	5.8
26	-0.111596	1.586557	14.178698	0.019442	6.4
27	-0.107581	2.472714	13.643415	0.019045	5.6
28	-0.117629	1.716634	14.097510	0.012465	8.1
29	-0.116245	0.960553	14.582874	0.021014	6.1
30	-0.127544	0.204660	15.102717	0.014773	4.9
31	-0.117891	1.204603	14.422594	0.026298	8.5
32	-0.113526	0.795359	14.693402	0.016489	4.9
33	-0.105210	0.039278	15.221434	0.009028	6.5
34	-0.125715	0.280923	15.048595	0.017301	6.8
35	-0.123900	0.998428	14.557766	0.015084	16.2
36	-0.119276	1.996174	13.926141	0.007899	13.7
37	-0.100769	1.242233	14.398194	0.018237	9.6
38	-0.111342	2.242142	13.778763	0.020749	16.3
39	-0.119524	3.242142	13.210383	0.013351	10.9
40	-0.125844	4.242142	12.687037	0.013875	13.7
41	-0.119382	5.241124	12.204050	0.010711	18.6
42	-0.109088	6.154874	11.793389	0.012782	18.9
43	-0.127661	6.960317	11.453661	0.014181	12.8
44	-0.106008	7.952357	11.061206	0.012559	11.5
45	-0.149048	8.878234	10.718437	0.017357	19.3
46	-0.116186	9.877528	10.371555	0.017442	9.7
47	-0.129746	9.121449	10.631892	0.015621	25.0
48	-0.123284	8.365368	10.905635	0.019191	12.2
49	-0.109751	7.616651	11.190966	0.015566	11.5
50	-0.130675	8.594671	10.821137	0.019806	9.8
51	-0.121246	9.594671	10.467443	0.013351	18.2
52	-0.111176	9.998366	10.331124	0.009184	10.5
53	-0.106302	10.851898	10.054283	0.018093	6.2
54	-0.110912	11.851896	9.748234	0.015152	15.4
55	-0.104982	11.106885	9.974433	0.008275	12.3
56	-0.125164	10.369219	10.208988	0.017922	14.6
57	-0.131995	11.164495	9.956568	0.016625	14.9
58	-0.119708	11.138457	9.964634	0.022658	5.6
59	-0.125363	12.138453	9.663939	0.032455	10.0
60	-0.112351	13.138453	9.380858	0.011343	9.2
61	-0.121046	12.382372	9.593326	0.019910	10.4
62	-0.111453	11.626291	9.815642	0.016938	14.4
63	-0.137819	10.870211	10.048505	0.014955	7.8
64	-0.134266	10.114130	10.292686	0.007877	10.0
65	-0.131514	9.366335	10.546152	0.010420	11.7
66	-0.134417	8.647973	10.801682	0.022140	9.8
67	-0.149563	7.891896	11.084353	0.014456	8.7
68	-0.136667	8.882113	10.717046	0.013904	11.3
69	-0.106716	8.170375	10.978535	0.009544	8.1
70	-0.128931	9.170243	10.614697	0.006184	10.4
71	-0.129634	8.426528	10.882968	0.012707	6.1
72	-0.112562	9.420120	10.527505	0.026501	13.1
73	-0.117056	8.664039	10.795832	0.007037	10.3
74	-0.110746	9.201889	10.603574	0.013955	6.1
75	-0.141317	8.499029	10.856221	0.016416	6.3
76	-0.118454	9.320991	10.561923	0.019233	7.4
77	-0.116406	8.564915	10.832028	0.013631	9.2
78	-0.111531	9.564915	10.477634	0.013881	6.0
79	-0.112815	8.809111	10.743292	0.016540	12.0
80	-0.130368	9.808317	10.394855	0.014039	9.5
81	-0.116304	9.135304	10.627003	0.016605	8.0
82	-0.117272	10.135103	10.285753	0.012174	6.6
83	-0.129650	9.379221	10.541678	0.012497	10.5
84	-0.112033	8.624255	10.810330	0.013337	4.9
85	-0.118633	7.868174	11.093461	0.017500	7.8
86	-0.134423	7.127715	11.385496	0.008791	7.6
87	-0.144731	7.930751	11.069467	0.023764	10.0
88	-0.106773	7.182254	11.363462	0.019356	6.3
89	-0.113868	7.199523	11.356503	0.013573	10.0
90	-0.135941	6.495086	11.647462	0.023594	6.1
91	-0.127605	5.739005	11.976810	0.019035	12.2
92	-0.112423	4.982924	12.325325	0.023131	9.4
93	-0.120206	5.982924	11.868542	0.017499	6.4
94	-0.118363	5.226843	12.210695	0.007407	11.8
95	-0.118770	4.471621	12.572737	0.015614	8.2
96	-0.138725	3.715816	12.957208	0.012866	9.4
97	-0.115186	4.715815	12.453348	0.017580	6.4
98	-0.132258	4.222596	12.696868	0.021256	12.6
99	-0.139965	3.582673	13.027386	0.014558	11.6
100	-0.106538	4.558841	12.529832	0.012003	6.2
101	-0.139587	5.558830	12.058060	0.018484	11.6
102	-0.139805	4.802749	12.411390	0.009104	15.0
103	-0.140521	5.410058	12.125985	0.023181	7.4
104	-0.144953	6.383574	11.694893	0.015446	12.9
105	-0.137580	5.646005	12.018611	0.011477	11.4
106	-0.138700	5.047979	12.294542	0.014052	7.2
107	-0.132295	6.038305	11.844233	0.028003	14.7
108	-0.132777	5.282259	12.184949	0.024823	10.4
109	-0.127454	4.526510	12.545701	0.008194	8.2
110	-0.109585	5.526510	12.072752	0.012359	12.2
111	-0.125967	4.782716	12.421033	0.014799	12.2
112	-0.151430	5.780969	11.958043	0.010442	7.4
113	-0.146659	6.644186	11.584641	0.008364	13.6
114	-0.112363	5.888284	11.910317	0.009100	7.9
115	-0.116583	5.143056	12.249829	0.032202	6.2
116	-0.125174	6.142949	11.798570	0.018802	13.5
117	-0.127079	7.142949	11.379333	0.014865	8.2
118	-0.123322	8.142949	10.988867	0.015139	12.9
119	-0.120052	9.142948	10.624308	0.023430	14.9
120	-0.127939	10.142948	10.283162	0.022275	10.6
121	-0.108753	9.390135	10.537893	0.022412	7.1
122	-0.155906	10.390135	10.202185	0.011463	12.9
123	-0.146513	9.679906	10.438363	0.026519	11.2
124	-0.134409	8.952243	10.691953	0.011810	9.4
125	-0.120278	9.896142	10.365306	0.008634	14.9
126	-0.133206	9.168227	10.615406	0.010330	9.4
127	-0.141713	9.917737	10.358067	0.013988	8.7
128	-0.140796	10.710765	10.099030	0.021425	14.0
129	-0.130572	11.710765	9.790293	0.008540	11.3
130	-0.130859	12.706259	9.501143	0.019448	12.0
131	-0.123101	13.688550	9.232095	0.020537	10.7
132	-0.135949	14.688550	8.973410	0.009887	10.4
133	-0.133599	15.335956	8.813528	0.008886	26.5
134	-0.120055	14.585670	8.999352	0.020748	8.1
135	-0.117947	14.420046	9.041433	0.023459	12.1
136	-0.147110	15.420046	8.793179	0.015157	12.2
137	-0.124688	14.664019	8.979582	0.014592	10.6
138	-0.112943	15.134611	8.862638	0.019277	11.8
139	-0.134572	16.134606	8.623977	0.021793	9.8
140	-0.139726	17.134606	8.397831	0.017241	13.1
141	-0.130584	16.378546	8.567695	0.012908	9.1
142	-0.127845	15.622483	8.744573	0.010680	10.4
143	-0.137877	14.936892	8.911399	0.024422	10.5
144	-0.119466	15.935248	8.670525	0.014576	10.1
145	-0.156993	15.181261	8.851211	0.019990	8.9
146	-0.138166	16.181250	8.613158	0.012307	7.6
147	-0.128403	17.181249	8.387572	0.013961	12.4
148	-0.121087	18.181246	8.173502	0.014083	9.4
149	-0.140627	19.181246	7.970086	0.019718	6.7
150	-0.132628	20.181246	7.776549	0.016524	8.9
151	-0.130916	21.181246	7.592189	0.017839	7.8
152	-0.120591	22.181246	7.416367	0.017907	11.3
153	-0.123278	23.181193	7.248514	0.009154	7.7
154	-0.134220	24.181185	7.088083	0.020567	12.9
155	-0.149161	24.154295	7.092304	0.016598	9.5
156	-0.123264	25.141399	6.940578	0.010530	7.2
157	-0.139118	26.141056	6.793398	0.012327	12.1
158	-0.120283	27.139649	6.652478	0.010069	11.8
159	-0.118378	28.052561	6.528670	0.024631	7.4
160	-0.125676	29.042534	6.399516	0.014356	9.8
161	-0.108968	28.286454	6.497688	0.010903	8.6
162	-0.141687	28.052757	6.528644	0.023539	10.5
163	-0.132545	27.296677	6.630849	0.016974	11.4
164	-0.119762	26.540596	6.736306	0.006374	8.6
165	-0.141281	27.527626	6.599292	0.011899	10.2
166	-0.127050	28.449815	6.476222	0.013815	8.2
167	-0.135207	28.278982	6.498673	0.017685	11.7
168	-0.149523	27.597066	6.589862	0.013573	12.4
169	-0.105455	26.840985	6.694009	0.016515	15.0
170	-0.145760	26.086127	6.801323	0.024794	8.4
171	-0.123926	27.086127	6.659883	0.016488	11.7
172	-0.152821	28.086127	6.524205	0.014172	14.5
173	-0.113895	29.053889	6.398064	0.015134	14.3
174	-0.116874	29.661765	6.321295	0.012727	16.2
175	-0.136509	29.080605	6.394651	0.014778	8.6
176	-0.138734	28.498486	6.469854	0.020646	12.1
177	-0.150205	29.498475	6.341736	0.024050	11.3
178	-0.144364	30.498405	6.218600	0.008730	14.4
179	-0.129005	31.465288	6.103997	0.008574	8.0
180	-0.141542	32.424580	5.994394	0.009648	15.4
181	-0.125627	33.034264	5.926757	0.018859	8.8
182	-0.134683	32.278208	6.010862	0.012867	9.3
183	-0.132948	32.509369	5.984895	0.015023	13.0
184	-0.120414	33.509365	5.875100	0.010339	10.2
185	-0.135566	33.952520	5.827721	0.014706	7.2
186	-0.121206	34.516128	5.768558	0.017965	13.4
187	-0.138161	33.975877	5.825245	0.020434	12.6
188	-0.112527	33.326678	5.894857	0.010300	11.9
189	-0.132061	34.292710	5.791866	0.014612	7.5
190	-0.139811	33.536725	5.872153	0.020054	7.1
191	-0.133947	32.785482	5.954171	0.010167	6.2
192	-0.119294	33.785445	5.845494	0.012615	9.0
193	-0.119795	34.042577	5.818187	0.014127	6.0
194	-0.126117	34.249431	5.796403	0.010215	10.2
195	-0.148829	33.493707	5.876788	0.017575	5.8
196	-0.127419	34.493666	5.770892	0.013815	6.5
197	-0.124355	35.493666	5.668741	0.016484	8.3
198	-0.119546	36.440148	5.575333	0.012329	6.6
199	-0.118870	35.731362	5.644990	0.010383	7.8
200	-0.129929	36.718641	5.548432	0.015562	6.2
201	-0.128647	35.962560	5.622078	0.018738	8.7
202	-0.134201	36.962559	5.525083	0.009790	6.3
203	-0.140107	37.962504	5.431384	0.018272	9.8
204	-0.139686	38.962504	5.340804	0.013869	7.7
205	-0.108905	38.206423	5.409007	0.017304	11.9
206	-0.142742	37.450343	5.478975	0.014005	10.0
207	-0.129649	36.696631	5.550549	0.010326	8.9
208	-0.135721	37.143409	5.507898	0.015243	12.7
209	-0.128577	37.615697	5.463519	0.014561	12.5
210	-0.112185	36.861074	5.534774	0.013419	8.4
211	-0.123732	37.861074	5.440743	0.023468	14.5
212	-0.129558	37.105010	5.511538	0.015403	9.1
213	-0.116976	38.105010	5.418288	0.017704	15.0
214	-0.121577	37.348929	5.488498	0.013378	7.7
215	-0.145570	38.348601	5.396049	0.013552	10.4
216	-0.106613	38.956289	5.341358	0.014469	12.0
217	-0.137065	39.952905	5.254023	0.017051	10.3
218	-0.110997	39.196824	5.320014	0.012425	11.1
219	-0.142555	38.443295	5.387453	0.014021	13.0
220	-0.136282	37.989189	5.428927	0.016043	11.9
221	-0.128023	37.579371	5.466907	0.010632	7.8
222	-0.129486	38.423827	5.389218	0.013511	12.6
223	-0.114458	39.423578	5.300050	0.019193	12.4
224	-0.135284	40.423352	5.213782	0.010868	6.7
225	-0.115885	39.667271	5.278760	0.013287	16.6
226	-0.128753	40.662436	5.193567	0.021675	14.3
227	-0.140391	39.949153	5.254347	0.017755	17.4
228	-0.124781	40.949153	5.169530	0.013540	14.9
229	-0.156463	40.196166	5.233138	0.009039	13.9
230	-0.115924	40.792389	5.182644	0.012943	15.7
231	-0.133755	41.693479	5.108154	0.007605	15.4
232	-0.137706	42.319745	5.057632	0.011762	10.5
233	-0.137946	42.197032	5.067453	0.010150	11.1
234	-0.131756	41.441293	5.128785	0.010685	14.7
235	-0.130358	41.002718	5.165064	0.014876	12.1
236	-0.128617	40.246959	5.228798	0.016835	8.7
237	-0.144473	39.491059	5.294137	0.016458	14.6
238	-0.122807	40.490738	5.208069	0.015173	10.3
239	-0.121031	40.257548	5.227894	0.016207	11.3
240	-0.124338	39.618763	5.282984	0.009714	15.4
241	-0.136010	40.618155	5.197299	0.012645	8.4
242	-0.128057	41.612851	5.114732	0.013015	14.6
243	-0.141913	41.151521	5.152697	0.010939	11.5
244	-0.127581	41.556185	5.119366	0.014086	9.7
245	-0.150442	42.555345	5.038884	0.012439	13.4
246	-0.152693	42.020956	5.081611	0.014103	10.7
247	-0.126472	41.432677	5.129493	0.007275	11.2
248	-0.153140	40.676855	5.192353	0.013853	11.0
249	-0.145252	41.676613	5.109529	0.021244	10.6
250	-0.126304	42.676612	5.029287	0.021622	12.8
251	-0.146275	43.676612	4.951527	0.025915	9.6
252	-0.129808	42.920531	5.010096	0.024237	8.6
253	-0.148697	43.920531	4.932923	0.020512	13.2
254	-0.125400	43.164450	4.991050	0.015969	9.8
255	-0.134410	44.162452	4.914609	0.012557	7.6
256	-0.130559	45.150376	4.841212	0.016284	14.6
257	-0.135916	44.394300	4.897185	0.009229	12.6
258	-0.149944	45.390915	4.823672	0.014723	8.8
259	-0.134116	44.883352	4.860833	0.011332	15.4
260	-0.128265	44.127275	4.917264	0.016956	10.4
261	-0.149222	45.127269	4.842903	0.015315	12.6
262	-0.137638	46.125649	4.770873	0.009584	10.2
263	-0.130678	45.369657	4.825217	0.011578	10.1
264	-0.139905	46.309670	4.757830	0.022068	11.7
265	-0.125982	45.556620	4.811662	0.013682	10.0
266	-0.115828	46.538733	4.741694	0.012997	12.0
267	-0.148249	47.525657	4.673402	0.013393	17.0
268	-0.119722	46.857288	4.719434	0.023604	12.5
269	-0.131661	46.101229	4.772610	0.020405	14.7
270	-0.150607	45.345148	4.826999	0.010489	13.5
271	-0.128175	44.589086	4.882641	0.017420	11.1
272	-0.126015	45.589078	4.809317	0.013970	16.3
273	-0.126324	46.589078	4.738162	0.016560	13.0
274	-0.154198	47.589076	4.669081	0.008389	17.2
275	-0.126111	48.585279	4.602237	0.014503	11.3
276	-0.134591	49.170112	4.563880	0.023901	13.3
277	-0.122697	48.431445	4.612434	0.023989	14.2
278	-0.126685	49.431445	4.546946	0.026838	7.1
279	-0.133320	50.431445	4.483291	0.012539	12.0
280	-0.112273	51.162811	4.437853	0.010512	14.0
281	-0.130417	52.157314	4.377525	0.023467	8.3
282	-0.129532	51.401258	4.423238	0.014035	15.9
283	-0.125501	52.401258	4.362977	0.015678	9.6
284	-0.130617	51.645177	4.408386	0.015231	12.1
285	-0.111548	50.889166	4.454746	0.006448	10.5
286	-0.138809	50.752404	4.463237	0.016041	8.3
287	-0.131556	50.252224	4.494568	0.021389	14.2
288	-0.122565	49.496143	4.542773	0.012539	14.5
289	-0.123331	50.496142	4.479234	0.007112	10.7
290	-0.141600	49.907525	4.516417	0.021018	12.4
291	-0.133015	49.154523	4.564894	0.014985	14.2
292	-0.131601	50.148129	4.501144	0.017347	14.2
293	-0.130579	51.147051	4.438823	0.017725	11.0
294	-0.121541	52.147016	4.378141	0.021592	8.3
295	-0.147920	53.147016	4.319095	0.016110	11.5
296	-0.110017	52.390936	4.363590	0.011830	11.7
297	-0.127663	51.637103	4.408876	0.010343	15.7
298	-0.155636	50.881035	4.455250	0.018765	13.1
299	-0.118629	51.880854	4.394130	0.012199	7.7
300	-0.134797	51.124774	4.440194	0.016268	19.2
301	-0.120616	52.124773	4.379473	0.009324	12.0
302	-0.140970	52.717597	4.344254	0.012327	24.0
303	-0.132965	51.961864	4.389252	0.018615	14.4
304	-0.115494	51.205783	4.435212	0.011592	14.3
305	-0.123727	52.178635	4.376250	0.014669	6.2
306	-0.130761	51.424039	4.421846	0.018343	15.4
307	-0.136765	52.424039	4.361623	0.010192	10.3
308	-0.134258	51.667965	4.407004	0.010475	9.8
309	-0.130081	51.205441	4.435233	0.025333	12.7
310	-0.121833	52.205441	4.374647	0.024137	12.5
311	-0.146777	53.205441	4.315694	0.022705	12.4
312	-0.118616	54.205441	4.258309	0.017926	15.6
313	-0.130482	53.449360	4.301554	0.012693	6.8
314	-0.134631	52.693315	4.345686	0.021066	16.3
315	-0.122032	51.937258	4.390732	0.010797	13.2
316	-0.140267	52.108720	4.380435	0.015533	13.7
317	-0.136657	51.405467	4.422981	0.015876	10.7
318	-0.131381	50.649387	4.469654	0.014219	9.7
319	-0.105176	49.893307	4.517323	0.014597	14.0
320	-0.136852	49.137247	4.566019	0.025341	13.2
321	-0.141217	50.137178	4.501837	0.017978	9.6
322	-0.115216	49.381097	4.550199	0.012903	17.2
323	-0.141609	48.625657	4.599568	0.018551	9.0
324	-0.146057	47.869576	4.650065	0.022417	13.3
325	-0.125242	48.869575	4.583511	0.018783	12.9
326	-0.149975	49.869575	4.518836	0.011268	9.1
327	-0.127283	49.113659	4.567555	0.015569	14.2
328	-0.131946	49.735614	4.527394	0.031938	10.6
329	-0.130926	50.735614	4.464282	0.024622	11.9
330	-0.131841	51.735614	4.402905	0.017319	15.1
331	-0.117850	51.000226	4.447875	0.015077	11.8
332	-0.112277	50.244149	4.495078	0.016682	14.1
333	-0.128497	51.243561	4.432893	0.011601	11.2
334	-0.133403	50.489997	4.479619	0.013540	15.8
335	-0.121262	49.818362	4.522104	0.011004	12.8
336	-0.142014	50.349233	4.488457	0.023393	8.7
337	-0.126795	51.344365	4.426716	0.009500	15.2
338	-0.131597	50.751771	4.463276	0.016540	11.1
339	-0.152002	50.053772	4.507121	0.014563	7.6
340	-0.146435	49.297702	4.555597	0.013679	32.9
341	-0.111618	50.296264	4.491792	0.009761	7.4
342	-0.117099	51.231365	4.433642	0.012356	13.2
343	-0.130229	52.229287	4.373223	0.017833	13.3
344	-0.116046	51.474279	4.418781	0.013960	7.6
345	-0.136906	52.443344	4.360477	0.017459	15.4
346	-0.129555	53.443335	4.301903	0.015358	12.0
347	-0.128842	54.443312	4.244882	0.017136	14.1
348	-0.133399	53.687232	4.287854	0.018636	8.9
349	-0.129950	52.931151	4.331706	0.009024	9.5
350	-0.134551	53.882803	4.276656	0.010501	13.9
351	-0.132430	53.478813	4.299853	0.017473	9.9
352	-0.128697	52.722834	4.343946	0.009257	10.6
353	-0.117639	53.722237	4.285846	0.024861	13.2
354	-0.134620	54.722226	4.229247	0.012165	13.8
355	-0.143845	53.966161	4.271900	0.016189	6.9
356	-0.124802	53.210263	4.315414	0.014090	14.1
357	-0.130186	54.210263	4.258036	0.016787	10.5
358	-0.127531	53.454190	4.301275	0.014131	12.3
359	-0.122701	54.425816	4.245867	0.015329	11.1
360	-0.137936	55.425812	4.190312	0.019243	10.7
361	-0.122405	56.425812	4.136191	0.011711	26.3
362	-0.138151	55.669744	4.176980	0.016775	10.5
363	-0.142585	55.553721	4.183310	0.009984	17.0
364	-0.139270	56.553709	4.129370	0.014432	14.3
365	-0.137171	56.661091	4.123661	0.014659	22.2
366	-0.127380	57.656604	4.071470	0.008251	11.2
367	-0.127693	58.614422	4.022487	0.013269	23.5
368	-0.138703	59.602107	3.973196	0.016949	7.5
369	-0.137475	58.846053	4.010818	0.011058	16.6
370	-0.136551	59.846009	3.961209	0.010847	9.9
371	-0.119968	59.104714	3.997867	0.013907	16.9
372	-0.149104	59.469916	3.979723	0.013669	13.1
373	-0.123559	58.713929	4.017466	0.012447	13.8
374	-0.131166	57.958355	4.055910	0.016511	20.9
375	-0.098242	58.958200	4.005192	0.015461	15.8
376	-0.124636	58.214485	4.042796	0.014992	12.6
377	-0.124528	59.214482	3.992396	0.021388	12.5
378	-0.124020	60.214482	3.943237	0.011748	8.4
379	-0.116129	59.459582	3.980234	0.013508	12.5
380	-0.127928	60.459487	3.931377	0.011022	14.9
381	-0.127632	61.415907	3.885754	0.008142	11.7
382	-0.132375	60.660591	3.921696	0.018515	8.6
383	-0.124138	61.660191	3.874271	0.010079	12.2
384	-0.109299	60.904110	3.910036	0.009965	13.3
385	-0.146002	61.848403	3.865470	0.015064	14.7
386	-0.118729	61.092327	3.901071	0.016947	12.9
387	-0.113912	62.092327	3.854122	0.011721	9.1
388	-0.135190	63.087088	3.808527	0.011064	16.0
389	-0.140880	62.331022	3.843082	0.015538	13.8
390	-0.114496	63.212938	3.802836	0.026868	17.6
391	-0.140426	64.212938	3.758208	0.019239	9.4
392	-0.130009	65.212938	3.714616	0.016700	18.3
393	-0.122435	64.456857	3.747481	0.023134	11.0
394	-0.132014	63.700777	3.780933	0.017917	13.8
395	-0.131374	63.602362	3.785331	0.011938	14.5
396	-0.127460	62.846970	3.819434	0.007142	12.4
397	-0.125198	62.202774	3.849006	0.012971	17.6
398	-0.128056	61.448066	3.884239	0.012105	19.0
399	-0.131269	62.431375	3.838460	0.010369	15.2
400	-0.130761	63.248071	3.801250	0.011170	8.2
401	-0.126389	62.658898	3.828020	0.009797	16.5
402	-0.128134	63.658738	3.782811	0.015541	9.3
403	-0.126022	62.905130	3.816787	0.007226	14.7
404	-0.120451	62.154092	3.851259	0.013636	14.9
405	-0.110349	62.660127	3.827964	0.010489	8.6
406	-0.120382	63.637978	3.783739	0.015630	17.2
407	-0.135299	64.636586	3.739616	0.022587	9.3
408	-0.136478	65.636585	3.696452	0.011474	13.9
409	-0.122759	66.636477	3.654277	0.013921	13.8
410	-0.134813	65.882900	3.685972	0.013296	9.3
411	-0.138001	66.882899	3.644031	0.017115	25.2
412	-0.126088	66.127433	3.675627	0.008841	15.3
413	-0.127989	66.522333	3.659043	0.013665	17.4
414	-0.125447	67.521146	3.617757	0.017098	9.8
415	-0.107040	66.765065	3.648923	0.009076	15.9
416	-0.122620	66.302153	3.668271	0.022395	13.2
417	-0.121294	67.293900	3.627068	0.013870	16.0
418	-0.134144	66.537820	3.658396	0.008545	11.4
419	-0.118069	67.512098	3.618127	0.011223	9.9
420	-0.143455	66.821664	3.646572	0.015168	7.1
421	-0.131005	67.811339	3.605936	0.012856	10.0
422	-0.132674	67.055280	3.636897	0.020999	9.8
423	-0.133326	66.312586	3.667833	0.016319	8.6
424	-0.130077	67.311058	3.626363	0.009885	11.1
425	-0.130657	68.067634	3.595559	0.015979	6.5
426	-0.134257	69.001491	3.558252	0.024271	9.7
427	-0.105568	68.245411	3.588397	0.014437	6.8
428	-0.118592	67.489340	3.619057	0.016628	8.1
429	-0.136627	66.741447	3.649905	0.014024	6.9
430	-0.119334	67.739062	3.608873	0.016608	7.8
431	-0.128064	68.739045	3.568658	0.018546	7.2
432	-0.162780	68.141639	3.592574	0.025218	12.0
433	-0.138958	69.141639	3.552720	0.023707	11.7
434	-0.155893	70.141639	3.513740	0.030529	13.8
435	-0.132882	71.141639	3.475605	0.017451	17.4
436	-0.120287	72.141639	3.438290	0.011666	13.7
437	-0.132342	73.141638	3.401768	0.015987	20.1
438	-0.126733	72.385561	3.429309	0.014868	15.3
439	-0.104051	73.385437	3.392981	0.017503	15.8
440	-0.129710	72.629356	3.420380	0.012492	11.9
441	-0.114704	73.577548	3.386089	0.013539	14.2
442	-0.122476	72.823151	3.413315	0.008991	9.1
443	-0.149668	73.021973	3.406097	0.027744	9.2
444	-0.137478	72.265892	3.433709	0.015022	9.6
445	-0.126903	73.265892	3.397284	0.008070	13.1
446	-0.091974	74.264335	3.361678	0.015105	8.9
447	-0.136383	75.249392	3.327273	0.009466	13.8
448	-0.123158	76.247833	3.293112	0.007499	9.4
449	-0.117465	77.196764	3.261288	0.015122	18.1
450	-0.133828	76.440851	3.286588	0.014207	32.7
451	-0.130991	77.440851	3.253202	0.026650	19.1
452	-0.124170	78.440851	3.220487	0.022092	14.3
453	-0.153733	77.828066	3.240456	0.012157	27.9
454	-0.119406	77.071985	3.265438	0.024850	18.7
455	-0.134618	78.071799	3.232484	0.017585	13.9
456	-0.124574	77.317710	3.257277	0.007260	16.6
457	-0.120386	76.923247	3.270398	0.011425	17.2
458	-0.130729	76.169583	3.295764	0.022916	17.4
459	-0.133204	77.169582	3.262192	0.012521	15.0
460	-0.128072	76.413618	3.287507	0.004950	15.0
461	-0.127063	75.778717	3.309074	0.004067	18.9
462	-0.125536	75.520730	3.317919	0.013270	14.6
463	-0.113879	74.810691	3.342508	0.014754	9.3
464	-0.141195	75.810351	3.307993	0.013318	10.9
465	-0.129823	76.810343	3.274173	0.012762	10.3
466	-0.131523	77.771862	3.242300	0.013416	12.6
467	-0.147206	78.771862	3.209803	0.009993	9.3
468	-0.131084	78.187383	3.228717	0.025438	10.8
469	-0.129151	79.187383	3.196490	0.017227	11.9
470	-0.127789	80.187383	3.164900	0.017805	9.5
471	-0.117870	81.187381	3.133929	0.005445	9.6
472	-0.140945	82.187202	3.103563	0.017977	7.3
473	-0.112389	83.185698	3.073819	0.009845	12.5
474	-0.134883	82.429685	3.096287	0.020719	10.7
475	-0.117542	83.429661	3.066638	0.015502	15.8
476	-0.118796	84.348475	3.039892	0.019755	15.7
477	-0.130747	83.592445	3.061865	0.020251	8.3
478	-0.121970	82.836364	3.084160	0.022495	17.5
479	-0.129432	83.836364	3.054741	0.013933	10.4
480	-0.130775	84.836351	3.025879	0.014019	18.3
481	-0.127432	84.080870	3.047633	0.014665	13.6
482	-0.144444	83.324871	3.069718	0.017397	20.5
483	-0.131117	82.572514	3.092017	0.025309	15.2
484	-0.132375	82.913220	3.081879	0.018356	19.4
485	-0.127723	83.913220	3.052504	0.010758	14.9
486	-0.121178	84.913198	3.023683	0.024264	18.3
487	-0.136061	85.865125	2.996749	0.008345	20.2
488	-0.132823	86.864808	2.968976	0.014447	13.5
489	-0.113431	87.749963	2.944810	0.012876	7.8
490	-0.119151	88.749953	2.917978	0.010052	12.9
491	-0.134332	88.485577	2.925024	0.020106	13.8
492	-0.113105	89.481299	2.898662	0.010959	13.2
493	-0.133074	90.462932	2.873134	0.016541	12.2
494	-0.113208	91.444718	2.848048	0.013647	9.4
495	-0.128145	92.443786	2.822966	0.009473	14.0
496	-0.132816	91.687723	2.841907	0.014894	12.9
497	-0.133671	92.684469	2.816990	0.009161	12.5
498	-0.123865	93.662358	2.792965	0.021123	15.2
499	-0.127887	94.659785	2.768879	0.024553	7.7
Time spent in resolution 0 (ITK initialization and iterating): 6.902 s.
Stopping condition: Maximum number of iterations has been reached.
Settings of AdaptiveStochasticGradientDescent in resolution 0:
( SP_a 320.247978 )
( SP_A 20.000000 )
( SP_alpha 1.000000 )
( SigmoidMax 1.000000 )
( SigmoidMin -0.756081 )
( SigmoidScale 0.000009 )



=============== start of TransformParameterFile ===============
(Transform "EulerTransform")
(NumberOfParameters 6)
(TransformParameters 0.010420 -0.001186 -0.006441 -0.328800 1.762017 -14.760276)
(InitialTransformParametersFileName "NoInitialTransform")
(UseBinaryFormatForTransformationParameters "false")
(HowToCombineTransforms "Compose")

// Image specific
(FixedImageDimension 3)
(MovingImageDimension 3)
(FixedInternalImagePixelType "float")
(MovingInternalImagePixelType "float")
(Size 256 256 30)
(Index 0 0 0)
(Spacing 0.7031250000 0.7031250000 3.0000000000)
(Origin -95.9615097046 -82.6242599487 136.0316925049)
(Direction 1.0000000000 0.0000000000 0.0000000000 0.0000000000 1.0000000000 0.0000000000 0.0000000000 0.0000000000 1.0000000000)
(UseDirectionCosines "false")

// EulerTransform specific
(CenterOfRotationPoint -6.3130722046 7.0241775513 179.5316925049)
(ComputeZYX "false")

// ResampleInterpolator specific
(ResampleInterpolator "FinalBSplineInterpolator")
(FinalBSplineInterpolationOrder 3)

// Resampler specific
(Resampler "DefaultResampler")
(DefaultPixelValue 0.000000)
(ResultImageFormat "nii.gz")
(ResultImagePixelType "short")
(CompressResultImage "false")

=============== end of TransformParameterFile ===============

Creating the TransformParameterFile took 0.00s

Registration result checksum: 1946367701

Skipping applying final transform, no resulting output image generated.

Final metric value  = -0.127887
Settings of AdaptiveStochasticGradientDescent for all resolutions:
( SP_a 320.247978 )
( SP_A 20.000000 )
( SP_alpha 1.000000 )
( SigmoidMax 1.000000 )
( SigmoidMin -0.756081 )
( SigmoidScale 0.000009 )

Time spent on saving the results, applying the final transform etc.: 10 ms.
Running elastix with parameter file 0: "/Users/sakinkirti/Programming/Python/CCIPD/racial-disparity-pca/code_matlab/rigid.txt", has finished.


Current time: Mon May 23 13:34:30 2022.
Time used for running elastix with this parameter file:
  7.1s.

-------------------------------------------------------------------------

Total time elapsed: 7.2s.

