
elastix is started at Mon May 23 08:27:30 2022.

which elastix:   /Users/sakinkirti/Programming/Python/CCIPD/racial-disparity-pca/code_matlab/elastix-5.0.0-mac/bin/elastix
elastix runs at: Sakins-MBP.hsd1.ca.comcast.net
  macOS 12.3.1 (x64), 21E258
  with 8192 MB memory, and 2 cores @ 2300 MHz.
-------------------------------------------------------------------------

Running elastix with parameter file 0: "/Users/sakinkirti/Programming/Python/CCIPD/racial-disparity-pca/code_matlab/rigid.txt".

Current time: Mon May 23 08:27:30 2022.
Reading the elastix parameters from file ...

Installing all components.
InstallingComponents was successful.

ELASTIX version: 5.000
Command line options from ElastixBase:
-f        /Users/sakinkirti/Programming/Python/CCIPD/racial-disparity-pca/dataset/to_nifti_cleaned/prostate-000597/ADC.nii.gz
-m        /Users/sakinkirti/Programming/Python/CCIPD/racial-disparity-pca/dataset/to_nifti_cleaned/prostate-000597/T2W.nii.gz
-fMask    unspecified, so no fixed mask used
-mMask    unspecified, so no moving mask used
-out      /Users/sakinkirti/Programming/Python/CCIPD/racial-disparity-pca/dataset/to_nifti_cleaned/prostate-000597/
-p        /Users/sakinkirti/Programming/Python/CCIPD/racial-disparity-pca/code_matlab/rigid.txt
-threads  unspecified, so all available threads are used
Command line options from TransformBase:
-t0       unspecified, so no initial transform used

=============== start of ParameterFile: /Users/sakinkirti/Programming/Python/CCIPD/racial-disparity-pca/code_matlab/rigid.txt ===============
// Example parameter file for rotation registration
// C-style comments: //

// The internal pixel type, used for internal computations
// Leave to float in general. 
// NB: this is not the type of the input images! The pixel 
// type of the input images is automatically read from the 
// images themselves.
// This setting can be changed to "short" to save some memory
// in case of very large 3D images.
(FixedInternalImagePixelType "float")
(MovingInternalImagePixelType "float")

// The dimensions of the fixed and moving image
// Up to elastix 4.5 this had to be specified by the user.
// From elastix 4.6, this is not necessary anymore.
//(FixedImageDimension 3)
//(MovingImageDimension 3)

// Specify whether you want to take into account the so-called
// direction cosines of the images. Recommended: true.
// In some cases, the direction cosines of the image are corrupt,
// due to image format conversions for example. In that case, you 
// may want to set this option to "false".
(UseDirectionCosines "false")

// **************** Main Components **************************

// The following components should usually be left as they are:
(Registration "MultiResolutionRegistration")
(Interpolator "BSplineInterpolator")
(ResampleInterpolator "FinalBSplineInterpolator")
(Resampler "DefaultResampler")

// These may be changed to Fixed/MovingSmoothingImagePyramid.
// See the manual.
(FixedImagePyramid "FixedRecursiveImagePyramid")
(MovingImagePyramid "MovingRecursiveImagePyramid")

// The following components are most important:
// The optimizer AdaptiveStochasticGradientDescent (ASGD) works
// quite ok in general. The Transform and Metric are important
// and need to be chosen careful for each application. See manual.
(Optimizer "AdaptiveStochasticGradientDescent")
(Transform "EulerTransform")
(Metric "AdvancedMattesMutualInformation")

// ***************** Transformation **************************

// Scales the rotations compared to the translations, to make
// sure they are in the same range. In general, it's best to  
// use automatic scales estimation:
(AutomaticScalesEstimation "true")

// Automatically guess an initial translation by aligning the
// geometric centers of the fixed and moving.
(AutomaticTransformInitialization "true")

// Whether transforms are combined by composition or by addition.
// In generally, Compose is the best option in most cases.
// It does not influence the results very much.
(HowToCombineTransforms "Compose")

// ******************* Similarity measure *********************

// Number of grey level bins in each resolution level,
// for the mutual information. 16 or 32 usually works fine.
// You could also employ a hierarchical strategy:
//(NumberOfHistogramBins 16 32 64)
(NumberOfHistogramBins 32)

// If you use a mask, this option is important. 
// If the mask serves as region of interest, set it to false.
// If the mask indicates which pixels are valid, then set it to true.
// If you do not use a mask, the option doesn't matter.
(ErodeMask "false")

// ******************** Multiresolution **********************

// The number of resolutions. 1 Is only enough if the expected
// deformations are small. 3 or 4 mostly works fine. For large
// images and large deformations, 5 or 6 may even be useful.
(NumberOfResolutions 1)

// The downsampling/blurring factors for the image pyramids.
// By default, the images are downsampled by a factor of 2
// compared to the next resolution.
// So, in 2D, with 4 resolutions, the following schedule is used:
//(ImagePyramidSchedule 8 8  4 4  2 2  1 1 )
// And in 3D:
//(ImagePyramidSchedule 8 8 8  4 4 4  2 2 2  1 1 1 )
// You can specify any schedule, for example:
//(ImagePyramidSchedule 4 4  4 3  2 1  1 1 )
// Make sure that the number of elements equals the number
// of resolutions times the image dimension.

// ******************* Optimizer ****************************

// Maximum number of iterations in each resolution level:
// 200-500 works usually fine for rigid registration.
// For more robustness, you may increase this to 1000-2000.
(MaximumNumberOfIterations 500)

// The step size of the optimizer, in mm. By default the voxel size is used.
// which usually works well. In case of unusual high-resolution images
// (eg histology) it is necessary to increase this value a bit, to the size
// of the "smallest visible structure" in the image:
//(MaximumStepLength 1.0)

// **************** Image sampling **********************

// Number of spatial samples used to compute the mutual
// information (and its derivative) in each iteration.
// With an AdaptiveStochasticGradientDescent optimizer,
// in combination with the two options below, around 2000
// samples may already suffice.
(NumberOfSpatialSamples 2000)

// Refresh these spatial samples in every iteration, and select
// them randomly. See the manual for information on other sampling
// strategies.
(NewSamplesEveryIteration "true")
(ImageSampler "Random")

// ************* Interpolation and Resampling ****************

// Order of B-Spline interpolation used during registration/optimisation.
// It may improve accuracy if you set this to 3. Never use 0.
// An order of 1 gives linear interpolation. This is in most 
// applications a good choice.
(BSplineInterpolationOrder 1)

// Order of B-Spline interpolation used for applying the final
// deformation.
// 3 gives good accuracy; recommended in most cases.
// 1 gives worse accuracy (linear interpolation)
// 0 gives worst accuracy, but is appropriate for binary images
// (masks, segmentations); equivalent to nearest neighbor interpolation.
(FinalBSplineInterpolationOrder 3)

//Default pixel value for pixels that come from outside the picture:
(DefaultPixelValue 0)

// Choose whether to generate the deformed moving image.
// You can save some time by setting this to false, if you are
// only interested in the final (nonrigidly) deformed moving image
// for example.
(WriteResultImage "false")

// The pixel type and format of the resulting deformed moving image
(ResultImagePixelType "short")
(ResultImageFormat "nii.gz")




=============== end of ParameterFile: /Users/sakinkirti/Programming/Python/CCIPD/racial-disparity-pca/code_matlab/rigid.txt ===============


Reading images...
Reading images took 99 ms.

WARNING: the fixed pyramid schedule is not fully specified!
  A default pyramid schedule is used.
WARNING: the moving pyramid schedule is not fully specified!
  A default pyramid schedule is used.
WARNING: The parameter "AutomaticTransformInitializationMethod", requested at entry number 0, does not exist at all.
  The default value "GeometricalCenter" is used instead.
Transform parameters are initialized as: [0, 0, 0, 0.12881332635879517, -0.13045638799667358, 0.3109703063964844]
Scales are estimated automatically.
Scales for transform parameters are: [6297.5625, 6297.5625, 9590.625, 1, 1, 1]
Initialization of all components (before registration) took: 11 ms.
Preparation of the image pyramids took: 12 ms.

Resolution: 0
WARNING: The parameter "ShowExactMetricValue", requested at entry number 0, does not exist at all.
  The default value "false" is used instead.
WARNING: The parameter "CheckNumberOfSamples", requested at entry number 0, does not exist at all.
  The default value "true" is used instead.
WARNING: The parameter "UseMultiThreadingForMetrics", requested at entry number 0, does not exist at all.
  The default value "true" is used instead.
Setting the fixed masks took: 0 ms.
Setting the moving masks took: 0 ms.
WARNING: The parameter "NumberOfFixedHistogramBins", requested at entry number 0, does not exist at all.
  The default value "32" is used instead.
WARNING: The parameter "NumberOfMovingHistogramBins", requested at entry number 0, does not exist at all.
  The default value "32" is used instead.
WARNING: The parameter "FixedLimitRangeRatio", requested at entry number 0, does not exist at all.
  The default value "0.01" is used instead.
WARNING: The parameter "MovingLimitRangeRatio", requested at entry number 0, does not exist at all.
  The default value "0.01" is used instead.
WARNING: The parameter "FixedKernelBSplineOrder", requested at entry number 0, does not exist at all.
  The default value "0" is used instead.
WARNING: The parameter "MovingKernelBSplineOrder", requested at entry number 0, does not exist at all.
  The default value "3" is used instead.
WARNING: The parameter "UseFastAndLowMemoryVersion", requested at entry number 0, does not exist at all.
  The default value "true" is used instead.
WARNING: The parameter "UseJacobianPreconditioning", requested at entry number 0, does not exist at all.
  The default value "false" is used instead.
WARNING: The parameter "FiniteDifferenceDerivative", requested at entry number 0, does not exist at all.
  The default value "false" is used instead.
WARNING: The parameter "SP_A", requested at entry number 0, does not exist at all.
  The default value "20" is used instead.
WARNING: The parameter "MaximumNumberOfSamplingAttempts", requested at entry number 0, does not exist at all.
  The default value "0" is used instead.
WARNING: The parameter "SigmoidInitialTime", requested at entry number 0, does not exist at all.
  The default value "0" is used instead.
WARNING: The parameter "MaxBandCovSize", requested at entry number 0, does not exist at all.
  The default value "192" is used instead.
WARNING: The parameter "NumberOfBandStructureSamples", requested at entry number 0, does not exist at all.
  The default value "10" is used instead.
WARNING: The parameter "UseAdaptiveStepSizes", requested at entry number 0, does not exist at all.
  The default value "true" is used instead.
WARNING: The parameter "AutomaticParameterEstimation", requested at entry number 0, does not exist at all.
  The default value "true" is used instead.
WARNING: The parameter "UseConstantStep", requested at entry number 0, does not exist at all.
  The default value "false" is used instead.
WARNING: The parameter "MaximumStepLengthRatio", requested at entry number 0, does not exist at all.
  The default value "1" is used instead.
WARNING: The parameter "MaximumStepLength", requested at entry number 0, does not exist at all.
  The default value "1.10714" is used instead.
WARNING: The parameter "NumberOfGradientMeasurements", requested at entry number 0, does not exist at all.
  The default value "0" is used instead.
WARNING: The parameter "NumberOfJacobianMeasurements", requested at entry number 0, does not exist at all.
  The default value "1000" is used instead.
WARNING: The parameter "NumberOfSamplesForExactGradient", requested at entry number 0, does not exist at all.
  The default value "100000" is used instead.
WARNING: The parameter "SigmoidScaleFactor", requested at entry number 0, does not exist at all.
  The default value "0.1" is used instead.
Elastix initialization of all components (for this resolution) took: 2 ms.
  Computing the fixed image extrema took 5 ms.
  Computing the moving image extrema took 9 ms.
Initialization of AdvancedMattesMutualInformation metric took: 101 ms.
Starting automatic parameter estimation for AdaptiveStochasticGradientDescent ...
WARNING: The parameter "ASGDParameterEstimationMethod", requested at entry number 0, does not exist at all.
  The default value "Original" is used instead.
  Computing JacobianTerms ...
  Computing the Jacobian terms took 0.002013s
  NumberOfGradientMeasurements to estimate sigma_i: 6
  Sampling gradients ...
  Sampling the gradients took 0.543177s
Automatic parameter estimation took 0.55s
1:ItNr	2:Metric	3a:Time	3b:StepSize	4:||Gradient||	Time[ms]
0	-0.143367	0.000000	3.175098	0.015184	648.9
1	-0.143698	0.000000	3.175098	0.055139	1.8
2	-0.155668	0.999820	3.030800	0.026818	5.9
3	-0.138301	1.999820	2.899025	0.030130	2.2
4	-0.154392	2.999819	2.778231	0.024158	2.6
5	-0.123155	2.401343	2.849283	0.020641	2.5
6	-0.156750	1.720965	2.934605	0.025129	3.7
7	-0.164057	1.361453	2.981785	0.052943	3.9
8	-0.172710	0.433870	3.110826	0.013092	5.5
9	-0.149785	0.000000	3.175098	0.022637	1.8
10	-0.150602	0.000000	3.175098	0.044251	3.2
11	-0.153525	0.000000	3.175098	0.021015	2.3
12	-0.144314	0.000000	3.175098	0.028405	3.1
13	-0.181664	0.000000	3.175098	0.029091	2.0
14	-0.144490	0.000000	3.175098	0.020206	3.5
15	-0.168735	0.444599	3.109270	0.040220	1.8
16	-0.163428	0.000000	3.175098	0.049280	1.7
17	-0.166100	0.000000	3.175098	0.037354	5.6
18	-0.139526	0.000000	3.175098	0.022369	1.7
19	-0.147848	0.783081	3.060956	0.039077	3.8
20	-0.150729	1.774741	2.927675	0.024657	3.2
21	-0.145583	1.600137	2.950294	0.028283	2.3
22	-0.151327	0.709993	3.071261	0.036663	2.8
23	-0.133746	0.000000	3.175098	0.014393	3.2
24	-0.160773	0.000000	3.175098	0.025080	3.4
25	-0.145172	0.538029	3.095782	0.027136	2.0
26	-0.166340	1.441602	2.971136	0.039213	1.9
27	-0.150126	0.513984	3.099242	0.040100	3.3
28	-0.165296	1.513978	2.961585	0.026631	3.0
29	-0.148626	2.505454	2.836663	0.034434	2.2
30	-0.161912	3.460554	2.725901	0.029400	2.4
31	-0.146359	4.460180	2.618876	0.012713	3.3
32	-0.140304	3.702221	2.699233	0.017945	1.9
33	-0.140562	3.248175	2.749776	0.048707	4.3
34	-0.151200	2.321416	2.859048	0.030009	3.1
35	-0.152794	1.393797	2.977478	0.057321	2.6
36	-0.143900	0.466179	3.106144	0.041379	1.6
37	-0.157702	1.466179	2.967886	0.025160	3.1
38	-0.169301	0.538563	3.095706	0.038321	4.4
39	-0.131418	1.531958	2.959221	0.031257	3.1
40	-0.140846	2.529648	2.833746	0.026434	1.8
41	-0.168245	3.512014	2.720178	0.043170	2.9
42	-0.159744	4.511998	2.613556	0.071518	3.9
43	-0.162758	5.511998	2.514976	0.024819	2.9
44	-0.156717	5.625381	2.504266	0.034946	2.9
45	-0.149833	6.621695	2.413938	0.013674	3.2
46	-0.133223	5.740101	2.493523	0.021786	2.7
47	-0.138181	5.100576	2.554620	0.038380	4.9
48	-0.150252	6.100557	2.460357	0.044613	4.7
49	-0.161621	7.100547	2.372802	0.020810	1.8
50	-0.170936	6.174485	2.453664	0.042221	3.6
51	-0.135952	5.368516	2.528661	0.029553	4.3
52	-0.140442	6.368377	2.436281	0.034873	2.1
53	-0.159153	5.441492	2.521683	0.029608	3.3
54	-0.133541	4.515292	2.613219	0.035532	2.6
55	-0.163870	5.176343	2.547226	0.029995	2.0
56	-0.138645	6.176089	2.453519	0.051854	3.6
57	-0.132963	5.248470	2.540226	0.043816	3.5
58	-0.141963	4.320851	2.633286	0.023189	3.8
59	-0.170836	5.315189	2.533786	0.020767	1.8
60	-0.213737	5.460178	2.519902	0.045232	3.5
61	-0.125578	4.543840	2.610299	0.039775	4.7
62	-0.157305	5.543840	2.511959	0.021351	3.1
63	-0.147826	6.445978	2.429392	0.027884	3.8
64	-0.158514	7.414601	2.346577	0.025289	1.9
65	-0.152147	7.182838	2.365874	0.044659	3.4
66	-0.117176	6.308611	2.441613	0.025479	3.8
67	-0.157327	5.381274	2.527439	0.032946	3.6
68	-0.144279	6.381270	2.435134	0.030890	2.3
69	-0.176124	5.455093	2.520386	0.031525	1.8
70	-0.158398	4.910813	2.573329	0.042646	2.9
71	-0.171329	4.116570	2.654704	0.040990	5.0
72	-0.160119	4.645031	2.599999	0.021847	2.6
73	-0.162164	3.724191	2.696834	0.041475	1.8
74	-0.140353	4.001593	2.666912	0.042721	4.0
75	-0.184802	3.073974	2.769674	0.029877	1.9
76	-0.173505	2.207844	2.873039	0.039832	4.8
77	-0.149168	1.308661	2.988841	0.017477	3.4
78	-0.137999	0.471594	3.105361	0.025585	1.7
79	-0.154388	0.966375	3.035414	0.031903	2.9
80	-0.177942	0.042850	3.168632	0.027642	4.1
81	-0.160935	0.000000	3.175098	0.020227	2.2
82	-0.162826	0.000000	3.175098	0.020430	4.0
83	-0.153455	0.000000	3.175098	0.020014	2.0
84	-0.163347	0.000000	3.175098	0.026613	3.3
85	-0.149818	0.965615	3.035519	0.021336	3.6
86	-0.154964	1.535934	2.958699	0.040878	3.4
87	-0.153068	2.534546	2.833156	0.054226	1.9
88	-0.158623	1.606927	2.949408	0.036014	1.7
89	-0.151746	2.603092	2.824929	0.036452	3.5
90	-0.160709	3.603092	2.710109	0.033781	3.3
91	-0.166902	2.682498	2.815457	0.043619	3.8
92	-0.137775	3.681563	2.701492	0.030193	2.1
93	-0.159312	4.681535	2.596303	0.034844	3.1
94	-0.128368	5.674830	2.499624	0.017646	3.5
95	-0.150726	6.520193	2.422841	0.024193	5.4
96	-0.163283	7.390907	2.348535	0.024487	2.0
97	-0.181566	8.390810	2.268636	0.042752	2.6
98	-0.163733	9.390808	2.193987	0.037719	3.6
99	-0.182544	8.463189	2.263063	0.020893	2.4
100	-0.169802	7.535675	2.336621	0.022670	4.7
101	-0.152359	8.079786	2.292900	0.019639	2.5
102	-0.158830	8.896384	2.230271	0.018382	3.0
103	-0.182173	9.852555	2.161152	0.020095	2.9
104	-0.151386	10.835117	2.094450	0.034725	2.8
105	-0.186369	11.655109	2.041857	0.029252	3.6
106	-0.158127	10.744424	2.100433	0.024999	3.4
107	-0.159740	10.223082	2.135505	0.031130	3.0
108	-0.151967	9.470315	2.188263	0.018827	2.7
109	-0.176424	8.547114	2.256635	0.024637	3.5
110	-0.158440	9.536989	2.183485	0.037825	3.8
111	-0.140902	10.533239	2.114500	0.041733	3.7
112	-0.148766	11.533238	2.049505	0.045269	2.1
113	-0.154142	12.533238	1.988387	0.042147	3.2
114	-0.171011	11.605619	2.044956	0.039614	4.0
115	-0.172065	12.605619	1.984104	0.017161	4.0
116	-0.165196	13.605211	1.926792	0.031888	2.2
117	-0.170103	14.546003	1.875796	0.036018	3.9
118	-0.154031	15.545865	1.824476	0.042448	3.3
119	-0.157631	14.618246	1.871991	0.021072	4.5
120	-0.161838	15.427622	1.830398	0.026598	3.4
121	-0.182111	16.220012	1.791430	0.021963	2.0
122	-0.152017	15.533986	1.825069	0.037414	2.7
123	-0.191796	16.533821	1.776452	0.031532	4.0
124	-0.158503	16.554695	1.775465	0.034542	4.0
125	-0.189566	17.554441	1.729426	0.031800	2.4
126	-0.172543	18.554374	1.685706	0.027065	2.4
127	-0.178389	17.626781	1.726187	0.045336	3.2
128	-0.170072	16.699190	1.768660	0.021237	3.1
129	-0.174151	16.425684	1.781585	0.051336	4.0
130	-0.146971	15.498280	1.826855	0.026429	2.5
131	-0.164886	16.449134	1.780470	0.019533	3.0
132	-0.172649	16.969303	1.756078	0.014905	3.8
133	-0.163865	16.247716	1.790098	0.036007	3.0
134	-0.192157	17.229881	1.744108	0.071573	3.3
135	-0.163600	16.302261	1.787480	0.027878	2.2
136	-0.173631	15.541192	1.824709	0.023377	2.3
137	-0.156243	14.619064	1.871948	0.014955	4.4
138	-0.197209	13.780096	1.917104	0.030877	3.3
139	-0.152852	13.968990	1.906748	0.031332	2.2
140	-0.177575	13.107784	1.954892	0.041469	3.5
141	-0.176062	12.180725	2.009512	0.026688	3.5
142	-0.129593	11.278470	2.065682	0.025435	4.9
143	-0.154503	11.703984	2.038805	0.033179	2.1
144	-0.136186	12.703744	1.978328	0.020011	2.4
145	-0.152289	11.818326	2.031702	0.017723	3.2
146	-0.139895	10.905195	2.089849	0.047225	4.3
147	-0.162645	11.900950	2.026600	0.022507	3.9
148	-0.150012	11.897172	2.026832	0.028954	2.0
149	-0.145713	12.896914	1.967054	0.022728	3.6
150	-0.154714	13.179519	1.950790	0.049995	3.5
151	-0.173450	14.179027	1.895364	0.022191	3.8
152	-0.146064	15.178819	1.842986	0.033359	3.0
153	-0.165592	14.500074	1.878223	0.040546	1.9
154	-0.157663	13.576439	1.928396	0.016820	3.7
155	-0.155924	12.658238	1.981002	0.013289	6.2
156	-0.161341	11.872393	2.028360	0.043145	9.1
157	-0.147597	12.872179	1.968490	0.025290	4.7
158	-0.154576	11.992376	2.020984	0.015359	4.8
159	-0.165232	12.953162	1.963795	0.028956	3.7
160	-0.164901	12.061970	2.016729	0.025362	5.4
161	-0.170714	11.136066	2.074835	0.026949	3.6
162	-0.156362	12.105725	2.014064	0.032244	3.6
163	-0.142001	13.054834	1.957932	0.049041	3.5
164	-0.155773	12.127215	2.012757	0.031322	2.1
165	-0.165214	11.199596	2.070742	0.031098	2.0
166	-0.168853	10.271994	2.132165	0.033441	4.6
167	-0.168921	9.344375	2.197345	0.027820	2.9
168	-0.152335	10.344375	2.127241	0.028040	3.0
169	-0.169280	11.342878	2.061568	0.015541	3.5
170	-0.179751	10.582405	2.111209	0.035369	2.8
171	-0.172519	9.827674	2.162896	0.039135	2.8
172	-0.147478	10.827659	2.094940	0.026294	2.1
173	-0.182921	9.911442	2.157035	0.033267	2.1
174	-0.169437	8.983946	2.223758	0.024604	2.5
175	-0.159462	8.057431	2.294664	0.020097	2.7
176	-0.170919	8.306427	2.275168	0.037602	3.2
177	-0.176791	8.925496	2.228102	0.038735	2.8
178	-0.157899	9.925458	2.156057	0.056887	2.6
179	-0.161396	10.925409	2.088526	0.015658	2.5
180	-0.160726	10.185465	2.138081	0.025898	2.3
181	-0.146868	9.271630	2.202625	0.037576	2.2
182	-0.155432	10.137992	2.141341	0.039888	2.2
183	-0.147400	9.210373	2.207091	0.020347	2.3
184	-0.144125	8.282771	2.277006	0.020615	2.2
185	-0.182408	9.280480	2.201981	0.026565	3.4
186	-0.150043	8.750758	2.241188	0.028022	3.4
187	-0.190247	9.746348	2.168617	0.040185	5.9
188	-0.183383	9.586155	2.179975	0.034352	3.1
189	-0.216524	10.586154	2.110958	0.022070	3.2
190	-0.164517	11.518454	2.050437	0.028705	5.0
191	-0.180163	12.517640	1.989312	0.036811	4.7
192	-0.167465	13.517639	1.931680	0.026028	4.2
193	-0.180750	12.590148	1.985018	0.017004	1.9
194	-0.155585	11.674669	2.040634	0.035939	3.2
195	-0.147406	10.748987	2.100132	0.035346	5.4
196	-0.173600	9.824052	2.163150	0.024174	3.6
197	-0.175577	10.822676	2.095268	0.060695	1.9
198	-0.160280	11.813267	2.032015	0.039836	1.8
199	-0.166060	10.886346	2.091085	0.039912	3.9
200	-0.168800	11.886346	2.027499	0.035152	5.6
201	-0.145848	10.958729	2.086349	0.050521	2.6
202	-0.146078	11.958729	2.023047	0.023639	3.8
203	-0.168475	11.031110	2.081634	0.020530	5.4
204	-0.175391	11.918976	2.025490	0.044366	4.0
205	-0.187935	10.998079	2.083783	0.020801	3.9
206	-0.167329	11.998061	2.020635	0.034375	3.0
207	-0.169554	12.993964	1.961438	0.033112	5.7
208	-0.158513	12.067499	2.016392	0.026439	4.4
209	-0.155401	13.055702	1.957882	0.037023	2.1
210	-0.178756	12.133804	2.012357	0.038535	3.1
211	-0.162124	13.133804	1.953402	0.015407	3.9
212	-0.160848	12.989773	1.961680	0.051910	2.3
213	-0.184434	13.989405	1.905635	0.025233	4.1
214	-0.154361	14.946359	1.854904	0.034599	3.4
215	-0.144239	14.019121	1.904018	0.046343	3.3
216	-0.176873	13.095014	1.955625	0.030429	4.5
217	-0.146629	12.167395	2.010319	0.040517	4.8
218	-0.181144	11.239776	2.068161	0.038593	2.9
219	-0.145575	10.750928	2.100003	0.026394	3.2
220	-0.166597	9.823309	2.163202	0.023771	3.3
221	-0.164854	10.808909	2.096175	0.050308	4.2
222	-0.153156	10.132203	2.141739	0.048631	2.0
223	-0.153336	9.204589	2.207514	0.042291	2.8
224	-0.198686	10.204589	2.136771	0.019302	3.4
225	-0.199156	11.203377	2.070499	0.020577	3.4
226	-0.169206	10.874003	2.091894	0.022304	4.1
227	-0.176332	9.947524	2.154520	0.034422	1.9
228	-0.207547	9.019914	2.221094	0.025665	4.7
229	-0.162548	9.725391	2.170096	0.028413	3.4
230	-0.162995	8.866520	2.232501	0.034641	5.8
231	-0.159551	7.938901	2.304063	0.019141	2.3
232	-0.160042	7.043828	2.377602	0.015163	3.2
233	-0.177856	7.643012	2.327864	0.039628	3.3
234	-0.189521	6.717406	2.405602	0.037385	3.7
235	-0.174374	7.717406	2.321834	0.028134	3.9
236	-0.175240	6.790275	2.399294	0.014896	1.9
237	-0.169130	7.772175	2.317414	0.042394	2.7
238	-0.169212	6.844896	2.394588	0.018137	4.1
239	-0.191038	7.757126	2.318627	0.028927	2.8
240	-0.147297	7.773986	2.317268	0.037349	4.3
241	-0.146430	6.847577	2.394357	0.038355	4.3
242	-0.192246	5.919958	2.476863	0.024885	3.6
243	-0.179741	5.015731	2.562951	0.041586	3.8
244	-0.156992	4.088114	2.657715	0.049663	3.8
245	-0.181405	5.088114	2.555840	0.031362	2.5
246	-0.177185	4.160495	2.650069	0.011156	2.1
247	-0.176052	3.303123	2.743559	0.024552	3.5
248	-0.152840	2.431477	2.845619	0.026117	4.2
249	-0.173165	1.503979	2.962900	0.045935	3.0
250	-0.186399	0.621242	3.083868	0.027786	2.8
251	-0.162465	0.000000	3.175098	0.031772	1.9
252	-0.167363	0.000000	3.175098	0.028331	3.5
253	-0.149089	0.000000	3.175098	0.023191	3.3
254	-0.146300	0.000000	3.175098	0.017571	3.5
255	-0.156572	0.000000	3.175098	0.017411	3.6
256	-0.146898	0.000000	3.175098	0.018686	2.7
257	-0.185881	0.000000	3.175098	0.022404	5.7
258	-0.161416	0.925690	3.041047	0.044395	2.6
259	-0.147206	1.924295	2.908576	0.020033	2.9
260	-0.178177	2.923029	2.787149	0.022663	2.5
261	-0.180060	3.913354	2.676358	0.019774	3.3
262	-0.164857	2.995099	2.778778	0.040033	4.8
263	-0.166862	2.067578	2.890509	0.019747	2.3
264	-0.142764	3.062104	2.771040	0.027781	3.4
265	-0.146735	4.061081	2.660582	0.024993	1.8
266	-0.154455	3.133498	2.762842	0.049293	6.3
267	-0.142078	2.434085	2.845302	0.026163	2.9
268	-0.150469	1.545668	2.957422	0.025969	2.0
269	-0.172890	0.621155	3.083880	0.014698	3.4
270	-0.145047	1.338688	2.984824	0.024195	3.3
271	-0.146616	0.992200	3.031850	0.047905	5.2
272	-0.183578	0.076250	3.163611	0.023473	2.4
273	-0.183146	0.000000	3.175098	0.035100	2.0
274	-0.136745	0.000000	3.175098	0.022167	3.1
275	-0.179795	0.000000	3.175098	0.029887	3.3
276	-0.144089	0.977240	3.033914	0.033425	4.5
277	-0.172563	1.977149	2.901885	0.030101	2.2
278	-0.166932	1.049532	3.023967	0.039443	2.5
279	-0.183740	0.121962	3.156764	0.029809	3.7
280	-0.145620	0.000000	3.175098	0.061602	3.4
281	-0.147708	0.818852	3.055937	0.014702	3.9
282	-0.150199	1.818837	2.922018	0.019450	2.1
283	-0.155165	1.072131	3.020870	0.022957	2.7
284	-0.166399	1.252283	2.996414	0.027247	3.6
285	-0.150054	0.367082	3.120550	0.028770	3.2
286	-0.179609	0.000000	3.175098	0.031293	4.3
287	-0.189816	1.000000	3.030775	0.038114	2.1
288	-0.178771	1.998053	2.899248	0.025969	2.7
289	-0.173301	1.070972	3.021029	0.023413	4.3
290	-0.167262	2.069483	2.890271	0.026626	4.2
291	-0.152393	2.511734	2.835905	0.028717	3.2
292	-0.144891	3.443907	2.727757	0.017689	3.5
293	-0.180128	2.720870	2.810902	0.031691	3.7
294	-0.144232	2.170039	2.877727	0.038279	2.8
295	-0.180914	3.170039	2.758665	0.043371	4.4
296	-0.156377	2.242420	2.868765	0.040499	2.0
297	-0.171778	1.314801	2.988019	0.027629	3.6
298	-0.151815	2.314801	2.859859	0.031164	3.2
299	-0.164818	1.387366	2.978334	0.052985	3.3
300	-0.126993	2.387366	2.850986	0.043349	3.8
301	-0.177221	3.387366	2.734082	0.022062	2.5
302	-0.154544	3.878141	2.680146	0.033706	2.1
303	-0.166866	3.795867	2.689039	0.030194	3.9
304	-0.176332	2.868308	2.793539	0.023220	3.3
305	-0.194424	1.941747	2.906363	0.025108	4.0
306	-0.186891	1.032013	3.026371	0.028133	2.0
307	-0.138484	0.104438	3.159385	0.028537	2.9
308	-0.179209	0.000000	3.175098	0.050132	4.6
309	-0.156200	0.999951	3.030782	0.021615	3.7
310	-0.159889	0.931502	3.040241	0.019319	3.8
311	-0.151747	1.902423	2.911354	0.039912	4.0
312	-0.166372	0.974808	3.034249	0.035048	8.7
313	-0.165366	1.974808	2.902181	0.023216	4.7
314	-0.168775	2.974693	2.781143	0.019980	5.3
315	-0.158037	3.786861	2.690016	0.019784	3.7
316	-0.153108	2.931625	2.786148	0.032794	8.6
317	-0.184560	3.058399	2.771467	0.022249	12.6
318	-0.169346	2.677620	2.816037	0.034657	11.5
319	-0.170491	3.639164	2.706141	0.026765	41.1
320	-0.170443	4.639056	2.600605	0.029478	16.0
321	-0.163368	4.225581	2.643231	0.041395	7.9
322	-0.166398	3.298010	2.744136	0.039397	11.5
323	-0.174039	4.298010	2.635664	0.023644	8.0
324	-0.178122	3.371003	2.735917	0.020608	6.2
325	-0.196931	4.355079	2.629731	0.014552	3.6
326	-0.145343	4.836895	2.580691	0.014124	4.8
327	-0.157211	4.584603	2.606140	0.024698	4.2
328	-0.164880	4.811308	2.583250	0.038055	4.3
329	-0.146947	5.068778	2.557736	0.031512	4.2
330	-0.172395	6.068206	2.463298	0.040231	3.9
331	-0.181674	5.386455	2.526942	0.031412	3.7
332	-0.204548	6.385708	2.434739	0.022306	3.8
333	-0.167981	7.384777	2.349043	0.026606	3.7
334	-0.156602	6.481013	2.426295	0.023374	3.7
335	-0.154255	7.327155	2.353821	0.031094	4.7
336	-0.195909	8.324357	2.273777	0.044078	3.8
337	-0.171439	7.736160	2.320319	0.034439	3.9
338	-0.188557	8.736160	2.242288	0.044312	4.0
339	-0.147004	9.736158	2.169336	0.025552	3.8
340	-0.166090	8.846235	2.234019	0.032216	4.0
341	-0.172733	7.920366	2.305540	0.021612	5.3
342	-0.140387	7.131632	2.370181	0.025569	2.9
343	-0.159427	8.122039	2.289573	0.026404	4.5
344	-0.154739	7.332260	2.353397	0.011711	3.8
345	-0.154232	8.015179	2.298006	0.058041	4.9
346	-0.190854	7.901173	2.307071	0.024525	4.0
347	-0.152842	6.977205	2.383263	0.040730	3.4
348	-0.170627	6.105112	2.459944	0.027348	4.1
349	-0.182882	5.177493	2.547114	0.042550	4.3
350	-0.169943	6.167807	2.454267	0.019423	3.9
351	-0.166833	5.240568	2.540991	0.039704	3.7
352	-0.174225	4.320248	2.633349	0.022073	4.1
353	-0.161927	5.320140	2.533309	0.037699	4.5
354	-0.200506	6.304012	2.442024	0.020839	3.7
355	-0.147232	7.295717	2.356436	0.040598	8.9
356	-0.179588	6.989094	2.382251	0.028745	3.9
357	-0.164118	6.061475	2.463910	0.024371	5.5
358	-0.178472	7.061328	2.376119	0.023950	6.5
359	-0.147226	8.060609	2.294413	0.041740	2.8
360	-0.155286	9.060573	2.218090	0.039758	5.1
361	-0.178602	10.060504	2.146683	0.024427	5.6
362	-0.198716	11.060474	2.079727	0.030416	4.2
363	-0.169692	12.053815	2.017227	0.025630	4.1
364	-0.164901	11.128985	2.075293	0.025541	6.2
365	-0.149332	10.654858	2.106377	0.040807	5.3
366	-0.136459	11.654852	2.041873	0.020101	2.9
367	-0.164242	11.291158	2.064870	0.037040	3.7
368	-0.184706	10.779095	2.098142	0.032868	3.7
369	-0.170327	9.851476	2.161227	0.018092	3.5
370	-0.157719	9.042946	2.219391	0.019107	2.9
371	-0.151584	9.952679	2.154161	0.017130	3.4
372	-0.158918	9.792823	2.165344	0.016063	2.9
373	-0.169777	9.532660	2.183794	0.033690	3.7
374	-0.148613	8.641427	2.249455	0.020031	2.7
375	-0.152220	9.610516	2.178240	0.025481	4.3
376	-0.169351	10.589909	2.110707	0.029184	4.2
377	-0.207914	9.662310	2.174561	0.021296	3.3
378	-0.159119	10.201697	2.136969	0.013868	3.2
379	-0.168879	10.701005	2.103310	0.034166	6.1
380	-0.155085	9.776678	2.166480	0.038268	5.6
381	-0.182211	10.756521	2.099633	0.063952	5.4
382	-0.168579	11.756521	2.035535	0.022085	5.2
383	-0.148732	10.835849	2.094401	0.033127	4.4
384	-0.172896	10.891551	2.090743	0.018741	4.3
385	-0.148796	9.964176	2.153361	0.015598	3.3
386	-0.173463	10.148780	2.140599	0.028082	4.5
387	-0.154783	9.360139	2.196204	0.020074	4.0
388	-0.144799	8.435907	2.265160	0.024001	4.1
389	-0.164269	8.717210	2.243718	0.034868	3.1
390	-0.158441	9.716802	2.170703	0.024510	3.6
391	-0.154347	10.709857	2.102723	0.027293	4.5
392	-0.191116	9.782294	2.166084	0.028924	4.4
393	-0.177013	9.244398	2.204608	0.021127	2.9
394	-0.161258	9.836105	2.162304	0.038265	3.5
395	-0.177071	9.055526	2.218462	0.034921	2.9
396	-0.138912	8.128641	2.289055	0.034370	4.5
397	-0.174366	9.128508	2.213088	0.020038	4.3
398	-0.159921	10.126673	2.142119	0.018655	8.7
399	-0.169582	10.724106	2.101779	0.021551	2.4
400	-0.182883	9.874675	2.159603	0.018911	4.9
401	-0.161869	8.998086	2.222710	0.014096	5.6
402	-0.151160	9.900809	2.157777	0.018125	2.3
403	-0.155531	10.811988	2.095972	0.016214	4.3
404	-0.161313	9.969540	2.152988	0.021816	6.3
405	-0.155764	10.265039	2.132639	0.032652	3.7
406	-0.179680	10.905392	2.089836	0.031648	4.4
407	-0.163932	11.901855	2.026544	0.019531	4.7
408	-0.176590	10.986112	2.084563	0.014885	4.0
409	-0.157829	11.453807	2.054522	0.033966	2.3
410	-0.155268	12.418007	1.995243	0.016309	6.0
411	-0.159063	12.468260	1.992247	0.025218	4.7
412	-0.164256	13.329428	1.942271	0.027630	5.5
413	-0.182739	14.315973	1.888014	0.033282	3.8
414	-0.198031	13.388355	1.938943	0.041283	4.5
415	-0.183888	12.460736	1.992695	0.024668	4.5
416	-0.176009	13.124798	1.953918	0.026562	3.7
417	-0.163233	12.202039	2.008222	0.030746	3.2
418	-0.167489	13.201956	1.949510	0.025247	4.0
419	-0.153329	12.274823	2.003829	0.035252	5.0
420	-0.192217	13.253731	1.946563	0.025216	6.7
421	-0.166285	12.326182	2.000741	0.016496	4.4
422	-0.161195	13.261108	1.946144	0.034355	3.6
423	-0.150496	12.333989	2.000272	0.022503	5.3
424	-0.171311	13.333561	1.942037	0.058659	3.3
425	-0.162594	12.437720	1.994067	0.037482	5.1
426	-0.154029	13.437720	1.936163	0.033906	3.4
427	-0.188911	14.437719	1.881528	0.031049	2.6
428	-0.169999	14.269618	1.890495	0.040677	4.1
429	-0.171287	15.269617	1.838372	0.040594	4.3
430	-0.158816	16.269533	1.789050	0.026553	3.8
431	-0.187284	17.269533	1.742301	0.038149	2.0
432	-0.162889	18.269299	1.697943	0.020651	3.2
433	-0.166225	19.267108	1.655869	0.033716	3.8
434	-0.148953	20.153834	1.620190	0.035224	4.2
435	-0.171193	20.954355	1.589276	0.021919	3.6
436	-0.201311	20.233343	1.617066	0.021827	3.4
437	-0.158046	21.231731	1.578838	0.021193	4.1
438	-0.177425	20.410913	1.610132	0.025121	4.0
439	-0.160930	19.625537	1.641260	0.026023	3.9
440	-0.173778	18.698378	1.679591	0.014044	3.2
441	-0.154948	17.811317	1.717980	0.010141	3.6
442	-0.168079	18.415709	1.691636	0.043465	4.3
443	-0.169352	17.495468	1.732075	0.025848	4.7
444	-0.173310	16.567856	1.774843	0.029890	4.6
445	-0.154545	15.640507	1.819763	0.032719	3.1
446	-0.151473	14.713202	1.867014	0.059041	4.2
447	-0.163833	15.656531	1.818968	0.020946	2.6
448	-0.167952	16.656529	1.770664	0.031532	3.4
449	-0.172113	17.656393	1.724865	0.032972	4.1
450	-0.153095	18.653593	1.681488	0.035194	3.9
451	-0.167528	17.725979	1.721765	0.015589	3.4
452	-0.134986	18.318404	1.695823	0.039774	3.2
453	-0.135129	18.751191	1.677360	0.032769	4.1
454	-0.172164	19.368789	1.651698	0.012467	5.3
455	-0.169601	18.555285	1.685667	0.046150	2.5
456	-0.169713	18.470858	1.689273	0.010562	3.6
457	-0.141361	19.438655	1.648844	0.029582	2.2
458	-0.172335	18.541933	1.686236	0.028999	6.2
459	-0.147256	19.515449	1.645719	0.042994	2.7
460	-0.145089	20.512284	1.606200	0.031727	3.1
461	-0.167038	21.511904	1.568432	0.026850	2.5
462	-0.163107	20.588157	1.603270	0.022179	4.6
463	-0.169864	21.508731	1.568549	0.035501	4.2
464	-0.161192	20.581175	1.603539	0.040663	2.2
465	-0.159236	19.653556	1.640128	0.037464	3.7
466	-0.187107	20.653556	1.600753	0.042805	3.9
467	-0.146428	19.738074	1.636726	0.027859	7.2
468	-0.185714	20.718300	1.598269	0.027259	4.1
469	-0.146140	19.793467	1.634503	0.040104	3.0
470	-0.166392	18.865848	1.672536	0.026160	5.9
471	-0.178034	17.968652	1.711043	0.019760	2.6
472	-0.191728	17.743509	1.720986	0.030280	3.3
473	-0.158302	17.769809	1.719819	0.019683	2.6
474	-0.181496	18.564863	1.685259	0.042053	5.6
475	-0.194486	19.352955	1.652346	0.024043	3.0
476	-0.166831	20.347710	1.612594	0.024394	2.8
477	-0.195460	21.342992	1.574689	0.037908	3.7
478	-0.166177	20.621732	1.601977	0.025328	3.9
479	-0.168645	21.608807	1.564865	0.042538	4.2
480	-0.187238	22.608410	1.528995	0.026174	3.3
481	-0.164812	23.586892	1.495441	0.041565	3.6
482	-0.156138	22.659719	1.527198	0.030279	3.9
483	-0.159320	21.732100	1.560350	0.020810	4.5
484	-0.183985	21.035869	1.586194	0.016998	2.7
485	-0.158073	21.548228	1.567093	0.014618	2.9
486	-0.156494	20.683989	1.599584	0.024590	3.6
487	-0.177034	20.442766	1.608895	0.025615	4.2
488	-0.199715	21.347454	1.574523	0.020325	3.5
489	-0.182641	22.243529	1.541897	0.017574	3.3
490	-0.155689	22.358673	1.537802	0.039491	5.8
491	-0.176164	21.492568	1.569146	0.013186	4.6
492	-0.187207	21.224319	1.579115	0.030407	3.1
493	-0.169546	21.278033	1.577109	0.059361	3.0
494	-0.173054	20.350414	1.612488	0.033167	4.1
495	-0.181689	19.422795	1.649491	0.029340	3.8
496	-0.169480	18.552075	1.685804	0.018833	3.5
497	-0.163664	17.978155	1.710626	0.048527	4.2
498	-0.186250	17.050694	1.752322	0.026598	6.4
499	-0.167913	18.050693	1.707449	0.031273	3.4
Time spent in resolution 0 (ITK initialization and iterating): 2.715 s.
Stopping condition: Maximum number of iterations has been reached.
Settings of AdaptiveStochasticGradientDescent in resolution 0:
( SP_a 66.677049 )
( SP_A 20.000000 )
( SP_alpha 1.000000 )
( SigmoidMax 1.000000 )
( SigmoidMin -0.927619 )
( SigmoidScale 0.000050 )



=============== start of TransformParameterFile ===============
(Transform "EulerTransform")
(NumberOfParameters 6)
(TransformParameters 0.002372 0.003280 -0.009087 3.091397 1.578159 0.485906)
(InitialTransformParametersFileName "NoInitialTransform")
(UseBinaryFormatForTransformationParameters "false")
(HowToCombineTransforms "Compose")

// Image specific
(FixedImageDimension 3)
(MovingImageDimension 3)
(FixedInternalImagePixelType "float")
(MovingInternalImagePixelType "float")
(Size 160 160 44)
(Index 0 0 0)
(Spacing 1.5000000000 1.5000000000 3.0000000000)
(Origin -127.9251327515 -89.9619903564 -12.1598348618)
(Direction 0.9999947842 -0.0032296952 -0.0000254364 0.0032297953 0.9999637606 0.0078769196 -0.0000000046 -0.0078769610 0.9999689763)
(UseDirectionCosines "false")

// EulerTransform specific
(CenterOfRotationPoint -8.6751327515 29.2880096436 52.3401651382)
(ComputeZYX "false")

// ResampleInterpolator specific
(ResampleInterpolator "FinalBSplineInterpolator")
(FinalBSplineInterpolationOrder 3)

// Resampler specific
(Resampler "DefaultResampler")
(DefaultPixelValue 0.000000)
(ResultImageFormat "nii.gz")
(ResultImagePixelType "short")
(CompressResultImage "false")

=============== end of TransformParameterFile ===============

Creating the TransformParameterFile took 0.00s

Registration result checksum: 3517899106

Skipping applying final transform, no resulting output image generated.

Final metric value  = -0.167913
Settings of AdaptiveStochasticGradientDescent for all resolutions:
( SP_a 66.677049 )
( SP_A 20.000000 )
( SP_alpha 1.000000 )
( SigmoidMax 1.000000 )
( SigmoidMin -0.927619 )
( SigmoidScale 0.000050 )

Time spent on saving the results, applying the final transform etc.: 3 ms.
Running elastix with parameter file 0: "/Users/sakinkirti/Programming/Python/CCIPD/racial-disparity-pca/code_matlab/rigid.txt", has finished.


Current time: Mon May 23 08:27:33 2022.
Time used for running elastix with this parameter file:
  2.9s.

-------------------------------------------------------------------------

Total time elapsed: 3.0s.

