
elastix is started at Mon May 23 08:27:08 2022.

which elastix:   /Users/sakinkirti/Programming/Python/CCIPD/racial-disparity-pca/code_matlab/elastix-5.0.0-mac/bin/elastix
elastix runs at: Sakins-MBP.hsd1.ca.comcast.net
  macOS 12.3.1 (x64), 21E258
  with 8192 MB memory, and 2 cores @ 2300 MHz.
-------------------------------------------------------------------------

Running elastix with parameter file 0: "/Users/sakinkirti/Programming/Python/CCIPD/racial-disparity-pca/code_matlab/rigid.txt".

Current time: Mon May 23 08:27:08 2022.
Reading the elastix parameters from file ...

Installing all components.
InstallingComponents was successful.

ELASTIX version: 5.000
Command line options from ElastixBase:
-f        /Users/sakinkirti/Programming/Python/CCIPD/racial-disparity-pca/dataset/to_nifti_cleaned/prostate-000748/ADC.nii.gz
-m        /Users/sakinkirti/Programming/Python/CCIPD/racial-disparity-pca/dataset/to_nifti_cleaned/prostate-000748/T2W.nii.gz
-fMask    unspecified, so no fixed mask used
-mMask    unspecified, so no moving mask used
-out      /Users/sakinkirti/Programming/Python/CCIPD/racial-disparity-pca/dataset/to_nifti_cleaned/prostate-000748/
-p        /Users/sakinkirti/Programming/Python/CCIPD/racial-disparity-pca/code_matlab/rigid.txt
-threads  unspecified, so all available threads are used
Command line options from TransformBase:
-t0       unspecified, so no initial transform used

=============== start of ParameterFile: /Users/sakinkirti/Programming/Python/CCIPD/racial-disparity-pca/code_matlab/rigid.txt ===============
// Example parameter file for rotation registration
// C-style comments: //

// The internal pixel type, used for internal computations
// Leave to float in general. 
// NB: this is not the type of the input images! The pixel 
// type of the input images is automatically read from the 
// images themselves.
// This setting can be changed to "short" to save some memory
// in case of very large 3D images.
(FixedInternalImagePixelType "float")
(MovingInternalImagePixelType "float")

// The dimensions of the fixed and moving image
// Up to elastix 4.5 this had to be specified by the user.
// From elastix 4.6, this is not necessary anymore.
//(FixedImageDimension 3)
//(MovingImageDimension 3)

// Specify whether you want to take into account the so-called
// direction cosines of the images. Recommended: true.
// In some cases, the direction cosines of the image are corrupt,
// due to image format conversions for example. In that case, you 
// may want to set this option to "false".
(UseDirectionCosines "false")

// **************** Main Components **************************

// The following components should usually be left as they are:
(Registration "MultiResolutionRegistration")
(Interpolator "BSplineInterpolator")
(ResampleInterpolator "FinalBSplineInterpolator")
(Resampler "DefaultResampler")

// These may be changed to Fixed/MovingSmoothingImagePyramid.
// See the manual.
(FixedImagePyramid "FixedRecursiveImagePyramid")
(MovingImagePyramid "MovingRecursiveImagePyramid")

// The following components are most important:
// The optimizer AdaptiveStochasticGradientDescent (ASGD) works
// quite ok in general. The Transform and Metric are important
// and need to be chosen careful for each application. See manual.
(Optimizer "AdaptiveStochasticGradientDescent")
(Transform "EulerTransform")
(Metric "AdvancedMattesMutualInformation")

// ***************** Transformation **************************

// Scales the rotations compared to the translations, to make
// sure they are in the same range. In general, it's best to  
// use automatic scales estimation:
(AutomaticScalesEstimation "true")

// Automatically guess an initial translation by aligning the
// geometric centers of the fixed and moving.
(AutomaticTransformInitialization "true")

// Whether transforms are combined by composition or by addition.
// In generally, Compose is the best option in most cases.
// It does not influence the results very much.
(HowToCombineTransforms "Compose")

// ******************* Similarity measure *********************

// Number of grey level bins in each resolution level,
// for the mutual information. 16 or 32 usually works fine.
// You could also employ a hierarchical strategy:
//(NumberOfHistogramBins 16 32 64)
(NumberOfHistogramBins 32)

// If you use a mask, this option is important. 
// If the mask serves as region of interest, set it to false.
// If the mask indicates which pixels are valid, then set it to true.
// If you do not use a mask, the option doesn't matter.
(ErodeMask "false")

// ******************** Multiresolution **********************

// The number of resolutions. 1 Is only enough if the expected
// deformations are small. 3 or 4 mostly works fine. For large
// images and large deformations, 5 or 6 may even be useful.
(NumberOfResolutions 1)

// The downsampling/blurring factors for the image pyramids.
// By default, the images are downsampled by a factor of 2
// compared to the next resolution.
// So, in 2D, with 4 resolutions, the following schedule is used:
//(ImagePyramidSchedule 8 8  4 4  2 2  1 1 )
// And in 3D:
//(ImagePyramidSchedule 8 8 8  4 4 4  2 2 2  1 1 1 )
// You can specify any schedule, for example:
//(ImagePyramidSchedule 4 4  4 3  2 1  1 1 )
// Make sure that the number of elements equals the number
// of resolutions times the image dimension.

// ******************* Optimizer ****************************

// Maximum number of iterations in each resolution level:
// 200-500 works usually fine for rigid registration.
// For more robustness, you may increase this to 1000-2000.
(MaximumNumberOfIterations 500)

// The step size of the optimizer, in mm. By default the voxel size is used.
// which usually works well. In case of unusual high-resolution images
// (eg histology) it is necessary to increase this value a bit, to the size
// of the "smallest visible structure" in the image:
//(MaximumStepLength 1.0)

// **************** Image sampling **********************

// Number of spatial samples used to compute the mutual
// information (and its derivative) in each iteration.
// With an AdaptiveStochasticGradientDescent optimizer,
// in combination with the two options below, around 2000
// samples may already suffice.
(NumberOfSpatialSamples 2000)

// Refresh these spatial samples in every iteration, and select
// them randomly. See the manual for information on other sampling
// strategies.
(NewSamplesEveryIteration "true")
(ImageSampler "Random")

// ************* Interpolation and Resampling ****************

// Order of B-Spline interpolation used during registration/optimisation.
// It may improve accuracy if you set this to 3. Never use 0.
// An order of 1 gives linear interpolation. This is in most 
// applications a good choice.
(BSplineInterpolationOrder 1)

// Order of B-Spline interpolation used for applying the final
// deformation.
// 3 gives good accuracy; recommended in most cases.
// 1 gives worse accuracy (linear interpolation)
// 0 gives worst accuracy, but is appropriate for binary images
// (masks, segmentations); equivalent to nearest neighbor interpolation.
(FinalBSplineInterpolationOrder 3)

//Default pixel value for pixels that come from outside the picture:
(DefaultPixelValue 0)

// Choose whether to generate the deformed moving image.
// You can save some time by setting this to false, if you are
// only interested in the final (nonrigidly) deformed moving image
// for example.
(WriteResultImage "false")

// The pixel type and format of the resulting deformed moving image
(ResultImagePixelType "short")
(ResultImageFormat "nii.gz")




=============== end of ParameterFile: /Users/sakinkirti/Programming/Python/CCIPD/racial-disparity-pca/code_matlab/rigid.txt ===============


Reading images...
Reading images took 96 ms.

WARNING: the fixed pyramid schedule is not fully specified!
  A default pyramid schedule is used.
WARNING: the moving pyramid schedule is not fully specified!
  A default pyramid schedule is used.
WARNING: The parameter "AutomaticTransformInitializationMethod", requested at entry number 0, does not exist at all.
  The default value "GeometricalCenter" is used instead.
Transform parameters are initialized as: [0, 0, 0, -0.0000013709068298339844, -0.0000013709068298339844, 0]
Scales are estimated automatically.
Scales for transform parameters are: [6295.3125, 6295.3125, 9590.625, 1, 1, 1]
Initialization of all components (before registration) took: 10 ms.
Preparation of the image pyramids took: 12 ms.

Resolution: 0
WARNING: The parameter "ShowExactMetricValue", requested at entry number 0, does not exist at all.
  The default value "false" is used instead.
WARNING: The parameter "CheckNumberOfSamples", requested at entry number 0, does not exist at all.
  The default value "true" is used instead.
WARNING: The parameter "UseMultiThreadingForMetrics", requested at entry number 0, does not exist at all.
  The default value "true" is used instead.
Setting the fixed masks took: 0 ms.
Setting the moving masks took: 0 ms.
WARNING: The parameter "NumberOfFixedHistogramBins", requested at entry number 0, does not exist at all.
  The default value "32" is used instead.
WARNING: The parameter "NumberOfMovingHistogramBins", requested at entry number 0, does not exist at all.
  The default value "32" is used instead.
WARNING: The parameter "FixedLimitRangeRatio", requested at entry number 0, does not exist at all.
  The default value "0.01" is used instead.
WARNING: The parameter "MovingLimitRangeRatio", requested at entry number 0, does not exist at all.
  The default value "0.01" is used instead.
WARNING: The parameter "FixedKernelBSplineOrder", requested at entry number 0, does not exist at all.
  The default value "0" is used instead.
WARNING: The parameter "MovingKernelBSplineOrder", requested at entry number 0, does not exist at all.
  The default value "3" is used instead.
WARNING: The parameter "UseFastAndLowMemoryVersion", requested at entry number 0, does not exist at all.
  The default value "true" is used instead.
WARNING: The parameter "UseJacobianPreconditioning", requested at entry number 0, does not exist at all.
  The default value "false" is used instead.
WARNING: The parameter "FiniteDifferenceDerivative", requested at entry number 0, does not exist at all.
  The default value "false" is used instead.
WARNING: The parameter "SP_A", requested at entry number 0, does not exist at all.
  The default value "20" is used instead.
WARNING: The parameter "MaximumNumberOfSamplingAttempts", requested at entry number 0, does not exist at all.
  The default value "0" is used instead.
WARNING: The parameter "SigmoidInitialTime", requested at entry number 0, does not exist at all.
  The default value "0" is used instead.
WARNING: The parameter "MaxBandCovSize", requested at entry number 0, does not exist at all.
  The default value "192" is used instead.
WARNING: The parameter "NumberOfBandStructureSamples", requested at entry number 0, does not exist at all.
  The default value "10" is used instead.
WARNING: The parameter "UseAdaptiveStepSizes", requested at entry number 0, does not exist at all.
  The default value "true" is used instead.
WARNING: The parameter "AutomaticParameterEstimation", requested at entry number 0, does not exist at all.
  The default value "true" is used instead.
WARNING: The parameter "UseConstantStep", requested at entry number 0, does not exist at all.
  The default value "false" is used instead.
WARNING: The parameter "MaximumStepLengthRatio", requested at entry number 0, does not exist at all.
  The default value "1" is used instead.
WARNING: The parameter "MaximumStepLength", requested at entry number 0, does not exist at all.
  The default value "1.10714" is used instead.
WARNING: The parameter "NumberOfGradientMeasurements", requested at entry number 0, does not exist at all.
  The default value "0" is used instead.
WARNING: The parameter "NumberOfJacobianMeasurements", requested at entry number 0, does not exist at all.
  The default value "1000" is used instead.
WARNING: The parameter "NumberOfSamplesForExactGradient", requested at entry number 0, does not exist at all.
  The default value "100000" is used instead.
WARNING: The parameter "SigmoidScaleFactor", requested at entry number 0, does not exist at all.
  The default value "0.1" is used instead.
Elastix initialization of all components (for this resolution) took: 1 ms.
  Computing the fixed image extrema took 4 ms.
  Computing the moving image extrema took 9 ms.
Initialization of AdvancedMattesMutualInformation metric took: 98 ms.
Starting automatic parameter estimation for AdaptiveStochasticGradientDescent ...
WARNING: The parameter "ASGDParameterEstimationMethod", requested at entry number 0, does not exist at all.
  The default value "Original" is used instead.
  Computing JacobianTerms ...
  Computing the Jacobian terms took 0.003845s
  NumberOfGradientMeasurements to estimate sigma_i: 6
  Sampling gradients ...
  Sampling the gradients took 0.542030s
Automatic parameter estimation took 0.55s
1:ItNr	2:Metric	3a:Time	3b:StepSize	4:||Gradient||	Time[ms]
0	-0.201988	0.000000	2.319045	0.043177	648.7
1	-0.210494	0.000000	2.319045	0.066230	6.9
2	-0.188093	0.999188	2.213715	0.051861	2.8
3	-0.232570	0.059909	2.312448	0.032469	2.8
4	-0.218478	0.000000	2.319045	0.058669	2.1
5	-0.201337	0.812724	2.232639	0.029958	5.6
6	-0.221344	0.000000	2.319045	0.051073	5.1
7	-0.196376	0.993469	2.214291	0.021039	2.8
8	-0.181648	1.993030	2.118031	0.048751	2.3
9	-0.196135	2.992532	2.029796	0.036433	4.4
10	-0.214215	3.559906	1.982904	0.038983	2.1
11	-0.200936	2.620630	2.061754	0.032017	4.4
12	-0.197190	3.620594	1.978016	0.036620	4.2
13	-0.196873	2.681316	2.056471	0.038130	1.8
14	-0.205360	1.850759	2.131218	0.034814	5.1
15	-0.191393	2.705344	2.054387	0.046819	7.9
16	-0.188992	1.766073	2.139145	0.031465	3.6
17	-0.184913	0.828060	2.231070	0.044087	1.8
18	-0.202933	1.774271	2.138375	0.033545	5.5
19	-0.233790	2.774270	2.048430	0.023808	3.0
20	-0.204465	3.418377	1.994397	0.040540	4.5
21	-0.189221	4.413227	1.916323	0.041522	5.0
22	-0.199899	3.474011	1.989863	0.043022	3.7
23	-0.197265	3.849844	1.959768	0.048477	2.3
24	-0.205129	4.849844	1.883955	0.046461	2.7
25	-0.249976	3.910567	1.954991	0.044639	5.7
26	-0.190684	4.910566	1.879540	0.032710	3.8
27	-0.223928	3.971409	1.950228	0.018328	3.2
28	-0.206076	3.076486	2.022718	0.020180	3.3
29	-0.224913	2.360360	2.084726	0.047556	5.9
30	-0.205181	1.573084	2.157434	0.028871	2.5
31	-0.207135	2.570207	2.066165	0.061383	2.7
32	-0.187833	3.567476	1.982293	0.024425	4.8
33	-0.231001	4.375770	1.919151	0.049727	7.0
34	-0.208626	3.887029	1.956840	0.035384	4.1
35	-0.208883	2.947751	2.033591	0.041775	2.4
36	-0.210743	2.008477	2.116609	0.019401	4.8
37	-0.169847	1.912634	2.125462	0.046552	3.6
38	-0.195706	0.978849	2.215764	0.042403	2.1
39	-0.218828	0.039828	2.314655	0.026054	8.1
40	-0.198322	0.000000	2.319045	0.058716	3.1
41	-0.207277	0.988281	2.214813	0.031242	8.2
42	-0.184947	1.986476	2.118635	0.022266	6.4
43	-0.215604	2.512678	2.071220	0.043236	13.0
44	-0.199013	1.573603	2.157384	0.039090	9.7
45	-0.218941	2.262545	2.093492	0.022419	5.8
46	-0.192098	3.052498	2.024735	0.032187	3.2
47	-0.222941	4.047453	1.944307	0.026833	3.7
48	-0.212458	3.116775	2.019339	0.052965	3.9
49	-0.220682	4.049300	1.944164	0.037331	3.6
50	-0.206697	3.114147	2.019559	0.036923	3.1
51	-0.218354	4.112222	1.939292	0.012165	3.3
52	-0.184525	4.695658	1.895260	0.009777	2.9
53	-0.178996	4.883577	1.881500	0.035172	2.6
54	-0.208600	5.738834	1.821319	0.038636	2.2
55	-0.217945	4.799555	1.887627	0.046045	2.2
56	-0.201562	3.964905	1.950736	0.042202	2.2
57	-0.210656	4.951469	1.876577	0.037304	2.2
58	-0.216920	4.063435	1.943067	0.043696	2.1
59	-0.201977	3.126998	2.018483	0.037520	2.2
60	-0.224042	2.187726	2.100247	0.039039	2.2
61	-0.192618	3.181564	2.013928	0.035520	2.2
62	-0.239933	2.242288	2.095316	0.052576	2.2
63	-0.190879	3.242177	2.008893	0.041104	5.3
64	-0.207083	4.173634	1.934561	0.035193	7.6
65	-0.200972	5.170314	1.860885	0.046633	10.4
66	-0.204354	4.231135	1.930153	0.021190	5.8
67	-0.193245	3.293067	2.004685	0.029817	5.4
68	-0.211536	4.044944	1.944502	0.046837	4.6
69	-0.198943	3.105741	2.020263	0.033552	2.4
70	-0.189975	2.175419	2.101362	0.060233	2.2
71	-0.206334	1.236140	2.190126	0.035472	2.2
72	-0.190826	0.313553	2.284928	0.032386	3.2
73	-0.223963	0.000000	2.319045	0.023273	3.2
74	-0.222594	0.961871	2.217477	0.039372	2.2
75	-0.194161	0.022812	2.316528	0.045967	2.9
76	-0.223040	0.000000	2.319045	0.025492	2.9
77	-0.214776	0.000000	2.319045	0.024057	2.4
78	-0.196333	0.052663	2.313244	0.045581	2.6
79	-0.225126	1.051102	2.208504	0.038545	2.4
80	-0.218705	2.042544	2.113479	0.043760	2.2
81	-0.198738	1.105761	2.203043	0.044316	2.3
82	-0.264797	0.377354	2.278109	0.038789	2.3
83	-0.207747	1.377333	2.176307	0.022449	4.6
84	-0.181814	1.194201	2.194264	0.046570	3.6
85	-0.205111	2.188573	2.100170	0.032997	5.1
86	-0.212746	1.252370	2.188528	0.022408	2.8
87	-0.185297	1.432110	2.170992	0.035851	3.9
88	-0.204786	0.702247	2.244005	0.040165	3.9
89	-0.255757	0.000000	2.319045	0.069883	4.4
90	-0.219384	0.000000	2.319045	0.022479	3.9
91	-0.215104	0.000000	2.319045	0.032919	3.8
92	-0.198084	0.955066	2.218164	0.044442	3.6
93	-0.209250	1.954900	2.121549	0.045348	4.2
94	-0.204486	2.954612	2.033009	0.041597	4.8
95	-0.220845	3.949758	1.951920	0.032505	3.5
96	-0.206719	4.949736	1.876703	0.028557	5.2
97	-0.213762	5.949424	1.807087	0.035353	2.6
98	-0.209834	5.250437	1.855205	0.027298	1.8
99	-0.196644	6.221232	1.789042	0.039423	4.6
100	-0.220944	5.284290	1.852816	0.054180	4.3
101	-0.228825	6.284288	1.784908	0.039305	4.2
102	-0.222209	7.280873	1.722010	0.055971	3.7
103	-0.222100	8.280868	1.663200	0.042174	3.8
104	-0.181323	9.280868	1.608274	0.055078	5.1
105	-0.206404	10.280867	1.556860	0.026166	4.0
106	-0.227389	9.341619	1.605054	0.021968	2.5
107	-0.205978	8.426665	1.654960	0.031253	3.6
108	-0.189971	9.387176	1.602648	0.039502	5.2
109	-0.225094	10.172107	1.562292	0.035700	4.2
110	-0.213289	9.832068	1.579522	0.028816	2.9
111	-0.213484	10.732467	1.534704	0.048703	2.3
112	-0.199102	11.732436	1.487819	0.037980	6.4
113	-0.198702	12.732346	1.443716	0.056547	3.7
114	-0.232696	11.794222	1.485016	0.024729	3.7
115	-0.171663	12.794222	1.441073	0.028290	1.9
116	-0.219577	13.576560	1.408467	0.073480	5.8
117	-0.202151	12.654521	1.447055	0.016516	3.1
118	-0.203538	13.654519	1.405298	0.035564	1.8
119	-0.215137	14.641534	1.366382	0.021557	3.3
120	-0.192961	15.543290	1.332664	0.079058	2.0
121	-0.218866	14.674331	1.365126	0.060047	5.2
122	-0.201373	13.735052	1.402040	0.050780	3.5
123	-0.193916	12.954347	1.434277	0.035736	2.9
124	-0.196814	12.015068	1.475082	0.028348	4.2
125	-0.206314	11.140590	1.515216	0.049034	5.4
126	-0.225544	10.201366	1.560827	0.058597	5.0
127	-0.208918	9.501508	1.596640	0.039588	2.1
128	-0.219949	8.642026	1.642936	0.038198	3.4
129	-0.188912	9.642024	1.589319	0.022710	5.1
130	-0.216808	8.702951	1.639566	0.036717	2.0
131	-0.216140	7.763992	1.693087	0.041334	2.3
132	-0.232553	8.646276	1.642700	0.042736	2.8
133	-0.200091	9.646259	1.589099	0.020271	2.9
134	-0.217308	8.784877	1.635056	0.026636	5.2
135	-0.207207	9.681157	1.587292	0.032911	3.1
136	-0.197817	10.637769	1.539298	0.060959	4.0
137	-0.197440	9.703077	1.586158	0.055963	2.5
138	-0.211986	10.703077	1.536127	0.021638	5.9
139	-0.217047	9.763823	1.583026	0.031581	3.8
140	-0.205419	9.221407	1.611439	0.047430	2.1
141	-0.208230	8.363717	1.658507	0.073459	3.3
142	-0.197757	7.424438	1.713312	0.044157	2.6
143	-0.201094	6.485159	1.771863	0.023532	5.1
144	-0.194535	7.179233	1.728221	0.030097	2.2
145	-0.206122	6.245708	1.787435	0.061322	3.1
146	-0.217223	5.308694	1.851097	0.060596	3.3
147	-0.222280	4.384472	1.918493	0.036412	2.6
148	-0.197350	5.383874	1.845822	0.018742	3.8
149	-0.214173	5.651858	1.827262	0.025934	3.5
150	-0.200292	6.189192	1.791151	0.023371	3.0
151	-0.218723	5.647330	1.827573	0.031901	4.5
152	-0.211357	6.629102	1.762632	0.051574	2.6
153	-0.222306	5.689872	1.824660	0.043864	2.9
154	-0.223134	6.246396	1.787390	0.043138	2.8
155	-0.203420	7.232098	1.724985	0.029345	2.6
156	-0.183779	6.314607	1.782927	0.044857	4.7
157	-0.209154	5.375479	1.846410	0.035003	2.3
158	-0.211888	4.458934	1.912882	0.036130	3.0
159	-0.214101	4.822469	1.885952	0.054605	2.2
160	-0.207103	3.883272	1.957136	0.030487	3.0
161	-0.245635	3.133713	2.017922	0.021665	3.2
162	-0.200846	2.270075	2.092814	0.024845	3.8
163	-0.218270	2.343072	2.086270	0.037716	5.2
164	-0.204283	1.426428	2.171542	0.026027	2.2
165	-0.222841	1.763676	2.139371	0.037967	4.3
166	-0.229071	0.824896	2.231394	0.035879	3.8
167	-0.195829	1.256611	2.188111	0.026439	3.7
168	-0.209855	2.247230	2.094871	0.029313	2.1
169	-0.198361	1.525735	2.161969	0.022353	4.9
170	-0.190434	0.594387	2.255213	0.025939	3.7
171	-0.213443	0.000000	2.319045	0.033386	2.2
172	-0.185923	0.000000	2.319045	0.022461	3.2
173	-0.222254	0.000000	2.319045	0.027478	2.4
174	-0.217257	0.657598	2.248631	0.040720	5.0
175	-0.225437	0.000000	2.319045	0.063683	3.8
176	-0.234075	0.999930	2.213641	0.029746	2.8
177	-0.213375	1.998817	2.117498	0.042074	3.0
178	-0.219773	1.060281	2.207585	0.019716	3.1
179	-0.217658	2.058612	2.112007	0.026469	5.6
180	-0.195277	2.988858	2.030107	0.044962	2.3
181	-0.185916	2.049597	2.112833	0.036620	2.9
182	-0.228013	3.049261	2.025008	0.024051	3.9
183	-0.224701	2.581199	2.065202	0.022896	3.0
184	-0.215252	2.931416	2.034979	0.060522	4.4
185	-0.216760	3.931263	1.953368	0.072853	2.0
186	-0.223908	4.931263	1.878040	0.016985	7.4
187	-0.236783	5.206351	1.858326	0.025782	3.8
188	-0.209757	5.854234	1.813492	0.048901	3.2
189	-0.189478	6.790892	1.752371	0.039049	4.5
190	-0.197134	7.790892	1.691505	0.033635	4.4
191	-0.209366	6.852374	1.748502	0.012281	3.7
192	-0.196545	7.070463	1.734918	0.028244	3.6
193	-0.178339	6.458683	1.773572	0.039315	3.6
194	-0.233448	5.675306	1.825656	0.038843	4.6
195	-0.215144	4.749030	1.891331	0.035040	2.8
196	-0.230960	3.810999	1.962837	0.030912	4.6
197	-0.216670	4.513739	1.908773	0.024822	2.0
198	-0.194853	5.006923	1.872576	0.051696	5.2
199	-0.210258	4.068527	1.942673	0.043440	3.1
200	-0.214044	3.129286	2.018292	0.040143	4.4
201	-0.221250	4.128460	1.938039	0.025781	2.0
202	-0.211026	5.082153	1.867175	0.036940	2.8
203	-0.198026	4.200109	1.932529	0.018059	4.8
204	-0.183190	4.909616	1.879609	0.039141	2.4
205	-0.218262	4.055224	1.943704	0.032472	2.7
206	-0.223754	3.145037	2.016975	0.043307	1.8
207	-0.202073	2.209735	2.098255	0.023706	4.4
208	-0.195223	1.274991	2.186306	0.044039	4.4
209	-0.187264	0.336719	2.282447	0.042529	2.6
210	-0.228147	0.000000	2.319045	0.039755	1.8
211	-0.229042	0.989979	2.214642	0.039844	3.3
212	-0.247481	0.050740	2.313455	0.036176	3.8
213	-0.194465	0.872281	2.226560	0.022276	3.0
214	-0.199142	0.000000	2.319045	0.023315	3.2
215	-0.239016	0.965086	2.217152	0.048164	2.5
216	-0.177105	0.029358	2.315807	0.030603	3.4
217	-0.192475	0.000000	2.319045	0.024382	5.8
218	-0.211642	0.000000	2.319045	0.031532	3.1
219	-0.216388	0.427097	2.272820	0.055441	1.9
220	-0.219373	1.427082	2.171479	0.043186	3.8
221	-0.241823	0.487811	2.266398	0.014155	4.0
222	-0.202464	0.615258	2.253035	0.039937	4.6
223	-0.185770	0.008843	2.318069	0.042603	2.0
224	-0.213152	0.811637	2.232750	0.059596	3.3
225	-0.241918	0.000000	2.319045	0.034227	2.0
226	-0.226020	0.000000	2.319045	0.034885	5.7
227	-0.212115	0.000000	2.319045	0.035885	4.1
228	-0.209478	0.232554	2.293645	0.017800	2.4
229	-0.202072	0.000000	2.319045	0.029969	2.9
230	-0.203188	0.000000	2.319045	0.027389	2.4
231	-0.199439	0.805096	2.233420	0.042075	4.9
232	-0.180246	0.040896	2.314537	0.030450	4.0
233	-0.201135	0.000000	2.319045	0.029200	4.5
234	-0.177026	0.000000	2.319045	0.023746	3.1
235	-0.208302	0.948533	2.218824	0.060326	4.7
236	-0.249404	0.245485	2.292249	0.044471	3.0
237	-0.216594	1.227532	2.190974	0.045165	2.6
238	-0.216608	0.291180	2.287329	0.009469	4.0
239	-0.192680	0.869014	2.226892	0.034794	2.7
240	-0.250101	0.868166	2.226979	0.027910	3.0
241	-0.213036	1.323396	2.181565	0.036434	2.0
242	-0.217800	0.774659	2.236542	0.024696	3.1
243	-0.216921	0.791361	2.234828	0.036886	3.3
244	-0.229067	0.705198	2.243699	0.047042	5.2
245	-0.204890	0.000000	2.319045	0.045930	2.6
246	-0.250813	0.451901	2.270192	0.020898	4.5
247	-0.215588	1.081081	2.205505	0.025390	3.6
248	-0.234872	0.164789	2.300989	0.037048	3.7
249	-0.211051	0.000000	2.319045	0.046224	2.4
250	-0.172858	0.000000	2.319045	0.034513	3.0
251	-0.219409	1.000000	2.213634	0.047477	4.3
252	-0.221823	1.994202	2.117923	0.023284	3.6
253	-0.232083	2.994112	2.029662	0.022657	3.8
254	-0.228692	3.920079	1.954245	0.043265	1.9
255	-0.221577	4.127614	1.938104	0.041856	2.6
256	-0.205728	4.976977	1.874735	0.027224	5.0
257	-0.195886	4.603485	1.902082	0.013435	3.9
258	-0.232383	5.424900	1.842956	0.021090	1.8
259	-0.226536	5.144641	1.862712	0.023203	2.5
260	-0.207927	6.050638	1.800325	0.031687	3.5
261	-0.203132	5.128848	1.863838	0.031265	4.5
262	-0.201756	4.193564	1.933031	0.038430	2.6
263	-0.211893	5.186670	1.859723	0.034486	3.2
264	-0.239656	4.247634	1.928891	0.024075	1.8
265	-0.222752	5.177786	1.860354	0.033513	5.6
266	-0.201018	5.178399	1.860310	0.049495	2.3
267	-0.214272	4.258594	1.928054	0.019735	1.9
268	-0.186552	5.255162	1.854871	0.045903	3.8
269	-0.201321	6.251794	1.787036	0.051941	4.6
270	-0.231798	6.579983	1.765771	0.038732	5.0
271	-0.236508	5.640704	1.828028	0.022338	2.2
272	-0.214391	4.703123	1.894709	0.024499	3.0
273	-0.211791	5.606687	1.830365	0.019454	3.1
274	-0.205264	6.498963	1.770974	0.009032	2.6
275	-0.218816	6.095606	1.797337	0.024360	4.1
276	-0.237939	6.419756	1.776090	0.033714	3.0
277	-0.219527	5.679735	1.825353	0.029194	3.2
278	-0.210385	4.743989	1.891701	0.036958	3.5
279	-0.213827	5.063584	1.868505	0.021563	2.5
280	-0.212060	4.578828	1.903916	0.042063	3.7
281	-0.217679	5.578751	1.832288	0.035792	2.5
282	-0.219509	6.578751	1.765850	0.035088	3.2
283	-0.218201	5.639751	1.828093	0.030167	4.6
284	-0.213941	6.639544	1.761966	0.041798	3.7
285	-0.199063	5.700270	1.823949	0.022036	2.5
286	-0.238133	6.119056	1.795783	0.034465	3.7
287	-0.221338	6.860504	1.747992	0.025147	4.2
288	-0.216091	7.859605	1.687478	0.044795	3.8
289	-0.206274	6.961943	1.741651	0.027943	2.5
290	-0.208711	6.070788	1.798985	0.041943	1.7
291	-0.225016	5.466781	1.840040	0.070669	2.5
292	-0.235490	6.466781	1.773049	0.030152	4.3
293	-0.221077	5.875870	1.812032	0.031733	3.0
294	-0.222164	4.938502	1.877516	0.016213	2.6
295	-0.227479	5.687235	1.824840	0.026029	2.9
296	-0.213418	6.585157	1.765440	0.022877	2.3
297	-0.233696	6.500988	1.770843	0.040210	3.6
298	-0.205207	5.587073	1.831715	0.036976	3.7
299	-0.253389	4.737774	1.892158	0.052266	2.2
300	-0.211717	3.805347	1.963284	0.026627	3.6
301	-0.223409	3.712628	1.970650	0.058960	3.0
302	-0.176522	4.712628	1.894009	0.020467	4.2
303	-0.241621	5.712249	1.823131	0.061902	3.7
304	-0.204410	4.774508	1.889462	0.030645	2.3
305	-0.240603	5.764443	1.819576	0.036835	2.2
306	-0.233482	6.713883	1.757240	0.027717	3.9
307	-0.200235	6.001933	1.803572	0.034164	4.2
308	-0.220453	5.069460	1.868084	0.076777	3.2
309	-0.193651	6.069460	1.799073	0.025978	2.7
310	-0.240126	6.469297	1.772886	0.061860	2.0
311	-0.221281	5.532732	1.835466	0.032299	3.9
312	-0.200550	4.758748	1.890618	0.030181	4.6
313	-0.236155	5.758625	1.819972	0.032682	3.0
314	-0.192760	6.126616	1.795283	0.031255	2.5
315	-0.195311	5.248954	1.855310	0.037689	3.0
316	-0.213038	6.222517	1.788958	0.037664	6.0
317	-0.245370	5.607744	1.830292	0.023895	3.1
318	-0.202179	5.188904	1.859564	0.043847	3.3
319	-0.236786	6.157827	1.793219	0.011936	1.9
320	-0.201614	7.138866	1.730700	0.016279	8.1
321	-0.235866	7.116014	1.732107	0.035473	3.0
322	-0.205976	7.952536	1.682061	0.017544	2.0
323	-0.245695	7.193489	1.727347	0.031628	4.6
324	-0.252685	7.730671	1.695051	0.034420	5.6
325	-0.228282	6.808834	1.751240	0.030457	2.8
326	-0.219886	7.230759	1.725067	0.048592	3.6
327	-0.214120	8.212467	1.667094	0.026769	2.6
328	-0.196142	9.200721	1.612542	0.021995	7.7
329	-0.214706	8.725819	1.638304	0.036527	5.1
330	-0.201488	8.289941	1.662685	0.015593	3.5
331	-0.205068	8.505792	1.650521	0.033574	5.8
332	-0.236182	8.246370	1.665162	0.027061	3.9
333	-0.239984	9.219211	1.611556	0.048551	2.1
334	-0.204582	8.288950	1.662741	0.043018	1.9
335	-0.224574	9.274818	1.608596	0.038636	2.1
336	-0.216209	8.390347	1.657005	0.013831	2.8
337	-0.230478	7.568123	1.704695	0.018199	2.1
338	-0.231525	6.952660	1.742229	0.029626	2.0
339	-0.205982	7.909965	1.684538	0.028546	2.1
340	-0.196181	6.988277	1.740012	0.048472	1.9
341	-0.222165	7.988272	1.679988	0.039515	2.1
342	-0.199100	7.048993	1.736246	0.031886	2.1
343	-0.214926	6.109716	1.796402	0.055116	1.9
344	-0.189448	5.205801	1.858365	0.022969	2.0
345	-0.219229	5.966823	1.805921	0.042468	2.1
346	-0.207148	6.929931	1.743647	0.020509	2.0
347	-0.197119	7.907621	1.684675	0.025968	2.1
348	-0.226254	8.826301	1.632785	0.070707	1.9
349	-0.257219	9.826263	1.579820	0.030236	1.8
350	-0.194376	8.886984	1.629470	0.033689	2.3
351	-0.226750	9.886963	1.576715	0.016664	1.9
352	-0.226205	8.954981	1.625771	0.033871	3.0
353	-0.181267	8.295724	1.662357	0.032514	4.5
354	-0.197852	9.295641	1.607490	0.017382	4.1
355	-0.187009	8.929715	1.627143	0.043016	5.4
356	-0.238638	7.991188	1.679819	0.051524	5.2
357	-0.224235	7.053144	1.735989	0.068019	3.9
358	-0.226383	8.053144	1.676236	0.025571	5.9
359	-0.217188	7.115099	1.732163	0.030283	4.0
360	-0.220145	6.308738	1.783310	0.026305	3.5
361	-0.201736	5.475703	1.839420	0.042861	4.4
362	-0.213028	6.475697	1.772473	0.036644	4.7
363	-0.254594	7.375624	1.716260	0.020812	2.8
364	-0.217417	8.346975	1.659453	0.043781	2.7
365	-0.197560	9.187971	1.613223	0.041465	3.4
366	-0.209710	10.187787	1.561507	0.034275	3.7
367	-0.224876	9.248509	1.609995	0.027255	3.7
368	-0.230962	8.309489	1.661576	0.029769	1.8
369	-0.215568	7.373288	1.716401	0.023630	2.3
370	-0.200320	6.474229	1.772568	0.032068	3.1
371	-0.235671	5.536001	1.835240	0.042294	3.7
372	-0.224332	4.600539	1.902301	0.024356	2.8
373	-0.234725	4.024912	1.946058	0.018880	2.8
374	-0.236266	3.210491	2.011522	0.029529	2.1
375	-0.228376	3.051361	2.024831	0.041028	3.4
376	-0.223438	4.051269	1.944011	0.017512	3.9
377	-0.216216	4.550119	1.906055	0.032952	3.3
378	-0.206927	5.472651	1.839632	0.022583	2.7
379	-0.195679	6.282421	1.785030	0.037253	1.9
380	-0.236673	5.459784	1.840527	0.031642	3.8
381	-0.237771	4.526355	1.907830	0.036980	4.4
382	-0.242096	4.572582	1.904381	0.054373	1.9
383	-0.186023	5.572568	1.832715	0.019762	3.7
384	-0.184354	6.568381	1.766514	0.006981	3.3
385	-0.220363	7.041756	1.736694	0.030815	3.7
386	-0.199230	6.877677	1.746915	0.035474	6.2
387	-0.189529	5.939594	1.807746	0.041589	3.7
388	-0.196998	5.068178	1.868176	0.032245	2.5
389	-0.235420	4.129280	1.937976	0.046961	4.2
390	-0.176837	3.190002	2.013226	0.022420	4.0
391	-0.228391	2.371359	2.083744	0.015915	2.2
392	-0.244497	1.551290	2.159519	0.034903	4.1
393	-0.194923	2.486047	2.073569	0.039680	3.2
394	-0.226439	1.546798	2.159949	0.037328	3.9
395	-0.242443	0.607525	2.253842	0.044215	4.1
396	-0.201524	1.607467	2.154153	0.043690	3.7
397	-0.219563	2.607431	2.062907	0.026520	2.4
398	-0.217942	1.670272	2.148185	0.017590	4.3
399	-0.219881	0.739181	2.240192	0.036398	2.1
400	-0.186295	1.674639	2.147771	0.030711	2.7
401	-0.199660	0.998491	2.213785	0.050136	3.5
402	-0.246527	1.992723	2.118059	0.026477	2.4
403	-0.215695	1.352826	2.178693	0.029611	3.3
404	-0.235333	1.806086	2.135392	0.029817	4.4
405	-0.237261	2.184848	2.100507	0.033876	2.4
406	-0.193319	1.283620	2.185459	0.033139	5.3
407	-0.227186	0.345480	2.281511	0.033332	3.7
408	-0.218217	1.326596	2.181252	0.024917	2.0
409	-0.238607	0.498147	2.265309	0.050916	4.3
410	-0.215531	1.486185	2.165772	0.041699	4.0
411	-0.178379	0.547120	2.260160	0.045937	5.3
412	-0.228731	0.000000	2.319045	0.030352	3.8
413	-0.197524	0.000000	2.319045	0.027513	3.6
414	-0.243210	0.808793	2.233041	0.034239	4.4
415	-0.233285	1.784173	2.137446	0.022639	3.0
416	-0.196785	1.464032	2.167907	0.033310	3.8
417	-0.234150	0.751378	2.238936	0.017189	4.0
418	-0.204874	1.742873	2.141328	0.023095	5.5
419	-0.203097	2.039111	2.113794	0.040179	4.0
420	-0.239411	2.952042	2.033227	0.014874	2.4
421	-0.210433	3.787100	1.964729	0.035781	4.3
422	-0.221680	3.014388	2.027948	0.023758	4.7
423	-0.207086	2.247623	2.094835	0.017554	2.4
424	-0.228817	2.584903	2.064878	0.043964	2.9
425	-0.208624	3.359603	1.999209	0.029732	3.3
426	-0.238203	4.333890	1.922324	0.022357	3.3
427	-0.191966	5.310455	1.850973	0.035528	3.5
428	-0.233949	4.380220	1.918815	0.027060	3.6
429	-0.246694	3.466422	1.990481	0.029937	4.3
430	-0.239256	2.554147	2.067574	0.032773	5.7
431	-0.208897	1.623377	2.152638	0.039069	3.0
432	-0.184889	0.684157	2.245877	0.030014	4.0
433	-0.211785	1.480285	2.166340	0.025258	1.9
434	-0.207506	0.541966	2.260701	0.020001	4.5
435	-0.202387	1.446817	2.169570	0.019683	3.9
436	-0.188112	0.704089	2.243814	0.027548	1.9
437	-0.207456	0.000000	2.319045	0.054581	3.4
438	-0.227352	0.996965	2.213939	0.018437	1.9
439	-0.197117	1.832995	2.132876	0.045077	5.7
440	-0.239378	2.626504	2.061242	0.021988	3.1
441	-0.195287	2.215354	2.097747	0.030497	2.4
442	-0.212605	3.104229	2.020390	0.041885	4.4
443	-0.189601	4.103782	1.939944	0.032383	4.9
444	-0.213349	3.164576	2.015344	0.024612	3.0
445	-0.219077	2.239638	2.095555	0.025123	1.7
446	-0.227646	2.544523	2.068419	0.021447	2.9
447	-0.242392	3.524875	1.985736	0.049417	3.8
448	-0.203141	4.520926	1.908236	0.017882	3.6
449	-0.215639	5.379146	1.846153	0.037531	2.9
450	-0.197287	6.361504	1.779871	0.035886	3.5
451	-0.216237	7.345171	1.718104	0.019988	2.6
452	-0.238444	8.227761	1.666222	0.026703	3.9
453	-0.201702	8.884320	1.629615	0.026648	2.8
454	-0.209876	9.743685	1.584063	0.042221	4.5
455	-0.233055	8.805021	1.633951	0.049838	1.9
456	-0.200747	9.805021	1.580909	0.028773	2.7
457	-0.247898	10.805020	1.531203	0.025732	4.2
458	-0.287453	11.798568	1.484819	0.015828	5.3
459	-0.209011	12.528717	1.452484	0.047108	3.0
460	-0.221316	12.702684	1.444987	0.030549	3.3
461	-0.210302	13.183162	1.424676	0.025428	4.2
462	-0.195792	12.368964	1.459438	0.027075	4.1
463	-0.210924	11.869822	1.481600	0.039286	2.8
464	-0.205329	10.930943	1.525164	0.031463	3.1
465	-0.225849	11.930934	1.478851	0.040999	2.6
466	-0.192048	12.930920	1.435267	0.029104	5.5
467	-0.213150	13.927628	1.394310	0.027363	2.8
468	-0.188895	14.078267	1.388322	0.047478	1.9
469	-0.228933	13.186086	1.424554	0.036212	3.2
470	-0.245184	14.185022	1.384110	0.034281	3.3
471	-0.206780	15.180754	1.346018	0.017985	4.1
472	-0.205410	15.587592	1.331051	0.025898	1.9
473	-0.213064	15.570665	1.331667	0.022440	2.8
474	-0.220090	14.638893	1.366483	0.058604	3.4
475	-0.206190	13.701549	1.403394	0.044097	3.2
476	-0.189924	13.833431	1.398080	0.044854	4.7
477	-0.219064	14.833385	1.359066	0.037123	2.0
478	-0.219122	13.894107	1.395649	0.037721	2.8
479	-0.208660	13.245453	1.422085	0.027015	3.9
480	-0.205052	14.244504	1.381774	0.037370	2.6
481	-0.220071	15.215039	1.344744	0.047405	4.5
482	-0.232008	16.196803	1.309251	0.053274	2.0
483	-0.201535	15.257524	1.343168	0.029526	2.7
484	-0.229840	16.257524	1.307117	0.038373	3.5
485	-0.223877	17.257115	1.272964	0.037841	2.5
486	-0.183172	18.256926	1.240544	0.012399	3.3
487	-0.257541	17.384266	1.268747	0.017003	2.9
488	-0.206939	17.346191	1.270007	0.060793	2.9
489	-0.233330	16.860296	1.286306	0.028821	3.4
490	-0.222895	15.948513	1.318049	0.039209	2.5
491	-0.220607	16.948297	1.283323	0.025307	5.7
492	-0.224547	16.009185	1.315888	0.017732	4.1
493	-0.221495	16.531953	1.297559	0.040128	5.4
494	-0.199223	15.753971	1.325025	0.053579	3.6
495	-0.180823	15.926722	1.318827	0.038206	3.0
496	-0.233529	15.200989	1.345265	0.043564	4.8
497	-0.221816	16.200446	1.309122	0.025075	5.6
498	-0.228373	15.290525	1.341946	0.042205	2.0
499	-0.190280	16.289605	1.305992	0.045276	2.1
Time spent in resolution 0 (ITK initialization and iterating): 2.611 s.
Stopping condition: Maximum number of iterations has been reached.
Settings of AdaptiveStochasticGradientDescent in resolution 0:
( SP_a 48.699940 )
( SP_A 20.000000 )
( SP_alpha 1.000000 )
( SigmoidMax 1.000000 )
( SigmoidMin -0.939279 )
( SigmoidScale 0.000079 )



=============== start of TransformParameterFile ===============
(Transform "EulerTransform")
(NumberOfParameters 6)
(TransformParameters -0.005532 0.023424 -0.015244 1.039784 1.624680 0.847188)
(InitialTransformParametersFileName "NoInitialTransform")
(UseBinaryFormatForTransformationParameters "false")
(HowToCombineTransforms "Compose")

// Image specific
(FixedImageDimension 3)
(MovingImageDimension 3)
(FixedInternalImagePixelType "float")
(MovingInternalImagePixelType "float")
(Size 160 160 45)
(Index 0 0 0)
(Spacing 1.5000000000 1.5000000000 3.0000000000)
(Origin -104.0196151733 -76.2737121582 26.5395431519)
(Direction 1.0000000000 0.0000000000 0.0000000000 0.0000000000 1.0000000000 0.0000000000 0.0000000000 0.0000000000 1.0000000000)
(UseDirectionCosines "false")

// EulerTransform specific
(CenterOfRotationPoint 15.2303848267 42.9762878418 92.5395431519)
(ComputeZYX "false")

// ResampleInterpolator specific
(ResampleInterpolator "FinalBSplineInterpolator")
(FinalBSplineInterpolationOrder 3)

// Resampler specific
(Resampler "DefaultResampler")
(DefaultPixelValue 0.000000)
(ResultImageFormat "nii.gz")
(ResultImagePixelType "short")
(CompressResultImage "false")

=============== end of TransformParameterFile ===============

Creating the TransformParameterFile took 0.00s

Registration result checksum: 4178448392

Skipping applying final transform, no resulting output image generated.

Final metric value  = -0.190280
Settings of AdaptiveStochasticGradientDescent for all resolutions:
( SP_a 48.699940 )
( SP_A 20.000000 )
( SP_alpha 1.000000 )
( SigmoidMax 1.000000 )
( SigmoidMin -0.939279 )
( SigmoidScale 0.000079 )

Time spent on saving the results, applying the final transform etc.: 5 ms.
Running elastix with parameter file 0: "/Users/sakinkirti/Programming/Python/CCIPD/racial-disparity-pca/code_matlab/rigid.txt", has finished.


Current time: Mon May 23 08:27:11 2022.
Time used for running elastix with this parameter file:
  2.8s.

-------------------------------------------------------------------------

Total time elapsed: 2.9s.

