
elastix is started at Mon May 23 08:30:01 2022.

which elastix:   /Users/sakinkirti/Programming/Python/CCIPD/racial-disparity-pca/code_matlab/elastix-5.0.0-mac/bin/elastix
elastix runs at: Sakins-MBP.hsd1.ca.comcast.net
  macOS 12.3.1 (x64), 21E258
  with 8192 MB memory, and 2 cores @ 2300 MHz.
-------------------------------------------------------------------------

Running elastix with parameter file 0: "/Users/sakinkirti/Programming/Python/CCIPD/racial-disparity-pca/code_matlab/rigid.txt".

Current time: Mon May 23 08:30:01 2022.
Reading the elastix parameters from file ...

Installing all components.
InstallingComponents was successful.

ELASTIX version: 5.000
Command line options from ElastixBase:
-f        /Users/sakinkirti/Programming/Python/CCIPD/racial-disparity-pca/dataset/to_nifti_cleaned/prostate-001024/ADC.nii.gz
-m        /Users/sakinkirti/Programming/Python/CCIPD/racial-disparity-pca/dataset/to_nifti_cleaned/prostate-001024/T2W.nii.gz
-fMask    unspecified, so no fixed mask used
-mMask    unspecified, so no moving mask used
-out      /Users/sakinkirti/Programming/Python/CCIPD/racial-disparity-pca/dataset/to_nifti_cleaned/prostate-001024/
-p        /Users/sakinkirti/Programming/Python/CCIPD/racial-disparity-pca/code_matlab/rigid.txt
-threads  unspecified, so all available threads are used
Command line options from TransformBase:
-t0       unspecified, so no initial transform used

=============== start of ParameterFile: /Users/sakinkirti/Programming/Python/CCIPD/racial-disparity-pca/code_matlab/rigid.txt ===============
// Example parameter file for rotation registration
// C-style comments: //

// The internal pixel type, used for internal computations
// Leave to float in general. 
// NB: this is not the type of the input images! The pixel 
// type of the input images is automatically read from the 
// images themselves.
// This setting can be changed to "short" to save some memory
// in case of very large 3D images.
(FixedInternalImagePixelType "float")
(MovingInternalImagePixelType "float")

// The dimensions of the fixed and moving image
// Up to elastix 4.5 this had to be specified by the user.
// From elastix 4.6, this is not necessary anymore.
//(FixedImageDimension 3)
//(MovingImageDimension 3)

// Specify whether you want to take into account the so-called
// direction cosines of the images. Recommended: true.
// In some cases, the direction cosines of the image are corrupt,
// due to image format conversions for example. In that case, you 
// may want to set this option to "false".
(UseDirectionCosines "false")

// **************** Main Components **************************

// The following components should usually be left as they are:
(Registration "MultiResolutionRegistration")
(Interpolator "BSplineInterpolator")
(ResampleInterpolator "FinalBSplineInterpolator")
(Resampler "DefaultResampler")

// These may be changed to Fixed/MovingSmoothingImagePyramid.
// See the manual.
(FixedImagePyramid "FixedRecursiveImagePyramid")
(MovingImagePyramid "MovingRecursiveImagePyramid")

// The following components are most important:
// The optimizer AdaptiveStochasticGradientDescent (ASGD) works
// quite ok in general. The Transform and Metric are important
// and need to be chosen careful for each application. See manual.
(Optimizer "AdaptiveStochasticGradientDescent")
(Transform "EulerTransform")
(Metric "AdvancedMattesMutualInformation")

// ***************** Transformation **************************

// Scales the rotations compared to the translations, to make
// sure they are in the same range. In general, it's best to  
// use automatic scales estimation:
(AutomaticScalesEstimation "true")

// Automatically guess an initial translation by aligning the
// geometric centers of the fixed and moving.
(AutomaticTransformInitialization "true")

// Whether transforms are combined by composition or by addition.
// In generally, Compose is the best option in most cases.
// It does not influence the results very much.
(HowToCombineTransforms "Compose")

// ******************* Similarity measure *********************

// Number of grey level bins in each resolution level,
// for the mutual information. 16 or 32 usually works fine.
// You could also employ a hierarchical strategy:
//(NumberOfHistogramBins 16 32 64)
(NumberOfHistogramBins 32)

// If you use a mask, this option is important. 
// If the mask serves as region of interest, set it to false.
// If the mask indicates which pixels are valid, then set it to true.
// If you do not use a mask, the option doesn't matter.
(ErodeMask "false")

// ******************** Multiresolution **********************

// The number of resolutions. 1 Is only enough if the expected
// deformations are small. 3 or 4 mostly works fine. For large
// images and large deformations, 5 or 6 may even be useful.
(NumberOfResolutions 1)

// The downsampling/blurring factors for the image pyramids.
// By default, the images are downsampled by a factor of 2
// compared to the next resolution.
// So, in 2D, with 4 resolutions, the following schedule is used:
//(ImagePyramidSchedule 8 8  4 4  2 2  1 1 )
// And in 3D:
//(ImagePyramidSchedule 8 8 8  4 4 4  2 2 2  1 1 1 )
// You can specify any schedule, for example:
//(ImagePyramidSchedule 4 4  4 3  2 1  1 1 )
// Make sure that the number of elements equals the number
// of resolutions times the image dimension.

// ******************* Optimizer ****************************

// Maximum number of iterations in each resolution level:
// 200-500 works usually fine for rigid registration.
// For more robustness, you may increase this to 1000-2000.
(MaximumNumberOfIterations 500)

// The step size of the optimizer, in mm. By default the voxel size is used.
// which usually works well. In case of unusual high-resolution images
// (eg histology) it is necessary to increase this value a bit, to the size
// of the "smallest visible structure" in the image:
//(MaximumStepLength 1.0)

// **************** Image sampling **********************

// Number of spatial samples used to compute the mutual
// information (and its derivative) in each iteration.
// With an AdaptiveStochasticGradientDescent optimizer,
// in combination with the two options below, around 2000
// samples may already suffice.
(NumberOfSpatialSamples 2000)

// Refresh these spatial samples in every iteration, and select
// them randomly. See the manual for information on other sampling
// strategies.
(NewSamplesEveryIteration "true")
(ImageSampler "Random")

// ************* Interpolation and Resampling ****************

// Order of B-Spline interpolation used during registration/optimisation.
// It may improve accuracy if you set this to 3. Never use 0.
// An order of 1 gives linear interpolation. This is in most 
// applications a good choice.
(BSplineInterpolationOrder 1)

// Order of B-Spline interpolation used for applying the final
// deformation.
// 3 gives good accuracy; recommended in most cases.
// 1 gives worse accuracy (linear interpolation)
// 0 gives worst accuracy, but is appropriate for binary images
// (masks, segmentations); equivalent to nearest neighbor interpolation.
(FinalBSplineInterpolationOrder 3)

//Default pixel value for pixels that come from outside the picture:
(DefaultPixelValue 0)

// Choose whether to generate the deformed moving image.
// You can save some time by setting this to false, if you are
// only interested in the final (nonrigidly) deformed moving image
// for example.
(WriteResultImage "false")

// The pixel type and format of the resulting deformed moving image
(ResultImagePixelType "short")
(ResultImageFormat "nii.gz")




=============== end of ParameterFile: /Users/sakinkirti/Programming/Python/CCIPD/racial-disparity-pca/code_matlab/rigid.txt ===============


Reading images...
Reading images took 99 ms.

WARNING: the fixed pyramid schedule is not fully specified!
  A default pyramid schedule is used.
WARNING: the moving pyramid schedule is not fully specified!
  A default pyramid schedule is used.
WARNING: The parameter "AutomaticTransformInitializationMethod", requested at entry number 0, does not exist at all.
  The default value "GeometricalCenter" is used instead.
Transform parameters are initialized as: [0, 0, 0, -1.8429155945777893, -13.36257654428482, 7.496307373046875]
Scales are estimated automatically.
Scales for transform parameters are: [5504.330146808618, 5504.330146808624, 9852.16029361686, 1, 1, 1]
Initialization of all components (before registration) took: 15 ms.
Preparation of the image pyramids took: 10 ms.

Resolution: 0
WARNING: The parameter "ShowExactMetricValue", requested at entry number 0, does not exist at all.
  The default value "false" is used instead.
WARNING: The parameter "CheckNumberOfSamples", requested at entry number 0, does not exist at all.
  The default value "true" is used instead.
WARNING: The parameter "UseMultiThreadingForMetrics", requested at entry number 0, does not exist at all.
  The default value "true" is used instead.
Setting the fixed masks took: 0 ms.
Setting the moving masks took: 0 ms.
WARNING: The parameter "NumberOfFixedHistogramBins", requested at entry number 0, does not exist at all.
  The default value "32" is used instead.
WARNING: The parameter "NumberOfMovingHistogramBins", requested at entry number 0, does not exist at all.
  The default value "32" is used instead.
WARNING: The parameter "FixedLimitRangeRatio", requested at entry number 0, does not exist at all.
  The default value "0.01" is used instead.
WARNING: The parameter "MovingLimitRangeRatio", requested at entry number 0, does not exist at all.
  The default value "0.01" is used instead.
WARNING: The parameter "FixedKernelBSplineOrder", requested at entry number 0, does not exist at all.
  The default value "0" is used instead.
WARNING: The parameter "MovingKernelBSplineOrder", requested at entry number 0, does not exist at all.
  The default value "3" is used instead.
WARNING: The parameter "UseFastAndLowMemoryVersion", requested at entry number 0, does not exist at all.
  The default value "true" is used instead.
WARNING: The parameter "UseJacobianPreconditioning", requested at entry number 0, does not exist at all.
  The default value "false" is used instead.
WARNING: The parameter "FiniteDifferenceDerivative", requested at entry number 0, does not exist at all.
  The default value "false" is used instead.
WARNING: The parameter "SP_A", requested at entry number 0, does not exist at all.
  The default value "20" is used instead.
WARNING: The parameter "MaximumNumberOfSamplingAttempts", requested at entry number 0, does not exist at all.
  The default value "0" is used instead.
WARNING: The parameter "SigmoidInitialTime", requested at entry number 0, does not exist at all.
  The default value "0" is used instead.
WARNING: The parameter "MaxBandCovSize", requested at entry number 0, does not exist at all.
  The default value "192" is used instead.
WARNING: The parameter "NumberOfBandStructureSamples", requested at entry number 0, does not exist at all.
  The default value "10" is used instead.
WARNING: The parameter "UseAdaptiveStepSizes", requested at entry number 0, does not exist at all.
  The default value "true" is used instead.
WARNING: The parameter "AutomaticParameterEstimation", requested at entry number 0, does not exist at all.
  The default value "true" is used instead.
WARNING: The parameter "UseConstantStep", requested at entry number 0, does not exist at all.
  The default value "false" is used instead.
WARNING: The parameter "MaximumStepLengthRatio", requested at entry number 0, does not exist at all.
  The default value "1" is used instead.
WARNING: The parameter "MaximumStepLength", requested at entry number 0, does not exist at all.
  The default value "1.15156" is used instead.
WARNING: The parameter "NumberOfGradientMeasurements", requested at entry number 0, does not exist at all.
  The default value "0" is used instead.
WARNING: The parameter "NumberOfJacobianMeasurements", requested at entry number 0, does not exist at all.
  The default value "1000" is used instead.
WARNING: The parameter "NumberOfSamplesForExactGradient", requested at entry number 0, does not exist at all.
  The default value "100000" is used instead.
WARNING: The parameter "SigmoidScaleFactor", requested at entry number 0, does not exist at all.
  The default value "0.1" is used instead.
Elastix initialization of all components (for this resolution) took: 3 ms.
  Computing the fixed image extrema took 3 ms.
  Computing the moving image extrema took 12 ms.
Initialization of AdvancedMattesMutualInformation metric took: 122 ms.
Starting automatic parameter estimation for AdaptiveStochasticGradientDescent ...
WARNING: The parameter "ASGDParameterEstimationMethod", requested at entry number 0, does not exist at all.
  The default value "Original" is used instead.
  Computing JacobianTerms ...
  Computing the Jacobian terms took 0.005890s
  NumberOfGradientMeasurements to estimate sigma_i: 6
  Sampling gradients ...
  Sampling the gradients took 0.528924s
Automatic parameter estimation took 0.54s
1:ItNr	2:Metric	3a:Time	3b:StepSize	4:||Gradient||	Time[ms]
0	-0.048951	0.000000	3.881021	0.011127	671.1
1	-0.058142	0.000000	3.881021	0.012919	5.1
2	-0.048345	0.976625	3.708552	0.012930	8.5
3	-0.056364	0.554020	3.781264	0.010581	8.0
4	-0.058261	0.000000	3.881021	0.023068	16.6
5	-0.058884	0.998768	3.704819	0.020179	7.8
6	-0.044708	1.998768	3.543731	0.011797	13.3
7	-0.064642	2.970419	3.400084	0.007350	11.5
8	-0.052832	2.261076	3.503769	0.015198	19.2
9	-0.045927	1.573872	3.610433	0.012694	15.4
10	-0.047120	0.894676	3.722432	0.011463	11.0
11	-0.059963	0.000000	3.881021	0.021357	16.9
12	-0.054431	0.974090	3.708979	0.009565	8.8
13	-0.059010	0.000000	3.881021	0.007501	7.1
14	-0.041497	0.000000	3.881021	0.010401	5.5
15	-0.054987	0.999248	3.704738	0.019008	2.9
16	-0.058178	1.999247	3.543657	0.021506	11.4
17	-0.057002	2.999247	3.396000	0.011500	7.2
18	-0.069431	2.024464	3.539776	0.023440	10.4
19	-0.045332	1.049686	3.696263	0.016394	17.0
20	-0.070100	0.074903	3.867227	0.009360	8.6
21	-0.055502	1.036657	3.698449	0.010198	3.8
22	-0.050881	0.073694	3.867449	0.011239	6.5
23	-0.046196	0.000000	3.881021	0.005026	7.1
24	-0.063795	0.645273	3.765323	0.023776	3.4
25	-0.053846	0.000000	3.881021	0.012671	9.8
26	-0.051003	1.000000	3.704611	0.011055	4.3
27	-0.058824	1.953328	3.550746	0.015931	4.6
28	-0.065736	2.952973	3.402561	0.014153	15.4
29	-0.062142	1.978190	3.546904	0.021862	9.1
30	-0.041435	2.978190	3.398982	0.018258	8.5
31	-0.049716	2.003407	3.543016	0.013908	10.1
32	-0.063271	3.003269	3.395431	0.020987	7.8
33	-0.065985	2.117875	3.525473	0.010045	9.2
34	-0.059450	3.117875	3.379296	0.008008	6.1
35	-0.064177	4.071462	3.250766	0.017271	5.9
36	-0.057467	5.071377	3.126089	0.011474	10.0
37	-0.048914	6.066923	3.011109	0.005346	6.3
38	-0.055824	7.050518	2.905524	0.010752	7.6
39	-0.051505	6.224506	2.993679	0.022050	4.9
40	-0.058224	7.184814	2.891679	0.016112	5.2
41	-0.058896	8.126386	2.798200	0.018839	6.1
42	-0.049363	9.050387	2.712160	0.019189	5.1
43	-0.065861	10.049993	2.624846	0.019762	4.0
44	-0.053998	11.049977	2.542949	0.023026	5.1
45	-0.052205	12.049977	2.466006	0.011972	5.4
46	-0.050460	13.049977	2.393583	0.012006	4.0
47	-0.067541	13.994139	2.329003	0.012429	5.5
48	-0.052172	14.994097	2.264300	0.009154	5.1
49	-0.046707	15.990119	2.203330	0.019901	5.3
50	-0.049004	16.985511	2.145593	0.021637	7.3
51	-0.048112	17.985511	2.090557	0.015038	4.4
52	-0.052039	17.011556	2.144123	0.010583	7.0
53	-0.055987	16.490849	2.173902	0.015052	3.2
54	-0.064362	15.516110	2.231931	0.008857	5.8
55	-0.057434	16.472764	2.174952	0.022007	4.4
56	-0.059903	15.498031	2.233037	0.018596	5.9
57	-0.067615	16.498031	2.173486	0.006278	4.5
58	-0.043863	17.481943	2.117914	0.005379	4.6
59	-0.053968	17.564019	2.113406	0.019633	6.7
60	-0.047872	16.632819	2.165701	0.010248	3.6
61	-0.062434	15.658043	2.223290	0.010870	4.8
62	-0.064410	14.695706	2.283228	0.024139	4.3
63	-0.048032	13.846326	2.338882	0.010013	4.1
64	-0.049985	14.844097	2.273776	0.014416	6.2
65	-0.057244	15.839445	2.212342	0.026906	3.8
66	-0.054184	16.839445	2.153875	0.018293	19.7
67	-0.060549	15.864665	2.210828	0.014520	6.3
68	-0.061775	14.968712	2.265898	0.011541	6.7
69	-0.050943	14.871529	2.272037	0.018698	4.8
70	-0.059801	15.791026	2.215253	0.013329	5.9
71	-0.057563	14.816823	2.275507	0.012109	9.8
72	-0.052100	14.216127	2.314322	0.006688	4.9
73	-0.042648	14.623249	2.287872	0.014110	5.8
74	-0.045347	15.615256	2.225888	0.010474	5.7
75	-0.053853	16.615252	2.166713	0.035757	5.8
76	-0.070191	17.615185	2.110606	0.018722	5.6
77	-0.051545	16.640402	2.165265	0.010459	6.4
78	-0.052366	17.640399	2.109229	0.008740	7.3
79	-0.051271	16.689836	2.162425	0.014924	5.3
80	-0.061455	17.689755	2.106538	0.016692	6.2
81	-0.056020	16.717398	2.160845	0.008850	7.1
82	-0.062691	17.715338	2.105146	0.010605	5.6
83	-0.049818	17.086212	2.139920	0.007730	12.4
84	-0.060692	18.085047	2.085233	0.021859	7.6
85	-0.046081	18.679059	2.054017	0.012593	3.9
86	-0.058499	19.671431	2.003899	0.018672	3.3
87	-0.046657	18.696649	2.053106	0.016230	7.4
88	-0.048962	17.853422	2.097665	0.011540	7.9
89	-0.046707	16.888783	2.151071	0.013493	10.2
90	-0.045508	15.923926	2.207280	0.009843	8.6
91	-0.057821	16.898710	2.150507	0.013411	6.9
92	-0.055927	16.022598	2.201397	0.012761	5.8
93	-0.043504	15.051425	2.260700	0.021949	8.2
94	-0.056441	15.952504	2.205573	0.007959	15.1
95	-0.057107	14.977727	2.265331	0.007892	4.1
96	-0.065956	15.436469	2.236810	0.013746	3.9
97	-0.060600	16.434474	2.177176	0.021973	7.0
98	-0.056555	17.281005	2.129031	0.015426	3.8
99	-0.048079	16.306222	2.184661	0.011582	5.0
100	-0.053472	17.246362	2.130959	0.024344	4.6
101	-0.056800	17.706306	2.105637	0.020701	5.4
102	-0.047945	16.731523	2.160036	0.032241	6.0
103	-0.058023	17.731523	2.104266	0.028836	5.1
104	-0.053003	18.731523	2.051304	0.014456	3.8
105	-0.048276	17.756740	2.102897	0.010879	3.8
106	-0.066611	18.604491	2.057884	0.019468	3.9
107	-0.054287	19.604484	2.007203	0.013872	3.8
108	-0.054492	18.629776	2.056571	0.010460	5.4
109	-0.067972	17.655158	2.108424	0.005624	6.0
110	-0.075981	17.161886	2.135677	0.013650	5.6
111	-0.051509	16.276140	2.186424	0.008767	5.6
112	-0.056503	17.267758	2.129768	0.012057	8.6
113	-0.052958	16.508423	2.172884	0.025054	6.4
114	-0.046292	15.533668	2.230859	0.019206	5.3
115	-0.062697	16.533668	2.171422	0.013838	4.8
116	-0.057484	17.533668	2.115071	0.020400	8.7
117	-0.059719	16.559667	2.169919	0.007019	7.6
118	-0.067499	15.809959	2.214114	0.013631	7.1
119	-0.064205	15.031919	2.261923	0.010829	4.3
120	-0.066676	14.057139	2.324817	0.011925	7.2
121	-0.048171	14.978579	2.265277	0.008757	4.8
122	-0.054758	14.790078	2.277208	0.007337	6.5
123	-0.054964	15.754410	2.217460	0.015962	4.3
124	-0.052212	14.827426	2.274834	0.016403	6.3
125	-0.057478	13.871948	2.337164	0.011020	5.5
126	-0.057440	14.871723	2.272025	0.014977	5.9
127	-0.061843	13.897161	2.335475	0.007372	5.2
128	-0.054040	12.952362	2.400465	0.018112	4.4
129	-0.059305	11.979254	2.471294	0.017239	6.8
130	-0.042591	11.042668	2.543529	0.018168	5.0
131	-0.049204	10.784488	2.564189	0.008761	4.8
132	-0.055597	10.311811	2.602898	0.011572	6.9
133	-0.057330	9.352679	2.685148	0.010380	5.3
134	-0.048792	8.398860	2.772266	0.006254	5.7
135	-0.061201	7.486214	2.861084	0.021767	7.3
136	-0.059227	8.442178	2.768187	0.006221	6.6
137	-0.044520	9.440432	2.677408	0.011099	8.5
138	-0.050899	8.558593	2.757284	0.008602	6.5
139	-0.052731	7.744167	2.835408	0.016263	9.1
140	-0.054349	6.787981	2.932975	0.009186	5.1
141	-0.061423	7.745293	2.835297	0.016004	7.4
142	-0.053771	6.770692	2.934801	0.013268	6.4
143	-0.051377	5.795909	3.041563	0.019415	11.6
144	-0.051644	6.793659	2.932376	0.010237	5.0
145	-0.055186	7.770695	2.832794	0.009601	8.9
146	-0.059477	6.913158	2.919822	0.016570	5.8
147	-0.067366	7.895414	2.820567	0.010254	7.8
148	-0.051065	8.895382	2.726222	0.009613	8.6
149	-0.061607	7.923462	2.817832	0.019539	5.9
150	-0.062140	6.948845	2.916094	0.020257	5.8
151	-0.046237	5.974066	3.021474	0.013535	30.0
152	-0.055549	6.974052	2.913466	0.016845	20.0
153	-0.049446	5.999270	3.018654	0.017740	8.4
154	-0.077116	5.024487	3.131722	0.026069	15.1
155	-0.053660	4.049850	3.253570	0.008132	17.7
156	-0.061804	4.777868	3.161683	0.018354	12.4
157	-0.062189	5.774835	3.043957	0.014485	15.3
158	-0.052094	4.812624	3.157426	0.013918	6.5
159	-0.056350	4.481201	3.198493	0.026780	3.0
160	-0.055517	5.481193	3.077710	0.031146	4.2
161	-0.040177	4.506411	3.195332	0.008314	3.1
162	-0.051604	3.531665	3.322296	0.015445	5.0
163	-0.055595	2.596373	3.453982	0.019019	3.6
164	-0.059111	3.596361	3.313557	0.010649	4.4
165	-0.066344	3.236124	3.362809	0.023091	3.4
166	-0.047290	4.180525	3.236686	0.010768	5.8
167	-0.050256	5.180372	3.113074	0.012588	4.1
168	-0.063285	4.875312	3.149776	0.016471	3.6
169	-0.047724	4.132710	3.242843	0.010194	2.5
170	-0.050445	3.671475	3.303469	0.009782	3.6
171	-0.053949	3.535063	3.321836	0.011816	4.9
172	-0.068925	3.389618	3.341645	0.012110	4.6
173	-0.056582	2.632624	3.448684	0.011972	3.7
174	-0.048093	3.632623	3.308679	0.012315	3.5
175	-0.045567	4.632614	3.179599	0.010570	3.9
176	-0.063306	5.632582	3.060216	0.019349	4.0
177	-0.061408	5.624734	3.061118	0.007404	2.9
178	-0.049001	6.587024	2.954340	0.014610	3.5
179	-0.049292	5.612396	3.062537	0.014045	4.6
180	-0.053727	6.612390	2.951626	0.007372	3.1
181	-0.050056	7.609610	2.848744	0.008495	3.8
182	-0.055831	6.853796	2.926044	0.018100	3.9
183	-0.045346	5.880155	3.032030	0.018302	4.4
184	-0.045989	6.880155	2.923278	0.010702	5.9
185	-0.043744	5.905379	3.029188	0.016910	55.6
186	-0.047573	4.932229	3.142863	0.007588	3.8
187	-0.053502	4.491315	3.197224	0.006710	4.1
188	-0.063872	3.701673	3.299430	0.011105	3.7
189	-0.047163	2.949080	3.403114	0.013286	3.2
190	-0.068467	1.975729	3.547284	0.031441	3.5
191	-0.064634	1.001749	3.704317	0.016877	3.8
192	-0.053124	2.001749	3.543272	0.006925	4.2
193	-0.063990	2.997754	3.396211	0.022450	4.1
194	-0.047593	2.346369	3.490969	0.019108	10.3
195	-0.052152	3.346369	3.347581	0.010673	4.7
196	-0.047535	2.372814	3.487019	0.007591	7.6
197	-0.061265	3.293568	3.354857	0.014321	5.2
198	-0.056553	2.358592	3.489142	0.010799	3.9
199	-0.056364	1.875423	3.562839	0.016403	3.5
200	-0.044564	2.875175	3.413648	0.008997	2.9
201	-0.062486	1.904469	3.558321	0.014693	3.9
202	-0.055917	0.999626	3.704674	0.011502	3.3
203	-0.053755	1.432905	3.633120	0.016868	3.0
204	-0.063796	2.430622	3.478416	0.022447	2.6
205	-0.054438	1.455853	3.629408	0.012215	3.6
206	-0.056169	0.481070	3.794105	0.008679	2.7
207	-0.052569	1.474599	3.626380	0.005669	3.0
208	-0.054412	0.556789	3.780779	0.020026	2.4
209	-0.062542	1.545951	3.614904	0.010526	3.5
210	-0.048736	2.545669	3.461420	0.012278	2.8
211	-0.051638	2.378951	3.486104	0.011737	3.1
212	-0.066999	1.412283	3.636463	0.009370	3.0
213	-0.057892	0.439248	3.801507	0.006461	3.8
214	-0.057779	1.400824	3.638324	0.012715	2.9
215	-0.056410	2.365935	3.488045	0.012871	3.0
216	-0.056580	3.365930	3.344894	0.013614	2.5
217	-0.058917	4.365927	3.213028	0.027615	3.2
218	-0.060468	3.391144	3.341436	0.015385	3.0
219	-0.062580	4.293495	3.222229	0.015651	2.7
220	-0.050038	5.293493	3.099681	0.015670	2.2
221	-0.047128	6.293415	2.986121	0.014527	3.1
222	-0.055343	7.275736	2.882381	0.009783	3.2
223	-0.047711	6.533477	2.960085	0.019703	3.0
224	-0.052444	5.558694	3.068729	0.008630	3.3
225	-0.052532	6.495663	2.964156	0.016464	3.7
226	-0.053240	6.012685	3.017155	0.011392	3.7
227	-0.055500	7.012665	2.909450	0.013647	2.9
228	-0.051609	8.012600	2.809174	0.016798	2.7
229	-0.053657	9.012159	2.715614	0.029653	2.9
230	-0.055893	10.012159	2.628048	0.018706	2.8
231	-0.058463	9.037376	2.713334	0.015935	3.5
232	-0.045857	10.037376	2.625913	0.007944	3.0
233	-0.059652	11.033198	2.544281	0.010880	3.7
234	-0.059959	11.909020	2.476569	0.014052	3.1
235	-0.054148	12.252361	2.450997	0.011881	2.9
236	-0.055127	13.012923	2.396191	0.015346	3.2
237	-0.054011	14.012838	2.327759	0.005565	2.8
238	-0.055269	13.041720	2.394164	0.011564	10.0
239	-0.054942	13.276214	2.377784	0.019864	52.4
240	-0.054699	14.276136	2.310385	0.009936	19.3
241	-0.061247	13.432034	2.367024	0.010854	22.3
242	-0.057333	14.429724	2.300369	0.018697	15.1
243	-0.054705	15.429724	2.237224	0.026568	4.8
244	-0.059248	16.429724	2.177452	0.007677	4.3
245	-0.046547	15.454943	2.235676	0.014467	3.5
246	-0.082755	14.480457	2.297080	0.009529	3.7
247	-0.056170	13.615297	2.354492	0.016864	4.0
248	-0.057860	14.538912	2.293302	0.009069	3.4
249	-0.035189	13.977261	2.330127	0.009825	5.0
250	-0.055205	13.010425	2.396367	0.016273	4.3
251	-0.061056	12.163731	2.457548	0.016212	3.5
252	-0.046916	13.163731	2.385613	0.007262	4.2
253	-0.063816	12.189013	2.455675	0.011450	3.6
254	-0.059631	11.845258	2.481376	0.010289	3.8
255	-0.061187	11.049432	2.542992	0.018167	3.8
256	-0.055983	10.075042	2.622730	0.012946	4.3
257	-0.060066	11.075042	2.540961	0.022915	3.3
258	-0.039573	10.100259	2.620603	0.005688	4.0
259	-0.047637	10.016040	2.627719	0.010726	3.6
260	-0.056705	10.845711	2.559260	0.022441	4.1
261	-0.048564	10.033135	2.626272	0.008323	4.2
262	-0.075944	11.033132	2.544286	0.013202	3.2
263	-0.049756	11.871849	2.479369	0.016367	4.6
264	-0.043844	11.398536	2.515590	0.004432	3.1
265	-0.058795	12.396044	2.440452	0.019348	3.8
266	-0.057194	13.364800	2.371655	0.022700	5.0
267	-0.056559	12.390019	2.440892	0.010138	4.0
268	-0.054891	13.390018	2.369916	0.012274	3.9
269	-0.045788	14.390000	2.302951	0.007310	4.0
270	-0.050591	14.567315	2.291470	0.011466	3.8
271	-0.065926	15.551052	2.229798	0.011557	4.0
272	-0.063882	16.549117	2.170529	0.013099	17.6
273	-0.059435	16.450230	2.176260	0.020938	16.6
274	-0.047454	15.475447	2.234419	0.021016	10.8
275	-0.056325	16.475447	2.174796	0.023105	5.4
276	-0.056340	15.500664	2.232876	0.014734	10.0
277	-0.046229	16.500613	2.173336	0.011078	6.9
278	-0.055322	17.380262	2.123525	0.015756	9.2
279	-0.044999	18.356428	2.070855	0.016951	16.5
280	-0.042750	17.391981	2.122877	0.007651	8.2
281	-0.057545	16.664958	2.163853	0.010888	10.9
282	-0.048853	15.824784	2.213223	0.015906	7.0
283	-0.052672	16.824743	2.154712	0.011192	5.1
284	-0.050466	17.084394	2.140022	0.007514	3.2
285	-0.044997	17.903438	2.094968	0.018936	3.4
286	-0.063665	18.641570	2.055959	0.009907	4.2
287	-0.047555	19.641568	2.005372	0.018787	4.2
288	-0.051825	20.388063	1.969202	0.013560	3.9
289	-0.051687	21.388063	1.922745	0.017626	4.6
290	-0.064116	20.413280	1.968003	0.021641	5.9
291	-0.061548	21.413280	1.921602	0.011840	3.4
292	-0.058225	22.413280	1.877339	0.014292	4.8
293	-0.056555	21.438690	1.920451	0.009539	3.6
294	-0.067390	20.463963	1.965597	0.006700	3.3
295	-0.059812	19.680141	2.003470	0.013910	3.4
296	-0.067215	18.722112	2.051790	0.016948	3.4
297	-0.055543	19.722098	2.001406	0.014498	3.8
298	-0.059001	18.748269	2.050440	0.017376	3.5
299	-0.056905	17.773486	2.101989	0.009126	3.6
300	-0.060526	18.646505	2.055703	0.021135	3.2
301	-0.045470	19.595916	2.007627	0.016020	3.4
302	-0.055533	18.621134	2.057020	0.019309	4.9
303	-0.065228	19.621134	2.006380	0.017545	5.6
304	-0.051289	20.619773	1.958239	0.010482	2.8
305	-0.054046	21.617308	1.912402	0.018722	3.8
306	-0.054604	20.642536	1.957168	0.021606	5.2
307	-0.063110	19.667753	2.004080	0.015963	4.3
308	-0.049215	20.621458	1.958159	0.016271	4.5
309	-0.060516	21.621444	1.912217	0.014007	4.1
310	-0.048970	20.646662	1.956974	0.011980	4.1
311	-0.055114	21.499354	1.917710	0.013487	7.7
312	-0.050796	22.499193	1.873631	0.006707	7.9
313	-0.044853	23.301293	1.839708	0.011403	8.9
314	-0.057066	24.169922	1.804330	0.013102	7.4
315	-0.052270	25.168833	1.765291	0.010150	5.0
316	-0.052852	26.154044	1.728408	0.023945	10.3
317	-0.048577	27.154036	1.692515	0.008542	3.5
318	-0.050542	28.133730	1.658768	0.015045	9.9
319	-0.050890	28.919950	1.632643	0.013741	5.4
320	-0.055334	29.919016	1.600609	0.017077	5.5
321	-0.052908	30.919016	1.569780	0.017631	6.7
322	-0.056895	31.919011	1.540117	0.019784	6.0
323	-0.047703	32.919010	1.511553	0.007914	10.2
324	-0.048340	33.891222	1.484781	0.016118	4.8
325	-0.053386	34.887622	1.458309	0.015623	7.4
326	-0.044181	35.869615	1.433128	0.009656	5.4
327	-0.058903	35.108233	1.452576	0.010107	6.4
328	-0.054302	34.137232	1.478156	0.008527	23.5
329	-0.050833	33.181544	1.504229	0.014953	33.8
330	-0.046547	34.151385	1.477777	0.014559	5.5
331	-0.054213	35.151367	1.451460	0.023647	37.0
332	-0.048620	36.151367	1.426063	0.019708	10.0
333	-0.053049	35.176763	1.450804	0.017716	4.9
334	-0.062989	35.234694	1.449309	0.017307	4.1
335	-0.047320	34.259918	1.474875	0.016113	3.7
336	-0.058988	33.285135	1.501358	0.011890	3.8
337	-0.048948	34.285068	1.474204	0.011935	2.7
338	-0.054767	33.675812	1.490631	0.013862	3.7
339	-0.055051	34.675794	1.463858	0.012252	4.5
340	-0.057414	34.940865	1.456921	0.008190	3.2
341	-0.049709	33.968789	1.482686	0.010475	4.1
342	-0.054443	34.885119	1.458375	0.011094	4.4
343	-0.047632	35.884583	1.432751	0.018649	2.7
344	-0.045084	36.768920	1.410818	0.017390	3.8
345	-0.066967	37.768786	1.386815	0.016275	3.8
346	-0.044304	36.794168	1.410202	0.007111	3.8
347	-0.046836	37.620615	1.390321	0.010371	4.4
348	-0.041444	37.065700	1.403607	0.012871	3.7
349	-0.058646	38.063743	1.379890	0.007893	4.6
350	-0.052651	38.351068	1.373209	0.013769	4.7
351	-0.047950	37.380200	1.396046	0.010895	3.0
352	-0.056074	38.380200	1.372536	0.010573	3.5
353	-0.051990	39.379030	1.349830	0.018746	3.4
354	-0.048932	40.377794	1.327865	0.023298	4.1
355	-0.056867	41.377245	1.306589	0.007976	2.9
356	-0.060593	40.402465	1.327332	0.012695	3.7
357	-0.057426	39.431314	1.348662	0.014730	4.9
358	-0.052518	38.471720	1.370424	0.007131	3.5
359	-0.056948	37.512102	1.392899	0.022981	3.5
360	-0.059393	37.839210	1.385155	0.009744	2.8
361	-0.057592	36.864427	1.408490	0.018018	2.9
362	-0.060971	35.889671	1.432623	0.014372	3.1
363	-0.046511	34.914889	1.457598	0.006060	25.4
364	-0.057794	34.084664	1.479567	0.009085	30.0
365	-0.054405	33.593280	1.492884	0.011992	21.5
366	-0.057431	34.515155	1.468094	0.014092	18.7
367	-0.056968	33.549470	1.494083	0.016611	19.9
368	-0.047427	32.585515	1.520960	0.014347	5.6
369	-0.048113	33.585515	1.493097	0.012894	4.3
370	-0.050575	34.579581	1.466392	0.010172	5.5
371	-0.054848	33.640273	1.491600	0.015800	3.5
372	-0.061712	32.683231	1.518192	0.018509	3.9
373	-0.047955	31.711776	1.546171	0.014988	3.3
374	-0.047449	30.738483	1.575258	0.014403	3.1
375	-0.059408	29.804856	1.604206	0.020011	3.0
376	-0.058806	30.804836	1.573240	0.013898	3.2
377	-0.043194	31.783031	1.544084	0.015274	2.6
378	-0.052102	32.781735	1.515411	0.021216	2.4
379	-0.061251	33.781735	1.487749	0.011005	2.7
380	-0.044668	34.781735	1.461078	0.022665	2.6
381	-0.053979	33.806952	1.487064	0.013579	3.3
382	-0.056678	32.832169	1.513991	0.007626	3.0
383	-0.064466	31.969141	1.538659	0.016292	3.1
384	-0.072981	32.967928	1.510183	0.020548	3.0
385	-0.053433	33.967928	1.482709	0.012065	3.8
386	-0.055504	33.083285	1.506962	0.013896	3.2
387	-0.052817	32.120080	1.534287	0.011667	2.6
388	-0.051745	31.146046	1.562946	0.013862	2.8
389	-0.049262	30.171263	1.592719	0.018201	2.9
390	-0.055708	31.171263	1.562190	0.018550	2.7
391	-0.050966	30.278118	1.589400	0.011035	2.4
392	-0.055564	31.278118	1.558997	0.019430	2.7
393	-0.047661	32.269270	1.529990	0.006379	2.9
394	-0.051301	33.253392	1.502237	0.010222	2.6
395	-0.066698	33.937028	1.483543	0.010550	2.9
396	-0.045147	34.935769	1.457054	0.013386	3.2
397	-0.052722	34.087082	1.479502	0.021096	3.1
398	-0.054538	33.134768	1.505529	0.014220	3.5
399	-0.049631	32.159985	1.533135	0.019226	3.7
400	-0.052719	31.185203	1.561773	0.007778	2.8
401	-0.046907	31.965244	1.538772	0.009296	3.4
402	-0.067030	31.566094	1.550457	0.009998	3.3
403	-0.053221	31.913773	1.540269	0.018664	3.0
404	-0.061590	30.939013	1.569176	0.011051	2.8
405	-0.053307	29.964231	1.599189	0.015373	11.9
406	-0.052201	30.958388	1.568591	0.012509	6.0
407	-0.057329	31.958356	1.538972	0.011501	12.2
408	-0.048836	31.011880	1.566977	0.023027	4.7
409	-0.051384	30.037097	1.596906	0.013033	6.1
410	-0.043872	31.037097	1.566218	0.010698	8.3
411	-0.058174	32.014600	1.537340	0.015492	5.4
412	-0.053913	33.006820	1.509095	0.012308	6.2
413	-0.069458	32.036464	1.536706	0.022540	5.9
414	-0.063289	31.061982	1.565469	0.016790	7.1
415	-0.054732	30.287410	1.589112	0.011741	4.8
416	-0.052673	29.312689	1.619898	0.009090	10.6
417	-0.058596	29.166951	1.624604	0.018840	5.6
418	-0.068145	30.166882	1.592855	0.009568	10.4
419	-0.047161	31.156877	1.562621	0.006202	4.2
420	-0.045775	32.117448	1.534363	0.014727	5.4
421	-0.047875	33.039950	1.508170	0.020954	7.7
422	-0.062336	32.084057	1.535328	0.006294	5.1
423	-0.045605	32.984840	1.509710	0.011986	5.2
424	-0.055936	32.035744	1.536727	0.018709	5.0
425	-0.044618	31.060968	1.565500	0.012124	5.1
426	-0.059441	32.059260	1.536046	0.012718	5.5
427	-0.057887	32.410030	1.525958	0.015470	5.3
428	-0.045853	31.441241	1.554148	0.009513	5.1
429	-0.041073	32.385219	1.526667	0.016558	5.5
430	-0.052080	33.095625	1.506618	0.013901	8.1
431	-0.052714	32.122041	1.534230	0.022911	4.7
432	-0.053085	33.122041	1.505883	0.016338	7.0
433	-0.044082	34.121505	1.478578	0.010392	5.3
434	-0.048124	35.104060	1.452684	0.020712	4.5
435	-0.048579	35.442321	1.443978	0.014344	5.2
436	-0.048416	35.650843	1.438663	0.018360	5.1
437	-0.061921	36.509255	1.417188	0.015321	5.7
438	-0.053928	36.994752	1.405324	0.013437	6.3
439	-0.066952	36.113954	1.426997	0.010906	5.6
440	-0.051482	35.169407	1.450994	0.013728	6.3
441	-0.055517	36.169394	1.425613	0.019092	5.6
442	-0.055110	37.169393	1.401105	0.011234	5.0
443	-0.061654	36.194610	1.424985	0.016562	7.2
444	-0.053607	35.330364	1.446847	0.018366	4.7
445	-0.061873	36.330364	1.421610	0.019510	7.4
446	-0.054114	37.330341	1.397239	0.005717	4.4
447	-0.056540	38.054114	1.380115	0.019811	3.5
448	-0.043899	37.784304	1.386449	0.012388	3.3
449	-0.057906	38.784304	1.363258	0.020583	5.4
450	-0.063658	39.784304	1.340830	0.012986	4.9
451	-0.051716	40.784304	1.319129	0.015780	4.8
452	-0.061162	39.809523	1.340274	0.014322	5.9
453	-0.058531	40.742383	1.320024	0.011755	4.1
454	-0.065115	41.307747	1.308047	0.012294	3.7
455	-0.052250	42.197575	1.289629	0.010755	4.4
456	-0.054447	41.226094	1.309763	0.011582	4.4
457	-0.048519	42.072744	1.292182	0.010100	5.0
458	-0.052741	42.161924	1.290357	0.020066	5.0
459	-0.048726	43.019563	1.273071	0.019796	3.9
460	-0.054061	42.044780	1.292755	0.013321	4.9
461	-0.055028	43.044776	1.272570	0.023226	4.1
462	-0.063945	43.971227	1.254424	0.007695	5.8
463	-0.058827	42.996642	1.273527	0.012143	7.5
464	-0.051620	42.188495	1.289815	0.018087	5.8
465	-0.064299	43.188495	1.269720	0.013112	6.0
466	-0.048113	42.219635	1.289179	0.012061	6.9
467	-0.044398	41.256837	1.309116	0.017573	5.1
468	-0.053043	40.282063	1.329940	0.012108	6.6
469	-0.045173	39.401975	1.349318	0.013567	4.9
470	-0.059028	38.427200	1.371450	0.014732	5.8
471	-0.058089	39.427200	1.348754	0.009977	6.0
472	-0.059635	40.427071	1.326800	0.016946	7.2
473	-0.069386	41.132609	1.311734	0.011883	8.4
474	-0.047233	40.157909	1.332639	0.026321	5.4
475	-0.055387	39.183126	1.354224	0.007973	5.3
476	-0.062086	40.183126	1.332090	0.006154	7.6
477	-0.057007	40.815023	1.318473	0.014787	6.0
478	-0.058856	39.843232	1.339532	0.015341	6.8
479	-0.056108	38.869228	1.361324	0.015599	4.3
480	-0.046737	39.869228	1.338960	0.012178	21.6
481	-0.049252	40.869228	1.317318	0.016866	13.0
482	-0.050799	39.894454	1.338405	0.009036	7.9
483	-0.041952	38.979615	1.358819	0.013557	5.4
484	-0.063340	39.966150	1.336831	0.020467	11.2
485	-0.062370	40.966149	1.315258	0.013032	7.2
486	-0.040183	41.966149	1.294369	0.014287	8.8
487	-0.057483	42.954423	1.274368	0.018677	6.4
488	-0.051680	41.979705	1.294091	0.012781	13.2
489	-0.056649	41.004922	1.314435	0.010016	5.2
490	-0.050362	40.040875	1.335195	0.024212	10.4
491	-0.054156	41.040875	1.313673	0.018008	10.3
492	-0.067464	41.184695	1.310635	0.026244	6.6
493	-0.066383	42.184695	1.289892	0.017974	4.9
494	-0.057159	41.209912	1.310104	0.012470	5.4
495	-0.060845	40.284474	1.329887	0.013353	10.8
496	-0.060886	39.309705	1.351382	0.009490	3.7
497	-0.057885	38.908500	1.360432	0.006456	5.2
498	-0.054607	38.054407	1.380108	0.014197	7.4
499	-0.051232	37.080325	1.403254	0.020686	5.1
Time spent in resolution 0 (ITK initialization and iterating): 4.121 s.
Stopping condition: Maximum number of iterations has been reached.
Settings of AdaptiveStochasticGradientDescent in resolution 0:
( SP_a 81.501445 )
( SP_A 20.000000 )
( SP_alpha 1.000000 )
( SigmoidMax 1.000000 )
( SigmoidMin -0.974783 )
( SigmoidScale 0.000009 )



=============== start of TransformParameterFile ===============
(Transform "EulerTransform")
(NumberOfParameters 6)
(TransformParameters 0.000505 0.000104 0.002210 -1.174044 -13.319953 7.522202)
(InitialTransformParametersFileName "NoInitialTransform")
(UseBinaryFormatForTransformationParameters "false")
(HowToCombineTransforms "Compose")

// Image specific
(FixedImageDimension 3)
(MovingImageDimension 3)
(FixedInternalImagePixelType "float")
(MovingInternalImagePixelType "float")
(Size 150 150 26)
(Index 0 0 0)
(Spacing 1.6000000238 1.6000000238 3.0000000000)
(Origin -103.3821868896 -94.2127609253 127.2684631348)
(Direction 1.0000000000 0.0000000000 0.0000000000 0.0000000000 1.0000000000 0.0000000000 0.0000000000 0.0000000000 1.0000000000)
(UseDirectionCosines "false")

// EulerTransform specific
(CenterOfRotationPoint 15.8178148866 24.9872408509 164.7684631348)
(ComputeZYX "false")

// ResampleInterpolator specific
(ResampleInterpolator "FinalBSplineInterpolator")
(FinalBSplineInterpolationOrder 3)

// Resampler specific
(Resampler "DefaultResampler")
(DefaultPixelValue 0.000000)
(ResultImageFormat "nii.gz")
(ResultImagePixelType "short")
(CompressResultImage "false")

=============== end of TransformParameterFile ===============

Creating the TransformParameterFile took 0.00s

Registration result checksum: 2978106615

Skipping applying final transform, no resulting output image generated.

Final metric value  = -0.051232
Settings of AdaptiveStochasticGradientDescent for all resolutions:
( SP_a 81.501445 )
( SP_A 20.000000 )
( SP_alpha 1.000000 )
( SigmoidMax 1.000000 )
( SigmoidMin -0.974783 )
( SigmoidScale 0.000009 )

Time spent on saving the results, applying the final transform etc.: 4 ms.
Running elastix with parameter file 0: "/Users/sakinkirti/Programming/Python/CCIPD/racial-disparity-pca/code_matlab/rigid.txt", has finished.


Current time: Mon May 23 08:30:05 2022.
Time used for running elastix with this parameter file:
  4.3s.

-------------------------------------------------------------------------

Total time elapsed: 4.4s.

