
elastix is started at Mon May 23 08:24:51 2022.

which elastix:   /Users/sakinkirti/Programming/Python/CCIPD/racial-disparity-pca/code_matlab/elastix-5.0.0-mac/bin/elastix
elastix runs at: Sakins-MBP.hsd1.ca.comcast.net
  macOS 12.3.1 (x64), 21E258
  with 8192 MB memory, and 2 cores @ 2300 MHz.
-------------------------------------------------------------------------

Running elastix with parameter file 0: "/Users/sakinkirti/Programming/Python/CCIPD/racial-disparity-pca/code_matlab/rigid.txt".

Current time: Mon May 23 08:24:51 2022.
Reading the elastix parameters from file ...

Installing all components.
InstallingComponents was successful.

ELASTIX version: 5.000
Command line options from ElastixBase:
-f        /Users/sakinkirti/Programming/Python/CCIPD/racial-disparity-pca/dataset/to_nifti_cleaned/prostate-001045a/ADC.nii.gz
-m        /Users/sakinkirti/Programming/Python/CCIPD/racial-disparity-pca/dataset/to_nifti_cleaned/prostate-001045a/T2W.nii.gz
-fMask    unspecified, so no fixed mask used
-mMask    unspecified, so no moving mask used
-out      /Users/sakinkirti/Programming/Python/CCIPD/racial-disparity-pca/dataset/to_nifti_cleaned/prostate-001045a/
-p        /Users/sakinkirti/Programming/Python/CCIPD/racial-disparity-pca/code_matlab/rigid.txt
-threads  unspecified, so all available threads are used
Command line options from TransformBase:
-t0       unspecified, so no initial transform used

=============== start of ParameterFile: /Users/sakinkirti/Programming/Python/CCIPD/racial-disparity-pca/code_matlab/rigid.txt ===============
// Example parameter file for rotation registration
// C-style comments: //

// The internal pixel type, used for internal computations
// Leave to float in general. 
// NB: this is not the type of the input images! The pixel 
// type of the input images is automatically read from the 
// images themselves.
// This setting can be changed to "short" to save some memory
// in case of very large 3D images.
(FixedInternalImagePixelType "float")
(MovingInternalImagePixelType "float")

// The dimensions of the fixed and moving image
// Up to elastix 4.5 this had to be specified by the user.
// From elastix 4.6, this is not necessary anymore.
//(FixedImageDimension 3)
//(MovingImageDimension 3)

// Specify whether you want to take into account the so-called
// direction cosines of the images. Recommended: true.
// In some cases, the direction cosines of the image are corrupt,
// due to image format conversions for example. In that case, you 
// may want to set this option to "false".
(UseDirectionCosines "false")

// **************** Main Components **************************

// The following components should usually be left as they are:
(Registration "MultiResolutionRegistration")
(Interpolator "BSplineInterpolator")
(ResampleInterpolator "FinalBSplineInterpolator")
(Resampler "DefaultResampler")

// These may be changed to Fixed/MovingSmoothingImagePyramid.
// See the manual.
(FixedImagePyramid "FixedRecursiveImagePyramid")
(MovingImagePyramid "MovingRecursiveImagePyramid")

// The following components are most important:
// The optimizer AdaptiveStochasticGradientDescent (ASGD) works
// quite ok in general. The Transform and Metric are important
// and need to be chosen careful for each application. See manual.
(Optimizer "AdaptiveStochasticGradientDescent")
(Transform "EulerTransform")
(Metric "AdvancedMattesMutualInformation")

// ***************** Transformation **************************

// Scales the rotations compared to the translations, to make
// sure they are in the same range. In general, it's best to  
// use automatic scales estimation:
(AutomaticScalesEstimation "true")

// Automatically guess an initial translation by aligning the
// geometric centers of the fixed and moving.
(AutomaticTransformInitialization "true")

// Whether transforms are combined by composition or by addition.
// In generally, Compose is the best option in most cases.
// It does not influence the results very much.
(HowToCombineTransforms "Compose")

// ******************* Similarity measure *********************

// Number of grey level bins in each resolution level,
// for the mutual information. 16 or 32 usually works fine.
// You could also employ a hierarchical strategy:
//(NumberOfHistogramBins 16 32 64)
(NumberOfHistogramBins 32)

// If you use a mask, this option is important. 
// If the mask serves as region of interest, set it to false.
// If the mask indicates which pixels are valid, then set it to true.
// If you do not use a mask, the option doesn't matter.
(ErodeMask "false")

// ******************** Multiresolution **********************

// The number of resolutions. 1 Is only enough if the expected
// deformations are small. 3 or 4 mostly works fine. For large
// images and large deformations, 5 or 6 may even be useful.
(NumberOfResolutions 1)

// The downsampling/blurring factors for the image pyramids.
// By default, the images are downsampled by a factor of 2
// compared to the next resolution.
// So, in 2D, with 4 resolutions, the following schedule is used:
//(ImagePyramidSchedule 8 8  4 4  2 2  1 1 )
// And in 3D:
//(ImagePyramidSchedule 8 8 8  4 4 4  2 2 2  1 1 1 )
// You can specify any schedule, for example:
//(ImagePyramidSchedule 4 4  4 3  2 1  1 1 )
// Make sure that the number of elements equals the number
// of resolutions times the image dimension.

// ******************* Optimizer ****************************

// Maximum number of iterations in each resolution level:
// 200-500 works usually fine for rigid registration.
// For more robustness, you may increase this to 1000-2000.
(MaximumNumberOfIterations 500)

// The step size of the optimizer, in mm. By default the voxel size is used.
// which usually works well. In case of unusual high-resolution images
// (eg histology) it is necessary to increase this value a bit, to the size
// of the "smallest visible structure" in the image:
//(MaximumStepLength 1.0)

// **************** Image sampling **********************

// Number of spatial samples used to compute the mutual
// information (and its derivative) in each iteration.
// With an AdaptiveStochasticGradientDescent optimizer,
// in combination with the two options below, around 2000
// samples may already suffice.
(NumberOfSpatialSamples 2000)

// Refresh these spatial samples in every iteration, and select
// them randomly. See the manual for information on other sampling
// strategies.
(NewSamplesEveryIteration "true")
(ImageSampler "Random")

// ************* Interpolation and Resampling ****************

// Order of B-Spline interpolation used during registration/optimisation.
// It may improve accuracy if you set this to 3. Never use 0.
// An order of 1 gives linear interpolation. This is in most 
// applications a good choice.
(BSplineInterpolationOrder 1)

// Order of B-Spline interpolation used for applying the final
// deformation.
// 3 gives good accuracy; recommended in most cases.
// 1 gives worse accuracy (linear interpolation)
// 0 gives worst accuracy, but is appropriate for binary images
// (masks, segmentations); equivalent to nearest neighbor interpolation.
(FinalBSplineInterpolationOrder 3)

//Default pixel value for pixels that come from outside the picture:
(DefaultPixelValue 0)

// Choose whether to generate the deformed moving image.
// You can save some time by setting this to false, if you are
// only interested in the final (nonrigidly) deformed moving image
// for example.
(WriteResultImage "false")

// The pixel type and format of the resulting deformed moving image
(ResultImagePixelType "short")
(ResultImageFormat "nii.gz")




=============== end of ParameterFile: /Users/sakinkirti/Programming/Python/CCIPD/racial-disparity-pca/code_matlab/rigid.txt ===============


Reading images...
Reading images took 110 ms.

WARNING: the fixed pyramid schedule is not fully specified!
  A default pyramid schedule is used.
WARNING: the moving pyramid schedule is not fully specified!
  A default pyramid schedule is used.
WARNING: The parameter "AutomaticTransformInitializationMethod", requested at entry number 0, does not exist at all.
  The default value "GeometricalCenter" is used instead.
Transform parameters are initialized as: [0, 0, 0, -0.000005185604095458984, -0.0000013709068298339844, 0]
Scales are estimated automatically.
Scales for transform parameters are: [6295.3125, 6295.3125, 9590.625, 1, 1, 1]
Initialization of all components (before registration) took: 12 ms.
Preparation of the image pyramids took: 6 ms.

Resolution: 0
WARNING: The parameter "ShowExactMetricValue", requested at entry number 0, does not exist at all.
  The default value "false" is used instead.
WARNING: The parameter "CheckNumberOfSamples", requested at entry number 0, does not exist at all.
  The default value "true" is used instead.
WARNING: The parameter "UseMultiThreadingForMetrics", requested at entry number 0, does not exist at all.
  The default value "true" is used instead.
Setting the fixed masks took: 0 ms.
Setting the moving masks took: 0 ms.
WARNING: The parameter "NumberOfFixedHistogramBins", requested at entry number 0, does not exist at all.
  The default value "32" is used instead.
WARNING: The parameter "NumberOfMovingHistogramBins", requested at entry number 0, does not exist at all.
  The default value "32" is used instead.
WARNING: The parameter "FixedLimitRangeRatio", requested at entry number 0, does not exist at all.
  The default value "0.01" is used instead.
WARNING: The parameter "MovingLimitRangeRatio", requested at entry number 0, does not exist at all.
  The default value "0.01" is used instead.
WARNING: The parameter "FixedKernelBSplineOrder", requested at entry number 0, does not exist at all.
  The default value "0" is used instead.
WARNING: The parameter "MovingKernelBSplineOrder", requested at entry number 0, does not exist at all.
  The default value "3" is used instead.
WARNING: The parameter "UseFastAndLowMemoryVersion", requested at entry number 0, does not exist at all.
  The default value "true" is used instead.
WARNING: The parameter "UseJacobianPreconditioning", requested at entry number 0, does not exist at all.
  The default value "false" is used instead.
WARNING: The parameter "FiniteDifferenceDerivative", requested at entry number 0, does not exist at all.
  The default value "false" is used instead.
WARNING: The parameter "SP_A", requested at entry number 0, does not exist at all.
  The default value "20" is used instead.
WARNING: The parameter "MaximumNumberOfSamplingAttempts", requested at entry number 0, does not exist at all.
  The default value "0" is used instead.
WARNING: The parameter "SigmoidInitialTime", requested at entry number 0, does not exist at all.
  The default value "0" is used instead.
WARNING: The parameter "MaxBandCovSize", requested at entry number 0, does not exist at all.
  The default value "192" is used instead.
WARNING: The parameter "NumberOfBandStructureSamples", requested at entry number 0, does not exist at all.
  The default value "10" is used instead.
WARNING: The parameter "UseAdaptiveStepSizes", requested at entry number 0, does not exist at all.
  The default value "true" is used instead.
WARNING: The parameter "AutomaticParameterEstimation", requested at entry number 0, does not exist at all.
  The default value "true" is used instead.
WARNING: The parameter "UseConstantStep", requested at entry number 0, does not exist at all.
  The default value "false" is used instead.
WARNING: The parameter "MaximumStepLengthRatio", requested at entry number 0, does not exist at all.
  The default value "1" is used instead.
WARNING: The parameter "MaximumStepLength", requested at entry number 0, does not exist at all.
  The default value "1.10714" is used instead.
WARNING: The parameter "NumberOfGradientMeasurements", requested at entry number 0, does not exist at all.
  The default value "0" is used instead.
WARNING: The parameter "NumberOfJacobianMeasurements", requested at entry number 0, does not exist at all.
  The default value "1000" is used instead.
WARNING: The parameter "NumberOfSamplesForExactGradient", requested at entry number 0, does not exist at all.
  The default value "100000" is used instead.
WARNING: The parameter "SigmoidScaleFactor", requested at entry number 0, does not exist at all.
  The default value "0.1" is used instead.
Elastix initialization of all components (for this resolution) took: 2 ms.
  Computing the fixed image extrema took 4 ms.
  Computing the moving image extrema took 9 ms.
Initialization of AdvancedMattesMutualInformation metric took: 103 ms.
Starting automatic parameter estimation for AdaptiveStochasticGradientDescent ...
WARNING: The parameter "ASGDParameterEstimationMethod", requested at entry number 0, does not exist at all.
  The default value "Original" is used instead.
  Computing JacobianTerms ...
  Computing the Jacobian terms took 0.003405s
  NumberOfGradientMeasurements to estimate sigma_i: 6
  Sampling gradients ...
  Sampling the gradients took 0.540413s
Automatic parameter estimation took 0.54s
1:ItNr	2:Metric	3a:Time	3b:StepSize	4:||Gradient||	Time[ms]
0	-0.212972	0.000000	3.117321	0.046412	651.3
1	-0.211702	0.000000	3.117321	0.020096	8.5
2	-0.199998	0.921435	2.986289	0.043201	3.7
3	-0.199379	0.000000	3.117321	0.055370	2.9
4	-0.218967	0.000000	3.117321	0.030361	3.9
5	-0.196867	0.000000	3.117321	0.028687	7.7
6	-0.204967	0.999976	2.975628	0.057295	3.6
7	-0.201216	0.066290	3.107512	0.026427	3.1
8	-0.202373	0.000000	3.117321	0.037262	3.2
9	-0.228032	0.000000	3.117321	0.033740	6.9
10	-0.182980	0.000000	3.117321	0.023289	2.6
11	-0.203808	0.995478	2.976237	0.039208	8.5
12	-0.222708	0.622079	3.027634	0.053862	6.4
13	-0.186696	1.622079	2.893799	0.087113	9.2
14	-0.226157	2.622079	2.771295	0.020262	4.0
15	-0.221888	3.622079	2.658742	0.038236	8.0
16	-0.188057	2.796984	2.750926	0.043614	7.0
17	-0.198345	3.796984	2.639988	0.050766	2.8
18	-0.205144	4.796984	2.537651	0.024613	5.4
19	-0.248922	5.791400	2.443461	0.031247	4.0
20	-0.193922	4.858465	2.531618	0.043024	2.8
21	-0.189003	3.925333	2.626394	0.057486	2.5
22	-0.229985	4.925333	2.525088	0.034791	6.9
23	-0.244780	3.991646	2.619425	0.036060	47.5
24	-0.230487	4.991646	2.518646	0.040803	6.0
25	-0.218639	5.991646	2.425334	0.028694	4.5
26	-0.208656	5.390283	2.480600	0.037140	5.7
27	-0.194524	4.457692	2.571472	0.029904	5.7
28	-0.223416	3.543164	2.667290	0.040142	4.9
29	-0.226958	4.543164	2.562868	0.043186	6.1
30	-0.213759	3.609477	2.660103	0.036215	4.3
31	-0.213252	2.675790	2.765008	0.030610	3.3
32	-0.185610	3.675785	2.652955	0.040417	3.0
33	-0.239271	4.651772	2.552017	0.022012	2.6
34	-0.186918	5.651453	2.456292	0.032124	2.7
35	-0.226562	5.027627	2.515164	0.014073	2.7
36	-0.207921	5.486023	2.471634	0.029153	8.0
37	-0.213737	6.474134	2.382741	0.039017	3.4
38	-0.233609	7.472617	2.299183	0.025314	2.7
39	-0.225580	8.466926	2.221601	0.030970	12.4
40	-0.235056	8.005509	2.256942	0.028263	5.4
41	-0.226601	7.777186	2.274849	0.050220	9.8
42	-0.217168	6.843499	2.351132	0.047251	5.3
43	-0.226525	7.843499	2.269619	0.054136	9.0
44	-0.211991	6.934623	2.343463	0.068896	3.8
45	-0.204976	7.934623	2.262471	0.048214	5.7
46	-0.213614	8.934623	2.186891	0.051254	3.5
47	-0.206691	9.602995	2.139129	0.025273	3.6
48	-0.212422	8.669309	2.206447	0.025533	5.5
49	-0.226402	7.746460	2.277280	0.043466	5.0
50	-0.211720	8.519272	2.217661	0.018435	4.3
51	-0.220408	9.499763	2.146369	0.032636	28.4
52	-0.188115	8.762412	2.199544	0.042469	19.4
53	-0.205317	8.446726	2.223125	0.023010	12.8
54	-0.220854	7.529911	2.294565	0.026963	6.5
55	-0.176300	8.439559	2.223666	0.049585	4.5
56	-0.233882	9.351734	2.156837	0.033866	3.6
57	-0.208491	10.348647	2.088248	0.031463	8.0
58	-0.221075	11.343758	2.023999	0.025929	8.4
59	-0.218318	12.343659	1.963304	0.054872	6.6
60	-0.223789	11.409972	2.019864	0.040046	4.3
61	-0.203444	10.476285	2.079780	0.041148	4.8
62	-0.252075	9.579187	2.140794	0.033148	8.5
63	-0.243144	9.105180	2.174501	0.029793	4.1
64	-0.227380	8.171576	2.244094	0.024982	16.0
65	-0.259649	7.237985	2.318287	0.047900	10.9
66	-0.222485	6.315347	2.396592	0.013143	10.5
67	-0.214878	7.285271	2.314411	0.020793	9.6
68	-0.202046	8.222755	2.240163	0.020246	8.5
69	-0.198983	7.912915	2.264170	0.034864	6.2
70	-0.208302	8.897187	2.189629	0.033714	3.5
71	-0.204824	8.691407	2.204804	0.015867	11.0
72	-0.187731	7.900645	2.265131	0.033130	4.8
73	-0.211588	6.967735	2.340688	0.027125	20.7
74	-0.207605	6.068983	2.418404	0.076740	4.0
75	-0.221864	5.135296	2.504802	0.030383	4.1
76	-0.226746	4.258659	2.591735	0.039720	3.2
77	-0.240682	3.324991	2.691214	0.026845	3.3
78	-0.213294	4.299050	2.587597	0.043165	4.9
79	-0.189521	5.206469	2.498000	0.032180	2.9
80	-0.203733	6.206468	2.406183	0.059371	3.3
81	-0.221856	7.206468	2.320877	0.039076	4.4
82	-0.224308	6.272781	2.400333	0.030198	3.5
83	-0.221609	7.270918	2.315586	0.028041	5.7
84	-0.226847	7.957196	2.260707	0.019312	4.3
85	-0.186912	7.369065	2.307575	0.033733	5.9
86	-0.227248	6.492518	2.381148	0.032605	3.9
87	-0.186029	7.492515	2.297577	0.024387	3.6
88	-0.180316	7.210374	2.320556	0.030874	7.6
89	-0.229812	6.319855	2.396197	0.043106	3.8
90	-0.230216	5.386702	2.480937	0.021641	4.7
91	-0.217536	6.313744	2.396733	0.036158	8.4
92	-0.227008	5.559982	2.464751	0.034637	4.9
93	-0.229632	6.479505	2.382275	0.031850	4.3
94	-0.222253	7.479491	2.298628	0.035991	4.2
95	-0.219393	6.545805	2.376541	0.020038	4.1
96	-0.204918	7.544896	2.293361	0.047733	3.2
97	-0.239943	8.504091	2.218802	0.083010	4.9
98	-0.203813	7.570404	2.291313	0.040937	3.9
99	-0.232929	6.636717	2.368724	0.051756	5.2
100	-0.248015	7.636717	2.286007	0.025388	3.6
101	-0.220163	8.636715	2.208873	0.018911	4.8
102	-0.236446	9.143337	2.171749	0.040357	3.8
103	-0.245624	8.321531	2.232617	0.041055	3.0
104	-0.200519	7.387889	2.306045	0.035690	4.6
105	-0.216524	6.454308	2.384462	0.042278	5.0
106	-0.238669	7.454193	2.300671	0.046765	4.4
107	-0.208636	8.209394	2.241188	0.031365	3.5
108	-0.187793	9.182197	2.168952	0.035395	5.2
109	-0.224664	8.251335	2.237975	0.042579	2.7
110	-0.192458	9.210553	2.166917	0.024603	4.1
111	-0.215996	8.339271	2.231267	0.056782	4.9
112	-0.233264	9.338727	2.157762	0.045481	4.6
113	-0.204148	8.405041	2.226276	0.028875	3.5
114	-0.220997	7.473426	2.299117	0.028933	4.4
115	-0.196940	8.430491	2.224351	0.019520	4.8
116	-0.227357	9.427619	2.151458	0.039868	4.1
117	-0.209871	10.128477	2.103018	0.030443	3.4
118	-0.202285	9.525693	2.144546	0.034310	3.9
119	-0.225498	8.876087	2.191175	0.054093	4.0
120	-0.214366	9.876087	2.120209	0.031652	4.1
121	-0.218354	10.876087	2.053695	0.029942	3.5
122	-0.238481	9.942855	2.115634	0.031568	4.7
123	-0.210028	9.009175	2.181458	0.029142	6.9
124	-0.203303	8.075505	2.251508	0.045697	4.8
125	-0.237341	7.141818	2.326209	0.024614	7.2
126	-0.247726	8.141503	2.246409	0.031619	5.4
127	-0.190232	7.216502	2.320052	0.036595	4.3
128	-0.219456	8.216500	2.240643	0.059199	6.3
129	-0.195556	9.213885	2.166678	0.038165	3.8
130	-0.213131	10.213885	2.097264	0.040739	6.4
131	-0.231400	9.280199	2.161933	0.052442	3.7
132	-0.188364	10.280199	2.092817	0.049910	3.6
133	-0.216858	9.346512	2.157208	0.018538	4.5
134	-0.204569	10.079521	2.106331	0.018909	8.5
135	-0.208100	9.197073	2.167884	0.031614	4.4
136	-0.211042	10.195872	2.098475	0.033980	4.8
137	-0.229565	11.195742	2.033304	0.038688	6.2
138	-0.192695	12.195742	1.972053	0.036442	4.3
139	-0.239111	11.816276	1.994856	0.043731	4.9
140	-0.196044	12.816276	1.935865	0.031003	4.5
141	-0.221598	11.882589	1.990833	0.028236	5.6
142	-0.223535	10.952957	2.048754	0.040878	5.3
143	-0.219441	11.952485	1.986610	0.031079	3.4
144	-0.244808	11.020011	2.044464	0.020874	2.7
145	-0.218731	11.642383	2.005483	0.046921	6.6
146	-0.203396	12.642383	1.945871	0.060897	5.7
147	-0.240232	11.708696	2.001417	0.027928	3.7
148	-0.256802	12.708696	1.942043	0.040568	3.4
149	-0.232465	13.708693	1.886091	0.037564	6.9
150	-0.207632	14.708658	1.833274	0.033797	4.2
151	-0.216649	13.785572	1.881922	0.016163	6.1
152	-0.237797	12.852201	1.933811	0.042907	10.4
153	-0.213498	11.921864	1.988458	0.030053	8.7
154	-0.238141	12.916552	1.930142	0.033681	6.2
155	-0.219715	11.984252	1.984697	0.045033	3.6
156	-0.221399	12.976451	1.926739	0.036342	7.1
157	-0.199131	13.976451	1.871652	0.032345	5.1
158	-0.218849	13.049631	1.922598	0.036564	3.7
159	-0.243019	12.124517	1.976293	0.049886	6.7
160	-0.227327	13.124510	1.918379	0.022975	6.2
161	-0.226961	14.068325	1.866749	0.056520	5.0
162	-0.239339	15.040415	1.816398	0.023713	5.3
163	-0.186525	14.106728	1.864707	0.021202	3.4
164	-0.217652	14.866998	1.825181	0.048276	6.2
165	-0.219565	13.938723	1.873673	0.029110	2.6
166	-0.223476	13.042941	1.922976	0.027673	3.9
167	-0.219524	14.039520	1.868283	0.024262	2.8
168	-0.195413	14.349368	1.851907	0.044703	4.8
169	-0.228463	15.349335	1.800961	0.048636	2.8
170	-0.218937	14.567046	1.840573	0.048664	3.8
171	-0.228803	13.633359	1.890193	0.020154	3.3
172	-0.223625	14.623451	1.837659	0.023943	4.6
173	-0.256925	13.801170	1.881079	0.047256	2.9
174	-0.239018	12.867613	1.932931	0.025168	4.2
175	-0.217330	11.970414	1.985530	0.042237	2.1
176	-0.217022	12.210715	1.971163	0.047083	4.2
177	-0.202696	11.277039	2.028183	0.024849	3.9
178	-0.248811	10.343352	2.088601	0.035845	3.0
179	-0.233938	10.034698	2.109373	0.028546	3.5
180	-0.254703	9.101156	2.174792	0.027905	4.0
181	-0.209732	8.167478	2.244409	0.017537	4.3
182	-0.223804	8.893615	2.189891	0.020709	3.9
183	-0.216021	9.886740	2.119477	0.020741	2.7
184	-0.202938	9.383046	2.154614	0.038940	4.7
185	-0.211055	8.449440	2.222920	0.049980	3.8
186	-0.231583	9.449440	2.149916	0.023137	4.2
187	-0.223146	8.515760	2.217925	0.036841	3.7
188	-0.218192	9.515662	2.145251	0.055619	4.3
189	-0.209000	10.274822	2.093177	0.035906	2.8
190	-0.242784	9.341135	2.157591	0.050654	3.2
191	-0.216338	8.407449	2.226094	0.048218	4.2
192	-0.198753	9.407223	2.152901	0.023473	3.7
193	-0.226081	10.407204	2.084355	0.027826	4.3
194	-0.217254	11.390835	2.021058	0.013951	3.3
195	-0.232566	11.607834	2.007608	0.048923	3.8
196	-0.239041	12.607320	1.947901	0.020952	3.2
197	-0.225901	13.602356	1.891887	0.034725	3.8
198	-0.206998	14.601697	1.838782	0.034686	3.0
199	-0.232957	13.668018	1.888304	0.037082	2.9
200	-0.179133	14.641394	1.836734	0.023663	4.9
201	-0.227776	15.570293	1.790080	0.023791	4.1
202	-0.221316	15.032205	1.816812	0.041983	3.9
203	-0.246218	15.536323	1.791744	0.039800	4.5
204	-0.203344	15.039413	1.816449	0.018294	4.2
205	-0.249777	14.114952	1.864270	0.026920	3.7
206	-0.222816	13.200754	1.914102	0.022194	6.2
207	-0.202999	14.143260	1.862768	0.033275	5.0
208	-0.207783	13.709362	1.886054	0.047585	5.1
209	-0.207264	14.707308	1.833343	0.044328	7.4
210	-0.240506	15.707308	1.783398	0.038289	4.7
211	-0.194789	16.707262	1.736104	0.032736	5.3
212	-0.247976	16.673541	1.737658	0.034975	3.1
213	-0.197822	17.143206	1.716262	0.025330	3.3
214	-0.192463	16.210821	1.759266	0.046072	4.6
215	-0.199979	15.277420	1.804531	0.041972	2.8
216	-0.231279	16.275622	1.756208	0.031193	3.2
217	-0.195084	15.341936	1.801328	0.021365	3.7
218	-0.213738	16.341925	1.753090	0.029728	4.4
219	-0.220323	15.449797	1.795998	0.025756	3.2
220	-0.194647	16.448731	1.748090	0.024686	4.2
221	-0.234599	15.534938	1.791812	0.046510	6.0
222	-0.189751	14.601364	1.838799	0.047433	4.1
223	-0.229611	13.667677	1.888322	0.049155	3.2
224	-0.229038	12.733990	1.940587	0.058539	6.0
225	-0.236687	11.800304	1.995827	0.023129	5.2
226	-0.247764	12.800302	1.936780	0.045129	4.1
227	-0.210861	11.866617	1.991801	0.038074	3.0
228	-0.215278	10.944976	2.049266	0.040066	4.8
229	-0.221738	11.331567	2.024763	0.046786	3.1
230	-0.218834	10.397881	2.084973	0.026942	2.7
231	-0.203484	11.397881	2.020618	0.025407	3.3
232	-0.204870	10.464573	2.080554	0.045775	8.2
233	-0.180198	10.861280	2.054649	0.079075	4.3
234	-0.193849	9.927594	2.116678	0.040410	4.3
235	-0.274500	8.993907	2.182568	0.042215	5.4
236	-0.247054	8.060260	2.252690	0.048263	3.8
237	-0.254525	8.971058	2.184232	0.032492	2.8
238	-0.241541	9.971058	2.113707	0.021542	4.5
239	-0.208024	9.123297	2.173193	0.032586	5.6
240	-0.244957	8.295741	2.234582	0.032314	4.0
241	-0.233060	9.295739	2.160824	0.033731	2.0
242	-0.244740	10.295667	2.091783	0.029799	4.1
243	-0.216501	11.290581	2.027333	0.036198	3.7
244	-0.219379	12.281283	1.966984	0.034091	3.2
245	-0.225751	11.356580	2.023197	0.023076	6.6
246	-0.245972	12.356458	1.962551	0.054162	3.8
247	-0.231142	11.422772	2.019067	0.040352	3.5
248	-0.196825	12.422772	1.958657	0.036787	2.7
249	-0.235241	11.489380	2.014928	0.058225	3.5
250	-0.211904	10.555857	2.074536	0.038608	4.2
251	-0.206899	10.532092	2.076099	0.035151	3.9
252	-0.231472	9.598517	2.139442	0.051356	3.3
253	-0.250673	10.541159	2.075502	0.027357	4.1
254	-0.226593	9.607519	2.138813	0.019189	5.6
255	-0.232581	9.945293	2.115467	0.046247	2.5
256	-0.209273	9.012431	2.181221	0.036724	5.6
257	-0.201834	8.078744	2.251258	0.026982	3.7
258	-0.228456	7.199011	2.321491	0.048571	3.2
259	-0.233508	6.265326	2.400989	0.060845	4.0
260	-0.207669	7.265326	2.316044	0.034859	6.3
261	-0.212405	8.265326	2.236905	0.049293	5.1
262	-0.210341	7.331640	2.310623	0.034301	7.7
263	-0.212506	8.331616	2.231849	0.026680	8.1
264	-0.217628	9.331615	2.158268	0.039172	4.9
265	-0.218308	8.539598	2.216135	0.042115	6.1
266	-0.234809	7.605911	2.288469	0.026225	5.2
267	-0.208104	7.513075	2.295920	0.013053	4.4
268	-0.228732	8.435791	2.223951	0.035664	5.0
269	-0.264213	9.403216	2.153185	0.029311	5.1
270	-0.238965	10.403214	2.084619	0.018493	6.7
271	-0.206465	9.628908	2.137319	0.026553	8.4
272	-0.219922	8.725071	2.202307	0.040377	14.5
273	-0.200799	8.927761	2.187392	0.034254	10.6
274	-0.236955	9.925918	2.116792	0.025577	6.1
275	-0.230823	8.992232	2.182690	0.034574	16.1
276	-0.216475	9.991152	2.112337	0.026557	5.1
277	-0.202543	9.064194	2.177466	0.028670	4.5
278	-0.213774	8.130777	2.247237	0.020721	6.6
279	-0.238101	7.308061	2.312548	0.042198	9.2
280	-0.248405	6.927745	2.344040	0.023210	4.8
281	-0.214581	7.804579	2.272685	0.028901	7.9
282	-0.176981	8.188190	2.242816	0.019643	5.5
283	-0.198590	7.255236	2.316871	0.026786	3.3
284	-0.204037	8.183741	2.243158	0.045602	3.5
285	-0.225154	7.253692	2.316998	0.040489	3.7
286	-0.200601	6.320005	2.396184	0.015782	3.2
287	-0.207631	7.319981	2.311574	0.040201	3.4
288	-0.239890	6.431061	2.386482	0.034890	4.0
289	-0.236749	5.497686	2.470546	0.039314	3.9
290	-0.225086	4.564009	2.560778	0.040340	2.6
291	-0.231328	3.630322	2.657852	0.037340	2.4
292	-0.218513	4.630322	2.554152	0.021976	3.4
293	-0.212959	5.307452	2.488411	0.022915	2.2
294	-0.212625	5.248883	2.493963	0.056250	2.3
295	-0.209249	6.248883	2.402438	0.041060	5.0
296	-0.224025	7.248587	2.317417	0.026881	2.7
297	-0.219795	6.314938	2.396628	0.031969	2.7
298	-0.263841	7.309581	2.312424	0.048603	2.2
299	-0.198686	8.309581	2.233527	0.031661	3.2
300	-0.222190	9.305379	2.160136	0.028003	4.1
301	-0.218198	10.289154	2.092218	0.019316	2.3
302	-0.217075	11.288484	2.027464	0.020639	4.8
303	-0.231410	11.633712	2.006016	0.040548	3.0
304	-0.182710	11.516109	2.013271	0.030340	4.1
305	-0.198295	10.601272	2.071554	0.041400	2.4
306	-0.209092	11.601272	2.008012	0.041485	2.5
307	-0.210311	10.670385	2.067034	0.053305	2.3
308	-0.198289	9.737240	2.129786	0.041994	5.7
309	-0.184591	10.737240	2.062679	0.027909	3.5
310	-0.197954	9.803557	2.125201	0.021884	3.5
311	-0.244237	9.821406	2.123970	0.012800	3.6
312	-0.201451	8.941043	2.186422	0.051287	4.9
313	-0.205171	9.936006	2.116102	0.035497	2.8
314	-0.210152	10.936006	2.049841	0.054466	3.9
315	-0.227938	11.783519	1.996849	0.023129	4.8
316	-0.224452	10.849835	2.055387	0.030901	3.7
317	-0.216723	9.916444	2.117441	0.043465	4.0
318	-0.213025	10.916335	2.051105	0.041583	3.3
319	-0.200498	11.916335	1.988792	0.027265	6.3
320	-0.215121	12.916280	1.930157	0.027768	4.2
321	-0.217029	13.753124	1.883679	0.038085	2.4
322	-0.223747	14.210802	1.859195	0.025988	5.4
323	-0.215673	15.210768	1.807853	0.041257	3.5
324	-0.280714	14.277081	1.855702	0.066373	3.2
325	-0.227716	15.277081	1.804548	0.021988	2.5
326	-0.224736	14.346429	1.852061	0.049826	5.1
327	-0.235333	15.326663	1.802085	0.041163	3.9
328	-0.219406	16.283070	1.755857	0.035902	2.0
329	-0.249137	17.283069	1.709992	0.029179	5.5
330	-0.211565	18.283061	1.666462	0.048932	3.4
331	-0.212918	17.759475	1.688974	0.024833	3.8
332	-0.227284	16.825792	1.730664	0.026596	2.0
333	-0.234719	15.895770	1.774289	0.029105	3.3
334	-0.216768	16.895522	1.727480	0.035920	3.2
335	-0.253062	15.962962	1.771063	0.037834	5.4
336	-0.209732	15.029276	1.816960	0.041148	3.1
337	-0.243831	16.029247	1.767893	0.042231	4.1
338	-0.230800	16.326758	1.753802	0.036534	3.8
339	-0.188338	17.326744	1.708044	0.028538	4.3
340	-0.200534	16.393242	1.750684	0.029902	2.9
341	-0.232948	15.460381	1.795476	0.015830	3.3
342	-0.251455	16.129602	1.763115	0.047060	4.1
343	-0.238523	15.242072	1.806291	0.067308	5.1
344	-0.237478	16.186337	1.760425	0.044420	2.7
345	-0.238804	15.252650	1.805764	0.042384	4.8
346	-0.213308	16.149140	1.762187	0.031123	3.4
347	-0.201526	17.107982	1.717849	0.038638	5.1
348	-0.210773	16.174295	1.760995	0.019546	2.3
349	-0.256284	16.955799	1.724736	0.039370	3.4
350	-0.231065	16.344392	1.752974	0.028824	4.3
351	-0.198052	17.343972	1.707276	0.023100	5.9
352	-0.223396	18.335643	1.664235	0.052747	1.9
353	-0.217410	19.335640	1.622975	0.035536	3.4
354	-0.228903	18.401953	1.661434	0.025822	4.2
355	-0.237268	17.661386	1.693259	0.052062	5.3
356	-0.239071	18.661321	1.650569	0.034208	3.0
357	-0.226435	19.661321	1.609976	0.025961	4.0
358	-0.221034	18.876582	1.641659	0.022823	4.8
359	-0.211811	18.885307	1.641300	0.049176	4.1
360	-0.231423	19.885300	1.601156	0.038051	3.3
361	-0.201436	18.951822	1.638567	0.026640	3.9
362	-0.223464	18.053710	1.676249	0.035684	5.4
363	-0.236679	19.053652	1.634401	0.069428	2.8
364	-0.207124	20.053652	1.594590	0.066672	3.4
365	-0.225699	19.119965	1.631700	0.028479	2.7
366	-0.214949	18.186279	1.670578	0.028684	4.7
367	-0.227689	17.256411	1.711184	0.021044	3.9
368	-0.224869	16.324896	1.753890	0.022409	3.4
369	-0.241888	16.947799	1.725100	0.046563	2.3
370	-0.219257	17.945654	1.680900	0.026791	6.8
371	-0.230901	17.298934	1.709284	0.028272	5.0
372	-0.217414	17.086280	1.718828	0.026283	2.8
373	-0.201111	18.078575	1.675183	0.023982	2.3
374	-0.226905	19.041931	1.634880	0.024994	5.3
375	-0.197801	19.646618	1.610558	0.031197	3.5
376	-0.209486	20.646302	1.571898	0.049019	3.4
377	-0.216278	21.646302	1.535039	0.028520	2.3
378	-0.198945	22.614378	1.500967	0.061916	5.3
379	-0.216170	21.680691	1.533802	0.023832	3.4
380	-0.215308	22.679778	1.498720	0.030826	2.1
381	-0.218689	21.793927	1.529744	0.024146	3.4
382	-0.205525	22.793893	1.494815	0.037073	2.6
383	-0.223256	21.861914	1.527317	0.032470	6.6
384	-0.198110	22.861914	1.492496	0.029705	3.3
385	-0.190324	23.860822	1.459263	0.019076	4.3
386	-0.230153	22.940212	1.489837	0.043371	7.7
387	-0.198004	22.006525	1.522182	0.032581	3.1
388	-0.201317	21.072863	1.555961	0.026039	4.6
389	-0.235203	22.072822	1.519839	0.034377	8.3
390	-0.209648	23.072822	1.485354	0.054963	7.3
391	-0.241819	24.072822	1.452400	0.032022	6.4
392	-0.223666	23.139135	1.483123	0.031175	8.0
393	-0.207890	24.132528	1.450478	0.031077	3.3
394	-0.205606	24.662370	1.433648	0.046550	4.9
395	-0.252406	23.728707	1.463573	0.049090	3.1
396	-0.253334	24.728707	1.431568	0.059414	3.7
397	-0.218287	25.728707	1.400932	0.015926	3.6
398	-0.198694	26.353053	1.382461	0.040733	2.6
399	-0.238391	27.308201	1.355127	0.047602	2.2
400	-0.176139	26.478335	1.378813	0.037094	2.7
401	-0.204229	27.098736	1.361028	0.051408	2.7
402	-0.246667	26.360869	1.382233	0.042409	2.7
403	-0.234007	25.427182	1.410031	0.035816	2.2
404	-0.216712	24.500670	1.438742	0.041340	2.9
405	-0.211456	23.568278	1.468842	0.029144	2.6
406	-0.238145	22.634595	1.500272	0.026262	2.4
407	-0.239083	23.041026	1.486426	0.030748	2.4
408	-0.259516	24.040922	1.453428	0.041229	2.4
409	-0.194038	24.332172	1.444090	0.042100	2.4
410	-0.270977	25.327655	1.413060	0.037552	2.3
411	-0.225375	24.399071	1.441962	0.031019	2.4
412	-0.212940	23.465424	1.472239	0.034262	2.3
413	-0.238786	22.566675	1.502611	0.021362	2.2
414	-0.238900	21.633001	1.535518	0.029938	2.4
415	-0.225731	20.908432	1.562066	0.046032	2.3
416	-0.210274	19.975235	1.597642	0.032895	2.6
417	-0.234838	20.975233	1.559580	0.030064	3.5
418	-0.218042	21.920211	1.525243	0.021634	4.5
419	-0.226807	21.191928	1.551570	0.038442	3.8
420	-0.233243	21.574683	1.537621	0.043306	4.1
421	-0.208205	22.574683	1.502334	0.025390	3.4
422	-0.238266	23.574654	1.468632	0.043580	3.1
423	-0.244872	24.574646	1.436407	0.032178	2.4
424	-0.253131	25.574646	1.405566	0.025261	2.3
425	-0.217416	26.533314	1.377218	0.035594	3.4
426	-0.213652	25.604333	1.404671	0.050692	3.3
427	-0.220142	25.188631	1.417313	0.028388	2.9
428	-0.238421	26.181320	1.387493	0.025438	2.2
429	-0.218570	25.554722	1.406168	0.041995	2.3
430	-0.229071	24.641616	1.434299	0.037510	2.3
431	-0.219467	25.641616	1.403548	0.028424	2.2
432	-0.233644	26.640091	1.374131	0.050986	2.3
433	-0.242040	27.637601	1.345949	0.054333	2.6
434	-0.235309	26.703915	1.372293	0.012778	2.3
435	-0.220677	27.244064	1.356929	0.014337	2.2
436	-0.228616	26.405635	1.380928	0.035956	2.6
437	-0.184049	25.606027	1.404620	0.031734	2.4
438	-0.239553	24.672341	1.433335	0.028008	2.2
439	-0.230574	23.867856	1.459034	0.028518	2.1
440	-0.240661	23.096983	1.484540	0.030450	2.4
441	-0.223927	24.096967	1.451622	0.029665	2.0
442	-0.227668	23.163285	1.482312	0.023798	2.2
443	-0.223856	23.952201	1.456297	0.036724	2.3
444	-0.225495	24.952197	1.424605	0.027162	2.2
445	-0.225894	25.952193	1.394264	0.021664	2.3
446	-0.224641	25.020076	1.422504	0.042587	2.4
447	-0.205988	25.079578	1.420667	0.047084	2.3
448	-0.230532	24.145891	1.450049	0.040112	2.2
449	-0.227318	25.145228	1.418646	0.047109	2.2
450	-0.234626	26.144787	1.388568	0.028175	2.2
451	-0.218433	27.143081	1.359775	0.020823	3.7
452	-0.228544	27.222391	1.357538	0.039970	7.7
453	-0.252109	27.910764	1.338432	0.026923	3.2
454	-0.224670	28.910753	1.311616	0.037150	3.6
455	-0.238027	27.984993	1.336404	0.031664	3.7
456	-0.212614	27.326088	1.354625	0.040758	3.9
457	-0.192678	26.392934	1.381298	0.039643	2.5
458	-0.253025	25.459394	1.409053	0.057906	3.0
459	-0.232133	26.459381	1.379364	0.051480	2.4
460	-0.222794	25.525694	1.407045	0.036459	2.8
461	-0.216497	24.592708	1.435838	0.037254	2.9
462	-0.224935	25.588312	1.405154	0.029446	5.0
463	-0.227946	24.861195	1.427432	0.041236	2.7
464	-0.243007	25.827037	1.397990	0.029221	3.8
465	-0.247621	24.902014	1.426163	0.035621	3.7
466	-0.217344	23.968328	1.455775	0.028378	3.7
467	-0.201539	24.637914	1.434416	0.031930	5.0
468	-0.204251	23.908097	1.457727	0.036976	3.7
469	-0.228717	24.908096	1.425974	0.023441	3.2
470	-0.223455	25.908086	1.395575	0.050808	3.6
471	-0.226071	24.974399	1.423917	0.060142	3.8
472	-0.239073	24.042875	1.453365	0.022079	3.4
473	-0.239774	23.109195	1.484129	0.020145	2.7
474	-0.239988	23.583913	1.468327	0.031663	3.7
475	-0.240028	24.557806	1.436938	0.008527	3.6
476	-0.236168	24.671417	1.433364	0.037170	3.3
477	-0.200819	23.802369	1.461167	0.019915	2.7
478	-0.226987	23.309459	1.477421	0.023845	2.5
479	-0.237098	22.433082	1.507232	0.042706	3.7
480	-0.206437	21.520942	1.539565	0.045180	3.5
481	-0.210183	22.520942	1.504190	0.032949	4.1
482	-0.236921	21.587256	1.537168	0.047679	3.7
483	-0.239939	22.586612	1.501923	0.042298	4.6
484	-0.228705	23.586612	1.468238	0.039563	5.5
485	-0.237440	24.586505	1.436033	0.041491	5.3
486	-0.259388	23.652818	1.466061	0.032847	7.9
487	-0.207814	24.652818	1.433948	0.023793	4.5
488	-0.254378	25.647005	1.403386	0.037662	3.5
489	-0.227793	24.713322	1.432050	0.033678	4.7
490	-0.236287	24.037136	1.453550	0.029824	4.5
491	-0.216349	23.393002	1.474641	0.037427	6.1
492	-0.240266	24.365840	1.443018	0.031278	4.2
493	-0.279397	23.432234	1.473339	0.047555	3.4
494	-0.219889	24.432234	1.440910	0.051426	3.3
495	-0.249337	23.498548	1.471143	0.026744	2.5
496	-0.219444	22.564861	1.502673	0.041220	4.1
497	-0.209750	23.564861	1.468954	0.033214	3.4
498	-0.194351	22.631174	1.500389	0.029002	2.9
499	-0.216023	23.630860	1.466782	0.057979	2.7
Time spent in resolution 0 (ITK initialization and iterating): 3.169 s.
Stopping condition: Maximum number of iterations has been reached.
Settings of AdaptiveStochasticGradientDescent in resolution 0:
( SP_a 65.463747 )
( SP_A 20.000000 )
( SP_alpha 1.000000 )
( SigmoidMax 1.000000 )
( SigmoidMin -0.933687 )
( SigmoidScale 0.000048 )



=============== start of TransformParameterFile ===============
(Transform "EulerTransform")
(NumberOfParameters 6)
(TransformParameters 0.002099 0.006485 -0.006102 0.471540 0.298428 2.082825)
(InitialTransformParametersFileName "NoInitialTransform")
(UseBinaryFormatForTransformationParameters "false")
(HowToCombineTransforms "Compose")

// Image specific
(FixedImageDimension 3)
(MovingImageDimension 3)
(FixedInternalImagePixelType "float")
(MovingInternalImagePixelType "float")
(Size 160 160 45)
(Index 0 0 0)
(Spacing 1.5000000000 1.5000000000 3.0000000000)
(Origin -96.5045547485 -96.8152236938 105.5971755981)
(Direction 1.0000000000 0.0000000000 -0.0000000000 0.0000000000 1.0000000000 0.0000000000 0.0000000000 -0.0000000000 1.0000000000)
(UseDirectionCosines "false")

// EulerTransform specific
(CenterOfRotationPoint 22.7454452515 22.4347763062 171.5971755981)
(ComputeZYX "false")

// ResampleInterpolator specific
(ResampleInterpolator "FinalBSplineInterpolator")
(FinalBSplineInterpolationOrder 3)

// Resampler specific
(Resampler "DefaultResampler")
(DefaultPixelValue 0.000000)
(ResultImageFormat "nii.gz")
(ResultImagePixelType "short")
(CompressResultImage "false")

=============== end of TransformParameterFile ===============

Creating the TransformParameterFile took 0.00s

Registration result checksum: 4179737693

Skipping applying final transform, no resulting output image generated.

Final metric value  = -0.216023
Settings of AdaptiveStochasticGradientDescent for all resolutions:
( SP_a 65.463747 )
( SP_A 20.000000 )
( SP_alpha 1.000000 )
( SigmoidMax 1.000000 )
( SigmoidMin -0.933687 )
( SigmoidScale 0.000048 )

Time spent on saving the results, applying the final transform etc.: 4 ms.
Running elastix with parameter file 0: "/Users/sakinkirti/Programming/Python/CCIPD/racial-disparity-pca/code_matlab/rigid.txt", has finished.


Current time: Mon May 23 08:24:55 2022.
Time used for running elastix with this parameter file:
  3.3s.

-------------------------------------------------------------------------

Total time elapsed: 3.4s.

