
elastix is started at Mon May 23 08:26:53 2022.

which elastix:   /Users/sakinkirti/Programming/Python/CCIPD/racial-disparity-pca/code_matlab/elastix-5.0.0-mac/bin/elastix
elastix runs at: Sakins-MBP.hsd1.ca.comcast.net
  macOS 12.3.1 (x64), 21E258
  with 8192 MB memory, and 2 cores @ 2300 MHz.
-------------------------------------------------------------------------

Running elastix with parameter file 0: "/Users/sakinkirti/Programming/Python/CCIPD/racial-disparity-pca/code_matlab/rigid.txt".

Current time: Mon May 23 08:26:53 2022.
Reading the elastix parameters from file ...

Installing all components.
InstallingComponents was successful.

ELASTIX version: 5.000
Command line options from ElastixBase:
-f        /Users/sakinkirti/Programming/Python/CCIPD/racial-disparity-pca/dataset/to_nifti_cleaned/prostate-001078/ADC.nii.gz
-m        /Users/sakinkirti/Programming/Python/CCIPD/racial-disparity-pca/dataset/to_nifti_cleaned/prostate-001078/T2W.nii.gz
-fMask    unspecified, so no fixed mask used
-mMask    unspecified, so no moving mask used
-out      /Users/sakinkirti/Programming/Python/CCIPD/racial-disparity-pca/dataset/to_nifti_cleaned/prostate-001078/
-p        /Users/sakinkirti/Programming/Python/CCIPD/racial-disparity-pca/code_matlab/rigid.txt
-threads  unspecified, so all available threads are used
Command line options from TransformBase:
-t0       unspecified, so no initial transform used

=============== start of ParameterFile: /Users/sakinkirti/Programming/Python/CCIPD/racial-disparity-pca/code_matlab/rigid.txt ===============
// Example parameter file for rotation registration
// C-style comments: //

// The internal pixel type, used for internal computations
// Leave to float in general. 
// NB: this is not the type of the input images! The pixel 
// type of the input images is automatically read from the 
// images themselves.
// This setting can be changed to "short" to save some memory
// in case of very large 3D images.
(FixedInternalImagePixelType "float")
(MovingInternalImagePixelType "float")

// The dimensions of the fixed and moving image
// Up to elastix 4.5 this had to be specified by the user.
// From elastix 4.6, this is not necessary anymore.
//(FixedImageDimension 3)
//(MovingImageDimension 3)

// Specify whether you want to take into account the so-called
// direction cosines of the images. Recommended: true.
// In some cases, the direction cosines of the image are corrupt,
// due to image format conversions for example. In that case, you 
// may want to set this option to "false".
(UseDirectionCosines "false")

// **************** Main Components **************************

// The following components should usually be left as they are:
(Registration "MultiResolutionRegistration")
(Interpolator "BSplineInterpolator")
(ResampleInterpolator "FinalBSplineInterpolator")
(Resampler "DefaultResampler")

// These may be changed to Fixed/MovingSmoothingImagePyramid.
// See the manual.
(FixedImagePyramid "FixedRecursiveImagePyramid")
(MovingImagePyramid "MovingRecursiveImagePyramid")

// The following components are most important:
// The optimizer AdaptiveStochasticGradientDescent (ASGD) works
// quite ok in general. The Transform and Metric are important
// and need to be chosen careful for each application. See manual.
(Optimizer "AdaptiveStochasticGradientDescent")
(Transform "EulerTransform")
(Metric "AdvancedMattesMutualInformation")

// ***************** Transformation **************************

// Scales the rotations compared to the translations, to make
// sure they are in the same range. In general, it's best to  
// use automatic scales estimation:
(AutomaticScalesEstimation "true")

// Automatically guess an initial translation by aligning the
// geometric centers of the fixed and moving.
(AutomaticTransformInitialization "true")

// Whether transforms are combined by composition or by addition.
// In generally, Compose is the best option in most cases.
// It does not influence the results very much.
(HowToCombineTransforms "Compose")

// ******************* Similarity measure *********************

// Number of grey level bins in each resolution level,
// for the mutual information. 16 or 32 usually works fine.
// You could also employ a hierarchical strategy:
//(NumberOfHistogramBins 16 32 64)
(NumberOfHistogramBins 32)

// If you use a mask, this option is important. 
// If the mask serves as region of interest, set it to false.
// If the mask indicates which pixels are valid, then set it to true.
// If you do not use a mask, the option doesn't matter.
(ErodeMask "false")

// ******************** Multiresolution **********************

// The number of resolutions. 1 Is only enough if the expected
// deformations are small. 3 or 4 mostly works fine. For large
// images and large deformations, 5 or 6 may even be useful.
(NumberOfResolutions 1)

// The downsampling/blurring factors for the image pyramids.
// By default, the images are downsampled by a factor of 2
// compared to the next resolution.
// So, in 2D, with 4 resolutions, the following schedule is used:
//(ImagePyramidSchedule 8 8  4 4  2 2  1 1 )
// And in 3D:
//(ImagePyramidSchedule 8 8 8  4 4 4  2 2 2  1 1 1 )
// You can specify any schedule, for example:
//(ImagePyramidSchedule 4 4  4 3  2 1  1 1 )
// Make sure that the number of elements equals the number
// of resolutions times the image dimension.

// ******************* Optimizer ****************************

// Maximum number of iterations in each resolution level:
// 200-500 works usually fine for rigid registration.
// For more robustness, you may increase this to 1000-2000.
(MaximumNumberOfIterations 500)

// The step size of the optimizer, in mm. By default the voxel size is used.
// which usually works well. In case of unusual high-resolution images
// (eg histology) it is necessary to increase this value a bit, to the size
// of the "smallest visible structure" in the image:
//(MaximumStepLength 1.0)

// **************** Image sampling **********************

// Number of spatial samples used to compute the mutual
// information (and its derivative) in each iteration.
// With an AdaptiveStochasticGradientDescent optimizer,
// in combination with the two options below, around 2000
// samples may already suffice.
(NumberOfSpatialSamples 2000)

// Refresh these spatial samples in every iteration, and select
// them randomly. See the manual for information on other sampling
// strategies.
(NewSamplesEveryIteration "true")
(ImageSampler "Random")

// ************* Interpolation and Resampling ****************

// Order of B-Spline interpolation used during registration/optimisation.
// It may improve accuracy if you set this to 3. Never use 0.
// An order of 1 gives linear interpolation. This is in most 
// applications a good choice.
(BSplineInterpolationOrder 1)

// Order of B-Spline interpolation used for applying the final
// deformation.
// 3 gives good accuracy; recommended in most cases.
// 1 gives worse accuracy (linear interpolation)
// 0 gives worst accuracy, but is appropriate for binary images
// (masks, segmentations); equivalent to nearest neighbor interpolation.
(FinalBSplineInterpolationOrder 3)

//Default pixel value for pixels that come from outside the picture:
(DefaultPixelValue 0)

// Choose whether to generate the deformed moving image.
// You can save some time by setting this to false, if you are
// only interested in the final (nonrigidly) deformed moving image
// for example.
(WriteResultImage "false")

// The pixel type and format of the resulting deformed moving image
(ResultImagePixelType "short")
(ResultImageFormat "nii.gz")




=============== end of ParameterFile: /Users/sakinkirti/Programming/Python/CCIPD/racial-disparity-pca/code_matlab/rigid.txt ===============


Reading images...
Reading images took 76 ms.

WARNING: the fixed pyramid schedule is not fully specified!
  A default pyramid schedule is used.
WARNING: the moving pyramid schedule is not fully specified!
  A default pyramid schedule is used.
WARNING: The parameter "AutomaticTransformInitializationMethod", requested at entry number 0, does not exist at all.
  The default value "GeometricalCenter" is used instead.
Transform parameters are initialized as: [0, 0, 0, -4.3582000732421875, -6.901123046875, 3.9526443481445312]
Scales are estimated automatically.
Scales for transform parameters are: [5374.44140625, 5374.44140625, 9592.3828125, 1, 1, 1]
Initialization of all components (before registration) took: 7 ms.
Preparation of the image pyramids took: 7 ms.

Resolution: 0
WARNING: The parameter "ShowExactMetricValue", requested at entry number 0, does not exist at all.
  The default value "false" is used instead.
WARNING: The parameter "CheckNumberOfSamples", requested at entry number 0, does not exist at all.
  The default value "true" is used instead.
WARNING: The parameter "UseMultiThreadingForMetrics", requested at entry number 0, does not exist at all.
  The default value "true" is used instead.
Setting the fixed masks took: 0 ms.
Setting the moving masks took: 0 ms.
WARNING: The parameter "NumberOfFixedHistogramBins", requested at entry number 0, does not exist at all.
  The default value "32" is used instead.
WARNING: The parameter "NumberOfMovingHistogramBins", requested at entry number 0, does not exist at all.
  The default value "32" is used instead.
WARNING: The parameter "FixedLimitRangeRatio", requested at entry number 0, does not exist at all.
  The default value "0.01" is used instead.
WARNING: The parameter "MovingLimitRangeRatio", requested at entry number 0, does not exist at all.
  The default value "0.01" is used instead.
WARNING: The parameter "FixedKernelBSplineOrder", requested at entry number 0, does not exist at all.
  The default value "0" is used instead.
WARNING: The parameter "MovingKernelBSplineOrder", requested at entry number 0, does not exist at all.
  The default value "3" is used instead.
WARNING: The parameter "UseFastAndLowMemoryVersion", requested at entry number 0, does not exist at all.
  The default value "true" is used instead.
WARNING: The parameter "UseJacobianPreconditioning", requested at entry number 0, does not exist at all.
  The default value "false" is used instead.
WARNING: The parameter "FiniteDifferenceDerivative", requested at entry number 0, does not exist at all.
  The default value "false" is used instead.
WARNING: The parameter "SP_A", requested at entry number 0, does not exist at all.
  The default value "20" is used instead.
WARNING: The parameter "MaximumNumberOfSamplingAttempts", requested at entry number 0, does not exist at all.
  The default value "0" is used instead.
WARNING: The parameter "SigmoidInitialTime", requested at entry number 0, does not exist at all.
  The default value "0" is used instead.
WARNING: The parameter "MaxBandCovSize", requested at entry number 0, does not exist at all.
  The default value "192" is used instead.
WARNING: The parameter "NumberOfBandStructureSamples", requested at entry number 0, does not exist at all.
  The default value "10" is used instead.
WARNING: The parameter "UseAdaptiveStepSizes", requested at entry number 0, does not exist at all.
  The default value "true" is used instead.
WARNING: The parameter "AutomaticParameterEstimation", requested at entry number 0, does not exist at all.
  The default value "true" is used instead.
WARNING: The parameter "UseConstantStep", requested at entry number 0, does not exist at all.
  The default value "false" is used instead.
WARNING: The parameter "MaximumStepLengthRatio", requested at entry number 0, does not exist at all.
  The default value "1" is used instead.
WARNING: The parameter "MaximumStepLength", requested at entry number 0, does not exist at all.
  The default value "1.32812" is used instead.
WARNING: The parameter "NumberOfGradientMeasurements", requested at entry number 0, does not exist at all.
  The default value "0" is used instead.
WARNING: The parameter "NumberOfJacobianMeasurements", requested at entry number 0, does not exist at all.
  The default value "1000" is used instead.
WARNING: The parameter "NumberOfSamplesForExactGradient", requested at entry number 0, does not exist at all.
  The default value "100000" is used instead.
WARNING: The parameter "SigmoidScaleFactor", requested at entry number 0, does not exist at all.
  The default value "0.1" is used instead.
Elastix initialization of all components (for this resolution) took: 2 ms.
  Computing the fixed image extrema took 1 ms.
  Computing the moving image extrema took 7 ms.
Initialization of AdvancedMattesMutualInformation metric took: 112 ms.
Starting automatic parameter estimation for AdaptiveStochasticGradientDescent ...
WARNING: The parameter "ASGDParameterEstimationMethod", requested at entry number 0, does not exist at all.
  The default value "Original" is used instead.
  Computing JacobianTerms ...
  Computing the Jacobian terms took 0.003235s
  NumberOfGradientMeasurements to estimate sigma_i: 6
  Sampling gradients ...
  Sampling the gradients took 0.335546s
Automatic parameter estimation took 0.34s
1:ItNr	2:Metric	3a:Time	3b:StepSize	4:||Gradient||	Time[ms]
0	-0.063256	0.000000	13.759375	0.017610	454.8
1	-0.057136	0.000000	13.759375	0.014457	6.4
2	-0.056429	0.000000	13.759375	0.014499	3.8
3	-0.054665	1.000000	13.133949	0.008229	2.3
4	-0.047515	0.124618	13.678206	0.010739	2.4
5	-0.053689	0.689373	13.322048	0.013640	7.1
6	-0.053214	1.688417	12.735436	0.015033	2.8
7	-0.051924	0.809416	13.248722	0.012501	3.2
8	-0.061891	0.000000	13.759375	0.012378	4.4
9	-0.059676	1.000000	13.133949	0.011271	9.0
10	-0.055462	0.764415	13.276115	0.003244	3.6
11	-0.064281	0.426719	13.485354	0.006667	3.2
12	-0.050645	0.412560	13.494271	0.016148	4.4
13	-0.049848	0.000000	13.759375	0.009437	2.9
14	-0.057976	0.999924	13.133994	0.010664	4.1
15	-0.054039	0.121353	13.680320	0.013188	4.4
16	-0.059652	0.000000	13.759375	0.011235	4.1
17	-0.069638	0.997424	13.135487	0.028750	2.9
18	-0.054187	0.118417	13.682222	0.017939	4.5
19	-0.063007	1.118417	13.063633	0.006760	2.9
20	-0.060835	2.118092	12.498734	0.014740	3.5
21	-0.064284	3.114248	11.982413	0.011594	3.5
22	-0.059188	2.235831	12.435401	0.012426	6.0
23	-0.071041	1.511935	12.835275	0.008630	2.5
24	-0.055500	0.632983	13.356775	0.018889	2.4
25	-0.060092	0.000000	13.759375	0.013168	4.8
26	-0.059267	1.000000	13.133949	0.022685	5.0
27	-0.057380	2.000000	12.562908	0.013438	2.7
28	-0.062802	1.120993	13.062112	0.010235	3.4
29	-0.056404	0.262413	13.589562	0.006922	4.3
30	-0.053919	0.000000	13.759375	0.018763	4.8
31	-0.060055	0.942705	13.168244	0.016239	3.1
32	-0.057293	1.942704	12.594282	0.011462	4.3
33	-0.052733	1.063697	13.096032	0.013880	3.6
34	-0.060048	2.061745	12.529272	0.010004	4.2
35	-0.053420	1.182738	13.025754	0.016497	3.4
36	-0.059099	0.303755	13.563190	0.020590	3.0
37	-0.063083	0.000000	13.759375	0.012238	5.0
38	-0.053398	0.000000	13.759375	0.016451	4.0
39	-0.065767	1.000000	13.133949	0.013193	4.7
40	-0.053920	1.982883	12.572264	0.017265	6.8
41	-0.063931	2.982883	12.048046	0.011772	4.4
42	-0.051030	3.982883	11.565794	0.019133	3.3
43	-0.075205	4.953442	11.133278	0.010224	4.0
44	-0.062153	4.074435	11.523565	0.016021	4.6
45	-0.067854	3.201636	11.939146	0.015805	3.9
46	-0.056749	2.322629	12.389121	0.010897	3.8
47	-0.052423	1.443628	12.874339	0.009335	4.2
48	-0.064844	0.588755	13.384138	0.009385	4.3
49	-0.060272	1.586785	12.792740	0.013594	4.6
50	-0.059428	0.707869	13.310698	0.015434	3.8
51	-0.058066	1.707860	12.724532	0.011778	4.9
52	-0.061642	2.707859	12.187810	0.012541	4.0
53	-0.060423	1.834611	12.653900	0.007309	4.2
54	-0.068894	2.833048	12.123790	0.016360	3.7
55	-0.073803	3.827663	11.638102	0.016219	5.1
56	-0.061180	4.561737	11.303883	0.014498	4.1
57	-0.056021	5.554023	10.881473	0.008933	2.7
58	-0.058616	6.510531	10.503137	0.009692	5.2
59	-0.061594	5.669133	10.834506	0.013195	5.1
60	-0.071961	4.790126	11.203779	0.015433	5.3
61	-0.064794	5.790126	10.785574	0.019735	4.8
62	-0.061905	5.193312	11.031323	0.013697	5.5
63	-0.063320	6.193312	10.625660	0.018411	2.9
64	-0.064732	5.314305	10.980601	0.013707	3.4
65	-0.061338	6.314298	10.578595	0.020015	5.5
66	-0.074023	7.314298	10.204981	0.018950	4.6
67	-0.060867	6.435291	10.531942	0.017218	3.8
68	-0.064691	7.431269	10.162996	0.011283	3.9
69	-0.066066	8.412808	9.823845	0.016410	6.4
70	-0.067945	7.538068	10.124963	0.020482	2.3
71	-0.059435	8.538068	9.782186	0.015024	3.8
72	-0.058655	9.538068	9.461859	0.008257	9.6
73	-0.062274	8.659075	9.742276	0.013045	2.5
74	-0.065665	7.780096	10.039817	0.012937	4.2
75	-0.060194	6.901090	10.356115	0.017851	8.9
76	-0.057732	6.022398	10.692866	0.012540	2.5
77	-0.067001	7.022398	10.311283	0.017344	4.4
78	-0.069169	7.145591	10.266151	0.013582	7.8
79	-0.069685	6.266584	10.597106	0.014197	2.7
80	-0.058656	5.387895	10.949979	0.020588	3.9
81	-0.057815	6.252973	10.602398	0.011196	4.4
82	-0.064558	5.374537	10.955524	0.012660	4.8
83	-0.069663	4.538584	11.314131	0.016226	3.8
84	-0.062255	3.659580	11.717429	0.015267	4.4
85	-0.070764	4.659580	11.260780	0.015837	8.3
86	-0.071099	5.658740	10.838730	0.019556	13.3
87	-0.072436	6.658740	10.446856	0.023090	4.8
88	-0.070690	5.779733	10.789760	0.016716	12.3
89	-0.070635	6.778448	10.401837	0.013261	5.3
90	-0.064868	7.778444	10.040393	0.012032	8.5
91	-0.070084	7.672510	10.077488	0.017545	10.1
92	-0.066880	6.793717	10.396122	0.014582	6.3
93	-0.064162	5.914713	10.735648	0.019913	4.2
94	-0.059886	5.752437	10.800768	0.014766	3.4
95	-0.068868	4.899114	11.156632	0.014055	3.5
96	-0.054813	5.898128	10.742267	0.011934	3.2
97	-0.061791	6.877234	10.364977	0.014661	3.2
98	-0.064296	6.040177	10.685836	0.017377	3.0
99	-0.068418	5.161169	11.044876	0.018170	3.1
100	-0.054698	4.282222	11.428856	0.014302	3.2
101	-0.053916	3.712243	11.692459	0.017499	3.3
102	-0.071533	2.833236	12.123695	0.008592	6.5
103	-0.070439	3.833236	11.635491	0.021184	2.9
104	-0.067450	4.833042	11.185167	0.014849	3.0
105	-0.061224	3.954110	11.579130	0.008316	3.1
106	-0.064312	4.954071	11.133008	0.014013	2.8
107	-0.062030	5.940478	10.725380	0.013688	2.8
108	-0.063672	5.062269	11.086789	0.014094	3.4
109	-0.061371	6.062143	10.677162	0.013831	2.9
110	-0.067429	5.183135	11.035610	0.021335	3.0
111	-0.058756	4.321252	11.411240	0.014168	2.1
112	-0.055193	5.321252	10.977703	0.015387	3.5
113	-0.064098	6.321240	10.575906	0.020861	19.3
114	-0.077642	5.567909	10.875786	0.017496	7.6
115	-0.051881	6.567909	10.481277	0.004622	4.5
116	-0.066891	7.566172	10.115002	0.007422	2.9
117	-0.070675	8.295634	9.863138	0.014068	4.0
118	-0.066776	9.288719	9.539753	0.012376	2.9
119	-0.071046	8.409717	9.824878	0.014127	2.7
120	-0.075867	9.408452	9.502190	0.023097	3.8
121	-0.079070	10.408441	9.199657	0.013659	2.7
122	-0.063849	11.389291	8.921062	0.017241	2.5
123	-0.060669	12.385862	8.654768	0.013521	2.6
124	-0.061661	13.385855	8.403074	0.016979	2.5
125	-0.060507	14.385794	8.165618	0.017697	2.5
126	-0.065849	15.349318	7.949169	0.010510	2.7
127	-0.057939	16.349318	7.736336	0.014114	2.7
128	-0.066433	15.470311	7.922797	0.012254	2.6
129	-0.070128	14.598058	8.116928	0.015333	2.6
130	-0.065160	15.598058	7.895143	0.013484	3.5
131	-0.064673	16.561721	7.692589	0.015895	6.1
132	-0.060033	15.682714	7.876922	0.032131	9.9
133	-0.070082	14.803706	8.070306	0.019832	6.8
134	-0.062882	13.924699	8.273425	0.019870	4.6
135	-0.074697	14.852202	8.059390	0.014464	2.4
136	-0.075313	13.973351	8.261916	0.018025	5.5
137	-0.062860	14.894723	8.049843	0.011533	6.2
138	-0.071100	14.015716	8.251920	0.019951	3.2
139	-0.068205	14.800491	8.071031	0.015295	4.6
140	-0.078518	15.666481	7.880409	0.015935	7.0
141	-0.053191	14.787474	8.073967	0.011898	2.5
142	-0.058995	14.876409	8.053952	0.010193	3.6
143	-0.058209	13.997405	8.256237	0.010476	5.3
144	-0.063533	13.119390	8.468700	0.008960	5.1
145	-0.062299	13.012012	8.495436	0.015143	2.7
146	-0.075331	14.011673	8.252873	0.013128	2.7
147	-0.072049	13.540556	8.365438	0.021818	7.4
148	-0.065369	12.661549	8.583886	0.017897	4.1
149	-0.068955	11.782541	8.814048	0.024775	3.6
150	-0.075710	12.781796	8.553331	0.023032	3.6
151	-0.067244	11.902789	8.781835	0.017860	6.4
152	-0.066108	12.902789	8.522806	0.011741	3.4
153	-0.063436	12.023847	8.749643	0.014027	3.6
154	-0.068208	13.023528	8.492561	0.014969	3.1
155	-0.067226	14.023485	8.250089	0.014822	5.7
156	-0.068893	14.747262	8.083049	0.018727	3.2
157	-0.069801	13.872504	8.285808	0.011906	3.4
158	-0.066565	14.588697	8.119063	0.013425	4.2
159	-0.066441	13.861856	8.288339	0.015697	5.1
160	-0.072720	14.861855	8.057221	0.007831	2.6
161	-0.067794	15.861855	7.838642	0.007908	3.7
162	-0.067459	16.655939	7.673341	0.020406	6.5
163	-0.063546	15.776969	7.856735	0.009028	3.7
164	-0.070097	14.899061	8.048870	0.019462	3.7
165	-0.068201	15.853058	7.840513	0.010603	3.1
166	-0.063803	14.974051	8.032092	0.011500	6.4
167	-0.071202	14.107853	8.230264	0.009768	3.5
168	-0.058691	13.228852	8.441618	0.014475	2.5
169	-0.068066	13.933526	8.271335	0.008735	7.5
170	-0.058248	13.058181	8.483920	0.011891	3.2
171	-0.066761	12.434107	8.642279	0.021598	4.2
172	-0.065403	13.434079	8.391306	0.010680	4.2
173	-0.060038	14.434078	8.154491	0.014192	6.0
174	-0.073270	13.577512	8.356497	0.016532	2.6
175	-0.057317	12.699557	8.574204	0.011857	4.1
176	-0.071745	11.820550	8.803840	0.013888	5.4
177	-0.072181	12.800940	8.548487	0.011263	5.1
178	-0.062729	11.921937	8.776728	0.013898	2.5
179	-0.067841	12.288561	8.680065	0.007250	4.2
180	-0.072300	13.287690	8.427132	0.019351	7.1
181	-0.064364	12.460925	8.635352	0.012565	4.1
182	-0.078660	13.105711	8.472097	0.016514	3.7
183	-0.064923	14.105355	8.230849	0.015044	6.6
184	-0.067471	13.226348	8.442235	0.012424	3.4
185	-0.063378	12.347869	8.664628	0.016157	2.7
186	-0.065929	11.468861	8.899200	0.010676	4.4
187	-0.066664	12.468861	8.633305	0.014863	6.6
188	-0.056402	13.468859	8.382839	0.010967	3.4
189	-0.068119	12.767440	8.556967	0.021695	2.8
190	-0.062121	11.888495	8.785652	0.013128	6.3
191	-0.062500	11.009488	9.026914	0.011848	3.1
192	-0.077900	12.009476	8.753453	0.010394	2.3
193	-0.059166	11.130559	8.992899	0.008629	5.7
194	-0.068590	11.059610	9.012801	0.011868	6.2
195	-0.085729	12.059593	8.740183	0.013620	2.4
196	-0.062921	11.180599	8.978916	0.009383	3.6
197	-0.066585	10.307091	9.229439	0.008441	5.1
198	-0.072442	11.201872	8.972984	0.017430	4.7
199	-0.068686	12.126873	8.722431	0.018688	2.6
200	-0.065510	12.457511	8.636234	0.005880	3.6
201	-0.066354	12.668077	8.582221	0.008933	7.5
202	-0.074461	13.524087	8.369429	0.016326	3.2
203	-0.078848	12.645138	8.588072	0.015331	3.4
204	-0.075025	11.766131	8.818462	0.012389	6.9
205	-0.061199	10.887127	9.061553	0.008948	4.9
206	-0.063443	10.490785	9.175601	0.013807	2.6
207	-0.067153	10.225537	9.253544	0.013536	4.8
208	-0.077723	9.375320	9.512554	0.014332	7.3
209	-0.066177	10.322470	9.224907	0.014879	2.5
210	-0.066350	11.322469	8.939505	0.019031	3.4
211	-0.063287	12.322469	8.671233	0.010382	6.0
212	-0.070956	11.443462	8.906167	0.009869	5.2
213	-0.072363	10.601352	9.143497	0.028489	3.5
214	-0.087260	9.722345	9.405105	0.014419	4.9
215	-0.060976	10.722345	9.108623	0.010853	5.8
216	-0.061225	10.161773	9.272479	0.014775	3.0
217	-0.071433	9.360211	9.517288	0.005162	4.4
218	-0.066403	10.359248	9.214088	0.013320	4.8
219	-0.071313	11.220106	8.967906	0.009700	4.5
220	-0.076680	12.220080	8.697959	0.015421	3.8
221	-0.073073	12.975675	8.504522	0.020797	6.6
222	-0.079264	12.096668	8.730392	0.008495	4.3
223	-0.061348	11.218898	8.968242	0.016963	4.1
224	-0.077230	12.214064	8.699534	0.018093	4.8
225	-0.074096	11.335084	8.936018	0.015341	5.3
226	-0.062501	10.456076	9.185725	0.019563	3.8
227	-0.067935	9.577069	9.449790	0.011774	4.1
228	-0.056906	10.575797	9.150897	0.012049	6.7
229	-0.068629	9.698093	9.412535	0.010765	4.6
230	-0.075708	9.282907	9.541583	0.016775	2.9
231	-0.078052	10.282325	9.236746	0.010133	3.9
232	-0.071634	11.282305	8.950627	0.012940	4.3
233	-0.059926	10.403298	9.201164	0.012341	4.5
234	-0.073456	11.403196	8.917234	0.012371	3.4
235	-0.078343	12.321721	8.671427	0.018238	4.1
236	-0.059825	13.321721	8.418776	0.028219	5.8
237	-0.061525	12.442715	8.640055	0.016091	3.4
238	-0.062831	11.563708	8.873280	0.008382	3.4
239	-0.065149	10.684704	9.119444	0.014154	3.6
240	-0.078564	11.679479	8.841845	0.012206	5.9
241	-0.064959	10.800472	9.086245	0.010356	2.7
242	-0.067922	11.798216	8.809835	0.020250	3.8
243	-0.072048	12.798211	8.549177	0.009669	5.2
244	-0.063844	11.920005	8.777243	0.024435	4.7
245	-0.074769	11.311141	8.942639	0.010927	3.8
246	-0.072986	10.432165	9.192713	0.011633	5.8
247	-0.076904	9.553267	9.457152	0.015974	4.9
248	-0.079416	8.674897	9.737081	0.007068	3.8
249	-0.059935	7.795914	10.034301	0.011597	5.4
250	-0.069110	6.922661	10.348114	0.023466	4.3
251	-0.059478	6.043654	10.684462	0.004285	4.3
252	-0.074881	7.043633	10.303475	0.012749	3.9
253	-0.073845	7.903439	9.996972	0.020994	6.3
254	-0.071185	7.024432	10.310535	0.005638	3.8
255	-0.059484	6.185916	10.628551	0.010506	3.2
256	-0.067776	5.310320	10.982264	0.013228	5.0
257	-0.062587	6.302951	10.582991	0.009281	5.2
258	-0.061909	7.302947	10.209074	0.014030	4.3
259	-0.073857	8.302947	9.860677	0.010012	3.1
260	-0.072723	9.296268	9.537375	0.008554	4.9
261	-0.063731	9.762630	9.392788	0.013013	5.3
262	-0.061973	9.764503	9.392217	0.016584	3.2
263	-0.073004	8.885496	9.668465	0.022938	3.6
264	-0.066932	8.007001	9.961281	0.022561	5.1
265	-0.076659	7.127994	10.272573	0.018498	3.9
266	-0.070392	8.127994	9.919903	0.012704	3.9
267	-0.074680	9.127983	9.590648	0.007931	6.2
268	-0.073713	9.185861	9.572259	0.015764	6.0
269	-0.084403	8.829072	9.686754	0.017149	3.8
270	-0.061402	7.950065	9.980872	0.016588	4.7
271	-0.078480	7.225677	10.237022	0.011481	5.9
272	-0.074442	6.666777	10.443822	0.009897	3.0
273	-0.074979	6.759472	10.408947	0.010729	3.4
274	-0.071283	5.880517	10.749305	0.014827	4.5
275	-0.078101	6.879103	10.364282	0.027509	6.6
276	-0.070031	6.000096	10.701698	0.023605	3.2
277	-0.065380	7.000096	10.319496	0.020287	4.1
278	-0.076555	6.121088	10.653956	0.007664	4.9
279	-0.070109	7.121088	10.275096	0.019779	2.8
280	-0.066605	7.395488	10.175803	0.015017	5.1
281	-0.083362	6.516484	10.500865	0.021216	5.8
282	-0.064681	7.516363	10.132670	0.008839	2.6
283	-0.072556	8.516363	9.789380	0.009702	5.5
284	-0.062352	9.351296	9.520084	0.025232	5.8
285	-0.062313	10.351296	9.216425	0.016353	4.5
286	-0.079821	11.351296	8.931540	0.019926	3.6
287	-0.075331	10.871560	9.065979	0.014985	5.8
288	-0.068110	11.028024	9.021689	0.018335	3.8
289	-0.075558	10.149017	9.276276	0.009968	4.9
290	-0.073146	9.279705	9.542592	0.028376	3.7
291	-0.077585	8.400777	9.827866	0.015585	5.3
292	-0.085973	7.521769	10.130749	0.014993	4.8
293	-0.077880	6.642762	10.452895	0.022524	2.7
294	-0.062049	5.763755	10.796201	0.007068	5.7
295	-0.065544	4.884748	11.162824	0.011829	5.4
296	-0.081400	4.352220	11.397301	0.023491	3.0
297	-0.086350	3.473322	11.806607	0.022636	6.4
298	-0.073293	4.473322	11.343117	0.021761	6.8
299	-0.057914	3.594315	11.748523	0.012738	3.0
300	-0.071676	2.715307	12.183982	0.007196	5.3
301	-0.072703	3.418916	11.832912	0.009105	4.4
302	-0.070951	4.292880	11.424040	0.016799	4.0
303	-0.054420	3.413873	11.835356	0.013562	4.7
304	-0.073555	2.534869	12.277395	0.020340	5.7
305	-0.073314	1.655865	12.753734	0.015652	5.4
306	-0.061955	2.655865	12.214598	0.014994	4.3
307	-0.083261	1.776858	12.685985	0.013676	5.0
308	-0.074606	2.644682	12.220375	0.012570	6.2
309	-0.083314	1.765688	12.692210	0.031334	3.2
310	-0.065356	0.916058	13.184254	0.009670	3.7
311	-0.074820	0.037050	13.735142	0.021648	5.3
312	-0.067011	1.037050	13.111867	0.018129	4.1
313	-0.083023	2.037050	12.542703	0.013872	3.7
314	-0.068533	1.480334	12.853318	0.021056	5.1
315	-0.071029	2.480333	12.305910	0.013018	4.7
316	-0.082393	1.601326	12.784510	0.019180	5.7
317	-0.070031	0.736177	13.293362	0.013744	6.2
318	-0.062016	0.000000	13.759375	0.012578	4.0
319	-0.073793	0.999860	13.134033	0.022001	3.6
320	-0.065296	0.120853	13.680645	0.010527	10.3
321	-0.064347	0.000000	13.759375	0.012436	3.9
322	-0.076897	0.918724	13.182651	0.011735	4.0
323	-0.068709	1.064825	13.095362	0.003782	8.8
324	-0.062368	0.266715	13.586813	0.010687	4.8
325	-0.072761	0.866122	13.214363	0.007923	3.3
326	-0.061120	0.000000	13.759375	0.012341	5.0
327	-0.084200	0.988590	13.140765	0.013362	4.1
328	-0.072658	1.988579	12.569149	0.031725	7.1
329	-0.076680	1.109575	13.068857	0.009953	3.6
330	-0.072558	0.230568	13.609946	0.013573	2.9
331	-0.074969	0.410182	13.495769	0.018739	3.1
332	-0.071644	1.234949	12.995167	0.012357	3.1
333	-0.075188	0.355942	13.530046	0.022351	3.3
334	-0.081149	1.355942	12.924836	0.020154	5.9
335	-0.060839	0.476935	13.453823	0.025699	3.1
336	-0.074070	0.000000	13.759375	0.006990	3.3
337	-0.071770	0.982720	13.144274	0.016823	4.5
338	-0.079376	0.103871	13.691653	0.021649	6.9
339	-0.064620	1.103858	13.072238	0.016129	6.0
340	-0.071338	0.224851	13.613612	0.018792	7.1
341	-0.062391	0.000000	13.759375	0.022529	4.2
342	-0.073933	0.527819	13.422023	0.015281	3.7
343	-0.077259	1.398375	12.900350	0.013792	7.0
344	-0.078146	0.519368	13.427294	0.009345	3.6
345	-0.057760	1.515546	12.833216	0.017115	3.5
346	-0.079181	2.515546	12.287484	0.007281	9.3
347	-0.086203	1.636564	12.764608	0.020009	5.0
348	-0.088884	2.636218	12.224751	0.008857	3.5
349	-0.079376	3.570474	11.759923	0.014461	2.5
350	-0.068588	4.570244	11.300122	0.015962	6.6
351	-0.073714	5.570129	10.874877	0.017880	5.0
352	-0.058697	4.691122	11.246955	0.013756	3.1
353	-0.081678	5.691108	10.825586	0.012934	3.8
354	-0.063202	4.832293	11.185491	0.014884	8.7
355	-0.067373	5.765093	10.795661	0.017866	3.0
356	-0.072306	6.765093	10.406840	0.010749	3.7
357	-0.066131	7.761915	10.046163	0.007429	6.0
358	-0.080054	8.759087	9.709534	0.017322	3.2
359	-0.079742	8.011818	9.959627	0.010336	3.1
360	-0.077256	7.132811	10.270814	0.014054	3.6
361	-0.064299	6.253818	10.602070	0.017825	7.1
362	-0.073770	7.253818	10.226826	0.010302	3.2
363	-0.080473	6.374846	10.555197	0.008240	3.6
364	-0.069599	7.274411	10.219378	0.012416	7.7
365	-0.063132	6.395519	10.547231	0.015695	3.0
366	-0.070152	7.395519	10.175791	0.034619	4.2
367	-0.072718	8.395519	9.829623	0.014206	3.7
368	-0.072651	9.395519	9.506233	0.012665	6.5
369	-0.076063	10.395514	9.203445	0.008910	2.4
370	-0.070657	9.518887	9.467805	0.018322	4.3
371	-0.072478	9.782534	9.386715	0.020802	5.0
372	-0.063301	8.903527	9.662636	0.028573	4.9
373	-0.071569	8.207078	9.893043	0.013235	2.8
374	-0.074723	9.174806	9.575766	0.014435	3.4
375	-0.068587	8.474596	9.803252	0.015923	7.6
376	-0.079136	7.598156	10.103689	0.013014	5.1
377	-0.072992	6.719148	10.424089	0.018528	3.1
378	-0.082808	7.719148	10.061123	0.012799	7.8
379	-0.086999	7.863389	10.010844	0.018174	2.9
380	-0.067710	8.797609	9.696982	0.011657	4.7
381	-0.074511	9.797609	9.382121	0.023898	6.6
382	-0.071902	8.918602	9.657767	0.015008	3.0
383	-0.067295	8.039594	9.950100	0.014523	4.1
384	-0.076147	7.161772	10.260252	0.022307	3.4
385	-0.075451	6.282764	10.590821	0.009359	5.3
386	-0.078673	5.403845	10.943364	0.013698	3.0
387	-0.087681	5.824485	10.771759	0.017203	3.7
388	-0.087664	5.598506	10.863275	0.014975	4.3
389	-0.075573	4.722127	11.233397	0.018078	5.7
390	-0.077030	5.722125	10.813020	0.009867	3.8
391	-0.073484	4.843119	11.180805	0.008722	4.4
392	-0.070173	3.982317	11.566056	0.014844	4.1
393	-0.089283	3.103310	11.987850	0.019785	4.6
394	-0.075650	2.224303	12.441574	0.011162	3.7
395	-0.066289	1.484217	12.851098	0.027018	4.8
396	-0.070715	0.605209	13.373945	0.013276	5.5
397	-0.078961	0.000000	13.759375	0.013040	3.0
398	-0.082461	0.000000	13.759375	0.012360	3.6
399	-0.079040	0.828655	13.237045	0.014567	3.7
400	-0.082675	0.000000	13.759375	0.017703	4.8
401	-0.079900	0.000000	13.759375	0.017973	3.8
402	-0.072972	1.000000	13.133949	0.011315	4.4
403	-0.076777	1.225716	13.000566	0.018724	5.0
404	-0.088938	2.225715	12.440818	0.008242	4.1
405	-0.074222	2.883029	12.098419	0.015899	3.7
406	-0.080502	2.044512	12.538642	0.011820	5.0
407	-0.076653	1.165506	13.035880	0.023975	4.1
408	-0.073170	2.165497	12.473157	0.021358	3.4
409	-0.076171	1.286490	12.965114	0.019874	3.6
410	-0.070313	0.407482	13.497471	0.007404	5.3
411	-0.078737	1.045342	13.106936	0.014986	2.8
412	-0.091581	1.769830	12.689901	0.028413	5.4
413	-0.087018	0.890823	13.199453	0.019403	6.1
414	-0.080063	0.011815	13.751638	0.023864	4.8
415	-0.076974	0.000000	13.759375	0.009558	5.9
416	-0.074576	0.997293	13.135566	0.011883	4.9
417	-0.078544	1.956909	12.586489	0.014042	5.8
418	-0.079392	1.078012	13.087541	0.013121	5.2
419	-0.066015	0.199005	13.630210	0.017443	4.3
420	-0.077892	1.199005	13.016209	0.021052	6.6
421	-0.082185	0.319997	13.552857	0.018000	8.3
422	-0.077176	1.319997	12.945650	0.014629	19.9
423	-0.070290	0.440990	13.476378	0.008820	32.3
424	-0.071970	0.290022	13.571939	0.034460	17.6
425	-0.073860	0.000000	13.759375	0.009449	17.6
426	-0.085955	0.000000	13.759375	0.015299	15.0
427	-0.072950	0.999996	13.133951	0.013694	13.5
428	-0.073485	1.999898	12.562963	0.010956	8.5
429	-0.074539	2.276110	12.413882	0.016498	6.3
430	-0.073890	3.237745	11.921360	0.010543	5.5
431	-0.064453	3.867353	11.619527	0.016061	4.9
432	-0.080350	4.422391	11.365842	0.026176	3.6
433	-0.076866	3.543383	11.772903	0.010351	3.8
434	-0.064694	4.316602	11.413336	0.009433	4.2
435	-0.081200	5.316582	10.979651	0.008693	4.8
436	-0.074333	4.566885	11.301607	0.018224	4.6
437	-0.075422	3.688354	11.703773	0.014684	5.2
438	-0.064314	2.935631	12.071831	0.014691	6.1
439	-0.079922	2.067026	12.526404	0.022548	4.0
440	-0.068897	1.188019	13.022654	0.017687	5.2
441	-0.072943	2.188019	12.461042	0.007976	4.3
442	-0.074392	1.310335	12.951257	0.023194	5.2
443	-0.077522	0.619807	13.364915	0.033474	4.1
444	-0.075871	0.000000	13.759375	0.017336	5.8
445	-0.068491	0.999996	13.133952	0.021456	6.9
446	-0.080549	1.999996	12.562910	0.029393	5.5
447	-0.083025	2.999996	12.039455	0.033036	5.0
448	-0.087723	2.120989	12.497168	0.014135	7.3
449	-0.076427	3.080829	11.999042	0.020119	4.5
450	-0.078394	4.080829	11.520627	0.010452	5.3
451	-0.070943	5.079398	11.079507	0.017770	4.6
452	-0.068258	4.200391	11.465968	0.016870	3.0
453	-0.070492	5.200391	11.028342	0.025786	8.2
454	-0.083753	6.175331	10.632690	0.014344	4.1
455	-0.075398	7.175331	10.255315	0.013251	4.7
456	-0.086021	6.296328	10.585559	0.023981	7.3
457	-0.069657	5.417328	10.937779	0.027907	3.9
458	-0.084648	6.417328	10.538842	0.018555	2.5
459	-0.066525	7.417328	10.167982	0.015631	6.4
460	-0.079038	8.417174	9.822387	0.009483	4.4
461	-0.064442	7.655230	10.083565	0.031182	3.0
462	-0.077729	6.776223	10.402670	0.013419	3.6
463	-0.085783	7.776223	10.041168	0.013556	7.1
464	-0.077921	6.897258	10.357537	0.028530	4.6
465	-0.082310	7.897258	9.999111	0.009775	3.4
466	-0.075764	7.018327	10.312781	0.013678	7.5
467	-0.078918	8.017495	9.957678	0.019636	2.7
468	-0.070499	7.138488	10.268742	0.020519	3.4
469	-0.081408	6.259481	10.599867	0.016949	6.8
470	-0.071366	5.380473	10.953059	0.023213	4.7
471	-0.081950	6.380473	10.553027	0.020964	3.3
472	-0.073961	5.501466	10.903053	0.011881	4.2
473	-0.067023	4.623088	11.276817	0.014050	8.1
474	-0.080163	3.744080	11.677414	0.010149	3.8
475	-0.078345	2.865076	12.107520	0.021311	5.5
476	-0.072011	1.986134	12.570486	0.025978	5.6
477	-0.083144	2.986130	12.046415	0.021155	3.6
478	-0.062464	2.107123	12.504667	0.012388	2.9
479	-0.075554	1.228117	12.999161	0.015523	8.2
480	-0.072347	2.228117	12.439531	0.011663	3.0
481	-0.085867	1.349110	12.928787	0.011985	4.3
482	-0.067012	2.292648	12.405068	0.011269	3.9
483	-0.073514	1.413700	12.891530	0.017955	6.2
484	-0.081989	2.413700	12.340932	0.015997	2.6
485	-0.060737	2.101094	12.507930	0.015572	3.6
486	-0.069434	1.222431	13.002488	0.026700	5.0
487	-0.087946	2.222431	12.442577	0.023262	5.1
488	-0.065059	1.343423	12.932077	0.013198	2.9
489	-0.083466	2.341106	12.379314	0.012213	3.6
490	-0.071470	3.339671	11.871437	0.018108	7.1
491	-0.079259	2.491020	12.300312	0.028913	3.6
492	-0.081456	1.612013	12.778468	0.006515	3.6
493	-0.074944	0.820842	13.241784	0.013162	2.8
494	-0.086841	1.799311	12.673492	0.010305	7.7
495	-0.081423	2.799161	12.141053	0.023122	3.7
496	-0.070698	1.938194	12.596758	0.017633	3.3
497	-0.081533	1.088636	13.081246	0.008286	7.6
498	-0.080828	1.940368	12.595564	0.014517	7.0
499	-0.085924	1.063470	13.096167	0.028019	6.4
Time spent in resolution 0 (ITK initialization and iterating): 3.014 s.
Stopping condition: Maximum number of iterations has been reached.
Settings of AdaptiveStochasticGradientDescent in resolution 0:
( SP_a 288.946881 )
( SP_A 20.000000 )
( SP_alpha 1.000000 )
( SigmoidMax 1.000000 )
( SigmoidMin -0.879007 )
( SigmoidScale 0.000006 )



=============== start of TransformParameterFile ===============
(Transform "EulerTransform")
(NumberOfParameters 6)
(TransformParameters -0.037236 -0.004057 0.005550 -0.883626 -0.055580 3.202559)
(InitialTransformParametersFileName "NoInitialTransform")
(UseBinaryFormatForTransformationParameters "false")
(HowToCombineTransforms "Compose")

// Image specific
(FixedImageDimension 3)
(MovingImageDimension 3)
(FixedInternalImagePixelType "float")
(MovingInternalImagePixelType "float")
(Size 128 128 28)
(Index 0 0 0)
(Spacing 1.8750000000 1.8750000000 3.0000000000)
(Origin -111.6740341187 -119.6866302490 121.0328216553)
(Direction 1.0000000000 0.0000000000 0.0000000000 0.0000000000 1.0000000000 0.0000000000 0.0000000000 0.0000000000 1.0000000000)
(UseDirectionCosines "false")

// EulerTransform specific
(CenterOfRotationPoint 7.3884658813 -0.6241302490 161.5328216553)
(ComputeZYX "false")

// ResampleInterpolator specific
(ResampleInterpolator "FinalBSplineInterpolator")
(FinalBSplineInterpolationOrder 3)

// Resampler specific
(Resampler "DefaultResampler")
(DefaultPixelValue 0.000000)
(ResultImageFormat "nii.gz")
(ResultImagePixelType "short")
(CompressResultImage "false")

=============== end of TransformParameterFile ===============

Creating the TransformParameterFile took 0.00s

Registration result checksum: 16137861

Skipping applying final transform, no resulting output image generated.

Final metric value  = -0.085924
Settings of AdaptiveStochasticGradientDescent for all resolutions:
( SP_a 288.946881 )
( SP_A 20.000000 )
( SP_alpha 1.000000 )
( SigmoidMax 1.000000 )
( SigmoidMin -0.879007 )
( SigmoidScale 0.000006 )

Time spent on saving the results, applying the final transform etc.: 3 ms.
Running elastix with parameter file 0: "/Users/sakinkirti/Programming/Python/CCIPD/racial-disparity-pca/code_matlab/rigid.txt", has finished.


Current time: Mon May 23 08:26:57 2022.
Time used for running elastix with this parameter file:
  3.1s.

-------------------------------------------------------------------------

Total time elapsed: 3.2s.

