
elastix is started at Mon May 23 13:32:45 2022.

which elastix:   /Users/sakinkirti/Programming/Python/CCIPD/racial-disparity-pca/code_matlab/elastix-5.0.0-mac/bin/elastix
elastix runs at: Sakins-MBP.hsd1.ca.comcast.net
  macOS 12.3.1 (x64), 21E258
  with 8192 MB memory, and 2 cores @ 2300 MHz.
-------------------------------------------------------------------------

Running elastix with parameter file 0: "/Users/sakinkirti/Programming/Python/CCIPD/racial-disparity-pca/code_matlab/rigid.txt".

Current time: Mon May 23 13:32:46 2022.
Reading the elastix parameters from file ...

Installing all components.
InstallingComponents was successful.

ELASTIX version: 5.000
Command line options from ElastixBase:
-f        /Users/sakinkirti/Programming/Python/CCIPD/racial-disparity-pca/dataset/to_nifti_cleaned/prostate-000920/T2W.nii.gz
-m        /Users/sakinkirti/Programming/Python/CCIPD/racial-disparity-pca/dataset/to_nifti_cleaned/prostate-000920/ADC.nii.gz
-fMask    unspecified, so no fixed mask used
-mMask    unspecified, so no moving mask used
-out      /Users/sakinkirti/Programming/Python/CCIPD/racial-disparity-pca/dataset/to_nifti_cleaned/prostate-000920/
-p        /Users/sakinkirti/Programming/Python/CCIPD/racial-disparity-pca/code_matlab/rigid.txt
-threads  unspecified, so all available threads are used
Command line options from TransformBase:
-t0       unspecified, so no initial transform used

=============== start of ParameterFile: /Users/sakinkirti/Programming/Python/CCIPD/racial-disparity-pca/code_matlab/rigid.txt ===============
// Example parameter file for rotation registration
// C-style comments: //

// The internal pixel type, used for internal computations
// Leave to float in general. 
// NB: this is not the type of the input images! The pixel 
// type of the input images is automatically read from the 
// images themselves.
// This setting can be changed to "short" to save some memory
// in case of very large 3D images.
(FixedInternalImagePixelType "float")
(MovingInternalImagePixelType "float")

// The dimensions of the fixed and moving image
// Up to elastix 4.5 this had to be specified by the user.
// From elastix 4.6, this is not necessary anymore.
//(FixedImageDimension 3)
//(MovingImageDimension 3)

// Specify whether you want to take into account the so-called
// direction cosines of the images. Recommended: true.
// In some cases, the direction cosines of the image are corrupt,
// due to image format conversions for example. In that case, you 
// may want to set this option to "false".
(UseDirectionCosines "false")

// **************** Main Components **************************

// The following components should usually be left as they are:
(Registration "MultiResolutionRegistration")
(Interpolator "BSplineInterpolator")
(ResampleInterpolator "FinalBSplineInterpolator")
(Resampler "DefaultResampler")

// These may be changed to Fixed/MovingSmoothingImagePyramid.
// See the manual.
(FixedImagePyramid "FixedRecursiveImagePyramid")
(MovingImagePyramid "MovingRecursiveImagePyramid")

// The following components are most important:
// The optimizer AdaptiveStochasticGradientDescent (ASGD) works
// quite ok in general. The Transform and Metric are important
// and need to be chosen careful for each application. See manual.
(Optimizer "AdaptiveStochasticGradientDescent")
(Transform "EulerTransform")
(Metric "AdvancedMattesMutualInformation")

// ***************** Transformation **************************

// Scales the rotations compared to the translations, to make
// sure they are in the same range. In general, it's best to  
// use automatic scales estimation:
(AutomaticScalesEstimation "true")

// Automatically guess an initial translation by aligning the
// geometric centers of the fixed and moving.
(AutomaticTransformInitialization "true")

// Whether transforms are combined by composition or by addition.
// In generally, Compose is the best option in most cases.
// It does not influence the results very much.
(HowToCombineTransforms "Compose")

// ******************* Similarity measure *********************

// Number of grey level bins in each resolution level,
// for the mutual information. 16 or 32 usually works fine.
// You could also employ a hierarchical strategy:
//(NumberOfHistogramBins 16 32 64)
(NumberOfHistogramBins 32)

// If you use a mask, this option is important. 
// If the mask serves as region of interest, set it to false.
// If the mask indicates which pixels are valid, then set it to true.
// If you do not use a mask, the option doesn't matter.
(ErodeMask "false")

// ******************** Multiresolution **********************

// The number of resolutions. 1 Is only enough if the expected
// deformations are small. 3 or 4 mostly works fine. For large
// images and large deformations, 5 or 6 may even be useful.
(NumberOfResolutions 1)

// The downsampling/blurring factors for the image pyramids.
// By default, the images are downsampled by a factor of 2
// compared to the next resolution.
// So, in 2D, with 4 resolutions, the following schedule is used:
//(ImagePyramidSchedule 8 8  4 4  2 2  1 1 )
// And in 3D:
//(ImagePyramidSchedule 8 8 8  4 4 4  2 2 2  1 1 1 )
// You can specify any schedule, for example:
//(ImagePyramidSchedule 4 4  4 3  2 1  1 1 )
// Make sure that the number of elements equals the number
// of resolutions times the image dimension.

// ******************* Optimizer ****************************

// Maximum number of iterations in each resolution level:
// 200-500 works usually fine for rigid registration.
// For more robustness, you may increase this to 1000-2000.
(MaximumNumberOfIterations 500)

// The step size of the optimizer, in mm. By default the voxel size is used.
// which usually works well. In case of unusual high-resolution images
// (eg histology) it is necessary to increase this value a bit, to the size
// of the "smallest visible structure" in the image:
//(MaximumStepLength 1.0)

// **************** Image sampling **********************

// Number of spatial samples used to compute the mutual
// information (and its derivative) in each iteration.
// With an AdaptiveStochasticGradientDescent optimizer,
// in combination with the two options below, around 2000
// samples may already suffice.
(NumberOfSpatialSamples 2000)

// Refresh these spatial samples in every iteration, and select
// them randomly. See the manual for information on other sampling
// strategies.
(NewSamplesEveryIteration "true")
(ImageSampler "Random")

// ************* Interpolation and Resampling ****************

// Order of B-Spline interpolation used during registration/optimisation.
// It may improve accuracy if you set this to 3. Never use 0.
// An order of 1 gives linear interpolation. This is in most 
// applications a good choice.
(BSplineInterpolationOrder 1)

// Order of B-Spline interpolation used for applying the final
// deformation.
// 3 gives good accuracy; recommended in most cases.
// 1 gives worse accuracy (linear interpolation)
// 0 gives worst accuracy, but is appropriate for binary images
// (masks, segmentations); equivalent to nearest neighbor interpolation.
(FinalBSplineInterpolationOrder 3)

//Default pixel value for pixels that come from outside the picture:
(DefaultPixelValue 0)

// Choose whether to generate the deformed moving image.
// You can save some time by setting this to false, if you are
// only interested in the final (nonrigidly) deformed moving image
// for example.
(WriteResultImage "false")

// The pixel type and format of the resulting deformed moving image
(ResultImagePixelType "short")
(ResultImageFormat "nii.gz")




=============== end of ParameterFile: /Users/sakinkirti/Programming/Python/CCIPD/racial-disparity-pca/code_matlab/rigid.txt ===============


Reading images...
Reading images took 139 ms.

WARNING: the fixed pyramid schedule is not fully specified!
  A default pyramid schedule is used.
WARNING: the moving pyramid schedule is not fully specified!
  A default pyramid schedule is used.
WARNING: The parameter "AutomaticTransformInitializationMethod", requested at entry number 0, does not exist at all.
  The default value "GeometricalCenter" is used instead.
Transform parameters are initialized as: [0, 0, 0, 1.1840811967849731, -2.083527445793152, -18.096210479736328]
Scales are estimated automatically.
Scales for transform parameters are: [3391.2427368164062, 3391.2427368164062, 5481.9854736328125, 1, 1, 1]
Initialization of all components (before registration) took: 23 ms.
Preparation of the image pyramids took: 14 ms.

Resolution: 0
WARNING: The parameter "ShowExactMetricValue", requested at entry number 0, does not exist at all.
  The default value "false" is used instead.
WARNING: The parameter "CheckNumberOfSamples", requested at entry number 0, does not exist at all.
  The default value "true" is used instead.
WARNING: The parameter "UseMultiThreadingForMetrics", requested at entry number 0, does not exist at all.
  The default value "true" is used instead.
Setting the fixed masks took: 0 ms.
Setting the moving masks took: 0 ms.
WARNING: The parameter "NumberOfFixedHistogramBins", requested at entry number 0, does not exist at all.
  The default value "32" is used instead.
WARNING: The parameter "NumberOfMovingHistogramBins", requested at entry number 0, does not exist at all.
  The default value "32" is used instead.
WARNING: The parameter "FixedLimitRangeRatio", requested at entry number 0, does not exist at all.
  The default value "0.01" is used instead.
WARNING: The parameter "MovingLimitRangeRatio", requested at entry number 0, does not exist at all.
  The default value "0.01" is used instead.
WARNING: The parameter "FixedKernelBSplineOrder", requested at entry number 0, does not exist at all.
  The default value "0" is used instead.
WARNING: The parameter "MovingKernelBSplineOrder", requested at entry number 0, does not exist at all.
  The default value "3" is used instead.
WARNING: The parameter "UseFastAndLowMemoryVersion", requested at entry number 0, does not exist at all.
  The default value "true" is used instead.
WARNING: The parameter "UseJacobianPreconditioning", requested at entry number 0, does not exist at all.
  The default value "false" is used instead.
WARNING: The parameter "FiniteDifferenceDerivative", requested at entry number 0, does not exist at all.
  The default value "false" is used instead.
WARNING: The parameter "SP_A", requested at entry number 0, does not exist at all.
  The default value "20" is used instead.
WARNING: The parameter "MaximumNumberOfSamplingAttempts", requested at entry number 0, does not exist at all.
  The default value "0" is used instead.
WARNING: The parameter "SigmoidInitialTime", requested at entry number 0, does not exist at all.
  The default value "0" is used instead.
WARNING: The parameter "MaxBandCovSize", requested at entry number 0, does not exist at all.
  The default value "192" is used instead.
WARNING: The parameter "NumberOfBandStructureSamples", requested at entry number 0, does not exist at all.
  The default value "10" is used instead.
WARNING: The parameter "UseAdaptiveStepSizes", requested at entry number 0, does not exist at all.
  The default value "true" is used instead.
WARNING: The parameter "AutomaticParameterEstimation", requested at entry number 0, does not exist at all.
  The default value "true" is used instead.
WARNING: The parameter "UseConstantStep", requested at entry number 0, does not exist at all.
  The default value "false" is used instead.
WARNING: The parameter "MaximumStepLengthRatio", requested at entry number 0, does not exist at all.
  The default value "1" is used instead.
WARNING: The parameter "MaximumStepLength", requested at entry number 0, does not exist at all.
  The default value "0.957623" is used instead.
WARNING: The parameter "NumberOfGradientMeasurements", requested at entry number 0, does not exist at all.
  The default value "0" is used instead.
WARNING: The parameter "NumberOfJacobianMeasurements", requested at entry number 0, does not exist at all.
  The default value "1000" is used instead.
WARNING: The parameter "NumberOfSamplesForExactGradient", requested at entry number 0, does not exist at all.
  The default value "100000" is used instead.
WARNING: The parameter "SigmoidScaleFactor", requested at entry number 0, does not exist at all.
  The default value "0.1" is used instead.
Elastix initialization of all components (for this resolution) took: 1 ms.
  Computing the fixed image extrema took 16 ms.
  Computing the moving image extrema took 13 ms.
Initialization of AdvancedMattesMutualInformation metric took: 69 ms.
Starting automatic parameter estimation for AdaptiveStochasticGradientDescent ...
WARNING: The parameter "ASGDParameterEstimationMethod", requested at entry number 0, does not exist at all.
  The default value "Original" is used instead.
  Computing JacobianTerms ...
  Computing the Jacobian terms took 0.016907s
  NumberOfGradientMeasurements to estimate sigma_i: 6
  Sampling gradients ...
  Sampling the gradients took 0.929676s
Automatic parameter estimation took 0.95s
1:ItNr	2:Metric	3a:Time	3b:StepSize	4:||Gradient||	Time[ms]
0	-0.121660	0.000000	10.083511	0.007548	1026.4
1	-0.090868	0.000000	10.083511	0.011668	9.8
2	-0.114709	0.958881	9.643193	0.012578	11.1
3	-0.118325	0.084876	10.042921	0.015638	4.3
4	-0.105330	1.084873	9.588180	0.021611	8.8
5	-0.110828	0.210868	9.983266	0.012965	8.6
6	-0.097293	0.000000	10.083511	0.008286	13.0
7	-0.115635	0.000000	10.083511	0.012222	7.1
8	-0.113543	0.000000	10.083511	0.018385	15.2
9	-0.096510	0.000000	10.083511	0.017725	9.4
10	-0.085259	0.000000	10.083511	0.015407	7.2
11	-0.097136	1.000000	9.625170	0.016240	10.7
12	-0.107322	2.000000	9.206684	0.012340	12.9
13	-0.125180	2.999998	8.823073	0.015637	8.0
14	-0.108105	3.999682	8.470257	0.021076	9.8
15	-0.116153	3.125677	8.777111	0.011207	14.0
16	-0.116104	2.251672	9.107032	0.011884	6.1
17	-0.116171	2.854988	8.876707	0.019680	17.8
18	-0.097996	1.980983	9.214303	0.014464	16.5
19	-0.124744	2.980983	8.830069	0.006862	22.5
20	-0.124437	2.256840	9.105009	0.009207	18.5
21	-0.107784	2.817830	8.890555	0.018573	14.5
22	-0.093810	1.948796	9.227226	0.017585	8.9
23	-0.122651	2.948796	8.841936	0.028448	17.1
24	-0.104168	3.912229	8.499991	0.014126	10.4
25	-0.106057	3.038348	8.808997	0.010902	12.5
26	-0.106647	2.166283	9.140600	0.012685	13.1
27	-0.089792	3.077953	8.794507	0.020591	4.4
28	-0.113557	4.077953	8.443820	0.033401	13.1
29	-0.122586	3.502414	8.642158	0.010872	10.1
30	-0.099820	2.628409	8.961828	0.009191	8.8
31	-0.114073	1.755448	9.305628	0.011112	10.5
32	-0.113203	1.010360	9.620639	0.011032	10.9
33	-0.100976	2.010257	9.202580	0.021079	9.6
34	-0.123389	3.010257	8.819303	0.020066	14.5
35	-0.098536	4.010257	8.466676	0.011201	19.8
36	-0.099184	3.136252	8.773265	0.009567	14.4
37	-0.112100	2.262902	9.102636	0.014576	12.8
38	-0.109563	1.730678	9.315768	0.013798	5.8
39	-0.114310	2.730678	8.923206	0.013083	15.3
40	-0.111958	3.578035	8.615568	0.010369	22.7
41	-0.117645	4.577846	8.278795	0.018906	24.2
42	-0.109248	5.372097	8.029461	0.013150	23.4
43	-0.118916	4.498093	8.304689	0.024654	7.8
44	-0.120713	3.624088	8.599455	0.014553	9.9
45	-0.082353	4.624088	8.263854	0.009252	12.5
46	-0.120552	3.755888	8.553671	0.017922	11.3
47	-0.103937	4.755885	8.221567	0.017525	7.4
48	-0.097353	5.749164	7.916275	0.010440	11.9
49	-0.103811	4.875159	8.183669	0.018880	9.3
50	-0.129991	4.014858	8.465118	0.012811	9.6
51	-0.103898	5.014858	8.139723	0.009050	13.1
52	-0.098422	4.972433	8.153019	0.016246	10.9
53	-0.124082	5.050745	8.128510	0.013314	7.5
54	-0.112915	4.176740	8.410689	0.011290	11.7
55	-0.100319	3.304375	8.712577	0.014003	6.9
56	-0.108784	4.304024	8.368382	0.007801	12.8
57	-0.110773	5.304004	8.050247	0.011350	9.5
58	-0.116527	6.268029	7.765641	0.012457	10.5
59	-0.138531	6.778293	7.622993	0.008636	7.6
60	-0.109293	6.055775	7.826563	0.014374	12.1
61	-0.096640	6.950146	7.576123	0.011654	11.5
62	-0.106592	6.076150	7.820674	0.015243	6.1
63	-0.095754	7.067567	7.544428	0.011772	11.4
64	-0.119772	6.193643	7.786884	0.015979	8.1
65	-0.096966	5.319701	8.045446	0.009601	7.9
66	-0.096316	4.449910	8.320412	0.018982	8.4
67	-0.125550	3.575905	8.616315	0.011201	8.5
68	-0.113137	2.701901	8.934040	0.011502	13.4
69	-0.099808	1.827896	9.276095	0.016462	7.9
70	-0.111553	0.953892	9.645385	0.007360	13.2
71	-0.114733	0.079902	10.045290	0.013600	11.3
72	-0.100299	0.000000	10.083511	0.010661	4.8
73	-0.135628	0.999248	9.625499	0.019575	12.7
74	-0.100199	1.991120	9.210240	0.013171	8.9
75	-0.104095	2.991118	8.826339	0.022834	7.6
76	-0.118778	3.991118	8.473160	0.020968	8.0
77	-0.123194	3.117113	8.780227	0.013544	16.7
78	-0.128727	2.243278	9.110321	0.015915	9.2
79	-0.102529	1.369276	9.466276	0.008737	11.9
80	-0.114074	2.337363	9.073593	0.013891	4.8
81	-0.095285	1.464252	9.426253	0.010139	14.0
82	-0.146193	0.590906	9.807543	0.011441	7.8
83	-0.080895	0.000000	10.083511	0.014085	8.1
84	-0.106730	0.000000	10.083511	0.014727	12.4
85	-0.116637	0.999987	9.625175	0.014873	4.8
86	-0.112102	1.999987	9.206689	0.016998	7.2
87	-0.104011	2.999987	8.823077	0.012960	12.5
88	-0.110972	2.134863	9.153014	0.013709	10.5
89	-0.135207	1.260858	9.512380	0.020029	10.2
90	-0.122332	0.396818	9.896506	0.008456	8.4
91	-0.115363	0.000000	10.083511	0.014413	12.9
92	-0.107113	0.999994	9.625172	0.016667	7.4
93	-0.102390	0.130010	10.021469	0.012946	9.0
94	-0.104702	0.000000	10.083511	0.008724	8.8
95	-0.112168	0.000000	10.083511	0.007859	8.2
96	-0.103654	0.939575	9.651679	0.010107	12.7
97	-0.090896	1.879673	9.255103	0.026951	9.1
98	-0.128556	2.879673	8.867531	0.028789	10.1
99	-0.115562	2.005668	9.204416	0.013401	12.1
100	-0.113952	3.005668	8.820989	0.011802	11.7
101	-0.126081	2.131663	9.154280	0.025594	8.5
102	-0.095519	1.257659	9.513747	0.010553	14.2
103	-0.105416	0.383654	9.902598	0.012324	9.3
104	-0.115649	0.000000	10.083511	0.013656	5.9
105	-0.140546	0.999998	9.625171	0.032622	13.0
106	-0.127949	0.125993	10.023374	0.024223	15.6
107	-0.114593	0.000000	10.083511	0.012171	8.5
108	-0.119376	0.000000	10.083511	0.009836	11.9
109	-0.127279	0.988953	9.630005	0.020430	9.2
110	-0.094683	0.114948	10.028617	0.008455	6.7
111	-0.107319	0.736242	9.741966	0.012296	11.9
112	-0.111149	1.736241	9.313489	0.013028	9.1
113	-0.104730	0.862299	9.685794	0.014814	7.2
114	-0.109575	0.013537	10.077016	0.010138	9.1
115	-0.121455	0.000000	10.083511	0.013114	9.3
116	-0.115922	0.000000	10.083511	0.016201	11.0
117	-0.110328	0.000000	10.083511	0.010330	6.4
118	-0.110468	1.000000	9.625170	0.014770	6.0
119	-0.128409	0.126004	10.023369	0.011179	8.7
120	-0.101755	0.000000	10.083511	0.007707	12.0
121	-0.109890	0.000000	10.083511	0.014237	5.2
122	-0.101900	0.000000	10.083511	0.025265	11.7
123	-0.109068	1.000000	9.625170	0.010786	9.9
124	-0.115578	0.125995	10.023373	0.009729	7.6
125	-0.109514	0.000000	10.083511	0.012268	5.6
126	-0.142858	0.667115	9.773047	0.010741	10.3
127	-0.111121	0.895789	9.670980	0.010164	10.3
128	-0.111390	0.389129	9.900064	0.005968	6.1
129	-0.106927	1.380750	9.461423	0.013025	11.1
130	-0.120903	2.074983	9.176767	0.011604	8.2
131	-0.111099	3.074981	8.795593	0.013461	7.8
132	-0.103628	2.200978	9.126932	0.011807	7.9
133	-0.117550	1.327070	9.484170	0.010534	15.9
134	-0.119846	0.453207	9.870493	0.013601	8.7
135	-0.106848	1.393064	9.456220	0.007120	29.4
136	-0.130967	2.352342	9.067773	0.012087	7.1
137	-0.110720	3.348074	8.696940	0.008775	16.0
138	-0.109508	2.871552	8.870547	0.009068	10.1
139	-0.116847	3.761028	8.551896	0.019732	8.3
140	-0.125698	4.754597	8.221978	0.014728	9.2
141	-0.097355	3.880598	8.510798	0.008987	9.3
142	-0.112873	3.119589	8.779326	0.015113	6.2
143	-0.092589	3.932350	8.493132	0.019491	6.1
144	-0.093102	3.058346	8.801675	0.011289	12.1
145	-0.116860	2.184341	9.133481	0.009331	9.5
146	-0.113412	3.115570	8.780789	0.018925	7.9
147	-0.114568	4.115570	8.431174	0.018921	10.0
148	-0.123571	5.115570	8.108333	0.015163	6.9
149	-0.116173	6.115570	7.809304	0.014561	9.1
150	-0.135070	7.114352	7.531873	0.017474	10.8
151	-0.107180	7.953537	7.313571	0.017893	11.2
152	-0.101597	8.953534	7.069407	0.013905	23.0
153	-0.110283	8.079538	7.281881	0.014330	10.9
154	-0.130550	7.205533	7.507525	0.016202	10.5
155	-0.109215	8.204576	7.250704	0.017429	11.8
156	-0.091117	9.204576	7.010651	0.021528	13.1
157	-0.121053	8.330571	7.219557	0.007557	5.3
158	-0.105552	9.330571	6.981528	0.013682	12.1
159	-0.111113	10.285718	6.768383	0.012468	17.6
160	-0.122117	9.414822	6.962189	0.008160	7.9
161	-0.102854	10.412408	6.741086	0.010969	21.7
162	-0.111955	11.411504	6.533289	0.007453	5.4
163	-0.103376	10.537515	6.714344	0.014699	7.0
164	-0.108934	9.734031	6.889878	0.010663	11.9
165	-0.120474	10.732611	6.673064	0.004263	8.5
166	-0.152013	9.959651	6.839668	0.013155	6.5
167	-0.114835	9.115732	7.031333	0.014038	8.7
168	-0.115873	10.115718	6.805362	0.011518	7.1
169	-0.109974	11.106129	6.595430	0.004186	10.4
170	-0.149537	12.011788	6.414488	0.012615	7.5
171	-0.107149	11.738397	6.468055	0.014760	11.5
172	-0.115387	10.864392	6.645466	0.014582	9.2
173	-0.100867	11.022034	6.612751	0.011298	8.2
174	-0.095350	10.148029	6.798303	0.009512	11.8
175	-0.123691	11.133648	6.589782	0.012830	7.0
176	-0.104492	12.133648	6.390897	0.013687	11.1
177	-0.102586	11.260179	6.563935	0.010914	46.3
178	-0.110313	12.259908	6.366636	0.009468	13.8
179	-0.107268	13.096767	6.210376	0.010509	11.7
180	-0.106357	13.141315	6.202272	0.006353	16.8
181	-0.092545	13.027142	6.223083	0.011601	7.1
182	-0.101333	14.012092	6.048017	0.012925	14.1
183	-0.111841	13.142893	6.201986	0.014960	6.9
184	-0.101156	14.113676	6.030520	0.012452	9.6
185	-0.112257	13.239672	6.184456	0.017193	8.9
186	-0.106497	14.239672	6.008959	0.010545	7.6
187	-0.096156	15.239672	5.843147	0.011738	10.2
188	-0.138945	16.239610	5.686250	0.012687	6.5
189	-0.108349	15.365608	5.822912	0.013228	9.7
190	-0.122807	16.365601	5.667077	0.009951	7.2
191	-0.109758	17.364755	5.519486	0.012122	8.2
192	-0.118717	18.181846	5.404384	0.008392	9.1
193	-0.112748	18.058910	5.421394	0.010271	8.5
194	-0.104271	19.058884	5.286062	0.010517	11.0
195	-0.102811	19.833981	5.185723	0.011568	9.9
196	-0.115226	20.833978	5.061764	0.006211	21.5
197	-0.130356	19.974057	5.167995	0.006306	8.1
198	-0.109185	19.195740	5.268064	0.011636	12.1
199	-0.113968	20.184292	5.141614	0.008485	18.5
200	-0.098476	21.173555	5.021007	0.011904	9.6
201	-0.126062	20.318768	5.124880	0.009138	12.2
202	-0.130557	19.444790	5.235625	0.012133	11.4
203	-0.139046	20.444767	5.109300	0.013271	9.9
204	-0.126178	19.627351	5.212098	0.017873	11.7
205	-0.085604	19.888840	5.178766	0.009574	11.4
206	-0.120684	19.839927	5.184968	0.018375	6.4
207	-0.107476	18.966649	5.298261	0.015129	12.2
208	-0.127783	18.092644	5.416716	0.013341	7.0
209	-0.117442	19.092533	5.281625	0.013119	27.9
210	-0.108558	18.218528	5.399329	0.014816	10.5
211	-0.101665	19.192145	5.268535	0.012824	5.8
212	-0.109533	20.192008	5.140651	0.013323	26.6
213	-0.120937	19.336656	5.249660	0.009604	12.7
214	-0.111081	20.336656	5.122662	0.009988	6.4
215	-0.126546	20.474812	5.105598	0.014642	16.5
216	-0.108718	19.631906	5.211514	0.009188	31.1
217	-0.094396	19.748521	5.196599	0.013170	29.6
218	-0.098492	20.715777	5.076107	0.019448	11.1
219	-0.114548	19.841773	5.184734	0.007589	10.9
220	-0.113162	20.841757	5.060823	0.010777	11.0
221	-0.096352	21.730384	4.955578	0.008590	9.4
222	-0.098657	22.680886	4.847744	0.013986	8.0
223	-0.121920	23.680878	4.739247	0.010543	6.5
224	-0.121174	22.806883	4.833800	0.012708	8.0
225	-0.097845	23.806883	4.725920	0.008474	7.3
226	-0.119213	23.038893	4.808335	0.017866	8.1
227	-0.107708	23.482912	4.760339	0.008691	6.9
228	-0.139407	24.482685	4.655700	0.015631	10.2
229	-0.108131	23.611488	4.746619	0.010489	8.3
230	-0.137182	24.000839	4.705551	0.012554	9.6
231	-0.131287	24.996225	4.603720	0.008143	6.2
232	-0.131970	24.126548	4.692443	0.013211	10.7
233	-0.118424	25.117610	4.591603	0.009342	13.0
234	-0.115508	25.669073	4.537346	0.015928	17.3
235	-0.098917	24.812798	4.622152	0.017256	17.6
236	-0.091329	25.805673	4.524104	0.014377	16.4
237	-0.105187	25.089163	4.594437	0.014106	12.8
238	-0.108915	25.404268	4.563238	0.014431	6.2
239	-0.115904	26.404133	4.466989	0.014303	15.5
240	-0.083629	27.403968	4.374718	0.010906	11.4
241	-0.089527	28.403968	4.286169	0.019336	13.8
242	-0.124905	29.403968	4.201132	0.015144	10.3
243	-0.111511	28.545615	4.273915	0.013911	8.2
244	-0.118440	29.544865	4.189421	0.011293	13.6
245	-0.104209	28.735488	4.257598	0.010081	9.4
246	-0.121223	29.735442	4.173685	0.025223	8.8
247	-0.092501	30.735442	4.093011	0.013256	9.3
248	-0.113214	29.861917	4.163306	0.008937	8.6
249	-0.090699	30.860565	4.083136	0.011855	12.5
250	-0.102238	31.860564	4.005892	0.015359	7.6
251	-0.111105	30.986865	4.073216	0.010115	16.3
252	-0.136625	30.115110	4.142684	0.008009	9.7
253	-0.111022	29.269912	4.212336	0.006202	12.6
254	-0.109923	29.591752	4.185539	0.014223	10.3
255	-0.101231	28.717819	4.259111	0.012313	8.4
256	-0.112384	29.699242	4.176665	0.020355	7.5
257	-0.124431	30.678025	4.097559	0.009626	12.3
258	-0.115981	31.678006	4.019775	0.018843	10.7
259	-0.124233	31.712288	4.017161	0.006469	6.1
260	-0.116959	31.066111	4.067016	0.008970	12.7
261	-0.127558	31.619098	4.024275	0.011316	10.5
262	-0.096099	30.745299	4.092231	0.014669	7.7
263	-0.120259	31.745299	4.014647	0.009485	10.6
264	-0.095834	30.871720	4.082258	0.009405	14.7
265	-0.110162	30.000044	4.152030	0.011288	5.4
266	-0.095693	31.000041	4.072184	0.016337	10.7
267	-0.107409	30.126036	4.141798	0.016295	7.4
268	-0.108624	30.206476	4.135292	0.015611	11.2
269	-0.116126	29.332471	4.207100	0.013023	10.6
270	-0.123203	28.458466	4.281446	0.013419	11.5
271	-0.128929	29.457752	4.196654	0.012671	6.5
272	-0.133482	30.177572	4.137628	0.014164	14.6
273	-0.115265	31.177572	4.058329	0.011880	8.2
274	-0.104356	30.303567	4.127466	0.021590	8.5
275	-0.104928	29.429571	4.198999	0.010005	8.1
276	-0.099819	30.429570	4.117354	0.012972	12.0
277	-0.105822	31.406492	4.040601	0.004686	12.2
278	-0.115077	30.673947	4.097882	0.016171	10.8
279	-0.126273	30.343508	4.124255	0.009910	8.5
280	-0.098315	30.454057	4.115394	0.011994	9.2
281	-0.097166	29.580790	4.186446	0.006483	5.8
282	-0.108089	28.781270	4.253683	0.009810	10.4
283	-0.096610	28.524704	4.275719	0.019349	6.9
284	-0.119293	27.650699	4.352532	0.007126	8.7
285	-0.154106	26.776865	4.432140	0.016042	6.2
286	-0.144334	27.773520	4.341572	0.013880	9.2
287	-0.107677	28.769724	4.254670	0.009062	6.9
288	-0.120874	29.769699	4.170868	0.021867	9.1
289	-0.105140	30.769699	4.090303	0.009077	6.6
290	-0.123485	29.895695	4.160543	0.018014	11.8
291	-0.135221	29.022703	4.233153	0.017663	5.8
292	-0.105211	28.148702	4.308430	0.017178	9.8
293	-0.100413	29.148702	4.222517	0.011251	11.9
294	-0.120561	28.274873	4.297398	0.013901	13.2
295	-0.117095	29.100439	4.226584	0.020625	5.9
296	-0.103117	29.103847	4.226297	0.018061	12.4
297	-0.096295	30.103847	4.143597	0.006748	13.8
298	-0.143609	30.164944	4.138649	0.025095	8.1
299	-0.122788	31.164944	4.059311	0.013276	11.1
300	-0.111991	30.542557	4.108328	0.008767	13.4
301	-0.097297	29.719828	4.174969	0.008352	6.4
302	-0.123765	28.889365	4.244466	0.006975	13.1
303	-0.108382	28.019107	4.319820	0.010631	7.4
304	-0.131949	29.001012	4.234989	0.007750	7.2
305	-0.127159	29.900110	4.160182	0.008212	7.1
306	-0.108521	29.227868	4.215862	0.014045	7.9
307	-0.093382	30.227148	4.133623	0.014612	7.4
308	-0.142636	31.227148	4.054476	0.013223	7.6
309	-0.107124	30.353146	4.123481	0.010060	5.9
310	-0.115662	31.275905	4.050695	0.011953	8.0
311	-0.099528	30.411622	4.118791	0.010564	5.2
312	-0.112888	31.166996	4.059151	0.012469	6.6
313	-0.124597	30.301329	4.127646	0.011399	6.5
314	-0.099670	29.427662	4.199158	0.015027	6.7
315	-0.104215	28.553659	4.273221	0.009186	8.7
316	-0.099904	27.679654	4.349943	0.014154	6.3
317	-0.116759	27.031522	4.408641	0.011640	6.6
318	-0.126309	26.162777	4.489849	0.011307	7.1
319	-0.113079	27.161754	4.396720	0.014922	5.9
320	-0.123002	28.071144	4.315239	0.016359	19.7
321	-0.121182	27.197254	4.393481	0.009023	4.5
322	-0.092875	27.026898	4.409065	0.018522	11.8
323	-0.115134	28.026879	4.319135	0.013816	11.3
324	-0.103969	27.152875	4.397530	0.010828	10.6
325	-0.102165	28.152874	4.308064	0.009395	10.8
326	-0.120635	27.288183	4.385208	0.011996	11.4
327	-0.111363	28.288115	4.296243	0.013696	9.6
328	-0.121640	28.820629	4.250322	0.024671	6.5
329	-0.133202	27.946624	4.326217	0.009016	23.1
330	-0.113744	27.072619	4.404872	0.016933	14.8
331	-0.107894	27.868307	4.333151	0.011177	9.2
332	-0.085012	26.998186	4.411703	0.010894	12.8
333	-0.119031	26.137304	4.492275	0.012849	12.5
334	-0.137603	26.987193	4.412713	0.012674	11.7
335	-0.140121	27.980551	4.323221	0.014586	11.2
336	-0.116182	28.724029	4.258580	0.011541	11.8
337	-0.114113	27.850024	4.334772	0.004465	11.2
338	-0.125788	27.078014	4.404378	0.015258	8.1
339	-0.126134	27.695082	4.348565	0.006906	11.4
340	-0.111799	26.821707	4.427984	0.017581	13.4
341	-0.124667	27.819860	4.337451	0.012736	13.1
342	-0.117467	26.946729	4.416438	0.006595	10.1
343	-0.121350	26.093074	4.496494	0.014906	10.8
344	-0.116582	25.220613	4.581370	0.011948	11.4
345	-0.099681	25.304905	4.573030	0.014882	14.2
346	-0.112268	24.430903	4.661006	0.015607	6.7
347	-0.114330	23.587344	4.749189	0.014526	13.4
348	-0.084717	22.713339	4.844145	0.014719	8.0
349	-0.094266	23.713339	4.735807	0.014031	9.8
350	-0.121546	24.697187	4.633846	0.008817	12.6
351	-0.126851	23.830252	4.723456	0.008913	11.6
352	-0.093786	24.807190	4.622718	0.013869	8.3
353	-0.117464	23.950775	4.710792	0.011800	12.9
354	-0.119959	23.119602	4.799539	0.004695	11.7
355	-0.141026	22.318764	4.888268	0.012149	15.0
356	-0.122589	22.285199	4.892059	0.015708	15.4
357	-0.109279	22.164657	4.905720	0.007254	7.7
358	-0.118296	21.423435	4.991433	0.009522	16.4
359	-0.113439	20.576838	5.093070	0.017213	12.4
360	-0.120595	19.710940	5.201396	0.011619	19.3
361	-0.123250	20.410270	5.113556	0.016950	9.7
362	-0.127216	19.536375	5.223796	0.014115	11.2
363	-0.122331	20.519125	5.100149	0.015968	10.1
364	-0.119443	21.519124	4.980200	0.010402	10.1
365	-0.105833	22.518617	4.865819	0.012911	8.6
366	-0.143387	21.667674	4.962861	0.017436	10.2
367	-0.093359	22.667674	4.849210	0.025707	11.5
368	-0.140278	21.793669	4.948249	0.013552	11.5
369	-0.111256	20.946554	5.048179	0.010178	14.2
370	-0.126696	20.072550	5.155602	0.010152	9.7
371	-0.097793	21.057895	5.034815	0.014438	18.7
372	-0.123996	21.699254	4.959190	0.019281	6.2
373	-0.105994	20.825290	5.062816	0.018008	13.9
374	-0.084238	19.951286	5.170869	0.016102	12.5
375	-0.101882	20.951283	5.047610	0.020589	10.1
376	-0.106659	20.077278	5.155009	0.013305	10.7
377	-0.114143	19.203273	5.267077	0.009627	10.3
378	-0.136753	20.015623	5.162758	0.009406	14.4
379	-0.085872	20.849104	5.059935	0.008280	9.6
380	-0.132063	21.825806	4.944536	0.011702	7.9
381	-0.133397	22.823686	4.831947	0.012333	10.7
382	-0.103134	23.821988	4.724327	0.012308	10.1
383	-0.094756	24.821980	4.621226	0.021703	7.3
384	-0.116454	25.821980	4.522528	0.015277	13.5
385	-0.100360	26.821980	4.427958	0.010885	11.2
386	-0.102596	27.821917	4.337268	0.007608	9.6
387	-0.118367	28.691944	4.261329	0.026609	13.5
388	-0.111308	29.691731	4.177284	0.015431	10.6
389	-0.091258	30.691731	4.096472	0.014456	8.4
390	-0.127265	29.817726	4.166927	0.016255	14.2
391	-0.101258	28.943722	4.239847	0.011996	10.0
392	-0.119042	29.943713	4.156622	0.007452	20.8
393	-0.120031	29.093363	4.227181	0.019797	16.0
394	-0.126742	28.219359	4.302245	0.022598	15.6
395	-0.102654	27.345354	4.380022	0.010557	19.1
396	-0.124798	28.345354	4.291260	0.016978	14.5
397	-0.118947	27.471375	4.368635	0.009213	15.5
398	-0.109675	28.471375	4.280328	0.022213	14.9
399	-0.128817	27.597370	4.357309	0.013361	11.0
400	-0.106070	26.723365	4.437108	0.011163	9.8
401	-0.123718	25.907236	4.514309	0.018279	12.1
402	-0.118409	26.907236	4.420078	0.010434	12.0
403	-0.110734	27.907236	4.329702	0.023072	13.1
404	-0.114356	27.033232	4.408484	0.016249	18.6
405	-0.118921	27.889587	4.331264	0.011427	11.6
406	-0.122316	28.223857	4.301852	0.008660	16.8
407	-0.112955	27.385573	4.376382	0.012492	16.8
408	-0.116560	26.514350	4.456627	0.015590	14.0
409	-0.127227	27.323076	4.382042	0.024776	15.0
410	-0.124398	28.323076	4.293198	0.006628	13.6
411	-0.118111	29.323055	4.207887	0.014138	9.1
412	-0.105931	30.122217	4.142108	0.012928	13.4
413	-0.119739	31.122169	4.062642	0.019118	9.8
414	-0.118672	32.122169	3.986165	0.022564	8.7
415	-0.119526	31.248164	4.052845	0.009972	14.4
416	-0.092899	30.476010	4.113639	0.016574	13.1
417	-0.103907	29.684363	4.177891	0.008193	14.0
418	-0.098676	30.593702	4.104256	0.023018	10.0
419	-0.100044	29.800980	4.168300	0.010294	11.5
420	-0.099441	30.800980	4.087833	0.016239	11.9
421	-0.133691	30.127060	4.141715	0.016098	14.9
422	-0.111455	31.127060	4.062261	0.012638	14.2
423	-0.138164	32.127060	3.985798	0.009204	8.3
424	-0.106486	33.039042	3.918532	0.013964	14.3
425	-0.099525	32.165350	3.982927	0.009330	8.9
426	-0.120660	33.135396	3.911558	0.009703	8.7
427	-0.126726	34.104777	3.842747	0.027515	15.5
428	-0.112442	35.100428	3.774548	0.019923	7.9
429	-0.109373	34.226423	3.834283	0.013364	15.2
430	-0.113203	35.226423	3.766089	0.017048	11.7
431	-0.119497	36.226423	3.700279	0.015071	9.0
432	-0.129247	37.200303	3.638361	0.011764	15.4
433	-0.119568	36.326300	3.693832	0.017784	9.8
434	-0.109463	35.452605	3.751000	0.025959	7.4
435	-0.110223	34.578600	3.809987	0.017138	10.8
436	-0.085253	35.578600	3.742647	0.015425	8.9
437	-0.122664	36.578600	3.677646	0.009549	8.0
438	-0.109859	35.713525	3.733743	0.002299	11.1
439	-0.103945	36.349265	3.692353	0.019520	9.0
440	-0.104796	36.523127	3.681193	0.017278	8.6
441	-0.109520	35.651274	3.737846	0.011091	9.2
442	-0.127032	36.650895	3.673035	0.018524	13.6
443	-0.107141	37.650872	3.610411	0.015264	10.2
444	-0.114404	36.776867	3.665026	0.008244	16.2
445	-0.113085	37.585780	3.614422	0.012962	10.7
446	-0.111195	38.580796	3.554060	0.015203	11.6
447	-0.128754	37.706791	3.606972	0.007467	13.5
448	-0.112784	37.430161	3.624048	0.021754	7.2
449	-0.105857	37.458726	3.622278	0.011961	9.5
450	-0.115332	38.458710	3.561358	0.008123	14.1
451	-0.115270	39.242678	3.515012	0.012564	9.4
452	-0.127200	40.241743	3.457670	0.017538	14.9
453	-0.107445	41.241743	3.402118	0.018409	10.2
454	-0.139559	40.367738	3.450571	0.020567	12.6
455	-0.107482	41.272856	3.400418	0.013743	10.5
456	-0.095218	40.398851	3.448822	0.005181	8.8
457	-0.117211	40.571492	3.439152	0.022274	12.5
458	-0.105141	39.697727	3.488660	0.013876	10.0
459	-0.113558	40.568867	3.439299	0.016844	7.8
460	-0.122028	41.565327	3.384522	0.005019	13.0
461	-0.123318	42.563315	3.331383	0.012545	16.7
462	-0.127937	41.752663	3.374418	0.010306	9.1
463	-0.108833	41.051781	3.412533	0.027174	16.5
464	-0.104210	40.703020	3.431821	0.023613	13.8
465	-0.106779	39.829015	3.481130	0.009665	13.7
466	-0.099357	38.955013	3.531877	0.021092	13.7
467	-0.130786	39.954645	3.473956	0.011387	8.1
468	-0.135555	39.080641	3.524492	0.011755	16.6
469	-0.101317	38.206840	3.576508	0.009275	10.3
470	-0.116597	37.555353	3.616300	0.013119	12.6
471	-0.087252	36.685210	3.670850	0.009128	13.5
472	-0.113009	36.348210	3.692421	0.021048	10.0
473	-0.092938	35.474206	3.749566	0.016788	15.0
474	-0.094776	36.413569	3.688218	0.008439	10.7
475	-0.110281	35.665859	3.736884	0.010296	12.0
476	-0.111654	34.794222	3.795263	0.023856	10.3
477	-0.124674	33.920217	3.855661	0.012704	11.5
478	-0.103752	33.046212	3.918012	0.015576	10.7
479	-0.111752	34.046203	3.846836	0.018011	11.5
480	-0.091776	33.172198	3.908901	0.018479	9.0
481	-0.122069	34.172198	3.838051	0.005940	10.7
482	-0.123414	35.133566	3.772319	0.018604	18.3
483	-0.100901	36.132388	3.706369	0.007115	13.5
484	-0.140004	36.883544	3.658272	0.021878	10.1
485	-0.118634	37.883199	3.596166	0.012525	10.1
486	-0.102853	38.883199	3.536113	0.011352	14.2
487	-0.120900	38.419244	3.563723	0.015501	11.9
488	-0.109723	37.640557	3.611046	0.010737	8.5
489	-0.104649	37.202388	3.638231	0.017060	13.1
490	-0.094487	36.328383	3.693698	0.011481	12.3
491	-0.120271	35.454623	3.750866	0.008620	7.4
492	-0.120351	34.595944	3.808798	0.006787	17.7
493	-0.098648	34.399583	3.822298	0.005739	8.8
494	-0.109105	34.468115	3.817576	0.005165	13.4
495	-0.112010	34.279688	3.830588	0.010881	10.6
496	-0.121909	35.228808	3.765930	0.009665	13.0
497	-0.101760	36.098127	3.708593	0.008420	11.4
498	-0.146467	37.092789	3.645095	0.019615	13.8
499	-0.117001	36.218927	3.700764	0.013326	9.2
Time spent in resolution 0 (ITK initialization and iterating): 6.926 s.
Stopping condition: Maximum number of iterations has been reached.
Settings of AdaptiveStochasticGradientDescent in resolution 0:
( SP_a 211.753733 )
( SP_A 20.000000 )
( SP_alpha 1.000000 )
( SigmoidMax 1.000000 )
( SigmoidMin -0.874005 )
( SigmoidScale 0.000006 )



=============== start of TransformParameterFile ===============
(Transform "EulerTransform")
(NumberOfParameters 6)
(TransformParameters -0.009809 0.000602 -0.003219 -0.653193 -5.887146 -18.939468)
(InitialTransformParametersFileName "NoInitialTransform")
(UseBinaryFormatForTransformationParameters "false")
(HowToCombineTransforms "Compose")

// Image specific
(FixedImageDimension 3)
(MovingImageDimension 3)
(FixedInternalImagePixelType "float")
(MovingInternalImagePixelType "float")
(Size 256 256 30)
(Index 0 0 0)
(Spacing 0.7031250000 0.7031250000 3.0000000000)
(Origin -94.3680801392 -67.9099273682 0.4873771667)
(Direction 1.0000000000 0.0000000000 0.0000000000 0.0000000000 1.0000000000 0.0000000000 0.0000000000 0.0000000000 1.0000000000)
(UseDirectionCosines "false")

// EulerTransform specific
(CenterOfRotationPoint -4.7196426392 21.7385101318 43.9873771667)
(ComputeZYX "false")

// ResampleInterpolator specific
(ResampleInterpolator "FinalBSplineInterpolator")
(FinalBSplineInterpolationOrder 3)

// Resampler specific
(Resampler "DefaultResampler")
(DefaultPixelValue 0.000000)
(ResultImageFormat "nii.gz")
(ResultImagePixelType "short")
(CompressResultImage "false")

=============== end of TransformParameterFile ===============

Creating the TransformParameterFile took 0.01s

Registration result checksum: 1820598265

Skipping applying final transform, no resulting output image generated.

Final metric value  = -0.117001
Settings of AdaptiveStochasticGradientDescent for all resolutions:
( SP_a 211.753733 )
( SP_A 20.000000 )
( SP_alpha 1.000000 )
( SigmoidMax 1.000000 )
( SigmoidMin -0.874005 )
( SigmoidScale 0.000006 )

Time spent on saving the results, applying the final transform etc.: 12 ms.
Running elastix with parameter file 0: "/Users/sakinkirti/Programming/Python/CCIPD/racial-disparity-pca/code_matlab/rigid.txt", has finished.


Current time: Mon May 23 13:32:53 2022.
Time used for running elastix with this parameter file:
  7.1s.

-------------------------------------------------------------------------

Total time elapsed: 7.3s.

