
elastix is started at Mon May 23 17:58:40 2022.

which elastix:   /Users/sakinkirti/Programming/Python/CCIPD/racial-disparity-pca/code_matlab/elastix-5.0.0-mac/bin/elastix
elastix runs at: Sakins-MBP.hsd1.ca.comcast.net
  macOS 12.3.1 (x64), 21E258
  with 8192 MB memory, and 2 cores @ 2300 MHz.
-------------------------------------------------------------------------

Running elastix with parameter file 0: "/Users/sakinkirti/Programming/Python/CCIPD/racial-disparity-pca/code_matlab/rigid.txt".

Current time: Mon May 23 17:58:40 2022.
Reading the elastix parameters from file ...

Installing all components.
InstallingComponents was successful.

ELASTIX version: 5.000
Command line options from ElastixBase:
-f        /Users/sakinkirti/Programming/Python/CCIPD/racial-disparity-pca/dataset/to_nifti_cleaned/prostate-000969/T2W.nii.gz
-m        /Users/sakinkirti/Programming/Python/CCIPD/racial-disparity-pca/dataset/to_nifti_cleaned/prostate-000969/ADC.nii.gz
-fMask    unspecified, so no fixed mask used
-mMask    unspecified, so no moving mask used
-out      /Users/sakinkirti/Programming/Python/CCIPD/racial-disparity-pca/dataset/to_nifti_cleaned/prostate-000969/
-p        /Users/sakinkirti/Programming/Python/CCIPD/racial-disparity-pca/code_matlab/rigid.txt
-threads  unspecified, so all available threads are used
Command line options from TransformBase:
-t0       unspecified, so no initial transform used

=============== start of ParameterFile: /Users/sakinkirti/Programming/Python/CCIPD/racial-disparity-pca/code_matlab/rigid.txt ===============
// Example parameter file for rotation registration
// C-style comments: //

// The internal pixel type, used for internal computations
// Leave to float in general. 
// NB: this is not the type of the input images! The pixel 
// type of the input images is automatically read from the 
// images themselves.
// This setting can be changed to "short" to save some memory
// in case of very large 3D images.
(FixedInternalImagePixelType "float")
(MovingInternalImagePixelType "float")

// The dimensions of the fixed and moving image
// Up to elastix 4.5 this had to be specified by the user.
// From elastix 4.6, this is not necessary anymore.
//(FixedImageDimension 3)
//(MovingImageDimension 3)

// Specify whether you want to take into account the so-called
// direction cosines of the images. Recommended: true.
// In some cases, the direction cosines of the image are corrupt,
// due to image format conversions for example. In that case, you 
// may want to set this option to "false".
(UseDirectionCosines "false")

// **************** Main Components **************************

// The following components should usually be left as they are:
(Registration "MultiResolutionRegistration")
(Interpolator "BSplineInterpolator")
(ResampleInterpolator "FinalBSplineInterpolator")
(Resampler "DefaultResampler")

// These may be changed to Fixed/MovingSmoothingImagePyramid.
// See the manual.
(FixedImagePyramid "FixedRecursiveImagePyramid")
(MovingImagePyramid "MovingRecursiveImagePyramid")

// The following components are most important:
// The optimizer AdaptiveStochasticGradientDescent (ASGD) works
// quite ok in general. The Transform and Metric are important
// and need to be chosen careful for each application. See manual.
(Optimizer "AdaptiveStochasticGradientDescent")
(Transform "EulerTransform")
(Metric "AdvancedMattesMutualInformation")

// ***************** Transformation **************************

// Scales the rotations compared to the translations, to make
// sure they are in the same range. In general, it's best to  
// use automatic scales estimation:
(AutomaticScalesEstimation "true")

// Automatically guess an initial translation by aligning the
// geometric centers of the fixed and moving.
(AutomaticTransformInitialization "true")

// Whether transforms are combined by composition or by addition.
// In generally, Compose is the best option in most cases.
// It does not influence the results very much.
(HowToCombineTransforms "Compose")

// ******************* Similarity measure *********************

// Number of grey level bins in each resolution level,
// for the mutual information. 16 or 32 usually works fine.
// You could also employ a hierarchical strategy:
//(NumberOfHistogramBins 16 32 64)
(NumberOfHistogramBins 32)

// If you use a mask, this option is important. 
// If the mask serves as region of interest, set it to false.
// If the mask indicates which pixels are valid, then set it to true.
// If you do not use a mask, the option doesn't matter.
(ErodeMask "false")

// ******************** Multiresolution **********************

// The number of resolutions. 1 Is only enough if the expected
// deformations are small. 3 or 4 mostly works fine. For large
// images and large deformations, 5 or 6 may even be useful.
(NumberOfResolutions 1)

// The downsampling/blurring factors for the image pyramids.
// By default, the images are downsampled by a factor of 2
// compared to the next resolution.
// So, in 2D, with 4 resolutions, the following schedule is used:
//(ImagePyramidSchedule 8 8  4 4  2 2  1 1 )
// And in 3D:
//(ImagePyramidSchedule 8 8 8  4 4 4  2 2 2  1 1 1 )
// You can specify any schedule, for example:
//(ImagePyramidSchedule 4 4  4 3  2 1  1 1 )
// Make sure that the number of elements equals the number
// of resolutions times the image dimension.

// ******************* Optimizer ****************************

// Maximum number of iterations in each resolution level:
// 200-500 works usually fine for rigid registration.
// For more robustness, you may increase this to 1000-2000.
(MaximumNumberOfIterations 500)

// The step size of the optimizer, in mm. By default the voxel size is used.
// which usually works well. In case of unusual high-resolution images
// (eg histology) it is necessary to increase this value a bit, to the size
// of the "smallest visible structure" in the image:
//(MaximumStepLength 1.0)

// **************** Image sampling **********************

// Number of spatial samples used to compute the mutual
// information (and its derivative) in each iteration.
// With an AdaptiveStochasticGradientDescent optimizer,
// in combination with the two options below, around 2000
// samples may already suffice.
(NumberOfSpatialSamples 2000)

// Refresh these spatial samples in every iteration, and select
// them randomly. See the manual for information on other sampling
// strategies.
(NewSamplesEveryIteration "true")
(ImageSampler "Random")

// ************* Interpolation and Resampling ****************

// Order of B-Spline interpolation used during registration/optimisation.
// It may improve accuracy if you set this to 3. Never use 0.
// An order of 1 gives linear interpolation. This is in most 
// applications a good choice.
(BSplineInterpolationOrder 1)

// Order of B-Spline interpolation used for applying the final
// deformation.
// 3 gives good accuracy; recommended in most cases.
// 1 gives worse accuracy (linear interpolation)
// 0 gives worst accuracy, but is appropriate for binary images
// (masks, segmentations); equivalent to nearest neighbor interpolation.
(FinalBSplineInterpolationOrder 3)

//Default pixel value for pixels that come from outside the picture:
(DefaultPixelValue 0)

// Choose whether to generate the deformed moving image.
// You can save some time by setting this to false, if you are
// only interested in the final (nonrigidly) deformed moving image
// for example.
(WriteResultImage "true")

// The pixel type and format of the resulting deformed moving image
(ResultImagePixelType "short")
(ResultImageFormat "nii.gz")




=============== end of ParameterFile: /Users/sakinkirti/Programming/Python/CCIPD/racial-disparity-pca/code_matlab/rigid.txt ===============


Reading images...
Reading images took 505 ms.

WARNING: the fixed pyramid schedule is not fully specified!
  A default pyramid schedule is used.
WARNING: the moving pyramid schedule is not fully specified!
  A default pyramid schedule is used.
WARNING: The parameter "AutomaticTransformInitializationMethod", requested at entry number 0, does not exist at all.
  The default value "GeometricalCenter" is used instead.
Transform parameters are initialized as: [0, 0, 0, 0.11157695949077606, -17.33742816746235, 5.703884601593018]
Scales are estimated automatically.
Scales for transform parameters are: [3753.9387610829563, 3753.938761082969, 5479.877522165825, 1, 1, 1]
Initialization of all components (before registration) took: 13 ms.
Preparation of the image pyramids took: 53 ms.

Resolution: 0
WARNING: The parameter "ShowExactMetricValue", requested at entry number 0, does not exist at all.
  The default value "false" is used instead.
WARNING: The parameter "CheckNumberOfSamples", requested at entry number 0, does not exist at all.
  The default value "true" is used instead.
WARNING: The parameter "UseMultiThreadingForMetrics", requested at entry number 0, does not exist at all.
  The default value "true" is used instead.
Setting the fixed masks took: 0 ms.
Setting the moving masks took: 0 ms.
WARNING: The parameter "NumberOfFixedHistogramBins", requested at entry number 0, does not exist at all.
  The default value "32" is used instead.
WARNING: The parameter "NumberOfMovingHistogramBins", requested at entry number 0, does not exist at all.
  The default value "32" is used instead.
WARNING: The parameter "FixedLimitRangeRatio", requested at entry number 0, does not exist at all.
  The default value "0.01" is used instead.
WARNING: The parameter "MovingLimitRangeRatio", requested at entry number 0, does not exist at all.
  The default value "0.01" is used instead.
WARNING: The parameter "FixedKernelBSplineOrder", requested at entry number 0, does not exist at all.
  The default value "0" is used instead.
WARNING: The parameter "MovingKernelBSplineOrder", requested at entry number 0, does not exist at all.
  The default value "3" is used instead.
WARNING: The parameter "UseFastAndLowMemoryVersion", requested at entry number 0, does not exist at all.
  The default value "true" is used instead.
WARNING: The parameter "UseJacobianPreconditioning", requested at entry number 0, does not exist at all.
  The default value "false" is used instead.
WARNING: The parameter "FiniteDifferenceDerivative", requested at entry number 0, does not exist at all.
  The default value "false" is used instead.
WARNING: The parameter "SP_A", requested at entry number 0, does not exist at all.
  The default value "20" is used instead.
WARNING: The parameter "MaximumNumberOfSamplingAttempts", requested at entry number 0, does not exist at all.
  The default value "0" is used instead.
WARNING: The parameter "SigmoidInitialTime", requested at entry number 0, does not exist at all.
  The default value "0" is used instead.
WARNING: The parameter "MaxBandCovSize", requested at entry number 0, does not exist at all.
  The default value "192" is used instead.
WARNING: The parameter "NumberOfBandStructureSamples", requested at entry number 0, does not exist at all.
  The default value "10" is used instead.
WARNING: The parameter "UseAdaptiveStepSizes", requested at entry number 0, does not exist at all.
  The default value "true" is used instead.
WARNING: The parameter "AutomaticParameterEstimation", requested at entry number 0, does not exist at all.
  The default value "true" is used instead.
WARNING: The parameter "UseConstantStep", requested at entry number 0, does not exist at all.
  The default value "false" is used instead.
WARNING: The parameter "MaximumStepLengthRatio", requested at entry number 0, does not exist at all.
  The default value "1" is used instead.
WARNING: The parameter "MaximumStepLength", requested at entry number 0, does not exist at all.
  The default value "0.851136" is used instead.
WARNING: The parameter "NumberOfGradientMeasurements", requested at entry number 0, does not exist at all.
  The default value "0" is used instead.
WARNING: The parameter "NumberOfJacobianMeasurements", requested at entry number 0, does not exist at all.
  The default value "1000" is used instead.
WARNING: The parameter "NumberOfSamplesForExactGradient", requested at entry number 0, does not exist at all.
  The default value "100000" is used instead.
WARNING: The parameter "SigmoidScaleFactor", requested at entry number 0, does not exist at all.
  The default value "0.1" is used instead.
Elastix initialization of all components (for this resolution) took: 1 ms.
  Computing the fixed image extrema took 94 ms.
  Computing the moving image extrema took 6 ms.
Initialization of AdvancedMattesMutualInformation metric took: 123 ms.
Starting automatic parameter estimation for AdaptiveStochasticGradientDescent ...
WARNING: The parameter "ASGDParameterEstimationMethod", requested at entry number 0, does not exist at all.
  The default value "Original" is used instead.
  Computing JacobianTerms ...
  Computing the Jacobian terms took 0.003014s
  NumberOfGradientMeasurements to estimate sigma_i: 6
  Sampling gradients ...
  Sampling the gradients took 0.826734s
Automatic parameter estimation took 0.83s
1:ItNr	2:Metric	3a:Time	3b:StepSize	4:||Gradient||	Time[ms]
0	-0.213204	0.000000	13.167486	0.016604	964.5
1	-0.177251	0.000000	13.167486	0.013066	9.0
2	-0.188369	1.000000	12.568964	0.009402	7.7
3	-0.203846	1.069310	12.529490	0.026579	4.8
4	-0.203072	0.330928	12.963206	0.017217	5.7
5	-0.199509	1.330928	12.382701	0.007494	6.3
6	-0.203667	0.592546	12.806142	0.011201	7.1
7	-0.168725	0.922890	12.613173	0.011884	9.1
8	-0.199522	1.922705	12.063027	0.015241	5.5
9	-0.195982	1.202900	12.454103	0.008516	8.6
10	-0.198107	2.173870	11.932284	0.008802	4.7
11	-0.185012	3.173386	11.438911	0.016573	6.3
12	-0.198177	4.173324	10.984533	0.010326	7.5
13	-0.196929	3.434942	11.316467	0.018755	7.7
14	-0.185058	4.434942	10.871549	0.014898	8.7
15	-0.223781	3.860402	11.122797	0.012694	6.6
16	-0.189402	4.673661	10.770463	0.012668	8.6
17	-0.200583	5.320670	10.505705	0.011672	5.8
18	-0.181048	6.320670	10.121172	0.007874	7.0
19	-0.201569	5.583065	10.402006	0.017101	4.3
20	-0.185447	4.844744	10.699166	0.015011	4.3
21	-0.185745	4.106362	11.013830	0.009999	5.9
22	-0.200639	3.368104	11.347506	0.009027	6.4
23	-0.206888	3.789818	11.154467	0.005809	9.3
24	-0.216785	3.063778	11.491014	0.014214	7.1
25	-0.191132	2.336566	11.849096	0.009675	9.0
26	-0.176822	3.335915	11.362515	0.013291	8.3
27	-0.188063	4.335815	10.914084	0.009050	11.1
28	-0.201860	5.335809	10.499666	0.015954	6.4
29	-0.201503	6.335802	10.115570	0.020635	8.5
30	-0.189909	5.616123	10.389087	0.012708	7.9
31	-0.170945	6.616004	10.012933	0.011076	7.9
32	-0.200471	5.877636	10.288003	0.011962	7.6
33	-0.204446	6.859553	9.925400	0.015606	10.0
34	-0.214474	7.840254	9.587891	0.011453	8.7
35	-0.194243	8.824479	9.271485	0.025204	9.9
36	-0.200939	8.086098	9.506851	0.006696	7.1
37	-0.194537	7.347715	9.754479	0.011472	16.3
38	-0.200890	6.609386	10.015334	0.010214	7.8
39	-0.200501	7.474746	9.710963	0.017134	7.0
40	-0.185896	6.736633	9.969386	0.016617	8.2
41	-0.188508	6.036425	10.227580	0.005652	5.5
42	-0.190780	5.313336	10.508633	0.016729	8.3
43	-0.186373	4.585822	10.807439	0.012444	16.4
44	-0.180901	3.847440	11.128600	0.010347	7.2
45	-0.180073	4.542724	10.825674	0.008879	8.0
46	-0.186553	3.804546	11.147844	0.009281	7.6
47	-0.193736	3.066176	11.489869	0.015090	8.0
48	-0.200666	2.327794	11.853552	0.011043	6.3
49	-0.196125	1.589412	12.241010	0.009605	9.6
50	-0.225747	2.588686	11.722451	0.013298	6.0
51	-0.209324	2.747355	11.644127	0.013817	8.5
52	-0.212906	2.010597	12.016950	0.007817	6.3
53	-0.182167	1.272222	12.415340	0.012390	7.4
54	-0.234945	0.556879	12.827330	0.008855	7.5
55	-0.188891	0.345480	12.954368	0.010819	8.6
56	-0.204091	1.313651	12.392289	0.018251	7.1
57	-0.202105	1.187771	12.462595	0.016477	8.2
58	-0.224131	0.449389	12.891612	0.018363	6.8
59	-0.215099	0.000000	13.167486	0.012212	8.1
60	-0.205751	0.000000	13.167486	0.018714	5.8
61	-0.217662	0.000000	13.167486	0.011517	7.3
62	-0.203291	0.591691	12.806649	0.006124	9.1
63	-0.237295	0.000000	13.167486	0.009519	9.5
64	-0.220825	0.000000	13.167486	0.008918	7.6
65	-0.224214	0.000000	13.167486	0.020078	6.7
66	-0.222241	0.000000	13.167486	0.015399	8.2
67	-0.238908	0.988961	12.575274	0.024311	6.5
68	-0.209215	1.988961	12.028260	0.015569	8.6
69	-0.241488	2.968160	11.536856	0.015137	12.3
70	-0.205900	2.229783	11.903564	0.018593	9.8
71	-0.226053	1.491401	12.294352	0.010305	8.8
72	-0.191469	2.491366	11.771015	0.019459	7.1
73	-0.212888	1.752984	12.153009	0.006706	8.6
74	-0.216159	1.086546	12.519713	0.006663	7.3
75	-0.227790	0.413936	12.912956	0.015352	8.2
76	-0.185154	0.000000	13.167486	0.016296	8.4
77	-0.226167	0.000000	13.167486	0.005894	10.7
78	-0.185099	0.881945	12.636775	0.012322	6.1
79	-0.194879	0.288162	12.989248	0.011670	9.0
80	-0.206092	0.905373	12.623260	0.011001	6.9
81	-0.223220	0.167007	13.063595	0.014363	7.2
82	-0.213721	0.000000	13.167486	0.010755	6.8
83	-0.208624	0.925493	12.611675	0.015366	10.4
84	-0.211338	1.925493	12.061560	0.013006	5.9
85	-0.203153	1.187141	12.462949	0.010368	7.4
86	-0.222147	2.152186	11.943460	0.009473	9.6
87	-0.242300	1.849780	12.101526	0.013270	7.6
88	-0.199937	1.352410	12.370801	0.008921	6.8
89	-0.189791	1.865327	12.093298	0.022245	6.8
90	-0.218493	1.126945	12.496854	0.020831	6.7
91	-0.222472	2.126945	11.956495	0.006520	7.6
92	-0.185977	1.388576	12.350817	0.010004	6.9
93	-0.256582	0.650275	12.771995	0.012775	7.1
94	-0.230083	0.000000	13.167486	0.011957	8.0
95	-0.213793	0.000000	13.167486	0.020181	6.3
96	-0.228413	0.000000	13.167486	0.015831	7.3
97	-0.234429	1.000000	12.568964	0.012603	5.4
98	-0.217418	2.000000	12.022487	0.014752	6.3
99	-0.231072	1.261618	12.421254	0.020268	6.9
100	-0.250796	0.523236	12.847381	0.004489	7.5
101	-0.217637	0.000000	13.167486	0.016375	7.2
102	-0.233073	0.000000	13.167486	0.009830	7.3
103	-0.188886	0.000000	13.167486	0.011105	4.8
104	-0.238402	0.000000	13.167486	0.016800	7.5
105	-0.233848	0.998285	12.569944	0.015291	9.4
106	-0.225992	0.259903	13.006513	0.013806	6.1
107	-0.242789	1.254493	12.425231	0.017479	7.0
108	-0.236771	0.516789	12.851230	0.014597	7.4
109	-0.224782	0.000000	13.167486	0.020121	7.3
110	-0.220734	0.996531	12.570946	0.012734	6.7
111	-0.252835	1.994704	12.025256	0.019504	5.6
112	-0.224146	1.256322	12.424210	0.011168	6.3
113	-0.231040	0.517940	12.850543	0.017941	4.4
114	-0.233908	0.000000	13.167486	0.013971	5.5
115	-0.250300	0.000000	13.167486	0.023625	5.6
116	-0.214238	0.000000	13.167486	0.012617	4.4
117	-0.255309	0.000000	13.167486	0.018109	4.0
118	-0.260402	0.000000	13.167486	0.014858	5.4
119	-0.235260	0.000000	13.167486	0.016197	4.0
120	-0.251260	0.000000	13.167486	0.009502	4.0
121	-0.246908	0.000000	13.167486	0.011411	5.7
122	-0.217067	0.000000	13.167486	0.016004	4.6
123	-0.242076	0.000000	13.167486	0.020167	4.4
124	-0.260579	0.000000	13.167486	0.012911	5.0
125	-0.261864	0.000000	13.167486	0.017485	4.1
126	-0.234500	0.000000	13.167486	0.014027	5.1
127	-0.251115	0.000000	13.167486	0.022927	5.6
128	-0.260224	0.000000	13.167486	0.015975	4.8
129	-0.242165	0.000000	13.167486	0.012120	4.0
130	-0.264613	0.000000	13.167486	0.018423	6.0
131	-0.236001	0.000000	13.167486	0.015919	4.6
132	-0.277037	0.000000	13.167486	0.023265	4.8
133	-0.274827	0.000000	13.167486	0.015842	5.0
134	-0.260541	0.000000	13.167486	0.020922	8.1
135	-0.254753	0.000000	13.167486	0.021624	6.4
136	-0.263262	0.000000	13.167486	0.019333	7.6
137	-0.278168	0.000000	13.167486	0.008194	6.8
138	-0.256116	0.000000	13.167486	0.010217	5.9
139	-0.258563	0.000000	13.167486	0.017135	8.8
140	-0.293991	0.000000	13.167486	0.010347	8.6
141	-0.289685	0.000000	13.167486	0.017681	6.6
142	-0.267898	0.000000	13.167486	0.011768	7.8
143	-0.284304	0.000000	13.167486	0.020034	6.0
144	-0.265053	0.000000	13.167486	0.011880	7.5
145	-0.280927	0.000000	13.167486	0.020178	7.7
146	-0.261136	0.000000	13.167486	0.016945	10.2
147	-0.290019	0.000000	13.167486	0.005453	7.8
148	-0.259339	0.000000	13.167486	0.017659	6.5
149	-0.247669	0.000000	13.167486	0.012466	6.0
150	-0.289704	0.000000	13.167486	0.015323	6.5
151	-0.282578	0.000000	13.167486	0.011984	7.9
152	-0.282813	0.000000	13.167486	0.017646	7.7
153	-0.269021	0.000000	13.167486	0.016230	8.4
154	-0.276488	0.000000	13.167486	0.023192	5.4
155	-0.280375	0.000000	13.167486	0.022478	7.4
156	-0.274590	0.000000	13.167486	0.008233	6.1
157	-0.295252	0.000000	13.167486	0.016333	8.6
158	-0.306391	0.000000	13.167486	0.015932	6.5
159	-0.282268	0.000000	13.167486	0.017446	7.7
160	-0.278080	0.000000	13.167486	0.017637	6.4
161	-0.275231	0.000000	13.167486	0.012378	4.9
162	-0.276792	0.000000	13.167486	0.018481	7.2
163	-0.276038	1.000000	12.568964	0.012792	6.9
164	-0.294306	0.261618	13.005464	0.011691	6.8
165	-0.283212	0.000000	13.167486	0.012041	7.1
166	-0.283850	0.000000	13.167486	0.015956	6.6
167	-0.271316	0.000000	13.167486	0.011062	7.1
168	-0.309319	0.999988	12.568971	0.012483	5.7
169	-0.307727	1.999987	12.022494	0.010328	7.4
170	-0.323882	2.999921	11.521588	0.015277	7.0
171	-0.312723	3.999918	11.060725	0.011933	8.1
172	-0.321596	3.379002	11.342433	0.009529	6.3
173	-0.281804	2.846534	11.595698	0.016724	8.0
174	-0.307302	2.108152	11.966219	0.019984	6.9
175	-0.288348	2.713815	11.660595	0.026504	7.4
176	-0.296267	3.713815	11.188770	0.016791	8.1
177	-0.292107	2.975433	11.533356	0.014353	8.0
178	-0.291745	3.975433	11.071568	0.013074	8.0
179	-0.294369	3.237051	11.408864	0.010891	6.8
180	-0.324765	2.615291	11.709244	0.007290	6.3
181	-0.304562	3.610493	11.235744	0.019589	7.6
182	-0.318316	3.054898	11.495256	0.013815	7.5
183	-0.282346	2.316516	11.859285	0.009764	7.0
184	-0.300670	1.585745	12.242997	0.025732	10.3
185	-0.287664	2.585726	11.723922	0.012825	8.7
186	-0.307203	3.585726	11.247063	0.021118	9.6
187	-0.274854	2.847344	11.595304	0.010179	8.2
188	-0.304695	2.817014	11.610070	0.023125	7.4
189	-0.306852	2.078635	11.981524	0.018120	8.2
190	-0.269320	1.340252	12.377533	0.012144	6.9
191	-0.337270	2.203208	11.917197	0.015305	8.8
192	-0.318013	1.477145	12.302150	0.022660	6.1
193	-0.286190	0.738763	12.720006	0.025558	5.7
194	-0.300968	1.738763	12.160609	0.021261	8.5
195	-0.284215	2.202471	11.917576	0.010130	7.2
196	-0.297387	3.170211	11.440414	0.019542	7.3
197	-0.297204	4.170210	10.985892	0.014850	5.9
198	-0.296624	5.170210	10.566106	0.019303	6.7
199	-0.315347	6.170210	10.177220	0.015653	5.4
200	-0.265874	5.431828	10.461524	0.020830	6.2
201	-0.310299	4.745698	10.740327	0.022117	6.3
202	-0.307473	4.163238	10.988936	0.010642	5.7
203	-0.278447	5.163238	10.568921	0.013383	7.3
204	-0.312208	6.149320	10.185051	0.014125	6.6
205	-0.338698	7.149278	9.823243	0.010838	5.9
206	-0.309870	8.149269	9.486248	0.008799	7.1
207	-0.314637	7.410906	9.732784	0.007868	5.7
208	-0.320230	8.303152	9.436432	0.014490	6.8
209	-0.286012	8.568892	9.351626	0.012196	5.7
210	-0.296071	9.070122	9.195746	0.011729	6.5
211	-0.320231	10.069861	8.899853	0.015015	7.8
212	-0.301328	11.052986	8.626878	0.008077	6.8
213	-0.281235	10.329121	8.826204	0.013323	7.2
214	-0.301445	9.590812	9.039224	0.010749	6.0
215	-0.328322	10.590118	8.753282	0.012926	8.0
216	-0.301999	9.851741	8.962775	0.019865	6.4
217	-0.286133	9.115890	9.181771	0.020504	7.4
218	-0.302675	10.115890	8.886688	0.014180	7.9
219	-0.300101	9.377508	9.102696	0.011151	7.1
220	-0.281357	9.478318	9.072588	0.018394	7.7
221	-0.320288	10.478076	8.784438	0.023406	5.6
222	-0.337730	11.466639	8.516964	0.018409	7.2
223	-0.309486	12.466639	8.262473	0.017528	5.7
224	-0.292045	13.466639	8.022749	0.003781	7.6
225	-0.285374	14.341100	7.824239	0.007107	7.3
226	-0.303838	13.800523	7.945777	0.019727	7.2
227	-0.328512	13.091631	8.111000	0.015190	7.0
228	-0.285545	13.957906	7.910005	0.010004	7.6
229	-0.313693	14.957732	7.690063	0.016600	7.3
230	-0.319281	15.545597	7.566362	0.024605	6.1
231	-0.296483	16.545597	7.364837	0.019509	6.9
232	-0.296831	17.545597	7.173769	0.018160	6.8
233	-0.314007	17.166378	7.245047	0.008193	6.9
234	-0.330941	18.166337	7.060073	0.021703	6.2
235	-0.289915	19.166337	6.884302	0.011171	6.2
236	-0.302657	18.427955	7.013227	0.018219	8.5
237	-0.297798	19.427952	6.839753	0.018662	6.1
238	-0.279595	20.394894	6.679984	0.015546	7.6
239	-0.294466	19.656516	6.801301	0.009822	6.9
240	-0.328717	19.074790	6.900029	0.025426	6.5
241	-0.321983	18.336408	7.029549	0.018618	6.4
242	-0.298684	19.336408	6.855276	0.012405	6.9
243	-0.289804	19.699626	6.794097	0.008478	7.9
244	-0.303248	18.961244	6.919635	0.021866	7.6
245	-0.304767	18.304575	7.035242	0.019749	8.4
246	-0.319899	17.566194	7.169938	0.014836	6.7
247	-0.324744	18.447981	7.009667	0.015334	8.1
248	-0.319704	19.447966	6.836369	0.008622	5.3
249	-0.295826	20.447965	6.671430	0.006173	7.6
250	-0.303410	21.446439	6.514497	0.017009	6.8
251	-0.329714	22.446424	6.364556	0.017031	5.9
252	-0.294937	21.708041	6.474594	0.012660	6.1
253	-0.316437	20.969659	6.588503	0.016970	4.5
254	-0.288886	21.969659	6.435173	0.013378	5.3
255	-0.308739	21.231278	6.547687	0.015453	5.9
256	-0.290189	20.492896	6.664206	0.007385	4.5
257	-0.293224	21.275190	6.540886	0.018049	5.9
258	-0.299484	22.269772	6.390540	0.019095	4.3
259	-0.306147	23.269772	6.246186	0.011945	5.4
260	-0.295754	22.531477	6.352121	0.013650	4.4
261	-0.301965	23.531477	6.209478	0.011202	4.7
262	-0.314324	24.527905	6.073576	0.021420	4.2
263	-0.300488	23.789523	6.173703	0.011861	4.8
264	-0.279101	24.789523	6.038875	0.016142	5.1
265	-0.313338	24.303537	6.103656	0.008312	4.6
266	-0.305921	23.565418	6.204748	0.013700	8.4
267	-0.306029	23.291653	6.243100	0.016351	4.8
268	-0.288633	23.957565	6.150627	0.019481	7.0
269	-0.322039	24.956815	6.016892	0.014202	5.4
270	-0.324703	25.956815	5.888756	0.012412	4.1
271	-0.311864	25.229141	5.981448	0.015630	4.3
272	-0.299247	24.490829	6.078527	0.011043	4.4
273	-0.293026	25.490828	5.947780	0.014871	4.4
274	-0.275781	26.490822	5.822540	0.019050	4.8
275	-0.302579	25.752441	5.914498	0.007528	5.1
276	-0.307100	25.014059	6.009407	0.013140	5.3
277	-0.308281	24.275680	6.107412	0.013108	5.8
278	-0.296581	25.275679	5.975433	0.010121	7.1
279	-0.292107	25.938890	5.891004	0.009582	10.0
280	-0.308575	26.199261	5.858507	0.015995	6.6
281	-0.313058	25.461762	5.951501	0.015754	7.6
282	-0.322498	26.461762	5.826105	0.012673	6.4
283	-0.318854	27.461762	5.705884	0.019673	8.9
284	-0.299815	28.461761	5.590525	0.017952	4.4
285	-0.320233	29.461761	5.479738	0.017537	4.8
286	-0.315485	28.807084	5.551765	0.013125	4.1
287	-0.314031	29.807084	5.442493	0.017509	4.4
288	-0.309549	30.245088	5.395975	0.016178	3.7
289	-0.267921	31.245088	5.292693	0.020779	3.7
290	-0.300871	30.506706	5.368567	0.010437	5.1
291	-0.280191	29.768332	5.446648	0.008525	6.8
292	-0.305260	30.658993	5.352741	0.018137	6.3
293	-0.300266	29.920706	5.430349	0.010274	6.0
294	-0.316474	29.205206	5.507740	0.016097	6.4
295	-0.323146	30.203674	5.400339	0.020096	11.2
296	-0.324724	31.203674	5.296892	0.012188	6.4
297	-0.290208	30.480951	5.371253	0.021572	7.3
298	-0.318378	31.480951	5.268906	0.017057	6.6
299	-0.288880	32.480951	5.170387	0.014388	6.4
300	-0.285810	31.742569	5.242771	0.014968	7.1
301	-0.310675	31.241479	5.293059	0.009290	6.7
302	-0.303458	32.241477	5.193643	0.020545	5.9
303	-0.292609	31.503095	5.266684	0.017086	7.5
304	-0.306713	32.493859	5.169139	0.014971	7.5
305	-0.293508	31.755477	5.241488	0.021107	6.9
306	-0.306004	32.755477	5.143982	0.021099	6.2
307	-0.279685	32.017102	5.215623	0.015773	6.8
308	-0.323030	33.017011	5.119076	0.009469	6.8
309	-0.333922	33.998681	5.027706	0.012956	7.3
310	-0.316397	34.998681	4.937924	0.006105	8.2
311	-0.286442	35.998624	4.851296	0.009598	6.9
312	-0.306057	36.977825	4.769362	0.010308	7.8
313	-0.295768	37.940809	4.691439	0.017770	3.6
314	-0.324490	37.202427	4.750957	0.012951	7.0
315	-0.304803	36.464105	4.811999	0.025593	7.5
316	-0.320416	35.725723	4.874635	0.009859	7.6
317	-0.320326	36.725326	4.790223	0.013085	7.2
318	-0.312717	36.010427	4.850292	0.032397	5.1
319	-0.312780	35.272045	4.913936	0.011368	7.0
320	-0.299883	34.533663	4.979272	0.012502	8.3
321	-0.301751	35.023398	4.935745	0.008765	7.3
322	-0.312362	34.477458	4.984316	0.013104	7.4
323	-0.287149	35.477444	4.896064	0.007994	6.4
324	-0.316861	36.476702	4.810944	0.016237	6.5
325	-0.286605	37.476702	4.728673	0.012401	7.2
326	-0.317222	36.738319	4.789145	0.014895	7.6
327	-0.284211	35.999937	4.851184	0.013225	6.1
328	-0.310466	35.261569	4.914851	0.011627	4.6
329	-0.325562	36.261569	4.829019	0.014848	4.8
330	-0.304982	37.258930	4.746349	0.021136	4.7
331	-0.331190	38.258930	4.666254	0.025104	6.8
332	-0.306568	39.258930	4.588817	0.013218	5.1
333	-0.287271	40.258907	4.513910	0.014056	4.7
334	-0.305875	39.521088	4.568940	0.012588	5.5
335	-0.322196	40.511082	4.495405	0.015089	4.8
336	-0.296808	41.511079	4.423491	0.017289	5.4
337	-0.301176	42.511079	4.353842	0.016311	5.7
338	-0.295535	41.772698	4.405055	0.013301	3.9
339	-0.283893	41.034683	4.457461	0.013242	4.3
340	-0.293961	40.329676	4.508702	0.010995	5.0
341	-0.314458	39.593327	4.563493	0.020274	4.4
342	-0.306502	38.854944	4.619789	0.013971	4.3
343	-0.292178	39.854944	4.543874	0.014119	4.9
344	-0.295662	40.854944	4.470414	0.015930	4.9
345	-0.305300	40.118769	4.524260	0.007570	4.6
346	-0.331115	41.118656	4.451436	0.013522	5.4
347	-0.296088	40.836743	4.471730	0.012473	5.1
348	-0.327547	40.098712	4.525745	0.014367	4.6
349	-0.275591	41.098712	4.452865	0.019278	5.3
350	-0.303085	41.042999	4.456864	0.009517	6.1
351	-0.309413	42.042999	4.386168	0.011247	6.9
352	-0.320859	43.042690	4.317701	0.009090	8.5
353	-0.327695	43.843034	4.264409	0.013038	6.3
354	-0.322781	43.168313	4.309249	0.014005	8.0
355	-0.261369	42.502589	4.354424	0.017724	6.9
356	-0.291813	43.502589	4.286916	0.017538	6.5
357	-0.313461	44.502575	4.221471	0.013403	7.5
358	-0.309892	43.764193	4.269600	0.011048	6.9
359	-0.298653	44.206436	4.240643	0.009353	6.3
360	-0.293153	45.205645	4.176641	0.007570	7.5
361	-0.279431	44.470863	4.223516	0.011036	5.8
362	-0.292929	45.350728	4.167508	0.025633	7.4
363	-0.332275	44.612372	4.214406	0.013276	7.0
364	-0.305176	45.612371	4.151139	0.013896	6.8
365	-0.315368	44.873990	4.197669	0.007467	7.6
366	-0.280007	45.797185	4.139654	0.006073	6.4
367	-0.299916	45.303754	4.170461	0.016670	7.4
368	-0.308944	44.565544	4.217417	0.016050	6.0
369	-0.315439	45.532653	4.156113	0.012789	5.5
370	-0.313226	46.531521	4.094639	0.018989	6.6
371	-0.287256	47.531520	4.034891	0.017178	6.2
372	-0.304976	46.798225	4.078532	0.024115	8.3
373	-0.299321	46.059843	4.123440	0.016716	6.3
374	-0.311472	47.059843	4.062854	0.011535	6.9
375	-0.310538	48.059843	4.004023	0.014965	6.2
376	-0.300550	49.050252	3.947412	0.012724	5.6
377	-0.284100	50.030612	3.892930	0.010161	6.5
378	-0.307777	50.864292	3.847769	0.007779	5.8
379	-0.273605	51.827301	3.796889	0.017489	6.7
380	-0.299903	51.088925	3.835779	0.025941	7.0
381	-0.314275	50.350543	3.875474	0.021126	6.4
382	-0.306410	51.350543	3.821909	0.009522	6.9
383	-0.291480	50.727587	3.855103	0.010459	5.2
384	-0.272182	51.720867	3.802447	0.017565	7.2
385	-0.296181	50.982485	3.841451	0.019054	4.5
386	-0.291228	51.885071	3.793880	0.014994	4.4
387	-0.297187	52.884804	3.742545	0.025928	4.8
388	-0.312824	53.884800	3.692568	0.018609	5.5
389	-0.305308	54.884800	3.643908	0.018240	4.1
390	-0.297166	54.146418	3.679712	0.014185	4.6
391	-0.302589	53.412405	3.716010	0.013278	6.5
392	-0.315690	54.412405	3.666734	0.021424	4.4
393	-0.317073	53.689053	3.702245	0.007596	4.6
394	-0.293497	54.689053	3.653332	0.020504	6.4
395	-0.309055	53.950694	3.689322	0.012562	4.8
396	-0.318513	53.212506	3.726019	0.015166	5.2
397	-0.309996	53.984193	3.687673	0.017030	5.6
398	-0.315638	54.984178	3.639142	0.014224	6.1
399	-0.296945	55.983686	3.591894	0.009672	8.0
400	-0.315355	55.245304	3.626679	0.014319	4.8
401	-0.322120	54.579364	3.658634	0.018659	4.9
402	-0.304313	55.579356	3.610858	0.019957	5.9
403	-0.293584	56.579355	3.564314	0.020251	5.5
404	-0.284132	55.841070	3.598560	0.017850	4.8
405	-0.339132	56.841070	3.552331	0.010173	5.6
406	-0.297372	56.102688	3.586350	0.015663	5.5
407	-0.307743	57.102687	3.540431	0.018436	4.4
408	-0.320825	58.102687	3.495674	0.012500	5.9
409	-0.306507	59.102687	3.452034	0.014979	4.8
410	-0.302630	58.364458	3.484144	0.023776	5.3
411	-0.317933	58.811722	3.464619	0.008788	5.5
412	-0.307055	59.811722	3.421746	0.020093	4.2
413	-0.319489	60.768280	3.381717	0.017675	4.7
414	-0.290943	60.029898	3.412533	0.011519	6.0
415	-0.302454	61.029856	3.370934	0.022012	5.0
416	-0.310293	60.291474	3.401552	0.014985	4.3
417	-0.307837	59.553092	3.432732	0.017545	5.5
418	-0.278517	58.817556	3.464366	0.013324	5.1
419	-0.286715	58.089751	3.496246	0.021436	4.8
420	-0.305276	57.351369	3.529194	0.013274	5.8
421	-0.288162	58.351364	3.484719	0.016346	4.6
422	-0.324387	59.350683	3.441380	0.011750	4.8
423	-0.309624	58.650573	3.471629	0.014113	4.4
424	-0.289152	59.625563	3.429647	0.019747	4.6
425	-0.294655	58.887181	3.461346	0.008220	5.1
426	-0.274466	58.150313	3.493571	0.010680	5.2
427	-0.287900	58.986680	3.457041	0.011147	5.6
428	-0.292927	58.516295	3.477491	0.011291	4.2
429	-0.285212	57.795416	3.509306	0.022458	4.9
430	-0.296924	57.057034	3.542502	0.024867	4.8
431	-0.286694	58.057034	3.497693	0.013379	4.1
432	-0.314831	57.318653	3.530669	0.015003	5.0
433	-0.308028	56.580390	3.564267	0.019299	5.4
434	-0.295694	57.350844	3.529218	0.010147	4.5
435	-0.299741	58.350837	3.484742	0.013951	5.8
436	-0.323634	57.618593	3.517199	0.020780	4.5
437	-0.299441	58.618593	3.473023	0.011273	4.3
438	-0.305879	59.475303	3.436051	0.016526	5.6
439	-0.264315	58.737343	3.467851	0.009115	5.4
440	-0.305343	58.000173	3.500210	0.017177	3.4
441	-0.288359	59.000172	3.456458	0.019040	4.6
442	-0.280963	60.000172	3.413785	0.018082	4.8
443	-0.312965	61.000172	3.372154	0.016617	4.7
444	-0.292913	62.000172	3.331526	0.014779	4.7
445	-0.311142	61.261789	3.361430	0.015236	5.2
446	-0.283634	60.523411	3.391875	0.018459	4.6
447	-0.294347	61.523411	3.350773	0.012026	3.1
448	-0.287171	62.523411	3.310655	0.015219	3.3
449	-0.294967	63.496239	3.272539	0.016255	4.0
450	-0.309099	62.757933	3.301385	0.010649	3.9
451	-0.300953	62.405391	3.315340	0.013118	3.3
452	-0.303390	61.700842	3.343584	0.023585	3.2
453	-0.300466	62.697914	3.303753	0.011759	3.5
454	-0.306835	62.965220	3.293235	0.013978	3.3
455	-0.295665	63.965215	3.254475	0.012956	3.2
456	-0.288329	64.962897	3.216704	0.010296	3.4
457	-0.313299	64.224516	3.244574	0.012812	3.3
458	-0.319122	65.224160	3.206957	0.017727	3.8
459	-0.288410	66.224160	3.170191	0.021639	6.9
460	-0.268222	65.485778	3.197256	0.011959	5.9
461	-0.287380	66.485778	3.160710	0.010743	5.4
462	-0.298085	65.751941	3.187447	0.018890	6.2
463	-0.323562	65.013892	3.214797	0.013306	6.8
464	-0.289562	65.804242	3.185526	0.015519	7.3
465	-0.306648	65.065861	3.212856	0.022606	5.7
466	-0.278307	64.336988	3.240297	0.010804	8.0
467	-0.327342	65.336988	3.202766	0.011479	6.4
468	-0.309182	64.600197	3.230334	0.017852	6.5
469	-0.303300	65.599622	3.193053	0.009302	6.0
470	-0.316257	66.587584	3.157037	0.015276	7.0
471	-0.281358	65.849244	3.183876	0.007864	7.7
472	-0.305176	65.112262	3.211125	0.013531	7.1
473	-0.320576	64.373888	3.238897	0.014467	7.0
474	-0.307522	63.635506	3.267154	0.010925	5.6
475	-0.297589	62.897125	3.295908	0.007170	8.2
476	-0.291156	62.161269	3.325072	0.015994	5.6
477	-0.332200	63.161242	3.285565	0.008107	6.4
478	-0.308286	64.161242	3.246984	0.013932	6.9
479	-0.292357	63.422899	3.275382	0.020554	6.9
480	-0.332660	64.422899	3.237038	0.018841	7.4
481	-0.315026	65.422723	3.199589	0.014028	8.6
482	-0.281554	66.422631	3.162993	0.015996	7.0
483	-0.314485	65.684249	3.189936	0.011677	5.7
484	-0.291227	65.067448	3.212797	0.008260	6.9
485	-0.300414	64.829880	3.221689	0.021684	7.2
486	-0.289802	65.829880	3.184586	0.007706	9.0
487	-0.297763	65.092642	3.211856	0.008160	7.1
488	-0.280737	64.686170	3.227093	0.017166	5.3
489	-0.306336	64.011571	3.252701	0.008025	8.2
490	-0.312855	64.005531	3.252932	0.021198	6.8
491	-0.282861	63.269516	3.281343	0.017553	7.3
492	-0.317403	62.531134	3.310349	0.025369	6.7
493	-0.322280	63.531122	3.271188	0.013008	7.1
494	-0.310014	64.530950	3.232949	0.017978	6.9
495	-0.316998	63.860021	3.258510	0.016396	7.0
496	-0.293730	63.121639	3.287112	0.017645	6.9
497	-0.338613	64.121639	3.248495	0.018815	7.0
498	-0.317017	63.393297	3.276530	0.018903	6.6
499	-0.309217	62.654915	3.305451	0.018808	6.4
Time spent in resolution 0 (ITK initialization and iterating): 4.410 s.
Stopping condition: Maximum number of iterations has been reached.
Settings of AdaptiveStochasticGradientDescent in resolution 0:
( SP_a 276.517208 )
( SP_A 20.000000 )
( SP_alpha 1.000000 )
( SigmoidMax 1.000000 )
( SigmoidMin -0.738382 )
( SigmoidScale 0.000006 )



=============== start of TransformParameterFile ===============
(Transform "EulerTransform")
(NumberOfParameters 6)
(TransformParameters 0.007427 -0.003759 -0.011978 1.165630 -2.220487 3.981918)
(InitialTransformParametersFileName "NoInitialTransform")
(UseBinaryFormatForTransformationParameters "false")
(HowToCombineTransforms "Compose")

// Image specific
(FixedImageDimension 3)
(MovingImageDimension 3)
(FixedInternalImagePixelType "float")
(MovingInternalImagePixelType "float")
(Size 800 800 31)
(Index 0 0 0)
(Spacing 0.2249999940 0.2249999940 3.0000000000)
(Origin -90.2106094360 -104.2582473755 148.4204406738)
(Direction 1.0000000000 0.0000000000 0.0000000000 0.0000000000 1.0000000000 0.0000000000 0.0000000000 0.0000000000 1.0000000000)
(UseDirectionCosines "false")

// EulerTransform specific
(CenterOfRotationPoint -0.3231118172 -14.3707497567 193.4204406738)
(ComputeZYX "false")

// ResampleInterpolator specific
(ResampleInterpolator "FinalBSplineInterpolator")
(FinalBSplineInterpolationOrder 3)

// Resampler specific
(Resampler "DefaultResampler")
(DefaultPixelValue 0.000000)
(ResultImageFormat "nii.gz")
(ResultImagePixelType "short")
(CompressResultImage "false")

=============== end of TransformParameterFile ===============

Creating the TransformParameterFile took 0.00s

Registration result checksum: 2331207117

Applying final transform ...
  Applying final transform took 9.52s

Final metric value  = -0.309217
Settings of AdaptiveStochasticGradientDescent for all resolutions:
( SP_a 276.517208 )
( SP_A 20.000000 )
( SP_alpha 1.000000 )
( SigmoidMax 1.000000 )
( SigmoidMin -0.738382 )
( SigmoidScale 0.000006 )

Time spent on saving the results, applying the final transform etc.: 9539 ms.
Running elastix with parameter file 0: "/Users/sakinkirti/Programming/Python/CCIPD/racial-disparity-pca/code_matlab/rigid.txt", has finished.


Current time: Mon May 23 17:58:55 2022.
Time used for running elastix with this parameter file:
  14.5s.

-------------------------------------------------------------------------

Total time elapsed: 14.6s.

